-- Found autoware_cmake: 0.1.0 (/autoware/install/autoware_cmake/share/autoware_cmake/cmake)
-- Found ament_cmake_auto: 1.3.2 (/opt/ros/humble/share/ament_cmake_auto/cmake)
-- Override CMake install command with custom implementation using symlinks instead of copying resources
-- Found rosidl_generator_c: 3.1.3 (/opt/ros/humble/share/rosidl_generator_c/cmake)
-- Found rosidl_adapter: 3.1.3 (/opt/ros/humble/share/rosidl_adapter/cmake)
-- Found rosidl_generator_cpp: 3.1.3 (/opt/ros/humble/share/rosidl_generator_cpp/cmake)
-- Using all available rosidl_typesupport_c: rosidl_typesupport_fastrtps_c;rosidl_typesupport_introspection_c
-- Using all available rosidl_typesupport_cpp: rosidl_typesupport_fastrtps_cpp;rosidl_typesupport_introspection_cpp
-- Found rmw_implementation_cmake: 6.1.0 (/opt/ros/humble/share/rmw_implementation_cmake/cmake)
-- Found rmw_fastrtps_cpp: 6.2.1 (/opt/ros/humble/share/rmw_fastrtps_cpp/cmake)
-- Using RMW implementation 'rmw_fastrtps_cpp' as default
-- Found mrt_cmake_modules: 1.0.9 (/opt/ros/humble/share/mrt_cmake_modules/cmake)
-- Found eigen3_cmake_module: 0.1.1 (/opt/ros/humble/share/eigen3_cmake_module/cmake)
-- Ensuring Eigen3 include directory is part of orocos-kdl CMake target
-- Found ament_lint_auto: 0.12.4 (/opt/ros/humble/share/ament_lint_auto/cmake)
-- Added test 'copyright' to check source files copyright and LICENSE
-- Added test 'cppcheck' to perform static code analysis on C / C++ code
-- Configured cppcheck include dirs: /autoware/src/universe/autoware.universe/planning/route_handler/include
-- Configured cppcheck exclude dirs and/or files: 
-- Added test 'lint_cmake' to check CMake code style
-- Added test 'xmllint' to check XML markup files
-- Configuring done
-- Generating done
-- Build files have been written to: /autoware/build/route_handler
Consolidate compiler generated dependencies of target route_handler
[ 50%] Building CXX object CMakeFiles/route_handler.dir/src/route_handler.cpp.o
[100%] Linking CXX shared library libroute_handler.so
[100%] Built target route_handler
-- Install configuration: "Release"
-- Execute custom install script
-- Up-to-date symlink: /autoware/install/route_handler/include/route_handler/route_handler.hpp
-- Up-to-date symlink: /autoware/install/route_handler/share/route_handler/environment/library_path.sh
-- Up-to-date symlink: /autoware/install/route_handler/share/route_handler/environment/library_path.dsv
-- Up-to-date symlink: /autoware/install/route_handler/lib/libroute_handler.so
-- Up-to-date symlink: /autoware/install/route_handler/share/ament_index/resource_index/package_run_dependencies/route_handler
-- Up-to-date symlink: /autoware/install/route_handler/share/ament_index/resource_index/parent_prefix_path/route_handler
-- Up-to-date symlink: /autoware/install/route_handler/share/route_handler/environment/ament_prefix_path.sh
-- Up-to-date symlink: /autoware/install/route_handler/share/route_handler/environment/ament_prefix_path.dsv
-- Up-to-date symlink: /autoware/install/route_handler/share/route_handler/environment/path.sh
-- Up-to-date symlink: /autoware/install/route_handler/share/route_handler/environment/path.dsv
-- Up-to-date symlink: /autoware/install/route_handler/share/route_handler/local_setup.bash
-- Up-to-date symlink: /autoware/install/route_handler/share/route_handler/local_setup.sh
-- Up-to-date symlink: /autoware/install/route_handler/share/route_handler/local_setup.zsh
-- Up-to-date symlink: /autoware/install/route_handler/share/route_handler/local_setup.dsv
-- Symlinking: /autoware/install/route_handler/share/route_handler/package.dsv
-- Up-to-date symlink: /autoware/install/route_handler/share/ament_index/resource_index/packages/route_handler
-- Up-to-date symlink: /autoware/install/route_handler/share/route_handler/cmake/ament_cmake_export_dependencies-extras.cmake
-- Up-to-date symlink: /autoware/install/route_handler/share/route_handler/cmake/ament_cmake_export_include_directories-extras.cmake
-- Up-to-date symlink: /autoware/install/route_handler/share/route_handler/cmake/ament_cmake_export_libraries-extras.cmake
-- Up-to-date symlink: /autoware/install/route_handler/share/route_handler/cmake/route_handlerConfig.cmake
-- Up-to-date symlink: /autoware/install/route_handler/share/route_handler/cmake/route_handlerConfig-version.cmake
-- Up-to-date symlink: /autoware/install/route_handler/share/route_handler/package.xml
