[0.114s] Invoking command in '/autoware/build/route_handler': AMENT_PREFIX_PATH=/autoware/install/motion_utils:/autoware/install/interpolation:/autoware/install/tier4_autoware_utils:/autoware/install/lanelet2_extension:/autoware/install/autoware_auto_vehicle_msgs:/autoware/install/autoware_utils:/autoware/install/autoware_planning_msgs:/autoware/install/autoware_auto_planning_msgs:/autoware/install/autoware_auto_perception_msgs:/autoware/install/tier4_debug_msgs:/autoware/install/autoware_common_msgs:/autoware/install/autoware_cmake:/autoware/install/autoware_auto_mapping_msgs:/autoware/install/autoware_auto_geometry_msgs:/autoware/install/autoware_lint_common:/autoware/install/ament_cmake_auto:${AMENT_PREFIX_PATH} CMAKE_PREFIX_PATH=/autoware/install/motion_utils:/autoware/install/interpolation:/autoware/install/tier4_autoware_utils:/autoware/install/lanelet2_extension:/autoware/install/autoware_auto_vehicle_msgs:/autoware/install/autoware_utils:/autoware/install/autoware_planning_msgs:/autoware/install/autoware_auto_planning_msgs:/autoware/install/autoware_auto_perception_msgs:/autoware/install/tier4_debug_msgs:/autoware/install/autoware_common_msgs:/autoware/install/autoware_cmake:/autoware/install/autoware_auto_mapping_msgs:/autoware/install/autoware_auto_geometry_msgs:/autoware/install/autoware_lint_common:/autoware/install/ament_cmake_auto:/opt/ros/humble LD_LIBRARY_PATH=/autoware/install/motion_utils/lib:/autoware/install/interpolation/lib:/autoware/install/tier4_autoware_utils/lib:/autoware/install/lanelet2_extension/lib:/autoware/install/autoware_auto_vehicle_msgs/lib:/autoware/install/autoware_utils/lib:/autoware/install/autoware_planning_msgs/lib:/autoware/install/autoware_auto_planning_msgs/lib:/autoware/install/autoware_auto_perception_msgs/lib:/autoware/install/tier4_debug_msgs/lib:/autoware/install/autoware_common_msgs/lib:/autoware/install/autoware_auto_mapping_msgs/lib:/autoware/install/autoware_auto_geometry_msgs/lib:${LD_LIBRARY_PATH} PYTHONPATH=/autoware/install/autoware_auto_vehicle_msgs/local/lib/python3.10/dist-packages:/autoware/install/autoware_planning_msgs/local/lib/python3.10/dist-packages:/autoware/install/autoware_auto_planning_msgs/local/lib/python3.10/dist-packages:/autoware/install/autoware_auto_perception_msgs/local/lib/python3.10/dist-packages:/autoware/install/tier4_debug_msgs/local/lib/python3.10/dist-packages:/autoware/install/autoware_common_msgs/local/lib/python3.10/dist-packages:/autoware/install/autoware_auto_mapping_msgs/local/lib/python3.10/dist-packages:/autoware/install/autoware_auto_geometry_msgs/local/lib/python3.10/dist-packages:${PYTHONPATH} /usr/bin/cmake --build /autoware/build/route_handler -- -j64 -l64
[0.143s] -- Found autoware_cmake: 0.1.0 (/autoware/install/autoware_cmake/share/autoware_cmake/cmake)
[0.143s] -- Found ament_cmake_auto: 1.3.2 (/opt/ros/humble/share/ament_cmake_auto/cmake)
[0.298s] -- Override CMake install command with custom implementation using symlinks instead of copying resources
[0.414s] -- Found rosidl_generator_c: 3.1.3 (/opt/ros/humble/share/rosidl_generator_c/cmake)
[0.418s] -- Found rosidl_adapter: 3.1.3 (/opt/ros/humble/share/rosidl_adapter/cmake)
[0.425s] -- Found rosidl_generator_cpp: 3.1.3 (/opt/ros/humble/share/rosidl_generator_cpp/cmake)
[0.441s] -- Using all available rosidl_typesupport_c: rosidl_typesupport_fastrtps_c;rosidl_typesupport_introspection_c
[0.462s] -- Using all available rosidl_typesupport_cpp: rosidl_typesupport_fastrtps_cpp;rosidl_typesupport_introspection_cpp
[1.241s] -- Found rmw_implementation_cmake: 6.1.0 (/opt/ros/humble/share/rmw_implementation_cmake/cmake)
[1.243s] -- Found rmw_fastrtps_cpp: 6.2.1 (/opt/ros/humble/share/rmw_fastrtps_cpp/cmake)
[1.388s] -- Using RMW implementation 'rmw_fastrtps_cpp' as default
[1.551s] -- Found mrt_cmake_modules: 1.0.9 (/opt/ros/humble/share/mrt_cmake_modules/cmake)
[1.687s] -- Found eigen3_cmake_module: 0.1.1 (/opt/ros/humble/share/eigen3_cmake_module/cmake)
[1.688s] -- Ensuring Eigen3 include directory is part of orocos-kdl CMake target
[3.976s] -- Found ament_lint_auto: 0.12.4 (/opt/ros/humble/share/ament_lint_auto/cmake)
[10.070s] -- Added test 'copyright' to check source files copyright and LICENSE
[10.072s] -- Added test 'cppcheck' to perform static code analysis on C / C++ code
[10.072s] -- Configured cppcheck include dirs: /autoware/src/universe/autoware.universe/planning/route_handler/include
[10.072s] -- Configured cppcheck exclude dirs and/or files: 
[10.073s] -- Added test 'lint_cmake' to check CMake code style
[10.073s] -- Added test 'xmllint' to check XML markup files
[10.079s] -- Configuring done
[10.180s] -- Generating done
[10.182s] -- Build files have been written to: /autoware/build/route_handler
[10.242s] Consolidate compiler generated dependencies of target route_handler
[10.282s] [ 50%] Building CXX object CMakeFiles/route_handler.dir/src/route_handler.cpp.o
[27.893s] [100%] Linking CXX shared library libroute_handler.so
[28.127s] [100%] Built target route_handler
[28.137s] Invoked command in '/autoware/build/route_handler' returned '0': AMENT_PREFIX_PATH=/autoware/install/motion_utils:/autoware/install/interpolation:/autoware/install/tier4_autoware_utils:/autoware/install/lanelet2_extension:/autoware/install/autoware_auto_vehicle_msgs:/autoware/install/autoware_utils:/autoware/install/autoware_planning_msgs:/autoware/install/autoware_auto_planning_msgs:/autoware/install/autoware_auto_perception_msgs:/autoware/install/tier4_debug_msgs:/autoware/install/autoware_common_msgs:/autoware/install/autoware_cmake:/autoware/install/autoware_auto_mapping_msgs:/autoware/install/autoware_auto_geometry_msgs:/autoware/install/autoware_lint_common:/autoware/install/ament_cmake_auto:${AMENT_PREFIX_PATH} CMAKE_PREFIX_PATH=/autoware/install/motion_utils:/autoware/install/interpolation:/autoware/install/tier4_autoware_utils:/autoware/install/lanelet2_extension:/autoware/install/autoware_auto_vehicle_msgs:/autoware/install/autoware_utils:/autoware/install/autoware_planning_msgs:/autoware/install/autoware_auto_planning_msgs:/autoware/install/autoware_auto_perception_msgs:/autoware/install/tier4_debug_msgs:/autoware/install/autoware_common_msgs:/autoware/install/autoware_cmake:/autoware/install/autoware_auto_mapping_msgs:/autoware/install/autoware_auto_geometry_msgs:/autoware/install/autoware_lint_common:/autoware/install/ament_cmake_auto:/opt/ros/humble LD_LIBRARY_PATH=/autoware/install/motion_utils/lib:/autoware/install/interpolation/lib:/autoware/install/tier4_autoware_utils/lib:/autoware/install/lanelet2_extension/lib:/autoware/install/autoware_auto_vehicle_msgs/lib:/autoware/install/autoware_utils/lib:/autoware/install/autoware_planning_msgs/lib:/autoware/install/autoware_auto_planning_msgs/lib:/autoware/install/autoware_auto_perception_msgs/lib:/autoware/install/tier4_debug_msgs/lib:/autoware/install/autoware_common_msgs/lib:/autoware/install/autoware_auto_mapping_msgs/lib:/autoware/install/autoware_auto_geometry_msgs/lib:${LD_LIBRARY_PATH} PYTHONPATH=/autoware/install/autoware_auto_vehicle_msgs/local/lib/python3.10/dist-packages:/autoware/install/autoware_planning_msgs/local/lib/python3.10/dist-packages:/autoware/install/autoware_auto_planning_msgs/local/lib/python3.10/dist-packages:/autoware/install/autoware_auto_perception_msgs/local/lib/python3.10/dist-packages:/autoware/install/tier4_debug_msgs/local/lib/python3.10/dist-packages:/autoware/install/autoware_common_msgs/local/lib/python3.10/dist-packages:/autoware/install/autoware_auto_mapping_msgs/local/lib/python3.10/dist-packages:/autoware/install/autoware_auto_geometry_msgs/local/lib/python3.10/dist-packages:${PYTHONPATH} /usr/bin/cmake --build /autoware/build/route_handler -- -j64 -l64
[28.153s] Invoking command in '/autoware/build/route_handler': AMENT_PREFIX_PATH=/autoware/install/motion_utils:/autoware/install/interpolation:/autoware/install/tier4_autoware_utils:/autoware/install/lanelet2_extension:/autoware/install/autoware_auto_vehicle_msgs:/autoware/install/autoware_utils:/autoware/install/autoware_planning_msgs:/autoware/install/autoware_auto_planning_msgs:/autoware/install/autoware_auto_perception_msgs:/autoware/install/tier4_debug_msgs:/autoware/install/autoware_common_msgs:/autoware/install/autoware_cmake:/autoware/install/autoware_auto_mapping_msgs:/autoware/install/autoware_auto_geometry_msgs:/autoware/install/autoware_lint_common:/autoware/install/ament_cmake_auto:${AMENT_PREFIX_PATH} CMAKE_PREFIX_PATH=/autoware/install/motion_utils:/autoware/install/interpolation:/autoware/install/tier4_autoware_utils:/autoware/install/lanelet2_extension:/autoware/install/autoware_auto_vehicle_msgs:/autoware/install/autoware_utils:/autoware/install/autoware_planning_msgs:/autoware/install/autoware_auto_planning_msgs:/autoware/install/autoware_auto_perception_msgs:/autoware/install/tier4_debug_msgs:/autoware/install/autoware_common_msgs:/autoware/install/autoware_cmake:/autoware/install/autoware_auto_mapping_msgs:/autoware/install/autoware_auto_geometry_msgs:/autoware/install/autoware_lint_common:/autoware/install/ament_cmake_auto:/opt/ros/humble LD_LIBRARY_PATH=/autoware/install/motion_utils/lib:/autoware/install/interpolation/lib:/autoware/install/tier4_autoware_utils/lib:/autoware/install/lanelet2_extension/lib:/autoware/install/autoware_auto_vehicle_msgs/lib:/autoware/install/autoware_utils/lib:/autoware/install/autoware_planning_msgs/lib:/autoware/install/autoware_auto_planning_msgs/lib:/autoware/install/autoware_auto_perception_msgs/lib:/autoware/install/tier4_debug_msgs/lib:/autoware/install/autoware_common_msgs/lib:/autoware/install/autoware_auto_mapping_msgs/lib:/autoware/install/autoware_auto_geometry_msgs/lib:${LD_LIBRARY_PATH} PYTHONPATH=/autoware/install/autoware_auto_vehicle_msgs/local/lib/python3.10/dist-packages:/autoware/install/autoware_planning_msgs/local/lib/python3.10/dist-packages:/autoware/install/autoware_auto_planning_msgs/local/lib/python3.10/dist-packages:/autoware/install/autoware_auto_perception_msgs/local/lib/python3.10/dist-packages:/autoware/install/tier4_debug_msgs/local/lib/python3.10/dist-packages:/autoware/install/autoware_common_msgs/local/lib/python3.10/dist-packages:/autoware/install/autoware_auto_mapping_msgs/local/lib/python3.10/dist-packages:/autoware/install/autoware_auto_geometry_msgs/local/lib/python3.10/dist-packages:${PYTHONPATH} /usr/bin/cmake --install /autoware/build/route_handler
[28.159s] -- Install configuration: "Release"
[28.160s] -- Execute custom install script
[28.160s] -- Up-to-date symlink: /autoware/install/route_handler/include/route_handler/route_handler.hpp
[28.160s] -- Up-to-date symlink: /autoware/install/route_handler/share/route_handler/environment/library_path.sh
[28.161s] -- Up-to-date symlink: /autoware/install/route_handler/share/route_handler/environment/library_path.dsv
[28.161s] -- Up-to-date symlink: /autoware/install/route_handler/lib/libroute_handler.so
[28.161s] -- Up-to-date symlink: /autoware/install/route_handler/share/ament_index/resource_index/package_run_dependencies/route_handler
[28.161s] -- Up-to-date symlink: /autoware/install/route_handler/share/ament_index/resource_index/parent_prefix_path/route_handler
[28.161s] -- Up-to-date symlink: /autoware/install/route_handler/share/route_handler/environment/ament_prefix_path.sh
[28.162s] -- Up-to-date symlink: /autoware/install/route_handler/share/route_handler/environment/ament_prefix_path.dsv
[28.162s] -- Up-to-date symlink: /autoware/install/route_handler/share/route_handler/environment/path.sh
[28.162s] -- Up-to-date symlink: /autoware/install/route_handler/share/route_handler/environment/path.dsv
[28.162s] -- Up-to-date symlink: /autoware/install/route_handler/share/route_handler/local_setup.bash
[28.162s] -- Up-to-date symlink: /autoware/install/route_handler/share/route_handler/local_setup.sh
[28.162s] -- Up-to-date symlink: /autoware/install/route_handler/share/route_handler/local_setup.zsh
[28.162s] -- Up-to-date symlink: /autoware/install/route_handler/share/route_handler/local_setup.dsv
[28.163s] -- Symlinking: /autoware/install/route_handler/share/route_handler/package.dsv
[28.169s] -- Up-to-date symlink: /autoware/install/route_handler/share/ament_index/resource_index/packages/route_handler
[28.170s] -- Up-to-date symlink: /autoware/install/route_handler/share/route_handler/cmake/ament_cmake_export_dependencies-extras.cmake
[28.170s] -- Up-to-date symlink: /autoware/install/route_handler/share/route_handler/cmake/ament_cmake_export_include_directories-extras.cmake
[28.170s] -- Up-to-date symlink: /autoware/install/route_handler/share/route_handler/cmake/ament_cmake_export_libraries-extras.cmake
[28.170s] -- Up-to-date symlink: /autoware/install/route_handler/share/route_handler/cmake/route_handlerConfig.cmake
[28.170s] -- Up-to-date symlink: /autoware/install/route_handler/share/route_handler/cmake/route_handlerConfig-version.cmake
[28.170s] -- Up-to-date symlink: /autoware/install/route_handler/share/route_handler/package.xml
[28.180s] Invoked command in '/autoware/build/route_handler' returned '0': AMENT_PREFIX_PATH=/autoware/install/motion_utils:/autoware/install/interpolation:/autoware/install/tier4_autoware_utils:/autoware/install/lanelet2_extension:/autoware/install/autoware_auto_vehicle_msgs:/autoware/install/autoware_utils:/autoware/install/autoware_planning_msgs:/autoware/install/autoware_auto_planning_msgs:/autoware/install/autoware_auto_perception_msgs:/autoware/install/tier4_debug_msgs:/autoware/install/autoware_common_msgs:/autoware/install/autoware_cmake:/autoware/install/autoware_auto_mapping_msgs:/autoware/install/autoware_auto_geometry_msgs:/autoware/install/autoware_lint_common:/autoware/install/ament_cmake_auto:${AMENT_PREFIX_PATH} CMAKE_PREFIX_PATH=/autoware/install/motion_utils:/autoware/install/interpolation:/autoware/install/tier4_autoware_utils:/autoware/install/lanelet2_extension:/autoware/install/autoware_auto_vehicle_msgs:/autoware/install/autoware_utils:/autoware/install/autoware_planning_msgs:/autoware/install/autoware_auto_planning_msgs:/autoware/install/autoware_auto_perception_msgs:/autoware/install/tier4_debug_msgs:/autoware/install/autoware_common_msgs:/autoware/install/autoware_cmake:/autoware/install/autoware_auto_mapping_msgs:/autoware/install/autoware_auto_geometry_msgs:/autoware/install/autoware_lint_common:/autoware/install/ament_cmake_auto:/opt/ros/humble LD_LIBRARY_PATH=/autoware/install/motion_utils/lib:/autoware/install/interpolation/lib:/autoware/install/tier4_autoware_utils/lib:/autoware/install/lanelet2_extension/lib:/autoware/install/autoware_auto_vehicle_msgs/lib:/autoware/install/autoware_utils/lib:/autoware/install/autoware_planning_msgs/lib:/autoware/install/autoware_auto_planning_msgs/lib:/autoware/install/autoware_auto_perception_msgs/lib:/autoware/install/tier4_debug_msgs/lib:/autoware/install/autoware_common_msgs/lib:/autoware/install/autoware_auto_mapping_msgs/lib:/autoware/install/autoware_auto_geometry_msgs/lib:${LD_LIBRARY_PATH} PYTHONPATH=/autoware/install/autoware_auto_vehicle_msgs/local/lib/python3.10/dist-packages:/autoware/install/autoware_planning_msgs/local/lib/python3.10/dist-packages:/autoware/install/autoware_auto_planning_msgs/local/lib/python3.10/dist-packages:/autoware/install/autoware_auto_perception_msgs/local/lib/python3.10/dist-packages:/autoware/install/tier4_debug_msgs/local/lib/python3.10/dist-packages:/autoware/install/autoware_common_msgs/local/lib/python3.10/dist-packages:/autoware/install/autoware_auto_mapping_msgs/local/lib/python3.10/dist-packages:/autoware/install/autoware_auto_geometry_msgs/local/lib/python3.10/dist-packages:${PYTHONPATH} /usr/bin/cmake --install /autoware/build/route_handler
