[0.015s] Invoking command in '/autoware/build/component_interface_utils': AMENT_PREFIX_PATH=/autoware/install/tier4_system_msgs:/autoware/install/autoware_cmake:/autoware/install/autoware_lint_common:/autoware/install/autoware_common_msgs:/autoware/install/autoware_adapi_v1_msgs:${AMENT_PREFIX_PATH} CMAKE_PREFIX_PATH=/autoware/install/tier4_system_msgs:/autoware/install/autoware_cmake:/autoware/install/autoware_lint_common:/autoware/install/autoware_common_msgs:/autoware/install/autoware_adapi_v1_msgs:/opt/ros/humble LD_LIBRARY_PATH=/autoware/install/tier4_system_msgs/lib:/autoware/install/autoware_common_msgs/lib:/autoware/install/autoware_adapi_v1_msgs/lib:${LD_LIBRARY_PATH} PYTHONPATH=/autoware/install/tier4_system_msgs/local/lib/python3.10/dist-packages:/autoware/install/autoware_common_msgs/local/lib/python3.10/dist-packages:/autoware/install/autoware_adapi_v1_msgs/local/lib/python3.10/dist-packages:${PYTHONPATH} /usr/bin/cmake /autoware/src/universe/autoware.universe/common/component_interface_utils -DCMAKE_BUILD_TYPE=Release -DAMENT_CMAKE_SYMLINK_INSTALL=1 -DCMAKE_INSTALL_PREFIX=/autoware/install/component_interface_utils
[0.060s] -- The C compiler identification is GNU 11.3.0
[0.120s] -- The CXX compiler identification is GNU 11.3.0
[0.120s] -- Detecting C compiler ABI info
[0.176s] -- Detecting C compiler ABI info - done
[0.188s] -- Check for working C compiler: /usr/bin/cc - skipped
[0.189s] -- Detecting C compile features
[0.189s] -- Detecting C compile features - done
[0.193s] -- Detecting CXX compiler ABI info
[0.282s] -- Detecting CXX compiler ABI info - done
[0.282s] -- Check for working CXX compiler: /usr/bin/c++ - skipped
[0.282s] -- Detecting CXX compile features
[0.282s] -- Detecting CXX compile features - done
[0.282s] -- Found autoware_cmake: 0.1.0 (/autoware/install/autoware_cmake/share/autoware_cmake/cmake)
[0.465s] -- Found Python3: /usr/bin/python3.10 (found version "3.10.6") found components: Interpreter 
[0.536s] -- Override CMake install command with custom implementation using symlinks instead of copying resources
[0.693s] -- Found rosidl_generator_c: 3.1.3 (/opt/ros/humble/share/rosidl_generator_c/cmake)
[0.699s] -- Found rosidl_adapter: 3.1.3 (/opt/ros/humble/share/rosidl_adapter/cmake)
[0.708s] -- Found rosidl_generator_cpp: 3.1.3 (/opt/ros/humble/share/rosidl_generator_cpp/cmake)
[0.722s] -- Using all available rosidl_typesupport_c: rosidl_typesupport_fastrtps_c;rosidl_typesupport_introspection_c
[0.744s] -- Using all available rosidl_typesupport_cpp: rosidl_typesupport_fastrtps_cpp;rosidl_typesupport_introspection_cpp
[1.240s] -- Found rmw_implementation_cmake: 6.1.0 (/opt/ros/humble/share/rmw_implementation_cmake/cmake)
[1.240s] -- Found rmw_fastrtps_cpp: 6.2.1 (/opt/ros/humble/share/rmw_fastrtps_cpp/cmake)
[1.387s] -- Found OpenSSL: /usr/lib/x86_64-linux-gnu/libcrypto.so (found version "3.0.2")  
[1.429s] -- Found FastRTPS: /opt/ros/humble/include  
[1.506s] -- Using RMW implementation 'rmw_fastrtps_cpp' as default
[1.834s] -- Found ament_lint_auto: 0.12.4 (/opt/ros/humble/share/ament_lint_auto/cmake)
[1.856s] -- Added test 'copyright' to check source files copyright and LICENSE
[1.859s] -- Added test 'cppcheck' to perform static code analysis on C / C++ code
[1.859s] -- Configured cppcheck include dirs: 
[1.859s] -- Configured cppcheck exclude dirs and/or files: 
[1.859s] -- Added test 'lint_cmake' to check CMake code style
[1.860s] -- Added test 'xmllint' to check XML markup files
[1.864s] -- Configuring done
[1.872s] -- Generating done
[1.874s] -- Build files have been written to: /autoware/build/component_interface_utils
[1.885s] Invoked command in '/autoware/build/component_interface_utils' returned '0': AMENT_PREFIX_PATH=/autoware/install/tier4_system_msgs:/autoware/install/autoware_cmake:/autoware/install/autoware_lint_common:/autoware/install/autoware_common_msgs:/autoware/install/autoware_adapi_v1_msgs:${AMENT_PREFIX_PATH} CMAKE_PREFIX_PATH=/autoware/install/tier4_system_msgs:/autoware/install/autoware_cmake:/autoware/install/autoware_lint_common:/autoware/install/autoware_common_msgs:/autoware/install/autoware_adapi_v1_msgs:/opt/ros/humble LD_LIBRARY_PATH=/autoware/install/tier4_system_msgs/lib:/autoware/install/autoware_common_msgs/lib:/autoware/install/autoware_adapi_v1_msgs/lib:${LD_LIBRARY_PATH} PYTHONPATH=/autoware/install/tier4_system_msgs/local/lib/python3.10/dist-packages:/autoware/install/autoware_common_msgs/local/lib/python3.10/dist-packages:/autoware/install/autoware_adapi_v1_msgs/local/lib/python3.10/dist-packages:${PYTHONPATH} /usr/bin/cmake /autoware/src/universe/autoware.universe/common/component_interface_utils -DCMAKE_BUILD_TYPE=Release -DAMENT_CMAKE_SYMLINK_INSTALL=1 -DCMAKE_INSTALL_PREFIX=/autoware/install/component_interface_utils
[1.886s] Invoking command in '/autoware/build/component_interface_utils': AMENT_PREFIX_PATH=/autoware/install/tier4_system_msgs:/autoware/install/autoware_cmake:/autoware/install/autoware_lint_common:/autoware/install/autoware_common_msgs:/autoware/install/autoware_adapi_v1_msgs:${AMENT_PREFIX_PATH} CMAKE_PREFIX_PATH=/autoware/install/tier4_system_msgs:/autoware/install/autoware_cmake:/autoware/install/autoware_lint_common:/autoware/install/autoware_common_msgs:/autoware/install/autoware_adapi_v1_msgs:/opt/ros/humble LD_LIBRARY_PATH=/autoware/install/tier4_system_msgs/lib:/autoware/install/autoware_common_msgs/lib:/autoware/install/autoware_adapi_v1_msgs/lib:${LD_LIBRARY_PATH} PYTHONPATH=/autoware/install/tier4_system_msgs/local/lib/python3.10/dist-packages:/autoware/install/autoware_common_msgs/local/lib/python3.10/dist-packages:/autoware/install/autoware_adapi_v1_msgs/local/lib/python3.10/dist-packages:${PYTHONPATH} /usr/bin/cmake --build /autoware/build/component_interface_utils -- -j64 -l64
[1.919s] Invoked command in '/autoware/build/component_interface_utils' returned '0': AMENT_PREFIX_PATH=/autoware/install/tier4_system_msgs:/autoware/install/autoware_cmake:/autoware/install/autoware_lint_common:/autoware/install/autoware_common_msgs:/autoware/install/autoware_adapi_v1_msgs:${AMENT_PREFIX_PATH} CMAKE_PREFIX_PATH=/autoware/install/tier4_system_msgs:/autoware/install/autoware_cmake:/autoware/install/autoware_lint_common:/autoware/install/autoware_common_msgs:/autoware/install/autoware_adapi_v1_msgs:/opt/ros/humble LD_LIBRARY_PATH=/autoware/install/tier4_system_msgs/lib:/autoware/install/autoware_common_msgs/lib:/autoware/install/autoware_adapi_v1_msgs/lib:${LD_LIBRARY_PATH} PYTHONPATH=/autoware/install/tier4_system_msgs/local/lib/python3.10/dist-packages:/autoware/install/autoware_common_msgs/local/lib/python3.10/dist-packages:/autoware/install/autoware_adapi_v1_msgs/local/lib/python3.10/dist-packages:${PYTHONPATH} /usr/bin/cmake --build /autoware/build/component_interface_utils -- -j64 -l64
[1.937s] Invoking command in '/autoware/build/component_interface_utils': AMENT_PREFIX_PATH=/autoware/install/tier4_system_msgs:/autoware/install/autoware_cmake:/autoware/install/autoware_lint_common:/autoware/install/autoware_common_msgs:/autoware/install/autoware_adapi_v1_msgs:${AMENT_PREFIX_PATH} CMAKE_PREFIX_PATH=/autoware/install/tier4_system_msgs:/autoware/install/autoware_cmake:/autoware/install/autoware_lint_common:/autoware/install/autoware_common_msgs:/autoware/install/autoware_adapi_v1_msgs:/opt/ros/humble LD_LIBRARY_PATH=/autoware/install/tier4_system_msgs/lib:/autoware/install/autoware_common_msgs/lib:/autoware/install/autoware_adapi_v1_msgs/lib:${LD_LIBRARY_PATH} PYTHONPATH=/autoware/install/tier4_system_msgs/local/lib/python3.10/dist-packages:/autoware/install/autoware_common_msgs/local/lib/python3.10/dist-packages:/autoware/install/autoware_adapi_v1_msgs/local/lib/python3.10/dist-packages:${PYTHONPATH} /usr/bin/cmake --install /autoware/build/component_interface_utils
[1.945s] -- Install configuration: "Release"
[1.945s] -- Execute custom install script
[1.946s] -- Symlinking: /autoware/install/component_interface_utils/include/component_interface_utils/rclcpp.hpp
[1.954s] -- Symlinking: /autoware/install/component_interface_utils/include/component_interface_utils/rclcpp/create_interface.hpp
[1.961s] -- Symlinking: /autoware/install/component_interface_utils/include/component_interface_utils/rclcpp/exceptions.hpp
[1.968s] -- Symlinking: /autoware/install/component_interface_utils/include/component_interface_utils/rclcpp/interface.hpp
[1.975s] -- Symlinking: /autoware/install/component_interface_utils/include/component_interface_utils/rclcpp/service_client.hpp
[1.981s] -- Symlinking: /autoware/install/component_interface_utils/include/component_interface_utils/rclcpp/service_server.hpp
[1.990s] -- Symlinking: /autoware/install/component_interface_utils/include/component_interface_utils/rclcpp/topic_publisher.hpp
[1.997s] -- Symlinking: /autoware/install/component_interface_utils/include/component_interface_utils/rclcpp/topic_subscription.hpp
[2.005s] -- Symlinking: /autoware/install/component_interface_utils/include/component_interface_utils/specs.hpp
[2.012s] -- Symlinking: /autoware/install/component_interface_utils/include/component_interface_utils/status.hpp
[2.020s] -- Symlinking: /autoware/install/component_interface_utils/share/ament_index/resource_index/package_run_dependencies/component_interface_utils
[2.026s] -- Symlinking: /autoware/install/component_interface_utils/share/ament_index/resource_index/parent_prefix_path/component_interface_utils
[2.033s] -- Symlinking: /autoware/install/component_interface_utils/share/component_interface_utils/environment/ament_prefix_path.sh
[2.040s] -- Symlinking: /autoware/install/component_interface_utils/share/component_interface_utils/environment/ament_prefix_path.dsv
[2.047s] -- Symlinking: /autoware/install/component_interface_utils/share/component_interface_utils/environment/path.sh
[2.054s] -- Symlinking: /autoware/install/component_interface_utils/share/component_interface_utils/environment/path.dsv
[2.061s] -- Symlinking: /autoware/install/component_interface_utils/share/component_interface_utils/local_setup.bash
[2.068s] -- Symlinking: /autoware/install/component_interface_utils/share/component_interface_utils/local_setup.sh
[2.076s] -- Symlinking: /autoware/install/component_interface_utils/share/component_interface_utils/local_setup.zsh
[2.084s] -- Symlinking: /autoware/install/component_interface_utils/share/component_interface_utils/local_setup.dsv
[2.089s] -- Symlinking: /autoware/install/component_interface_utils/share/component_interface_utils/package.dsv
[2.096s] -- Symlinking: /autoware/install/component_interface_utils/share/ament_index/resource_index/packages/component_interface_utils
[2.102s] -- Symlinking: /autoware/install/component_interface_utils/share/component_interface_utils/cmake/ament_cmake_export_dependencies-extras.cmake
[2.108s] -- Symlinking: /autoware/install/component_interface_utils/share/component_interface_utils/cmake/ament_cmake_export_include_directories-extras.cmake
[2.114s] -- Symlinking: /autoware/install/component_interface_utils/share/component_interface_utils/cmake/component_interface_utilsConfig.cmake
[2.120s] -- Symlinking: /autoware/install/component_interface_utils/share/component_interface_utils/cmake/component_interface_utilsConfig-version.cmake
[2.126s] -- Symlinking: /autoware/install/component_interface_utils/share/component_interface_utils/package.xml
[2.139s] Invoked command in '/autoware/build/component_interface_utils' returned '0': AMENT_PREFIX_PATH=/autoware/install/tier4_system_msgs:/autoware/install/autoware_cmake:/autoware/install/autoware_lint_common:/autoware/install/autoware_common_msgs:/autoware/install/autoware_adapi_v1_msgs:${AMENT_PREFIX_PATH} CMAKE_PREFIX_PATH=/autoware/install/tier4_system_msgs:/autoware/install/autoware_cmake:/autoware/install/autoware_lint_common:/autoware/install/autoware_common_msgs:/autoware/install/autoware_adapi_v1_msgs:/opt/ros/humble LD_LIBRARY_PATH=/autoware/install/tier4_system_msgs/lib:/autoware/install/autoware_common_msgs/lib:/autoware/install/autoware_adapi_v1_msgs/lib:${LD_LIBRARY_PATH} PYTHONPATH=/autoware/install/tier4_system_msgs/local/lib/python3.10/dist-packages:/autoware/install/autoware_common_msgs/local/lib/python3.10/dist-packages:/autoware/install/autoware_adapi_v1_msgs/local/lib/python3.10/dist-packages:${PYTHONPATH} /usr/bin/cmake --install /autoware/build/component_interface_utils
