[0.023s] Invoking command in '/autoware/build/shift_decider': AMENT_PREFIX_PATH=/autoware/install/autoware_auto_vehicle_msgs:/autoware/install/autoware_auto_planning_msgs:/autoware/install/autoware_cmake:/autoware/install/autoware_auto_system_msgs:/autoware/install/autoware_auto_mapping_msgs:/autoware/install/autoware_auto_geometry_msgs:/autoware/install/autoware_auto_control_msgs:${AMENT_PREFIX_PATH} CMAKE_PREFIX_PATH=/autoware/install/autoware_auto_vehicle_msgs:/autoware/install/autoware_auto_planning_msgs:/autoware/install/autoware_cmake:/autoware/install/autoware_auto_system_msgs:/autoware/install/autoware_auto_mapping_msgs:/autoware/install/autoware_auto_geometry_msgs:/autoware/install/autoware_auto_control_msgs:/opt/ros/humble LD_LIBRARY_PATH=/autoware/install/autoware_auto_vehicle_msgs/lib:/autoware/install/autoware_auto_planning_msgs/lib:/autoware/install/autoware_auto_system_msgs/lib:/autoware/install/autoware_auto_mapping_msgs/lib:/autoware/install/autoware_auto_geometry_msgs/lib:/autoware/install/autoware_auto_control_msgs/lib:${LD_LIBRARY_PATH} PYTHONPATH=/autoware/install/autoware_auto_vehicle_msgs/local/lib/python3.10/dist-packages:/autoware/install/autoware_auto_planning_msgs/local/lib/python3.10/dist-packages:/autoware/install/autoware_auto_system_msgs/local/lib/python3.10/dist-packages:/autoware/install/autoware_auto_mapping_msgs/local/lib/python3.10/dist-packages:/autoware/install/autoware_auto_geometry_msgs/local/lib/python3.10/dist-packages:/autoware/install/autoware_auto_control_msgs/local/lib/python3.10/dist-packages:${PYTHONPATH} /usr/bin/cmake --build /autoware/build/shift_decider -- -j64 -l64
[0.046s] -- Found autoware_cmake: 0.1.0 (/autoware/install/autoware_cmake/share/autoware_cmake/cmake)
[0.046s] -- Found ament_cmake_auto: 1.3.2 (/opt/ros/humble/share/ament_cmake_auto/cmake)
[0.185s] -- Override CMake install command with custom implementation using symlinks instead of copying resources
[0.278s] -- Found rosidl_generator_c: 3.1.3 (/opt/ros/humble/share/rosidl_generator_c/cmake)
[0.280s] -- Found rosidl_adapter: 3.1.3 (/opt/ros/humble/share/rosidl_adapter/cmake)
[0.285s] -- Found rosidl_generator_cpp: 3.1.3 (/opt/ros/humble/share/rosidl_generator_cpp/cmake)
[0.295s] -- Using all available rosidl_typesupport_c: rosidl_typesupport_fastrtps_c;rosidl_typesupport_introspection_c
[0.310s] -- Using all available rosidl_typesupport_cpp: rosidl_typesupport_fastrtps_cpp;rosidl_typesupport_introspection_cpp
[1.429s] -- Found rmw_implementation_cmake: 6.1.0 (/opt/ros/humble/share/rmw_implementation_cmake/cmake)
[1.430s] -- Found rmw_fastrtps_cpp: 6.2.1 (/opt/ros/humble/share/rmw_fastrtps_cpp/cmake)
[1.548s] -- Using RMW implementation 'rmw_fastrtps_cpp' as default
[1.717s] -- Found ament_lint_auto: 0.12.4 (/opt/ros/humble/share/ament_lint_auto/cmake)
[1.730s] -- Added test 'cppcheck' to perform static code analysis on C / C++ code
[1.730s] -- Configured cppcheck include dirs: /autoware/src/universe/autoware.universe/control/shift_decider/include
[1.730s] -- Configured cppcheck exclude dirs and/or files: 
[1.731s] -- Added test 'cpplint' to check C / C++ code against the Google style
[1.731s] -- Configured cpplint exclude dirs and/or files: 
[1.735s] -- Configuring done
[1.754s] -- Generating done
[1.756s] -- Build files have been written to: /autoware/build/shift_decider
[1.784s] Consolidate compiler generated dependencies of target shift_decider
[1.785s] Consolidate compiler generated dependencies of target shift_decider_node
[1.795s] [ 50%] Built target shift_decider
[1.797s] [ 75%] Building CXX object CMakeFiles/shift_decider_node.dir/src/shift_decider.cpp.o
[15.120s] [100%] Linking CXX shared library libshift_decider_node.so
[15.285s] [100%] Built target shift_decider_node
[15.294s] Invoked command in '/autoware/build/shift_decider' returned '0': AMENT_PREFIX_PATH=/autoware/install/autoware_auto_vehicle_msgs:/autoware/install/autoware_auto_planning_msgs:/autoware/install/autoware_cmake:/autoware/install/autoware_auto_system_msgs:/autoware/install/autoware_auto_mapping_msgs:/autoware/install/autoware_auto_geometry_msgs:/autoware/install/autoware_auto_control_msgs:${AMENT_PREFIX_PATH} CMAKE_PREFIX_PATH=/autoware/install/autoware_auto_vehicle_msgs:/autoware/install/autoware_auto_planning_msgs:/autoware/install/autoware_cmake:/autoware/install/autoware_auto_system_msgs:/autoware/install/autoware_auto_mapping_msgs:/autoware/install/autoware_auto_geometry_msgs:/autoware/install/autoware_auto_control_msgs:/opt/ros/humble LD_LIBRARY_PATH=/autoware/install/autoware_auto_vehicle_msgs/lib:/autoware/install/autoware_auto_planning_msgs/lib:/autoware/install/autoware_auto_system_msgs/lib:/autoware/install/autoware_auto_mapping_msgs/lib:/autoware/install/autoware_auto_geometry_msgs/lib:/autoware/install/autoware_auto_control_msgs/lib:${LD_LIBRARY_PATH} PYTHONPATH=/autoware/install/autoware_auto_vehicle_msgs/local/lib/python3.10/dist-packages:/autoware/install/autoware_auto_planning_msgs/local/lib/python3.10/dist-packages:/autoware/install/autoware_auto_system_msgs/local/lib/python3.10/dist-packages:/autoware/install/autoware_auto_mapping_msgs/local/lib/python3.10/dist-packages:/autoware/install/autoware_auto_geometry_msgs/local/lib/python3.10/dist-packages:/autoware/install/autoware_auto_control_msgs/local/lib/python3.10/dist-packages:${PYTHONPATH} /usr/bin/cmake --build /autoware/build/shift_decider -- -j64 -l64
[15.312s] Invoking command in '/autoware/build/shift_decider': AMENT_PREFIX_PATH=/autoware/install/autoware_auto_vehicle_msgs:/autoware/install/autoware_auto_planning_msgs:/autoware/install/autoware_cmake:/autoware/install/autoware_auto_system_msgs:/autoware/install/autoware_auto_mapping_msgs:/autoware/install/autoware_auto_geometry_msgs:/autoware/install/autoware_auto_control_msgs:${AMENT_PREFIX_PATH} CMAKE_PREFIX_PATH=/autoware/install/autoware_auto_vehicle_msgs:/autoware/install/autoware_auto_planning_msgs:/autoware/install/autoware_cmake:/autoware/install/autoware_auto_system_msgs:/autoware/install/autoware_auto_mapping_msgs:/autoware/install/autoware_auto_geometry_msgs:/autoware/install/autoware_auto_control_msgs:/opt/ros/humble LD_LIBRARY_PATH=/autoware/install/autoware_auto_vehicle_msgs/lib:/autoware/install/autoware_auto_planning_msgs/lib:/autoware/install/autoware_auto_system_msgs/lib:/autoware/install/autoware_auto_mapping_msgs/lib:/autoware/install/autoware_auto_geometry_msgs/lib:/autoware/install/autoware_auto_control_msgs/lib:${LD_LIBRARY_PATH} PYTHONPATH=/autoware/install/autoware_auto_vehicle_msgs/local/lib/python3.10/dist-packages:/autoware/install/autoware_auto_planning_msgs/local/lib/python3.10/dist-packages:/autoware/install/autoware_auto_system_msgs/local/lib/python3.10/dist-packages:/autoware/install/autoware_auto_mapping_msgs/local/lib/python3.10/dist-packages:/autoware/install/autoware_auto_geometry_msgs/local/lib/python3.10/dist-packages:/autoware/install/autoware_auto_control_msgs/local/lib/python3.10/dist-packages:${PYTHONPATH} /usr/bin/cmake --install /autoware/build/shift_decider
[15.318s] -- Install configuration: "Release"
[15.318s] -- Execute custom install script
[15.319s] -- Up-to-date symlink: /autoware/install/shift_decider/lib/shift_decider/shift_decider
[15.319s] -- Up-to-date symlink: /autoware/install/shift_decider/include/shift_decider/shift_decider.hpp
[15.319s] -- Up-to-date symlink: /autoware/install/shift_decider/share/shift_decider/environment/library_path.sh
[15.320s] -- Up-to-date symlink: /autoware/install/shift_decider/share/shift_decider/environment/library_path.dsv
[15.320s] -- Up-to-date symlink: /autoware/install/shift_decider/lib/libshift_decider_node.so
[15.320s] -- Up-to-date symlink: /autoware/install/shift_decider/share/shift_decider/launch/shift_decider.launch.xml
[15.321s] -- Up-to-date symlink: /autoware/install/shift_decider/share/shift_decider/config/shift_decider.param.yaml
[15.321s] -- Up-to-date symlink: /autoware/install/shift_decider/share/ament_index/resource_index/package_run_dependencies/shift_decider
[15.321s] -- Up-to-date symlink: /autoware/install/shift_decider/share/ament_index/resource_index/parent_prefix_path/shift_decider
[15.322s] -- Up-to-date symlink: /autoware/install/shift_decider/share/shift_decider/environment/ament_prefix_path.sh
[15.322s] -- Up-to-date symlink: /autoware/install/shift_decider/share/shift_decider/environment/ament_prefix_path.dsv
[15.322s] -- Up-to-date symlink: /autoware/install/shift_decider/share/shift_decider/environment/path.sh
[15.322s] -- Up-to-date symlink: /autoware/install/shift_decider/share/shift_decider/environment/path.dsv
[15.322s] -- Up-to-date symlink: /autoware/install/shift_decider/share/shift_decider/local_setup.bash
[15.322s] -- Up-to-date symlink: /autoware/install/shift_decider/share/shift_decider/local_setup.sh
[15.322s] -- Up-to-date symlink: /autoware/install/shift_decider/share/shift_decider/local_setup.zsh
[15.322s] -- Up-to-date symlink: /autoware/install/shift_decider/share/shift_decider/local_setup.dsv
[15.322s] -- Symlinking: /autoware/install/shift_decider/share/shift_decider/package.dsv
[15.328s] -- Up-to-date symlink: /autoware/install/shift_decider/share/ament_index/resource_index/packages/shift_decider
[15.329s] -- Up-to-date symlink: /autoware/install/shift_decider/share/ament_index/resource_index/rclcpp_components/shift_decider
[15.329s] -- Up-to-date symlink: /autoware/install/shift_decider/share/shift_decider/cmake/ament_cmake_export_dependencies-extras.cmake
[15.329s] -- Up-to-date symlink: /autoware/install/shift_decider/share/shift_decider/cmake/ament_cmake_export_include_directories-extras.cmake
[15.329s] -- Up-to-date symlink: /autoware/install/shift_decider/share/shift_decider/cmake/ament_cmake_export_libraries-extras.cmake
[15.329s] -- Up-to-date symlink: /autoware/install/shift_decider/share/shift_decider/cmake/shift_deciderConfig.cmake
[15.329s] -- Up-to-date symlink: /autoware/install/shift_decider/share/shift_decider/cmake/shift_deciderConfig-version.cmake
[15.329s] -- Up-to-date symlink: /autoware/install/shift_decider/share/shift_decider/package.xml
[15.340s] Invoked command in '/autoware/build/shift_decider' returned '0': AMENT_PREFIX_PATH=/autoware/install/autoware_auto_vehicle_msgs:/autoware/install/autoware_auto_planning_msgs:/autoware/install/autoware_cmake:/autoware/install/autoware_auto_system_msgs:/autoware/install/autoware_auto_mapping_msgs:/autoware/install/autoware_auto_geometry_msgs:/autoware/install/autoware_auto_control_msgs:${AMENT_PREFIX_PATH} CMAKE_PREFIX_PATH=/autoware/install/autoware_auto_vehicle_msgs:/autoware/install/autoware_auto_planning_msgs:/autoware/install/autoware_cmake:/autoware/install/autoware_auto_system_msgs:/autoware/install/autoware_auto_mapping_msgs:/autoware/install/autoware_auto_geometry_msgs:/autoware/install/autoware_auto_control_msgs:/opt/ros/humble LD_LIBRARY_PATH=/autoware/install/autoware_auto_vehicle_msgs/lib:/autoware/install/autoware_auto_planning_msgs/lib:/autoware/install/autoware_auto_system_msgs/lib:/autoware/install/autoware_auto_mapping_msgs/lib:/autoware/install/autoware_auto_geometry_msgs/lib:/autoware/install/autoware_auto_control_msgs/lib:${LD_LIBRARY_PATH} PYTHONPATH=/autoware/install/autoware_auto_vehicle_msgs/local/lib/python3.10/dist-packages:/autoware/install/autoware_auto_planning_msgs/local/lib/python3.10/dist-packages:/autoware/install/autoware_auto_system_msgs/local/lib/python3.10/dist-packages:/autoware/install/autoware_auto_mapping_msgs/local/lib/python3.10/dist-packages:/autoware/install/autoware_auto_geometry_msgs/local/lib/python3.10/dist-packages:/autoware/install/autoware_auto_control_msgs/local/lib/python3.10/dist-packages:${PYTHONPATH} /usr/bin/cmake --install /autoware/build/shift_decider
