[0.009s] Invoking command in '/autoware/build/tier4_simulated_clock_rviz_plugin': AMENT_PREFIX_PATH=/autoware/install/autoware_cmake:/autoware/install/autoware_lint_common:${AMENT_PREFIX_PATH} CMAKE_PREFIX_PATH=/autoware/install/autoware_cmake:/autoware/install/autoware_lint_common:/opt/ros/humble /usr/bin/cmake /autoware/src/universe/autoware.universe/common/tier4_simulated_clock_rviz_plugin -DCMAKE_BUILD_TYPE=Release -DAMENT_CMAKE_SYMLINK_INSTALL=1 -DCMAKE_INSTALL_PREFIX=/autoware/install/tier4_simulated_clock_rviz_plugin
[0.064s] -- The C compiler identification is GNU 11.3.0
[0.136s] -- The CXX compiler identification is GNU 11.3.0
[0.146s] -- Detecting C compiler ABI info
[0.235s] -- Detecting C compiler ABI info - done
[0.247s] -- Check for working C compiler: /usr/bin/cc - skipped
[0.247s] -- Detecting C compile features
[0.248s] -- Detecting C compile features - done
[0.253s] -- Detecting CXX compiler ABI info
[0.357s] -- Detecting CXX compiler ABI info - done
[0.367s] -- Check for working CXX compiler: /usr/bin/c++ - skipped
[0.367s] -- Detecting CXX compile features
[0.368s] -- Detecting CXX compile features - done
[0.370s] -- Found autoware_cmake: 0.1.0 (/autoware/install/autoware_cmake/share/autoware_cmake/cmake)
[0.623s] -- Found Python3: /usr/bin/python3.10 (found version "3.10.6") found components: Interpreter 
[0.708s] -- Override CMake install command with custom implementation using symlinks instead of copying resources
[0.946s] -- Found rosidl_generator_c: 3.1.3 (/opt/ros/humble/share/rosidl_generator_c/cmake)
[0.954s] -- Found rosidl_adapter: 3.1.3 (/opt/ros/humble/share/rosidl_adapter/cmake)
[0.969s] -- Found rosidl_generator_cpp: 3.1.3 (/opt/ros/humble/share/rosidl_generator_cpp/cmake)
[0.993s] -- Using all available rosidl_typesupport_c: rosidl_typesupport_fastrtps_c;rosidl_typesupport_introspection_c
[1.027s] -- Using all available rosidl_typesupport_cpp: rosidl_typesupport_fastrtps_cpp;rosidl_typesupport_introspection_cpp
[1.175s] -- Found rmw_implementation_cmake: 6.1.0 (/opt/ros/humble/share/rmw_implementation_cmake/cmake)
[1.175s] -- Found rmw_fastrtps_cpp: 6.2.1 (/opt/ros/humble/share/rmw_fastrtps_cpp/cmake)
[1.321s] -- Found OpenSSL: /usr/lib/x86_64-linux-gnu/libcrypto.so (found version "3.0.2")  
[1.360s] -- Found FastRTPS: /opt/ros/humble/include  
[1.443s] -- Using RMW implementation 'rmw_fastrtps_cpp' as default
[1.782s] -- Setting OGRE_DIR to: '/opt/ros/humble/share/rviz_ogre_vendor/cmake/../../../opt/rviz_ogre_vendor/lib/OGRE/cmake'
[1.784s] -- Found OGRE
[1.784s] --   static     : OFF
[1.784s] --   components : HLMS;MeshLodGenerator;Overlay;Paging;Property;RTShaderSystem;Terrain;Volume
[1.784s] --   plugins    : Plugin_BSPSceneManager;Plugin_OctreeSceneManager;Plugin_PCZSceneManager;Plugin_ParticleFX;RenderSystem_GL;RenderSystem_GL3Plus;Codec_STBI
[1.784s] --   media      : /opt/ros/humble/opt/rviz_ogre_vendor/share/OGRE/Media
[1.785s] -- OGRE_LIBRARIES: OgreHLMS;OgreMeshLodGenerator;OgreOverlay;OgrePaging;OgreProperty;OgreRTShaderSystem;OgreTerrain;OgreVolume;OgreMain
[1.785s] -- OGRE_LIBRARY_DIRS: /opt/ros/humble/opt/rviz_ogre_vendor/lib
[1.785s] -- OGRE_PLUGINS: Plugin_BSPSceneManager;Plugin_OctreeSceneManager;Plugin_PCZSceneManager;Plugin_ParticleFX;RenderSystem_GL;RenderSystem_GL3Plus;Codec_STBI
[1.785s] -- OGRE_PLUGIN_DIR: /opt/ros/humble/opt/rviz_ogre_vendor/lib/OGRE
[1.785s] -- rviz_ogre_vendor::OgreOverlay for IMPORTED_LOCATION_RELEASE: /opt/ros/humble/opt/rviz_ogre_vendor/lib/libOgreOverlay.so
[1.785s] -- rviz_ogre_vendor::OgreOverlay for IMPORTED_LOCATION_DEBUG: /opt/ros/humble/opt/rviz_ogre_vendor/lib/libOgreOverlay.so
[1.785s] -- rviz_ogre_vendor::OgreMain for IMPORTED_LOCATION_RELEASE: /opt/ros/humble/opt/rviz_ogre_vendor/lib/libOgreMain.so
[1.786s] -- rviz_ogre_vendor::OgreMain for IMPORTED_LOCATION_DEBUG: /opt/ros/humble/opt/rviz_ogre_vendor/lib/libOgreMain.so
[1.786s] -- Could not find freeimage library
[1.811s] -- Found ZLIB: /usr/lib/x86_64-linux-gnu/libz.so (found version "1.2.11") 
[1.816s] -- Found OpenGL: /usr/lib/x86_64-linux-gnu/libOpenGL.so   
[1.936s] -- Found X11: /usr/include   
[1.937s] -- Looking for XOpenDisplay in /usr/lib/x86_64-linux-gnu/libX11.so;/usr/lib/x86_64-linux-gnu/libXext.so
[2.036s] -- Looking for XOpenDisplay in /usr/lib/x86_64-linux-gnu/libX11.so;/usr/lib/x86_64-linux-gnu/libXext.so - found
[2.036s] -- Looking for gethostbyname
[2.134s] -- Looking for gethostbyname - found
[2.134s] -- Looking for connect
[2.218s] -- Looking for connect - found
[2.218s] -- Looking for remove
[2.308s] -- Looking for remove - found
[2.308s] -- Looking for shmat
[2.380s] -- Looking for shmat - found
[2.380s] -- Looking for IceConnectionNumber in ICE
[2.463s] -- Looking for IceConnectionNumber in ICE - found
[2.466s] -- rviz_ogre_vendor::RenderSystem_GL for IMPORTED_LOCATION_RELEASE: _render_system_gl_static_library_abs-NOTFOUND
[2.466s] -- rviz_ogre_vendor::RenderSystem_GL for IMPORTED_LOCATION_DEBUG: _render_system_gl_static_library_abs-NOTFOUND
[2.569s] -- library: /usr/lib/x86_64-linux-gnu/libcurl.so
[2.893s] -- Found Eigen3: TRUE (found version "3.4.0") 
[2.893s] -- Ensuring Eigen3 include directory is part of orocos-kdl CMake target
[3.485s] -- Found ament_lint_auto: 0.12.4 (/opt/ros/humble/share/ament_lint_auto/cmake)
[3.494s] -- Added test 'copyright' to check source files copyright and LICENSE
[3.499s] -- Added test 'cppcheck' to perform static code analysis on C / C++ code
[3.499s] -- Configured cppcheck include dirs: 
[3.500s] -- Configured cppcheck exclude dirs and/or files: 
[3.503s] -- Added test 'lint_cmake' to check CMake code style
[3.503s] -- Added test 'xmllint' to check XML markup files
[3.508s] -- Configuring done
[3.601s] -- Generating done
[3.605s] -- Build files have been written to: /autoware/build/tier4_simulated_clock_rviz_plugin
[3.624s] Invoked command in '/autoware/build/tier4_simulated_clock_rviz_plugin' returned '0': AMENT_PREFIX_PATH=/autoware/install/autoware_cmake:/autoware/install/autoware_lint_common:${AMENT_PREFIX_PATH} CMAKE_PREFIX_PATH=/autoware/install/autoware_cmake:/autoware/install/autoware_lint_common:/opt/ros/humble /usr/bin/cmake /autoware/src/universe/autoware.universe/common/tier4_simulated_clock_rviz_plugin -DCMAKE_BUILD_TYPE=Release -DAMENT_CMAKE_SYMLINK_INSTALL=1 -DCMAKE_INSTALL_PREFIX=/autoware/install/tier4_simulated_clock_rviz_plugin
[3.625s] Invoking command in '/autoware/build/tier4_simulated_clock_rviz_plugin': AMENT_PREFIX_PATH=/autoware/install/autoware_cmake:/autoware/install/autoware_lint_common:${AMENT_PREFIX_PATH} CMAKE_PREFIX_PATH=/autoware/install/autoware_cmake:/autoware/install/autoware_lint_common:/opt/ros/humble /usr/bin/cmake --build /autoware/build/tier4_simulated_clock_rviz_plugin -- -j64 -l64
[3.703s] [ 25%] Automatic MOC for target tier4_simulated_clock_rviz_plugin
[4.237s] [ 25%] Built target tier4_simulated_clock_rviz_plugin_autogen
[4.267s] [ 50%] Building CXX object CMakeFiles/tier4_simulated_clock_rviz_plugin.dir/tier4_simulated_clock_rviz_plugin_autogen/mocs_compilation.cpp.o
[4.290s] [ 75%] Building CXX object CMakeFiles/tier4_simulated_clock_rviz_plugin.dir/src/simulated_clock_panel.cpp.o
[13.288s] [100%] Linking CXX shared library libtier4_simulated_clock_rviz_plugin.so
[14.280s] [100%] Built target tier4_simulated_clock_rviz_plugin
[14.327s] Invoked command in '/autoware/build/tier4_simulated_clock_rviz_plugin' returned '0': AMENT_PREFIX_PATH=/autoware/install/autoware_cmake:/autoware/install/autoware_lint_common:${AMENT_PREFIX_PATH} CMAKE_PREFIX_PATH=/autoware/install/autoware_cmake:/autoware/install/autoware_lint_common:/opt/ros/humble /usr/bin/cmake --build /autoware/build/tier4_simulated_clock_rviz_plugin -- -j64 -l64
[14.357s] Invoking command in '/autoware/build/tier4_simulated_clock_rviz_plugin': AMENT_PREFIX_PATH=/autoware/install/autoware_cmake:/autoware/install/autoware_lint_common:${AMENT_PREFIX_PATH} CMAKE_PREFIX_PATH=/autoware/install/autoware_cmake:/autoware/install/autoware_lint_common:/opt/ros/humble /usr/bin/cmake --install /autoware/build/tier4_simulated_clock_rviz_plugin
[14.425s] -- Install configuration: "Release"
[14.426s] -- Execute custom install script
[14.426s] -- Symlinking: /autoware/install/tier4_simulated_clock_rviz_plugin/share/tier4_simulated_clock_rviz_plugin/plugins/plugin_description.xml
[14.426s] -- Symlinking: /autoware/install/tier4_simulated_clock_rviz_plugin/share/tier4_simulated_clock_rviz_plugin/environment/library_path.sh
[14.426s] -- Symlinking: /autoware/install/tier4_simulated_clock_rviz_plugin/share/tier4_simulated_clock_rviz_plugin/environment/library_path.dsv
[14.426s] -- Symlinking: /autoware/install/tier4_simulated_clock_rviz_plugin/lib/libtier4_simulated_clock_rviz_plugin.so
[14.427s] -- Symlinking: /autoware/install/tier4_simulated_clock_rviz_plugin/share/tier4_simulated_clock_rviz_plugin/icons/classes/SimulatedClockPanel.png
[14.427s] -- Up-to-date symlink: /autoware/install/tier4_simulated_clock_rviz_plugin/share/tier4_simulated_clock_rviz_plugin/plugins/plugin_description.xml
[14.427s] -- Symlinking: /autoware/install/tier4_simulated_clock_rviz_plugin/share/ament_index/resource_index/package_run_dependencies/tier4_simulated_clock_rviz_plugin
[14.435s] -- Symlinking: /autoware/install/tier4_simulated_clock_rviz_plugin/share/ament_index/resource_index/parent_prefix_path/tier4_simulated_clock_rviz_plugin
[14.485s] -- Symlinking: /autoware/install/tier4_simulated_clock_rviz_plugin/share/tier4_simulated_clock_rviz_plugin/environment/ament_prefix_path.sh
[14.486s] -- Symlinking: /autoware/install/tier4_simulated_clock_rviz_plugin/share/tier4_simulated_clock_rviz_plugin/environment/ament_prefix_path.dsv
[14.487s] -- Symlinking: /autoware/install/tier4_simulated_clock_rviz_plugin/share/tier4_simulated_clock_rviz_plugin/environment/path.sh
[14.487s] -- Symlinking: /autoware/install/tier4_simulated_clock_rviz_plugin/share/tier4_simulated_clock_rviz_plugin/environment/path.dsv
[14.489s] -- Symlinking: /autoware/install/tier4_simulated_clock_rviz_plugin/share/tier4_simulated_clock_rviz_plugin/local_setup.bash
[14.499s] -- Symlinking: /autoware/install/tier4_simulated_clock_rviz_plugin/share/tier4_simulated_clock_rviz_plugin/local_setup.sh
[14.511s] -- Symlinking: /autoware/install/tier4_simulated_clock_rviz_plugin/share/tier4_simulated_clock_rviz_plugin/local_setup.zsh
[14.522s] -- Symlinking: /autoware/install/tier4_simulated_clock_rviz_plugin/share/tier4_simulated_clock_rviz_plugin/local_setup.dsv
[14.533s] -- Symlinking: /autoware/install/tier4_simulated_clock_rviz_plugin/share/tier4_simulated_clock_rviz_plugin/package.dsv
[14.606s] -- Symlinking: /autoware/install/tier4_simulated_clock_rviz_plugin/share/ament_index/resource_index/packages/tier4_simulated_clock_rviz_plugin
[14.606s] -- Symlinking: /autoware/install/tier4_simulated_clock_rviz_plugin/share/ament_index/resource_index/rviz_common__pluginlib__plugin/tier4_simulated_clock_rviz_plugin
[14.606s] -- Symlinking: /autoware/install/tier4_simulated_clock_rviz_plugin/share/tier4_simulated_clock_rviz_plugin/cmake/ament_cmake_export_dependencies-extras.cmake
[14.607s] -- Symlinking: /autoware/install/tier4_simulated_clock_rviz_plugin/share/tier4_simulated_clock_rviz_plugin/cmake/ament_cmake_export_libraries-extras.cmake
[14.607s] -- Symlinking: /autoware/install/tier4_simulated_clock_rviz_plugin/share/tier4_simulated_clock_rviz_plugin/cmake/tier4_simulated_clock_rviz_pluginConfig.cmake
[14.607s] -- Symlinking: /autoware/install/tier4_simulated_clock_rviz_plugin/share/tier4_simulated_clock_rviz_plugin/cmake/tier4_simulated_clock_rviz_pluginConfig-version.cmake
[14.610s] -- Symlinking: /autoware/install/tier4_simulated_clock_rviz_plugin/share/tier4_simulated_clock_rviz_plugin/package.xml
[14.631s] Invoked command in '/autoware/build/tier4_simulated_clock_rviz_plugin' returned '0': AMENT_PREFIX_PATH=/autoware/install/autoware_cmake:/autoware/install/autoware_lint_common:${AMENT_PREFIX_PATH} CMAKE_PREFIX_PATH=/autoware/install/autoware_cmake:/autoware/install/autoware_lint_common:/opt/ros/humble /usr/bin/cmake --install /autoware/build/tier4_simulated_clock_rviz_plugin
