[0.023s] Invoking command in '/autoware/build/tier4_localization_rviz_plugin': AMENT_PREFIX_PATH=/autoware/install/vehicle_info_util:/autoware/install/tier4_autoware_utils:/autoware/install/autoware_auto_vehicle_msgs:/autoware/install/autoware_cmake:/autoware/install/autoware_auto_planning_msgs:/autoware/install/autoware_auto_perception_msgs:/autoware/install/tier4_debug_msgs:/autoware/install/autoware_lint_common:/autoware/install/autoware_auto_mapping_msgs:/autoware/install/autoware_auto_geometry_msgs:${AMENT_PREFIX_PATH} CMAKE_PREFIX_PATH=/autoware/install/vehicle_info_util:/autoware/install/tier4_autoware_utils:/autoware/install/autoware_auto_vehicle_msgs:/autoware/install/autoware_cmake:/autoware/install/autoware_auto_planning_msgs:/autoware/install/autoware_auto_perception_msgs:/autoware/install/tier4_debug_msgs:/autoware/install/autoware_lint_common:/autoware/install/autoware_auto_mapping_msgs:/autoware/install/autoware_auto_geometry_msgs:/opt/ros/humble LD_LIBRARY_PATH=/autoware/install/vehicle_info_util/lib:/autoware/install/tier4_autoware_utils/lib:/autoware/install/autoware_auto_vehicle_msgs/lib:/autoware/install/autoware_auto_planning_msgs/lib:/autoware/install/autoware_auto_perception_msgs/lib:/autoware/install/tier4_debug_msgs/lib:/autoware/install/autoware_auto_mapping_msgs/lib:/autoware/install/autoware_auto_geometry_msgs/lib:${LD_LIBRARY_PATH} PYTHONPATH=/autoware/install/autoware_auto_vehicle_msgs/local/lib/python3.10/dist-packages:/autoware/install/autoware_auto_planning_msgs/local/lib/python3.10/dist-packages:/autoware/install/autoware_auto_perception_msgs/local/lib/python3.10/dist-packages:/autoware/install/tier4_debug_msgs/local/lib/python3.10/dist-packages:/autoware/install/autoware_auto_mapping_msgs/local/lib/python3.10/dist-packages:/autoware/install/autoware_auto_geometry_msgs/local/lib/python3.10/dist-packages:${PYTHONPATH} /usr/bin/cmake /autoware/src/universe/autoware.universe/common/tier4_localization_rviz_plugin -DCMAKE_BUILD_TYPE=Release -DAMENT_CMAKE_SYMLINK_INSTALL=1 -DCMAKE_INSTALL_PREFIX=/autoware/install/tier4_localization_rviz_plugin
[0.069s] -- The C compiler identification is GNU 11.3.0
[0.118s] -- The CXX compiler identification is GNU 11.3.0
[0.122s] -- Detecting C compiler ABI info
[0.180s] -- Detecting C compiler ABI info - done
[0.186s] -- Check for working C compiler: /usr/bin/cc - skipped
[0.187s] -- Detecting C compile features
[0.187s] -- Detecting C compile features - done
[0.191s] -- Detecting CXX compiler ABI info
[0.257s] -- Detecting CXX compiler ABI info - done
[0.264s] -- Check for working CXX compiler: /usr/bin/c++ - skipped
[0.264s] -- Detecting CXX compile features
[0.264s] -- Detecting CXX compile features - done
[0.266s] -- Found autoware_cmake: 0.1.0 (/autoware/install/autoware_cmake/share/autoware_cmake/cmake)
[0.450s] -- Found Python3: /usr/bin/python3.10 (found version "3.10.6") found components: Interpreter 
[0.518s] -- Override CMake install command with custom implementation using symlinks instead of copying resources
[0.668s] -- Found rosidl_generator_c: 3.1.3 (/opt/ros/humble/share/rosidl_generator_c/cmake)
[0.676s] -- Found rosidl_adapter: 3.1.3 (/opt/ros/humble/share/rosidl_adapter/cmake)
[0.686s] -- Found rosidl_generator_cpp: 3.1.3 (/opt/ros/humble/share/rosidl_generator_cpp/cmake)
[0.700s] -- Using all available rosidl_typesupport_c: rosidl_typesupport_fastrtps_c;rosidl_typesupport_introspection_c
[0.722s] -- Using all available rosidl_typesupport_cpp: rosidl_typesupport_fastrtps_cpp;rosidl_typesupport_introspection_cpp
[0.951s] -- Found rmw_implementation_cmake: 6.1.0 (/opt/ros/humble/share/rmw_implementation_cmake/cmake)
[0.954s] -- Found rmw_fastrtps_cpp: 6.2.1 (/opt/ros/humble/share/rmw_fastrtps_cpp/cmake)
[1.047s] -- Found OpenSSL: /usr/lib/x86_64-linux-gnu/libcrypto.so (found version "3.0.2")  
[1.075s] -- Found FastRTPS: /opt/ros/humble/include  
[1.127s] -- Using RMW implementation 'rmw_fastrtps_cpp' as default
[1.281s] -- Setting OGRE_DIR to: '/opt/ros/humble/share/rviz_ogre_vendor/cmake/../../../opt/rviz_ogre_vendor/lib/OGRE/cmake'
[1.282s] -- Found OGRE
[1.282s] --   static     : OFF
[1.282s] --   components : HLMS;MeshLodGenerator;Overlay;Paging;Property;RTShaderSystem;Terrain;Volume
[1.282s] --   plugins    : Plugin_BSPSceneManager;Plugin_OctreeSceneManager;Plugin_PCZSceneManager;Plugin_ParticleFX;RenderSystem_GL;RenderSystem_GL3Plus;Codec_STBI
[1.283s] --   media      : /opt/ros/humble/opt/rviz_ogre_vendor/share/OGRE/Media
[1.283s] -- OGRE_LIBRARIES: OgreHLMS;OgreMeshLodGenerator;OgreOverlay;OgrePaging;OgreProperty;OgreRTShaderSystem;OgreTerrain;OgreVolume;OgreMain
[1.283s] -- OGRE_LIBRARY_DIRS: /opt/ros/humble/opt/rviz_ogre_vendor/lib
[1.283s] -- OGRE_PLUGINS: Plugin_BSPSceneManager;Plugin_OctreeSceneManager;Plugin_PCZSceneManager;Plugin_ParticleFX;RenderSystem_GL;RenderSystem_GL3Plus;Codec_STBI
[1.283s] -- OGRE_PLUGIN_DIR: /opt/ros/humble/opt/rviz_ogre_vendor/lib/OGRE
[1.283s] -- rviz_ogre_vendor::OgreOverlay for IMPORTED_LOCATION_RELEASE: /opt/ros/humble/opt/rviz_ogre_vendor/lib/libOgreOverlay.so
[1.283s] -- rviz_ogre_vendor::OgreOverlay for IMPORTED_LOCATION_DEBUG: /opt/ros/humble/opt/rviz_ogre_vendor/lib/libOgreOverlay.so
[1.283s] -- rviz_ogre_vendor::OgreMain for IMPORTED_LOCATION_RELEASE: /opt/ros/humble/opt/rviz_ogre_vendor/lib/libOgreMain.so
[1.284s] -- rviz_ogre_vendor::OgreMain for IMPORTED_LOCATION_DEBUG: /opt/ros/humble/opt/rviz_ogre_vendor/lib/libOgreMain.so
[1.284s] -- Could not find freeimage library
[1.300s] -- Found ZLIB: /usr/lib/x86_64-linux-gnu/libz.so (found version "1.2.11") 
[1.304s] -- Found OpenGL: /usr/lib/x86_64-linux-gnu/libOpenGL.so   
[1.387s] -- Found X11: /usr/include   
[1.388s] -- Looking for XOpenDisplay in /usr/lib/x86_64-linux-gnu/libX11.so;/usr/lib/x86_64-linux-gnu/libXext.so
[1.453s] -- Looking for XOpenDisplay in /usr/lib/x86_64-linux-gnu/libX11.so;/usr/lib/x86_64-linux-gnu/libXext.so - found
[1.453s] -- Looking for gethostbyname
[1.519s] -- Looking for gethostbyname - found
[1.519s] -- Looking for connect
[1.587s] -- Looking for connect - found
[1.587s] -- Looking for remove
[1.648s] -- Looking for remove - found
[1.648s] -- Looking for shmat
[1.708s] -- Looking for shmat - found
[1.708s] -- Looking for IceConnectionNumber in ICE
[1.776s] -- Looking for IceConnectionNumber in ICE - found
[1.779s] -- rviz_ogre_vendor::RenderSystem_GL for IMPORTED_LOCATION_RELEASE: _render_system_gl_static_library_abs-NOTFOUND
[1.779s] -- rviz_ogre_vendor::RenderSystem_GL for IMPORTED_LOCATION_DEBUG: _render_system_gl_static_library_abs-NOTFOUND
[1.895s] -- library: /usr/lib/x86_64-linux-gnu/libcurl.so
[2.077s] -- Found Eigen3: TRUE (found version "3.4.0") 
[2.077s] -- Ensuring Eigen3 include directory is part of orocos-kdl CMake target
[4.456s] -- Found ament_lint_auto: 0.12.4 (/opt/ros/humble/share/ament_lint_auto/cmake)
[4.519s] -- Added test 'copyright' to check source files copyright and LICENSE
[4.521s] -- Added test 'cppcheck' to perform static code analysis on C / C++ code
[4.521s] -- Configured cppcheck include dirs: 
[4.521s] -- Configured cppcheck exclude dirs and/or files: 
[4.522s] -- Added test 'lint_cmake' to check CMake code style
[4.522s] -- Added test 'xmllint' to check XML markup files
[4.525s] -- Configuring done
[4.616s] -- Generating done
[4.618s] -- Build files have been written to: /autoware/build/tier4_localization_rviz_plugin
[4.632s] Invoked command in '/autoware/build/tier4_localization_rviz_plugin' returned '0': AMENT_PREFIX_PATH=/autoware/install/vehicle_info_util:/autoware/install/tier4_autoware_utils:/autoware/install/autoware_auto_vehicle_msgs:/autoware/install/autoware_cmake:/autoware/install/autoware_auto_planning_msgs:/autoware/install/autoware_auto_perception_msgs:/autoware/install/tier4_debug_msgs:/autoware/install/autoware_lint_common:/autoware/install/autoware_auto_mapping_msgs:/autoware/install/autoware_auto_geometry_msgs:${AMENT_PREFIX_PATH} CMAKE_PREFIX_PATH=/autoware/install/vehicle_info_util:/autoware/install/tier4_autoware_utils:/autoware/install/autoware_auto_vehicle_msgs:/autoware/install/autoware_cmake:/autoware/install/autoware_auto_planning_msgs:/autoware/install/autoware_auto_perception_msgs:/autoware/install/tier4_debug_msgs:/autoware/install/autoware_lint_common:/autoware/install/autoware_auto_mapping_msgs:/autoware/install/autoware_auto_geometry_msgs:/opt/ros/humble LD_LIBRARY_PATH=/autoware/install/vehicle_info_util/lib:/autoware/install/tier4_autoware_utils/lib:/autoware/install/autoware_auto_vehicle_msgs/lib:/autoware/install/autoware_auto_planning_msgs/lib:/autoware/install/autoware_auto_perception_msgs/lib:/autoware/install/tier4_debug_msgs/lib:/autoware/install/autoware_auto_mapping_msgs/lib:/autoware/install/autoware_auto_geometry_msgs/lib:${LD_LIBRARY_PATH} PYTHONPATH=/autoware/install/autoware_auto_vehicle_msgs/local/lib/python3.10/dist-packages:/autoware/install/autoware_auto_planning_msgs/local/lib/python3.10/dist-packages:/autoware/install/autoware_auto_perception_msgs/local/lib/python3.10/dist-packages:/autoware/install/tier4_debug_msgs/local/lib/python3.10/dist-packages:/autoware/install/autoware_auto_mapping_msgs/local/lib/python3.10/dist-packages:/autoware/install/autoware_auto_geometry_msgs/local/lib/python3.10/dist-packages:${PYTHONPATH} /usr/bin/cmake /autoware/src/universe/autoware.universe/common/tier4_localization_rviz_plugin -DCMAKE_BUILD_TYPE=Release -DAMENT_CMAKE_SYMLINK_INSTALL=1 -DCMAKE_INSTALL_PREFIX=/autoware/install/tier4_localization_rviz_plugin
[4.634s] Invoking command in '/autoware/build/tier4_localization_rviz_plugin': AMENT_PREFIX_PATH=/autoware/install/vehicle_info_util:/autoware/install/tier4_autoware_utils:/autoware/install/autoware_auto_vehicle_msgs:/autoware/install/autoware_cmake:/autoware/install/autoware_auto_planning_msgs:/autoware/install/autoware_auto_perception_msgs:/autoware/install/tier4_debug_msgs:/autoware/install/autoware_lint_common:/autoware/install/autoware_auto_mapping_msgs:/autoware/install/autoware_auto_geometry_msgs:${AMENT_PREFIX_PATH} CMAKE_PREFIX_PATH=/autoware/install/vehicle_info_util:/autoware/install/tier4_autoware_utils:/autoware/install/autoware_auto_vehicle_msgs:/autoware/install/autoware_cmake:/autoware/install/autoware_auto_planning_msgs:/autoware/install/autoware_auto_perception_msgs:/autoware/install/tier4_debug_msgs:/autoware/install/autoware_lint_common:/autoware/install/autoware_auto_mapping_msgs:/autoware/install/autoware_auto_geometry_msgs:/opt/ros/humble LD_LIBRARY_PATH=/autoware/install/vehicle_info_util/lib:/autoware/install/tier4_autoware_utils/lib:/autoware/install/autoware_auto_vehicle_msgs/lib:/autoware/install/autoware_auto_planning_msgs/lib:/autoware/install/autoware_auto_perception_msgs/lib:/autoware/install/tier4_debug_msgs/lib:/autoware/install/autoware_auto_mapping_msgs/lib:/autoware/install/autoware_auto_geometry_msgs/lib:${LD_LIBRARY_PATH} PYTHONPATH=/autoware/install/autoware_auto_vehicle_msgs/local/lib/python3.10/dist-packages:/autoware/install/autoware_auto_planning_msgs/local/lib/python3.10/dist-packages:/autoware/install/autoware_auto_perception_msgs/local/lib/python3.10/dist-packages:/autoware/install/tier4_debug_msgs/local/lib/python3.10/dist-packages:/autoware/install/autoware_auto_mapping_msgs/local/lib/python3.10/dist-packages:/autoware/install/autoware_auto_geometry_msgs/local/lib/python3.10/dist-packages:${PYTHONPATH} /usr/bin/cmake --build /autoware/build/tier4_localization_rviz_plugin -- -j64 -l64
[4.675s] [ 20%] Automatic MOC for target tier4_localization_rviz_plugin
[6.799s] [ 20%] Built target tier4_localization_rviz_plugin_autogen
[6.820s] [ 40%] Building CXX object CMakeFiles/tier4_localization_rviz_plugin.dir/src/pose_history/pose_history_display.cpp.o
[6.822s] [ 60%] Building CXX object CMakeFiles/tier4_localization_rviz_plugin.dir/tier4_localization_rviz_plugin_autogen/mocs_compilation.cpp.o
[6.823s] [ 80%] Building CXX object CMakeFiles/tier4_localization_rviz_plugin.dir/src/pose_history_footprint/display.cpp.o
[32.729s] [100%] Linking CXX shared library libtier4_localization_rviz_plugin.so
[34.338s] [100%] Built target tier4_localization_rviz_plugin
[34.351s] Invoked command in '/autoware/build/tier4_localization_rviz_plugin' returned '0': AMENT_PREFIX_PATH=/autoware/install/vehicle_info_util:/autoware/install/tier4_autoware_utils:/autoware/install/autoware_auto_vehicle_msgs:/autoware/install/autoware_cmake:/autoware/install/autoware_auto_planning_msgs:/autoware/install/autoware_auto_perception_msgs:/autoware/install/tier4_debug_msgs:/autoware/install/autoware_lint_common:/autoware/install/autoware_auto_mapping_msgs:/autoware/install/autoware_auto_geometry_msgs:${AMENT_PREFIX_PATH} CMAKE_PREFIX_PATH=/autoware/install/vehicle_info_util:/autoware/install/tier4_autoware_utils:/autoware/install/autoware_auto_vehicle_msgs:/autoware/install/autoware_cmake:/autoware/install/autoware_auto_planning_msgs:/autoware/install/autoware_auto_perception_msgs:/autoware/install/tier4_debug_msgs:/autoware/install/autoware_lint_common:/autoware/install/autoware_auto_mapping_msgs:/autoware/install/autoware_auto_geometry_msgs:/opt/ros/humble LD_LIBRARY_PATH=/autoware/install/vehicle_info_util/lib:/autoware/install/tier4_autoware_utils/lib:/autoware/install/autoware_auto_vehicle_msgs/lib:/autoware/install/autoware_auto_planning_msgs/lib:/autoware/install/autoware_auto_perception_msgs/lib:/autoware/install/tier4_debug_msgs/lib:/autoware/install/autoware_auto_mapping_msgs/lib:/autoware/install/autoware_auto_geometry_msgs/lib:${LD_LIBRARY_PATH} PYTHONPATH=/autoware/install/autoware_auto_vehicle_msgs/local/lib/python3.10/dist-packages:/autoware/install/autoware_auto_planning_msgs/local/lib/python3.10/dist-packages:/autoware/install/autoware_auto_perception_msgs/local/lib/python3.10/dist-packages:/autoware/install/tier4_debug_msgs/local/lib/python3.10/dist-packages:/autoware/install/autoware_auto_mapping_msgs/local/lib/python3.10/dist-packages:/autoware/install/autoware_auto_geometry_msgs/local/lib/python3.10/dist-packages:${PYTHONPATH} /usr/bin/cmake --build /autoware/build/tier4_localization_rviz_plugin -- -j64 -l64
[34.385s] Invoking command in '/autoware/build/tier4_localization_rviz_plugin': AMENT_PREFIX_PATH=/autoware/install/vehicle_info_util:/autoware/install/tier4_autoware_utils:/autoware/install/autoware_auto_vehicle_msgs:/autoware/install/autoware_cmake:/autoware/install/autoware_auto_planning_msgs:/autoware/install/autoware_auto_perception_msgs:/autoware/install/tier4_debug_msgs:/autoware/install/autoware_lint_common:/autoware/install/autoware_auto_mapping_msgs:/autoware/install/autoware_auto_geometry_msgs:${AMENT_PREFIX_PATH} CMAKE_PREFIX_PATH=/autoware/install/vehicle_info_util:/autoware/install/tier4_autoware_utils:/autoware/install/autoware_auto_vehicle_msgs:/autoware/install/autoware_cmake:/autoware/install/autoware_auto_planning_msgs:/autoware/install/autoware_auto_perception_msgs:/autoware/install/tier4_debug_msgs:/autoware/install/autoware_lint_common:/autoware/install/autoware_auto_mapping_msgs:/autoware/install/autoware_auto_geometry_msgs:/opt/ros/humble LD_LIBRARY_PATH=/autoware/install/vehicle_info_util/lib:/autoware/install/tier4_autoware_utils/lib:/autoware/install/autoware_auto_vehicle_msgs/lib:/autoware/install/autoware_auto_planning_msgs/lib:/autoware/install/autoware_auto_perception_msgs/lib:/autoware/install/tier4_debug_msgs/lib:/autoware/install/autoware_auto_mapping_msgs/lib:/autoware/install/autoware_auto_geometry_msgs/lib:${LD_LIBRARY_PATH} PYTHONPATH=/autoware/install/autoware_auto_vehicle_msgs/local/lib/python3.10/dist-packages:/autoware/install/autoware_auto_planning_msgs/local/lib/python3.10/dist-packages:/autoware/install/autoware_auto_perception_msgs/local/lib/python3.10/dist-packages:/autoware/install/tier4_debug_msgs/local/lib/python3.10/dist-packages:/autoware/install/autoware_auto_mapping_msgs/local/lib/python3.10/dist-packages:/autoware/install/autoware_auto_geometry_msgs/local/lib/python3.10/dist-packages:${PYTHONPATH} /usr/bin/cmake --install /autoware/build/tier4_localization_rviz_plugin
[34.393s] -- Install configuration: "Release"
[34.393s] -- Execute custom install script
[34.394s] -- Symlinking: /autoware/install/tier4_localization_rviz_plugin/share/tier4_localization_rviz_plugin/plugins/plugin_description.xml
[34.407s] -- Symlinking: /autoware/install/tier4_localization_rviz_plugin/share/tier4_localization_rviz_plugin/environment/library_path.sh
[34.418s] -- Symlinking: /autoware/install/tier4_localization_rviz_plugin/share/tier4_localization_rviz_plugin/environment/library_path.dsv
[34.431s] -- Symlinking: /autoware/install/tier4_localization_rviz_plugin/lib/libtier4_localization_rviz_plugin.so
[34.443s] -- Symlinking: /autoware/install/tier4_localization_rviz_plugin/share/tier4_localization_rviz_plugin/icons/classes/PoseHistory.png
[34.456s] -- Symlinking: /autoware/install/tier4_localization_rviz_plugin/share/tier4_localization_rviz_plugin/icons/classes/PoseHistoryFootprint.png
[34.469s] -- Up-to-date symlink: /autoware/install/tier4_localization_rviz_plugin/share/tier4_localization_rviz_plugin/plugins/plugin_description.xml
[34.470s] -- Symlinking: /autoware/install/tier4_localization_rviz_plugin/share/ament_index/resource_index/package_run_dependencies/tier4_localization_rviz_plugin
[34.482s] -- Symlinking: /autoware/install/tier4_localization_rviz_plugin/share/ament_index/resource_index/parent_prefix_path/tier4_localization_rviz_plugin
[34.496s] -- Symlinking: /autoware/install/tier4_localization_rviz_plugin/share/tier4_localization_rviz_plugin/environment/ament_prefix_path.sh
[34.507s] -- Symlinking: /autoware/install/tier4_localization_rviz_plugin/share/tier4_localization_rviz_plugin/environment/ament_prefix_path.dsv
[34.518s] -- Symlinking: /autoware/install/tier4_localization_rviz_plugin/share/tier4_localization_rviz_plugin/environment/path.sh
[34.528s] -- Symlinking: /autoware/install/tier4_localization_rviz_plugin/share/tier4_localization_rviz_plugin/environment/path.dsv
[34.539s] -- Symlinking: /autoware/install/tier4_localization_rviz_plugin/share/tier4_localization_rviz_plugin/local_setup.bash
[34.552s] -- Symlinking: /autoware/install/tier4_localization_rviz_plugin/share/tier4_localization_rviz_plugin/local_setup.sh
[34.563s] -- Symlinking: /autoware/install/tier4_localization_rviz_plugin/share/tier4_localization_rviz_plugin/local_setup.zsh
[34.575s] -- Symlinking: /autoware/install/tier4_localization_rviz_plugin/share/tier4_localization_rviz_plugin/local_setup.dsv
[34.587s] -- Symlinking: /autoware/install/tier4_localization_rviz_plugin/share/tier4_localization_rviz_plugin/package.dsv
[34.599s] -- Symlinking: /autoware/install/tier4_localization_rviz_plugin/share/ament_index/resource_index/packages/tier4_localization_rviz_plugin
[34.611s] -- Symlinking: /autoware/install/tier4_localization_rviz_plugin/share/ament_index/resource_index/rviz_common__pluginlib__plugin/tier4_localization_rviz_plugin
[34.623s] -- Symlinking: /autoware/install/tier4_localization_rviz_plugin/share/tier4_localization_rviz_plugin/cmake/ament_cmake_export_dependencies-extras.cmake
[34.634s] -- Symlinking: /autoware/install/tier4_localization_rviz_plugin/share/tier4_localization_rviz_plugin/cmake/ament_cmake_export_libraries-extras.cmake
[34.646s] -- Symlinking: /autoware/install/tier4_localization_rviz_plugin/share/tier4_localization_rviz_plugin/cmake/tier4_localization_rviz_pluginConfig.cmake
[34.658s] -- Symlinking: /autoware/install/tier4_localization_rviz_plugin/share/tier4_localization_rviz_plugin/cmake/tier4_localization_rviz_pluginConfig-version.cmake
[34.669s] -- Symlinking: /autoware/install/tier4_localization_rviz_plugin/share/tier4_localization_rviz_plugin/package.xml
[34.691s] Invoked command in '/autoware/build/tier4_localization_rviz_plugin' returned '0': AMENT_PREFIX_PATH=/autoware/install/vehicle_info_util:/autoware/install/tier4_autoware_utils:/autoware/install/autoware_auto_vehicle_msgs:/autoware/install/autoware_cmake:/autoware/install/autoware_auto_planning_msgs:/autoware/install/autoware_auto_perception_msgs:/autoware/install/tier4_debug_msgs:/autoware/install/autoware_lint_common:/autoware/install/autoware_auto_mapping_msgs:/autoware/install/autoware_auto_geometry_msgs:${AMENT_PREFIX_PATH} CMAKE_PREFIX_PATH=/autoware/install/vehicle_info_util:/autoware/install/tier4_autoware_utils:/autoware/install/autoware_auto_vehicle_msgs:/autoware/install/autoware_cmake:/autoware/install/autoware_auto_planning_msgs:/autoware/install/autoware_auto_perception_msgs:/autoware/install/tier4_debug_msgs:/autoware/install/autoware_lint_common:/autoware/install/autoware_auto_mapping_msgs:/autoware/install/autoware_auto_geometry_msgs:/opt/ros/humble LD_LIBRARY_PATH=/autoware/install/vehicle_info_util/lib:/autoware/install/tier4_autoware_utils/lib:/autoware/install/autoware_auto_vehicle_msgs/lib:/autoware/install/autoware_auto_planning_msgs/lib:/autoware/install/autoware_auto_perception_msgs/lib:/autoware/install/tier4_debug_msgs/lib:/autoware/install/autoware_auto_mapping_msgs/lib:/autoware/install/autoware_auto_geometry_msgs/lib:${LD_LIBRARY_PATH} PYTHONPATH=/autoware/install/autoware_auto_vehicle_msgs/local/lib/python3.10/dist-packages:/autoware/install/autoware_auto_planning_msgs/local/lib/python3.10/dist-packages:/autoware/install/autoware_auto_perception_msgs/local/lib/python3.10/dist-packages:/autoware/install/tier4_debug_msgs/local/lib/python3.10/dist-packages:/autoware/install/autoware_auto_mapping_msgs/local/lib/python3.10/dist-packages:/autoware/install/autoware_auto_geometry_msgs/local/lib/python3.10/dist-packages:${PYTHONPATH} /usr/bin/cmake --install /autoware/build/tier4_localization_rviz_plugin
