[0.031s] Invoking command in '/autoware/build/planning_error_monitor': AMENT_PREFIX_PATH=/autoware/install/tier4_autoware_utils:/autoware/install/autoware_auto_vehicle_msgs:/autoware/install/autoware_cmake:/autoware/install/autoware_auto_planning_msgs:/autoware/install/autoware_auto_perception_msgs:/autoware/install/tier4_debug_msgs:/autoware/install/autoware_lint_common:/autoware/install/autoware_auto_mapping_msgs:/autoware/install/autoware_auto_geometry_msgs:${AMENT_PREFIX_PATH} CMAKE_PREFIX_PATH=/autoware/install/tier4_autoware_utils:/autoware/install/autoware_auto_vehicle_msgs:/autoware/install/autoware_cmake:/autoware/install/autoware_auto_planning_msgs:/autoware/install/autoware_auto_perception_msgs:/autoware/install/tier4_debug_msgs:/autoware/install/autoware_lint_common:/autoware/install/autoware_auto_mapping_msgs:/autoware/install/autoware_auto_geometry_msgs:/opt/ros/humble LD_LIBRARY_PATH=/autoware/install/tier4_autoware_utils/lib:/autoware/install/autoware_auto_vehicle_msgs/lib:/autoware/install/autoware_auto_planning_msgs/lib:/autoware/install/autoware_auto_perception_msgs/lib:/autoware/install/tier4_debug_msgs/lib:/autoware/install/autoware_auto_mapping_msgs/lib:/autoware/install/autoware_auto_geometry_msgs/lib:${LD_LIBRARY_PATH} PYTHONPATH=/autoware/install/autoware_auto_vehicle_msgs/local/lib/python3.10/dist-packages:/autoware/install/autoware_auto_planning_msgs/local/lib/python3.10/dist-packages:/autoware/install/autoware_auto_perception_msgs/local/lib/python3.10/dist-packages:/autoware/install/tier4_debug_msgs/local/lib/python3.10/dist-packages:/autoware/install/autoware_auto_mapping_msgs/local/lib/python3.10/dist-packages:/autoware/install/autoware_auto_geometry_msgs/local/lib/python3.10/dist-packages:${PYTHONPATH} /usr/bin/cmake /autoware/src/universe/autoware.universe/planning/planning_error_monitor -DCMAKE_BUILD_TYPE=Release -DAMENT_CMAKE_SYMLINK_INSTALL=1 -DCMAKE_INSTALL_PREFIX=/autoware/install/planning_error_monitor
[0.094s] -- The C compiler identification is GNU 11.3.0
[0.168s] -- The CXX compiler identification is GNU 11.3.0
[0.178s] -- Detecting C compiler ABI info
[0.267s] -- Detecting C compiler ABI info - done
[0.269s] -- Check for working C compiler: /usr/bin/cc - skipped
[0.270s] -- Detecting C compile features
[0.270s] -- Detecting C compile features - done
[0.275s] -- Detecting CXX compiler ABI info
[0.346s] -- Detecting CXX compiler ABI info - done
[0.358s] -- Check for working CXX compiler: /usr/bin/c++ - skipped
[0.358s] -- Detecting CXX compile features
[0.359s] -- Detecting CXX compile features - done
[0.361s] -- Found autoware_cmake: 0.1.0 (/autoware/install/autoware_cmake/share/autoware_cmake/cmake)
[0.586s] -- Found Python3: /usr/bin/python3.10 (found version "3.10.6") found components: Interpreter 
[0.659s] -- Override CMake install command with custom implementation using symlinks instead of copying resources
[0.891s] -- Found rosidl_generator_c: 3.1.3 (/opt/ros/humble/share/rosidl_generator_c/cmake)
[0.899s] -- Found rosidl_adapter: 3.1.3 (/opt/ros/humble/share/rosidl_adapter/cmake)
[0.910s] -- Found rosidl_generator_cpp: 3.1.3 (/opt/ros/humble/share/rosidl_generator_cpp/cmake)
[0.926s] -- Using all available rosidl_typesupport_c: rosidl_typesupport_fastrtps_c;rosidl_typesupport_introspection_c
[0.950s] -- Using all available rosidl_typesupport_cpp: rosidl_typesupport_fastrtps_cpp;rosidl_typesupport_introspection_cpp
[1.777s] -- Found rmw_implementation_cmake: 6.1.0 (/opt/ros/humble/share/rmw_implementation_cmake/cmake)
[1.780s] -- Found rmw_fastrtps_cpp: 6.2.1 (/opt/ros/humble/share/rmw_fastrtps_cpp/cmake)
[1.888s] -- Found OpenSSL: /usr/lib/x86_64-linux-gnu/libcrypto.so (found version "3.0.2")  
[1.925s] -- Found FastRTPS: /opt/ros/humble/include  
[1.986s] -- Using RMW implementation 'rmw_fastrtps_cpp' as default
[3.081s] -- Found eigen3_cmake_module: 0.1.1 (/opt/ros/humble/share/eigen3_cmake_module/cmake)
[3.083s] -- Found Eigen3: TRUE (found version "3.4.0") 
[3.083s] -- Ensuring Eigen3 include directory is part of orocos-kdl CMake target
[3.266s] -- Found ament_lint_auto: 0.12.4 (/opt/ros/humble/share/ament_lint_auto/cmake)
[4.770s] -- Found gtest sources under '/opt/ros/humble/src/gtest_vendor': C++ tests using 'Google Test' will be built
[4.773s] -- Looking for pthread.h
[4.871s] -- Looking for pthread.h - found
[4.871s] -- Performing Test CMAKE_HAVE_LIBC_PTHREAD
[4.975s] -- Performing Test CMAKE_HAVE_LIBC_PTHREAD - Success
[4.977s] -- Found Threads: TRUE  
[4.988s] -- Added test 'copyright' to check source files copyright and LICENSE
[4.994s] -- Added test 'cppcheck' to perform static code analysis on C / C++ code
[4.994s] -- Configured cppcheck include dirs: /autoware/src/universe/autoware.universe/planning/planning_error_monitor/include
[4.995s] -- Configured cppcheck exclude dirs and/or files: 
[4.996s] -- Added test 'lint_cmake' to check CMake code style
[4.998s] -- Added test 'xmllint' to check XML markup files
[5.004s] -- Configuring done
[5.194s] -- Generating done
[5.198s] -- Build files have been written to: /autoware/build/planning_error_monitor
[5.214s] Invoked command in '/autoware/build/planning_error_monitor' returned '0': AMENT_PREFIX_PATH=/autoware/install/tier4_autoware_utils:/autoware/install/autoware_auto_vehicle_msgs:/autoware/install/autoware_cmake:/autoware/install/autoware_auto_planning_msgs:/autoware/install/autoware_auto_perception_msgs:/autoware/install/tier4_debug_msgs:/autoware/install/autoware_lint_common:/autoware/install/autoware_auto_mapping_msgs:/autoware/install/autoware_auto_geometry_msgs:${AMENT_PREFIX_PATH} CMAKE_PREFIX_PATH=/autoware/install/tier4_autoware_utils:/autoware/install/autoware_auto_vehicle_msgs:/autoware/install/autoware_cmake:/autoware/install/autoware_auto_planning_msgs:/autoware/install/autoware_auto_perception_msgs:/autoware/install/tier4_debug_msgs:/autoware/install/autoware_lint_common:/autoware/install/autoware_auto_mapping_msgs:/autoware/install/autoware_auto_geometry_msgs:/opt/ros/humble LD_LIBRARY_PATH=/autoware/install/tier4_autoware_utils/lib:/autoware/install/autoware_auto_vehicle_msgs/lib:/autoware/install/autoware_auto_planning_msgs/lib:/autoware/install/autoware_auto_perception_msgs/lib:/autoware/install/tier4_debug_msgs/lib:/autoware/install/autoware_auto_mapping_msgs/lib:/autoware/install/autoware_auto_geometry_msgs/lib:${LD_LIBRARY_PATH} PYTHONPATH=/autoware/install/autoware_auto_vehicle_msgs/local/lib/python3.10/dist-packages:/autoware/install/autoware_auto_planning_msgs/local/lib/python3.10/dist-packages:/autoware/install/autoware_auto_perception_msgs/local/lib/python3.10/dist-packages:/autoware/install/tier4_debug_msgs/local/lib/python3.10/dist-packages:/autoware/install/autoware_auto_mapping_msgs/local/lib/python3.10/dist-packages:/autoware/install/autoware_auto_geometry_msgs/local/lib/python3.10/dist-packages:${PYTHONPATH} /usr/bin/cmake /autoware/src/universe/autoware.universe/planning/planning_error_monitor -DCMAKE_BUILD_TYPE=Release -DAMENT_CMAKE_SYMLINK_INSTALL=1 -DCMAKE_INSTALL_PREFIX=/autoware/install/planning_error_monitor
[5.215s] Invoking command in '/autoware/build/planning_error_monitor': AMENT_PREFIX_PATH=/autoware/install/tier4_autoware_utils:/autoware/install/autoware_auto_vehicle_msgs:/autoware/install/autoware_cmake:/autoware/install/autoware_auto_planning_msgs:/autoware/install/autoware_auto_perception_msgs:/autoware/install/tier4_debug_msgs:/autoware/install/autoware_lint_common:/autoware/install/autoware_auto_mapping_msgs:/autoware/install/autoware_auto_geometry_msgs:${AMENT_PREFIX_PATH} CMAKE_PREFIX_PATH=/autoware/install/tier4_autoware_utils:/autoware/install/autoware_auto_vehicle_msgs:/autoware/install/autoware_cmake:/autoware/install/autoware_auto_planning_msgs:/autoware/install/autoware_auto_perception_msgs:/autoware/install/tier4_debug_msgs:/autoware/install/autoware_lint_common:/autoware/install/autoware_auto_mapping_msgs:/autoware/install/autoware_auto_geometry_msgs:/opt/ros/humble LD_LIBRARY_PATH=/autoware/install/tier4_autoware_utils/lib:/autoware/install/autoware_auto_vehicle_msgs/lib:/autoware/install/autoware_auto_planning_msgs/lib:/autoware/install/autoware_auto_perception_msgs/lib:/autoware/install/tier4_debug_msgs/lib:/autoware/install/autoware_auto_mapping_msgs/lib:/autoware/install/autoware_auto_geometry_msgs/lib:${LD_LIBRARY_PATH} PYTHONPATH=/autoware/install/autoware_auto_vehicle_msgs/local/lib/python3.10/dist-packages:/autoware/install/autoware_auto_planning_msgs/local/lib/python3.10/dist-packages:/autoware/install/autoware_auto_perception_msgs/local/lib/python3.10/dist-packages:/autoware/install/tier4_debug_msgs/local/lib/python3.10/dist-packages:/autoware/install/autoware_auto_mapping_msgs/local/lib/python3.10/dist-packages:/autoware/install/autoware_auto_geometry_msgs/local/lib/python3.10/dist-packages:${PYTHONPATH} /usr/bin/cmake --build /autoware/build/planning_error_monitor -- -j64 -l64
[5.299s] [ 11%] Building CXX object gtest/CMakeFiles/gtest.dir/src/gtest-all.cc.o
[5.300s] [ 11%] Building CXX object CMakeFiles/planning_error_monitor.dir/rclcpp_components/node_main_planning_error_monitor.cpp.o
[5.301s] [ 17%] Building CXX object CMakeFiles/invalid_trajectory_publisher.dir/rclcpp_components/node_main_invalid_trajectory_publisher.cpp.o
[5.301s] [ 23%] Building CXX object gtest/CMakeFiles/gtest_main.dir/src/gtest_main.cc.o
[5.303s] [ 29%] Building CXX object CMakeFiles/planning_error_monitor_node.dir/src/debug_marker.cpp.o
[5.303s] [ 35%] Building CXX object CMakeFiles/planning_error_monitor_node.dir/src/planning_error_monitor_node.cpp.o
[6.499s] [ 41%] Linking CXX static library libgtest_main.a
[6.533s] [ 41%] Built target gtest_main
[9.295s] [ 47%] Linking CXX executable invalid_trajectory_publisher
[9.427s] [ 47%] Built target invalid_trajectory_publisher
[10.013s] [ 52%] Linking CXX executable planning_error_monitor
[10.135s] [ 52%] Built target planning_error_monitor
[15.469s] [ 58%] Linking CXX static library libgtest.a
[15.503s] [ 58%] Built target gtest
[23.169s] [ 64%] Linking CXX shared library libplanning_error_monitor_node.so
[23.403s] [ 64%] Built target planning_error_monitor_node
[23.433s] [ 70%] Building CXX object CMakeFiles/invalid_trajectory_publisher_node.dir/src/invalid_trajectory_publisher.cpp.o
[23.434s] [ 82%] Building CXX object CMakeFiles/test_planning_error_monitor.dir/test/src/test_planning_error_monitor_functions.cpp.o
[23.434s] [ 88%] Building CXX object CMakeFiles/test_planning_error_monitor.dir/test/src/test_planning_error_monitor_pubsub.cpp.o
[23.435s] [ 88%] Building CXX object CMakeFiles/test_planning_error_monitor.dir/test/src/test_main.cpp.o
[35.460s] [ 94%] Linking CXX shared library libinvalid_trajectory_publisher_node.so
[35.672s] [ 94%] Built target invalid_trajectory_publisher_node
[37.204s] [100%] Linking CXX executable test_planning_error_monitor
[37.452s] [100%] Built target test_planning_error_monitor
[37.461s] Invoked command in '/autoware/build/planning_error_monitor' returned '0': AMENT_PREFIX_PATH=/autoware/install/tier4_autoware_utils:/autoware/install/autoware_auto_vehicle_msgs:/autoware/install/autoware_cmake:/autoware/install/autoware_auto_planning_msgs:/autoware/install/autoware_auto_perception_msgs:/autoware/install/tier4_debug_msgs:/autoware/install/autoware_lint_common:/autoware/install/autoware_auto_mapping_msgs:/autoware/install/autoware_auto_geometry_msgs:${AMENT_PREFIX_PATH} CMAKE_PREFIX_PATH=/autoware/install/tier4_autoware_utils:/autoware/install/autoware_auto_vehicle_msgs:/autoware/install/autoware_cmake:/autoware/install/autoware_auto_planning_msgs:/autoware/install/autoware_auto_perception_msgs:/autoware/install/tier4_debug_msgs:/autoware/install/autoware_lint_common:/autoware/install/autoware_auto_mapping_msgs:/autoware/install/autoware_auto_geometry_msgs:/opt/ros/humble LD_LIBRARY_PATH=/autoware/install/tier4_autoware_utils/lib:/autoware/install/autoware_auto_vehicle_msgs/lib:/autoware/install/autoware_auto_planning_msgs/lib:/autoware/install/autoware_auto_perception_msgs/lib:/autoware/install/tier4_debug_msgs/lib:/autoware/install/autoware_auto_mapping_msgs/lib:/autoware/install/autoware_auto_geometry_msgs/lib:${LD_LIBRARY_PATH} PYTHONPATH=/autoware/install/autoware_auto_vehicle_msgs/local/lib/python3.10/dist-packages:/autoware/install/autoware_auto_planning_msgs/local/lib/python3.10/dist-packages:/autoware/install/autoware_auto_perception_msgs/local/lib/python3.10/dist-packages:/autoware/install/tier4_debug_msgs/local/lib/python3.10/dist-packages:/autoware/install/autoware_auto_mapping_msgs/local/lib/python3.10/dist-packages:/autoware/install/autoware_auto_geometry_msgs/local/lib/python3.10/dist-packages:${PYTHONPATH} /usr/bin/cmake --build /autoware/build/planning_error_monitor -- -j64 -l64
[37.489s] Invoking command in '/autoware/build/planning_error_monitor': AMENT_PREFIX_PATH=/autoware/install/tier4_autoware_utils:/autoware/install/autoware_auto_vehicle_msgs:/autoware/install/autoware_cmake:/autoware/install/autoware_auto_planning_msgs:/autoware/install/autoware_auto_perception_msgs:/autoware/install/tier4_debug_msgs:/autoware/install/autoware_lint_common:/autoware/install/autoware_auto_mapping_msgs:/autoware/install/autoware_auto_geometry_msgs:${AMENT_PREFIX_PATH} CMAKE_PREFIX_PATH=/autoware/install/tier4_autoware_utils:/autoware/install/autoware_auto_vehicle_msgs:/autoware/install/autoware_cmake:/autoware/install/autoware_auto_planning_msgs:/autoware/install/autoware_auto_perception_msgs:/autoware/install/tier4_debug_msgs:/autoware/install/autoware_lint_common:/autoware/install/autoware_auto_mapping_msgs:/autoware/install/autoware_auto_geometry_msgs:/opt/ros/humble LD_LIBRARY_PATH=/autoware/install/tier4_autoware_utils/lib:/autoware/install/autoware_auto_vehicle_msgs/lib:/autoware/install/autoware_auto_planning_msgs/lib:/autoware/install/autoware_auto_perception_msgs/lib:/autoware/install/tier4_debug_msgs/lib:/autoware/install/autoware_auto_mapping_msgs/lib:/autoware/install/autoware_auto_geometry_msgs/lib:${LD_LIBRARY_PATH} PYTHONPATH=/autoware/install/autoware_auto_vehicle_msgs/local/lib/python3.10/dist-packages:/autoware/install/autoware_auto_planning_msgs/local/lib/python3.10/dist-packages:/autoware/install/autoware_auto_perception_msgs/local/lib/python3.10/dist-packages:/autoware/install/tier4_debug_msgs/local/lib/python3.10/dist-packages:/autoware/install/autoware_auto_mapping_msgs/local/lib/python3.10/dist-packages:/autoware/install/autoware_auto_geometry_msgs/local/lib/python3.10/dist-packages:${PYTHONPATH} /usr/bin/cmake --install /autoware/build/planning_error_monitor
[37.496s] -- Install configuration: "Release"
[37.496s] -- Execute custom install script
[37.497s] -- Symlinking: /autoware/install/planning_error_monitor/lib/planning_error_monitor/planning_error_monitor
[37.504s] -- Symlinking: /autoware/install/planning_error_monitor/lib/planning_error_monitor/invalid_trajectory_publisher
[37.510s] -- Symlinking: /autoware/install/planning_error_monitor/include/planning_error_monitor/debug_marker.hpp
[37.516s] -- Symlinking: /autoware/install/planning_error_monitor/include/planning_error_monitor/invalid_trajectory_publisher.hpp
[37.522s] -- Symlinking: /autoware/install/planning_error_monitor/include/planning_error_monitor/planning_error_monitor_node.hpp
[37.528s] -- Symlinking: /autoware/install/planning_error_monitor/share/planning_error_monitor/environment/library_path.sh
[37.533s] -- Symlinking: /autoware/install/planning_error_monitor/share/planning_error_monitor/environment/library_path.dsv
[37.539s] -- Symlinking: /autoware/install/planning_error_monitor/lib/libplanning_error_monitor_node.so
[37.545s] -- Symlinking: /autoware/install/planning_error_monitor/lib/libinvalid_trajectory_publisher_node.so
[37.552s] -- Symlinking: /autoware/install/planning_error_monitor/share/planning_error_monitor/config/planning_error_monitor.param.yaml
[37.557s] -- Symlinking: /autoware/install/planning_error_monitor/share/planning_error_monitor/launch/invalid_trajectory_publisher.launch.xml
[37.564s] -- Symlinking: /autoware/install/planning_error_monitor/share/planning_error_monitor/launch/planning_error_monitor.launch.xml
[37.569s] -- Symlinking: /autoware/install/planning_error_monitor/share/ament_index/resource_index/package_run_dependencies/planning_error_monitor
[37.576s] -- Symlinking: /autoware/install/planning_error_monitor/share/ament_index/resource_index/parent_prefix_path/planning_error_monitor
[37.584s] -- Symlinking: /autoware/install/planning_error_monitor/share/planning_error_monitor/environment/ament_prefix_path.sh
[37.591s] -- Symlinking: /autoware/install/planning_error_monitor/share/planning_error_monitor/environment/ament_prefix_path.dsv
[37.599s] -- Symlinking: /autoware/install/planning_error_monitor/share/planning_error_monitor/environment/path.sh
[37.606s] -- Symlinking: /autoware/install/planning_error_monitor/share/planning_error_monitor/environment/path.dsv
[37.613s] -- Symlinking: /autoware/install/planning_error_monitor/share/planning_error_monitor/local_setup.bash
[37.620s] -- Symlinking: /autoware/install/planning_error_monitor/share/planning_error_monitor/local_setup.sh
[37.626s] -- Symlinking: /autoware/install/planning_error_monitor/share/planning_error_monitor/local_setup.zsh
[37.632s] -- Symlinking: /autoware/install/planning_error_monitor/share/planning_error_monitor/local_setup.dsv
[37.638s] -- Symlinking: /autoware/install/planning_error_monitor/share/planning_error_monitor/package.dsv
[37.644s] -- Symlinking: /autoware/install/planning_error_monitor/share/ament_index/resource_index/packages/planning_error_monitor
[37.650s] -- Symlinking: /autoware/install/planning_error_monitor/share/ament_index/resource_index/rclcpp_components/planning_error_monitor
[37.657s] -- Symlinking: /autoware/install/planning_error_monitor/share/planning_error_monitor/cmake/ament_cmake_export_dependencies-extras.cmake
[37.662s] -- Symlinking: /autoware/install/planning_error_monitor/share/planning_error_monitor/cmake/ament_cmake_export_include_directories-extras.cmake
[37.668s] -- Symlinking: /autoware/install/planning_error_monitor/share/planning_error_monitor/cmake/ament_cmake_export_libraries-extras.cmake
[37.674s] -- Symlinking: /autoware/install/planning_error_monitor/share/planning_error_monitor/cmake/planning_error_monitorConfig.cmake
[37.680s] -- Symlinking: /autoware/install/planning_error_monitor/share/planning_error_monitor/cmake/planning_error_monitorConfig-version.cmake
[37.686s] -- Symlinking: /autoware/install/planning_error_monitor/share/planning_error_monitor/package.xml
[37.704s] Invoked command in '/autoware/build/planning_error_monitor' returned '0': AMENT_PREFIX_PATH=/autoware/install/tier4_autoware_utils:/autoware/install/autoware_auto_vehicle_msgs:/autoware/install/autoware_cmake:/autoware/install/autoware_auto_planning_msgs:/autoware/install/autoware_auto_perception_msgs:/autoware/install/tier4_debug_msgs:/autoware/install/autoware_lint_common:/autoware/install/autoware_auto_mapping_msgs:/autoware/install/autoware_auto_geometry_msgs:${AMENT_PREFIX_PATH} CMAKE_PREFIX_PATH=/autoware/install/tier4_autoware_utils:/autoware/install/autoware_auto_vehicle_msgs:/autoware/install/autoware_cmake:/autoware/install/autoware_auto_planning_msgs:/autoware/install/autoware_auto_perception_msgs:/autoware/install/tier4_debug_msgs:/autoware/install/autoware_lint_common:/autoware/install/autoware_auto_mapping_msgs:/autoware/install/autoware_auto_geometry_msgs:/opt/ros/humble LD_LIBRARY_PATH=/autoware/install/tier4_autoware_utils/lib:/autoware/install/autoware_auto_vehicle_msgs/lib:/autoware/install/autoware_auto_planning_msgs/lib:/autoware/install/autoware_auto_perception_msgs/lib:/autoware/install/tier4_debug_msgs/lib:/autoware/install/autoware_auto_mapping_msgs/lib:/autoware/install/autoware_auto_geometry_msgs/lib:${LD_LIBRARY_PATH} PYTHONPATH=/autoware/install/autoware_auto_vehicle_msgs/local/lib/python3.10/dist-packages:/autoware/install/autoware_auto_planning_msgs/local/lib/python3.10/dist-packages:/autoware/install/autoware_auto_perception_msgs/local/lib/python3.10/dist-packages:/autoware/install/tier4_debug_msgs/local/lib/python3.10/dist-packages:/autoware/install/autoware_auto_mapping_msgs/local/lib/python3.10/dist-packages:/autoware/install/autoware_auto_geometry_msgs/local/lib/python3.10/dist-packages:${PYTHONPATH} /usr/bin/cmake --install /autoware/build/planning_error_monitor
