-- Found autoware_cmake: 0.1.0 (/autoware/install/autoware_cmake/share/autoware_cmake/cmake)
-- Found ament_cmake_auto: 1.3.2 (/opt/ros/humble/share/ament_cmake_auto/cmake)
-- Override CMake install command with custom implementation using symlinks instead of copying resources
-- Found rosidl_generator_c: 3.1.3 (/opt/ros/humble/share/rosidl_generator_c/cmake)
-- Found rosidl_adapter: 3.1.3 (/opt/ros/humble/share/rosidl_adapter/cmake)
-- Found rosidl_generator_cpp: 3.1.3 (/opt/ros/humble/share/rosidl_generator_cpp/cmake)
-- Using all available rosidl_typesupport_c: rosidl_typesupport_fastrtps_c;rosidl_typesupport_introspection_c
-- Using all available rosidl_typesupport_cpp: rosidl_typesupport_fastrtps_cpp;rosidl_typesupport_introspection_cpp
-- Found rmw_implementation_cmake: 6.1.0 (/opt/ros/humble/share/rmw_implementation_cmake/cmake)
-- Found rmw_fastrtps_cpp: 6.2.1 (/opt/ros/humble/share/rmw_fastrtps_cpp/cmake)
-- Using RMW implementation 'rmw_fastrtps_cpp' as default
-- Found eigen3_cmake_module: 0.1.1 (/opt/ros/humble/share/eigen3_cmake_module/cmake)
-- Ensuring Eigen3 include directory is part of orocos-kdl CMake target
-- Found ament_lint_auto: 0.12.4 (/opt/ros/humble/share/ament_lint_auto/cmake)
-- Found python_cmake_module: 0.10.0 (/opt/ros/humble/share/python_cmake_module/cmake)
-- Using PYTHON_EXECUTABLE: /usr/bin/python3
-- Using PYTHON_INCLUDE_DIRS: /usr/include/python3.10
-- Using PYTHON_LIBRARIES: /usr/lib/x86_64-linux-gnu/libpython3.10.so
-- Found gtest sources under '/opt/ros/humble/src/gtest_vendor': C++ tests using 'Google Test' will be built
-- Added test 'copyright' to check source files copyright and LICENSE
-- Added test 'cppcheck' to perform static code analysis on C / C++ code
-- Configured cppcheck include dirs: /autoware/src/universe/autoware.universe/simulator/fault_injection/include
-- Configured cppcheck exclude dirs and/or files: 
-- Added test 'lint_cmake' to check CMake code style
-- Added test 'xmllint' to check XML markup files
-- Configuring done
-- Generating done
-- Build files have been written to: /autoware/build/fault_injection
Consolidate compiler generated dependencies of target gtest_main
Consolidate compiler generated dependencies of target gtest
Consolidate compiler generated dependencies of target fault_injection_node_component
Consolidate compiler generated dependencies of target fault_injection_node
[ 18%] Built target gtest_main
[ 36%] Built target gtest
[ 45%] Building CXX object CMakeFiles/fault_injection_node_component.dir/src/fault_injection_node/fault_injection_node.cpp.o
[ 63%] Built target fault_injection_node
[ 72%] Linking CXX shared library libfault_injection_node_component.so
[ 72%] Built target fault_injection_node_component
Consolidate compiler generated dependencies of target test_fault_injection_node_component
[ 81%] Building CXX object CMakeFiles/test_fault_injection_node_component.dir/test/src/main.cpp.o
[ 90%] Building CXX object CMakeFiles/test_fault_injection_node_component.dir/test/src/test_diagnostic_storage.cpp.o
[100%] Linking CXX executable test_fault_injection_node_component
[100%] Built target test_fault_injection_node_component
-- Install configuration: "Release"
-- Execute custom install script
-- Up-to-date symlink: /autoware/install/fault_injection/lib/fault_injection/fault_injection_node
-- Up-to-date symlink: /autoware/install/fault_injection/share/fault_injection//config/test_event_diag.param.yaml
-- Up-to-date symlink: /autoware/install/fault_injection/share/fault_injection//launch/test_fault_injection.launch.xml
-- Up-to-date symlink: /autoware/install/fault_injection/include/fault_injection/diagnostic_storage.hpp
-- Up-to-date symlink: /autoware/install/fault_injection/include/fault_injection/fault_injection_node.hpp
-- Up-to-date symlink: /autoware/install/fault_injection/share/fault_injection/environment/library_path.sh
-- Up-to-date symlink: /autoware/install/fault_injection/share/fault_injection/environment/library_path.dsv
-- Up-to-date symlink: /autoware/install/fault_injection/lib/libfault_injection_node_component.so
-- Up-to-date symlink: /autoware/install/fault_injection/share/fault_injection/config/fault_injection.param.yaml
-- Up-to-date symlink: /autoware/install/fault_injection/share/fault_injection/launch/fault_injection.launch.xml
-- Up-to-date symlink: /autoware/install/fault_injection/share/ament_index/resource_index/package_run_dependencies/fault_injection
-- Up-to-date symlink: /autoware/install/fault_injection/share/ament_index/resource_index/parent_prefix_path/fault_injection
-- Up-to-date symlink: /autoware/install/fault_injection/share/fault_injection/environment/ament_prefix_path.sh
-- Up-to-date symlink: /autoware/install/fault_injection/share/fault_injection/environment/ament_prefix_path.dsv
-- Up-to-date symlink: /autoware/install/fault_injection/share/fault_injection/environment/path.sh
-- Up-to-date symlink: /autoware/install/fault_injection/share/fault_injection/environment/path.dsv
-- Up-to-date symlink: /autoware/install/fault_injection/share/fault_injection/local_setup.bash
-- Up-to-date symlink: /autoware/install/fault_injection/share/fault_injection/local_setup.sh
-- Up-to-date symlink: /autoware/install/fault_injection/share/fault_injection/local_setup.zsh
-- Up-to-date symlink: /autoware/install/fault_injection/share/fault_injection/local_setup.dsv
-- Symlinking: /autoware/install/fault_injection/share/fault_injection/package.dsv
-- Up-to-date symlink: /autoware/install/fault_injection/share/ament_index/resource_index/packages/fault_injection
-- Up-to-date symlink: /autoware/install/fault_injection/share/ament_index/resource_index/rclcpp_components/fault_injection
-- Up-to-date symlink: /autoware/install/fault_injection/share/fault_injection/cmake/ament_cmake_export_dependencies-extras.cmake
-- Up-to-date symlink: /autoware/install/fault_injection/share/fault_injection/cmake/ament_cmake_export_include_directories-extras.cmake
-- Up-to-date symlink: /autoware/install/fault_injection/share/fault_injection/cmake/ament_cmake_export_libraries-extras.cmake
-- Up-to-date symlink: /autoware/install/fault_injection/share/fault_injection/cmake/fault_injectionConfig.cmake
-- Up-to-date symlink: /autoware/install/fault_injection/share/fault_injection/cmake/fault_injectionConfig-version.cmake
-- Up-to-date symlink: /autoware/install/fault_injection/share/fault_injection/package.xml
