[0.011s] Invoking command in '/autoware/build/sample_vehicle_description': CMAKE_PREFIX_PATH=/opt/ros/humble /usr/bin/cmake /autoware/src/vehicle/sample_vehicle_launch/sample_vehicle_description -DCMAKE_BUILD_TYPE=Release -DAMENT_CMAKE_SYMLINK_INSTALL=1 -DCMAKE_INSTALL_PREFIX=/autoware/install/sample_vehicle_description
[0.075s] -- The C compiler identification is GNU 11.3.0
[0.135s] -- The CXX compiler identification is GNU 11.3.0
[0.145s] -- Detecting C compiler ABI info
[0.209s] -- Detecting C compiler ABI info - done
[0.217s] -- Check for working C compiler: /usr/bin/cc - skipped
[0.217s] -- Detecting C compile features
[0.218s] -- Detecting C compile features - done
[0.221s] -- Detecting CXX compiler ABI info
[0.300s] -- Detecting CXX compiler ABI info - done
[0.313s] -- Check for working CXX compiler: /usr/bin/c++ - skipped
[0.313s] -- Detecting CXX compile features
[0.314s] -- Detecting CXX compile features - done
[0.317s] -- Found ament_cmake_auto: 1.3.2 (/opt/ros/humble/share/ament_cmake_auto/cmake)
[0.565s] -- Found Python3: /usr/bin/python3.10 (found version "3.10.6") found components: Interpreter 
[0.659s] -- Override CMake install command with custom implementation using symlinks instead of copying resources
[0.776s] -- Configuring done
[0.779s] -- Generating done
[0.780s] -- Build files have been written to: /autoware/build/sample_vehicle_description
[0.785s] Invoked command in '/autoware/build/sample_vehicle_description' returned '0': CMAKE_PREFIX_PATH=/opt/ros/humble /usr/bin/cmake /autoware/src/vehicle/sample_vehicle_launch/sample_vehicle_description -DCMAKE_BUILD_TYPE=Release -DAMENT_CMAKE_SYMLINK_INSTALL=1 -DCMAKE_INSTALL_PREFIX=/autoware/install/sample_vehicle_description
[0.787s] Invoking command in '/autoware/build/sample_vehicle_description': CMAKE_PREFIX_PATH=/opt/ros/humble /usr/bin/cmake --build /autoware/build/sample_vehicle_description -- -j64 -l64
[0.827s] Invoked command in '/autoware/build/sample_vehicle_description' returned '0': CMAKE_PREFIX_PATH=/opt/ros/humble /usr/bin/cmake --build /autoware/build/sample_vehicle_description -- -j64 -l64
[0.848s] Invoking command in '/autoware/build/sample_vehicle_description': CMAKE_PREFIX_PATH=/opt/ros/humble /usr/bin/cmake --install /autoware/build/sample_vehicle_description
[0.856s] -- Install configuration: "Release"
[0.857s] -- Execute custom install script
[0.858s] -- Symlinking: /autoware/install/sample_vehicle_description/share/sample_vehicle_description/mesh/lexus.dae
[0.867s] -- Symlinking: /autoware/install/sample_vehicle_description/share/sample_vehicle_description/mesh/lexus.jpg
[0.878s] -- Symlinking: /autoware/install/sample_vehicle_description/share/sample_vehicle_description/urdf/vehicle.xacro
[0.889s] -- Symlinking: /autoware/install/sample_vehicle_description/share/sample_vehicle_description/config/mirror.param.yaml
[0.900s] -- Symlinking: /autoware/install/sample_vehicle_description/share/sample_vehicle_description/config/simulator_model.param.yaml
[0.913s] -- Symlinking: /autoware/install/sample_vehicle_description/share/sample_vehicle_description/config/vehicle_info.param.yaml
[0.922s] -- Symlinking: /autoware/install/sample_vehicle_description/share/ament_index/resource_index/package_run_dependencies/sample_vehicle_description
[0.933s] -- Symlinking: /autoware/install/sample_vehicle_description/share/ament_index/resource_index/parent_prefix_path/sample_vehicle_description
[0.940s] -- Symlinking: /autoware/install/sample_vehicle_description/share/sample_vehicle_description/environment/ament_prefix_path.sh
[0.947s] -- Symlinking: /autoware/install/sample_vehicle_description/share/sample_vehicle_description/environment/ament_prefix_path.dsv
[0.955s] -- Symlinking: /autoware/install/sample_vehicle_description/share/sample_vehicle_description/environment/path.sh
[0.960s] -- Symlinking: /autoware/install/sample_vehicle_description/share/sample_vehicle_description/environment/path.dsv
[0.969s] -- Symlinking: /autoware/install/sample_vehicle_description/share/sample_vehicle_description/local_setup.bash
[0.978s] -- Symlinking: /autoware/install/sample_vehicle_description/share/sample_vehicle_description/local_setup.sh
[0.987s] -- Symlinking: /autoware/install/sample_vehicle_description/share/sample_vehicle_description/local_setup.zsh
[0.995s] -- Symlinking: /autoware/install/sample_vehicle_description/share/sample_vehicle_description/local_setup.dsv
[1.004s] -- Symlinking: /autoware/install/sample_vehicle_description/share/sample_vehicle_description/package.dsv
[1.013s] -- Symlinking: /autoware/install/sample_vehicle_description/share/ament_index/resource_index/packages/sample_vehicle_description
[1.022s] -- Symlinking: /autoware/install/sample_vehicle_description/share/sample_vehicle_description/cmake/sample_vehicle_descriptionConfig.cmake
[1.028s] -- Symlinking: /autoware/install/sample_vehicle_description/share/sample_vehicle_description/cmake/sample_vehicle_descriptionConfig-version.cmake
[1.036s] -- Symlinking: /autoware/install/sample_vehicle_description/share/sample_vehicle_description/package.xml
[1.055s] Invoked command in '/autoware/build/sample_vehicle_description' returned '0': CMAKE_PREFIX_PATH=/opt/ros/humble /usr/bin/cmake --install /autoware/build/sample_vehicle_description
