[0.035s] Invoking command in '/autoware/build/object_merger': AMENT_PREFIX_PATH=/autoware/install/perception_utils:/autoware/install/interpolation:/autoware/install/tier4_autoware_utils:/autoware/install/tier4_perception_msgs:/autoware/install/autoware_auto_vehicle_msgs:/autoware/install/autoware_auto_planning_msgs:/autoware/install/autoware_auto_perception_msgs:/autoware/install/tier4_debug_msgs:/autoware/install/mussp:/autoware/install/autoware_cmake:/autoware/install/autoware_auto_mapping_msgs:/autoware/install/autoware_auto_geometry_msgs:/autoware/install/autoware_lint_common:/autoware/install/ament_cmake_auto:${AMENT_PREFIX_PATH} CMAKE_PREFIX_PATH=/autoware/install/perception_utils:/autoware/install/interpolation:/autoware/install/tier4_autoware_utils:/autoware/install/tier4_perception_msgs:/autoware/install/autoware_auto_vehicle_msgs:/autoware/install/autoware_auto_planning_msgs:/autoware/install/autoware_auto_perception_msgs:/autoware/install/tier4_debug_msgs:/autoware/install/mussp:/autoware/install/autoware_cmake:/autoware/install/autoware_auto_mapping_msgs:/autoware/install/autoware_auto_geometry_msgs:/autoware/install/autoware_lint_common:/autoware/install/ament_cmake_auto:/opt/ros/humble LD_LIBRARY_PATH=/autoware/install/perception_utils/lib:/autoware/install/interpolation/lib:/autoware/install/tier4_autoware_utils/lib:/autoware/install/tier4_perception_msgs/lib:/autoware/install/autoware_auto_vehicle_msgs/lib:/autoware/install/autoware_auto_planning_msgs/lib:/autoware/install/autoware_auto_perception_msgs/lib:/autoware/install/tier4_debug_msgs/lib:/autoware/install/mussp/lib:/autoware/install/autoware_auto_mapping_msgs/lib:/autoware/install/autoware_auto_geometry_msgs/lib:${LD_LIBRARY_PATH} PYTHONPATH=/autoware/install/tier4_perception_msgs/local/lib/python3.10/dist-packages:/autoware/install/autoware_auto_vehicle_msgs/local/lib/python3.10/dist-packages:/autoware/install/autoware_auto_planning_msgs/local/lib/python3.10/dist-packages:/autoware/install/autoware_auto_perception_msgs/local/lib/python3.10/dist-packages:/autoware/install/tier4_debug_msgs/local/lib/python3.10/dist-packages:/autoware/install/autoware_auto_mapping_msgs/local/lib/python3.10/dist-packages:/autoware/install/autoware_auto_geometry_msgs/local/lib/python3.10/dist-packages:${PYTHONPATH} /usr/bin/cmake --build /autoware/build/object_merger -- -j64 -l64
[0.062s] -- Found autoware_cmake: 0.1.0 (/autoware/install/autoware_cmake/share/autoware_cmake/cmake)
[0.062s] -- Found ament_cmake_auto: 1.3.2 (/opt/ros/humble/share/ament_cmake_auto/cmake)
[0.203s] -- Override CMake install command with custom implementation using symlinks instead of copying resources
[0.303s] -- Found rosidl_generator_c: 3.1.3 (/opt/ros/humble/share/rosidl_generator_c/cmake)
[0.305s] -- Found rosidl_adapter: 3.1.3 (/opt/ros/humble/share/rosidl_adapter/cmake)
[0.310s] -- Found rosidl_generator_cpp: 3.1.3 (/opt/ros/humble/share/rosidl_generator_cpp/cmake)
[0.320s] -- Using all available rosidl_typesupport_c: rosidl_typesupport_fastrtps_c;rosidl_typesupport_introspection_c
[0.335s] -- Using all available rosidl_typesupport_cpp: rosidl_typesupport_fastrtps_cpp;rosidl_typesupport_introspection_cpp
[1.425s] -- Found rmw_implementation_cmake: 6.1.0 (/opt/ros/humble/share/rmw_implementation_cmake/cmake)
[1.426s] -- Found rmw_fastrtps_cpp: 6.2.1 (/opt/ros/humble/share/rmw_fastrtps_cpp/cmake)
[1.552s] -- Using RMW implementation 'rmw_fastrtps_cpp' as default
[1.682s] -- Found eigen3_cmake_module: 0.1.1 (/opt/ros/humble/share/eigen3_cmake_module/cmake)
[1.683s] -- Ensuring Eigen3 include directory is part of orocos-kdl CMake target
[3.348s] -- Found ament_lint_auto: 0.12.4 (/opt/ros/humble/share/ament_lint_auto/cmake)
[5.458s] -- Added test 'copyright' to check source files copyright and LICENSE
[5.460s] -- Added test 'cppcheck' to perform static code analysis on C / C++ code
[5.460s] -- Configured cppcheck include dirs: /autoware/src/universe/autoware.universe/perception/object_merger/include
[5.461s] -- Configured cppcheck exclude dirs and/or files: 
[5.461s] -- Added test 'lint_cmake' to check CMake code style
[5.462s] -- Added test 'xmllint' to check XML markup files
[5.466s] -- Configuring done
[5.574s] -- Generating done
[5.575s] -- Build files have been written to: /autoware/build/object_merger
[5.608s] Consolidate compiler generated dependencies of target object_association_merger_node
[5.608s] Consolidate compiler generated dependencies of target mu_successive_shortest_path
[5.622s] [ 14%] Linking CXX shared library libmu_successive_shortest_path.so
[5.624s] [ 42%] Built target object_association_merger_node
[6.658s] [ 57%] Built target mu_successive_shortest_path
[6.692s] Consolidate compiler generated dependencies of target object_association_merger
[6.718s] [ 71%] Linking CXX shared library libobject_association_merger.so
[7.047s] [100%] Built target object_association_merger
[7.060s] Invoked command in '/autoware/build/object_merger' returned '0': AMENT_PREFIX_PATH=/autoware/install/perception_utils:/autoware/install/interpolation:/autoware/install/tier4_autoware_utils:/autoware/install/tier4_perception_msgs:/autoware/install/autoware_auto_vehicle_msgs:/autoware/install/autoware_auto_planning_msgs:/autoware/install/autoware_auto_perception_msgs:/autoware/install/tier4_debug_msgs:/autoware/install/mussp:/autoware/install/autoware_cmake:/autoware/install/autoware_auto_mapping_msgs:/autoware/install/autoware_auto_geometry_msgs:/autoware/install/autoware_lint_common:/autoware/install/ament_cmake_auto:${AMENT_PREFIX_PATH} CMAKE_PREFIX_PATH=/autoware/install/perception_utils:/autoware/install/interpolation:/autoware/install/tier4_autoware_utils:/autoware/install/tier4_perception_msgs:/autoware/install/autoware_auto_vehicle_msgs:/autoware/install/autoware_auto_planning_msgs:/autoware/install/autoware_auto_perception_msgs:/autoware/install/tier4_debug_msgs:/autoware/install/mussp:/autoware/install/autoware_cmake:/autoware/install/autoware_auto_mapping_msgs:/autoware/install/autoware_auto_geometry_msgs:/autoware/install/autoware_lint_common:/autoware/install/ament_cmake_auto:/opt/ros/humble LD_LIBRARY_PATH=/autoware/install/perception_utils/lib:/autoware/install/interpolation/lib:/autoware/install/tier4_autoware_utils/lib:/autoware/install/tier4_perception_msgs/lib:/autoware/install/autoware_auto_vehicle_msgs/lib:/autoware/install/autoware_auto_planning_msgs/lib:/autoware/install/autoware_auto_perception_msgs/lib:/autoware/install/tier4_debug_msgs/lib:/autoware/install/mussp/lib:/autoware/install/autoware_auto_mapping_msgs/lib:/autoware/install/autoware_auto_geometry_msgs/lib:${LD_LIBRARY_PATH} PYTHONPATH=/autoware/install/tier4_perception_msgs/local/lib/python3.10/dist-packages:/autoware/install/autoware_auto_vehicle_msgs/local/lib/python3.10/dist-packages:/autoware/install/autoware_auto_planning_msgs/local/lib/python3.10/dist-packages:/autoware/install/autoware_auto_perception_msgs/local/lib/python3.10/dist-packages:/autoware/install/tier4_debug_msgs/local/lib/python3.10/dist-packages:/autoware/install/autoware_auto_mapping_msgs/local/lib/python3.10/dist-packages:/autoware/install/autoware_auto_geometry_msgs/local/lib/python3.10/dist-packages:${PYTHONPATH} /usr/bin/cmake --build /autoware/build/object_merger -- -j64 -l64
[7.089s] Invoking command in '/autoware/build/object_merger': AMENT_PREFIX_PATH=/autoware/install/perception_utils:/autoware/install/interpolation:/autoware/install/tier4_autoware_utils:/autoware/install/tier4_perception_msgs:/autoware/install/autoware_auto_vehicle_msgs:/autoware/install/autoware_auto_planning_msgs:/autoware/install/autoware_auto_perception_msgs:/autoware/install/tier4_debug_msgs:/autoware/install/mussp:/autoware/install/autoware_cmake:/autoware/install/autoware_auto_mapping_msgs:/autoware/install/autoware_auto_geometry_msgs:/autoware/install/autoware_lint_common:/autoware/install/ament_cmake_auto:${AMENT_PREFIX_PATH} CMAKE_PREFIX_PATH=/autoware/install/perception_utils:/autoware/install/interpolation:/autoware/install/tier4_autoware_utils:/autoware/install/tier4_perception_msgs:/autoware/install/autoware_auto_vehicle_msgs:/autoware/install/autoware_auto_planning_msgs:/autoware/install/autoware_auto_perception_msgs:/autoware/install/tier4_debug_msgs:/autoware/install/mussp:/autoware/install/autoware_cmake:/autoware/install/autoware_auto_mapping_msgs:/autoware/install/autoware_auto_geometry_msgs:/autoware/install/autoware_lint_common:/autoware/install/ament_cmake_auto:/opt/ros/humble LD_LIBRARY_PATH=/autoware/install/perception_utils/lib:/autoware/install/interpolation/lib:/autoware/install/tier4_autoware_utils/lib:/autoware/install/tier4_perception_msgs/lib:/autoware/install/autoware_auto_vehicle_msgs/lib:/autoware/install/autoware_auto_planning_msgs/lib:/autoware/install/autoware_auto_perception_msgs/lib:/autoware/install/tier4_debug_msgs/lib:/autoware/install/mussp/lib:/autoware/install/autoware_auto_mapping_msgs/lib:/autoware/install/autoware_auto_geometry_msgs/lib:${LD_LIBRARY_PATH} PYTHONPATH=/autoware/install/tier4_perception_msgs/local/lib/python3.10/dist-packages:/autoware/install/autoware_auto_vehicle_msgs/local/lib/python3.10/dist-packages:/autoware/install/autoware_auto_planning_msgs/local/lib/python3.10/dist-packages:/autoware/install/autoware_auto_perception_msgs/local/lib/python3.10/dist-packages:/autoware/install/tier4_debug_msgs/local/lib/python3.10/dist-packages:/autoware/install/autoware_auto_mapping_msgs/local/lib/python3.10/dist-packages:/autoware/install/autoware_auto_geometry_msgs/local/lib/python3.10/dist-packages:${PYTHONPATH} /usr/bin/cmake --install /autoware/build/object_merger
[7.097s] -- Install configuration: "Release"
[7.097s] -- Execute custom install script
[7.098s] -- Up-to-date symlink: /autoware/install/object_merger/lib/object_merger/object_association_merger_node
[7.099s] -- Up-to-date symlink: /autoware/install/object_merger/include/object_association_merger/data_association/data_association.hpp
[7.099s] -- Up-to-date symlink: /autoware/install/object_merger/include/object_association_merger/data_association/solver/gnn_solver.hpp
[7.099s] -- Up-to-date symlink: /autoware/install/object_merger/include/object_association_merger/data_association/solver/gnn_solver_interface.hpp
[7.099s] -- Up-to-date symlink: /autoware/install/object_merger/include/object_association_merger/data_association/solver/mu_successive_shortest_path.hpp
[7.099s] -- Up-to-date symlink: /autoware/install/object_merger/include/object_association_merger/data_association/solver/successive_shortest_path.hpp
[7.100s] -- Up-to-date symlink: /autoware/install/object_merger/include/object_association_merger/node.hpp
[7.100s] -- Up-to-date symlink: /autoware/install/object_merger/include/object_association_merger/utils/utils.hpp
[7.100s] -- Up-to-date symlink: /autoware/install/object_merger/share/object_merger/environment/library_path.sh
[7.100s] -- Up-to-date symlink: /autoware/install/object_merger/share/object_merger/environment/library_path.dsv
[7.100s] -- Up-to-date symlink: /autoware/install/object_merger/lib/libmu_successive_shortest_path.so
[7.101s] -- Up-to-date symlink: /autoware/install/object_merger/lib/libobject_association_merger.so
[7.101s] -- Up-to-date symlink: /autoware/install/object_merger/share/object_merger/launch/object_association_merger.launch.xml
[7.101s] -- Up-to-date symlink: /autoware/install/object_merger/share/object_merger/config/data_association_matrix.param.yaml
[7.102s] -- Up-to-date symlink: /autoware/install/object_merger/share/object_merger/config/overlapped_judge.param.yaml
[7.102s] -- Up-to-date symlink: /autoware/install/object_merger/share/ament_index/resource_index/package_run_dependencies/object_merger
[7.102s] -- Up-to-date symlink: /autoware/install/object_merger/share/ament_index/resource_index/parent_prefix_path/object_merger
[7.102s] -- Up-to-date symlink: /autoware/install/object_merger/share/object_merger/environment/ament_prefix_path.sh
[7.102s] -- Up-to-date symlink: /autoware/install/object_merger/share/object_merger/environment/ament_prefix_path.dsv
[7.103s] -- Up-to-date symlink: /autoware/install/object_merger/share/object_merger/environment/path.sh
[7.103s] -- Up-to-date symlink: /autoware/install/object_merger/share/object_merger/environment/path.dsv
[7.103s] -- Up-to-date symlink: /autoware/install/object_merger/share/object_merger/local_setup.bash
[7.103s] -- Up-to-date symlink: /autoware/install/object_merger/share/object_merger/local_setup.sh
[7.103s] -- Up-to-date symlink: /autoware/install/object_merger/share/object_merger/local_setup.zsh
[7.104s] -- Up-to-date symlink: /autoware/install/object_merger/share/object_merger/local_setup.dsv
[7.104s] -- Symlinking: /autoware/install/object_merger/share/object_merger/package.dsv
[7.113s] -- Up-to-date symlink: /autoware/install/object_merger/share/ament_index/resource_index/packages/object_merger
[7.113s] -- Up-to-date symlink: /autoware/install/object_merger/share/ament_index/resource_index/rclcpp_components/object_merger
[7.113s] -- Up-to-date symlink: /autoware/install/object_merger/share/object_merger/cmake/ament_cmake_export_dependencies-extras.cmake
[7.114s] -- Up-to-date symlink: /autoware/install/object_merger/share/object_merger/cmake/ament_cmake_export_include_directories-extras.cmake
[7.114s] -- Up-to-date symlink: /autoware/install/object_merger/share/object_merger/cmake/ament_cmake_export_libraries-extras.cmake
[7.114s] -- Up-to-date symlink: /autoware/install/object_merger/share/object_merger/cmake/object_mergerConfig.cmake
[7.114s] -- Up-to-date symlink: /autoware/install/object_merger/share/object_merger/cmake/object_mergerConfig-version.cmake
[7.114s] -- Up-to-date symlink: /autoware/install/object_merger/share/object_merger/package.xml
[7.116s] Invoked command in '/autoware/build/object_merger' returned '0': AMENT_PREFIX_PATH=/autoware/install/perception_utils:/autoware/install/interpolation:/autoware/install/tier4_autoware_utils:/autoware/install/tier4_perception_msgs:/autoware/install/autoware_auto_vehicle_msgs:/autoware/install/autoware_auto_planning_msgs:/autoware/install/autoware_auto_perception_msgs:/autoware/install/tier4_debug_msgs:/autoware/install/mussp:/autoware/install/autoware_cmake:/autoware/install/autoware_auto_mapping_msgs:/autoware/install/autoware_auto_geometry_msgs:/autoware/install/autoware_lint_common:/autoware/install/ament_cmake_auto:${AMENT_PREFIX_PATH} CMAKE_PREFIX_PATH=/autoware/install/perception_utils:/autoware/install/interpolation:/autoware/install/tier4_autoware_utils:/autoware/install/tier4_perception_msgs:/autoware/install/autoware_auto_vehicle_msgs:/autoware/install/autoware_auto_planning_msgs:/autoware/install/autoware_auto_perception_msgs:/autoware/install/tier4_debug_msgs:/autoware/install/mussp:/autoware/install/autoware_cmake:/autoware/install/autoware_auto_mapping_msgs:/autoware/install/autoware_auto_geometry_msgs:/autoware/install/autoware_lint_common:/autoware/install/ament_cmake_auto:/opt/ros/humble LD_LIBRARY_PATH=/autoware/install/perception_utils/lib:/autoware/install/interpolation/lib:/autoware/install/tier4_autoware_utils/lib:/autoware/install/tier4_perception_msgs/lib:/autoware/install/autoware_auto_vehicle_msgs/lib:/autoware/install/autoware_auto_planning_msgs/lib:/autoware/install/autoware_auto_perception_msgs/lib:/autoware/install/tier4_debug_msgs/lib:/autoware/install/mussp/lib:/autoware/install/autoware_auto_mapping_msgs/lib:/autoware/install/autoware_auto_geometry_msgs/lib:${LD_LIBRARY_PATH} PYTHONPATH=/autoware/install/tier4_perception_msgs/local/lib/python3.10/dist-packages:/autoware/install/autoware_auto_vehicle_msgs/local/lib/python3.10/dist-packages:/autoware/install/autoware_auto_planning_msgs/local/lib/python3.10/dist-packages:/autoware/install/autoware_auto_perception_msgs/local/lib/python3.10/dist-packages:/autoware/install/tier4_debug_msgs/local/lib/python3.10/dist-packages:/autoware/install/autoware_auto_mapping_msgs/local/lib/python3.10/dist-packages:/autoware/install/autoware_auto_geometry_msgs/local/lib/python3.10/dist-packages:${PYTHONPATH} /usr/bin/cmake --install /autoware/build/object_merger
