[0.079s] Invoking command in '/autoware/build/mission_planner': AMENT_PREFIX_PATH=/autoware/install/route_handler:/autoware/install/motion_utils:/autoware/install/vehicle_info_util:/autoware/install/interpolation:/autoware/install/tier4_autoware_utils:/autoware/install/lanelet2_extension:/autoware/install/component_interface_utils:/autoware/install/component_interface_specs:/autoware/install/autoware_utils:/autoware/install/autoware_auto_vehicle_msgs:/autoware/install/tier4_system_msgs:/autoware/install/autoware_planning_msgs:/autoware/install/autoware_cmake:/autoware/install/autoware_auto_planning_msgs:/autoware/install/autoware_auto_perception_msgs:/autoware/install/tier4_debug_msgs:/autoware/install/autoware_lint_common:/autoware/install/autoware_common_msgs:/autoware/install/autoware_auto_mapping_msgs:/autoware/install/autoware_auto_geometry_msgs:/autoware/install/autoware_adapi_v1_msgs:${AMENT_PREFIX_PATH} CMAKE_PREFIX_PATH=/autoware/install/route_handler:/autoware/install/motion_utils:/autoware/install/vehicle_info_util:/autoware/install/interpolation:/autoware/install/tier4_autoware_utils:/autoware/install/lanelet2_extension:/autoware/install/component_interface_utils:/autoware/install/component_interface_specs:/autoware/install/autoware_utils:/autoware/install/autoware_auto_vehicle_msgs:/autoware/install/tier4_system_msgs:/autoware/install/autoware_planning_msgs:/autoware/install/autoware_cmake:/autoware/install/autoware_auto_planning_msgs:/autoware/install/autoware_auto_perception_msgs:/autoware/install/tier4_debug_msgs:/autoware/install/autoware_lint_common:/autoware/install/autoware_common_msgs:/autoware/install/autoware_auto_mapping_msgs:/autoware/install/autoware_auto_geometry_msgs:/autoware/install/autoware_adapi_v1_msgs:/opt/ros/humble LD_LIBRARY_PATH=/autoware/install/route_handler/lib:/autoware/install/motion_utils/lib:/autoware/install/vehicle_info_util/lib:/autoware/install/interpolation/lib:/autoware/install/tier4_autoware_utils/lib:/autoware/install/lanelet2_extension/lib:/autoware/install/autoware_utils/lib:/autoware/install/autoware_auto_vehicle_msgs/lib:/autoware/install/tier4_system_msgs/lib:/autoware/install/autoware_planning_msgs/lib:/autoware/install/autoware_auto_planning_msgs/lib:/autoware/install/autoware_auto_perception_msgs/lib:/autoware/install/tier4_debug_msgs/lib:/autoware/install/autoware_common_msgs/lib:/autoware/install/autoware_auto_mapping_msgs/lib:/autoware/install/autoware_auto_geometry_msgs/lib:/autoware/install/autoware_adapi_v1_msgs/lib:${LD_LIBRARY_PATH} PYTHONPATH=/autoware/install/autoware_auto_vehicle_msgs/local/lib/python3.10/dist-packages:/autoware/install/tier4_system_msgs/local/lib/python3.10/dist-packages:/autoware/install/autoware_planning_msgs/local/lib/python3.10/dist-packages:/autoware/install/autoware_auto_planning_msgs/local/lib/python3.10/dist-packages:/autoware/install/autoware_auto_perception_msgs/local/lib/python3.10/dist-packages:/autoware/install/tier4_debug_msgs/local/lib/python3.10/dist-packages:/autoware/install/autoware_common_msgs/local/lib/python3.10/dist-packages:/autoware/install/autoware_auto_mapping_msgs/local/lib/python3.10/dist-packages:/autoware/install/autoware_auto_geometry_msgs/local/lib/python3.10/dist-packages:/autoware/install/autoware_adapi_v1_msgs/local/lib/python3.10/dist-packages:${PYTHONPATH} /usr/bin/cmake /autoware/src/universe/autoware.universe/planning/mission_planner -DCMAKE_BUILD_TYPE=Release -DAMENT_CMAKE_SYMLINK_INSTALL=1 -DCMAKE_INSTALL_PREFIX=/autoware/install/mission_planner
[0.153s] -- The C compiler identification is GNU 11.3.0
[0.228s] -- The CXX compiler identification is GNU 11.3.0
[0.238s] -- Detecting C compiler ABI info
[0.316s] -- Detecting C compiler ABI info - done
[0.328s] -- Check for working C compiler: /usr/bin/cc - skipped
[0.328s] -- Detecting C compile features
[0.329s] -- Detecting C compile features - done
[0.334s] -- Detecting CXX compiler ABI info
[0.430s] -- Detecting CXX compiler ABI info - done
[0.443s] -- Check for working CXX compiler: /usr/bin/c++ - skipped
[0.443s] -- Detecting CXX compile features
[0.444s] -- Detecting CXX compile features - done
[0.447s] -- Found autoware_cmake: 0.1.0 (/autoware/install/autoware_cmake/share/autoware_cmake/cmake)
[0.693s] -- Found Python3: /usr/bin/python3.10 (found version "3.10.6") found components: Interpreter 
[0.799s] -- Override CMake install command with custom implementation using symlinks instead of copying resources
[1.077s] -- Found rosidl_generator_c: 3.1.3 (/opt/ros/humble/share/rosidl_generator_c/cmake)
[1.090s] -- Found rosidl_adapter: 3.1.3 (/opt/ros/humble/share/rosidl_adapter/cmake)
[1.107s] -- Found rosidl_generator_cpp: 3.1.3 (/opt/ros/humble/share/rosidl_generator_cpp/cmake)
[1.132s] -- Using all available rosidl_typesupport_c: rosidl_typesupport_fastrtps_c;rosidl_typesupport_introspection_c
[1.169s] -- Using all available rosidl_typesupport_cpp: rosidl_typesupport_fastrtps_cpp;rosidl_typesupport_introspection_cpp
[2.366s] -- Found rmw_implementation_cmake: 6.1.0 (/opt/ros/humble/share/rmw_implementation_cmake/cmake)
[2.372s] -- Found rmw_fastrtps_cpp: 6.2.1 (/opt/ros/humble/share/rmw_fastrtps_cpp/cmake)
[2.498s] -- Found OpenSSL: /usr/lib/x86_64-linux-gnu/libcrypto.so (found version "3.0.2")  
[2.532s] -- Found FastRTPS: /opt/ros/humble/include  
[2.588s] -- Using RMW implementation 'rmw_fastrtps_cpp' as default
[2.871s] -- Found mrt_cmake_modules: 1.0.9 (/opt/ros/humble/share/mrt_cmake_modules/cmake)
[3.202s] -- Found Boost: /usr/lib/x86_64-linux-gnu/cmake/Boost-1.74.0/BoostConfig.cmake (found version "1.74.0") found components: wserialization thread random serialization log_setup prg_exec_monitor wave system chrono filesystem locale timer date_time regex graph program_options unit_test_framework log atomic iostreams 
[3.541s] -- Found OpenMP_C: -fopenmp (found version "4.5") 
[3.633s] -- Found OpenMP_CXX: -fopenmp (found version "4.5") 
[3.634s] -- Found OpenMP: TRUE (found version "4.5")  
[3.653s] -- Found pugixml: /usr/lib/x86_64-linux-gnu/libpugixml.so  
[3.690s] -- Found PkgConfig: /usr/bin/pkg-config (found version "0.29.2") 
[3.694s] -- Found GeographicLib: /usr/lib/x86_64-linux-gnu/libGeographic.so  
[3.844s] -- Found eigen3_cmake_module: 0.1.1 (/opt/ros/humble/share/eigen3_cmake_module/cmake)
[3.847s] -- Found Eigen3: TRUE (found version "3.4.0") 
[3.847s] -- Ensuring Eigen3 include directory is part of orocos-kdl CMake target
[12.537s] -- Found ament_lint_auto: 0.12.4 (/opt/ros/humble/share/ament_lint_auto/cmake)
[56.596s] -- Added test 'copyright' to check source files copyright and LICENSE
[56.599s] -- Added test 'cppcheck' to perform static code analysis on C / C++ code
[56.600s] -- Configured cppcheck include dirs: /autoware/src/universe/autoware.universe/planning/mission_planner/include
[56.600s] -- Configured cppcheck exclude dirs and/or files: 
[56.601s] -- Added test 'lint_cmake' to check CMake code style
[56.602s] -- Added test 'xmllint' to check XML markup files
[56.606s] -- Configuring done
[56.836s] -- Generating done
[56.839s] -- Build files have been written to: /autoware/build/mission_planner
[56.856s] Invoked command in '/autoware/build/mission_planner' returned '0': AMENT_PREFIX_PATH=/autoware/install/route_handler:/autoware/install/motion_utils:/autoware/install/vehicle_info_util:/autoware/install/interpolation:/autoware/install/tier4_autoware_utils:/autoware/install/lanelet2_extension:/autoware/install/component_interface_utils:/autoware/install/component_interface_specs:/autoware/install/autoware_utils:/autoware/install/autoware_auto_vehicle_msgs:/autoware/install/tier4_system_msgs:/autoware/install/autoware_planning_msgs:/autoware/install/autoware_cmake:/autoware/install/autoware_auto_planning_msgs:/autoware/install/autoware_auto_perception_msgs:/autoware/install/tier4_debug_msgs:/autoware/install/autoware_lint_common:/autoware/install/autoware_common_msgs:/autoware/install/autoware_auto_mapping_msgs:/autoware/install/autoware_auto_geometry_msgs:/autoware/install/autoware_adapi_v1_msgs:${AMENT_PREFIX_PATH} CMAKE_PREFIX_PATH=/autoware/install/route_handler:/autoware/install/motion_utils:/autoware/install/vehicle_info_util:/autoware/install/interpolation:/autoware/install/tier4_autoware_utils:/autoware/install/lanelet2_extension:/autoware/install/component_interface_utils:/autoware/install/component_interface_specs:/autoware/install/autoware_utils:/autoware/install/autoware_auto_vehicle_msgs:/autoware/install/tier4_system_msgs:/autoware/install/autoware_planning_msgs:/autoware/install/autoware_cmake:/autoware/install/autoware_auto_planning_msgs:/autoware/install/autoware_auto_perception_msgs:/autoware/install/tier4_debug_msgs:/autoware/install/autoware_lint_common:/autoware/install/autoware_common_msgs:/autoware/install/autoware_auto_mapping_msgs:/autoware/install/autoware_auto_geometry_msgs:/autoware/install/autoware_adapi_v1_msgs:/opt/ros/humble LD_LIBRARY_PATH=/autoware/install/route_handler/lib:/autoware/install/motion_utils/lib:/autoware/install/vehicle_info_util/lib:/autoware/install/interpolation/lib:/autoware/install/tier4_autoware_utils/lib:/autoware/install/lanelet2_extension/lib:/autoware/install/autoware_utils/lib:/autoware/install/autoware_auto_vehicle_msgs/lib:/autoware/install/tier4_system_msgs/lib:/autoware/install/autoware_planning_msgs/lib:/autoware/install/autoware_auto_planning_msgs/lib:/autoware/install/autoware_auto_perception_msgs/lib:/autoware/install/tier4_debug_msgs/lib:/autoware/install/autoware_common_msgs/lib:/autoware/install/autoware_auto_mapping_msgs/lib:/autoware/install/autoware_auto_geometry_msgs/lib:/autoware/install/autoware_adapi_v1_msgs/lib:${LD_LIBRARY_PATH} PYTHONPATH=/autoware/install/autoware_auto_vehicle_msgs/local/lib/python3.10/dist-packages:/autoware/install/tier4_system_msgs/local/lib/python3.10/dist-packages:/autoware/install/autoware_planning_msgs/local/lib/python3.10/dist-packages:/autoware/install/autoware_auto_planning_msgs/local/lib/python3.10/dist-packages:/autoware/install/autoware_auto_perception_msgs/local/lib/python3.10/dist-packages:/autoware/install/tier4_debug_msgs/local/lib/python3.10/dist-packages:/autoware/install/autoware_common_msgs/local/lib/python3.10/dist-packages:/autoware/install/autoware_auto_mapping_msgs/local/lib/python3.10/dist-packages:/autoware/install/autoware_auto_geometry_msgs/local/lib/python3.10/dist-packages:/autoware/install/autoware_adapi_v1_msgs/local/lib/python3.10/dist-packages:${PYTHONPATH} /usr/bin/cmake /autoware/src/universe/autoware.universe/planning/mission_planner -DCMAKE_BUILD_TYPE=Release -DAMENT_CMAKE_SYMLINK_INSTALL=1 -DCMAKE_INSTALL_PREFIX=/autoware/install/mission_planner
[56.857s] Invoking command in '/autoware/build/mission_planner': AMENT_PREFIX_PATH=/autoware/install/route_handler:/autoware/install/motion_utils:/autoware/install/vehicle_info_util:/autoware/install/interpolation:/autoware/install/tier4_autoware_utils:/autoware/install/lanelet2_extension:/autoware/install/component_interface_utils:/autoware/install/component_interface_specs:/autoware/install/autoware_utils:/autoware/install/autoware_auto_vehicle_msgs:/autoware/install/tier4_system_msgs:/autoware/install/autoware_planning_msgs:/autoware/install/autoware_cmake:/autoware/install/autoware_auto_planning_msgs:/autoware/install/autoware_auto_perception_msgs:/autoware/install/tier4_debug_msgs:/autoware/install/autoware_lint_common:/autoware/install/autoware_common_msgs:/autoware/install/autoware_auto_mapping_msgs:/autoware/install/autoware_auto_geometry_msgs:/autoware/install/autoware_adapi_v1_msgs:${AMENT_PREFIX_PATH} CMAKE_PREFIX_PATH=/autoware/install/route_handler:/autoware/install/motion_utils:/autoware/install/vehicle_info_util:/autoware/install/interpolation:/autoware/install/tier4_autoware_utils:/autoware/install/lanelet2_extension:/autoware/install/component_interface_utils:/autoware/install/component_interface_specs:/autoware/install/autoware_utils:/autoware/install/autoware_auto_vehicle_msgs:/autoware/install/tier4_system_msgs:/autoware/install/autoware_planning_msgs:/autoware/install/autoware_cmake:/autoware/install/autoware_auto_planning_msgs:/autoware/install/autoware_auto_perception_msgs:/autoware/install/tier4_debug_msgs:/autoware/install/autoware_lint_common:/autoware/install/autoware_common_msgs:/autoware/install/autoware_auto_mapping_msgs:/autoware/install/autoware_auto_geometry_msgs:/autoware/install/autoware_adapi_v1_msgs:/opt/ros/humble LD_LIBRARY_PATH=/autoware/install/route_handler/lib:/autoware/install/motion_utils/lib:/autoware/install/vehicle_info_util/lib:/autoware/install/interpolation/lib:/autoware/install/tier4_autoware_utils/lib:/autoware/install/lanelet2_extension/lib:/autoware/install/autoware_utils/lib:/autoware/install/autoware_auto_vehicle_msgs/lib:/autoware/install/tier4_system_msgs/lib:/autoware/install/autoware_planning_msgs/lib:/autoware/install/autoware_auto_planning_msgs/lib:/autoware/install/autoware_auto_perception_msgs/lib:/autoware/install/tier4_debug_msgs/lib:/autoware/install/autoware_common_msgs/lib:/autoware/install/autoware_auto_mapping_msgs/lib:/autoware/install/autoware_auto_geometry_msgs/lib:/autoware/install/autoware_adapi_v1_msgs/lib:${LD_LIBRARY_PATH} PYTHONPATH=/autoware/install/autoware_auto_vehicle_msgs/local/lib/python3.10/dist-packages:/autoware/install/tier4_system_msgs/local/lib/python3.10/dist-packages:/autoware/install/autoware_planning_msgs/local/lib/python3.10/dist-packages:/autoware/install/autoware_auto_planning_msgs/local/lib/python3.10/dist-packages:/autoware/install/autoware_auto_perception_msgs/local/lib/python3.10/dist-packages:/autoware/install/tier4_debug_msgs/local/lib/python3.10/dist-packages:/autoware/install/autoware_common_msgs/local/lib/python3.10/dist-packages:/autoware/install/autoware_auto_mapping_msgs/local/lib/python3.10/dist-packages:/autoware/install/autoware_auto_geometry_msgs/local/lib/python3.10/dist-packages:/autoware/install/autoware_adapi_v1_msgs/local/lib/python3.10/dist-packages:${PYTHONPATH} /usr/bin/cmake --build /autoware/build/mission_planner -- -j64 -l64
[56.933s] [  8%] Building CXX object CMakeFiles/goal_pose_visualizer.dir/rclcpp_components/node_main_goal_pose_visualizer.cpp.o
[56.942s] [ 16%] Building CXX object CMakeFiles/mission_planner.dir/rclcpp_components/node_main_mission_planner.cpp.o
[56.943s] [ 25%] Building CXX object CMakeFiles/goal_pose_visualizer_component.dir/src/goal_pose_visualizer/goal_pose_visualizer.cpp.o
[60.052s] [ 33%] Linking CXX executable goal_pose_visualizer
[60.057s] [ 41%] Linking CXX executable mission_planner
[60.141s] [ 41%] Built target goal_pose_visualizer
[60.149s] [ 41%] Built target mission_planner
[69.988s] [ 50%] Linking CXX shared library libgoal_pose_visualizer_component.so
[70.344s] [ 50%] Built target goal_pose_visualizer_component
[70.381s] [ 58%] Building CXX object CMakeFiles/mission_planner_component.dir/src/mission_planner/mission_planner.cpp.o
[70.382s] [ 66%] Building CXX object CMakeFiles/mission_planner_component.dir/src/mission_planner/arrival_checker.cpp.o
[98.574s] [ 75%] Linking CXX shared library libmission_planner_component.so
[99.417s] [ 75%] Built target mission_planner_component
[99.561s] [ 83%] Building CXX object CMakeFiles/mission_planner_lanelet2_plugins.dir/src/lanelet2_plugins/default_planner.cpp.o
[99.573s] [ 91%] Building CXX object CMakeFiles/mission_planner_lanelet2_plugins.dir/src/lanelet2_plugins/utility_functions.cpp.o
[127.871s] [100%] Linking CXX shared library libmission_planner_lanelet2_plugins.so
[128.335s] [100%] Built target mission_planner_lanelet2_plugins
[128.344s] Invoked command in '/autoware/build/mission_planner' returned '0': AMENT_PREFIX_PATH=/autoware/install/route_handler:/autoware/install/motion_utils:/autoware/install/vehicle_info_util:/autoware/install/interpolation:/autoware/install/tier4_autoware_utils:/autoware/install/lanelet2_extension:/autoware/install/component_interface_utils:/autoware/install/component_interface_specs:/autoware/install/autoware_utils:/autoware/install/autoware_auto_vehicle_msgs:/autoware/install/tier4_system_msgs:/autoware/install/autoware_planning_msgs:/autoware/install/autoware_cmake:/autoware/install/autoware_auto_planning_msgs:/autoware/install/autoware_auto_perception_msgs:/autoware/install/tier4_debug_msgs:/autoware/install/autoware_lint_common:/autoware/install/autoware_common_msgs:/autoware/install/autoware_auto_mapping_msgs:/autoware/install/autoware_auto_geometry_msgs:/autoware/install/autoware_adapi_v1_msgs:${AMENT_PREFIX_PATH} CMAKE_PREFIX_PATH=/autoware/install/route_handler:/autoware/install/motion_utils:/autoware/install/vehicle_info_util:/autoware/install/interpolation:/autoware/install/tier4_autoware_utils:/autoware/install/lanelet2_extension:/autoware/install/component_interface_utils:/autoware/install/component_interface_specs:/autoware/install/autoware_utils:/autoware/install/autoware_auto_vehicle_msgs:/autoware/install/tier4_system_msgs:/autoware/install/autoware_planning_msgs:/autoware/install/autoware_cmake:/autoware/install/autoware_auto_planning_msgs:/autoware/install/autoware_auto_perception_msgs:/autoware/install/tier4_debug_msgs:/autoware/install/autoware_lint_common:/autoware/install/autoware_common_msgs:/autoware/install/autoware_auto_mapping_msgs:/autoware/install/autoware_auto_geometry_msgs:/autoware/install/autoware_adapi_v1_msgs:/opt/ros/humble LD_LIBRARY_PATH=/autoware/install/route_handler/lib:/autoware/install/motion_utils/lib:/autoware/install/vehicle_info_util/lib:/autoware/install/interpolation/lib:/autoware/install/tier4_autoware_utils/lib:/autoware/install/lanelet2_extension/lib:/autoware/install/autoware_utils/lib:/autoware/install/autoware_auto_vehicle_msgs/lib:/autoware/install/tier4_system_msgs/lib:/autoware/install/autoware_planning_msgs/lib:/autoware/install/autoware_auto_planning_msgs/lib:/autoware/install/autoware_auto_perception_msgs/lib:/autoware/install/tier4_debug_msgs/lib:/autoware/install/autoware_common_msgs/lib:/autoware/install/autoware_auto_mapping_msgs/lib:/autoware/install/autoware_auto_geometry_msgs/lib:/autoware/install/autoware_adapi_v1_msgs/lib:${LD_LIBRARY_PATH} PYTHONPATH=/autoware/install/autoware_auto_vehicle_msgs/local/lib/python3.10/dist-packages:/autoware/install/tier4_system_msgs/local/lib/python3.10/dist-packages:/autoware/install/autoware_planning_msgs/local/lib/python3.10/dist-packages:/autoware/install/autoware_auto_planning_msgs/local/lib/python3.10/dist-packages:/autoware/install/autoware_auto_perception_msgs/local/lib/python3.10/dist-packages:/autoware/install/tier4_debug_msgs/local/lib/python3.10/dist-packages:/autoware/install/autoware_common_msgs/local/lib/python3.10/dist-packages:/autoware/install/autoware_auto_mapping_msgs/local/lib/python3.10/dist-packages:/autoware/install/autoware_auto_geometry_msgs/local/lib/python3.10/dist-packages:/autoware/install/autoware_adapi_v1_msgs/local/lib/python3.10/dist-packages:${PYTHONPATH} /usr/bin/cmake --build /autoware/build/mission_planner -- -j64 -l64
[128.368s] Invoking command in '/autoware/build/mission_planner': AMENT_PREFIX_PATH=/autoware/install/route_handler:/autoware/install/motion_utils:/autoware/install/vehicle_info_util:/autoware/install/interpolation:/autoware/install/tier4_autoware_utils:/autoware/install/lanelet2_extension:/autoware/install/component_interface_utils:/autoware/install/component_interface_specs:/autoware/install/autoware_utils:/autoware/install/autoware_auto_vehicle_msgs:/autoware/install/tier4_system_msgs:/autoware/install/autoware_planning_msgs:/autoware/install/autoware_cmake:/autoware/install/autoware_auto_planning_msgs:/autoware/install/autoware_auto_perception_msgs:/autoware/install/tier4_debug_msgs:/autoware/install/autoware_lint_common:/autoware/install/autoware_common_msgs:/autoware/install/autoware_auto_mapping_msgs:/autoware/install/autoware_auto_geometry_msgs:/autoware/install/autoware_adapi_v1_msgs:${AMENT_PREFIX_PATH} CMAKE_PREFIX_PATH=/autoware/install/route_handler:/autoware/install/motion_utils:/autoware/install/vehicle_info_util:/autoware/install/interpolation:/autoware/install/tier4_autoware_utils:/autoware/install/lanelet2_extension:/autoware/install/component_interface_utils:/autoware/install/component_interface_specs:/autoware/install/autoware_utils:/autoware/install/autoware_auto_vehicle_msgs:/autoware/install/tier4_system_msgs:/autoware/install/autoware_planning_msgs:/autoware/install/autoware_cmake:/autoware/install/autoware_auto_planning_msgs:/autoware/install/autoware_auto_perception_msgs:/autoware/install/tier4_debug_msgs:/autoware/install/autoware_lint_common:/autoware/install/autoware_common_msgs:/autoware/install/autoware_auto_mapping_msgs:/autoware/install/autoware_auto_geometry_msgs:/autoware/install/autoware_adapi_v1_msgs:/opt/ros/humble LD_LIBRARY_PATH=/autoware/install/route_handler/lib:/autoware/install/motion_utils/lib:/autoware/install/vehicle_info_util/lib:/autoware/install/interpolation/lib:/autoware/install/tier4_autoware_utils/lib:/autoware/install/lanelet2_extension/lib:/autoware/install/autoware_utils/lib:/autoware/install/autoware_auto_vehicle_msgs/lib:/autoware/install/tier4_system_msgs/lib:/autoware/install/autoware_planning_msgs/lib:/autoware/install/autoware_auto_planning_msgs/lib:/autoware/install/autoware_auto_perception_msgs/lib:/autoware/install/tier4_debug_msgs/lib:/autoware/install/autoware_common_msgs/lib:/autoware/install/autoware_auto_mapping_msgs/lib:/autoware/install/autoware_auto_geometry_msgs/lib:/autoware/install/autoware_adapi_v1_msgs/lib:${LD_LIBRARY_PATH} PYTHONPATH=/autoware/install/autoware_auto_vehicle_msgs/local/lib/python3.10/dist-packages:/autoware/install/tier4_system_msgs/local/lib/python3.10/dist-packages:/autoware/install/autoware_planning_msgs/local/lib/python3.10/dist-packages:/autoware/install/autoware_auto_planning_msgs/local/lib/python3.10/dist-packages:/autoware/install/autoware_auto_perception_msgs/local/lib/python3.10/dist-packages:/autoware/install/tier4_debug_msgs/local/lib/python3.10/dist-packages:/autoware/install/autoware_common_msgs/local/lib/python3.10/dist-packages:/autoware/install/autoware_auto_mapping_msgs/local/lib/python3.10/dist-packages:/autoware/install/autoware_auto_geometry_msgs/local/lib/python3.10/dist-packages:/autoware/install/autoware_adapi_v1_msgs/local/lib/python3.10/dist-packages:${PYTHONPATH} /usr/bin/cmake --install /autoware/build/mission_planner
[128.374s] -- Install configuration: "Release"
[128.374s] -- Execute custom install script
[128.374s] -- Symlinking: /autoware/install/mission_planner/lib/mission_planner/goal_pose_visualizer
[128.380s] -- Symlinking: /autoware/install/mission_planner/lib/mission_planner/mission_planner
[128.387s] -- Symlinking: /autoware/install/mission_planner/share/mission_planner/plugins/plugin_description.xml
[128.393s] -- Symlinking: /autoware/install/mission_planner/include/mission_planner/mission_planner_plugin.hpp
[128.399s] -- Symlinking: /autoware/install/mission_planner/share/mission_planner/environment/library_path.sh
[128.405s] -- Symlinking: /autoware/install/mission_planner/share/mission_planner/environment/library_path.dsv
[128.411s] -- Symlinking: /autoware/install/mission_planner/lib/libgoal_pose_visualizer_component.so
[128.417s] -- Symlinking: /autoware/install/mission_planner/lib/libmission_planner_component.so
[128.423s] -- Symlinking: /autoware/install/mission_planner/lib/libmission_planner_lanelet2_plugins.so
[128.429s] -- Symlinking: /autoware/install/mission_planner/share/mission_planner/launch/goal_pose_visualizer.launch.xml
[128.435s] -- Symlinking: /autoware/install/mission_planner/share/mission_planner/launch/mission_planner.launch.xml
[128.441s] -- Symlinking: /autoware/install/mission_planner/share/ament_index/resource_index/package_run_dependencies/mission_planner
[128.447s] -- Symlinking: /autoware/install/mission_planner/share/ament_index/resource_index/parent_prefix_path/mission_planner
[128.453s] -- Symlinking: /autoware/install/mission_planner/share/mission_planner/environment/ament_prefix_path.sh
[128.459s] -- Symlinking: /autoware/install/mission_planner/share/mission_planner/environment/ament_prefix_path.dsv
[128.465s] -- Symlinking: /autoware/install/mission_planner/share/mission_planner/environment/path.sh
[128.471s] -- Symlinking: /autoware/install/mission_planner/share/mission_planner/environment/path.dsv
[128.477s] -- Symlinking: /autoware/install/mission_planner/share/mission_planner/local_setup.bash
[128.483s] -- Symlinking: /autoware/install/mission_planner/share/mission_planner/local_setup.sh
[128.489s] -- Symlinking: /autoware/install/mission_planner/share/mission_planner/local_setup.zsh
[128.495s] -- Symlinking: /autoware/install/mission_planner/share/mission_planner/local_setup.dsv
[128.501s] -- Symlinking: /autoware/install/mission_planner/share/mission_planner/package.dsv
[128.507s] -- Symlinking: /autoware/install/mission_planner/share/ament_index/resource_index/packages/mission_planner
[128.513s] -- Symlinking: /autoware/install/mission_planner/share/ament_index/resource_index/mission_planner__pluginlib__plugin/mission_planner
[128.518s] -- Symlinking: /autoware/install/mission_planner/share/ament_index/resource_index/rclcpp_components/mission_planner
[128.525s] -- Symlinking: /autoware/install/mission_planner/share/mission_planner/cmake/ament_cmake_export_dependencies-extras.cmake
[128.530s] -- Symlinking: /autoware/install/mission_planner/share/mission_planner/cmake/ament_cmake_export_include_directories-extras.cmake
[128.536s] -- Symlinking: /autoware/install/mission_planner/share/mission_planner/cmake/ament_cmake_export_libraries-extras.cmake
[128.542s] -- Symlinking: /autoware/install/mission_planner/share/mission_planner/cmake/mission_plannerConfig.cmake
[128.548s] -- Symlinking: /autoware/install/mission_planner/share/mission_planner/cmake/mission_plannerConfig-version.cmake
[128.554s] -- Symlinking: /autoware/install/mission_planner/share/mission_planner/package.xml
[128.568s] Invoked command in '/autoware/build/mission_planner' returned '0': AMENT_PREFIX_PATH=/autoware/install/route_handler:/autoware/install/motion_utils:/autoware/install/vehicle_info_util:/autoware/install/interpolation:/autoware/install/tier4_autoware_utils:/autoware/install/lanelet2_extension:/autoware/install/component_interface_utils:/autoware/install/component_interface_specs:/autoware/install/autoware_utils:/autoware/install/autoware_auto_vehicle_msgs:/autoware/install/tier4_system_msgs:/autoware/install/autoware_planning_msgs:/autoware/install/autoware_cmake:/autoware/install/autoware_auto_planning_msgs:/autoware/install/autoware_auto_perception_msgs:/autoware/install/tier4_debug_msgs:/autoware/install/autoware_lint_common:/autoware/install/autoware_common_msgs:/autoware/install/autoware_auto_mapping_msgs:/autoware/install/autoware_auto_geometry_msgs:/autoware/install/autoware_adapi_v1_msgs:${AMENT_PREFIX_PATH} CMAKE_PREFIX_PATH=/autoware/install/route_handler:/autoware/install/motion_utils:/autoware/install/vehicle_info_util:/autoware/install/interpolation:/autoware/install/tier4_autoware_utils:/autoware/install/lanelet2_extension:/autoware/install/component_interface_utils:/autoware/install/component_interface_specs:/autoware/install/autoware_utils:/autoware/install/autoware_auto_vehicle_msgs:/autoware/install/tier4_system_msgs:/autoware/install/autoware_planning_msgs:/autoware/install/autoware_cmake:/autoware/install/autoware_auto_planning_msgs:/autoware/install/autoware_auto_perception_msgs:/autoware/install/tier4_debug_msgs:/autoware/install/autoware_lint_common:/autoware/install/autoware_common_msgs:/autoware/install/autoware_auto_mapping_msgs:/autoware/install/autoware_auto_geometry_msgs:/autoware/install/autoware_adapi_v1_msgs:/opt/ros/humble LD_LIBRARY_PATH=/autoware/install/route_handler/lib:/autoware/install/motion_utils/lib:/autoware/install/vehicle_info_util/lib:/autoware/install/interpolation/lib:/autoware/install/tier4_autoware_utils/lib:/autoware/install/lanelet2_extension/lib:/autoware/install/autoware_utils/lib:/autoware/install/autoware_auto_vehicle_msgs/lib:/autoware/install/tier4_system_msgs/lib:/autoware/install/autoware_planning_msgs/lib:/autoware/install/autoware_auto_planning_msgs/lib:/autoware/install/autoware_auto_perception_msgs/lib:/autoware/install/tier4_debug_msgs/lib:/autoware/install/autoware_common_msgs/lib:/autoware/install/autoware_auto_mapping_msgs/lib:/autoware/install/autoware_auto_geometry_msgs/lib:/autoware/install/autoware_adapi_v1_msgs/lib:${LD_LIBRARY_PATH} PYTHONPATH=/autoware/install/autoware_auto_vehicle_msgs/local/lib/python3.10/dist-packages:/autoware/install/tier4_system_msgs/local/lib/python3.10/dist-packages:/autoware/install/autoware_planning_msgs/local/lib/python3.10/dist-packages:/autoware/install/autoware_auto_planning_msgs/local/lib/python3.10/dist-packages:/autoware/install/autoware_auto_perception_msgs/local/lib/python3.10/dist-packages:/autoware/install/tier4_debug_msgs/local/lib/python3.10/dist-packages:/autoware/install/autoware_common_msgs/local/lib/python3.10/dist-packages:/autoware/install/autoware_auto_mapping_msgs/local/lib/python3.10/dist-packages:/autoware/install/autoware_auto_geometry_msgs/local/lib/python3.10/dist-packages:/autoware/install/autoware_adapi_v1_msgs/local/lib/python3.10/dist-packages:${PYTHONPATH} /usr/bin/cmake --install /autoware/build/mission_planner
