[0.033s] Invoking command in '/autoware/build/tier4_calibration_rviz_plugin': AMENT_PREFIX_PATH=/autoware/install/tier4_vehicle_msgs:/autoware/install/tier4_control_msgs:/autoware/install/autoware_cmake:/autoware/install/autoware_lint_common:/autoware/install/autoware_common_msgs:${AMENT_PREFIX_PATH} CMAKE_PREFIX_PATH=/autoware/install/tier4_vehicle_msgs:/autoware/install/tier4_control_msgs:/autoware/install/autoware_cmake:/autoware/install/autoware_lint_common:/autoware/install/autoware_common_msgs:/opt/ros/humble LD_LIBRARY_PATH=/autoware/install/tier4_vehicle_msgs/lib:/autoware/install/tier4_control_msgs/lib:/autoware/install/autoware_common_msgs/lib:${LD_LIBRARY_PATH} PYTHONPATH=/autoware/install/tier4_vehicle_msgs/local/lib/python3.10/dist-packages:/autoware/install/tier4_control_msgs/local/lib/python3.10/dist-packages:/autoware/install/autoware_common_msgs/local/lib/python3.10/dist-packages:${PYTHONPATH} /usr/bin/cmake /autoware/src/universe/autoware.universe/common/tier4_calibration_rviz_plugin -DCMAKE_BUILD_TYPE=Release -DAMENT_CMAKE_SYMLINK_INSTALL=1 -DCMAKE_INSTALL_PREFIX=/autoware/install/tier4_calibration_rviz_plugin
[0.124s] -- The C compiler identification is GNU 11.3.0
[0.206s] -- The CXX compiler identification is GNU 11.3.0
[0.215s] -- Detecting C compiler ABI info
[0.319s] -- Detecting C compiler ABI info - done
[0.332s] -- Check for working C compiler: /usr/bin/cc - skipped
[0.333s] -- Detecting C compile features
[0.333s] -- Detecting C compile features - done
[0.338s] -- Detecting CXX compiler ABI info
[0.460s] -- Detecting CXX compiler ABI info - done
[0.469s] -- Check for working CXX compiler: /usr/bin/c++ - skipped
[0.469s] -- Detecting CXX compile features
[0.470s] -- Detecting CXX compile features - done
[0.472s] -- Found autoware_cmake: 0.1.0 (/autoware/install/autoware_cmake/share/autoware_cmake/cmake)
[0.765s] -- Found Python3: /usr/bin/python3.10 (found version "3.10.6") found components: Interpreter 
[0.873s] -- Override CMake install command with custom implementation using symlinks instead of copying resources
[1.146s] -- Setting OGRE_DIR to: '/opt/ros/humble/share/rviz_ogre_vendor/cmake/../../../opt/rviz_ogre_vendor/lib/OGRE/cmake'
[1.148s] -- Found OGRE
[1.148s] --   static     : OFF
[1.149s] --   components : HLMS;MeshLodGenerator;Overlay;Paging;Property;RTShaderSystem;Terrain;Volume
[1.149s] --   plugins    : Plugin_BSPSceneManager;Plugin_OctreeSceneManager;Plugin_PCZSceneManager;Plugin_ParticleFX;RenderSystem_GL;RenderSystem_GL3Plus;Codec_STBI
[1.149s] --   media      : /opt/ros/humble/opt/rviz_ogre_vendor/share/OGRE/Media
[1.150s] -- OGRE_LIBRARIES: OgreHLMS;OgreMeshLodGenerator;OgreOverlay;OgrePaging;OgreProperty;OgreRTShaderSystem;OgreTerrain;OgreVolume;OgreMain
[1.150s] -- OGRE_LIBRARY_DIRS: /opt/ros/humble/opt/rviz_ogre_vendor/lib
[1.150s] -- OGRE_PLUGINS: Plugin_BSPSceneManager;Plugin_OctreeSceneManager;Plugin_PCZSceneManager;Plugin_ParticleFX;RenderSystem_GL;RenderSystem_GL3Plus;Codec_STBI
[1.150s] -- OGRE_PLUGIN_DIR: /opt/ros/humble/opt/rviz_ogre_vendor/lib/OGRE
[1.150s] -- rviz_ogre_vendor::OgreOverlay for IMPORTED_LOCATION_RELEASE: /opt/ros/humble/opt/rviz_ogre_vendor/lib/libOgreOverlay.so
[1.150s] -- rviz_ogre_vendor::OgreOverlay for IMPORTED_LOCATION_DEBUG: /opt/ros/humble/opt/rviz_ogre_vendor/lib/libOgreOverlay.so
[1.150s] -- rviz_ogre_vendor::OgreMain for IMPORTED_LOCATION_RELEASE: /opt/ros/humble/opt/rviz_ogre_vendor/lib/libOgreMain.so
[1.150s] -- rviz_ogre_vendor::OgreMain for IMPORTED_LOCATION_DEBUG: /opt/ros/humble/opt/rviz_ogre_vendor/lib/libOgreMain.so
[1.156s] -- Could not find freeimage library
[1.186s] -- Found ZLIB: /usr/lib/x86_64-linux-gnu/libz.so (found version "1.2.11") 
[1.194s] -- Found OpenGL: /usr/lib/x86_64-linux-gnu/libOpenGL.so   
[1.344s] -- Found X11: /usr/include   
[1.345s] -- Looking for XOpenDisplay in /usr/lib/x86_64-linux-gnu/libX11.so;/usr/lib/x86_64-linux-gnu/libXext.so
[1.456s] -- Looking for XOpenDisplay in /usr/lib/x86_64-linux-gnu/libX11.so;/usr/lib/x86_64-linux-gnu/libXext.so - found
[1.457s] -- Looking for gethostbyname
[1.693s] -- Looking for gethostbyname - found
[1.693s] -- Looking for connect
[1.938s] -- Looking for connect - found
[1.939s] -- Looking for remove
[2.058s] -- Looking for remove - found
[2.058s] -- Looking for shmat
[2.143s] -- Looking for shmat - found
[2.143s] -- Looking for IceConnectionNumber in ICE
[2.234s] -- Looking for IceConnectionNumber in ICE - found
[2.237s] -- rviz_ogre_vendor::RenderSystem_GL for IMPORTED_LOCATION_RELEASE: _render_system_gl_static_library_abs-NOTFOUND
[2.237s] -- rviz_ogre_vendor::RenderSystem_GL for IMPORTED_LOCATION_DEBUG: _render_system_gl_static_library_abs-NOTFOUND
[2.348s] -- library: /usr/lib/x86_64-linux-gnu/libcurl.so
[2.437s] -- Found rosidl_generator_c: 3.1.3 (/opt/ros/humble/share/rosidl_generator_c/cmake)
[2.437s] -- Found rosidl_adapter: 3.1.3 (/opt/ros/humble/share/rosidl_adapter/cmake)
[2.437s] -- Found rosidl_generator_cpp: 3.1.3 (/opt/ros/humble/share/rosidl_generator_cpp/cmake)
[2.455s] -- Using all available rosidl_typesupport_c: rosidl_typesupport_fastrtps_c;rosidl_typesupport_introspection_c
[2.519s] -- Using all available rosidl_typesupport_cpp: rosidl_typesupport_fastrtps_cpp;rosidl_typesupport_introspection_cpp
[2.843s] -- Found rmw_implementation_cmake: 6.1.0 (/opt/ros/humble/share/rmw_implementation_cmake/cmake)
[2.847s] -- Found rmw_fastrtps_cpp: 6.2.1 (/opt/ros/humble/share/rmw_fastrtps_cpp/cmake)
[2.980s] -- Found OpenSSL: /usr/lib/x86_64-linux-gnu/libcrypto.so (found version "3.0.2")  
[3.018s] -- Found FastRTPS: /opt/ros/humble/include  
[3.100s] -- Using RMW implementation 'rmw_fastrtps_cpp' as default
[3.589s] -- Found Eigen3: TRUE (found version "3.4.0") 
[3.589s] -- Ensuring Eigen3 include directory is part of orocos-kdl CMake target
[4.756s] -- Found ament_lint_auto: 0.12.4 (/opt/ros/humble/share/ament_lint_auto/cmake)
[4.785s] -- Added test 'copyright' to check source files copyright and LICENSE
[4.787s] -- Added test 'cppcheck' to perform static code analysis on C / C++ code
[4.787s] -- Configured cppcheck include dirs: 
[4.787s] -- Configured cppcheck exclude dirs and/or files: 
[4.787s] -- Added test 'lint_cmake' to check CMake code style
[4.788s] -- Added test 'xmllint' to check XML markup files
[4.792s] -- Configuring done
[4.881s] -- Generating done
[4.885s] -- Build files have been written to: /autoware/build/tier4_calibration_rviz_plugin
[4.902s] Invoked command in '/autoware/build/tier4_calibration_rviz_plugin' returned '0': AMENT_PREFIX_PATH=/autoware/install/tier4_vehicle_msgs:/autoware/install/tier4_control_msgs:/autoware/install/autoware_cmake:/autoware/install/autoware_lint_common:/autoware/install/autoware_common_msgs:${AMENT_PREFIX_PATH} CMAKE_PREFIX_PATH=/autoware/install/tier4_vehicle_msgs:/autoware/install/tier4_control_msgs:/autoware/install/autoware_cmake:/autoware/install/autoware_lint_common:/autoware/install/autoware_common_msgs:/opt/ros/humble LD_LIBRARY_PATH=/autoware/install/tier4_vehicle_msgs/lib:/autoware/install/tier4_control_msgs/lib:/autoware/install/autoware_common_msgs/lib:${LD_LIBRARY_PATH} PYTHONPATH=/autoware/install/tier4_vehicle_msgs/local/lib/python3.10/dist-packages:/autoware/install/tier4_control_msgs/local/lib/python3.10/dist-packages:/autoware/install/autoware_common_msgs/local/lib/python3.10/dist-packages:${PYTHONPATH} /usr/bin/cmake /autoware/src/universe/autoware.universe/common/tier4_calibration_rviz_plugin -DCMAKE_BUILD_TYPE=Release -DAMENT_CMAKE_SYMLINK_INSTALL=1 -DCMAKE_INSTALL_PREFIX=/autoware/install/tier4_calibration_rviz_plugin
[4.904s] Invoking command in '/autoware/build/tier4_calibration_rviz_plugin': AMENT_PREFIX_PATH=/autoware/install/tier4_vehicle_msgs:/autoware/install/tier4_control_msgs:/autoware/install/autoware_cmake:/autoware/install/autoware_lint_common:/autoware/install/autoware_common_msgs:${AMENT_PREFIX_PATH} CMAKE_PREFIX_PATH=/autoware/install/tier4_vehicle_msgs:/autoware/install/tier4_control_msgs:/autoware/install/autoware_cmake:/autoware/install/autoware_lint_common:/autoware/install/autoware_common_msgs:/opt/ros/humble LD_LIBRARY_PATH=/autoware/install/tier4_vehicle_msgs/lib:/autoware/install/tier4_control_msgs/lib:/autoware/install/autoware_common_msgs/lib:${LD_LIBRARY_PATH} PYTHONPATH=/autoware/install/tier4_vehicle_msgs/local/lib/python3.10/dist-packages:/autoware/install/tier4_control_msgs/local/lib/python3.10/dist-packages:/autoware/install/autoware_common_msgs/local/lib/python3.10/dist-packages:${PYTHONPATH} /usr/bin/cmake --build /autoware/build/tier4_calibration_rviz_plugin -- -j64 -l64
[4.979s] [ 25%] Automatic MOC for target tier4_calibration_rviz_plugin
[5.293s] [ 25%] Built target tier4_calibration_rviz_plugin_autogen
[5.319s] [ 50%] Building CXX object CMakeFiles/tier4_calibration_rviz_plugin.dir/src/accel_brake_map_calibrator_button_panel.cpp.o
[5.321s] [ 75%] Building CXX object CMakeFiles/tier4_calibration_rviz_plugin.dir/tier4_calibration_rviz_plugin_autogen/mocs_compilation.cpp.o
[19.351s] [100%] Linking CXX shared library libtier4_calibration_rviz_plugin.so
[19.997s] [100%] Built target tier4_calibration_rviz_plugin
[20.006s] Invoked command in '/autoware/build/tier4_calibration_rviz_plugin' returned '0': AMENT_PREFIX_PATH=/autoware/install/tier4_vehicle_msgs:/autoware/install/tier4_control_msgs:/autoware/install/autoware_cmake:/autoware/install/autoware_lint_common:/autoware/install/autoware_common_msgs:${AMENT_PREFIX_PATH} CMAKE_PREFIX_PATH=/autoware/install/tier4_vehicle_msgs:/autoware/install/tier4_control_msgs:/autoware/install/autoware_cmake:/autoware/install/autoware_lint_common:/autoware/install/autoware_common_msgs:/opt/ros/humble LD_LIBRARY_PATH=/autoware/install/tier4_vehicle_msgs/lib:/autoware/install/tier4_control_msgs/lib:/autoware/install/autoware_common_msgs/lib:${LD_LIBRARY_PATH} PYTHONPATH=/autoware/install/tier4_vehicle_msgs/local/lib/python3.10/dist-packages:/autoware/install/tier4_control_msgs/local/lib/python3.10/dist-packages:/autoware/install/autoware_common_msgs/local/lib/python3.10/dist-packages:${PYTHONPATH} /usr/bin/cmake --build /autoware/build/tier4_calibration_rviz_plugin -- -j64 -l64
[20.026s] Invoking command in '/autoware/build/tier4_calibration_rviz_plugin': AMENT_PREFIX_PATH=/autoware/install/tier4_vehicle_msgs:/autoware/install/tier4_control_msgs:/autoware/install/autoware_cmake:/autoware/install/autoware_lint_common:/autoware/install/autoware_common_msgs:${AMENT_PREFIX_PATH} CMAKE_PREFIX_PATH=/autoware/install/tier4_vehicle_msgs:/autoware/install/tier4_control_msgs:/autoware/install/autoware_cmake:/autoware/install/autoware_lint_common:/autoware/install/autoware_common_msgs:/opt/ros/humble LD_LIBRARY_PATH=/autoware/install/tier4_vehicle_msgs/lib:/autoware/install/tier4_control_msgs/lib:/autoware/install/autoware_common_msgs/lib:${LD_LIBRARY_PATH} PYTHONPATH=/autoware/install/tier4_vehicle_msgs/local/lib/python3.10/dist-packages:/autoware/install/tier4_control_msgs/local/lib/python3.10/dist-packages:/autoware/install/autoware_common_msgs/local/lib/python3.10/dist-packages:${PYTHONPATH} /usr/bin/cmake --install /autoware/build/tier4_calibration_rviz_plugin
[20.032s] -- Install configuration: "Release"
[20.032s] -- Execute custom install script
[20.032s] -- Symlinking: /autoware/install/tier4_calibration_rviz_plugin/share/tier4_calibration_rviz_plugin/plugins/plugin_description.xml
[20.039s] -- Symlinking: /autoware/install/tier4_calibration_rviz_plugin/share/tier4_calibration_rviz_plugin/environment/library_path.sh
[20.047s] -- Symlinking: /autoware/install/tier4_calibration_rviz_plugin/share/tier4_calibration_rviz_plugin/environment/library_path.dsv
[20.054s] -- Symlinking: /autoware/install/tier4_calibration_rviz_plugin/lib/libtier4_calibration_rviz_plugin.so
[20.061s] -- Up-to-date symlink: /autoware/install/tier4_calibration_rviz_plugin/share/tier4_calibration_rviz_plugin/plugins/plugin_description.xml
[20.061s] -- Symlinking: /autoware/install/tier4_calibration_rviz_plugin/share/ament_index/resource_index/package_run_dependencies/tier4_calibration_rviz_plugin
[20.067s] -- Symlinking: /autoware/install/tier4_calibration_rviz_plugin/share/ament_index/resource_index/parent_prefix_path/tier4_calibration_rviz_plugin
[20.072s] -- Symlinking: /autoware/install/tier4_calibration_rviz_plugin/share/tier4_calibration_rviz_plugin/environment/ament_prefix_path.sh
[20.078s] -- Symlinking: /autoware/install/tier4_calibration_rviz_plugin/share/tier4_calibration_rviz_plugin/environment/ament_prefix_path.dsv
[20.084s] -- Symlinking: /autoware/install/tier4_calibration_rviz_plugin/share/tier4_calibration_rviz_plugin/environment/path.sh
[20.090s] -- Symlinking: /autoware/install/tier4_calibration_rviz_plugin/share/tier4_calibration_rviz_plugin/environment/path.dsv
[20.095s] -- Symlinking: /autoware/install/tier4_calibration_rviz_plugin/share/tier4_calibration_rviz_plugin/local_setup.bash
[20.101s] -- Symlinking: /autoware/install/tier4_calibration_rviz_plugin/share/tier4_calibration_rviz_plugin/local_setup.sh
[20.108s] -- Symlinking: /autoware/install/tier4_calibration_rviz_plugin/share/tier4_calibration_rviz_plugin/local_setup.zsh
[20.115s] -- Symlinking: /autoware/install/tier4_calibration_rviz_plugin/share/tier4_calibration_rviz_plugin/local_setup.dsv
[20.122s] -- Symlinking: /autoware/install/tier4_calibration_rviz_plugin/share/tier4_calibration_rviz_plugin/package.dsv
[20.128s] -- Symlinking: /autoware/install/tier4_calibration_rviz_plugin/share/ament_index/resource_index/packages/tier4_calibration_rviz_plugin
[20.134s] -- Symlinking: /autoware/install/tier4_calibration_rviz_plugin/share/ament_index/resource_index/rviz_common__pluginlib__plugin/tier4_calibration_rviz_plugin
[20.140s] -- Symlinking: /autoware/install/tier4_calibration_rviz_plugin/share/tier4_calibration_rviz_plugin/cmake/ament_cmake_export_dependencies-extras.cmake
[20.146s] -- Symlinking: /autoware/install/tier4_calibration_rviz_plugin/share/tier4_calibration_rviz_plugin/cmake/ament_cmake_export_libraries-extras.cmake
[20.152s] -- Symlinking: /autoware/install/tier4_calibration_rviz_plugin/share/tier4_calibration_rviz_plugin/cmake/tier4_calibration_rviz_pluginConfig.cmake
[20.159s] -- Symlinking: /autoware/install/tier4_calibration_rviz_plugin/share/tier4_calibration_rviz_plugin/cmake/tier4_calibration_rviz_pluginConfig-version.cmake
[20.165s] -- Symlinking: /autoware/install/tier4_calibration_rviz_plugin/share/tier4_calibration_rviz_plugin/package.xml
[20.180s] Invoked command in '/autoware/build/tier4_calibration_rviz_plugin' returned '0': AMENT_PREFIX_PATH=/autoware/install/tier4_vehicle_msgs:/autoware/install/tier4_control_msgs:/autoware/install/autoware_cmake:/autoware/install/autoware_lint_common:/autoware/install/autoware_common_msgs:${AMENT_PREFIX_PATH} CMAKE_PREFIX_PATH=/autoware/install/tier4_vehicle_msgs:/autoware/install/tier4_control_msgs:/autoware/install/autoware_cmake:/autoware/install/autoware_lint_common:/autoware/install/autoware_common_msgs:/opt/ros/humble LD_LIBRARY_PATH=/autoware/install/tier4_vehicle_msgs/lib:/autoware/install/tier4_control_msgs/lib:/autoware/install/autoware_common_msgs/lib:${LD_LIBRARY_PATH} PYTHONPATH=/autoware/install/tier4_vehicle_msgs/local/lib/python3.10/dist-packages:/autoware/install/tier4_control_msgs/local/lib/python3.10/dist-packages:/autoware/install/autoware_common_msgs/local/lib/python3.10/dist-packages:${PYTHONPATH} /usr/bin/cmake --install /autoware/build/tier4_calibration_rviz_plugin
