[0.039s] Invoking command in '/autoware/build/object_range_splitter': AMENT_PREFIX_PATH=/autoware/install/autoware_auto_perception_msgs:/autoware/install/autoware_cmake:/autoware/install/autoware_auto_geometry_msgs:/autoware/install/autoware_lint_common:/autoware/install/ament_cmake_auto:${AMENT_PREFIX_PATH} CMAKE_PREFIX_PATH=/autoware/install/autoware_auto_perception_msgs:/autoware/install/autoware_cmake:/autoware/install/autoware_auto_geometry_msgs:/autoware/install/autoware_lint_common:/autoware/install/ament_cmake_auto:/opt/ros/humble LD_LIBRARY_PATH=/autoware/install/autoware_auto_perception_msgs/lib:/autoware/install/autoware_auto_geometry_msgs/lib:${LD_LIBRARY_PATH} PYTHONPATH=/autoware/install/autoware_auto_perception_msgs/local/lib/python3.10/dist-packages:/autoware/install/autoware_auto_geometry_msgs/local/lib/python3.10/dist-packages:${PYTHONPATH} /usr/bin/cmake --build /autoware/build/object_range_splitter -- -j64 -l64
[0.065s] -- Found autoware_cmake: 0.1.0 (/autoware/install/autoware_cmake/share/autoware_cmake/cmake)
[0.065s] -- Found ament_cmake_auto: 1.3.2 (/opt/ros/humble/share/ament_cmake_auto/cmake)
[0.237s] -- Override CMake install command with custom implementation using symlinks instead of copying resources
[0.431s] -- Found rosidl_generator_c: 3.1.3 (/opt/ros/humble/share/rosidl_generator_c/cmake)
[0.436s] -- Found rosidl_adapter: 3.1.3 (/opt/ros/humble/share/rosidl_adapter/cmake)
[0.472s] -- Found rosidl_generator_cpp: 3.1.3 (/opt/ros/humble/share/rosidl_generator_cpp/cmake)
[0.472s] -- Using all available rosidl_typesupport_c: rosidl_typesupport_fastrtps_c;rosidl_typesupport_introspection_c
[0.546s] -- Using all available rosidl_typesupport_cpp: rosidl_typesupport_fastrtps_cpp;rosidl_typesupport_introspection_cpp
[1.298s] -- Found rmw_implementation_cmake: 6.1.0 (/opt/ros/humble/share/rmw_implementation_cmake/cmake)
[1.298s] -- Found rmw_fastrtps_cpp: 6.2.1 (/opt/ros/humble/share/rmw_fastrtps_cpp/cmake)
[1.384s] -- Using RMW implementation 'rmw_fastrtps_cpp' as default
[1.571s] -- Found ament_lint_auto: 0.12.4 (/opt/ros/humble/share/ament_lint_auto/cmake)
[1.573s] -- Added test 'copyright' to check source files copyright and LICENSE
[1.573s] -- Added test 'cppcheck' to perform static code analysis on C / C++ code
[1.573s] -- Configured cppcheck include dirs: /autoware/src/universe/autoware.universe/perception/object_range_splitter/include
[1.573s] -- Configured cppcheck exclude dirs and/or files: 
[1.573s] -- Added test 'lint_cmake' to check CMake code style
[1.573s] -- Added test 'xmllint' to check XML markup files
[1.573s] -- Configuring done
[1.608s] -- Generating done
[1.608s] -- Build files have been written to: /autoware/build/object_range_splitter
[1.609s] Consolidate compiler generated dependencies of target object_range_splitter_node
[1.611s] Consolidate compiler generated dependencies of target object_range_splitter
[1.621s] [ 50%] Built target object_range_splitter_node
[1.627s] [100%] Built target object_range_splitter
[1.637s] Invoked command in '/autoware/build/object_range_splitter' returned '0': AMENT_PREFIX_PATH=/autoware/install/autoware_auto_perception_msgs:/autoware/install/autoware_cmake:/autoware/install/autoware_auto_geometry_msgs:/autoware/install/autoware_lint_common:/autoware/install/ament_cmake_auto:${AMENT_PREFIX_PATH} CMAKE_PREFIX_PATH=/autoware/install/autoware_auto_perception_msgs:/autoware/install/autoware_cmake:/autoware/install/autoware_auto_geometry_msgs:/autoware/install/autoware_lint_common:/autoware/install/ament_cmake_auto:/opt/ros/humble LD_LIBRARY_PATH=/autoware/install/autoware_auto_perception_msgs/lib:/autoware/install/autoware_auto_geometry_msgs/lib:${LD_LIBRARY_PATH} PYTHONPATH=/autoware/install/autoware_auto_perception_msgs/local/lib/python3.10/dist-packages:/autoware/install/autoware_auto_geometry_msgs/local/lib/python3.10/dist-packages:${PYTHONPATH} /usr/bin/cmake --build /autoware/build/object_range_splitter -- -j64 -l64
[1.659s] Invoking command in '/autoware/build/object_range_splitter': AMENT_PREFIX_PATH=/autoware/install/autoware_auto_perception_msgs:/autoware/install/autoware_cmake:/autoware/install/autoware_auto_geometry_msgs:/autoware/install/autoware_lint_common:/autoware/install/ament_cmake_auto:${AMENT_PREFIX_PATH} CMAKE_PREFIX_PATH=/autoware/install/autoware_auto_perception_msgs:/autoware/install/autoware_cmake:/autoware/install/autoware_auto_geometry_msgs:/autoware/install/autoware_lint_common:/autoware/install/ament_cmake_auto:/opt/ros/humble LD_LIBRARY_PATH=/autoware/install/autoware_auto_perception_msgs/lib:/autoware/install/autoware_auto_geometry_msgs/lib:${LD_LIBRARY_PATH} PYTHONPATH=/autoware/install/autoware_auto_perception_msgs/local/lib/python3.10/dist-packages:/autoware/install/autoware_auto_geometry_msgs/local/lib/python3.10/dist-packages:${PYTHONPATH} /usr/bin/cmake --install /autoware/build/object_range_splitter
[1.665s] -- Install configuration: "Release"
[1.665s] -- Execute custom install script
[1.665s] -- Up-to-date symlink: /autoware/install/object_range_splitter/lib/object_range_splitter/object_range_splitter_node
[1.666s] -- Up-to-date symlink: /autoware/install/object_range_splitter/include/object_range_splitter/node.hpp
[1.666s] -- Up-to-date symlink: /autoware/install/object_range_splitter/share/object_range_splitter/environment/library_path.sh
[1.666s] -- Up-to-date symlink: /autoware/install/object_range_splitter/share/object_range_splitter/environment/library_path.dsv
[1.666s] -- Up-to-date symlink: /autoware/install/object_range_splitter/lib/libobject_range_splitter.so
[1.667s] -- Up-to-date symlink: /autoware/install/object_range_splitter/share/object_range_splitter/launch/object_range_splitter.launch.xml
[1.667s] -- Up-to-date symlink: /autoware/install/object_range_splitter/share/ament_index/resource_index/package_run_dependencies/object_range_splitter
[1.667s] -- Up-to-date symlink: /autoware/install/object_range_splitter/share/ament_index/resource_index/parent_prefix_path/object_range_splitter
[1.667s] -- Up-to-date symlink: /autoware/install/object_range_splitter/share/object_range_splitter/environment/ament_prefix_path.sh
[1.667s] -- Up-to-date symlink: /autoware/install/object_range_splitter/share/object_range_splitter/environment/ament_prefix_path.dsv
[1.668s] -- Up-to-date symlink: /autoware/install/object_range_splitter/share/object_range_splitter/environment/path.sh
[1.668s] -- Up-to-date symlink: /autoware/install/object_range_splitter/share/object_range_splitter/environment/path.dsv
[1.668s] -- Up-to-date symlink: /autoware/install/object_range_splitter/share/object_range_splitter/local_setup.bash
[1.668s] -- Up-to-date symlink: /autoware/install/object_range_splitter/share/object_range_splitter/local_setup.sh
[1.668s] -- Up-to-date symlink: /autoware/install/object_range_splitter/share/object_range_splitter/local_setup.zsh
[1.668s] -- Up-to-date symlink: /autoware/install/object_range_splitter/share/object_range_splitter/local_setup.dsv
[1.668s] -- Symlinking: /autoware/install/object_range_splitter/share/object_range_splitter/package.dsv
[1.675s] -- Up-to-date symlink: /autoware/install/object_range_splitter/share/ament_index/resource_index/packages/object_range_splitter
[1.675s] -- Up-to-date symlink: /autoware/install/object_range_splitter/share/ament_index/resource_index/rclcpp_components/object_range_splitter
[1.675s] -- Up-to-date symlink: /autoware/install/object_range_splitter/share/object_range_splitter/cmake/ament_cmake_export_dependencies-extras.cmake
[1.675s] -- Up-to-date symlink: /autoware/install/object_range_splitter/share/object_range_splitter/cmake/ament_cmake_export_include_directories-extras.cmake
[1.676s] -- Up-to-date symlink: /autoware/install/object_range_splitter/share/object_range_splitter/cmake/ament_cmake_export_libraries-extras.cmake
[1.676s] -- Up-to-date symlink: /autoware/install/object_range_splitter/share/object_range_splitter/cmake/object_range_splitterConfig.cmake
[1.676s] -- Up-to-date symlink: /autoware/install/object_range_splitter/share/object_range_splitter/cmake/object_range_splitterConfig-version.cmake
[1.676s] -- Up-to-date symlink: /autoware/install/object_range_splitter/share/object_range_splitter/package.xml
[1.683s] Invoked command in '/autoware/build/object_range_splitter' returned '0': AMENT_PREFIX_PATH=/autoware/install/autoware_auto_perception_msgs:/autoware/install/autoware_cmake:/autoware/install/autoware_auto_geometry_msgs:/autoware/install/autoware_lint_common:/autoware/install/ament_cmake_auto:${AMENT_PREFIX_PATH} CMAKE_PREFIX_PATH=/autoware/install/autoware_auto_perception_msgs:/autoware/install/autoware_cmake:/autoware/install/autoware_auto_geometry_msgs:/autoware/install/autoware_lint_common:/autoware/install/ament_cmake_auto:/opt/ros/humble LD_LIBRARY_PATH=/autoware/install/autoware_auto_perception_msgs/lib:/autoware/install/autoware_auto_geometry_msgs/lib:${LD_LIBRARY_PATH} PYTHONPATH=/autoware/install/autoware_auto_perception_msgs/local/lib/python3.10/dist-packages:/autoware/install/autoware_auto_geometry_msgs/local/lib/python3.10/dist-packages:${PYTHONPATH} /usr/bin/cmake --install /autoware/build/object_range_splitter
