[0.194s] Invoking command in '/autoware/build/component_interface_tools': AMENT_PREFIX_PATH=/autoware/install/tier4_system_msgs:/autoware/install/autoware_cmake:/autoware/install/autoware_lint_common:/autoware/install/autoware_common_msgs:${AMENT_PREFIX_PATH} CMAKE_PREFIX_PATH=/autoware/install/tier4_system_msgs:/autoware/install/autoware_cmake:/autoware/install/autoware_lint_common:/autoware/install/autoware_common_msgs:/opt/ros/humble LD_LIBRARY_PATH=/autoware/install/tier4_system_msgs/lib:/autoware/install/autoware_common_msgs/lib:${LD_LIBRARY_PATH} PYTHONPATH=/autoware/install/tier4_system_msgs/local/lib/python3.10/dist-packages:/autoware/install/autoware_common_msgs/local/lib/python3.10/dist-packages:${PYTHONPATH} /usr/bin/cmake /autoware/src/universe/autoware.universe/common/component_interface_tools -DCMAKE_BUILD_TYPE=Release -DAMENT_CMAKE_SYMLINK_INSTALL=1 -DCMAKE_INSTALL_PREFIX=/autoware/install/component_interface_tools
[0.455s] -- The C compiler identification is GNU 11.3.0
[0.699s] -- The CXX compiler identification is GNU 11.3.0
[0.709s] -- Detecting C compiler ABI info
[0.816s] -- Detecting C compiler ABI info - done
[0.829s] -- Check for working C compiler: /usr/bin/cc - skipped
[0.830s] -- Detecting C compile features
[0.830s] -- Detecting C compile features - done
[0.835s] -- Detecting CXX compiler ABI info
[0.957s] -- Detecting CXX compiler ABI info - done
[0.967s] -- Check for working CXX compiler: /usr/bin/c++ - skipped
[0.968s] -- Detecting CXX compile features
[0.968s] -- Detecting CXX compile features - done
[0.969s] -- Found autoware_cmake: 0.1.0 (/autoware/install/autoware_cmake/share/autoware_cmake/cmake)
[1.229s] -- Found Python3: /usr/bin/python3.10 (found version "3.10.6") found components: Interpreter 
[1.332s] -- Override CMake install command with custom implementation using symlinks instead of copying resources
[1.528s] -- Found rosidl_generator_c: 3.1.3 (/opt/ros/humble/share/rosidl_generator_c/cmake)
[1.536s] -- Found rosidl_adapter: 3.1.3 (/opt/ros/humble/share/rosidl_adapter/cmake)
[1.550s] -- Found rosidl_generator_cpp: 3.1.3 (/opt/ros/humble/share/rosidl_generator_cpp/cmake)
[1.572s] -- Using all available rosidl_typesupport_c: rosidl_typesupport_fastrtps_c;rosidl_typesupport_introspection_c
[1.599s] -- Using all available rosidl_typesupport_cpp: rosidl_typesupport_fastrtps_cpp;rosidl_typesupport_introspection_cpp
[1.778s] -- Found rmw_implementation_cmake: 6.1.0 (/opt/ros/humble/share/rmw_implementation_cmake/cmake)
[1.781s] -- Found rmw_fastrtps_cpp: 6.2.1 (/opt/ros/humble/share/rmw_fastrtps_cpp/cmake)
[1.867s] -- Found OpenSSL: /usr/lib/x86_64-linux-gnu/libcrypto.so (found version "3.0.2")  
[1.907s] -- Found FastRTPS: /opt/ros/humble/include  
[1.961s] -- Using RMW implementation 'rmw_fastrtps_cpp' as default
[2.299s] -- Found ament_lint_auto: 0.12.4 (/opt/ros/humble/share/ament_lint_auto/cmake)
[2.350s] -- Added test 'copyright' to check source files copyright and LICENSE
[2.351s] -- Added test 'cppcheck' to perform static code analysis on C / C++ code
[2.351s] -- Configured cppcheck include dirs: 
[2.351s] -- Configured cppcheck exclude dirs and/or files: 
[2.352s] -- Added test 'lint_cmake' to check CMake code style
[2.352s] -- Added test 'xmllint' to check XML markup files
[2.354s] -- Configuring done
[2.371s] -- Generating done
[2.373s] -- Build files have been written to: /autoware/build/component_interface_tools
[2.381s] Invoked command in '/autoware/build/component_interface_tools' returned '0': AMENT_PREFIX_PATH=/autoware/install/tier4_system_msgs:/autoware/install/autoware_cmake:/autoware/install/autoware_lint_common:/autoware/install/autoware_common_msgs:${AMENT_PREFIX_PATH} CMAKE_PREFIX_PATH=/autoware/install/tier4_system_msgs:/autoware/install/autoware_cmake:/autoware/install/autoware_lint_common:/autoware/install/autoware_common_msgs:/opt/ros/humble LD_LIBRARY_PATH=/autoware/install/tier4_system_msgs/lib:/autoware/install/autoware_common_msgs/lib:${LD_LIBRARY_PATH} PYTHONPATH=/autoware/install/tier4_system_msgs/local/lib/python3.10/dist-packages:/autoware/install/autoware_common_msgs/local/lib/python3.10/dist-packages:${PYTHONPATH} /usr/bin/cmake /autoware/src/universe/autoware.universe/common/component_interface_tools -DCMAKE_BUILD_TYPE=Release -DAMENT_CMAKE_SYMLINK_INSTALL=1 -DCMAKE_INSTALL_PREFIX=/autoware/install/component_interface_tools
[2.382s] Invoking command in '/autoware/build/component_interface_tools': AMENT_PREFIX_PATH=/autoware/install/tier4_system_msgs:/autoware/install/autoware_cmake:/autoware/install/autoware_lint_common:/autoware/install/autoware_common_msgs:${AMENT_PREFIX_PATH} CMAKE_PREFIX_PATH=/autoware/install/tier4_system_msgs:/autoware/install/autoware_cmake:/autoware/install/autoware_lint_common:/autoware/install/autoware_common_msgs:/opt/ros/humble LD_LIBRARY_PATH=/autoware/install/tier4_system_msgs/lib:/autoware/install/autoware_common_msgs/lib:${LD_LIBRARY_PATH} PYTHONPATH=/autoware/install/tier4_system_msgs/local/lib/python3.10/dist-packages:/autoware/install/autoware_common_msgs/local/lib/python3.10/dist-packages:${PYTHONPATH} /usr/bin/cmake --build /autoware/build/component_interface_tools -- -j64 -l64
[2.421s] [ 50%] Building CXX object CMakeFiles/service_log_checker.dir/src/service_log_checker.cpp.o
[17.982s] [100%] Linking CXX executable service_log_checker
[18.148s] [100%] Built target service_log_checker
[18.156s] Invoked command in '/autoware/build/component_interface_tools' returned '0': AMENT_PREFIX_PATH=/autoware/install/tier4_system_msgs:/autoware/install/autoware_cmake:/autoware/install/autoware_lint_common:/autoware/install/autoware_common_msgs:${AMENT_PREFIX_PATH} CMAKE_PREFIX_PATH=/autoware/install/tier4_system_msgs:/autoware/install/autoware_cmake:/autoware/install/autoware_lint_common:/autoware/install/autoware_common_msgs:/opt/ros/humble LD_LIBRARY_PATH=/autoware/install/tier4_system_msgs/lib:/autoware/install/autoware_common_msgs/lib:${LD_LIBRARY_PATH} PYTHONPATH=/autoware/install/tier4_system_msgs/local/lib/python3.10/dist-packages:/autoware/install/autoware_common_msgs/local/lib/python3.10/dist-packages:${PYTHONPATH} /usr/bin/cmake --build /autoware/build/component_interface_tools -- -j64 -l64
[18.176s] Invoking command in '/autoware/build/component_interface_tools': AMENT_PREFIX_PATH=/autoware/install/tier4_system_msgs:/autoware/install/autoware_cmake:/autoware/install/autoware_lint_common:/autoware/install/autoware_common_msgs:${AMENT_PREFIX_PATH} CMAKE_PREFIX_PATH=/autoware/install/tier4_system_msgs:/autoware/install/autoware_cmake:/autoware/install/autoware_lint_common:/autoware/install/autoware_common_msgs:/opt/ros/humble LD_LIBRARY_PATH=/autoware/install/tier4_system_msgs/lib:/autoware/install/autoware_common_msgs/lib:${LD_LIBRARY_PATH} PYTHONPATH=/autoware/install/tier4_system_msgs/local/lib/python3.10/dist-packages:/autoware/install/autoware_common_msgs/local/lib/python3.10/dist-packages:${PYTHONPATH} /usr/bin/cmake --install /autoware/build/component_interface_tools
[18.183s] -- Install configuration: "Release"
[18.183s] -- Execute custom install script
[18.184s] -- Symlinking: /autoware/install/component_interface_tools/lib/component_interface_tools/service_log_checker
[18.191s] -- Symlinking: /autoware/install/component_interface_tools/share/component_interface_tools/launch/service_log_checker.launch.xml
[18.199s] -- Symlinking: /autoware/install/component_interface_tools/share/ament_index/resource_index/package_run_dependencies/component_interface_tools
[18.206s] -- Symlinking: /autoware/install/component_interface_tools/share/ament_index/resource_index/parent_prefix_path/component_interface_tools
[18.212s] -- Symlinking: /autoware/install/component_interface_tools/share/component_interface_tools/environment/ament_prefix_path.sh
[18.218s] -- Symlinking: /autoware/install/component_interface_tools/share/component_interface_tools/environment/ament_prefix_path.dsv
[18.226s] -- Symlinking: /autoware/install/component_interface_tools/share/component_interface_tools/environment/path.sh
[18.232s] -- Symlinking: /autoware/install/component_interface_tools/share/component_interface_tools/environment/path.dsv
[18.240s] -- Symlinking: /autoware/install/component_interface_tools/share/component_interface_tools/local_setup.bash
[18.247s] -- Symlinking: /autoware/install/component_interface_tools/share/component_interface_tools/local_setup.sh
[18.254s] -- Symlinking: /autoware/install/component_interface_tools/share/component_interface_tools/local_setup.zsh
[18.260s] -- Symlinking: /autoware/install/component_interface_tools/share/component_interface_tools/local_setup.dsv
[18.267s] -- Symlinking: /autoware/install/component_interface_tools/share/component_interface_tools/package.dsv
[18.273s] -- Symlinking: /autoware/install/component_interface_tools/share/ament_index/resource_index/packages/component_interface_tools
[18.280s] -- Symlinking: /autoware/install/component_interface_tools/share/component_interface_tools/cmake/ament_cmake_export_dependencies-extras.cmake
[18.287s] -- Symlinking: /autoware/install/component_interface_tools/share/component_interface_tools/cmake/component_interface_toolsConfig.cmake
[18.293s] -- Symlinking: /autoware/install/component_interface_tools/share/component_interface_tools/cmake/component_interface_toolsConfig-version.cmake
[18.299s] -- Symlinking: /autoware/install/component_interface_tools/share/component_interface_tools/package.xml
[18.318s] Invoked command in '/autoware/build/component_interface_tools' returned '0': AMENT_PREFIX_PATH=/autoware/install/tier4_system_msgs:/autoware/install/autoware_cmake:/autoware/install/autoware_lint_common:/autoware/install/autoware_common_msgs:${AMENT_PREFIX_PATH} CMAKE_PREFIX_PATH=/autoware/install/tier4_system_msgs:/autoware/install/autoware_cmake:/autoware/install/autoware_lint_common:/autoware/install/autoware_common_msgs:/opt/ros/humble LD_LIBRARY_PATH=/autoware/install/tier4_system_msgs/lib:/autoware/install/autoware_common_msgs/lib:${LD_LIBRARY_PATH} PYTHONPATH=/autoware/install/tier4_system_msgs/local/lib/python3.10/dist-packages:/autoware/install/autoware_common_msgs/local/lib/python3.10/dist-packages:${PYTHONPATH} /usr/bin/cmake --install /autoware/build/component_interface_tools
