-- The C compiler identification is GNU 11.3.0
-- The CXX compiler identification is GNU 11.3.0
-- Detecting C compiler ABI info
-- Detecting C compiler ABI info - done
-- Check for working C compiler: /usr/bin/cc - skipped
-- Detecting C compile features
-- Detecting C compile features - done
-- Detecting CXX compiler ABI info
-- Detecting CXX compiler ABI info - done
-- Check for working CXX compiler: /usr/bin/c++ - skipped
-- Detecting CXX compile features
-- Detecting CXX compile features - done
-- Found autoware_cmake: 0.1.0 (/autoware/install/autoware_cmake/share/autoware_cmake/cmake)
-- Found Python3: /usr/bin/python3.10 (found version "3.10.6") found components: Interpreter 
-- Override CMake install command with custom implementation using symlinks instead of copying resources
-- Found rosidl_generator_c: 3.1.3 (/opt/ros/humble/share/rosidl_generator_c/cmake)
-- Found rosidl_adapter: 3.1.3 (/opt/ros/humble/share/rosidl_adapter/cmake)
-- Found rosidl_generator_cpp: 3.1.3 (/opt/ros/humble/share/rosidl_generator_cpp/cmake)
-- Using all available rosidl_typesupport_c: rosidl_typesupport_fastrtps_c;rosidl_typesupport_introspection_c
-- Using all available rosidl_typesupport_cpp: rosidl_typesupport_fastrtps_cpp;rosidl_typesupport_introspection_cpp
-- Found eigen3_cmake_module: 0.1.1 (/opt/ros/humble/share/eigen3_cmake_module/cmake)
-- Found Eigen3: TRUE (found version "3.4.0") 
-- Ensuring Eigen3 include directory is part of orocos-kdl CMake target
-- Found rmw_implementation_cmake: 6.1.0 (/opt/ros/humble/share/rmw_implementation_cmake/cmake)
-- Found rmw_fastrtps_cpp: 6.2.1 (/opt/ros/humble/share/rmw_fastrtps_cpp/cmake)
-- Found OpenSSL: /usr/lib/x86_64-linux-gnu/libcrypto.so (found version "3.0.2")  
-- Found FastRTPS: /opt/ros/humble/include  
-- Using RMW implementation 'rmw_fastrtps_cpp' as default
-- Found ament_lint_auto: 0.12.4 (/opt/ros/humble/share/ament_lint_auto/cmake)
-- Found gtest sources under '/opt/ros/humble/src/gtest_vendor': C++ tests using 'Google Test' will be built
-- Looking for pthread.h
-- Looking for pthread.h - found
-- Performing Test CMAKE_HAVE_LIBC_PTHREAD
-- Performing Test CMAKE_HAVE_LIBC_PTHREAD - Success
-- Found Threads: TRUE  
-- Added test 'copyright' to check source files copyright and LICENSE
-- Added test 'cppcheck' to perform static code analysis on C / C++ code
-- Configured cppcheck include dirs: /autoware/src/universe/autoware.universe/common/autoware_auto_geometry/include;/autoware/src/universe/autoware.universe/common/autoware_auto_geometry/test/include
-- Configured cppcheck exclude dirs and/or files: 
-- Added test 'lint_cmake' to check CMake code style
-- Added test 'xmllint' to check XML markup files
-- Configuring done
-- Generating done
-- Build files have been written to: /autoware/build/autoware_auto_geometry
[  6%] Building CXX object gtest/CMakeFiles/gtest_main.dir/src/gtest_main.cc.o
[ 12%] Building CXX object gtest/CMakeFiles/gtest.dir/src/gtest-all.cc.o
[ 18%] Building CXX object CMakeFiles/autoware_auto_geometry.dir/src/spatial_hash.cpp.o
[ 25%] Building CXX object CMakeFiles/autoware_auto_geometry.dir/src/bounding_box.cpp.o
[ 31%] Linking CXX static library libgtest_main.a
[ 31%] Built target gtest_main
[ 37%] Linking CXX shared library libautoware_auto_geometry.so
[ 37%] Built target autoware_auto_geometry
[ 43%] Linking CXX static library libgtest.a
[ 43%] Built target gtest
[ 50%] Building CXX object CMakeFiles/geometry_gtest.dir/test/src/test_geometry.cpp.o
[ 56%] Building CXX object CMakeFiles/geometry_gtest.dir/test/src/test_convex_hull.cpp.o
[ 68%] Building CXX object CMakeFiles/geometry_gtest.dir/test/src/test_hull_pockets.cpp.o
[ 68%] Building CXX object CMakeFiles/geometry_gtest.dir/test/src/test_interval.cpp.o
[ 75%] Building CXX object CMakeFiles/geometry_gtest.dir/test/src/lookup_table.cpp.o
[ 81%] Building CXX object CMakeFiles/geometry_gtest.dir/test/src/test_area.cpp.o
[ 87%] Building CXX object CMakeFiles/geometry_gtest.dir/test/src/test_intersection.cpp.o
[ 93%] Building CXX object CMakeFiles/geometry_gtest.dir/test/src/test_common_2d.cpp.o
[100%] Linking CXX executable geometry_gtest
[100%] Built target geometry_gtest
-- Install configuration: "Release"
-- Execute custom install script
-- Symlinking: /autoware/install/autoware_auto_geometry/include/geometry/bounding_box/bounding_box_common.hpp
-- Symlinking: /autoware/install/autoware_auto_geometry/include/geometry/bounding_box/eigenbox_2d.hpp
-- Symlinking: /autoware/install/autoware_auto_geometry/include/geometry/bounding_box/lfit.hpp
-- Symlinking: /autoware/install/autoware_auto_geometry/include/geometry/bounding_box/rotating_calipers.hpp
-- Symlinking: /autoware/install/autoware_auto_geometry/include/geometry/bounding_box_2d.hpp
-- Symlinking: /autoware/install/autoware_auto_geometry/include/geometry/common_2d.hpp
-- Symlinking: /autoware/install/autoware_auto_geometry/include/geometry/common_3d.hpp
-- Symlinking: /autoware/install/autoware_auto_geometry/include/geometry/convex_hull.hpp
-- Symlinking: /autoware/install/autoware_auto_geometry/include/geometry/hull_pockets.hpp
-- Symlinking: /autoware/install/autoware_auto_geometry/include/geometry/intersection.hpp
-- Symlinking: /autoware/install/autoware_auto_geometry/include/geometry/interval.hpp
-- Symlinking: /autoware/install/autoware_auto_geometry/include/geometry/lookup_table.hpp
-- Symlinking: /autoware/install/autoware_auto_geometry/include/geometry/spatial_hash.hpp
-- Symlinking: /autoware/install/autoware_auto_geometry/include/geometry/spatial_hash_config.hpp
-- Symlinking: /autoware/install/autoware_auto_geometry/include/geometry/visibility_control.hpp
-- Symlinking: /autoware/install/autoware_auto_geometry/share/autoware_auto_geometry/environment/library_path.sh
-- Symlinking: /autoware/install/autoware_auto_geometry/share/autoware_auto_geometry/environment/library_path.dsv
-- Symlinking: /autoware/install/autoware_auto_geometry/lib/libautoware_auto_geometry.so
-- Symlinking: /autoware/install/autoware_auto_geometry/share/ament_index/resource_index/package_run_dependencies/autoware_auto_geometry
-- Symlinking: /autoware/install/autoware_auto_geometry/share/ament_index/resource_index/parent_prefix_path/autoware_auto_geometry
-- Symlinking: /autoware/install/autoware_auto_geometry/share/autoware_auto_geometry/environment/ament_prefix_path.sh
-- Symlinking: /autoware/install/autoware_auto_geometry/share/autoware_auto_geometry/environment/ament_prefix_path.dsv
-- Symlinking: /autoware/install/autoware_auto_geometry/share/autoware_auto_geometry/environment/path.sh
-- Symlinking: /autoware/install/autoware_auto_geometry/share/autoware_auto_geometry/environment/path.dsv
-- Symlinking: /autoware/install/autoware_auto_geometry/share/autoware_auto_geometry/local_setup.bash
-- Symlinking: /autoware/install/autoware_auto_geometry/share/autoware_auto_geometry/local_setup.sh
-- Symlinking: /autoware/install/autoware_auto_geometry/share/autoware_auto_geometry/local_setup.zsh
-- Symlinking: /autoware/install/autoware_auto_geometry/share/autoware_auto_geometry/local_setup.dsv
-- Symlinking: /autoware/install/autoware_auto_geometry/share/autoware_auto_geometry/package.dsv
-- Symlinking: /autoware/install/autoware_auto_geometry/share/ament_index/resource_index/packages/autoware_auto_geometry
-- Symlinking: /autoware/install/autoware_auto_geometry/share/autoware_auto_geometry/cmake/ament_cmake_export_dependencies-extras.cmake
-- Symlinking: /autoware/install/autoware_auto_geometry/share/autoware_auto_geometry/cmake/ament_cmake_export_include_directories-extras.cmake
-- Symlinking: /autoware/install/autoware_auto_geometry/share/autoware_auto_geometry/cmake/ament_cmake_export_libraries-extras.cmake
-- Symlinking: /autoware/install/autoware_auto_geometry/share/autoware_auto_geometry/cmake/autoware_auto_geometryConfig.cmake
-- Symlinking: /autoware/install/autoware_auto_geometry/share/autoware_auto_geometry/cmake/autoware_auto_geometryConfig-version.cmake
-- Symlinking: /autoware/install/autoware_auto_geometry/share/autoware_auto_geometry/package.xml
