[0.018s] Invoking command in '/autoware/build/ad_api_adaptors': AMENT_PREFIX_PATH=/autoware/install/component_interface_utils:/autoware/install/autoware_ad_api_specs:/autoware/install/tier4_system_msgs:/autoware/install/autoware_cmake:/autoware/install/tier4_localization_msgs:/autoware/install/autoware_lint_common:/autoware/install/autoware_common_msgs:/autoware/install/autoware_adapi_v1_msgs:${AMENT_PREFIX_PATH} CMAKE_PREFIX_PATH=/autoware/install/component_interface_utils:/autoware/install/autoware_ad_api_specs:/autoware/install/tier4_system_msgs:/autoware/install/autoware_cmake:/autoware/install/tier4_localization_msgs:/autoware/install/autoware_lint_common:/autoware/install/autoware_common_msgs:/autoware/install/autoware_adapi_v1_msgs:/opt/ros/humble LD_LIBRARY_PATH=/autoware/install/tier4_system_msgs/lib:/autoware/install/tier4_localization_msgs/lib:/autoware/install/autoware_common_msgs/lib:/autoware/install/autoware_adapi_v1_msgs/lib:${LD_LIBRARY_PATH} PYTHONPATH=/autoware/install/tier4_system_msgs/local/lib/python3.10/dist-packages:/autoware/install/tier4_localization_msgs/local/lib/python3.10/dist-packages:/autoware/install/autoware_common_msgs/local/lib/python3.10/dist-packages:/autoware/install/autoware_adapi_v1_msgs/local/lib/python3.10/dist-packages:${PYTHONPATH} /usr/bin/cmake /autoware/src/universe/autoware.universe/system/default_ad_api_helpers/ad_api_adaptors -DCMAKE_BUILD_TYPE=Release -DAMENT_CMAKE_SYMLINK_INSTALL=1 -DCMAKE_INSTALL_PREFIX=/autoware/install/ad_api_adaptors
[0.067s] -- The C compiler identification is GNU 11.3.0
[0.138s] -- The CXX compiler identification is GNU 11.3.0
[0.148s] -- Detecting C compiler ABI info
[0.231s] -- Detecting C compiler ABI info - done
[0.243s] -- Check for working C compiler: /usr/bin/cc - skipped
[0.244s] -- Detecting C compile features
[0.244s] -- Detecting C compile features - done
[0.248s] -- Detecting CXX compiler ABI info
[0.313s] -- Detecting CXX compiler ABI info - done
[0.320s] -- Check for working CXX compiler: /usr/bin/c++ - skipped
[0.320s] -- Detecting CXX compile features
[0.321s] -- Detecting CXX compile features - done
[0.322s] -- Found autoware_cmake: 0.1.0 (/autoware/install/autoware_cmake/share/autoware_cmake/cmake)
[0.494s] -- Found Python3: /usr/bin/python3.10 (found version "3.10.6") found components: Interpreter 
[0.557s] -- Override CMake install command with custom implementation using symlinks instead of copying resources
[0.738s] -- Found rosidl_generator_c: 3.1.3 (/opt/ros/humble/share/rosidl_generator_c/cmake)
[0.749s] -- Found rosidl_adapter: 3.1.3 (/opt/ros/humble/share/rosidl_adapter/cmake)
[0.766s] -- Found rosidl_generator_cpp: 3.1.3 (/opt/ros/humble/share/rosidl_generator_cpp/cmake)
[0.792s] -- Using all available rosidl_typesupport_c: rosidl_typesupport_fastrtps_c;rosidl_typesupport_introspection_c
[0.829s] -- Using all available rosidl_typesupport_cpp: rosidl_typesupport_fastrtps_cpp;rosidl_typesupport_introspection_cpp
[1.280s] -- Found rmw_implementation_cmake: 6.1.0 (/opt/ros/humble/share/rmw_implementation_cmake/cmake)
[1.283s] -- Found rmw_fastrtps_cpp: 6.2.1 (/opt/ros/humble/share/rmw_fastrtps_cpp/cmake)
[1.370s] -- Found OpenSSL: /usr/lib/x86_64-linux-gnu/libcrypto.so (found version "3.0.2")  
[1.403s] -- Found FastRTPS: /opt/ros/humble/include  
[1.484s] -- Using RMW implementation 'rmw_fastrtps_cpp' as default
[1.793s] -- Found ament_lint_auto: 0.12.4 (/opt/ros/humble/share/ament_lint_auto/cmake)
[1.962s] -- Added test 'copyright' to check source files copyright and LICENSE
[1.965s] -- Added test 'cppcheck' to perform static code analysis on C / C++ code
[1.965s] -- Configured cppcheck include dirs: 
[1.965s] -- Configured cppcheck exclude dirs and/or files: 
[1.966s] -- Added test 'lint_cmake' to check CMake code style
[1.967s] -- Added test 'xmllint' to check XML markup files
[2.000s] -- Configuring done
[2.066s] -- Generating done
[2.070s] -- Build files have been written to: /autoware/build/ad_api_adaptors
[2.088s] Invoked command in '/autoware/build/ad_api_adaptors' returned '0': AMENT_PREFIX_PATH=/autoware/install/component_interface_utils:/autoware/install/autoware_ad_api_specs:/autoware/install/tier4_system_msgs:/autoware/install/autoware_cmake:/autoware/install/tier4_localization_msgs:/autoware/install/autoware_lint_common:/autoware/install/autoware_common_msgs:/autoware/install/autoware_adapi_v1_msgs:${AMENT_PREFIX_PATH} CMAKE_PREFIX_PATH=/autoware/install/component_interface_utils:/autoware/install/autoware_ad_api_specs:/autoware/install/tier4_system_msgs:/autoware/install/autoware_cmake:/autoware/install/tier4_localization_msgs:/autoware/install/autoware_lint_common:/autoware/install/autoware_common_msgs:/autoware/install/autoware_adapi_v1_msgs:/opt/ros/humble LD_LIBRARY_PATH=/autoware/install/tier4_system_msgs/lib:/autoware/install/tier4_localization_msgs/lib:/autoware/install/autoware_common_msgs/lib:/autoware/install/autoware_adapi_v1_msgs/lib:${LD_LIBRARY_PATH} PYTHONPATH=/autoware/install/tier4_system_msgs/local/lib/python3.10/dist-packages:/autoware/install/tier4_localization_msgs/local/lib/python3.10/dist-packages:/autoware/install/autoware_common_msgs/local/lib/python3.10/dist-packages:/autoware/install/autoware_adapi_v1_msgs/local/lib/python3.10/dist-packages:${PYTHONPATH} /usr/bin/cmake /autoware/src/universe/autoware.universe/system/default_ad_api_helpers/ad_api_adaptors -DCMAKE_BUILD_TYPE=Release -DAMENT_CMAKE_SYMLINK_INSTALL=1 -DCMAKE_INSTALL_PREFIX=/autoware/install/ad_api_adaptors
[2.089s] Invoking command in '/autoware/build/ad_api_adaptors': AMENT_PREFIX_PATH=/autoware/install/component_interface_utils:/autoware/install/autoware_ad_api_specs:/autoware/install/tier4_system_msgs:/autoware/install/autoware_cmake:/autoware/install/tier4_localization_msgs:/autoware/install/autoware_lint_common:/autoware/install/autoware_common_msgs:/autoware/install/autoware_adapi_v1_msgs:${AMENT_PREFIX_PATH} CMAKE_PREFIX_PATH=/autoware/install/component_interface_utils:/autoware/install/autoware_ad_api_specs:/autoware/install/tier4_system_msgs:/autoware/install/autoware_cmake:/autoware/install/tier4_localization_msgs:/autoware/install/autoware_lint_common:/autoware/install/autoware_common_msgs:/autoware/install/autoware_adapi_v1_msgs:/opt/ros/humble LD_LIBRARY_PATH=/autoware/install/tier4_system_msgs/lib:/autoware/install/tier4_localization_msgs/lib:/autoware/install/autoware_common_msgs/lib:/autoware/install/autoware_adapi_v1_msgs/lib:${LD_LIBRARY_PATH} PYTHONPATH=/autoware/install/tier4_system_msgs/local/lib/python3.10/dist-packages:/autoware/install/tier4_localization_msgs/local/lib/python3.10/dist-packages:/autoware/install/autoware_common_msgs/local/lib/python3.10/dist-packages:/autoware/install/autoware_adapi_v1_msgs/local/lib/python3.10/dist-packages:${PYTHONPATH} /usr/bin/cmake --build /autoware/build/ad_api_adaptors -- -j64 -l64
[2.161s] [ 25%] Building CXX object CMakeFiles/routing_adaptor.dir/src/routing_adaptor.cpp.o
[2.161s] [ 50%] Building CXX object CMakeFiles/initial_pose_adaptor.dir/src/initial_pose_adaptor.cpp.o
[17.601s] [ 75%] Linking CXX executable initial_pose_adaptor
[17.806s] [ 75%] Built target initial_pose_adaptor
[21.894s] [100%] Linking CXX executable routing_adaptor
[22.131s] [100%] Built target routing_adaptor
[22.141s] Invoked command in '/autoware/build/ad_api_adaptors' returned '0': AMENT_PREFIX_PATH=/autoware/install/component_interface_utils:/autoware/install/autoware_ad_api_specs:/autoware/install/tier4_system_msgs:/autoware/install/autoware_cmake:/autoware/install/tier4_localization_msgs:/autoware/install/autoware_lint_common:/autoware/install/autoware_common_msgs:/autoware/install/autoware_adapi_v1_msgs:${AMENT_PREFIX_PATH} CMAKE_PREFIX_PATH=/autoware/install/component_interface_utils:/autoware/install/autoware_ad_api_specs:/autoware/install/tier4_system_msgs:/autoware/install/autoware_cmake:/autoware/install/tier4_localization_msgs:/autoware/install/autoware_lint_common:/autoware/install/autoware_common_msgs:/autoware/install/autoware_adapi_v1_msgs:/opt/ros/humble LD_LIBRARY_PATH=/autoware/install/tier4_system_msgs/lib:/autoware/install/tier4_localization_msgs/lib:/autoware/install/autoware_common_msgs/lib:/autoware/install/autoware_adapi_v1_msgs/lib:${LD_LIBRARY_PATH} PYTHONPATH=/autoware/install/tier4_system_msgs/local/lib/python3.10/dist-packages:/autoware/install/tier4_localization_msgs/local/lib/python3.10/dist-packages:/autoware/install/autoware_common_msgs/local/lib/python3.10/dist-packages:/autoware/install/autoware_adapi_v1_msgs/local/lib/python3.10/dist-packages:${PYTHONPATH} /usr/bin/cmake --build /autoware/build/ad_api_adaptors -- -j64 -l64
[22.164s] Invoking command in '/autoware/build/ad_api_adaptors': AMENT_PREFIX_PATH=/autoware/install/component_interface_utils:/autoware/install/autoware_ad_api_specs:/autoware/install/tier4_system_msgs:/autoware/install/autoware_cmake:/autoware/install/tier4_localization_msgs:/autoware/install/autoware_lint_common:/autoware/install/autoware_common_msgs:/autoware/install/autoware_adapi_v1_msgs:${AMENT_PREFIX_PATH} CMAKE_PREFIX_PATH=/autoware/install/component_interface_utils:/autoware/install/autoware_ad_api_specs:/autoware/install/tier4_system_msgs:/autoware/install/autoware_cmake:/autoware/install/tier4_localization_msgs:/autoware/install/autoware_lint_common:/autoware/install/autoware_common_msgs:/autoware/install/autoware_adapi_v1_msgs:/opt/ros/humble LD_LIBRARY_PATH=/autoware/install/tier4_system_msgs/lib:/autoware/install/tier4_localization_msgs/lib:/autoware/install/autoware_common_msgs/lib:/autoware/install/autoware_adapi_v1_msgs/lib:${LD_LIBRARY_PATH} PYTHONPATH=/autoware/install/tier4_system_msgs/local/lib/python3.10/dist-packages:/autoware/install/tier4_localization_msgs/local/lib/python3.10/dist-packages:/autoware/install/autoware_common_msgs/local/lib/python3.10/dist-packages:/autoware/install/autoware_adapi_v1_msgs/local/lib/python3.10/dist-packages:${PYTHONPATH} /usr/bin/cmake --install /autoware/build/ad_api_adaptors
[22.170s] -- Install configuration: "Release"
[22.171s] -- Execute custom install script
[22.171s] -- Symlinking: /autoware/install/ad_api_adaptors/lib/ad_api_adaptors/initial_pose_adaptor
[22.179s] -- Symlinking: /autoware/install/ad_api_adaptors/lib/ad_api_adaptors/routing_adaptor
[22.186s] -- Symlinking: /autoware/install/ad_api_adaptors/share/ad_api_adaptors/config/initial_pose.param.yaml
[22.193s] -- Symlinking: /autoware/install/ad_api_adaptors/share/ad_api_adaptors/launch/rviz_adaptors.launch.xml
[22.200s] -- Symlinking: /autoware/install/ad_api_adaptors/share/ament_index/resource_index/package_run_dependencies/ad_api_adaptors
[22.207s] -- Symlinking: /autoware/install/ad_api_adaptors/share/ament_index/resource_index/parent_prefix_path/ad_api_adaptors
[22.214s] -- Symlinking: /autoware/install/ad_api_adaptors/share/ad_api_adaptors/environment/ament_prefix_path.sh
[22.220s] -- Symlinking: /autoware/install/ad_api_adaptors/share/ad_api_adaptors/environment/ament_prefix_path.dsv
[22.227s] -- Symlinking: /autoware/install/ad_api_adaptors/share/ad_api_adaptors/environment/path.sh
[22.234s] -- Symlinking: /autoware/install/ad_api_adaptors/share/ad_api_adaptors/environment/path.dsv
[22.241s] -- Symlinking: /autoware/install/ad_api_adaptors/share/ad_api_adaptors/local_setup.bash
[22.248s] -- Symlinking: /autoware/install/ad_api_adaptors/share/ad_api_adaptors/local_setup.sh
[22.256s] -- Symlinking: /autoware/install/ad_api_adaptors/share/ad_api_adaptors/local_setup.zsh
[22.263s] -- Symlinking: /autoware/install/ad_api_adaptors/share/ad_api_adaptors/local_setup.dsv
[22.276s] -- Symlinking: /autoware/install/ad_api_adaptors/share/ad_api_adaptors/package.dsv
[22.283s] -- Symlinking: /autoware/install/ad_api_adaptors/share/ament_index/resource_index/packages/ad_api_adaptors
[22.290s] -- Symlinking: /autoware/install/ad_api_adaptors/share/ad_api_adaptors/cmake/ament_cmake_export_dependencies-extras.cmake
[22.297s] -- Symlinking: /autoware/install/ad_api_adaptors/share/ad_api_adaptors/cmake/ad_api_adaptorsConfig.cmake
[22.305s] -- Symlinking: /autoware/install/ad_api_adaptors/share/ad_api_adaptors/cmake/ad_api_adaptorsConfig-version.cmake
[22.314s] -- Symlinking: /autoware/install/ad_api_adaptors/share/ad_api_adaptors/package.xml
[22.333s] Invoked command in '/autoware/build/ad_api_adaptors' returned '0': AMENT_PREFIX_PATH=/autoware/install/component_interface_utils:/autoware/install/autoware_ad_api_specs:/autoware/install/tier4_system_msgs:/autoware/install/autoware_cmake:/autoware/install/tier4_localization_msgs:/autoware/install/autoware_lint_common:/autoware/install/autoware_common_msgs:/autoware/install/autoware_adapi_v1_msgs:${AMENT_PREFIX_PATH} CMAKE_PREFIX_PATH=/autoware/install/component_interface_utils:/autoware/install/autoware_ad_api_specs:/autoware/install/tier4_system_msgs:/autoware/install/autoware_cmake:/autoware/install/tier4_localization_msgs:/autoware/install/autoware_lint_common:/autoware/install/autoware_common_msgs:/autoware/install/autoware_adapi_v1_msgs:/opt/ros/humble LD_LIBRARY_PATH=/autoware/install/tier4_system_msgs/lib:/autoware/install/tier4_localization_msgs/lib:/autoware/install/autoware_common_msgs/lib:/autoware/install/autoware_adapi_v1_msgs/lib:${LD_LIBRARY_PATH} PYTHONPATH=/autoware/install/tier4_system_msgs/local/lib/python3.10/dist-packages:/autoware/install/tier4_localization_msgs/local/lib/python3.10/dist-packages:/autoware/install/autoware_common_msgs/local/lib/python3.10/dist-packages:/autoware/install/autoware_adapi_v1_msgs/local/lib/python3.10/dist-packages:${PYTHONPATH} /usr/bin/cmake --install /autoware/build/ad_api_adaptors
