[0.147s] Invoking command in '/autoware/build/tier4_vehicle_launch': AMENT_PREFIX_PATH=/autoware/install/autoware_cmake:/autoware/install/autoware_lint_common:/autoware/install/ament_cmake_auto:${AMENT_PREFIX_PATH} CMAKE_PREFIX_PATH=/autoware/install/autoware_cmake:/autoware/install/autoware_lint_common:/autoware/install/ament_cmake_auto:/opt/ros/humble /usr/bin/cmake --build /autoware/build/tier4_vehicle_launch -- -j64 -l64
[0.187s] -- Found autoware_cmake: 0.1.0 (/autoware/install/autoware_cmake/share/autoware_cmake/cmake)
[0.187s] -- Found ament_cmake_auto: 1.3.2 (/opt/ros/humble/share/ament_cmake_auto/cmake)
[0.467s] -- Override CMake install command with custom implementation using symlinks instead of copying resources
[0.479s] -- Found ament_lint_auto: 0.12.4 (/opt/ros/humble/share/ament_lint_auto/cmake)
[0.479s] -- Added test 'copyright' to check source files copyright and LICENSE
[0.480s] -- Added test 'lint_cmake' to check CMake code style
[0.480s] -- Added test 'xmllint' to check XML markup files
[0.480s] -- Configuring done
[0.480s] -- Generating done
[0.480s] -- Build files have been written to: /autoware/build/tier4_vehicle_launch
[0.653s] Invoked command in '/autoware/build/tier4_vehicle_launch' returned '0': AMENT_PREFIX_PATH=/autoware/install/autoware_cmake:/autoware/install/autoware_lint_common:/autoware/install/ament_cmake_auto:${AMENT_PREFIX_PATH} CMAKE_PREFIX_PATH=/autoware/install/autoware_cmake:/autoware/install/autoware_lint_common:/autoware/install/ament_cmake_auto:/opt/ros/humble /usr/bin/cmake --build /autoware/build/tier4_vehicle_launch -- -j64 -l64
[0.681s] Invoking command in '/autoware/build/tier4_vehicle_launch': AMENT_PREFIX_PATH=/autoware/install/autoware_cmake:/autoware/install/autoware_lint_common:/autoware/install/ament_cmake_auto:${AMENT_PREFIX_PATH} CMAKE_PREFIX_PATH=/autoware/install/autoware_cmake:/autoware/install/autoware_lint_common:/autoware/install/ament_cmake_auto:/opt/ros/humble /usr/bin/cmake --install /autoware/build/tier4_vehicle_launch
[0.687s] -- Install configuration: "Release"
[0.687s] -- Execute custom install script
[0.687s] -- Up-to-date symlink: /autoware/install/tier4_vehicle_launch/share/tier4_vehicle_launch/launch/vehicle.launch.xml
[0.687s] -- Up-to-date symlink: /autoware/install/tier4_vehicle_launch/share/tier4_vehicle_launch/urdf/vehicle.xacro
[0.687s] -- Up-to-date symlink: /autoware/install/tier4_vehicle_launch/share/ament_index/resource_index/package_run_dependencies/tier4_vehicle_launch
[0.688s] -- Up-to-date symlink: /autoware/install/tier4_vehicle_launch/share/ament_index/resource_index/parent_prefix_path/tier4_vehicle_launch
[0.688s] -- Up-to-date symlink: /autoware/install/tier4_vehicle_launch/share/tier4_vehicle_launch/environment/ament_prefix_path.sh
[0.688s] -- Up-to-date symlink: /autoware/install/tier4_vehicle_launch/share/tier4_vehicle_launch/environment/ament_prefix_path.dsv
[0.688s] -- Up-to-date symlink: /autoware/install/tier4_vehicle_launch/share/tier4_vehicle_launch/environment/path.sh
[0.688s] -- Up-to-date symlink: /autoware/install/tier4_vehicle_launch/share/tier4_vehicle_launch/environment/path.dsv
[0.688s] -- Up-to-date symlink: /autoware/install/tier4_vehicle_launch/share/tier4_vehicle_launch/local_setup.bash
[0.688s] -- Up-to-date symlink: /autoware/install/tier4_vehicle_launch/share/tier4_vehicle_launch/local_setup.sh
[0.688s] -- Up-to-date symlink: /autoware/install/tier4_vehicle_launch/share/tier4_vehicle_launch/local_setup.zsh
[0.688s] -- Up-to-date symlink: /autoware/install/tier4_vehicle_launch/share/tier4_vehicle_launch/local_setup.dsv
[0.689s] -- Symlinking: /autoware/install/tier4_vehicle_launch/share/tier4_vehicle_launch/package.dsv
[0.689s] -- Up-to-date symlink: /autoware/install/tier4_vehicle_launch/share/ament_index/resource_index/packages/tier4_vehicle_launch
[0.689s] -- Up-to-date symlink: /autoware/install/tier4_vehicle_launch/share/tier4_vehicle_launch/cmake/tier4_vehicle_launchConfig.cmake
[0.689s] -- Up-to-date symlink: /autoware/install/tier4_vehicle_launch/share/tier4_vehicle_launch/cmake/tier4_vehicle_launchConfig-version.cmake
[0.689s] -- Up-to-date symlink: /autoware/install/tier4_vehicle_launch/share/tier4_vehicle_launch/package.xml
[0.703s] Invoked command in '/autoware/build/tier4_vehicle_launch' returned '0': AMENT_PREFIX_PATH=/autoware/install/autoware_cmake:/autoware/install/autoware_lint_common:/autoware/install/ament_cmake_auto:${AMENT_PREFIX_PATH} CMAKE_PREFIX_PATH=/autoware/install/autoware_cmake:/autoware/install/autoware_lint_common:/autoware/install/ament_cmake_auto:/opt/ros/humble /usr/bin/cmake --install /autoware/build/tier4_vehicle_launch
