-- The C compiler identification is GNU 11.3.0
-- The CXX compiler identification is GNU 11.3.0
-- Detecting C compiler ABI info
-- Detecting C compiler ABI info - done
-- Check for working C compiler: /usr/bin/cc - skipped
-- Detecting C compile features
-- Detecting C compile features - done
-- Detecting CXX compiler ABI info
-- Detecting CXX compiler ABI info - done
-- Check for working CXX compiler: /usr/bin/c++ - skipped
-- Detecting CXX compile features
-- Detecting CXX compile features - done
-- Found ament_cmake_auto: 1.3.2 (/opt/ros/humble/share/ament_cmake_auto/cmake)
-- Found Python3: /usr/bin/python3.10 (found version "3.10.6") found components: Interpreter 
-- Override CMake install command with custom implementation using symlinks instead of copying resources
-- Found rosidl_generator_c: 3.1.3 (/opt/ros/humble/share/rosidl_generator_c/cmake)
-- Found rosidl_adapter: 3.1.3 (/opt/ros/humble/share/rosidl_adapter/cmake)
-- Found rosidl_generator_cpp: 3.1.3 (/opt/ros/humble/share/rosidl_generator_cpp/cmake)
-- Using all available rosidl_typesupport_c: rosidl_typesupport_fastrtps_c;rosidl_typesupport_introspection_c
-- Using all available rosidl_typesupport_cpp: rosidl_typesupport_fastrtps_cpp;rosidl_typesupport_introspection_cpp
-- Found rmw_implementation_cmake: 6.1.0 (/opt/ros/humble/share/rmw_implementation_cmake/cmake)
-- Found rmw_fastrtps_cpp: 6.2.1 (/opt/ros/humble/share/rmw_fastrtps_cpp/cmake)
-- Found OpenSSL: /usr/lib/x86_64-linux-gnu/libcrypto.so (found version "3.0.2")  
-- Found FastRTPS: /opt/ros/humble/include  
-- Using RMW implementation 'rmw_fastrtps_cpp' as default
-- Found eigen3_cmake_module: 0.1.1 (/opt/ros/humble/share/eigen3_cmake_module/cmake)
-- Found Eigen3: TRUE (found version "3.4.0") 
-- Ensuring Eigen3 include directory is part of orocos-kdl CMake target
-- Found OpenCV: /usr (found version "4.5.4") 
-- Found ament_lint_auto: 0.12.4 (/opt/ros/humble/share/ament_lint_auto/cmake)
-- Added test 'copyright' to check source files copyright and LICENSE
-- Added test 'cppcheck' to perform static code analysis on C / C++ code
-- Configured cppcheck include dirs: /autoware/src/universe/autoware.universe/sensing/image_diagnostics/include
-- Configured cppcheck exclude dirs and/or files: 
-- Added test 'lint_cmake' to check CMake code style
-- Added test 'xmllint' to check XML markup files
-- Configuring done
-- Generating done
-- Build files have been written to: /autoware/build/image_diagnostics
[ 25%] Building CXX object CMakeFiles/image_diagnostics_node.dir/rclcpp_components/node_main_image_diagnostics_node.cpp.o
[ 50%] Building CXX object CMakeFiles/image_diagnostics.dir/src/image_diagnostics_node.cpp.o
[ 75%] Linking CXX executable image_diagnostics_node
[ 75%] Built target image_diagnostics_node
[100%] Linking CXX shared library libimage_diagnostics.so
[100%] Built target image_diagnostics
-- Install configuration: "Release"
-- Execute custom install script
-- Symlinking: /autoware/install/image_diagnostics/lib/image_diagnostics/image_diagnostics_node
-- Symlinking: /autoware/install/image_diagnostics/include/image_diagnostics/image_diagnostics_node.hpp
-- Symlinking: /autoware/install/image_diagnostics/share/image_diagnostics/environment/library_path.sh
-- Symlinking: /autoware/install/image_diagnostics/share/image_diagnostics/environment/library_path.dsv
-- Symlinking: /autoware/install/image_diagnostics/lib/libimage_diagnostics.so
-- Symlinking: /autoware/install/image_diagnostics/share/image_diagnostics/launch/image_diagnostics_node.launch.xml
-- Symlinking: /autoware/install/image_diagnostics/share/ament_index/resource_index/package_run_dependencies/image_diagnostics
-- Symlinking: /autoware/install/image_diagnostics/share/ament_index/resource_index/parent_prefix_path/image_diagnostics
-- Symlinking: /autoware/install/image_diagnostics/share/image_diagnostics/environment/ament_prefix_path.sh
-- Symlinking: /autoware/install/image_diagnostics/share/image_diagnostics/environment/ament_prefix_path.dsv
-- Symlinking: /autoware/install/image_diagnostics/share/image_diagnostics/environment/path.sh
-- Symlinking: /autoware/install/image_diagnostics/share/image_diagnostics/environment/path.dsv
-- Symlinking: /autoware/install/image_diagnostics/share/image_diagnostics/local_setup.bash
-- Symlinking: /autoware/install/image_diagnostics/share/image_diagnostics/local_setup.sh
-- Symlinking: /autoware/install/image_diagnostics/share/image_diagnostics/local_setup.zsh
-- Symlinking: /autoware/install/image_diagnostics/share/image_diagnostics/local_setup.dsv
-- Symlinking: /autoware/install/image_diagnostics/share/image_diagnostics/package.dsv
-- Symlinking: /autoware/install/image_diagnostics/share/ament_index/resource_index/packages/image_diagnostics
-- Symlinking: /autoware/install/image_diagnostics/share/ament_index/resource_index/rclcpp_components/image_diagnostics
-- Symlinking: /autoware/install/image_diagnostics/share/image_diagnostics/cmake/ament_cmake_export_dependencies-extras.cmake
-- Symlinking: /autoware/install/image_diagnostics/share/image_diagnostics/cmake/ament_cmake_export_include_directories-extras.cmake
-- Symlinking: /autoware/install/image_diagnostics/share/image_diagnostics/cmake/ament_cmake_export_libraries-extras.cmake
-- Symlinking: /autoware/install/image_diagnostics/share/image_diagnostics/cmake/image_diagnosticsConfig.cmake
-- Symlinking: /autoware/install/image_diagnostics/share/image_diagnostics/cmake/image_diagnosticsConfig-version.cmake
-- Symlinking: /autoware/install/image_diagnostics/share/image_diagnostics/package.xml
