[0.030s] Invoking command in '/autoware/build/planning_evaluator': AMENT_PREFIX_PATH=/autoware/install/motion_utils:/autoware/install/interpolation:/autoware/install/tier4_autoware_utils:/autoware/install/autoware_auto_vehicle_msgs:/autoware/install/autoware_cmake:/autoware/install/autoware_auto_planning_msgs:/autoware/install/autoware_auto_perception_msgs:/autoware/install/tier4_debug_msgs:/autoware/install/autoware_lint_common:/autoware/install/autoware_auto_mapping_msgs:/autoware/install/autoware_auto_geometry_msgs:${AMENT_PREFIX_PATH} CMAKE_PREFIX_PATH=/autoware/install/motion_utils:/autoware/install/interpolation:/autoware/install/tier4_autoware_utils:/autoware/install/autoware_auto_vehicle_msgs:/autoware/install/autoware_cmake:/autoware/install/autoware_auto_planning_msgs:/autoware/install/autoware_auto_perception_msgs:/autoware/install/tier4_debug_msgs:/autoware/install/autoware_lint_common:/autoware/install/autoware_auto_mapping_msgs:/autoware/install/autoware_auto_geometry_msgs:/opt/ros/humble LD_LIBRARY_PATH=/autoware/install/motion_utils/lib:/autoware/install/interpolation/lib:/autoware/install/tier4_autoware_utils/lib:/autoware/install/autoware_auto_vehicle_msgs/lib:/autoware/install/autoware_auto_planning_msgs/lib:/autoware/install/autoware_auto_perception_msgs/lib:/autoware/install/tier4_debug_msgs/lib:/autoware/install/autoware_auto_mapping_msgs/lib:/autoware/install/autoware_auto_geometry_msgs/lib:${LD_LIBRARY_PATH} PYTHONPATH=/autoware/install/autoware_auto_vehicle_msgs/local/lib/python3.10/dist-packages:/autoware/install/autoware_auto_planning_msgs/local/lib/python3.10/dist-packages:/autoware/install/autoware_auto_perception_msgs/local/lib/python3.10/dist-packages:/autoware/install/tier4_debug_msgs/local/lib/python3.10/dist-packages:/autoware/install/autoware_auto_mapping_msgs/local/lib/python3.10/dist-packages:/autoware/install/autoware_auto_geometry_msgs/local/lib/python3.10/dist-packages:${PYTHONPATH} /usr/bin/cmake /autoware/src/universe/autoware.universe/planning/planning_evaluator -DCMAKE_BUILD_TYPE=Release -DAMENT_CMAKE_SYMLINK_INSTALL=1 -DCMAKE_INSTALL_PREFIX=/autoware/install/planning_evaluator
[0.082s] -- The C compiler identification is GNU 11.3.0
[0.132s] -- The CXX compiler identification is GNU 11.3.0
[0.141s] -- Detecting C compiler ABI info
[0.212s] -- Detecting C compiler ABI info - done
[0.222s] -- Check for working C compiler: /usr/bin/cc - skipped
[0.223s] -- Detecting C compile features
[0.223s] -- Detecting C compile features - done
[0.227s] -- Detecting CXX compiler ABI info
[0.311s] -- Detecting CXX compiler ABI info - done
[0.356s] -- Check for working CXX compiler: /usr/bin/c++ - skipped
[0.356s] -- Detecting CXX compile features
[0.357s] -- Detecting CXX compile features - done
[0.357s] -- Found autoware_cmake: 0.1.0 (/autoware/install/autoware_cmake/share/autoware_cmake/cmake)
[0.527s] -- Found Python3: /usr/bin/python3.10 (found version "3.10.6") found components: Interpreter 
[0.599s] -- Override CMake install command with custom implementation using symlinks instead of copying resources
[0.965s] -- Found rosidl_generator_c: 3.1.3 (/opt/ros/humble/share/rosidl_generator_c/cmake)
[0.983s] -- Found rosidl_adapter: 3.1.3 (/opt/ros/humble/share/rosidl_adapter/cmake)
[1.005s] -- Found rosidl_generator_cpp: 3.1.3 (/opt/ros/humble/share/rosidl_generator_cpp/cmake)
[1.039s] -- Using all available rosidl_typesupport_c: rosidl_typesupport_fastrtps_c;rosidl_typesupport_introspection_c
[1.086s] -- Using all available rosidl_typesupport_cpp: rosidl_typesupport_fastrtps_cpp;rosidl_typesupport_introspection_cpp
[3.354s] -- Found rmw_implementation_cmake: 6.1.0 (/opt/ros/humble/share/rmw_implementation_cmake/cmake)
[3.364s] -- Found rmw_fastrtps_cpp: 6.2.1 (/opt/ros/humble/share/rmw_fastrtps_cpp/cmake)
[3.583s] -- Found OpenSSL: /usr/lib/x86_64-linux-gnu/libcrypto.so (found version "3.0.2")  
[3.633s] -- Found FastRTPS: /opt/ros/humble/include  
[3.727s] -- Using RMW implementation 'rmw_fastrtps_cpp' as default
[4.075s] -- Found eigen3_cmake_module: 0.1.1 (/opt/ros/humble/share/eigen3_cmake_module/cmake)
[4.077s] -- Found Eigen3: TRUE (found version "3.4.0") 
[4.077s] -- Ensuring Eigen3 include directory is part of orocos-kdl CMake target
[7.453s] -- Found ament_lint_auto: 0.12.4 (/opt/ros/humble/share/ament_lint_auto/cmake)
[12.160s] -- Found gtest sources under '/opt/ros/humble/src/gtest_vendor': C++ tests using 'Google Test' will be built
[12.165s] -- Looking for pthread.h
[12.261s] -- Looking for pthread.h - found
[12.261s] -- Performing Test CMAKE_HAVE_LIBC_PTHREAD
[12.370s] -- Performing Test CMAKE_HAVE_LIBC_PTHREAD - Success
[12.370s] -- Found Threads: TRUE  
[12.370s] -- Added test 'copyright' to check source files copyright and LICENSE
[12.371s] -- Added test 'cppcheck' to perform static code analysis on C / C++ code
[12.372s] -- Configured cppcheck include dirs: /autoware/src/universe/autoware.universe/planning/planning_evaluator/include
[12.372s] -- Configured cppcheck exclude dirs and/or files: 
[12.373s] -- Added test 'lint_cmake' to check CMake code style
[12.375s] -- Added test 'xmllint' to check XML markup files
[12.380s] -- Configuring done
[12.504s] -- Generating done
[12.507s] -- Build files have been written to: /autoware/build/planning_evaluator
[12.524s] Invoked command in '/autoware/build/planning_evaluator' returned '0': AMENT_PREFIX_PATH=/autoware/install/motion_utils:/autoware/install/interpolation:/autoware/install/tier4_autoware_utils:/autoware/install/autoware_auto_vehicle_msgs:/autoware/install/autoware_cmake:/autoware/install/autoware_auto_planning_msgs:/autoware/install/autoware_auto_perception_msgs:/autoware/install/tier4_debug_msgs:/autoware/install/autoware_lint_common:/autoware/install/autoware_auto_mapping_msgs:/autoware/install/autoware_auto_geometry_msgs:${AMENT_PREFIX_PATH} CMAKE_PREFIX_PATH=/autoware/install/motion_utils:/autoware/install/interpolation:/autoware/install/tier4_autoware_utils:/autoware/install/autoware_auto_vehicle_msgs:/autoware/install/autoware_cmake:/autoware/install/autoware_auto_planning_msgs:/autoware/install/autoware_auto_perception_msgs:/autoware/install/tier4_debug_msgs:/autoware/install/autoware_lint_common:/autoware/install/autoware_auto_mapping_msgs:/autoware/install/autoware_auto_geometry_msgs:/opt/ros/humble LD_LIBRARY_PATH=/autoware/install/motion_utils/lib:/autoware/install/interpolation/lib:/autoware/install/tier4_autoware_utils/lib:/autoware/install/autoware_auto_vehicle_msgs/lib:/autoware/install/autoware_auto_planning_msgs/lib:/autoware/install/autoware_auto_perception_msgs/lib:/autoware/install/tier4_debug_msgs/lib:/autoware/install/autoware_auto_mapping_msgs/lib:/autoware/install/autoware_auto_geometry_msgs/lib:${LD_LIBRARY_PATH} PYTHONPATH=/autoware/install/autoware_auto_vehicle_msgs/local/lib/python3.10/dist-packages:/autoware/install/autoware_auto_planning_msgs/local/lib/python3.10/dist-packages:/autoware/install/autoware_auto_perception_msgs/local/lib/python3.10/dist-packages:/autoware/install/tier4_debug_msgs/local/lib/python3.10/dist-packages:/autoware/install/autoware_auto_mapping_msgs/local/lib/python3.10/dist-packages:/autoware/install/autoware_auto_geometry_msgs/local/lib/python3.10/dist-packages:${PYTHONPATH} /usr/bin/cmake /autoware/src/universe/autoware.universe/planning/planning_evaluator -DCMAKE_BUILD_TYPE=Release -DAMENT_CMAKE_SYMLINK_INSTALL=1 -DCMAKE_INSTALL_PREFIX=/autoware/install/planning_evaluator
[12.526s] Invoking command in '/autoware/build/planning_evaluator': AMENT_PREFIX_PATH=/autoware/install/motion_utils:/autoware/install/interpolation:/autoware/install/tier4_autoware_utils:/autoware/install/autoware_auto_vehicle_msgs:/autoware/install/autoware_cmake:/autoware/install/autoware_auto_planning_msgs:/autoware/install/autoware_auto_perception_msgs:/autoware/install/tier4_debug_msgs:/autoware/install/autoware_lint_common:/autoware/install/autoware_auto_mapping_msgs:/autoware/install/autoware_auto_geometry_msgs:${AMENT_PREFIX_PATH} CMAKE_PREFIX_PATH=/autoware/install/motion_utils:/autoware/install/interpolation:/autoware/install/tier4_autoware_utils:/autoware/install/autoware_auto_vehicle_msgs:/autoware/install/autoware_cmake:/autoware/install/autoware_auto_planning_msgs:/autoware/install/autoware_auto_perception_msgs:/autoware/install/tier4_debug_msgs:/autoware/install/autoware_lint_common:/autoware/install/autoware_auto_mapping_msgs:/autoware/install/autoware_auto_geometry_msgs:/opt/ros/humble LD_LIBRARY_PATH=/autoware/install/motion_utils/lib:/autoware/install/interpolation/lib:/autoware/install/tier4_autoware_utils/lib:/autoware/install/autoware_auto_vehicle_msgs/lib:/autoware/install/autoware_auto_planning_msgs/lib:/autoware/install/autoware_auto_perception_msgs/lib:/autoware/install/tier4_debug_msgs/lib:/autoware/install/autoware_auto_mapping_msgs/lib:/autoware/install/autoware_auto_geometry_msgs/lib:${LD_LIBRARY_PATH} PYTHONPATH=/autoware/install/autoware_auto_vehicle_msgs/local/lib/python3.10/dist-packages:/autoware/install/autoware_auto_planning_msgs/local/lib/python3.10/dist-packages:/autoware/install/autoware_auto_perception_msgs/local/lib/python3.10/dist-packages:/autoware/install/tier4_debug_msgs/local/lib/python3.10/dist-packages:/autoware/install/autoware_auto_mapping_msgs/local/lib/python3.10/dist-packages:/autoware/install/autoware_auto_geometry_msgs/local/lib/python3.10/dist-packages:${PYTHONPATH} /usr/bin/cmake --build /autoware/build/planning_evaluator -- -j64 -l64
[12.598s] [ 10%] Building CXX object CMakeFiles/motion_evaluator.dir/rclcpp_components/node_main_motion_evaluator.cpp.o
[12.599s] [ 15%] Building CXX object gtest/CMakeFiles/gtest_main.dir/src/gtest_main.cc.o
[12.599s] [ 15%] Building CXX object CMakeFiles/planning_evaluator.dir/rclcpp_components/node_main_planning_evaluator.cpp.o
[12.601s] [ 21%] Building CXX object gtest/CMakeFiles/gtest.dir/src/gtest-all.cc.o
[12.602s] [ 26%] Building CXX object CMakeFiles/planning_evaluator_node.dir/src/metrics_calculator.cpp.o
[12.603s] [ 31%] Building CXX object CMakeFiles/planning_evaluator_node.dir/src/planning_evaluator_node.cpp.o
[12.603s] [ 36%] Building CXX object CMakeFiles/planning_evaluator_node.dir/src/motion_evaluator_node.cpp.o
[12.604s] [ 42%] Building CXX object CMakeFiles/planning_evaluator_node.dir/src/metrics/stability_metrics.cpp.o
[12.605s] [ 52%] Building CXX object CMakeFiles/planning_evaluator_node.dir/src/metrics/deviation_metrics.cpp.o
[12.605s] [ 52%] Building CXX object CMakeFiles/planning_evaluator_node.dir/src/metrics/metrics_utils.cpp.o
[12.605s] [ 57%] Building CXX object CMakeFiles/planning_evaluator_node.dir/src/metrics/obstacle_metrics.cpp.o
[12.607s] [ 63%] Building CXX object CMakeFiles/planning_evaluator_node.dir/src/metrics/trajectory_metrics.cpp.o
[13.890s] [ 68%] Linking CXX static library libgtest_main.a
[13.934s] [ 68%] Built target gtest_main
[17.377s] [ 73%] Linking CXX executable planning_evaluator
[17.513s] [ 73%] Built target planning_evaluator
[18.024s] [ 78%] Linking CXX executable motion_evaluator
[18.156s] [ 78%] Built target motion_evaluator
[23.214s] [ 84%] Linking CXX static library libgtest.a
[23.276s] [ 84%] Built target gtest
[35.560s] [ 89%] Linking CXX shared library libplanning_evaluator_node.so
[36.133s] [ 89%] Built target planning_evaluator_node
[36.264s] [ 94%] Building CXX object CMakeFiles/test_planning_evaluator.dir/test/test_planning_evaluator_node.cpp.o
[57.434s] [100%] Linking CXX executable test_planning_evaluator
[57.886s] [100%] Built target test_planning_evaluator
[57.901s] Invoked command in '/autoware/build/planning_evaluator' returned '0': AMENT_PREFIX_PATH=/autoware/install/motion_utils:/autoware/install/interpolation:/autoware/install/tier4_autoware_utils:/autoware/install/autoware_auto_vehicle_msgs:/autoware/install/autoware_cmake:/autoware/install/autoware_auto_planning_msgs:/autoware/install/autoware_auto_perception_msgs:/autoware/install/tier4_debug_msgs:/autoware/install/autoware_lint_common:/autoware/install/autoware_auto_mapping_msgs:/autoware/install/autoware_auto_geometry_msgs:${AMENT_PREFIX_PATH} CMAKE_PREFIX_PATH=/autoware/install/motion_utils:/autoware/install/interpolation:/autoware/install/tier4_autoware_utils:/autoware/install/autoware_auto_vehicle_msgs:/autoware/install/autoware_cmake:/autoware/install/autoware_auto_planning_msgs:/autoware/install/autoware_auto_perception_msgs:/autoware/install/tier4_debug_msgs:/autoware/install/autoware_lint_common:/autoware/install/autoware_auto_mapping_msgs:/autoware/install/autoware_auto_geometry_msgs:/opt/ros/humble LD_LIBRARY_PATH=/autoware/install/motion_utils/lib:/autoware/install/interpolation/lib:/autoware/install/tier4_autoware_utils/lib:/autoware/install/autoware_auto_vehicle_msgs/lib:/autoware/install/autoware_auto_planning_msgs/lib:/autoware/install/autoware_auto_perception_msgs/lib:/autoware/install/tier4_debug_msgs/lib:/autoware/install/autoware_auto_mapping_msgs/lib:/autoware/install/autoware_auto_geometry_msgs/lib:${LD_LIBRARY_PATH} PYTHONPATH=/autoware/install/autoware_auto_vehicle_msgs/local/lib/python3.10/dist-packages:/autoware/install/autoware_auto_planning_msgs/local/lib/python3.10/dist-packages:/autoware/install/autoware_auto_perception_msgs/local/lib/python3.10/dist-packages:/autoware/install/tier4_debug_msgs/local/lib/python3.10/dist-packages:/autoware/install/autoware_auto_mapping_msgs/local/lib/python3.10/dist-packages:/autoware/install/autoware_auto_geometry_msgs/local/lib/python3.10/dist-packages:${PYTHONPATH} /usr/bin/cmake --build /autoware/build/planning_evaluator -- -j64 -l64
[57.958s] Invoking command in '/autoware/build/planning_evaluator': AMENT_PREFIX_PATH=/autoware/install/motion_utils:/autoware/install/interpolation:/autoware/install/tier4_autoware_utils:/autoware/install/autoware_auto_vehicle_msgs:/autoware/install/autoware_cmake:/autoware/install/autoware_auto_planning_msgs:/autoware/install/autoware_auto_perception_msgs:/autoware/install/tier4_debug_msgs:/autoware/install/autoware_lint_common:/autoware/install/autoware_auto_mapping_msgs:/autoware/install/autoware_auto_geometry_msgs:${AMENT_PREFIX_PATH} CMAKE_PREFIX_PATH=/autoware/install/motion_utils:/autoware/install/interpolation:/autoware/install/tier4_autoware_utils:/autoware/install/autoware_auto_vehicle_msgs:/autoware/install/autoware_cmake:/autoware/install/autoware_auto_planning_msgs:/autoware/install/autoware_auto_perception_msgs:/autoware/install/tier4_debug_msgs:/autoware/install/autoware_lint_common:/autoware/install/autoware_auto_mapping_msgs:/autoware/install/autoware_auto_geometry_msgs:/opt/ros/humble LD_LIBRARY_PATH=/autoware/install/motion_utils/lib:/autoware/install/interpolation/lib:/autoware/install/tier4_autoware_utils/lib:/autoware/install/autoware_auto_vehicle_msgs/lib:/autoware/install/autoware_auto_planning_msgs/lib:/autoware/install/autoware_auto_perception_msgs/lib:/autoware/install/tier4_debug_msgs/lib:/autoware/install/autoware_auto_mapping_msgs/lib:/autoware/install/autoware_auto_geometry_msgs/lib:${LD_LIBRARY_PATH} PYTHONPATH=/autoware/install/autoware_auto_vehicle_msgs/local/lib/python3.10/dist-packages:/autoware/install/autoware_auto_planning_msgs/local/lib/python3.10/dist-packages:/autoware/install/autoware_auto_perception_msgs/local/lib/python3.10/dist-packages:/autoware/install/tier4_debug_msgs/local/lib/python3.10/dist-packages:/autoware/install/autoware_auto_mapping_msgs/local/lib/python3.10/dist-packages:/autoware/install/autoware_auto_geometry_msgs/local/lib/python3.10/dist-packages:${PYTHONPATH} /usr/bin/cmake --install /autoware/build/planning_evaluator
[57.967s] -- Install configuration: "Release"
[57.968s] -- Execute custom install script
[57.969s] -- Symlinking: /autoware/install/planning_evaluator/lib/planning_evaluator/planning_evaluator
[57.981s] -- Symlinking: /autoware/install/planning_evaluator/lib/planning_evaluator/motion_evaluator
[57.994s] -- Symlinking: /autoware/install/planning_evaluator/include/planning_evaluator/metrics/deviation_metrics.hpp
[58.005s] -- Symlinking: /autoware/install/planning_evaluator/include/planning_evaluator/metrics/metric.hpp
[58.017s] -- Symlinking: /autoware/install/planning_evaluator/include/planning_evaluator/metrics/metrics_utils.hpp
[58.028s] -- Symlinking: /autoware/install/planning_evaluator/include/planning_evaluator/metrics/obstacle_metrics.hpp
[58.040s] -- Symlinking: /autoware/install/planning_evaluator/include/planning_evaluator/metrics/stability_metrics.hpp
[58.053s] -- Symlinking: /autoware/install/planning_evaluator/include/planning_evaluator/metrics/trajectory_metrics.hpp
[58.065s] -- Symlinking: /autoware/install/planning_evaluator/include/planning_evaluator/metrics_calculator.hpp
[58.076s] -- Symlinking: /autoware/install/planning_evaluator/include/planning_evaluator/motion_evaluator_node.hpp
[58.088s] -- Symlinking: /autoware/install/planning_evaluator/include/planning_evaluator/parameters.hpp
[58.100s] -- Symlinking: /autoware/install/planning_evaluator/include/planning_evaluator/planning_evaluator_node.hpp
[58.112s] -- Symlinking: /autoware/install/planning_evaluator/include/planning_evaluator/stat.hpp
[58.125s] -- Symlinking: /autoware/install/planning_evaluator/share/planning_evaluator/environment/library_path.sh
[58.137s] -- Symlinking: /autoware/install/planning_evaluator/share/planning_evaluator/environment/library_path.dsv
[58.149s] -- Symlinking: /autoware/install/planning_evaluator/lib/libplanning_evaluator_node.so
[58.161s] -- Symlinking: /autoware/install/planning_evaluator/share/planning_evaluator/param/planning_evaluator.defaults.yaml
[58.172s] -- Symlinking: /autoware/install/planning_evaluator/share/planning_evaluator/launch/motion_evaluator.launch.xml
[58.183s] -- Symlinking: /autoware/install/planning_evaluator/share/planning_evaluator/launch/planning_evaluator.launch.xml
[58.195s] -- Symlinking: /autoware/install/planning_evaluator/share/ament_index/resource_index/package_run_dependencies/planning_evaluator
[58.206s] -- Symlinking: /autoware/install/planning_evaluator/share/ament_index/resource_index/parent_prefix_path/planning_evaluator
[58.218s] -- Symlinking: /autoware/install/planning_evaluator/share/planning_evaluator/environment/ament_prefix_path.sh
[58.228s] -- Symlinking: /autoware/install/planning_evaluator/share/planning_evaluator/environment/ament_prefix_path.dsv
[58.240s] -- Symlinking: /autoware/install/planning_evaluator/share/planning_evaluator/environment/path.sh
[58.251s] -- Symlinking: /autoware/install/planning_evaluator/share/planning_evaluator/environment/path.dsv
[58.263s] -- Symlinking: /autoware/install/planning_evaluator/share/planning_evaluator/local_setup.bash
[58.276s] -- Symlinking: /autoware/install/planning_evaluator/share/planning_evaluator/local_setup.sh
[58.287s] -- Symlinking: /autoware/install/planning_evaluator/share/planning_evaluator/local_setup.zsh
[58.299s] -- Symlinking: /autoware/install/planning_evaluator/share/planning_evaluator/local_setup.dsv
[58.311s] -- Symlinking: /autoware/install/planning_evaluator/share/planning_evaluator/package.dsv
[58.319s] -- Symlinking: /autoware/install/planning_evaluator/share/ament_index/resource_index/packages/planning_evaluator
[58.326s] -- Symlinking: /autoware/install/planning_evaluator/share/ament_index/resource_index/rclcpp_components/planning_evaluator
[58.333s] -- Symlinking: /autoware/install/planning_evaluator/share/planning_evaluator/cmake/ament_cmake_export_dependencies-extras.cmake
[58.339s] -- Symlinking: /autoware/install/planning_evaluator/share/planning_evaluator/cmake/ament_cmake_export_include_directories-extras.cmake
[58.346s] -- Symlinking: /autoware/install/planning_evaluator/share/planning_evaluator/cmake/ament_cmake_export_libraries-extras.cmake
[58.352s] -- Symlinking: /autoware/install/planning_evaluator/share/planning_evaluator/cmake/planning_evaluatorConfig.cmake
[58.359s] -- Symlinking: /autoware/install/planning_evaluator/share/planning_evaluator/cmake/planning_evaluatorConfig-version.cmake
[58.365s] -- Symlinking: /autoware/install/planning_evaluator/share/planning_evaluator/package.xml
[58.382s] Invoked command in '/autoware/build/planning_evaluator' returned '0': AMENT_PREFIX_PATH=/autoware/install/motion_utils:/autoware/install/interpolation:/autoware/install/tier4_autoware_utils:/autoware/install/autoware_auto_vehicle_msgs:/autoware/install/autoware_cmake:/autoware/install/autoware_auto_planning_msgs:/autoware/install/autoware_auto_perception_msgs:/autoware/install/tier4_debug_msgs:/autoware/install/autoware_lint_common:/autoware/install/autoware_auto_mapping_msgs:/autoware/install/autoware_auto_geometry_msgs:${AMENT_PREFIX_PATH} CMAKE_PREFIX_PATH=/autoware/install/motion_utils:/autoware/install/interpolation:/autoware/install/tier4_autoware_utils:/autoware/install/autoware_auto_vehicle_msgs:/autoware/install/autoware_cmake:/autoware/install/autoware_auto_planning_msgs:/autoware/install/autoware_auto_perception_msgs:/autoware/install/tier4_debug_msgs:/autoware/install/autoware_lint_common:/autoware/install/autoware_auto_mapping_msgs:/autoware/install/autoware_auto_geometry_msgs:/opt/ros/humble LD_LIBRARY_PATH=/autoware/install/motion_utils/lib:/autoware/install/interpolation/lib:/autoware/install/tier4_autoware_utils/lib:/autoware/install/autoware_auto_vehicle_msgs/lib:/autoware/install/autoware_auto_planning_msgs/lib:/autoware/install/autoware_auto_perception_msgs/lib:/autoware/install/tier4_debug_msgs/lib:/autoware/install/autoware_auto_mapping_msgs/lib:/autoware/install/autoware_auto_geometry_msgs/lib:${LD_LIBRARY_PATH} PYTHONPATH=/autoware/install/autoware_auto_vehicle_msgs/local/lib/python3.10/dist-packages:/autoware/install/autoware_auto_planning_msgs/local/lib/python3.10/dist-packages:/autoware/install/autoware_auto_perception_msgs/local/lib/python3.10/dist-packages:/autoware/install/tier4_debug_msgs/local/lib/python3.10/dist-packages:/autoware/install/autoware_auto_mapping_msgs/local/lib/python3.10/dist-packages:/autoware/install/autoware_auto_geometry_msgs/local/lib/python3.10/dist-packages:${PYTHONPATH} /usr/bin/cmake --install /autoware/build/planning_evaluator
