[0.059s] Invoking command in '/autoware/build/behavior_path_planner': AMENT_PREFIX_PATH=/autoware/install/route_handler:/autoware/install/lane_departure_checker:/autoware/install/motion_utils:/autoware/install/vehicle_info_util:/autoware/install/interpolation:/autoware/install/tier4_autoware_utils:/autoware/install/lanelet2_extension:/autoware/install/autoware_auto_vehicle_msgs:/autoware/install/autoware_auto_tf2:/autoware/install/rtc_interface:/autoware/install/autoware_utils:/autoware/install/autoware_planning_msgs:/autoware/install/autoware_auto_planning_msgs:/autoware/install/autoware_auto_perception_msgs:/autoware/install/autoware_auto_common:/autoware/install/tier4_rtc_msgs:/autoware/install/tier4_planning_msgs:/autoware/install/tier4_debug_msgs:/autoware/install/autoware_common_msgs:/autoware/install/autoware_cmake:/autoware/install/autoware_auto_system_msgs:/autoware/install/autoware_auto_mapping_msgs:/autoware/install/autoware_auto_geometry_msgs:/autoware/install/autoware_adapi_v1_msgs:/autoware/install/autoware_lint_common:/autoware/install/ament_cmake_auto:${AMENT_PREFIX_PATH} CMAKE_PREFIX_PATH=/autoware/install/route_handler:/autoware/install/lane_departure_checker:/autoware/install/motion_utils:/autoware/install/vehicle_info_util:/autoware/install/interpolation:/autoware/install/tier4_autoware_utils:/autoware/install/lanelet2_extension:/autoware/install/autoware_auto_vehicle_msgs:/autoware/install/autoware_auto_tf2:/autoware/install/rtc_interface:/autoware/install/autoware_utils:/autoware/install/autoware_planning_msgs:/autoware/install/autoware_auto_planning_msgs:/autoware/install/autoware_auto_perception_msgs:/autoware/install/autoware_auto_common:/autoware/install/tier4_rtc_msgs:/autoware/install/tier4_planning_msgs:/autoware/install/tier4_debug_msgs:/autoware/install/autoware_common_msgs:/autoware/install/autoware_cmake:/autoware/install/autoware_auto_system_msgs:/autoware/install/autoware_auto_mapping_msgs:/autoware/install/autoware_auto_geometry_msgs:/autoware/install/autoware_adapi_v1_msgs:/autoware/install/autoware_lint_common:/autoware/install/ament_cmake_auto:/opt/ros/humble LD_LIBRARY_PATH=/autoware/install/route_handler/lib:/autoware/install/lane_departure_checker/lib:/autoware/install/motion_utils/lib:/autoware/install/vehicle_info_util/lib:/autoware/install/interpolation/lib:/autoware/install/tier4_autoware_utils/lib:/autoware/install/lanelet2_extension/lib:/autoware/install/autoware_auto_vehicle_msgs/lib:/autoware/install/rtc_interface/lib:/autoware/install/autoware_utils/lib:/autoware/install/autoware_planning_msgs/lib:/autoware/install/autoware_auto_planning_msgs/lib:/autoware/install/autoware_auto_perception_msgs/lib:/autoware/install/tier4_rtc_msgs/lib:/autoware/install/tier4_planning_msgs/lib:/autoware/install/tier4_debug_msgs/lib:/autoware/install/autoware_common_msgs/lib:/autoware/install/autoware_auto_system_msgs/lib:/autoware/install/autoware_auto_mapping_msgs/lib:/autoware/install/autoware_auto_geometry_msgs/lib:/autoware/install/autoware_adapi_v1_msgs/lib:${LD_LIBRARY_PATH} PYTHONPATH=/autoware/install/autoware_auto_vehicle_msgs/local/lib/python3.10/dist-packages:/autoware/install/autoware_planning_msgs/local/lib/python3.10/dist-packages:/autoware/install/autoware_auto_planning_msgs/local/lib/python3.10/dist-packages:/autoware/install/autoware_auto_perception_msgs/local/lib/python3.10/dist-packages:/autoware/install/tier4_rtc_msgs/local/lib/python3.10/dist-packages:/autoware/install/tier4_planning_msgs/local/lib/python3.10/dist-packages:/autoware/install/tier4_debug_msgs/local/lib/python3.10/dist-packages:/autoware/install/autoware_common_msgs/local/lib/python3.10/dist-packages:/autoware/install/autoware_auto_system_msgs/local/lib/python3.10/dist-packages:/autoware/install/autoware_auto_mapping_msgs/local/lib/python3.10/dist-packages:/autoware/install/autoware_auto_geometry_msgs/local/lib/python3.10/dist-packages:/autoware/install/autoware_adapi_v1_msgs/local/lib/python3.10/dist-packages:${PYTHONPATH} /usr/bin/cmake --build /autoware/build/behavior_path_planner -- -j64 -l64
[0.091s] -- Found autoware_cmake: 0.1.0 (/autoware/install/autoware_cmake/share/autoware_cmake/cmake)
[0.091s] -- Found ament_cmake_auto: 1.3.2 (/opt/ros/humble/share/ament_cmake_auto/cmake)
[0.244s] -- Override CMake install command with custom implementation using symlinks instead of copying resources
[0.345s] -- Found rosidl_generator_c: 3.1.3 (/opt/ros/humble/share/rosidl_generator_c/cmake)
[0.347s] -- Found rosidl_adapter: 3.1.3 (/opt/ros/humble/share/rosidl_adapter/cmake)
[0.353s] -- Found rosidl_generator_cpp: 3.1.3 (/opt/ros/humble/share/rosidl_generator_cpp/cmake)
[0.363s] -- Using all available rosidl_typesupport_c: rosidl_typesupport_fastrtps_c;rosidl_typesupport_introspection_c
[0.378s] -- Using all available rosidl_typesupport_cpp: rosidl_typesupport_fastrtps_cpp;rosidl_typesupport_introspection_cpp
[1.289s] -- Found eigen3_cmake_module: 0.1.1 (/opt/ros/humble/share/eigen3_cmake_module/cmake)
[1.290s] -- Ensuring Eigen3 include directory is part of orocos-kdl CMake target
[1.388s] -- Found rmw_implementation_cmake: 6.1.0 (/opt/ros/humble/share/rmw_implementation_cmake/cmake)
[1.390s] -- Found rmw_fastrtps_cpp: 6.2.1 (/opt/ros/humble/share/rmw_fastrtps_cpp/cmake)
[1.520s] -- Using RMW implementation 'rmw_fastrtps_cpp' as default
[3.187s] -- Found mrt_cmake_modules: 1.0.9 (/opt/ros/humble/share/mrt_cmake_modules/cmake)
[9.695s] -- Found ament_lint_auto: 0.12.4 (/opt/ros/humble/share/ament_lint_auto/cmake)
[32.587s] -- Found gmock sources under '/opt/ros/humble/src/gmock_vendor': C++ tests using 'Google Mock' will be built
[32.590s] -- Found gtest sources under '/opt/ros/humble/src/gtest_vendor': C++ tests using 'Google Test' will be built
[32.592s] -- Found gmock sources under '/opt/ros/humble/src/gmock_vendor': C++ tests using 'Google Mock' will be built
[32.593s] -- Found gtest sources under '/opt/ros/humble/src/gtest_vendor': C++ tests using 'Google Test' will be built
[32.593s] -- Found gmock sources under '/opt/ros/humble/src/gmock_vendor': C++ tests using 'Google Mock' will be built
[32.594s] -- Found gtest sources under '/opt/ros/humble/src/gtest_vendor': C++ tests using 'Google Test' will be built
[32.601s] -- Added test 'copyright' to check source files copyright and LICENSE
[32.611s] -- Added test 'cppcheck' to perform static code analysis on C / C++ code
[32.612s] -- Configured cppcheck include dirs: /autoware/src/universe/autoware.universe/planning/behavior_path_planner/include
[32.612s] -- Configured cppcheck exclude dirs and/or files: 
[32.615s] -- Added test 'lint_cmake' to check CMake code style
[32.616s] -- Added test 'xmllint' to check XML markup files
[32.621s] -- Configuring done
[32.839s] -- Generating done
[32.842s] -- Build files have been written to: /autoware/build/behavior_path_planner
[32.884s] Consolidate compiler generated dependencies of target gmock_main
[32.886s] Consolidate compiler generated dependencies of target behavior_path_planner
[32.886s] Consolidate compiler generated dependencies of target gmock
[32.896s] [  4%] Built target gmock_main
[32.899s] [ 11%] Built target gmock
[32.900s] [ 15%] Built target behavior_path_planner
[33.159s] Consolidate compiler generated dependencies of target behavior_path_planner_node
[33.240s] [ 17%] Building CXX object CMakeFiles/behavior_path_planner_node.dir/src/behavior_path_planner_node.cpp.o
[33.243s] [ 20%] Building CXX object CMakeFiles/behavior_path_planner_node.dir/src/behavior_tree_manager.cpp.o
[33.243s] [ 22%] Building CXX object CMakeFiles/behavior_path_planner_node.dir/src/utilities.cpp.o
[33.245s] [ 24%] Building CXX object CMakeFiles/behavior_path_planner_node.dir/src/path_utilities.cpp.o
[33.249s] [ 26%] Building CXX object CMakeFiles/behavior_path_planner_node.dir/src/debug_utilities.cpp.o
[33.250s] [ 28%] Building CXX object CMakeFiles/behavior_path_planner_node.dir/src/steering_factor_interface.cpp.o
[33.251s] [ 31%] Building CXX object CMakeFiles/behavior_path_planner_node.dir/src/turn_signal_decider.cpp.o
[33.253s] [ 33%] Building CXX object CMakeFiles/behavior_path_planner_node.dir/src/scene_module/scene_module_bt_node_interface.cpp.o
[33.257s] [ 35%] Building CXX object CMakeFiles/behavior_path_planner_node.dir/src/scene_module/side_shift/side_shift_module.cpp.o
[33.259s] [ 37%] Building CXX object CMakeFiles/behavior_path_planner_node.dir/src/scene_module/side_shift/util.cpp.o
[33.262s] [ 40%] Building CXX object CMakeFiles/behavior_path_planner_node.dir/src/scene_module/avoidance/avoidance_module.cpp.o
[33.265s] [ 42%] Building CXX object CMakeFiles/behavior_path_planner_node.dir/src/scene_module/avoidance/avoidance_utils.cpp.o
[33.268s] [ 44%] Building CXX object CMakeFiles/behavior_path_planner_node.dir/src/scene_module/avoidance/debug.cpp.o
[33.270s] [ 46%] Building CXX object CMakeFiles/behavior_path_planner_node.dir/src/scene_module/lane_following/lane_following_module.cpp.o
[33.274s] [ 48%] Building CXX object CMakeFiles/behavior_path_planner_node.dir/src/scene_module/lane_change/lane_change_module.cpp.o
[33.277s] [ 51%] Building CXX object CMakeFiles/behavior_path_planner_node.dir/src/scene_module/lane_change/util.cpp.o
[33.279s] [ 53%] Building CXX object CMakeFiles/behavior_path_planner_node.dir/src/scene_module/lane_change/debug.cpp.o
[33.281s] [ 55%] Building CXX object CMakeFiles/behavior_path_planner_node.dir/src/scene_module/pull_over/pull_over_module.cpp.o
[33.283s] [ 57%] Building CXX object CMakeFiles/behavior_path_planner_node.dir/src/scene_module/pull_over/util.cpp.o
[33.286s] [ 60%] Building CXX object CMakeFiles/behavior_path_planner_node.dir/src/scene_module/pull_over/shift_pull_over.cpp.o
[33.288s] [ 62%] Building CXX object CMakeFiles/behavior_path_planner_node.dir/src/scene_module/pull_over/geometric_pull_over.cpp.o
[33.292s] [ 64%] Building CXX object CMakeFiles/behavior_path_planner_node.dir/src/scene_module/pull_over/goal_searcher.cpp.o
[33.293s] [ 66%] Building CXX object CMakeFiles/behavior_path_planner_node.dir/src/scene_module/pull_out/pull_out_module.cpp.o
[33.295s] [ 68%] Building CXX object CMakeFiles/behavior_path_planner_node.dir/src/scene_module/pull_out/util.cpp.o
[33.298s] [ 71%] Building CXX object CMakeFiles/behavior_path_planner_node.dir/src/scene_module/pull_out/shift_pull_out.cpp.o
[33.301s] [ 73%] Building CXX object CMakeFiles/behavior_path_planner_node.dir/src/scene_module/pull_out/geometric_pull_out.cpp.o
[33.303s] [ 75%] Building CXX object CMakeFiles/behavior_path_planner_node.dir/src/scene_module/utils/geometric_parallel_parking.cpp.o
[33.307s] [ 77%] Building CXX object CMakeFiles/behavior_path_planner_node.dir/src/scene_module/utils/occupancy_grid_based_collision_detector.cpp.o
[33.308s] [ 80%] Building CXX object CMakeFiles/behavior_path_planner_node.dir/src/scene_module/utils/path_shifter.cpp.o
[33.319s] [ 82%] Building CXX object CMakeFiles/behavior_path_planner_node.dir/src/scene_module/scene_module_visitor.cpp.o
[89.968s] [ 84%] Linking CXX shared library libbehavior_path_planner_node.so
[90.762s] [ 84%] Built target behavior_path_planner_node
[90.798s] Consolidate compiler generated dependencies of target test_behavior_path_planner_turn_signal
[90.799s] Consolidate compiler generated dependencies of target test_behavior_path_planner_avoidance_module
[90.806s] Consolidate compiler generated dependencies of target test_behavior_path_planner_utilities
[90.829s] [ 86%] Building CXX object CMakeFiles/test_behavior_path_planner_turn_signal.dir/test/test_turn_signal.cpp.o
[90.832s] [ 88%] Building CXX object CMakeFiles/test_behavior_path_planner_avoidance_module.dir/test/test_avoidance_utils.cpp.o
[90.841s] [ 91%] Building CXX object CMakeFiles/test_behavior_path_planner_utilities.dir/test/input.cpp.o
[90.843s] [ 93%] Building CXX object CMakeFiles/test_behavior_path_planner_utilities.dir/test/test_utilities.cpp.o
[101.529s] [ 95%] Linking CXX executable test_behavior_path_planner_avoidance_module
[101.688s] [ 97%] Linking CXX executable test_behavior_path_planner_turn_signal
[102.026s] [ 97%] Built target test_behavior_path_planner_avoidance_module
[102.187s] [ 97%] Built target test_behavior_path_planner_turn_signal
[107.073s] [100%] Linking CXX executable test_behavior_path_planner_utilities
[107.573s] [100%] Built target test_behavior_path_planner_utilities
[107.583s] Invoked command in '/autoware/build/behavior_path_planner' returned '0': AMENT_PREFIX_PATH=/autoware/install/route_handler:/autoware/install/lane_departure_checker:/autoware/install/motion_utils:/autoware/install/vehicle_info_util:/autoware/install/interpolation:/autoware/install/tier4_autoware_utils:/autoware/install/lanelet2_extension:/autoware/install/autoware_auto_vehicle_msgs:/autoware/install/autoware_auto_tf2:/autoware/install/rtc_interface:/autoware/install/autoware_utils:/autoware/install/autoware_planning_msgs:/autoware/install/autoware_auto_planning_msgs:/autoware/install/autoware_auto_perception_msgs:/autoware/install/autoware_auto_common:/autoware/install/tier4_rtc_msgs:/autoware/install/tier4_planning_msgs:/autoware/install/tier4_debug_msgs:/autoware/install/autoware_common_msgs:/autoware/install/autoware_cmake:/autoware/install/autoware_auto_system_msgs:/autoware/install/autoware_auto_mapping_msgs:/autoware/install/autoware_auto_geometry_msgs:/autoware/install/autoware_adapi_v1_msgs:/autoware/install/autoware_lint_common:/autoware/install/ament_cmake_auto:${AMENT_PREFIX_PATH} CMAKE_PREFIX_PATH=/autoware/install/route_handler:/autoware/install/lane_departure_checker:/autoware/install/motion_utils:/autoware/install/vehicle_info_util:/autoware/install/interpolation:/autoware/install/tier4_autoware_utils:/autoware/install/lanelet2_extension:/autoware/install/autoware_auto_vehicle_msgs:/autoware/install/autoware_auto_tf2:/autoware/install/rtc_interface:/autoware/install/autoware_utils:/autoware/install/autoware_planning_msgs:/autoware/install/autoware_auto_planning_msgs:/autoware/install/autoware_auto_perception_msgs:/autoware/install/autoware_auto_common:/autoware/install/tier4_rtc_msgs:/autoware/install/tier4_planning_msgs:/autoware/install/tier4_debug_msgs:/autoware/install/autoware_common_msgs:/autoware/install/autoware_cmake:/autoware/install/autoware_auto_system_msgs:/autoware/install/autoware_auto_mapping_msgs:/autoware/install/autoware_auto_geometry_msgs:/autoware/install/autoware_adapi_v1_msgs:/autoware/install/autoware_lint_common:/autoware/install/ament_cmake_auto:/opt/ros/humble LD_LIBRARY_PATH=/autoware/install/route_handler/lib:/autoware/install/lane_departure_checker/lib:/autoware/install/motion_utils/lib:/autoware/install/vehicle_info_util/lib:/autoware/install/interpolation/lib:/autoware/install/tier4_autoware_utils/lib:/autoware/install/lanelet2_extension/lib:/autoware/install/autoware_auto_vehicle_msgs/lib:/autoware/install/rtc_interface/lib:/autoware/install/autoware_utils/lib:/autoware/install/autoware_planning_msgs/lib:/autoware/install/autoware_auto_planning_msgs/lib:/autoware/install/autoware_auto_perception_msgs/lib:/autoware/install/tier4_rtc_msgs/lib:/autoware/install/tier4_planning_msgs/lib:/autoware/install/tier4_debug_msgs/lib:/autoware/install/autoware_common_msgs/lib:/autoware/install/autoware_auto_system_msgs/lib:/autoware/install/autoware_auto_mapping_msgs/lib:/autoware/install/autoware_auto_geometry_msgs/lib:/autoware/install/autoware_adapi_v1_msgs/lib:${LD_LIBRARY_PATH} PYTHONPATH=/autoware/install/autoware_auto_vehicle_msgs/local/lib/python3.10/dist-packages:/autoware/install/autoware_planning_msgs/local/lib/python3.10/dist-packages:/autoware/install/autoware_auto_planning_msgs/local/lib/python3.10/dist-packages:/autoware/install/autoware_auto_perception_msgs/local/lib/python3.10/dist-packages:/autoware/install/tier4_rtc_msgs/local/lib/python3.10/dist-packages:/autoware/install/tier4_planning_msgs/local/lib/python3.10/dist-packages:/autoware/install/tier4_debug_msgs/local/lib/python3.10/dist-packages:/autoware/install/autoware_common_msgs/local/lib/python3.10/dist-packages:/autoware/install/autoware_auto_system_msgs/local/lib/python3.10/dist-packages:/autoware/install/autoware_auto_mapping_msgs/local/lib/python3.10/dist-packages:/autoware/install/autoware_auto_geometry_msgs/local/lib/python3.10/dist-packages:/autoware/install/autoware_adapi_v1_msgs/local/lib/python3.10/dist-packages:${PYTHONPATH} /usr/bin/cmake --build /autoware/build/behavior_path_planner -- -j64 -l64
[107.664s] Invoking command in '/autoware/build/behavior_path_planner': AMENT_PREFIX_PATH=/autoware/install/route_handler:/autoware/install/lane_departure_checker:/autoware/install/motion_utils:/autoware/install/vehicle_info_util:/autoware/install/interpolation:/autoware/install/tier4_autoware_utils:/autoware/install/lanelet2_extension:/autoware/install/autoware_auto_vehicle_msgs:/autoware/install/autoware_auto_tf2:/autoware/install/rtc_interface:/autoware/install/autoware_utils:/autoware/install/autoware_planning_msgs:/autoware/install/autoware_auto_planning_msgs:/autoware/install/autoware_auto_perception_msgs:/autoware/install/autoware_auto_common:/autoware/install/tier4_rtc_msgs:/autoware/install/tier4_planning_msgs:/autoware/install/tier4_debug_msgs:/autoware/install/autoware_common_msgs:/autoware/install/autoware_cmake:/autoware/install/autoware_auto_system_msgs:/autoware/install/autoware_auto_mapping_msgs:/autoware/install/autoware_auto_geometry_msgs:/autoware/install/autoware_adapi_v1_msgs:/autoware/install/autoware_lint_common:/autoware/install/ament_cmake_auto:${AMENT_PREFIX_PATH} CMAKE_PREFIX_PATH=/autoware/install/route_handler:/autoware/install/lane_departure_checker:/autoware/install/motion_utils:/autoware/install/vehicle_info_util:/autoware/install/interpolation:/autoware/install/tier4_autoware_utils:/autoware/install/lanelet2_extension:/autoware/install/autoware_auto_vehicle_msgs:/autoware/install/autoware_auto_tf2:/autoware/install/rtc_interface:/autoware/install/autoware_utils:/autoware/install/autoware_planning_msgs:/autoware/install/autoware_auto_planning_msgs:/autoware/install/autoware_auto_perception_msgs:/autoware/install/autoware_auto_common:/autoware/install/tier4_rtc_msgs:/autoware/install/tier4_planning_msgs:/autoware/install/tier4_debug_msgs:/autoware/install/autoware_common_msgs:/autoware/install/autoware_cmake:/autoware/install/autoware_auto_system_msgs:/autoware/install/autoware_auto_mapping_msgs:/autoware/install/autoware_auto_geometry_msgs:/autoware/install/autoware_adapi_v1_msgs:/autoware/install/autoware_lint_common:/autoware/install/ament_cmake_auto:/opt/ros/humble LD_LIBRARY_PATH=/autoware/install/route_handler/lib:/autoware/install/lane_departure_checker/lib:/autoware/install/motion_utils/lib:/autoware/install/vehicle_info_util/lib:/autoware/install/interpolation/lib:/autoware/install/tier4_autoware_utils/lib:/autoware/install/lanelet2_extension/lib:/autoware/install/autoware_auto_vehicle_msgs/lib:/autoware/install/rtc_interface/lib:/autoware/install/autoware_utils/lib:/autoware/install/autoware_planning_msgs/lib:/autoware/install/autoware_auto_planning_msgs/lib:/autoware/install/autoware_auto_perception_msgs/lib:/autoware/install/tier4_rtc_msgs/lib:/autoware/install/tier4_planning_msgs/lib:/autoware/install/tier4_debug_msgs/lib:/autoware/install/autoware_common_msgs/lib:/autoware/install/autoware_auto_system_msgs/lib:/autoware/install/autoware_auto_mapping_msgs/lib:/autoware/install/autoware_auto_geometry_msgs/lib:/autoware/install/autoware_adapi_v1_msgs/lib:${LD_LIBRARY_PATH} PYTHONPATH=/autoware/install/autoware_auto_vehicle_msgs/local/lib/python3.10/dist-packages:/autoware/install/autoware_planning_msgs/local/lib/python3.10/dist-packages:/autoware/install/autoware_auto_planning_msgs/local/lib/python3.10/dist-packages:/autoware/install/autoware_auto_perception_msgs/local/lib/python3.10/dist-packages:/autoware/install/tier4_rtc_msgs/local/lib/python3.10/dist-packages:/autoware/install/tier4_planning_msgs/local/lib/python3.10/dist-packages:/autoware/install/tier4_debug_msgs/local/lib/python3.10/dist-packages:/autoware/install/autoware_common_msgs/local/lib/python3.10/dist-packages:/autoware/install/autoware_auto_system_msgs/local/lib/python3.10/dist-packages:/autoware/install/autoware_auto_mapping_msgs/local/lib/python3.10/dist-packages:/autoware/install/autoware_auto_geometry_msgs/local/lib/python3.10/dist-packages:/autoware/install/autoware_adapi_v1_msgs/local/lib/python3.10/dist-packages:${PYTHONPATH} /usr/bin/cmake --install /autoware/build/behavior_path_planner
[107.672s] -- Install configuration: "Release"
[107.672s] -- Execute custom install script
[107.673s] -- Up-to-date symlink: /autoware/install/behavior_path_planner/lib/behavior_path_planner/behavior_path_planner
[107.674s] -- Up-to-date symlink: /autoware/install/behavior_path_planner/include/behavior_path_planner/behavior_path_planner_node.hpp
[107.674s] -- Up-to-date symlink: /autoware/install/behavior_path_planner/include/behavior_path_planner/behavior_tree_manager.hpp
[107.674s] -- Up-to-date symlink: /autoware/install/behavior_path_planner/include/behavior_path_planner/data_manager.hpp
[107.674s] -- Up-to-date symlink: /autoware/install/behavior_path_planner/include/behavior_path_planner/debug_utilities.hpp
[107.674s] -- Up-to-date symlink: /autoware/install/behavior_path_planner/include/behavior_path_planner/parameters.hpp
[107.674s] -- Up-to-date symlink: /autoware/install/behavior_path_planner/include/behavior_path_planner/path_utilities.hpp
[107.674s] -- Up-to-date symlink: /autoware/install/behavior_path_planner/include/behavior_path_planner/scene_module/avoidance/avoidance_module.hpp
[107.675s] -- Up-to-date symlink: /autoware/install/behavior_path_planner/include/behavior_path_planner/scene_module/avoidance/avoidance_module_data.hpp
[107.675s] -- Up-to-date symlink: /autoware/install/behavior_path_planner/include/behavior_path_planner/scene_module/avoidance/avoidance_utils.hpp
[107.675s] -- Up-to-date symlink: /autoware/install/behavior_path_planner/include/behavior_path_planner/scene_module/avoidance/debug.hpp
[107.675s] -- Up-to-date symlink: /autoware/install/behavior_path_planner/include/behavior_path_planner/scene_module/lane_change/debug.hpp
[107.675s] -- Up-to-date symlink: /autoware/install/behavior_path_planner/include/behavior_path_planner/scene_module/lane_change/lane_change_module.hpp
[107.675s] -- Up-to-date symlink: /autoware/install/behavior_path_planner/include/behavior_path_planner/scene_module/lane_change/lane_change_module_data.hpp
[107.675s] -- Up-to-date symlink: /autoware/install/behavior_path_planner/include/behavior_path_planner/scene_module/lane_change/lane_change_path.hpp
[107.675s] -- Up-to-date symlink: /autoware/install/behavior_path_planner/include/behavior_path_planner/scene_module/lane_change/util.hpp
[107.676s] -- Up-to-date symlink: /autoware/install/behavior_path_planner/include/behavior_path_planner/scene_module/lane_following/lane_following_module.hpp
[107.676s] -- Up-to-date symlink: /autoware/install/behavior_path_planner/include/behavior_path_planner/scene_module/pull_out/geometric_pull_out.hpp
[107.676s] -- Up-to-date symlink: /autoware/install/behavior_path_planner/include/behavior_path_planner/scene_module/pull_out/pull_out_module.hpp
[107.676s] -- Up-to-date symlink: /autoware/install/behavior_path_planner/include/behavior_path_planner/scene_module/pull_out/pull_out_parameters.hpp
[107.676s] -- Up-to-date symlink: /autoware/install/behavior_path_planner/include/behavior_path_planner/scene_module/pull_out/pull_out_path.hpp
[107.676s] -- Up-to-date symlink: /autoware/install/behavior_path_planner/include/behavior_path_planner/scene_module/pull_out/pull_out_planner_base.hpp
[107.676s] -- Up-to-date symlink: /autoware/install/behavior_path_planner/include/behavior_path_planner/scene_module/pull_out/shift_pull_out.hpp
[107.676s] -- Up-to-date symlink: /autoware/install/behavior_path_planner/include/behavior_path_planner/scene_module/pull_out/util.hpp
[107.676s] -- Up-to-date symlink: /autoware/install/behavior_path_planner/include/behavior_path_planner/scene_module/pull_over/geometric_pull_over.hpp
[107.677s] -- Up-to-date symlink: /autoware/install/behavior_path_planner/include/behavior_path_planner/scene_module/pull_over/goal_searcher.hpp
[107.677s] -- Up-to-date symlink: /autoware/install/behavior_path_planner/include/behavior_path_planner/scene_module/pull_over/goal_searcher_base.hpp
[107.677s] -- Up-to-date symlink: /autoware/install/behavior_path_planner/include/behavior_path_planner/scene_module/pull_over/pull_over_module.hpp
[107.677s] -- Up-to-date symlink: /autoware/install/behavior_path_planner/include/behavior_path_planner/scene_module/pull_over/pull_over_parameters.hpp
[107.677s] -- Up-to-date symlink: /autoware/install/behavior_path_planner/include/behavior_path_planner/scene_module/pull_over/pull_over_planner_base.hpp
[107.677s] -- Up-to-date symlink: /autoware/install/behavior_path_planner/include/behavior_path_planner/scene_module/pull_over/shift_pull_over.hpp
[107.677s] -- Up-to-date symlink: /autoware/install/behavior_path_planner/include/behavior_path_planner/scene_module/pull_over/util.hpp
[107.677s] -- Up-to-date symlink: /autoware/install/behavior_path_planner/include/behavior_path_planner/scene_module/scene_module_bt_node_interface.hpp
[107.677s] -- Up-to-date symlink: /autoware/install/behavior_path_planner/include/behavior_path_planner/scene_module/scene_module_interface.hpp
[107.677s] -- Up-to-date symlink: /autoware/install/behavior_path_planner/include/behavior_path_planner/scene_module/scene_module_visitor.hpp
[107.678s] -- Up-to-date symlink: /autoware/install/behavior_path_planner/include/behavior_path_planner/scene_module/side_shift/side_shift_module.hpp
[107.678s] -- Up-to-date symlink: /autoware/install/behavior_path_planner/include/behavior_path_planner/scene_module/side_shift/util.hpp
[107.678s] -- Up-to-date symlink: /autoware/install/behavior_path_planner/include/behavior_path_planner/scene_module/utils/geometric_parallel_parking.hpp
[107.678s] -- Up-to-date symlink: /autoware/install/behavior_path_planner/include/behavior_path_planner/scene_module/utils/occupancy_grid_based_collision_detector.hpp
[107.678s] -- Up-to-date symlink: /autoware/install/behavior_path_planner/include/behavior_path_planner/scene_module/utils/path_shifter.hpp
[107.678s] -- Up-to-date symlink: /autoware/install/behavior_path_planner/include/behavior_path_planner/steering_factor_interface.hpp
[107.678s] -- Up-to-date symlink: /autoware/install/behavior_path_planner/include/behavior_path_planner/turn_signal_decider.hpp
[107.678s] -- Up-to-date symlink: /autoware/install/behavior_path_planner/include/behavior_path_planner/util/create_vehicle_footprint.hpp
[107.678s] -- Up-to-date symlink: /autoware/install/behavior_path_planner/include/behavior_path_planner/utilities.hpp
[107.678s] -- Up-to-date symlink: /autoware/install/behavior_path_planner/share/behavior_path_planner/environment/library_path.sh
[107.678s] -- Up-to-date symlink: /autoware/install/behavior_path_planner/share/behavior_path_planner/environment/library_path.dsv
[107.678s] -- Up-to-date symlink: /autoware/install/behavior_path_planner/lib/libbehavior_path_planner_node.so
[107.679s] -- Up-to-date symlink: /autoware/install/behavior_path_planner/share/behavior_path_planner/config/avoidance/avoidance.param.yaml
[107.679s] -- Up-to-date symlink: /autoware/install/behavior_path_planner/share/behavior_path_planner/config/behavior_path_planner.param.yaml
[107.679s] -- Up-to-date symlink: /autoware/install/behavior_path_planner/share/behavior_path_planner/config/behavior_path_planner_tree.xml
[107.679s] -- Up-to-date symlink: /autoware/install/behavior_path_planner/share/behavior_path_planner/config/behavior_path_planner_tree_lane_change_only.xml
[107.679s] -- Up-to-date symlink: /autoware/install/behavior_path_planner/share/behavior_path_planner/config/behavior_path_planner_tree_lane_change_only_old.xml
[107.679s] -- Up-to-date symlink: /autoware/install/behavior_path_planner/share/behavior_path_planner/config/behavior_path_planner_tree_old.xml
[107.679s] -- Up-to-date symlink: /autoware/install/behavior_path_planner/share/behavior_path_planner/config/behavior_path_planner_tree_pull_out.xml
[107.679s] -- Up-to-date symlink: /autoware/install/behavior_path_planner/share/behavior_path_planner/config/lane_change/lane_change.param.yaml
[107.679s] -- Up-to-date symlink: /autoware/install/behavior_path_planner/share/behavior_path_planner/config/lane_following/lane_following.param.yaml
[107.679s] -- Up-to-date symlink: /autoware/install/behavior_path_planner/share/behavior_path_planner/config/pull_out/pull_out.param.yaml
[107.680s] -- Up-to-date symlink: /autoware/install/behavior_path_planner/share/behavior_path_planner/config/pull_over/pull_over.param.yaml
[107.680s] -- Up-to-date symlink: /autoware/install/behavior_path_planner/share/behavior_path_planner/config/side_shift/side_shift.param.yaml
[107.680s] -- Up-to-date symlink: /autoware/install/behavior_path_planner/share/behavior_path_planner/launch/behavior_path_planner.launch.xml
[107.680s] -- Up-to-date symlink: /autoware/install/behavior_path_planner/share/ament_index/resource_index/package_run_dependencies/behavior_path_planner
[107.680s] -- Up-to-date symlink: /autoware/install/behavior_path_planner/share/ament_index/resource_index/parent_prefix_path/behavior_path_planner
[107.680s] -- Up-to-date symlink: /autoware/install/behavior_path_planner/share/behavior_path_planner/environment/ament_prefix_path.sh
[107.680s] -- Up-to-date symlink: /autoware/install/behavior_path_planner/share/behavior_path_planner/environment/ament_prefix_path.dsv
[107.680s] -- Up-to-date symlink: /autoware/install/behavior_path_planner/share/behavior_path_planner/environment/path.sh
[107.680s] -- Up-to-date symlink: /autoware/install/behavior_path_planner/share/behavior_path_planner/environment/path.dsv
[107.680s] -- Up-to-date symlink: /autoware/install/behavior_path_planner/share/behavior_path_planner/local_setup.bash
[107.680s] -- Up-to-date symlink: /autoware/install/behavior_path_planner/share/behavior_path_planner/local_setup.sh
[107.681s] -- Up-to-date symlink: /autoware/install/behavior_path_planner/share/behavior_path_planner/local_setup.zsh
[107.681s] -- Up-to-date symlink: /autoware/install/behavior_path_planner/share/behavior_path_planner/local_setup.dsv
[107.681s] -- Symlinking: /autoware/install/behavior_path_planner/share/behavior_path_planner/package.dsv
[107.689s] -- Up-to-date symlink: /autoware/install/behavior_path_planner/share/ament_index/resource_index/packages/behavior_path_planner
[107.689s] -- Up-to-date symlink: /autoware/install/behavior_path_planner/share/ament_index/resource_index/rclcpp_components/behavior_path_planner
[107.689s] -- Up-to-date symlink: /autoware/install/behavior_path_planner/share/behavior_path_planner/cmake/ament_cmake_export_dependencies-extras.cmake
[107.689s] -- Up-to-date symlink: /autoware/install/behavior_path_planner/share/behavior_path_planner/cmake/ament_cmake_export_include_directories-extras.cmake
[107.690s] -- Up-to-date symlink: /autoware/install/behavior_path_planner/share/behavior_path_planner/cmake/ament_cmake_export_libraries-extras.cmake
[107.690s] -- Up-to-date symlink: /autoware/install/behavior_path_planner/share/behavior_path_planner/cmake/behavior_path_plannerConfig.cmake
[107.690s] -- Up-to-date symlink: /autoware/install/behavior_path_planner/share/behavior_path_planner/cmake/behavior_path_plannerConfig-version.cmake
[107.690s] -- Up-to-date symlink: /autoware/install/behavior_path_planner/share/behavior_path_planner/package.xml
[107.696s] Invoked command in '/autoware/build/behavior_path_planner' returned '0': AMENT_PREFIX_PATH=/autoware/install/route_handler:/autoware/install/lane_departure_checker:/autoware/install/motion_utils:/autoware/install/vehicle_info_util:/autoware/install/interpolation:/autoware/install/tier4_autoware_utils:/autoware/install/lanelet2_extension:/autoware/install/autoware_auto_vehicle_msgs:/autoware/install/autoware_auto_tf2:/autoware/install/rtc_interface:/autoware/install/autoware_utils:/autoware/install/autoware_planning_msgs:/autoware/install/autoware_auto_planning_msgs:/autoware/install/autoware_auto_perception_msgs:/autoware/install/autoware_auto_common:/autoware/install/tier4_rtc_msgs:/autoware/install/tier4_planning_msgs:/autoware/install/tier4_debug_msgs:/autoware/install/autoware_common_msgs:/autoware/install/autoware_cmake:/autoware/install/autoware_auto_system_msgs:/autoware/install/autoware_auto_mapping_msgs:/autoware/install/autoware_auto_geometry_msgs:/autoware/install/autoware_adapi_v1_msgs:/autoware/install/autoware_lint_common:/autoware/install/ament_cmake_auto:${AMENT_PREFIX_PATH} CMAKE_PREFIX_PATH=/autoware/install/route_handler:/autoware/install/lane_departure_checker:/autoware/install/motion_utils:/autoware/install/vehicle_info_util:/autoware/install/interpolation:/autoware/install/tier4_autoware_utils:/autoware/install/lanelet2_extension:/autoware/install/autoware_auto_vehicle_msgs:/autoware/install/autoware_auto_tf2:/autoware/install/rtc_interface:/autoware/install/autoware_utils:/autoware/install/autoware_planning_msgs:/autoware/install/autoware_auto_planning_msgs:/autoware/install/autoware_auto_perception_msgs:/autoware/install/autoware_auto_common:/autoware/install/tier4_rtc_msgs:/autoware/install/tier4_planning_msgs:/autoware/install/tier4_debug_msgs:/autoware/install/autoware_common_msgs:/autoware/install/autoware_cmake:/autoware/install/autoware_auto_system_msgs:/autoware/install/autoware_auto_mapping_msgs:/autoware/install/autoware_auto_geometry_msgs:/autoware/install/autoware_adapi_v1_msgs:/autoware/install/autoware_lint_common:/autoware/install/ament_cmake_auto:/opt/ros/humble LD_LIBRARY_PATH=/autoware/install/route_handler/lib:/autoware/install/lane_departure_checker/lib:/autoware/install/motion_utils/lib:/autoware/install/vehicle_info_util/lib:/autoware/install/interpolation/lib:/autoware/install/tier4_autoware_utils/lib:/autoware/install/lanelet2_extension/lib:/autoware/install/autoware_auto_vehicle_msgs/lib:/autoware/install/rtc_interface/lib:/autoware/install/autoware_utils/lib:/autoware/install/autoware_planning_msgs/lib:/autoware/install/autoware_auto_planning_msgs/lib:/autoware/install/autoware_auto_perception_msgs/lib:/autoware/install/tier4_rtc_msgs/lib:/autoware/install/tier4_planning_msgs/lib:/autoware/install/tier4_debug_msgs/lib:/autoware/install/autoware_common_msgs/lib:/autoware/install/autoware_auto_system_msgs/lib:/autoware/install/autoware_auto_mapping_msgs/lib:/autoware/install/autoware_auto_geometry_msgs/lib:/autoware/install/autoware_adapi_v1_msgs/lib:${LD_LIBRARY_PATH} PYTHONPATH=/autoware/install/autoware_auto_vehicle_msgs/local/lib/python3.10/dist-packages:/autoware/install/autoware_planning_msgs/local/lib/python3.10/dist-packages:/autoware/install/autoware_auto_planning_msgs/local/lib/python3.10/dist-packages:/autoware/install/autoware_auto_perception_msgs/local/lib/python3.10/dist-packages:/autoware/install/tier4_rtc_msgs/local/lib/python3.10/dist-packages:/autoware/install/tier4_planning_msgs/local/lib/python3.10/dist-packages:/autoware/install/tier4_debug_msgs/local/lib/python3.10/dist-packages:/autoware/install/autoware_common_msgs/local/lib/python3.10/dist-packages:/autoware/install/autoware_auto_system_msgs/local/lib/python3.10/dist-packages:/autoware/install/autoware_auto_mapping_msgs/local/lib/python3.10/dist-packages:/autoware/install/autoware_auto_geometry_msgs/local/lib/python3.10/dist-packages:/autoware/install/autoware_adapi_v1_msgs/local/lib/python3.10/dist-packages:${PYTHONPATH} /usr/bin/cmake --install /autoware/build/behavior_path_planner
