-- The C compiler identification is GNU 11.3.0
-- The CXX compiler identification is GNU 11.3.0
-- Detecting C compiler ABI info
-- Detecting C compiler ABI info - done
-- Check for working C compiler: /usr/bin/cc - skipped
-- Detecting C compile features
-- Detecting C compile features - done
-- Detecting CXX compiler ABI info
-- Detecting CXX compiler ABI info - done
-- Check for working CXX compiler: /usr/bin/c++ - skipped
-- Detecting CXX compile features
-- Detecting CXX compile features - done
-- Found autoware_cmake: 0.1.0 (/autoware/install/autoware_cmake/share/autoware_cmake/cmake)
-- Found Python3: /usr/bin/python3.10 (found version "3.10.6") found components: Interpreter 
-- Override CMake install command with custom implementation using symlinks instead of copying resources
-- Found rosidl_generator_c: 3.1.3 (/opt/ros/humble/share/rosidl_generator_c/cmake)
-- Found rosidl_adapter: 3.1.3 (/opt/ros/humble/share/rosidl_adapter/cmake)
-- Found rosidl_generator_cpp: 3.1.3 (/opt/ros/humble/share/rosidl_generator_cpp/cmake)
-- Using all available rosidl_typesupport_c: rosidl_typesupport_fastrtps_c;rosidl_typesupport_introspection_c
-- Using all available rosidl_typesupport_cpp: rosidl_typesupport_fastrtps_cpp;rosidl_typesupport_introspection_cpp
-- Found eigen3_cmake_module: 0.1.1 (/opt/ros/humble/share/eigen3_cmake_module/cmake)
-- Found Eigen3: TRUE (found version "3.4.0") 
-- Ensuring Eigen3 include directory is part of orocos-kdl CMake target
-- Found rmw_implementation_cmake: 6.1.0 (/opt/ros/humble/share/rmw_implementation_cmake/cmake)
-- Found rmw_fastrtps_cpp: 6.2.1 (/opt/ros/humble/share/rmw_fastrtps_cpp/cmake)
-- Found OpenSSL: /usr/lib/x86_64-linux-gnu/libcrypto.so (found version "3.0.2")  
-- Found FastRTPS: /opt/ros/humble/include  
-- Using RMW implementation 'rmw_fastrtps_cpp' as default
-- Found ament_lint_auto: 0.12.4 (/opt/ros/humble/share/ament_lint_auto/cmake)
-- Found gtest sources under '/opt/ros/humble/src/gtest_vendor': C++ tests using 'Google Test' will be built
-- Looking for pthread.h
-- Looking for pthread.h - found
-- Performing Test CMAKE_HAVE_LIBC_PTHREAD
-- Performing Test CMAKE_HAVE_LIBC_PTHREAD - Success
-- Found Threads: TRUE  
-- Added test 'copyright' to check source files copyright and LICENSE
-- Added test 'cppcheck' to perform static code analysis on C / C++ code
-- Configured cppcheck include dirs: /autoware/src/universe/autoware.universe/simulator/simple_planning_simulator/include
-- Configured cppcheck exclude dirs and/or files: 
-- Added test 'lint_cmake' to check CMake code style
-- Added test 'xmllint' to check XML markup files
-- Configuring done
-- Generating done
-- Build files have been written to: /autoware/build/simple_planning_simulator
[  5%] Building CXX object CMakeFiles/simple_planning_simulator_exe.dir/rclcpp_components/node_main_simple_planning_simulator_exe.cpp.o
[ 11%] Building CXX object gtest/CMakeFiles/gtest_main.dir/src/gtest_main.cc.o
[ 17%] Building CXX object gtest/CMakeFiles/gtest.dir/src/gtest-all.cc.o
[ 23%] Building CXX object CMakeFiles/simple_planning_simulator.dir/src/simple_planning_simulator/vehicle_model/sim_model_interface.cpp.o
[ 29%] Building CXX object CMakeFiles/simple_planning_simulator.dir/src/simple_planning_simulator/vehicle_model/sim_model_ideal_steer_acc.cpp.o
[ 35%] Building CXX object CMakeFiles/simple_planning_simulator.dir/src/simple_planning_simulator/vehicle_model/sim_model_ideal_steer_vel.cpp.o
[ 41%] Building CXX object CMakeFiles/simple_planning_simulator.dir/src/simple_planning_simulator/simple_planning_simulator_core.cpp.o
[ 47%] Building CXX object CMakeFiles/simple_planning_simulator.dir/src/simple_planning_simulator/vehicle_model/sim_model_ideal_steer_acc_geared.cpp.o
[ 52%] Building CXX object CMakeFiles/simple_planning_simulator.dir/src/simple_planning_simulator/vehicle_model/sim_model_delay_steer_vel.cpp.o
[ 58%] Building CXX object CMakeFiles/simple_planning_simulator.dir/src/simple_planning_simulator/vehicle_model/sim_model_delay_steer_acc.cpp.o
[ 64%] Building CXX object CMakeFiles/simple_planning_simulator.dir/src/simple_planning_simulator/vehicle_model/sim_model_delay_steer_acc_geared.cpp.o
[ 70%] Linking CXX static library libgtest_main.a
[ 70%] Built target gtest_main
[ 76%] Linking CXX executable simple_planning_simulator_exe
[ 76%] Built target simple_planning_simulator_exe
[ 82%] Linking CXX static library libgtest.a
[ 82%] Built target gtest
[ 88%] Linking CXX shared library libsimple_planning_simulator.so
[ 88%] Built target simple_planning_simulator
[ 94%] Building CXX object CMakeFiles/test_simple_planning_simulator.dir/test/test_simple_planning_simulator.cpp.o
[100%] Linking CXX executable test_simple_planning_simulator
[100%] Built target test_simple_planning_simulator
-- Install configuration: "Release"
-- Execute custom install script
-- Symlinking: /autoware/install/simple_planning_simulator/lib/simple_planning_simulator/simple_planning_simulator_exe
-- Symlinking: /autoware/install/simple_planning_simulator/include/simple_planning_simulator/simple_planning_simulator_core.hpp
-- Symlinking: /autoware/install/simple_planning_simulator/include/simple_planning_simulator/vehicle_model/sim_model.hpp
-- Symlinking: /autoware/install/simple_planning_simulator/include/simple_planning_simulator/vehicle_model/sim_model_delay_steer_acc.hpp
-- Symlinking: /autoware/install/simple_planning_simulator/include/simple_planning_simulator/vehicle_model/sim_model_delay_steer_acc_geared.hpp
-- Symlinking: /autoware/install/simple_planning_simulator/include/simple_planning_simulator/vehicle_model/sim_model_delay_steer_vel.hpp
-- Symlinking: /autoware/install/simple_planning_simulator/include/simple_planning_simulator/vehicle_model/sim_model_ideal_steer_acc.hpp
-- Symlinking: /autoware/install/simple_planning_simulator/include/simple_planning_simulator/vehicle_model/sim_model_ideal_steer_acc_geared.hpp
-- Symlinking: /autoware/install/simple_planning_simulator/include/simple_planning_simulator/vehicle_model/sim_model_ideal_steer_vel.hpp
-- Symlinking: /autoware/install/simple_planning_simulator/include/simple_planning_simulator/vehicle_model/sim_model_interface.hpp
-- Symlinking: /autoware/install/simple_planning_simulator/include/simple_planning_simulator/visibility_control.hpp
-- Symlinking: /autoware/install/simple_planning_simulator/share/simple_planning_simulator/environment/library_path.sh
-- Symlinking: /autoware/install/simple_planning_simulator/share/simple_planning_simulator/environment/library_path.dsv
-- Symlinking: /autoware/install/simple_planning_simulator/lib/libsimple_planning_simulator.so
-- Symlinking: /autoware/install/simple_planning_simulator/share/simple_planning_simulator/param/simple_planning_simulator_default.param.yaml
-- Symlinking: /autoware/install/simple_planning_simulator/share/simple_planning_simulator/param/vehicle_characteristics.param.yaml
-- Symlinking: /autoware/install/simple_planning_simulator/share/simple_planning_simulator/launch/simple_planning_simulator.launch.py
-- Symlinking: /autoware/install/simple_planning_simulator/share/ament_index/resource_index/package_run_dependencies/simple_planning_simulator
-- Symlinking: /autoware/install/simple_planning_simulator/share/ament_index/resource_index/parent_prefix_path/simple_planning_simulator
-- Symlinking: /autoware/install/simple_planning_simulator/share/simple_planning_simulator/environment/ament_prefix_path.sh
-- Symlinking: /autoware/install/simple_planning_simulator/share/simple_planning_simulator/environment/ament_prefix_path.dsv
-- Symlinking: /autoware/install/simple_planning_simulator/share/simple_planning_simulator/environment/path.sh
-- Symlinking: /autoware/install/simple_planning_simulator/share/simple_planning_simulator/environment/path.dsv
-- Symlinking: /autoware/install/simple_planning_simulator/share/simple_planning_simulator/local_setup.bash
-- Symlinking: /autoware/install/simple_planning_simulator/share/simple_planning_simulator/local_setup.sh
-- Symlinking: /autoware/install/simple_planning_simulator/share/simple_planning_simulator/local_setup.zsh
-- Symlinking: /autoware/install/simple_planning_simulator/share/simple_planning_simulator/local_setup.dsv
-- Symlinking: /autoware/install/simple_planning_simulator/share/simple_planning_simulator/package.dsv
-- Symlinking: /autoware/install/simple_planning_simulator/share/ament_index/resource_index/packages/simple_planning_simulator
-- Symlinking: /autoware/install/simple_planning_simulator/share/ament_index/resource_index/rclcpp_components/simple_planning_simulator
-- Symlinking: /autoware/install/simple_planning_simulator/share/simple_planning_simulator/cmake/ament_cmake_export_dependencies-extras.cmake
-- Symlinking: /autoware/install/simple_planning_simulator/share/simple_planning_simulator/cmake/ament_cmake_export_include_directories-extras.cmake
-- Symlinking: /autoware/install/simple_planning_simulator/share/simple_planning_simulator/cmake/ament_cmake_export_libraries-extras.cmake
-- Symlinking: /autoware/install/simple_planning_simulator/share/simple_planning_simulator/cmake/simple_planning_simulatorConfig.cmake
-- Symlinking: /autoware/install/simple_planning_simulator/share/simple_planning_simulator/cmake/simple_planning_simulatorConfig-version.cmake
-- Symlinking: /autoware/install/simple_planning_simulator/share/simple_planning_simulator/package.xml
