-- The C compiler identification is GNU 11.3.0
-- The CXX compiler identification is GNU 11.3.0
-- Detecting C compiler ABI info
-- Detecting C compiler ABI info - done
-- Check for working C compiler: /usr/bin/cc - skipped
-- Detecting C compile features
-- Detecting C compile features - done
-- Detecting CXX compiler ABI info
-- Detecting CXX compiler ABI info - done
-- Check for working CXX compiler: /usr/bin/c++ - skipped
-- Detecting CXX compile features
-- Detecting CXX compile features - done
-- Found autoware_cmake: 0.1.0 (/autoware/install/autoware_cmake/share/autoware_cmake/cmake)
-- Found ament_cmake_auto: 1.3.2 (/autoware/install/ament_cmake_auto/share/ament_cmake_auto/cmake)
-- Found Python3: /usr/bin/python3.10 (found version "3.10.6") found components: Interpreter 
-- Override CMake install command with custom implementation using symlinks instead of copying resources
-- Found rosidl_generator_c: 3.1.3 (/opt/ros/humble/share/rosidl_generator_c/cmake)
-- Found rosidl_adapter: 3.1.3 (/opt/ros/humble/share/rosidl_adapter/cmake)
-- Found rosidl_generator_cpp: 3.1.3 (/opt/ros/humble/share/rosidl_generator_cpp/cmake)
-- Using all available rosidl_typesupport_c: rosidl_typesupport_fastrtps_c;rosidl_typesupport_introspection_c
-- Using all available rosidl_typesupport_cpp: rosidl_typesupport_fastrtps_cpp;rosidl_typesupport_introspection_cpp
-- Found eigen3_cmake_module: 0.1.1 (/opt/ros/humble/share/eigen3_cmake_module/cmake)
-- Found Eigen3: TRUE (found version "3.4.0") 
-- Ensuring Eigen3 include directory is part of orocos-kdl CMake target
-- Found rmw_implementation_cmake: 6.1.0 (/opt/ros/humble/share/rmw_implementation_cmake/cmake)
-- Found rmw_fastrtps_cpp: 6.2.1 (/opt/ros/humble/share/rmw_fastrtps_cpp/cmake)
-- Found OpenSSL: /usr/lib/x86_64-linux-gnu/libcrypto.so (found version "3.0.2")  
-- Found FastRTPS: /opt/ros/humble/include  
-- Using RMW implementation 'rmw_fastrtps_cpp' as default
-- Found ament_lint_auto: 0.12.4 (/opt/ros/humble/share/ament_lint_auto/cmake)
-- Found gtest sources under '/opt/ros/humble/src/gtest_vendor': C++ tests using 'Google Test' will be built
-- Looking for pthread.h
-- Looking for pthread.h - found
-- Performing Test CMAKE_HAVE_LIBC_PTHREAD
-- Performing Test CMAKE_HAVE_LIBC_PTHREAD - Success
-- Found Threads: TRUE  
-- Added test 'copyright' to check source files copyright and LICENSE
-- Added test 'cppcheck' to perform static code analysis on C / C++ code
-- Configured cppcheck include dirs: /autoware/src/universe/autoware.universe/control/mpc_lateral_controller/include
-- Configured cppcheck exclude dirs and/or files: 
-- Added test 'lint_cmake' to check CMake code style
-- Added test 'xmllint' to check XML markup files
-- Configuring done
-- Generating done
-- Build files have been written to: /autoware/build/mpc_lateral_controller
[  4%] Building CXX object CMakeFiles/mpc_lateral_controller_lib.dir/src/lowpass_filter.cpp.o
[  9%] Building CXX object CMakeFiles/mpc_lateral_controller_lib.dir/src/mpc_lateral_controller.cpp.o
[ 18%] Building CXX object CMakeFiles/mpc_lateral_controller_lib.dir/src/mpc.cpp.o
[ 18%] Building CXX object CMakeFiles/mpc_lateral_controller_lib.dir/src/interpolate.cpp.o
[ 27%] Building CXX object CMakeFiles/mpc_lateral_controller_lib.dir/src/mpc_trajectory.cpp.o
[ 27%] Building CXX object CMakeFiles/mpc_lateral_controller_lib.dir/src/mpc_utils.cpp.o
[ 36%] Building CXX object CMakeFiles/mpc_lateral_controller_lib.dir/src/qp_solver/qp_solver_unconstr_fast.cpp.o
[ 36%] Building CXX object CMakeFiles/mpc_lateral_controller_lib.dir/src/qp_solver/qp_solver_osqp.cpp.o
[ 45%] Building CXX object CMakeFiles/mpc_lateral_controller_lib.dir/src/vehicle_model/vehicle_model_bicycle_kinematics.cpp.o
[ 45%] Building CXX object CMakeFiles/mpc_lateral_controller_lib.dir/src/vehicle_model/vehicle_model_interface.cpp.o
[ 50%] Building CXX object gtest/CMakeFiles/gtest_main.dir/src/gtest_main.cc.o
[ 54%] Building CXX object CMakeFiles/mpc_lateral_controller_lib.dir/src/vehicle_model/vehicle_model_bicycle_dynamics.cpp.o
[ 59%] Building CXX object CMakeFiles/mpc_lateral_controller_lib.dir/src/vehicle_model/vehicle_model_bicycle_kinematics_no_delay.cpp.o
[ 63%] Building CXX object gtest/CMakeFiles/gtest.dir/src/gtest-all.cc.o
[ 68%] Linking CXX static library libgtest_main.a
[ 68%] Built target gtest_main
[ 72%] Linking CXX static library libgtest.a
[ 72%] Built target gtest
[ 77%] Linking CXX shared library libmpc_lateral_controller_lib.so
[ 77%] Built target mpc_lateral_controller_lib
[ 81%] Building CXX object CMakeFiles/test_lateral_controller.dir/test/test_mpc.cpp.o
[ 86%] Building CXX object CMakeFiles/test_lateral_controller.dir/test/test_interpolate.cpp.o
[ 95%] Building CXX object CMakeFiles/test_lateral_controller.dir/test/test_lowpass_filter.cpp.o
[ 95%] Building CXX object CMakeFiles/test_lateral_controller.dir/test/test_mpc_utils.cpp.o
[100%] Linking CXX executable test_lateral_controller
[100%] Built target test_lateral_controller
-- Install configuration: "Release"
-- Execute custom install script
-- Symlinking: /autoware/install/mpc_lateral_controller/include/mpc_lateral_controller/interpolate.hpp
-- Symlinking: /autoware/install/mpc_lateral_controller/include/mpc_lateral_controller/lowpass_filter.hpp
-- Symlinking: /autoware/install/mpc_lateral_controller/include/mpc_lateral_controller/mpc.hpp
-- Symlinking: /autoware/install/mpc_lateral_controller/include/mpc_lateral_controller/mpc_lateral_controller.hpp
-- Symlinking: /autoware/install/mpc_lateral_controller/include/mpc_lateral_controller/mpc_trajectory.hpp
-- Symlinking: /autoware/install/mpc_lateral_controller/include/mpc_lateral_controller/mpc_utils.hpp
-- Symlinking: /autoware/install/mpc_lateral_controller/include/mpc_lateral_controller/qp_solver/qp_solver_interface.hpp
-- Symlinking: /autoware/install/mpc_lateral_controller/include/mpc_lateral_controller/qp_solver/qp_solver_osqp.hpp
-- Symlinking: /autoware/install/mpc_lateral_controller/include/mpc_lateral_controller/qp_solver/qp_solver_unconstr_fast.hpp
-- Symlinking: /autoware/install/mpc_lateral_controller/include/mpc_lateral_controller/vehicle_model/vehicle_model_bicycle_dynamics.hpp
-- Symlinking: /autoware/install/mpc_lateral_controller/include/mpc_lateral_controller/vehicle_model/vehicle_model_bicycle_kinematics.hpp
-- Symlinking: /autoware/install/mpc_lateral_controller/include/mpc_lateral_controller/vehicle_model/vehicle_model_bicycle_kinematics_no_delay.hpp
-- Symlinking: /autoware/install/mpc_lateral_controller/include/mpc_lateral_controller/vehicle_model/vehicle_model_interface.hpp
-- Symlinking: /autoware/install/mpc_lateral_controller/share/mpc_lateral_controller/environment/library_path.sh
-- Symlinking: /autoware/install/mpc_lateral_controller/share/mpc_lateral_controller/environment/library_path.dsv
-- Symlinking: /autoware/install/mpc_lateral_controller/lib/libmpc_lateral_controller_lib.so
-- Symlinking: /autoware/install/mpc_lateral_controller/share/mpc_lateral_controller/param/lateral_controller_defaults.param.yaml
-- Symlinking: /autoware/install/mpc_lateral_controller/share/ament_index/resource_index/package_run_dependencies/mpc_lateral_controller
-- Symlinking: /autoware/install/mpc_lateral_controller/share/ament_index/resource_index/parent_prefix_path/mpc_lateral_controller
-- Symlinking: /autoware/install/mpc_lateral_controller/share/mpc_lateral_controller/environment/ament_prefix_path.sh
-- Symlinking: /autoware/install/mpc_lateral_controller/share/mpc_lateral_controller/environment/ament_prefix_path.dsv
-- Symlinking: /autoware/install/mpc_lateral_controller/share/mpc_lateral_controller/environment/path.sh
-- Symlinking: /autoware/install/mpc_lateral_controller/share/mpc_lateral_controller/environment/path.dsv
-- Symlinking: /autoware/install/mpc_lateral_controller/share/mpc_lateral_controller/local_setup.bash
-- Symlinking: /autoware/install/mpc_lateral_controller/share/mpc_lateral_controller/local_setup.sh
-- Symlinking: /autoware/install/mpc_lateral_controller/share/mpc_lateral_controller/local_setup.zsh
-- Symlinking: /autoware/install/mpc_lateral_controller/share/mpc_lateral_controller/local_setup.dsv
-- Symlinking: /autoware/install/mpc_lateral_controller/share/mpc_lateral_controller/package.dsv
-- Symlinking: /autoware/install/mpc_lateral_controller/share/ament_index/resource_index/packages/mpc_lateral_controller
-- Symlinking: /autoware/install/mpc_lateral_controller/share/mpc_lateral_controller/cmake/ament_cmake_export_dependencies-extras.cmake
-- Symlinking: /autoware/install/mpc_lateral_controller/share/mpc_lateral_controller/cmake/ament_cmake_export_include_directories-extras.cmake
-- Symlinking: /autoware/install/mpc_lateral_controller/share/mpc_lateral_controller/cmake/ament_cmake_export_libraries-extras.cmake
-- Symlinking: /autoware/install/mpc_lateral_controller/share/mpc_lateral_controller/cmake/mpc_lateral_controllerConfig.cmake
-- Symlinking: /autoware/install/mpc_lateral_controller/share/mpc_lateral_controller/cmake/mpc_lateral_controllerConfig-version.cmake
-- Symlinking: /autoware/install/mpc_lateral_controller/share/mpc_lateral_controller/package.xml
