[0.049s] Invoking command in '/autoware/build/mpc_lateral_controller': AMENT_PREFIX_PATH=/autoware/install/trajectory_follower_base:/autoware/install/motion_utils:/autoware/install/vehicle_info_util:/autoware/install/interpolation:/autoware/install/tier4_autoware_utils:/autoware/install/autoware_auto_geometry:/autoware/install/autoware_auto_vehicle_msgs:/autoware/install/autoware_auto_tf2:/autoware/install/osqp_interface:/autoware/install/autoware_auto_planning_msgs:/autoware/install/autoware_auto_perception_msgs:/autoware/install/autoware_auto_common:/autoware/install/tier4_debug_msgs:/autoware/install/autoware_cmake:/autoware/install/autoware_auto_system_msgs:/autoware/install/autoware_auto_mapping_msgs:/autoware/install/autoware_auto_geometry_msgs:/autoware/install/autoware_auto_control_msgs:/autoware/install/autoware_lint_common:/autoware/install/ament_cmake_auto:${AMENT_PREFIX_PATH} CMAKE_PREFIX_PATH=/autoware/install/trajectory_follower_base:/autoware/install/motion_utils:/autoware/install/vehicle_info_util:/autoware/install/interpolation:/autoware/install/tier4_autoware_utils:/autoware/install/autoware_auto_geometry:/autoware/install/autoware_auto_vehicle_msgs:/autoware/install/autoware_auto_tf2:/autoware/install/osqp_interface:/autoware/install/autoware_auto_planning_msgs:/autoware/install/autoware_auto_perception_msgs:/autoware/install/autoware_auto_common:/autoware/install/tier4_debug_msgs:/autoware/install/autoware_cmake:/autoware/install/autoware_auto_system_msgs:/autoware/install/autoware_auto_mapping_msgs:/autoware/install/autoware_auto_geometry_msgs:/autoware/install/autoware_auto_control_msgs:/autoware/install/autoware_lint_common:/autoware/install/ament_cmake_auto:/opt/ros/humble LD_LIBRARY_PATH=/autoware/install/trajectory_follower_base/lib:/autoware/install/motion_utils/lib:/autoware/install/vehicle_info_util/lib:/autoware/install/interpolation/lib:/autoware/install/tier4_autoware_utils/lib:/autoware/install/autoware_auto_geometry/lib:/autoware/install/autoware_auto_vehicle_msgs/lib:/autoware/install/osqp_interface/lib:/autoware/install/autoware_auto_planning_msgs/lib:/autoware/install/autoware_auto_perception_msgs/lib:/autoware/install/tier4_debug_msgs/lib:/autoware/install/autoware_auto_system_msgs/lib:/autoware/install/autoware_auto_mapping_msgs/lib:/autoware/install/autoware_auto_geometry_msgs/lib:/autoware/install/autoware_auto_control_msgs/lib:${LD_LIBRARY_PATH} PYTHONPATH=/autoware/install/autoware_auto_vehicle_msgs/local/lib/python3.10/dist-packages:/autoware/install/autoware_auto_planning_msgs/local/lib/python3.10/dist-packages:/autoware/install/autoware_auto_perception_msgs/local/lib/python3.10/dist-packages:/autoware/install/tier4_debug_msgs/local/lib/python3.10/dist-packages:/autoware/install/autoware_auto_system_msgs/local/lib/python3.10/dist-packages:/autoware/install/autoware_auto_mapping_msgs/local/lib/python3.10/dist-packages:/autoware/install/autoware_auto_geometry_msgs/local/lib/python3.10/dist-packages:/autoware/install/autoware_auto_control_msgs/local/lib/python3.10/dist-packages:${PYTHONPATH} /usr/bin/cmake /autoware/src/universe/autoware.universe/control/mpc_lateral_controller -DCMAKE_BUILD_TYPE=Release -DAMENT_CMAKE_SYMLINK_INSTALL=1 -DCMAKE_INSTALL_PREFIX=/autoware/install/mpc_lateral_controller
[0.103s] -- The C compiler identification is GNU 11.3.0
[0.156s] -- The CXX compiler identification is GNU 11.3.0
[0.166s] -- Detecting C compiler ABI info
[0.242s] -- Detecting C compiler ABI info - done
[0.254s] -- Check for working C compiler: /usr/bin/cc - skipped
[0.254s] -- Detecting C compile features
[0.255s] -- Detecting C compile features - done
[0.259s] -- Detecting CXX compiler ABI info
[0.332s] -- Detecting CXX compiler ABI info - done
[0.344s] -- Check for working CXX compiler: /usr/bin/c++ - skipped
[0.345s] -- Detecting CXX compile features
[0.345s] -- Detecting CXX compile features - done
[0.350s] -- Found autoware_cmake: 0.1.0 (/autoware/install/autoware_cmake/share/autoware_cmake/cmake)
[0.355s] -- Found ament_cmake_auto: 1.3.2 (/autoware/install/ament_cmake_auto/share/ament_cmake_auto/cmake)
[0.590s] -- Found Python3: /usr/bin/python3.10 (found version "3.10.6") found components: Interpreter 
[0.679s] -- Override CMake install command with custom implementation using symlinks instead of copying resources
[0.911s] -- Found rosidl_generator_c: 3.1.3 (/opt/ros/humble/share/rosidl_generator_c/cmake)
[0.926s] -- Found rosidl_adapter: 3.1.3 (/opt/ros/humble/share/rosidl_adapter/cmake)
[0.945s] -- Found rosidl_generator_cpp: 3.1.3 (/opt/ros/humble/share/rosidl_generator_cpp/cmake)
[0.965s] -- Using all available rosidl_typesupport_c: rosidl_typesupport_fastrtps_c;rosidl_typesupport_introspection_c
[0.992s] -- Using all available rosidl_typesupport_cpp: rosidl_typesupport_fastrtps_cpp;rosidl_typesupport_introspection_cpp
[2.126s] -- Found eigen3_cmake_module: 0.1.1 (/opt/ros/humble/share/eigen3_cmake_module/cmake)
[2.128s] -- Found Eigen3: TRUE (found version "3.4.0") 
[2.128s] -- Ensuring Eigen3 include directory is part of orocos-kdl CMake target
[2.295s] -- Found rmw_implementation_cmake: 6.1.0 (/opt/ros/humble/share/rmw_implementation_cmake/cmake)
[2.301s] -- Found rmw_fastrtps_cpp: 6.2.1 (/opt/ros/humble/share/rmw_fastrtps_cpp/cmake)
[2.422s] -- Found OpenSSL: /usr/lib/x86_64-linux-gnu/libcrypto.so (found version "3.0.2")  
[2.462s] -- Found FastRTPS: /opt/ros/humble/include  
[2.517s] -- Using RMW implementation 'rmw_fastrtps_cpp' as default
[8.614s] -- Found ament_lint_auto: 0.12.4 (/opt/ros/humble/share/ament_lint_auto/cmake)
[29.706s] -- Found gtest sources under '/opt/ros/humble/src/gtest_vendor': C++ tests using 'Google Test' will be built
[29.709s] -- Looking for pthread.h
[29.766s] -- Looking for pthread.h - found
[29.766s] -- Performing Test CMAKE_HAVE_LIBC_PTHREAD
[29.822s] -- Performing Test CMAKE_HAVE_LIBC_PTHREAD - Success
[29.822s] -- Found Threads: TRUE  
[29.829s] -- Added test 'copyright' to check source files copyright and LICENSE
[29.832s] -- Added test 'cppcheck' to perform static code analysis on C / C++ code
[29.832s] -- Configured cppcheck include dirs: /autoware/src/universe/autoware.universe/control/mpc_lateral_controller/include
[29.832s] -- Configured cppcheck exclude dirs and/or files: 
[29.833s] -- Added test 'lint_cmake' to check CMake code style
[29.834s] -- Added test 'xmllint' to check XML markup files
[29.837s] -- Configuring done
[29.918s] -- Generating done
[29.920s] -- Build files have been written to: /autoware/build/mpc_lateral_controller
[29.932s] Invoked command in '/autoware/build/mpc_lateral_controller' returned '0': AMENT_PREFIX_PATH=/autoware/install/trajectory_follower_base:/autoware/install/motion_utils:/autoware/install/vehicle_info_util:/autoware/install/interpolation:/autoware/install/tier4_autoware_utils:/autoware/install/autoware_auto_geometry:/autoware/install/autoware_auto_vehicle_msgs:/autoware/install/autoware_auto_tf2:/autoware/install/osqp_interface:/autoware/install/autoware_auto_planning_msgs:/autoware/install/autoware_auto_perception_msgs:/autoware/install/autoware_auto_common:/autoware/install/tier4_debug_msgs:/autoware/install/autoware_cmake:/autoware/install/autoware_auto_system_msgs:/autoware/install/autoware_auto_mapping_msgs:/autoware/install/autoware_auto_geometry_msgs:/autoware/install/autoware_auto_control_msgs:/autoware/install/autoware_lint_common:/autoware/install/ament_cmake_auto:${AMENT_PREFIX_PATH} CMAKE_PREFIX_PATH=/autoware/install/trajectory_follower_base:/autoware/install/motion_utils:/autoware/install/vehicle_info_util:/autoware/install/interpolation:/autoware/install/tier4_autoware_utils:/autoware/install/autoware_auto_geometry:/autoware/install/autoware_auto_vehicle_msgs:/autoware/install/autoware_auto_tf2:/autoware/install/osqp_interface:/autoware/install/autoware_auto_planning_msgs:/autoware/install/autoware_auto_perception_msgs:/autoware/install/autoware_auto_common:/autoware/install/tier4_debug_msgs:/autoware/install/autoware_cmake:/autoware/install/autoware_auto_system_msgs:/autoware/install/autoware_auto_mapping_msgs:/autoware/install/autoware_auto_geometry_msgs:/autoware/install/autoware_auto_control_msgs:/autoware/install/autoware_lint_common:/autoware/install/ament_cmake_auto:/opt/ros/humble LD_LIBRARY_PATH=/autoware/install/trajectory_follower_base/lib:/autoware/install/motion_utils/lib:/autoware/install/vehicle_info_util/lib:/autoware/install/interpolation/lib:/autoware/install/tier4_autoware_utils/lib:/autoware/install/autoware_auto_geometry/lib:/autoware/install/autoware_auto_vehicle_msgs/lib:/autoware/install/osqp_interface/lib:/autoware/install/autoware_auto_planning_msgs/lib:/autoware/install/autoware_auto_perception_msgs/lib:/autoware/install/tier4_debug_msgs/lib:/autoware/install/autoware_auto_system_msgs/lib:/autoware/install/autoware_auto_mapping_msgs/lib:/autoware/install/autoware_auto_geometry_msgs/lib:/autoware/install/autoware_auto_control_msgs/lib:${LD_LIBRARY_PATH} PYTHONPATH=/autoware/install/autoware_auto_vehicle_msgs/local/lib/python3.10/dist-packages:/autoware/install/autoware_auto_planning_msgs/local/lib/python3.10/dist-packages:/autoware/install/autoware_auto_perception_msgs/local/lib/python3.10/dist-packages:/autoware/install/tier4_debug_msgs/local/lib/python3.10/dist-packages:/autoware/install/autoware_auto_system_msgs/local/lib/python3.10/dist-packages:/autoware/install/autoware_auto_mapping_msgs/local/lib/python3.10/dist-packages:/autoware/install/autoware_auto_geometry_msgs/local/lib/python3.10/dist-packages:/autoware/install/autoware_auto_control_msgs/local/lib/python3.10/dist-packages:${PYTHONPATH} /usr/bin/cmake /autoware/src/universe/autoware.universe/control/mpc_lateral_controller -DCMAKE_BUILD_TYPE=Release -DAMENT_CMAKE_SYMLINK_INSTALL=1 -DCMAKE_INSTALL_PREFIX=/autoware/install/mpc_lateral_controller
[29.933s] Invoking command in '/autoware/build/mpc_lateral_controller': AMENT_PREFIX_PATH=/autoware/install/trajectory_follower_base:/autoware/install/motion_utils:/autoware/install/vehicle_info_util:/autoware/install/interpolation:/autoware/install/tier4_autoware_utils:/autoware/install/autoware_auto_geometry:/autoware/install/autoware_auto_vehicle_msgs:/autoware/install/autoware_auto_tf2:/autoware/install/osqp_interface:/autoware/install/autoware_auto_planning_msgs:/autoware/install/autoware_auto_perception_msgs:/autoware/install/autoware_auto_common:/autoware/install/tier4_debug_msgs:/autoware/install/autoware_cmake:/autoware/install/autoware_auto_system_msgs:/autoware/install/autoware_auto_mapping_msgs:/autoware/install/autoware_auto_geometry_msgs:/autoware/install/autoware_auto_control_msgs:/autoware/install/autoware_lint_common:/autoware/install/ament_cmake_auto:${AMENT_PREFIX_PATH} CMAKE_PREFIX_PATH=/autoware/install/trajectory_follower_base:/autoware/install/motion_utils:/autoware/install/vehicle_info_util:/autoware/install/interpolation:/autoware/install/tier4_autoware_utils:/autoware/install/autoware_auto_geometry:/autoware/install/autoware_auto_vehicle_msgs:/autoware/install/autoware_auto_tf2:/autoware/install/osqp_interface:/autoware/install/autoware_auto_planning_msgs:/autoware/install/autoware_auto_perception_msgs:/autoware/install/autoware_auto_common:/autoware/install/tier4_debug_msgs:/autoware/install/autoware_cmake:/autoware/install/autoware_auto_system_msgs:/autoware/install/autoware_auto_mapping_msgs:/autoware/install/autoware_auto_geometry_msgs:/autoware/install/autoware_auto_control_msgs:/autoware/install/autoware_lint_common:/autoware/install/ament_cmake_auto:/opt/ros/humble LD_LIBRARY_PATH=/autoware/install/trajectory_follower_base/lib:/autoware/install/motion_utils/lib:/autoware/install/vehicle_info_util/lib:/autoware/install/interpolation/lib:/autoware/install/tier4_autoware_utils/lib:/autoware/install/autoware_auto_geometry/lib:/autoware/install/autoware_auto_vehicle_msgs/lib:/autoware/install/osqp_interface/lib:/autoware/install/autoware_auto_planning_msgs/lib:/autoware/install/autoware_auto_perception_msgs/lib:/autoware/install/tier4_debug_msgs/lib:/autoware/install/autoware_auto_system_msgs/lib:/autoware/install/autoware_auto_mapping_msgs/lib:/autoware/install/autoware_auto_geometry_msgs/lib:/autoware/install/autoware_auto_control_msgs/lib:${LD_LIBRARY_PATH} PYTHONPATH=/autoware/install/autoware_auto_vehicle_msgs/local/lib/python3.10/dist-packages:/autoware/install/autoware_auto_planning_msgs/local/lib/python3.10/dist-packages:/autoware/install/autoware_auto_perception_msgs/local/lib/python3.10/dist-packages:/autoware/install/tier4_debug_msgs/local/lib/python3.10/dist-packages:/autoware/install/autoware_auto_system_msgs/local/lib/python3.10/dist-packages:/autoware/install/autoware_auto_mapping_msgs/local/lib/python3.10/dist-packages:/autoware/install/autoware_auto_geometry_msgs/local/lib/python3.10/dist-packages:/autoware/install/autoware_auto_control_msgs/local/lib/python3.10/dist-packages:${PYTHONPATH} /usr/bin/cmake --build /autoware/build/mpc_lateral_controller -- -j64 -l64
[29.985s] [  4%] Building CXX object CMakeFiles/mpc_lateral_controller_lib.dir/src/lowpass_filter.cpp.o
[29.986s] [  9%] Building CXX object CMakeFiles/mpc_lateral_controller_lib.dir/src/mpc_lateral_controller.cpp.o
[29.987s] [ 18%] Building CXX object CMakeFiles/mpc_lateral_controller_lib.dir/src/mpc.cpp.o
[29.987s] [ 18%] Building CXX object CMakeFiles/mpc_lateral_controller_lib.dir/src/interpolate.cpp.o
[29.987s] [ 27%] Building CXX object CMakeFiles/mpc_lateral_controller_lib.dir/src/mpc_trajectory.cpp.o
[29.987s] [ 27%] Building CXX object CMakeFiles/mpc_lateral_controller_lib.dir/src/mpc_utils.cpp.o
[29.987s] [ 36%] Building CXX object CMakeFiles/mpc_lateral_controller_lib.dir/src/qp_solver/qp_solver_unconstr_fast.cpp.o
[29.988s] [ 36%] Building CXX object CMakeFiles/mpc_lateral_controller_lib.dir/src/qp_solver/qp_solver_osqp.cpp.o
[29.988s] [ 45%] Building CXX object CMakeFiles/mpc_lateral_controller_lib.dir/src/vehicle_model/vehicle_model_bicycle_kinematics.cpp.o
[29.988s] [ 45%] Building CXX object CMakeFiles/mpc_lateral_controller_lib.dir/src/vehicle_model/vehicle_model_interface.cpp.o
[29.988s] [ 50%] Building CXX object gtest/CMakeFiles/gtest_main.dir/src/gtest_main.cc.o
[29.989s] [ 54%] Building CXX object CMakeFiles/mpc_lateral_controller_lib.dir/src/vehicle_model/vehicle_model_bicycle_dynamics.cpp.o
[29.989s] [ 59%] Building CXX object CMakeFiles/mpc_lateral_controller_lib.dir/src/vehicle_model/vehicle_model_bicycle_kinematics_no_delay.cpp.o
[29.989s] [ 63%] Building CXX object gtest/CMakeFiles/gtest.dir/src/gtest-all.cc.o
[30.817s] [ 68%] Linking CXX static library libgtest_main.a
[30.847s] [ 68%] Built target gtest_main
[36.676s] [ 72%] Linking CXX static library libgtest.a
[36.705s] [ 72%] Built target gtest
[42.264s] [ 77%] Linking CXX shared library libmpc_lateral_controller_lib.so
[42.444s] [ 77%] Built target mpc_lateral_controller_lib
[42.462s] [ 81%] Building CXX object CMakeFiles/test_lateral_controller.dir/test/test_mpc.cpp.o
[42.462s] [ 86%] Building CXX object CMakeFiles/test_lateral_controller.dir/test/test_interpolate.cpp.o
[42.464s] [ 95%] Building CXX object CMakeFiles/test_lateral_controller.dir/test/test_lowpass_filter.cpp.o
[42.464s] [ 95%] Building CXX object CMakeFiles/test_lateral_controller.dir/test/test_mpc_utils.cpp.o
[52.735s] [100%] Linking CXX executable test_lateral_controller
[52.919s] [100%] Built target test_lateral_controller
[52.930s] Invoked command in '/autoware/build/mpc_lateral_controller' returned '0': AMENT_PREFIX_PATH=/autoware/install/trajectory_follower_base:/autoware/install/motion_utils:/autoware/install/vehicle_info_util:/autoware/install/interpolation:/autoware/install/tier4_autoware_utils:/autoware/install/autoware_auto_geometry:/autoware/install/autoware_auto_vehicle_msgs:/autoware/install/autoware_auto_tf2:/autoware/install/osqp_interface:/autoware/install/autoware_auto_planning_msgs:/autoware/install/autoware_auto_perception_msgs:/autoware/install/autoware_auto_common:/autoware/install/tier4_debug_msgs:/autoware/install/autoware_cmake:/autoware/install/autoware_auto_system_msgs:/autoware/install/autoware_auto_mapping_msgs:/autoware/install/autoware_auto_geometry_msgs:/autoware/install/autoware_auto_control_msgs:/autoware/install/autoware_lint_common:/autoware/install/ament_cmake_auto:${AMENT_PREFIX_PATH} CMAKE_PREFIX_PATH=/autoware/install/trajectory_follower_base:/autoware/install/motion_utils:/autoware/install/vehicle_info_util:/autoware/install/interpolation:/autoware/install/tier4_autoware_utils:/autoware/install/autoware_auto_geometry:/autoware/install/autoware_auto_vehicle_msgs:/autoware/install/autoware_auto_tf2:/autoware/install/osqp_interface:/autoware/install/autoware_auto_planning_msgs:/autoware/install/autoware_auto_perception_msgs:/autoware/install/autoware_auto_common:/autoware/install/tier4_debug_msgs:/autoware/install/autoware_cmake:/autoware/install/autoware_auto_system_msgs:/autoware/install/autoware_auto_mapping_msgs:/autoware/install/autoware_auto_geometry_msgs:/autoware/install/autoware_auto_control_msgs:/autoware/install/autoware_lint_common:/autoware/install/ament_cmake_auto:/opt/ros/humble LD_LIBRARY_PATH=/autoware/install/trajectory_follower_base/lib:/autoware/install/motion_utils/lib:/autoware/install/vehicle_info_util/lib:/autoware/install/interpolation/lib:/autoware/install/tier4_autoware_utils/lib:/autoware/install/autoware_auto_geometry/lib:/autoware/install/autoware_auto_vehicle_msgs/lib:/autoware/install/osqp_interface/lib:/autoware/install/autoware_auto_planning_msgs/lib:/autoware/install/autoware_auto_perception_msgs/lib:/autoware/install/tier4_debug_msgs/lib:/autoware/install/autoware_auto_system_msgs/lib:/autoware/install/autoware_auto_mapping_msgs/lib:/autoware/install/autoware_auto_geometry_msgs/lib:/autoware/install/autoware_auto_control_msgs/lib:${LD_LIBRARY_PATH} PYTHONPATH=/autoware/install/autoware_auto_vehicle_msgs/local/lib/python3.10/dist-packages:/autoware/install/autoware_auto_planning_msgs/local/lib/python3.10/dist-packages:/autoware/install/autoware_auto_perception_msgs/local/lib/python3.10/dist-packages:/autoware/install/tier4_debug_msgs/local/lib/python3.10/dist-packages:/autoware/install/autoware_auto_system_msgs/local/lib/python3.10/dist-packages:/autoware/install/autoware_auto_mapping_msgs/local/lib/python3.10/dist-packages:/autoware/install/autoware_auto_geometry_msgs/local/lib/python3.10/dist-packages:/autoware/install/autoware_auto_control_msgs/local/lib/python3.10/dist-packages:${PYTHONPATH} /usr/bin/cmake --build /autoware/build/mpc_lateral_controller -- -j64 -l64
[52.971s] Invoking command in '/autoware/build/mpc_lateral_controller': AMENT_PREFIX_PATH=/autoware/install/trajectory_follower_base:/autoware/install/motion_utils:/autoware/install/vehicle_info_util:/autoware/install/interpolation:/autoware/install/tier4_autoware_utils:/autoware/install/autoware_auto_geometry:/autoware/install/autoware_auto_vehicle_msgs:/autoware/install/autoware_auto_tf2:/autoware/install/osqp_interface:/autoware/install/autoware_auto_planning_msgs:/autoware/install/autoware_auto_perception_msgs:/autoware/install/autoware_auto_common:/autoware/install/tier4_debug_msgs:/autoware/install/autoware_cmake:/autoware/install/autoware_auto_system_msgs:/autoware/install/autoware_auto_mapping_msgs:/autoware/install/autoware_auto_geometry_msgs:/autoware/install/autoware_auto_control_msgs:/autoware/install/autoware_lint_common:/autoware/install/ament_cmake_auto:${AMENT_PREFIX_PATH} CMAKE_PREFIX_PATH=/autoware/install/trajectory_follower_base:/autoware/install/motion_utils:/autoware/install/vehicle_info_util:/autoware/install/interpolation:/autoware/install/tier4_autoware_utils:/autoware/install/autoware_auto_geometry:/autoware/install/autoware_auto_vehicle_msgs:/autoware/install/autoware_auto_tf2:/autoware/install/osqp_interface:/autoware/install/autoware_auto_planning_msgs:/autoware/install/autoware_auto_perception_msgs:/autoware/install/autoware_auto_common:/autoware/install/tier4_debug_msgs:/autoware/install/autoware_cmake:/autoware/install/autoware_auto_system_msgs:/autoware/install/autoware_auto_mapping_msgs:/autoware/install/autoware_auto_geometry_msgs:/autoware/install/autoware_auto_control_msgs:/autoware/install/autoware_lint_common:/autoware/install/ament_cmake_auto:/opt/ros/humble LD_LIBRARY_PATH=/autoware/install/trajectory_follower_base/lib:/autoware/install/motion_utils/lib:/autoware/install/vehicle_info_util/lib:/autoware/install/interpolation/lib:/autoware/install/tier4_autoware_utils/lib:/autoware/install/autoware_auto_geometry/lib:/autoware/install/autoware_auto_vehicle_msgs/lib:/autoware/install/osqp_interface/lib:/autoware/install/autoware_auto_planning_msgs/lib:/autoware/install/autoware_auto_perception_msgs/lib:/autoware/install/tier4_debug_msgs/lib:/autoware/install/autoware_auto_system_msgs/lib:/autoware/install/autoware_auto_mapping_msgs/lib:/autoware/install/autoware_auto_geometry_msgs/lib:/autoware/install/autoware_auto_control_msgs/lib:${LD_LIBRARY_PATH} PYTHONPATH=/autoware/install/autoware_auto_vehicle_msgs/local/lib/python3.10/dist-packages:/autoware/install/autoware_auto_planning_msgs/local/lib/python3.10/dist-packages:/autoware/install/autoware_auto_perception_msgs/local/lib/python3.10/dist-packages:/autoware/install/tier4_debug_msgs/local/lib/python3.10/dist-packages:/autoware/install/autoware_auto_system_msgs/local/lib/python3.10/dist-packages:/autoware/install/autoware_auto_mapping_msgs/local/lib/python3.10/dist-packages:/autoware/install/autoware_auto_geometry_msgs/local/lib/python3.10/dist-packages:/autoware/install/autoware_auto_control_msgs/local/lib/python3.10/dist-packages:${PYTHONPATH} /usr/bin/cmake --install /autoware/build/mpc_lateral_controller
[52.977s] -- Install configuration: "Release"
[52.977s] -- Execute custom install script
[52.978s] -- Symlinking: /autoware/install/mpc_lateral_controller/include/mpc_lateral_controller/interpolate.hpp
[52.985s] -- Symlinking: /autoware/install/mpc_lateral_controller/include/mpc_lateral_controller/lowpass_filter.hpp
[52.993s] -- Symlinking: /autoware/install/mpc_lateral_controller/include/mpc_lateral_controller/mpc.hpp
[53.000s] -- Symlinking: /autoware/install/mpc_lateral_controller/include/mpc_lateral_controller/mpc_lateral_controller.hpp
[53.007s] -- Symlinking: /autoware/install/mpc_lateral_controller/include/mpc_lateral_controller/mpc_trajectory.hpp
[53.013s] -- Symlinking: /autoware/install/mpc_lateral_controller/include/mpc_lateral_controller/mpc_utils.hpp
[53.020s] -- Symlinking: /autoware/install/mpc_lateral_controller/include/mpc_lateral_controller/qp_solver/qp_solver_interface.hpp
[53.027s] -- Symlinking: /autoware/install/mpc_lateral_controller/include/mpc_lateral_controller/qp_solver/qp_solver_osqp.hpp
[53.034s] -- Symlinking: /autoware/install/mpc_lateral_controller/include/mpc_lateral_controller/qp_solver/qp_solver_unconstr_fast.hpp
[53.040s] -- Symlinking: /autoware/install/mpc_lateral_controller/include/mpc_lateral_controller/vehicle_model/vehicle_model_bicycle_dynamics.hpp
[53.047s] -- Symlinking: /autoware/install/mpc_lateral_controller/include/mpc_lateral_controller/vehicle_model/vehicle_model_bicycle_kinematics.hpp
[53.054s] -- Symlinking: /autoware/install/mpc_lateral_controller/include/mpc_lateral_controller/vehicle_model/vehicle_model_bicycle_kinematics_no_delay.hpp
[53.061s] -- Symlinking: /autoware/install/mpc_lateral_controller/include/mpc_lateral_controller/vehicle_model/vehicle_model_interface.hpp
[53.068s] -- Symlinking: /autoware/install/mpc_lateral_controller/share/mpc_lateral_controller/environment/library_path.sh
[53.075s] -- Symlinking: /autoware/install/mpc_lateral_controller/share/mpc_lateral_controller/environment/library_path.dsv
[53.082s] -- Symlinking: /autoware/install/mpc_lateral_controller/lib/libmpc_lateral_controller_lib.so
[53.089s] -- Symlinking: /autoware/install/mpc_lateral_controller/share/mpc_lateral_controller/param/lateral_controller_defaults.param.yaml
[53.096s] -- Symlinking: /autoware/install/mpc_lateral_controller/share/ament_index/resource_index/package_run_dependencies/mpc_lateral_controller
[53.103s] -- Symlinking: /autoware/install/mpc_lateral_controller/share/ament_index/resource_index/parent_prefix_path/mpc_lateral_controller
[53.110s] -- Symlinking: /autoware/install/mpc_lateral_controller/share/mpc_lateral_controller/environment/ament_prefix_path.sh
[53.117s] -- Symlinking: /autoware/install/mpc_lateral_controller/share/mpc_lateral_controller/environment/ament_prefix_path.dsv
[53.124s] -- Symlinking: /autoware/install/mpc_lateral_controller/share/mpc_lateral_controller/environment/path.sh
[53.130s] -- Symlinking: /autoware/install/mpc_lateral_controller/share/mpc_lateral_controller/environment/path.dsv
[53.137s] -- Symlinking: /autoware/install/mpc_lateral_controller/share/mpc_lateral_controller/local_setup.bash
[53.144s] -- Symlinking: /autoware/install/mpc_lateral_controller/share/mpc_lateral_controller/local_setup.sh
[53.151s] -- Symlinking: /autoware/install/mpc_lateral_controller/share/mpc_lateral_controller/local_setup.zsh
[53.158s] -- Symlinking: /autoware/install/mpc_lateral_controller/share/mpc_lateral_controller/local_setup.dsv
[53.166s] -- Symlinking: /autoware/install/mpc_lateral_controller/share/mpc_lateral_controller/package.dsv
[53.173s] -- Symlinking: /autoware/install/mpc_lateral_controller/share/ament_index/resource_index/packages/mpc_lateral_controller
[53.180s] -- Symlinking: /autoware/install/mpc_lateral_controller/share/mpc_lateral_controller/cmake/ament_cmake_export_dependencies-extras.cmake
[53.187s] -- Symlinking: /autoware/install/mpc_lateral_controller/share/mpc_lateral_controller/cmake/ament_cmake_export_include_directories-extras.cmake
[53.194s] -- Symlinking: /autoware/install/mpc_lateral_controller/share/mpc_lateral_controller/cmake/ament_cmake_export_libraries-extras.cmake
[53.201s] -- Symlinking: /autoware/install/mpc_lateral_controller/share/mpc_lateral_controller/cmake/mpc_lateral_controllerConfig.cmake
[53.207s] -- Symlinking: /autoware/install/mpc_lateral_controller/share/mpc_lateral_controller/cmake/mpc_lateral_controllerConfig-version.cmake
[53.214s] -- Symlinking: /autoware/install/mpc_lateral_controller/share/mpc_lateral_controller/package.xml
[53.235s] Invoked command in '/autoware/build/mpc_lateral_controller' returned '0': AMENT_PREFIX_PATH=/autoware/install/trajectory_follower_base:/autoware/install/motion_utils:/autoware/install/vehicle_info_util:/autoware/install/interpolation:/autoware/install/tier4_autoware_utils:/autoware/install/autoware_auto_geometry:/autoware/install/autoware_auto_vehicle_msgs:/autoware/install/autoware_auto_tf2:/autoware/install/osqp_interface:/autoware/install/autoware_auto_planning_msgs:/autoware/install/autoware_auto_perception_msgs:/autoware/install/autoware_auto_common:/autoware/install/tier4_debug_msgs:/autoware/install/autoware_cmake:/autoware/install/autoware_auto_system_msgs:/autoware/install/autoware_auto_mapping_msgs:/autoware/install/autoware_auto_geometry_msgs:/autoware/install/autoware_auto_control_msgs:/autoware/install/autoware_lint_common:/autoware/install/ament_cmake_auto:${AMENT_PREFIX_PATH} CMAKE_PREFIX_PATH=/autoware/install/trajectory_follower_base:/autoware/install/motion_utils:/autoware/install/vehicle_info_util:/autoware/install/interpolation:/autoware/install/tier4_autoware_utils:/autoware/install/autoware_auto_geometry:/autoware/install/autoware_auto_vehicle_msgs:/autoware/install/autoware_auto_tf2:/autoware/install/osqp_interface:/autoware/install/autoware_auto_planning_msgs:/autoware/install/autoware_auto_perception_msgs:/autoware/install/autoware_auto_common:/autoware/install/tier4_debug_msgs:/autoware/install/autoware_cmake:/autoware/install/autoware_auto_system_msgs:/autoware/install/autoware_auto_mapping_msgs:/autoware/install/autoware_auto_geometry_msgs:/autoware/install/autoware_auto_control_msgs:/autoware/install/autoware_lint_common:/autoware/install/ament_cmake_auto:/opt/ros/humble LD_LIBRARY_PATH=/autoware/install/trajectory_follower_base/lib:/autoware/install/motion_utils/lib:/autoware/install/vehicle_info_util/lib:/autoware/install/interpolation/lib:/autoware/install/tier4_autoware_utils/lib:/autoware/install/autoware_auto_geometry/lib:/autoware/install/autoware_auto_vehicle_msgs/lib:/autoware/install/osqp_interface/lib:/autoware/install/autoware_auto_planning_msgs/lib:/autoware/install/autoware_auto_perception_msgs/lib:/autoware/install/tier4_debug_msgs/lib:/autoware/install/autoware_auto_system_msgs/lib:/autoware/install/autoware_auto_mapping_msgs/lib:/autoware/install/autoware_auto_geometry_msgs/lib:/autoware/install/autoware_auto_control_msgs/lib:${LD_LIBRARY_PATH} PYTHONPATH=/autoware/install/autoware_auto_vehicle_msgs/local/lib/python3.10/dist-packages:/autoware/install/autoware_auto_planning_msgs/local/lib/python3.10/dist-packages:/autoware/install/autoware_auto_perception_msgs/local/lib/python3.10/dist-packages:/autoware/install/tier4_debug_msgs/local/lib/python3.10/dist-packages:/autoware/install/autoware_auto_system_msgs/local/lib/python3.10/dist-packages:/autoware/install/autoware_auto_mapping_msgs/local/lib/python3.10/dist-packages:/autoware/install/autoware_auto_geometry_msgs/local/lib/python3.10/dist-packages:/autoware/install/autoware_auto_control_msgs/local/lib/python3.10/dist-packages:${PYTHONPATH} /usr/bin/cmake --install /autoware/build/mpc_lateral_controller
