-- The C compiler identification is GNU 11.3.0
-- The CXX compiler identification is GNU 11.3.0
-- Detecting C compiler ABI info
-- Detecting C compiler ABI info - done
-- Check for working C compiler: /usr/bin/cc - skipped
-- Detecting C compile features
-- Detecting C compile features - done
-- Detecting CXX compiler ABI info
-- Detecting CXX compiler ABI info - done
-- Check for working CXX compiler: /usr/bin/c++ - skipped
-- Detecting CXX compile features
-- Detecting CXX compile features - done
-- Found autoware_cmake: 0.1.0 (/autoware/install/autoware_cmake/share/autoware_cmake/cmake)
-- Found Python3: /usr/bin/python3.10 (found version "3.10.6") found components: Interpreter 
-- Override CMake install command with custom implementation using symlinks instead of copying resources
-- Found rosidl_generator_c: 3.1.3 (/opt/ros/humble/share/rosidl_generator_c/cmake)
-- Found rosidl_adapter: 3.1.3 (/opt/ros/humble/share/rosidl_adapter/cmake)
-- Found rosidl_generator_cpp: 3.1.3 (/opt/ros/humble/share/rosidl_generator_cpp/cmake)
-- Using all available rosidl_typesupport_c: rosidl_typesupport_fastrtps_c;rosidl_typesupport_introspection_c
-- Using all available rosidl_typesupport_cpp: rosidl_typesupport_fastrtps_cpp;rosidl_typesupport_introspection_cpp
-- Found rmw_implementation_cmake: 6.1.0 (/opt/ros/humble/share/rmw_implementation_cmake/cmake)
-- Found rmw_fastrtps_cpp: 6.2.1 (/opt/ros/humble/share/rmw_fastrtps_cpp/cmake)
-- Found OpenSSL: /usr/lib/x86_64-linux-gnu/libcrypto.so (found version "3.0.2")  
-- Found FastRTPS: /opt/ros/humble/include  
-- Using RMW implementation 'rmw_fastrtps_cpp' as default
-- Found eigen3_cmake_module: 0.1.1 (/opt/ros/humble/share/eigen3_cmake_module/cmake)
-- Found Eigen3: TRUE (found version "3.4.0") 
-- Ensuring Eigen3 include directory is part of orocos-kdl CMake target
-- Found ament_lint_auto: 0.12.4 (/opt/ros/humble/share/ament_lint_auto/cmake)
-- Could NOT find NVML (missing: NVML_LIBRARIES NVML_INCLUDE_DIRS) 
-- NVML include dir: NVML_INCLUDE_DIRS-NOTFOUND
-- NVML library : NVML_LIBRARIES-NOTFOUND
-- HOST_SYSTEM_VERSION: 5.15.0-56-generic
-- SYSTEM_PROCESSOR: x86_64
-- CPU PLATFORM: intel
-- GPU PLATFORM: unknown
-- Found Boost: /usr/lib/x86_64-linux-gnu/cmake/Boost-1.74.0/BoostConfig.cmake (found version "1.74.0") found components: serialization thread filesystem regex 
-- Added test 'copyright' to check source files copyright and LICENSE
-- Added test 'cppcheck' to perform static code analysis on C / C++ code
-- Configured cppcheck include dirs: /autoware/src/universe/autoware.universe/system/system_monitor/include
-- Configured cppcheck exclude dirs and/or files: 
-- Added test 'lint_cmake' to check CMake code style
-- Added test 'xmllint' to check XML markup files
-- Configuring done
-- Generating done
-- Build files have been written to: /autoware/build/system_monitor
[  4%] Building CXX object CMakeFiles/cpu_monitor.dir/rclcpp_components/node_main_cpu_monitor.cpp.o
[  7%] Building CXX object CMakeFiles/hdd_monitor.dir/rclcpp_components/node_main_hdd_monitor.cpp.o
[  7%] Building CXX object CMakeFiles/net_monitor.dir/rclcpp_components/node_main_net_monitor.cpp.o
[ 11%] Building CXX object CMakeFiles/gpu_monitor.dir/rclcpp_components/node_main_gpu_monitor.cpp.o
[ 11%] Building CXX object CMakeFiles/process_monitor.dir/rclcpp_components/node_main_process_monitor.cpp.o
[ 16%] Building CXX object CMakeFiles/cpu_monitor_lib.dir/src/cpu_monitor/intel_cpu_monitor.cpp.o
[ 16%] Building CXX object CMakeFiles/ntp_monitor.dir/rclcpp_components/node_main_ntp_monitor.cpp.o
[ 21%] Building CXX object CMakeFiles/mem_monitor.dir/rclcpp_components/node_main_mem_monitor.cpp.o
[ 21%] Building CXX object CMakeFiles/cpu_monitor_lib.dir/src/cpu_monitor/cpu_monitor_base.cpp.o
[ 23%] Building CXX object CMakeFiles/voltage_monitor.dir/rclcpp_components/node_main_voltage_monitor.cpp.o
[ 26%] Linking CXX executable net_monitor
[ 28%] Linking CXX executable process_monitor
[ 30%] Linking CXX executable gpu_monitor
[ 33%] Linking CXX executable cpu_monitor
[ 33%] Built target net_monitor
[ 35%] Linking CXX executable ntp_monitor
[ 35%] Built target process_monitor
[ 35%] Built target gpu_monitor
[ 35%] Built target cpu_monitor
[ 38%] Linking CXX executable mem_monitor
[ 38%] Built target ntp_monitor
[ 38%] Built target mem_monitor
[ 40%] Linking CXX executable hdd_monitor
[ 42%] Linking CXX executable voltage_monitor
[ 42%] Built target hdd_monitor
[ 42%] Built target voltage_monitor
In file included from /usr/include/boost/bind.hpp:30,
                 from /usr/include/boost/property_tree/json_parser/detail/parser.hpp:7,
                 from /usr/include/boost/property_tree/json_parser/detail/read.hpp:13,
                 from /usr/include/boost/property_tree/json_parser.hpp:16,
                 from /autoware/src/universe/autoware.universe/system/system_monitor/src/cpu_monitor/cpu_monitor_base.cpp:26:
/usr/include/boost/bind.hpp:36:1: note: ‘#pragma message: The practice of declaring the Bind placeholders (_1, _2, ...) in the global namespace is deprecated. Please use <boost/bind/bind.hpp> + using namespace boost::placeholders, or define BOOST_BIND_GLOBAL_PLACEHOLDERS to retain the current behavior.’
   36 | BOOST_PRAGMA_MESSAGE(
      | ^~~~~~~~~~~~~~~~~~~~
[ 45%] Linking CXX shared library libcpu_monitor_lib.so
[ 45%] Built target cpu_monitor_lib
[ 47%] Building CXX object CMakeFiles/hdd_monitor_lib.dir/src/hdd_monitor/hdd_monitor.cpp.o
[ 50%] Linking CXX shared library libhdd_monitor_lib.so
[ 50%] Built target hdd_monitor_lib
[ 52%] Building CXX object CMakeFiles/mem_monitor_lib.dir/src/mem_monitor/mem_monitor.cpp.o
[ 54%] Linking CXX shared library libmem_monitor_lib.so
[ 54%] Built target mem_monitor_lib
[ 57%] Building CXX object CMakeFiles/net_monitor_lib.dir/src/net_monitor/net_monitor.cpp.o
[ 59%] Building CXX object CMakeFiles/net_monitor_lib.dir/src/net_monitor/nl80211.cpp.o
[ 61%] Linking CXX shared library libnet_monitor_lib.so
[ 61%] Built target net_monitor_lib
[ 64%] Building CXX object CMakeFiles/ntp_monitor_lib.dir/src/ntp_monitor/ntp_monitor.cpp.o
[ 66%] Linking CXX shared library libntp_monitor_lib.so
[ 66%] Built target ntp_monitor_lib
[ 69%] Building CXX object CMakeFiles/process_monitor_lib.dir/src/process_monitor/process_monitor.cpp.o
[ 71%] Linking CXX shared library libprocess_monitor_lib.so
[ 71%] Built target process_monitor_lib
[ 73%] Building CXX object CMakeFiles/gpu_monitor_lib.dir/src/gpu_monitor/unknown_gpu_monitor.cpp.o
[ 76%] Building CXX object CMakeFiles/gpu_monitor_lib.dir/src/gpu_monitor/gpu_monitor_base.cpp.o
[ 78%] Linking CXX shared library libgpu_monitor_lib.so
[ 78%] Built target gpu_monitor_lib
[ 80%] Building CXX object CMakeFiles/voltage_monitor_lib.dir/src/voltage_monitor/voltage_monitor.cpp.o
[ 83%] Linking CXX shared library libvoltage_monitor_lib.so
[ 83%] Built target voltage_monitor_lib
[ 85%] Building CXX object CMakeFiles/hdd_reader.dir/reader/hdd_reader/hdd_reader.cpp.o
[ 88%] Building CXX object CMakeFiles/msr_reader.dir/reader/msr_reader/msr_reader.cpp.o
[ 92%] Building CXX object CMakeFiles/traffic_reader.dir/reader/traffic_reader/traffic_reader_main.cpp.o
[ 92%] Building CXX object CMakeFiles/traffic_reader.dir/reader/traffic_reader/traffic_reader_service.cpp.o
[ 95%] Linking CXX executable msr_reader
[ 97%] Linking CXX executable hdd_reader
[100%] Linking CXX executable traffic_reader
[100%] Built target hdd_reader
[100%] Built target msr_reader
[100%] Built target traffic_reader
-- Install configuration: "Release"
-- Execute custom install script
-- Symlinking: /autoware/install/system_monitor/lib/system_monitor/cpu_monitor
-- Symlinking: /autoware/install/system_monitor/lib/system_monitor/hdd_monitor
-- Symlinking: /autoware/install/system_monitor/lib/system_monitor/mem_monitor
-- Symlinking: /autoware/install/system_monitor/lib/system_monitor/net_monitor
-- Symlinking: /autoware/install/system_monitor/lib/system_monitor/ntp_monitor
-- Symlinking: /autoware/install/system_monitor/lib/system_monitor/process_monitor
-- Symlinking: /autoware/install/system_monitor/lib/system_monitor/gpu_monitor
-- Symlinking: /autoware/install/system_monitor/lib/system_monitor/voltage_monitor
-- Symlinking: /autoware/install/system_monitor/include/hdd_reader/hdd_reader.hpp
-- Symlinking: /autoware/install/system_monitor/include/msr_reader/msr_reader.hpp
-- Symlinking: /autoware/install/system_monitor/include/system_monitor/cpu_monitor/arm_cpu_monitor.hpp
-- Symlinking: /autoware/install/system_monitor/include/system_monitor/cpu_monitor/cpu_monitor_base.hpp
-- Symlinking: /autoware/install/system_monitor/include/system_monitor/cpu_monitor/intel_cpu_monitor.hpp
-- Symlinking: /autoware/install/system_monitor/include/system_monitor/cpu_monitor/raspi_cpu_monitor.hpp
-- Symlinking: /autoware/install/system_monitor/include/system_monitor/cpu_monitor/tegra_cpu_monitor.hpp
-- Symlinking: /autoware/install/system_monitor/include/system_monitor/cpu_monitor/unknown_cpu_monitor.hpp
-- Symlinking: /autoware/install/system_monitor/include/system_monitor/gpu_monitor/gpu_monitor_base.hpp
-- Symlinking: /autoware/install/system_monitor/include/system_monitor/gpu_monitor/nvml_gpu_monitor.hpp
-- Symlinking: /autoware/install/system_monitor/include/system_monitor/gpu_monitor/tegra_gpu_monitor.hpp
-- Symlinking: /autoware/install/system_monitor/include/system_monitor/gpu_monitor/unknown_gpu_monitor.hpp
-- Symlinking: /autoware/install/system_monitor/include/system_monitor/hdd_monitor/hdd_monitor.hpp
-- Symlinking: /autoware/install/system_monitor/include/system_monitor/mem_monitor/mem_monitor.hpp
-- Symlinking: /autoware/install/system_monitor/include/system_monitor/net_monitor/net_monitor.hpp
-- Symlinking: /autoware/install/system_monitor/include/system_monitor/net_monitor/nl80211.hpp
-- Symlinking: /autoware/install/system_monitor/include/system_monitor/ntp_monitor/ntp_monitor.hpp
-- Symlinking: /autoware/install/system_monitor/include/system_monitor/process_monitor/diag_task.hpp
-- Symlinking: /autoware/install/system_monitor/include/system_monitor/process_monitor/process_monitor.hpp
-- Symlinking: /autoware/install/system_monitor/include/system_monitor/system_monitor_utility.hpp
-- Symlinking: /autoware/install/system_monitor/include/system_monitor/voltage_monitor/voltage_monitor.hpp
-- Symlinking: /autoware/install/system_monitor/include/traffic_reader/traffic_reader_common.hpp
-- Symlinking: /autoware/install/system_monitor/include/traffic_reader/traffic_reader_service.hpp
-- Symlinking: /autoware/install/system_monitor/share/system_monitor/environment/library_path.sh
-- Symlinking: /autoware/install/system_monitor/share/system_monitor/environment/library_path.dsv
-- Symlinking: /autoware/install/system_monitor/lib/libcpu_monitor_lib.so
-- Symlinking: /autoware/install/system_monitor/lib/libhdd_monitor_lib.so
-- Symlinking: /autoware/install/system_monitor/lib/libmem_monitor_lib.so
-- Symlinking: /autoware/install/system_monitor/lib/libnet_monitor_lib.so
-- Symlinking: /autoware/install/system_monitor/lib/libntp_monitor_lib.so
-- Symlinking: /autoware/install/system_monitor/lib/libprocess_monitor_lib.so
-- Symlinking: /autoware/install/system_monitor/lib/libgpu_monitor_lib.so
-- Symlinking: /autoware/install/system_monitor/lib/libvoltage_monitor_lib.so
-- Symlinking: /autoware/install/system_monitor/lib/system_monitor/msr_reader
-- Symlinking: /autoware/install/system_monitor/lib/system_monitor/hdd_reader
-- Symlinking: /autoware/install/system_monitor/lib/system_monitor/traffic_reader
-- Symlinking: /autoware/install/system_monitor/share/system_monitor/launch/system_monitor.launch.xml
-- Symlinking: /autoware/install/system_monitor/share/system_monitor/config/cpu_monitor.param.yaml
-- Symlinking: /autoware/install/system_monitor/share/system_monitor/config/gpu_monitor.param.yaml
-- Symlinking: /autoware/install/system_monitor/share/system_monitor/config/hdd_monitor.param.yaml
-- Symlinking: /autoware/install/system_monitor/share/system_monitor/config/mem_monitor.param.yaml
-- Symlinking: /autoware/install/system_monitor/share/system_monitor/config/net_monitor.param.yaml
-- Symlinking: /autoware/install/system_monitor/share/system_monitor/config/ntp_monitor.param.yaml
-- Symlinking: /autoware/install/system_monitor/share/system_monitor/config/process_monitor.param.yaml
-- Symlinking: /autoware/install/system_monitor/share/system_monitor/config/voltage_monitor.param.yaml
-- Symlinking: /autoware/install/system_monitor/share/ament_index/resource_index/package_run_dependencies/system_monitor
-- Symlinking: /autoware/install/system_monitor/share/ament_index/resource_index/parent_prefix_path/system_monitor
-- Symlinking: /autoware/install/system_monitor/share/system_monitor/environment/ament_prefix_path.sh
-- Symlinking: /autoware/install/system_monitor/share/system_monitor/environment/ament_prefix_path.dsv
-- Symlinking: /autoware/install/system_monitor/share/system_monitor/environment/path.sh
-- Symlinking: /autoware/install/system_monitor/share/system_monitor/environment/path.dsv
-- Symlinking: /autoware/install/system_monitor/share/system_monitor/local_setup.bash
-- Symlinking: /autoware/install/system_monitor/share/system_monitor/local_setup.sh
-- Symlinking: /autoware/install/system_monitor/share/system_monitor/local_setup.zsh
-- Symlinking: /autoware/install/system_monitor/share/system_monitor/local_setup.dsv
-- Symlinking: /autoware/install/system_monitor/share/system_monitor/package.dsv
-- Symlinking: /autoware/install/system_monitor/share/ament_index/resource_index/packages/system_monitor
-- Symlinking: /autoware/install/system_monitor/share/ament_index/resource_index/rclcpp_components/system_monitor
-- Symlinking: /autoware/install/system_monitor/share/system_monitor/cmake/ament_cmake_export_dependencies-extras.cmake
-- Symlinking: /autoware/install/system_monitor/share/system_monitor/cmake/ament_cmake_export_include_directories-extras.cmake
-- Symlinking: /autoware/install/system_monitor/share/system_monitor/cmake/ament_cmake_export_libraries-extras.cmake
-- Symlinking: /autoware/install/system_monitor/share/system_monitor/cmake/system_monitorConfig.cmake
-- Symlinking: /autoware/install/system_monitor/share/system_monitor/cmake/system_monitorConfig-version.cmake
-- Symlinking: /autoware/install/system_monitor/share/system_monitor/package.xml
