[0.046s] Invoking command in '/autoware/build/system_monitor': AMENT_PREFIX_PATH=/autoware/install/tier4_autoware_utils:/autoware/install/autoware_auto_vehicle_msgs:/autoware/install/autoware_auto_planning_msgs:/autoware/install/autoware_auto_perception_msgs:/autoware/install/tier4_external_api_msgs:/autoware/install/tier4_debug_msgs:/autoware/install/autoware_cmake:/autoware/install/autoware_auto_mapping_msgs:/autoware/install/autoware_auto_geometry_msgs:/autoware/install/autoware_lint_common:/autoware/install/ament_cmake_auto:${AMENT_PREFIX_PATH} CMAKE_PREFIX_PATH=/autoware/install/tier4_autoware_utils:/autoware/install/autoware_auto_vehicle_msgs:/autoware/install/autoware_auto_planning_msgs:/autoware/install/autoware_auto_perception_msgs:/autoware/install/tier4_external_api_msgs:/autoware/install/tier4_debug_msgs:/autoware/install/autoware_cmake:/autoware/install/autoware_auto_mapping_msgs:/autoware/install/autoware_auto_geometry_msgs:/autoware/install/autoware_lint_common:/autoware/install/ament_cmake_auto:/opt/ros/humble LD_LIBRARY_PATH=/autoware/install/tier4_autoware_utils/lib:/autoware/install/autoware_auto_vehicle_msgs/lib:/autoware/install/autoware_auto_planning_msgs/lib:/autoware/install/autoware_auto_perception_msgs/lib:/autoware/install/tier4_external_api_msgs/lib:/autoware/install/tier4_debug_msgs/lib:/autoware/install/autoware_auto_mapping_msgs/lib:/autoware/install/autoware_auto_geometry_msgs/lib:${LD_LIBRARY_PATH} PYTHONPATH=/autoware/install/autoware_auto_vehicle_msgs/local/lib/python3.10/dist-packages:/autoware/install/autoware_auto_planning_msgs/local/lib/python3.10/dist-packages:/autoware/install/autoware_auto_perception_msgs/local/lib/python3.10/dist-packages:/autoware/install/tier4_external_api_msgs/local/lib/python3.10/dist-packages:/autoware/install/tier4_debug_msgs/local/lib/python3.10/dist-packages:/autoware/install/autoware_auto_mapping_msgs/local/lib/python3.10/dist-packages:/autoware/install/autoware_auto_geometry_msgs/local/lib/python3.10/dist-packages:${PYTHONPATH} /usr/bin/cmake --build /autoware/build/system_monitor -- -j64 -l64
[0.075s] -- Found autoware_cmake: 0.1.0 (/autoware/install/autoware_cmake/share/autoware_cmake/cmake)
[0.076s] -- Found ament_cmake_auto: 1.3.2 (/opt/ros/humble/share/ament_cmake_auto/cmake)
[0.223s] -- Override CMake install command with custom implementation using symlinks instead of copying resources
[0.322s] -- Found rosidl_generator_c: 3.1.3 (/opt/ros/humble/share/rosidl_generator_c/cmake)
[0.324s] -- Found rosidl_adapter: 3.1.3 (/opt/ros/humble/share/rosidl_adapter/cmake)
[0.330s] -- Found rosidl_generator_cpp: 3.1.3 (/opt/ros/humble/share/rosidl_generator_cpp/cmake)
[0.340s] -- Using all available rosidl_typesupport_c: rosidl_typesupport_fastrtps_c;rosidl_typesupport_introspection_c
[0.354s] -- Using all available rosidl_typesupport_cpp: rosidl_typesupport_fastrtps_cpp;rosidl_typesupport_introspection_cpp
[0.508s] -- Found rmw_implementation_cmake: 6.1.0 (/opt/ros/humble/share/rmw_implementation_cmake/cmake)
[0.509s] -- Found rmw_fastrtps_cpp: 6.2.1 (/opt/ros/humble/share/rmw_fastrtps_cpp/cmake)
[0.634s] -- Using RMW implementation 'rmw_fastrtps_cpp' as default
[1.814s] -- Found eigen3_cmake_module: 0.1.1 (/opt/ros/humble/share/eigen3_cmake_module/cmake)
[1.815s] -- Ensuring Eigen3 include directory is part of orocos-kdl CMake target
[2.271s] -- Found ament_lint_auto: 0.12.4 (/opt/ros/humble/share/ament_lint_auto/cmake)
[2.279s] -- Could NOT find NVML (missing: NVML_LIBRARIES NVML_INCLUDE_DIRS) 
[2.279s] -- NVML include dir: NVML_INCLUDE_DIRS-NOTFOUND
[2.279s] -- NVML library : NVML_LIBRARIES-NOTFOUND
[2.279s] -- HOST_SYSTEM_VERSION: 5.15.0-56-generic
[2.279s] -- SYSTEM_PROCESSOR: x86_64
[2.279s] -- CPU PLATFORM: intel
[2.280s] -- GPU PLATFORM: unknown
[9.480s] -- Added test 'copyright' to check source files copyright and LICENSE
[9.493s] -- Added test 'cppcheck' to perform static code analysis on C / C++ code
[9.496s] -- Configured cppcheck include dirs: /autoware/src/universe/autoware.universe/system/system_monitor/include
[9.496s] -- Configured cppcheck exclude dirs and/or files: 
[9.499s] -- Added test 'lint_cmake' to check CMake code style
[9.501s] -- Added test 'xmllint' to check XML markup files
[9.506s] -- Configuring done
[10.446s] -- Generating done
[10.448s] -- Build files have been written to: /autoware/build/system_monitor
[10.488s] Consolidate compiler generated dependencies of target cpu_monitor
[10.493s] Consolidate compiler generated dependencies of target mem_monitor
[10.494s] Consolidate compiler generated dependencies of target hdd_monitor
[10.494s] Consolidate compiler generated dependencies of target net_monitor
[10.495s] Consolidate compiler generated dependencies of target gpu_monitor
[10.495s] Consolidate compiler generated dependencies of target voltage_monitor
[10.495s] Consolidate compiler generated dependencies of target process_monitor
[10.497s] Consolidate compiler generated dependencies of target ntp_monitor
[10.509s] Consolidate compiler generated dependencies of target cpu_monitor_lib
[10.510s] [  4%] Built target mem_monitor
[10.510s] [  9%] Built target cpu_monitor
[10.515s] [ 14%] Built target hdd_monitor
[10.515s] [ 21%] Built target net_monitor
[10.515s] [ 23%] Built target gpu_monitor
[10.517s] [ 28%] Built target ntp_monitor
[10.517s] [ 33%] Built target process_monitor
[10.518s] [ 38%] Built target voltage_monitor
[10.538s] [ 40%] Building CXX object CMakeFiles/cpu_monitor_lib.dir/src/cpu_monitor/cpu_monitor_base.cpp.o
[10.539s] [ 42%] Building CXX object CMakeFiles/cpu_monitor_lib.dir/src/cpu_monitor/intel_cpu_monitor.cpp.o
[16.045s] In file included from /usr/include/boost/bind.hpp:30,
[16.045s]                  from /usr/include/boost/property_tree/json_parser/detail/parser.hpp:7,
[16.045s]                  from /usr/include/boost/property_tree/json_parser/detail/read.hpp:13,
[16.045s]                  from /usr/include/boost/property_tree/json_parser.hpp:16,
[16.046s]                  from /autoware/src/universe/autoware.universe/system/system_monitor/src/cpu_monitor/cpu_monitor_base.cpp:26:
[16.046s] /usr/include/boost/bind.hpp:36:1: note: ‘#pragma message: The practice of declaring the Bind placeholders (_1, _2, ...) in the global namespace is deprecated. Please use <boost/bind/bind.hpp> + using namespace boost::placeholders, or define BOOST_BIND_GLOBAL_PLACEHOLDERS to retain the current behavior.’
[16.046s]    36 | BOOST_PRAGMA_MESSAGE(
[16.046s]       | ^~~~~~~~~~~~~~~~~~~~
[29.558s] [ 45%] Linking CXX shared library libcpu_monitor_lib.so
[29.799s] [ 45%] Built target cpu_monitor_lib
[29.837s] Consolidate compiler generated dependencies of target hdd_monitor_lib
[29.873s] [ 47%] Building CXX object CMakeFiles/hdd_monitor_lib.dir/src/hdd_monitor/hdd_monitor.cpp.o
[46.747s] [ 50%] Linking CXX shared library libhdd_monitor_lib.so
[46.951s] [ 50%] Built target hdd_monitor_lib
[46.974s] Consolidate compiler generated dependencies of target mem_monitor_lib
[46.997s] [ 52%] Building CXX object CMakeFiles/mem_monitor_lib.dir/src/mem_monitor/mem_monitor.cpp.o
[57.044s] [ 54%] Linking CXX shared library libmem_monitor_lib.so
[57.290s] [ 54%] Built target mem_monitor_lib
[57.314s] Consolidate compiler generated dependencies of target net_monitor_lib
[57.335s] [ 59%] Building CXX object CMakeFiles/net_monitor_lib.dir/src/net_monitor/nl80211.cpp.o
[57.335s] [ 59%] Building CXX object CMakeFiles/net_monitor_lib.dir/src/net_monitor/net_monitor.cpp.o
[71.487s] [ 61%] Linking CXX shared library libnet_monitor_lib.so
[71.868s] [ 61%] Built target net_monitor_lib
[71.905s] Consolidate compiler generated dependencies of target ntp_monitor_lib
[71.946s] [ 64%] Building CXX object CMakeFiles/ntp_monitor_lib.dir/src/ntp_monitor/ntp_monitor.cpp.o
[88.689s] [ 66%] Linking CXX shared library libntp_monitor_lib.so
[88.946s] [ 66%] Built target ntp_monitor_lib
[88.969s] Consolidate compiler generated dependencies of target process_monitor_lib
[88.989s] [ 69%] Building CXX object CMakeFiles/process_monitor_lib.dir/src/process_monitor/process_monitor.cpp.o
[103.514s] [ 71%] Linking CXX shared library libprocess_monitor_lib.so
[103.777s] [ 71%] Built target process_monitor_lib
[103.793s] Consolidate compiler generated dependencies of target gpu_monitor_lib
[103.806s] [ 73%] Building CXX object CMakeFiles/gpu_monitor_lib.dir/src/gpu_monitor/gpu_monitor_base.cpp.o
[103.807s] [ 76%] Building CXX object CMakeFiles/gpu_monitor_lib.dir/src/gpu_monitor/unknown_gpu_monitor.cpp.o
[108.457s] [ 78%] Linking CXX shared library libgpu_monitor_lib.so
[108.689s] [ 78%] Built target gpu_monitor_lib
[108.712s] Consolidate compiler generated dependencies of target voltage_monitor_lib
[108.732s] [ 80%] Building CXX object CMakeFiles/voltage_monitor_lib.dir/src/voltage_monitor/voltage_monitor.cpp.o
[121.726s] [ 83%] Linking CXX shared library libvoltage_monitor_lib.so
[121.982s] [ 83%] Built target voltage_monitor_lib
[121.999s] Consolidate compiler generated dependencies of target msr_reader
[122.007s] Consolidate compiler generated dependencies of target hdd_reader
[122.011s] Consolidate compiler generated dependencies of target traffic_reader
[122.013s] [ 85%] Building CXX object CMakeFiles/msr_reader.dir/reader/msr_reader/msr_reader.cpp.o
[122.026s] [ 88%] Building CXX object CMakeFiles/hdd_reader.dir/reader/hdd_reader/hdd_reader.cpp.o
[122.030s] [ 90%] Building CXX object CMakeFiles/traffic_reader.dir/reader/traffic_reader/traffic_reader_main.cpp.o
[122.034s] [ 92%] Building CXX object CMakeFiles/traffic_reader.dir/reader/traffic_reader/traffic_reader_service.cpp.o
[127.022s] [ 95%] Linking CXX executable msr_reader
[128.407s] [ 97%] Linking CXX executable hdd_reader
[129.404s] [100%] Linking CXX executable traffic_reader
[133.260s] [100%] Built target hdd_reader
[134.253s] [100%] Built target traffic_reader
[134.969s] [100%] Built target msr_reader
[134.979s] Invoked command in '/autoware/build/system_monitor' returned '0': AMENT_PREFIX_PATH=/autoware/install/tier4_autoware_utils:/autoware/install/autoware_auto_vehicle_msgs:/autoware/install/autoware_auto_planning_msgs:/autoware/install/autoware_auto_perception_msgs:/autoware/install/tier4_external_api_msgs:/autoware/install/tier4_debug_msgs:/autoware/install/autoware_cmake:/autoware/install/autoware_auto_mapping_msgs:/autoware/install/autoware_auto_geometry_msgs:/autoware/install/autoware_lint_common:/autoware/install/ament_cmake_auto:${AMENT_PREFIX_PATH} CMAKE_PREFIX_PATH=/autoware/install/tier4_autoware_utils:/autoware/install/autoware_auto_vehicle_msgs:/autoware/install/autoware_auto_planning_msgs:/autoware/install/autoware_auto_perception_msgs:/autoware/install/tier4_external_api_msgs:/autoware/install/tier4_debug_msgs:/autoware/install/autoware_cmake:/autoware/install/autoware_auto_mapping_msgs:/autoware/install/autoware_auto_geometry_msgs:/autoware/install/autoware_lint_common:/autoware/install/ament_cmake_auto:/opt/ros/humble LD_LIBRARY_PATH=/autoware/install/tier4_autoware_utils/lib:/autoware/install/autoware_auto_vehicle_msgs/lib:/autoware/install/autoware_auto_planning_msgs/lib:/autoware/install/autoware_auto_perception_msgs/lib:/autoware/install/tier4_external_api_msgs/lib:/autoware/install/tier4_debug_msgs/lib:/autoware/install/autoware_auto_mapping_msgs/lib:/autoware/install/autoware_auto_geometry_msgs/lib:${LD_LIBRARY_PATH} PYTHONPATH=/autoware/install/autoware_auto_vehicle_msgs/local/lib/python3.10/dist-packages:/autoware/install/autoware_auto_planning_msgs/local/lib/python3.10/dist-packages:/autoware/install/autoware_auto_perception_msgs/local/lib/python3.10/dist-packages:/autoware/install/tier4_external_api_msgs/local/lib/python3.10/dist-packages:/autoware/install/tier4_debug_msgs/local/lib/python3.10/dist-packages:/autoware/install/autoware_auto_mapping_msgs/local/lib/python3.10/dist-packages:/autoware/install/autoware_auto_geometry_msgs/local/lib/python3.10/dist-packages:${PYTHONPATH} /usr/bin/cmake --build /autoware/build/system_monitor -- -j64 -l64
[135.028s] Invoking command in '/autoware/build/system_monitor': AMENT_PREFIX_PATH=/autoware/install/tier4_autoware_utils:/autoware/install/autoware_auto_vehicle_msgs:/autoware/install/autoware_auto_planning_msgs:/autoware/install/autoware_auto_perception_msgs:/autoware/install/tier4_external_api_msgs:/autoware/install/tier4_debug_msgs:/autoware/install/autoware_cmake:/autoware/install/autoware_auto_mapping_msgs:/autoware/install/autoware_auto_geometry_msgs:/autoware/install/autoware_lint_common:/autoware/install/ament_cmake_auto:${AMENT_PREFIX_PATH} CMAKE_PREFIX_PATH=/autoware/install/tier4_autoware_utils:/autoware/install/autoware_auto_vehicle_msgs:/autoware/install/autoware_auto_planning_msgs:/autoware/install/autoware_auto_perception_msgs:/autoware/install/tier4_external_api_msgs:/autoware/install/tier4_debug_msgs:/autoware/install/autoware_cmake:/autoware/install/autoware_auto_mapping_msgs:/autoware/install/autoware_auto_geometry_msgs:/autoware/install/autoware_lint_common:/autoware/install/ament_cmake_auto:/opt/ros/humble LD_LIBRARY_PATH=/autoware/install/tier4_autoware_utils/lib:/autoware/install/autoware_auto_vehicle_msgs/lib:/autoware/install/autoware_auto_planning_msgs/lib:/autoware/install/autoware_auto_perception_msgs/lib:/autoware/install/tier4_external_api_msgs/lib:/autoware/install/tier4_debug_msgs/lib:/autoware/install/autoware_auto_mapping_msgs/lib:/autoware/install/autoware_auto_geometry_msgs/lib:${LD_LIBRARY_PATH} PYTHONPATH=/autoware/install/autoware_auto_vehicle_msgs/local/lib/python3.10/dist-packages:/autoware/install/autoware_auto_planning_msgs/local/lib/python3.10/dist-packages:/autoware/install/autoware_auto_perception_msgs/local/lib/python3.10/dist-packages:/autoware/install/tier4_external_api_msgs/local/lib/python3.10/dist-packages:/autoware/install/tier4_debug_msgs/local/lib/python3.10/dist-packages:/autoware/install/autoware_auto_mapping_msgs/local/lib/python3.10/dist-packages:/autoware/install/autoware_auto_geometry_msgs/local/lib/python3.10/dist-packages:${PYTHONPATH} /usr/bin/cmake --install /autoware/build/system_monitor
[135.033s] -- Install configuration: "Release"
[135.034s] -- Execute custom install script
[135.034s] -- Up-to-date symlink: /autoware/install/system_monitor/lib/system_monitor/cpu_monitor
[135.035s] -- Up-to-date symlink: /autoware/install/system_monitor/lib/system_monitor/hdd_monitor
[135.035s] -- Up-to-date symlink: /autoware/install/system_monitor/lib/system_monitor/mem_monitor
[135.035s] -- Up-to-date symlink: /autoware/install/system_monitor/lib/system_monitor/net_monitor
[135.035s] -- Up-to-date symlink: /autoware/install/system_monitor/lib/system_monitor/ntp_monitor
[135.035s] -- Up-to-date symlink: /autoware/install/system_monitor/lib/system_monitor/process_monitor
[135.035s] -- Up-to-date symlink: /autoware/install/system_monitor/lib/system_monitor/gpu_monitor
[135.036s] -- Up-to-date symlink: /autoware/install/system_monitor/lib/system_monitor/voltage_monitor
[135.036s] -- Up-to-date symlink: /autoware/install/system_monitor/include/hdd_reader/hdd_reader.hpp
[135.036s] -- Up-to-date symlink: /autoware/install/system_monitor/include/msr_reader/msr_reader.hpp
[135.036s] -- Up-to-date symlink: /autoware/install/system_monitor/include/system_monitor/cpu_monitor/arm_cpu_monitor.hpp
[135.036s] -- Up-to-date symlink: /autoware/install/system_monitor/include/system_monitor/cpu_monitor/cpu_monitor_base.hpp
[135.037s] -- Up-to-date symlink: /autoware/install/system_monitor/include/system_monitor/cpu_monitor/intel_cpu_monitor.hpp
[135.037s] -- Up-to-date symlink: /autoware/install/system_monitor/include/system_monitor/cpu_monitor/raspi_cpu_monitor.hpp
[135.037s] -- Up-to-date symlink: /autoware/install/system_monitor/include/system_monitor/cpu_monitor/tegra_cpu_monitor.hpp
[135.037s] -- Up-to-date symlink: /autoware/install/system_monitor/include/system_monitor/cpu_monitor/unknown_cpu_monitor.hpp
[135.037s] -- Up-to-date symlink: /autoware/install/system_monitor/include/system_monitor/gpu_monitor/gpu_monitor_base.hpp
[135.037s] -- Up-to-date symlink: /autoware/install/system_monitor/include/system_monitor/gpu_monitor/nvml_gpu_monitor.hpp
[135.037s] -- Up-to-date symlink: /autoware/install/system_monitor/include/system_monitor/gpu_monitor/tegra_gpu_monitor.hpp
[135.037s] -- Up-to-date symlink: /autoware/install/system_monitor/include/system_monitor/gpu_monitor/unknown_gpu_monitor.hpp
[135.037s] -- Up-to-date symlink: /autoware/install/system_monitor/include/system_monitor/hdd_monitor/hdd_monitor.hpp
[135.037s] -- Up-to-date symlink: /autoware/install/system_monitor/include/system_monitor/mem_monitor/mem_monitor.hpp
[135.037s] -- Up-to-date symlink: /autoware/install/system_monitor/include/system_monitor/net_monitor/net_monitor.hpp
[135.038s] -- Up-to-date symlink: /autoware/install/system_monitor/include/system_monitor/net_monitor/nl80211.hpp
[135.038s] -- Up-to-date symlink: /autoware/install/system_monitor/include/system_monitor/ntp_monitor/ntp_monitor.hpp
[135.038s] -- Up-to-date symlink: /autoware/install/system_monitor/include/system_monitor/process_monitor/diag_task.hpp
[135.038s] -- Up-to-date symlink: /autoware/install/system_monitor/include/system_monitor/process_monitor/process_monitor.hpp
[135.038s] -- Up-to-date symlink: /autoware/install/system_monitor/include/system_monitor/system_monitor_utility.hpp
[135.038s] -- Up-to-date symlink: /autoware/install/system_monitor/include/system_monitor/voltage_monitor/voltage_monitor.hpp
[135.038s] -- Up-to-date symlink: /autoware/install/system_monitor/include/traffic_reader/traffic_reader_common.hpp
[135.038s] -- Up-to-date symlink: /autoware/install/system_monitor/include/traffic_reader/traffic_reader_service.hpp
[135.038s] -- Up-to-date symlink: /autoware/install/system_monitor/share/system_monitor/environment/library_path.sh
[135.038s] -- Up-to-date symlink: /autoware/install/system_monitor/share/system_monitor/environment/library_path.dsv
[135.039s] -- Up-to-date symlink: /autoware/install/system_monitor/lib/libcpu_monitor_lib.so
[135.039s] -- Up-to-date symlink: /autoware/install/system_monitor/lib/libhdd_monitor_lib.so
[135.039s] -- Up-to-date symlink: /autoware/install/system_monitor/lib/libmem_monitor_lib.so
[135.039s] -- Up-to-date symlink: /autoware/install/system_monitor/lib/libnet_monitor_lib.so
[135.039s] -- Up-to-date symlink: /autoware/install/system_monitor/lib/libntp_monitor_lib.so
[135.039s] -- Up-to-date symlink: /autoware/install/system_monitor/lib/libprocess_monitor_lib.so
[135.039s] -- Up-to-date symlink: /autoware/install/system_monitor/lib/libgpu_monitor_lib.so
[135.039s] -- Up-to-date symlink: /autoware/install/system_monitor/lib/libvoltage_monitor_lib.so
[135.040s] -- Up-to-date symlink: /autoware/install/system_monitor/lib/system_monitor/msr_reader
[135.040s] -- Up-to-date symlink: /autoware/install/system_monitor/lib/system_monitor/hdd_reader
[135.040s] -- Up-to-date symlink: /autoware/install/system_monitor/lib/system_monitor/traffic_reader
[135.040s] -- Up-to-date symlink: /autoware/install/system_monitor/share/system_monitor/launch/system_monitor.launch.xml
[135.040s] -- Up-to-date symlink: /autoware/install/system_monitor/share/system_monitor/config/cpu_monitor.param.yaml
[135.040s] -- Up-to-date symlink: /autoware/install/system_monitor/share/system_monitor/config/gpu_monitor.param.yaml
[135.040s] -- Up-to-date symlink: /autoware/install/system_monitor/share/system_monitor/config/hdd_monitor.param.yaml
[135.041s] -- Up-to-date symlink: /autoware/install/system_monitor/share/system_monitor/config/mem_monitor.param.yaml
[135.041s] -- Up-to-date symlink: /autoware/install/system_monitor/share/system_monitor/config/net_monitor.param.yaml
[135.041s] -- Up-to-date symlink: /autoware/install/system_monitor/share/system_monitor/config/ntp_monitor.param.yaml
[135.041s] -- Up-to-date symlink: /autoware/install/system_monitor/share/system_monitor/config/process_monitor.param.yaml
[135.041s] -- Up-to-date symlink: /autoware/install/system_monitor/share/system_monitor/config/voltage_monitor.param.yaml
[135.041s] -- Up-to-date symlink: /autoware/install/system_monitor/share/ament_index/resource_index/package_run_dependencies/system_monitor
[135.041s] -- Up-to-date symlink: /autoware/install/system_monitor/share/ament_index/resource_index/parent_prefix_path/system_monitor
[135.041s] -- Up-to-date symlink: /autoware/install/system_monitor/share/system_monitor/environment/ament_prefix_path.sh
[135.041s] -- Up-to-date symlink: /autoware/install/system_monitor/share/system_monitor/environment/ament_prefix_path.dsv
[135.041s] -- Up-to-date symlink: /autoware/install/system_monitor/share/system_monitor/environment/path.sh
[135.042s] -- Up-to-date symlink: /autoware/install/system_monitor/share/system_monitor/environment/path.dsv
[135.042s] -- Up-to-date symlink: /autoware/install/system_monitor/share/system_monitor/local_setup.bash
[135.042s] -- Up-to-date symlink: /autoware/install/system_monitor/share/system_monitor/local_setup.sh
[135.042s] -- Up-to-date symlink: /autoware/install/system_monitor/share/system_monitor/local_setup.zsh
[135.042s] -- Up-to-date symlink: /autoware/install/system_monitor/share/system_monitor/local_setup.dsv
[135.042s] -- Symlinking: /autoware/install/system_monitor/share/system_monitor/package.dsv
[135.049s] -- Up-to-date symlink: /autoware/install/system_monitor/share/ament_index/resource_index/packages/system_monitor
[135.049s] -- Up-to-date symlink: /autoware/install/system_monitor/share/ament_index/resource_index/rclcpp_components/system_monitor
[135.049s] -- Up-to-date symlink: /autoware/install/system_monitor/share/system_monitor/cmake/ament_cmake_export_dependencies-extras.cmake
[135.050s] -- Up-to-date symlink: /autoware/install/system_monitor/share/system_monitor/cmake/ament_cmake_export_include_directories-extras.cmake
[135.050s] -- Up-to-date symlink: /autoware/install/system_monitor/share/system_monitor/cmake/ament_cmake_export_libraries-extras.cmake
[135.050s] -- Up-to-date symlink: /autoware/install/system_monitor/share/system_monitor/cmake/system_monitorConfig.cmake
[135.050s] -- Up-to-date symlink: /autoware/install/system_monitor/share/system_monitor/cmake/system_monitorConfig-version.cmake
[135.050s] -- Up-to-date symlink: /autoware/install/system_monitor/share/system_monitor/package.xml
[135.057s] Invoked command in '/autoware/build/system_monitor' returned '0': AMENT_PREFIX_PATH=/autoware/install/tier4_autoware_utils:/autoware/install/autoware_auto_vehicle_msgs:/autoware/install/autoware_auto_planning_msgs:/autoware/install/autoware_auto_perception_msgs:/autoware/install/tier4_external_api_msgs:/autoware/install/tier4_debug_msgs:/autoware/install/autoware_cmake:/autoware/install/autoware_auto_mapping_msgs:/autoware/install/autoware_auto_geometry_msgs:/autoware/install/autoware_lint_common:/autoware/install/ament_cmake_auto:${AMENT_PREFIX_PATH} CMAKE_PREFIX_PATH=/autoware/install/tier4_autoware_utils:/autoware/install/autoware_auto_vehicle_msgs:/autoware/install/autoware_auto_planning_msgs:/autoware/install/autoware_auto_perception_msgs:/autoware/install/tier4_external_api_msgs:/autoware/install/tier4_debug_msgs:/autoware/install/autoware_cmake:/autoware/install/autoware_auto_mapping_msgs:/autoware/install/autoware_auto_geometry_msgs:/autoware/install/autoware_lint_common:/autoware/install/ament_cmake_auto:/opt/ros/humble LD_LIBRARY_PATH=/autoware/install/tier4_autoware_utils/lib:/autoware/install/autoware_auto_vehicle_msgs/lib:/autoware/install/autoware_auto_planning_msgs/lib:/autoware/install/autoware_auto_perception_msgs/lib:/autoware/install/tier4_external_api_msgs/lib:/autoware/install/tier4_debug_msgs/lib:/autoware/install/autoware_auto_mapping_msgs/lib:/autoware/install/autoware_auto_geometry_msgs/lib:${LD_LIBRARY_PATH} PYTHONPATH=/autoware/install/autoware_auto_vehicle_msgs/local/lib/python3.10/dist-packages:/autoware/install/autoware_auto_planning_msgs/local/lib/python3.10/dist-packages:/autoware/install/autoware_auto_perception_msgs/local/lib/python3.10/dist-packages:/autoware/install/tier4_external_api_msgs/local/lib/python3.10/dist-packages:/autoware/install/tier4_debug_msgs/local/lib/python3.10/dist-packages:/autoware/install/autoware_auto_mapping_msgs/local/lib/python3.10/dist-packages:/autoware/install/autoware_auto_geometry_msgs/local/lib/python3.10/dist-packages:${PYTHONPATH} /usr/bin/cmake --install /autoware/build/system_monitor
