[0.036s] Invoking command in '/autoware/build/rtc_interface': AMENT_PREFIX_PATH=/autoware/install/tier4_rtc_msgs:/autoware/install/autoware_lint_common:${AMENT_PREFIX_PATH} CMAKE_PREFIX_PATH=/autoware/install/tier4_rtc_msgs:/autoware/install/autoware_lint_common:/opt/ros/humble LD_LIBRARY_PATH=/autoware/install/tier4_rtc_msgs/lib:${LD_LIBRARY_PATH} PYTHONPATH=/autoware/install/tier4_rtc_msgs/local/lib/python3.10/dist-packages:${PYTHONPATH} /usr/bin/cmake /autoware/src/universe/autoware.universe/planning/rtc_interface -DCMAKE_BUILD_TYPE=Release -DAMENT_CMAKE_SYMLINK_INSTALL=1 -DCMAKE_INSTALL_PREFIX=/autoware/install/rtc_interface
[0.125s] -- The C compiler identification is GNU 11.3.0
[0.295s] -- The CXX compiler identification is GNU 11.3.0
[0.295s] -- Detecting C compiler ABI info
[0.526s] -- Detecting C compiler ABI info - done
[0.539s] -- Check for working C compiler: /usr/bin/cc - skipped
[0.539s] -- Detecting C compile features
[0.540s] -- Detecting C compile features - done
[0.545s] -- Detecting CXX compiler ABI info
[0.820s] -- Detecting CXX compiler ABI info - done
[0.825s] -- Check for working CXX compiler: /usr/bin/c++ - skipped
[0.834s] -- Detecting CXX compile features
[0.834s] -- Detecting CXX compile features - done
[0.838s] -- Found ament_cmake_auto: 1.3.2 (/opt/ros/humble/share/ament_cmake_auto/cmake)
[1.120s] -- Found Python3: /usr/bin/python3.10 (found version "3.10.6") found components: Interpreter 
[1.224s] -- Override CMake install command with custom implementation using symlinks instead of copying resources
[1.489s] -- Found rosidl_generator_c: 3.1.3 (/opt/ros/humble/share/rosidl_generator_c/cmake)
[1.499s] -- Found rosidl_adapter: 3.1.3 (/opt/ros/humble/share/rosidl_adapter/cmake)
[1.515s] -- Found rosidl_generator_cpp: 3.1.3 (/opt/ros/humble/share/rosidl_generator_cpp/cmake)
[1.540s] -- Using all available rosidl_typesupport_c: rosidl_typesupport_fastrtps_c;rosidl_typesupport_introspection_c
[1.576s] -- Using all available rosidl_typesupport_cpp: rosidl_typesupport_fastrtps_cpp;rosidl_typesupport_introspection_cpp
[1.713s] -- Found rmw_implementation_cmake: 6.1.0 (/opt/ros/humble/share/rmw_implementation_cmake/cmake)
[1.718s] -- Found rmw_fastrtps_cpp: 6.2.1 (/opt/ros/humble/share/rmw_fastrtps_cpp/cmake)
[2.132s] -- Found OpenSSL: /usr/lib/x86_64-linux-gnu/libcrypto.so (found version "3.0.2")  
[2.206s] -- Found FastRTPS: /opt/ros/humble/include  
[2.309s] -- Using RMW implementation 'rmw_fastrtps_cpp' as default
[2.689s] -- Found ament_lint_auto: 0.12.4 (/opt/ros/humble/share/ament_lint_auto/cmake)
[2.718s] -- Added test 'copyright' to check source files copyright and LICENSE
[2.721s] -- Added test 'cppcheck' to perform static code analysis on C / C++ code
[2.722s] -- Configured cppcheck include dirs: /autoware/src/universe/autoware.universe/planning/rtc_interface/include
[2.722s] -- Configured cppcheck exclude dirs and/or files: 
[2.723s] -- Added test 'lint_cmake' to check CMake code style
[2.724s] -- Added test 'xmllint' to check XML markup files
[2.731s] -- Configuring done
[2.751s] -- Generating done
[2.754s] -- Build files have been written to: /autoware/build/rtc_interface
[2.792s] Invoked command in '/autoware/build/rtc_interface' returned '0': AMENT_PREFIX_PATH=/autoware/install/tier4_rtc_msgs:/autoware/install/autoware_lint_common:${AMENT_PREFIX_PATH} CMAKE_PREFIX_PATH=/autoware/install/tier4_rtc_msgs:/autoware/install/autoware_lint_common:/opt/ros/humble LD_LIBRARY_PATH=/autoware/install/tier4_rtc_msgs/lib:${LD_LIBRARY_PATH} PYTHONPATH=/autoware/install/tier4_rtc_msgs/local/lib/python3.10/dist-packages:${PYTHONPATH} /usr/bin/cmake /autoware/src/universe/autoware.universe/planning/rtc_interface -DCMAKE_BUILD_TYPE=Release -DAMENT_CMAKE_SYMLINK_INSTALL=1 -DCMAKE_INSTALL_PREFIX=/autoware/install/rtc_interface
[2.792s] Invoking command in '/autoware/build/rtc_interface': AMENT_PREFIX_PATH=/autoware/install/tier4_rtc_msgs:/autoware/install/autoware_lint_common:${AMENT_PREFIX_PATH} CMAKE_PREFIX_PATH=/autoware/install/tier4_rtc_msgs:/autoware/install/autoware_lint_common:/opt/ros/humble LD_LIBRARY_PATH=/autoware/install/tier4_rtc_msgs/lib:${LD_LIBRARY_PATH} PYTHONPATH=/autoware/install/tier4_rtc_msgs/local/lib/python3.10/dist-packages:${PYTHONPATH} /usr/bin/cmake --build /autoware/build/rtc_interface -- -j64 -l64
[3.031s] [ 50%] Building CXX object CMakeFiles/rtc_interface.dir/src/rtc_interface.cpp.o
[11.437s] [100%] Linking CXX shared library librtc_interface.so
[11.533s] [100%] Built target rtc_interface
[11.545s] Invoked command in '/autoware/build/rtc_interface' returned '0': AMENT_PREFIX_PATH=/autoware/install/tier4_rtc_msgs:/autoware/install/autoware_lint_common:${AMENT_PREFIX_PATH} CMAKE_PREFIX_PATH=/autoware/install/tier4_rtc_msgs:/autoware/install/autoware_lint_common:/opt/ros/humble LD_LIBRARY_PATH=/autoware/install/tier4_rtc_msgs/lib:${LD_LIBRARY_PATH} PYTHONPATH=/autoware/install/tier4_rtc_msgs/local/lib/python3.10/dist-packages:${PYTHONPATH} /usr/bin/cmake --build /autoware/build/rtc_interface -- -j64 -l64
[11.565s] Invoking command in '/autoware/build/rtc_interface': AMENT_PREFIX_PATH=/autoware/install/tier4_rtc_msgs:/autoware/install/autoware_lint_common:${AMENT_PREFIX_PATH} CMAKE_PREFIX_PATH=/autoware/install/tier4_rtc_msgs:/autoware/install/autoware_lint_common:/opt/ros/humble LD_LIBRARY_PATH=/autoware/install/tier4_rtc_msgs/lib:${LD_LIBRARY_PATH} PYTHONPATH=/autoware/install/tier4_rtc_msgs/local/lib/python3.10/dist-packages:${PYTHONPATH} /usr/bin/cmake --install /autoware/build/rtc_interface
[11.570s] -- Install configuration: "Release"
[11.571s] -- Execute custom install script
[11.571s] -- Symlinking: /autoware/install/rtc_interface/include/rtc_interface/rtc_interface.hpp
[11.578s] -- Symlinking: /autoware/install/rtc_interface/share/rtc_interface/environment/library_path.sh
[11.585s] -- Symlinking: /autoware/install/rtc_interface/share/rtc_interface/environment/library_path.dsv
[11.593s] -- Symlinking: /autoware/install/rtc_interface/lib/librtc_interface.so
[11.600s] -- Symlinking: /autoware/install/rtc_interface/share/ament_index/resource_index/package_run_dependencies/rtc_interface
[11.607s] -- Symlinking: /autoware/install/rtc_interface/share/ament_index/resource_index/parent_prefix_path/rtc_interface
[11.615s] -- Symlinking: /autoware/install/rtc_interface/share/rtc_interface/environment/ament_prefix_path.sh
[11.622s] -- Symlinking: /autoware/install/rtc_interface/share/rtc_interface/environment/ament_prefix_path.dsv
[11.629s] -- Symlinking: /autoware/install/rtc_interface/share/rtc_interface/environment/path.sh
[11.636s] -- Symlinking: /autoware/install/rtc_interface/share/rtc_interface/environment/path.dsv
[11.642s] -- Symlinking: /autoware/install/rtc_interface/share/rtc_interface/local_setup.bash
[11.648s] -- Symlinking: /autoware/install/rtc_interface/share/rtc_interface/local_setup.sh
[11.654s] -- Symlinking: /autoware/install/rtc_interface/share/rtc_interface/local_setup.zsh
[11.660s] -- Symlinking: /autoware/install/rtc_interface/share/rtc_interface/local_setup.dsv
[11.666s] -- Symlinking: /autoware/install/rtc_interface/share/rtc_interface/package.dsv
[11.672s] -- Symlinking: /autoware/install/rtc_interface/share/ament_index/resource_index/packages/rtc_interface
[11.678s] -- Symlinking: /autoware/install/rtc_interface/share/rtc_interface/cmake/ament_cmake_export_dependencies-extras.cmake
[11.684s] -- Symlinking: /autoware/install/rtc_interface/share/rtc_interface/cmake/ament_cmake_export_include_directories-extras.cmake
[11.690s] -- Symlinking: /autoware/install/rtc_interface/share/rtc_interface/cmake/ament_cmake_export_libraries-extras.cmake
[11.721s] -- Symlinking: /autoware/install/rtc_interface/share/rtc_interface/cmake/rtc_interfaceConfig.cmake
[11.721s] -- Symlinking: /autoware/install/rtc_interface/share/rtc_interface/cmake/rtc_interfaceConfig-version.cmake
[11.721s] -- Symlinking: /autoware/install/rtc_interface/share/rtc_interface/package.xml
[11.745s] Invoked command in '/autoware/build/rtc_interface' returned '0': AMENT_PREFIX_PATH=/autoware/install/tier4_rtc_msgs:/autoware/install/autoware_lint_common:${AMENT_PREFIX_PATH} CMAKE_PREFIX_PATH=/autoware/install/tier4_rtc_msgs:/autoware/install/autoware_lint_common:/opt/ros/humble LD_LIBRARY_PATH=/autoware/install/tier4_rtc_msgs/lib:${LD_LIBRARY_PATH} PYTHONPATH=/autoware/install/tier4_rtc_msgs/local/lib/python3.10/dist-packages:${PYTHONPATH} /usr/bin/cmake --install /autoware/build/rtc_interface
