-- The C compiler identification is GNU 11.3.0
-- The CXX compiler identification is GNU 11.3.0
-- Detecting C compiler ABI info
-- Detecting C compiler ABI info - done
-- Check for working C compiler: /usr/bin/cc - skipped
-- Detecting C compile features
-- Detecting C compile features - done
-- Detecting CXX compiler ABI info
-- Detecting CXX compiler ABI info - done
-- Check for working CXX compiler: /usr/bin/c++ - skipped
-- Detecting CXX compile features
-- Detecting CXX compile features - done
-- Found ament_cmake_auto: 1.3.2 (/opt/ros/humble/share/ament_cmake_auto/cmake)
-- Found Python3: /usr/bin/python3.10 (found version "3.10.6") found components: Interpreter 
-- Override CMake install command with custom implementation using symlinks instead of copying resources
-- Found rosidl_generator_c: 3.1.3 (/opt/ros/humble/share/rosidl_generator_c/cmake)
-- Found rosidl_adapter: 3.1.3 (/opt/ros/humble/share/rosidl_adapter/cmake)
-- Found rosidl_generator_cpp: 3.1.3 (/opt/ros/humble/share/rosidl_generator_cpp/cmake)
-- Using all available rosidl_typesupport_c: rosidl_typesupport_fastrtps_c;rosidl_typesupport_introspection_c
-- Using all available rosidl_typesupport_cpp: rosidl_typesupport_fastrtps_cpp;rosidl_typesupport_introspection_cpp
-- Found ament_cmake_ros: 0.10.0 (/opt/ros/humble/share/ament_cmake_ros/cmake)
-- Using all available rosidl_typesupport_c: rosidl_typesupport_fastrtps_c;rosidl_typesupport_introspection_c
-- Using all available rosidl_typesupport_cpp: rosidl_typesupport_fastrtps_cpp;rosidl_typesupport_introspection_cpp
-- Found PythonInterp: /usr/bin/python3 (found suitable version "3.10.6", minimum required is "3.6") 
-- Found python_cmake_module: 0.10.0 (/opt/ros/humble/share/python_cmake_module/cmake)
-- Found PythonLibs: /usr/lib/x86_64-linux-gnu/libpython3.10.so (found suitable version "3.10.6", minimum required is "3.5") 
-- Using PYTHON_EXECUTABLE: /usr/bin/python3
-- Using PYTHON_INCLUDE_DIRS: /usr/include/python3.10
-- Using PYTHON_LIBRARIES: /usr/lib/x86_64-linux-gnu/libpython3.10.so
-- Found PythonExtra: .so  
-- Found ament_lint_auto: 0.12.4 (/opt/ros/humble/share/ament_lint_auto/cmake)
-- Added test 'copyright' to check source files copyright and LICENSE
-- Added test 'lint_cmake' to check CMake code style
-- Added test 'xmllint' to check XML markup files
-- Configuring done
-- Generating done
-- Build files have been written to: /autoware/build/tier4_simulation_msgs
[  2%] Generating C code for ROS interfaces
[  5%] Generating C++ code for ROS interfaces
[  5%] Built target ament_cmake_python_symlink_tier4_simulation_msgs
running egg_info
creating tier4_simulation_msgs.egg-info
writing tier4_simulation_msgs.egg-info/PKG-INFO
writing dependency_links to tier4_simulation_msgs.egg-info/dependency_links.txt
writing top-level names to tier4_simulation_msgs.egg-info/top_level.txt
writing manifest file 'tier4_simulation_msgs.egg-info/SOURCES.txt'
reading manifest file 'tier4_simulation_msgs.egg-info/SOURCES.txt'
writing manifest file 'tier4_simulation_msgs.egg-info/SOURCES.txt'
[  5%] Built target ament_cmake_python_build_tier4_simulation_msgs_egg
[  7%] Building C object CMakeFiles/tier4_simulation_msgs__rosidl_generator_c.dir/rosidl_generator_c/tier4_simulation_msgs/msg/detail/simulation_events__functions.c.o
[ 10%] Building C object CMakeFiles/tier4_simulation_msgs__rosidl_generator_c.dir/rosidl_generator_c/tier4_simulation_msgs/msg/detail/fault_injection_event__functions.c.o
[ 10%] Built target tier4_simulation_msgs__cpp
[ 12%] Generating C++ introspection for ROS interfaces
[ 17%] Generating C++ type support dispatch for ROS interfaces
[ 17%] Generating C++ type support for eProsima Fast-RTPS
[ 20%] Linking C shared library libtier4_simulation_msgs__rosidl_generator_c.so
[ 20%] Built target tier4_simulation_msgs__rosidl_generator_c
[ 23%] Generating C type support for eProsima Fast-RTPS
[ 25%] Generating C type support dispatch for ROS interfaces
[ 28%] Generating C introspection for ROS interfaces
[ 30%] Building CXX object CMakeFiles/tier4_simulation_msgs__rosidl_typesupport_cpp.dir/rosidl_typesupport_cpp/tier4_simulation_msgs/msg/fault_injection_event__type_support.cpp.o
[ 33%] Building CXX object CMakeFiles/tier4_simulation_msgs__rosidl_typesupport_cpp.dir/rosidl_typesupport_cpp/tier4_simulation_msgs/msg/simulation_events__type_support.cpp.o
[ 35%] Building CXX object CMakeFiles/tier4_simulation_msgs__rosidl_typesupport_introspection_cpp.dir/rosidl_typesupport_introspection_cpp/tier4_simulation_msgs/msg/detail/fault_injection_event__type_support.cpp.o
[ 38%] Building CXX object CMakeFiles/tier4_simulation_msgs__rosidl_typesupport_introspection_cpp.dir/rosidl_typesupport_introspection_cpp/tier4_simulation_msgs/msg/detail/simulation_events__type_support.cpp.o
[ 41%] Building CXX object CMakeFiles/tier4_simulation_msgs__rosidl_typesupport_fastrtps_cpp.dir/rosidl_typesupport_fastrtps_cpp/tier4_simulation_msgs/msg/detail/dds_fastrtps/fault_injection_event__type_support.cpp.o
[ 43%] Building CXX object CMakeFiles/tier4_simulation_msgs__rosidl_typesupport_fastrtps_cpp.dir/rosidl_typesupport_fastrtps_cpp/tier4_simulation_msgs/msg/detail/dds_fastrtps/simulation_events__type_support.cpp.o
[ 46%] Building CXX object CMakeFiles/tier4_simulation_msgs__rosidl_typesupport_c.dir/rosidl_typesupport_c/tier4_simulation_msgs/msg/fault_injection_event__type_support.cpp.o
[ 48%] Building CXX object CMakeFiles/tier4_simulation_msgs__rosidl_typesupport_c.dir/rosidl_typesupport_c/tier4_simulation_msgs/msg/simulation_events__type_support.cpp.o
[ 51%] Building C object CMakeFiles/tier4_simulation_msgs__rosidl_typesupport_introspection_c.dir/rosidl_typesupport_introspection_c/tier4_simulation_msgs/msg/detail/fault_injection_event__type_support.c.o
[ 53%] Building C object CMakeFiles/tier4_simulation_msgs__rosidl_typesupport_introspection_c.dir/rosidl_typesupport_introspection_c/tier4_simulation_msgs/msg/detail/simulation_events__type_support.c.o
[ 56%] Building CXX object CMakeFiles/tier4_simulation_msgs__rosidl_typesupport_fastrtps_c.dir/rosidl_typesupport_fastrtps_c/tier4_simulation_msgs/msg/detail/simulation_events__type_support_c.cpp.o
[ 58%] Building CXX object CMakeFiles/tier4_simulation_msgs__rosidl_typesupport_fastrtps_c.dir/rosidl_typesupport_fastrtps_c/tier4_simulation_msgs/msg/detail/fault_injection_event__type_support_c.cpp.o
[ 61%] Linking CXX shared library libtier4_simulation_msgs__rosidl_typesupport_c.so
[ 64%] Linking C shared library libtier4_simulation_msgs__rosidl_typesupport_introspection_c.so
[ 64%] Built target tier4_simulation_msgs__rosidl_typesupport_c
[ 64%] Built target tier4_simulation_msgs__rosidl_typesupport_introspection_c
[ 66%] Linking CXX shared library libtier4_simulation_msgs__rosidl_typesupport_cpp.so
[ 66%] Built target tier4_simulation_msgs__rosidl_typesupport_cpp
[ 69%] Linking CXX shared library libtier4_simulation_msgs__rosidl_typesupport_introspection_cpp.so
[ 71%] Linking CXX shared library libtier4_simulation_msgs__rosidl_typesupport_fastrtps_c.so
[ 74%] Linking CXX shared library libtier4_simulation_msgs__rosidl_typesupport_fastrtps_cpp.so
[ 74%] Built target tier4_simulation_msgs__rosidl_typesupport_introspection_cpp
[ 74%] Built target tier4_simulation_msgs__rosidl_typesupport_fastrtps_c
[ 74%] Built target tier4_simulation_msgs__rosidl_typesupport_fastrtps_cpp
[ 74%] Built target tier4_simulation_msgs
[ 76%] Generating Python code for ROS interfaces
[ 76%] Built target tier4_simulation_msgs__py
[ 79%] Building C object CMakeFiles/tier4_simulation_msgs__rosidl_generator_py.dir/rosidl_generator_py/tier4_simulation_msgs/msg/_fault_injection_event_s.c.o
[ 82%] Building C object CMakeFiles/tier4_simulation_msgs__rosidl_generator_py.dir/rosidl_generator_py/tier4_simulation_msgs/msg/_simulation_events_s.c.o
[ 84%] Linking C shared library rosidl_generator_py/tier4_simulation_msgs/libtier4_simulation_msgs__rosidl_generator_py.so
[ 84%] Built target tier4_simulation_msgs__rosidl_generator_py
[ 87%] Building C object CMakeFiles/tier4_simulation_msgs__rosidl_typesupport_fastrtps_c__pyext.dir/rosidl_generator_py/tier4_simulation_msgs/_tier4_simulation_msgs_s.ep.rosidl_typesupport_fastrtps_c.c.o
[ 89%] Building C object CMakeFiles/tier4_simulation_msgs__rosidl_typesupport_introspection_c__pyext.dir/rosidl_generator_py/tier4_simulation_msgs/_tier4_simulation_msgs_s.ep.rosidl_typesupport_introspection_c.c.o
[ 92%] Building C object CMakeFiles/tier4_simulation_msgs__rosidl_typesupport_c__pyext.dir/rosidl_generator_py/tier4_simulation_msgs/_tier4_simulation_msgs_s.ep.rosidl_typesupport_c.c.o
[ 94%] Linking C shared library rosidl_generator_py/tier4_simulation_msgs/tier4_simulation_msgs_s__rosidl_typesupport_introspection_c.cpython-310-x86_64-linux-gnu.so
[ 94%] Built target tier4_simulation_msgs__rosidl_typesupport_introspection_c__pyext
[ 97%] Linking C shared library rosidl_generator_py/tier4_simulation_msgs/tier4_simulation_msgs_s__rosidl_typesupport_fastrtps_c.cpython-310-x86_64-linux-gnu.so
[100%] Linking C shared library rosidl_generator_py/tier4_simulation_msgs/tier4_simulation_msgs_s__rosidl_typesupport_c.cpython-310-x86_64-linux-gnu.so
[100%] Built target tier4_simulation_msgs__rosidl_typesupport_fastrtps_c__pyext
[100%] Built target tier4_simulation_msgs__rosidl_typesupport_c__pyext
-- Install configuration: "Release"
-- Execute custom install script
-- Symlinking: /autoware/install/tier4_simulation_msgs/share/ament_index/resource_index/rosidl_interfaces/tier4_simulation_msgs
-- Symlinking: /autoware/install/tier4_simulation_msgs/include/tier4_simulation_msgs/tier4_simulation_msgs/msg/detail/fault_injection_event__functions.h
-- Symlinking: /autoware/install/tier4_simulation_msgs/include/tier4_simulation_msgs/tier4_simulation_msgs/msg/detail/fault_injection_event__struct.h
-- Symlinking: /autoware/install/tier4_simulation_msgs/include/tier4_simulation_msgs/tier4_simulation_msgs/msg/detail/fault_injection_event__type_support.h
-- Symlinking: /autoware/install/tier4_simulation_msgs/include/tier4_simulation_msgs/tier4_simulation_msgs/msg/detail/simulation_events__functions.h
-- Symlinking: /autoware/install/tier4_simulation_msgs/include/tier4_simulation_msgs/tier4_simulation_msgs/msg/detail/simulation_events__struct.h
-- Symlinking: /autoware/install/tier4_simulation_msgs/include/tier4_simulation_msgs/tier4_simulation_msgs/msg/detail/simulation_events__type_support.h
-- Symlinking: /autoware/install/tier4_simulation_msgs/include/tier4_simulation_msgs/tier4_simulation_msgs/msg/fault_injection_event.h
-- Symlinking: /autoware/install/tier4_simulation_msgs/include/tier4_simulation_msgs/tier4_simulation_msgs/msg/rosidl_generator_c__visibility_control.h
-- Symlinking: /autoware/install/tier4_simulation_msgs/include/tier4_simulation_msgs/tier4_simulation_msgs/msg/simulation_events.h
-- Symlinking: /autoware/install/tier4_simulation_msgs/share/tier4_simulation_msgs/environment/library_path.sh
-- Symlinking: /autoware/install/tier4_simulation_msgs/share/tier4_simulation_msgs/environment/library_path.dsv
-- Symlinking: /autoware/install/tier4_simulation_msgs/include/tier4_simulation_msgs/tier4_simulation_msgs/msg/detail/fault_injection_event__rosidl_typesupport_fastrtps_c.h
-- Symlinking: /autoware/install/tier4_simulation_msgs/include/tier4_simulation_msgs/tier4_simulation_msgs/msg/detail/simulation_events__rosidl_typesupport_fastrtps_c.h
-- Symlinking: /autoware/install/tier4_simulation_msgs/include/tier4_simulation_msgs/tier4_simulation_msgs/msg/rosidl_typesupport_fastrtps_c__visibility_control.h
-- Symlinking: /autoware/install/tier4_simulation_msgs/include/tier4_simulation_msgs/tier4_simulation_msgs/msg/detail/fault_injection_event__builder.hpp
-- Symlinking: /autoware/install/tier4_simulation_msgs/include/tier4_simulation_msgs/tier4_simulation_msgs/msg/detail/fault_injection_event__struct.hpp
-- Symlinking: /autoware/install/tier4_simulation_msgs/include/tier4_simulation_msgs/tier4_simulation_msgs/msg/detail/fault_injection_event__traits.hpp
-- Symlinking: /autoware/install/tier4_simulation_msgs/include/tier4_simulation_msgs/tier4_simulation_msgs/msg/detail/simulation_events__builder.hpp
-- Symlinking: /autoware/install/tier4_simulation_msgs/include/tier4_simulation_msgs/tier4_simulation_msgs/msg/detail/simulation_events__struct.hpp
-- Symlinking: /autoware/install/tier4_simulation_msgs/include/tier4_simulation_msgs/tier4_simulation_msgs/msg/detail/simulation_events__traits.hpp
-- Symlinking: /autoware/install/tier4_simulation_msgs/include/tier4_simulation_msgs/tier4_simulation_msgs/msg/fault_injection_event.hpp
-- Symlinking: /autoware/install/tier4_simulation_msgs/include/tier4_simulation_msgs/tier4_simulation_msgs/msg/simulation_events.hpp
-- Symlinking: /autoware/install/tier4_simulation_msgs/include/tier4_simulation_msgs/tier4_simulation_msgs/msg/detail/fault_injection_event__rosidl_typesupport_fastrtps_cpp.hpp
-- Symlinking: /autoware/install/tier4_simulation_msgs/include/tier4_simulation_msgs/tier4_simulation_msgs/msg/detail/simulation_events__rosidl_typesupport_fastrtps_cpp.hpp
-- Symlinking: /autoware/install/tier4_simulation_msgs/include/tier4_simulation_msgs/tier4_simulation_msgs/msg/rosidl_typesupport_fastrtps_cpp__visibility_control.h
-- Symlinking: /autoware/install/tier4_simulation_msgs/include/tier4_simulation_msgs/tier4_simulation_msgs/msg/detail/fault_injection_event__rosidl_typesupport_introspection_c.h
-- Symlinking: /autoware/install/tier4_simulation_msgs/include/tier4_simulation_msgs/tier4_simulation_msgs/msg/detail/simulation_events__rosidl_typesupport_introspection_c.h
-- Symlinking: /autoware/install/tier4_simulation_msgs/include/tier4_simulation_msgs/tier4_simulation_msgs/msg/rosidl_typesupport_introspection_c__visibility_control.h
-- Symlinking: /autoware/install/tier4_simulation_msgs/include/tier4_simulation_msgs/tier4_simulation_msgs/msg/detail/fault_injection_event__rosidl_typesupport_introspection_cpp.hpp
-- Symlinking: /autoware/install/tier4_simulation_msgs/include/tier4_simulation_msgs/tier4_simulation_msgs/msg/detail/simulation_events__rosidl_typesupport_introspection_cpp.hpp
-- Symlinking: /autoware/install/tier4_simulation_msgs/share/tier4_simulation_msgs/environment/pythonpath.sh
-- Symlinking: /autoware/install/tier4_simulation_msgs/share/tier4_simulation_msgs/environment/pythonpath.dsv
-- Symlinking: /autoware/install/tier4_simulation_msgs/local/lib/python3.10/dist-packages/tier4_simulation_msgs-0.1.0-py3.10.egg-info/PKG-INFO
-- Symlinking: /autoware/install/tier4_simulation_msgs/local/lib/python3.10/dist-packages/tier4_simulation_msgs-0.1.0-py3.10.egg-info/SOURCES.txt
-- Symlinking: /autoware/install/tier4_simulation_msgs/local/lib/python3.10/dist-packages/tier4_simulation_msgs-0.1.0-py3.10.egg-info/dependency_links.txt
-- Symlinking: /autoware/install/tier4_simulation_msgs/local/lib/python3.10/dist-packages/tier4_simulation_msgs-0.1.0-py3.10.egg-info/top_level.txt
-- Symlinking: /autoware/install/tier4_simulation_msgs/local/lib/python3.10/dist-packages/tier4_simulation_msgs/__init__.py
-- Symlinking: /autoware/install/tier4_simulation_msgs/local/lib/python3.10/dist-packages/tier4_simulation_msgs/_tier4_simulation_msgs_s.ep.rosidl_typesupport_c.c
-- Symlinking: /autoware/install/tier4_simulation_msgs/local/lib/python3.10/dist-packages/tier4_simulation_msgs/_tier4_simulation_msgs_s.ep.rosidl_typesupport_fastrtps_c.c
-- Symlinking: /autoware/install/tier4_simulation_msgs/local/lib/python3.10/dist-packages/tier4_simulation_msgs/_tier4_simulation_msgs_s.ep.rosidl_typesupport_introspection_c.c
-- Symlinking: /autoware/install/tier4_simulation_msgs/local/lib/python3.10/dist-packages/tier4_simulation_msgs/libtier4_simulation_msgs__rosidl_generator_py.so
-- Symlinking: /autoware/install/tier4_simulation_msgs/local/lib/python3.10/dist-packages/tier4_simulation_msgs/msg/__init__.py
-- Symlinking: /autoware/install/tier4_simulation_msgs/local/lib/python3.10/dist-packages/tier4_simulation_msgs/msg/_fault_injection_event.py
-- Symlinking: /autoware/install/tier4_simulation_msgs/local/lib/python3.10/dist-packages/tier4_simulation_msgs/msg/_fault_injection_event_s.c
-- Symlinking: /autoware/install/tier4_simulation_msgs/local/lib/python3.10/dist-packages/tier4_simulation_msgs/msg/_simulation_events.py
-- Symlinking: /autoware/install/tier4_simulation_msgs/local/lib/python3.10/dist-packages/tier4_simulation_msgs/msg/_simulation_events_s.c
-- Symlinking: /autoware/install/tier4_simulation_msgs/local/lib/python3.10/dist-packages/tier4_simulation_msgs/tier4_simulation_msgs_s__rosidl_typesupport_c.cpython-310-x86_64-linux-gnu.so
-- Symlinking: /autoware/install/tier4_simulation_msgs/local/lib/python3.10/dist-packages/tier4_simulation_msgs/tier4_simulation_msgs_s__rosidl_typesupport_fastrtps_c.cpython-310-x86_64-linux-gnu.so
-- Symlinking: /autoware/install/tier4_simulation_msgs/local/lib/python3.10/dist-packages/tier4_simulation_msgs/tier4_simulation_msgs_s__rosidl_typesupport_introspection_c.cpython-310-x86_64-linux-gnu.so
-- Up-to-date symlink: /autoware/install/tier4_simulation_msgs/local/lib/python3.10/dist-packages/tier4_simulation_msgs/tier4_simulation_msgs_s__rosidl_typesupport_fastrtps_c.cpython-310-x86_64-linux-gnu.so
-- Up-to-date symlink: /autoware/install/tier4_simulation_msgs/local/lib/python3.10/dist-packages/tier4_simulation_msgs/tier4_simulation_msgs_s__rosidl_typesupport_introspection_c.cpython-310-x86_64-linux-gnu.so
-- Up-to-date symlink: /autoware/install/tier4_simulation_msgs/local/lib/python3.10/dist-packages/tier4_simulation_msgs/tier4_simulation_msgs_s__rosidl_typesupport_c.cpython-310-x86_64-linux-gnu.so
-- Symlinking: /autoware/install/tier4_simulation_msgs/share/tier4_simulation_msgs/msg/FaultInjectionEvent.idl
-- Symlinking: /autoware/install/tier4_simulation_msgs/share/tier4_simulation_msgs/msg/SimulationEvents.idl
-- Symlinking: /autoware/install/tier4_simulation_msgs/share/tier4_simulation_msgs/msg/FaultInjectionEvent.msg
-- Symlinking: /autoware/install/tier4_simulation_msgs/share/tier4_simulation_msgs/msg/SimulationEvents.msg
-- Symlinking: /autoware/install/tier4_simulation_msgs/share/ament_index/resource_index/package_run_dependencies/tier4_simulation_msgs
-- Symlinking: /autoware/install/tier4_simulation_msgs/share/ament_index/resource_index/parent_prefix_path/tier4_simulation_msgs
-- Symlinking: /autoware/install/tier4_simulation_msgs/share/tier4_simulation_msgs/environment/ament_prefix_path.sh
-- Symlinking: /autoware/install/tier4_simulation_msgs/share/tier4_simulation_msgs/environment/ament_prefix_path.dsv
-- Symlinking: /autoware/install/tier4_simulation_msgs/share/tier4_simulation_msgs/environment/path.sh
-- Symlinking: /autoware/install/tier4_simulation_msgs/share/tier4_simulation_msgs/environment/path.dsv
-- Symlinking: /autoware/install/tier4_simulation_msgs/share/tier4_simulation_msgs/local_setup.bash
-- Symlinking: /autoware/install/tier4_simulation_msgs/share/tier4_simulation_msgs/local_setup.sh
-- Symlinking: /autoware/install/tier4_simulation_msgs/share/tier4_simulation_msgs/local_setup.zsh
-- Symlinking: /autoware/install/tier4_simulation_msgs/share/tier4_simulation_msgs/local_setup.dsv
-- Symlinking: /autoware/install/tier4_simulation_msgs/share/tier4_simulation_msgs/package.dsv
-- Symlinking: /autoware/install/tier4_simulation_msgs/share/ament_index/resource_index/packages/tier4_simulation_msgs
-- Symlinking: /autoware/install/tier4_simulation_msgs/share/tier4_simulation_msgs/cmake/rosidl_cmake-extras.cmake
-- Symlinking: /autoware/install/tier4_simulation_msgs/share/tier4_simulation_msgs/cmake/ament_cmake_export_dependencies-extras.cmake
-- Symlinking: /autoware/install/tier4_simulation_msgs/share/tier4_simulation_msgs/cmake/ament_cmake_export_include_directories-extras.cmake
-- Symlinking: /autoware/install/tier4_simulation_msgs/share/tier4_simulation_msgs/cmake/ament_cmake_export_libraries-extras.cmake
-- Symlinking: /autoware/install/tier4_simulation_msgs/share/tier4_simulation_msgs/cmake/ament_cmake_export_targets-extras.cmake
-- Symlinking: /autoware/install/tier4_simulation_msgs/share/tier4_simulation_msgs/cmake/rosidl_cmake_export_typesupport_targets-extras.cmake
-- Symlinking: /autoware/install/tier4_simulation_msgs/share/tier4_simulation_msgs/cmake/rosidl_cmake_export_typesupport_libraries-extras.cmake
-- Symlinking: /autoware/install/tier4_simulation_msgs/share/tier4_simulation_msgs/cmake/tier4_simulation_msgsConfig.cmake
-- Symlinking: /autoware/install/tier4_simulation_msgs/share/tier4_simulation_msgs/cmake/tier4_simulation_msgsConfig-version.cmake
-- Symlinking: /autoware/install/tier4_simulation_msgs/share/tier4_simulation_msgs/package.xml
-- Installing: /autoware/install/tier4_simulation_msgs/lib/libtier4_simulation_msgs__rosidl_generator_c.so
-- Set runtime path of "/autoware/install/tier4_simulation_msgs/lib/libtier4_simulation_msgs__rosidl_generator_c.so" to ""
-- Installing: /autoware/install/tier4_simulation_msgs/lib/libtier4_simulation_msgs__rosidl_typesupport_fastrtps_c.so
-- Set runtime path of "/autoware/install/tier4_simulation_msgs/lib/libtier4_simulation_msgs__rosidl_typesupport_fastrtps_c.so" to ""
-- Installing: /autoware/install/tier4_simulation_msgs/lib/libtier4_simulation_msgs__rosidl_typesupport_fastrtps_cpp.so
-- Set runtime path of "/autoware/install/tier4_simulation_msgs/lib/libtier4_simulation_msgs__rosidl_typesupport_fastrtps_cpp.so" to ""
-- Installing: /autoware/install/tier4_simulation_msgs/lib/libtier4_simulation_msgs__rosidl_typesupport_introspection_c.so
-- Set runtime path of "/autoware/install/tier4_simulation_msgs/lib/libtier4_simulation_msgs__rosidl_typesupport_introspection_c.so" to ""
-- Installing: /autoware/install/tier4_simulation_msgs/lib/libtier4_simulation_msgs__rosidl_typesupport_c.so
-- Set runtime path of "/autoware/install/tier4_simulation_msgs/lib/libtier4_simulation_msgs__rosidl_typesupport_c.so" to ""
-- Installing: /autoware/install/tier4_simulation_msgs/lib/libtier4_simulation_msgs__rosidl_typesupport_introspection_cpp.so
-- Set runtime path of "/autoware/install/tier4_simulation_msgs/lib/libtier4_simulation_msgs__rosidl_typesupport_introspection_cpp.so" to ""
-- Installing: /autoware/install/tier4_simulation_msgs/lib/libtier4_simulation_msgs__rosidl_typesupport_cpp.so
-- Set runtime path of "/autoware/install/tier4_simulation_msgs/lib/libtier4_simulation_msgs__rosidl_typesupport_cpp.so" to ""
Listing '/autoware/install/tier4_simulation_msgs/local/lib/python3.10/dist-packages/tier4_simulation_msgs'...
Compiling '/autoware/install/tier4_simulation_msgs/local/lib/python3.10/dist-packages/tier4_simulation_msgs/__init__.py'...
Listing '/autoware/install/tier4_simulation_msgs/local/lib/python3.10/dist-packages/tier4_simulation_msgs/msg'...
Compiling '/autoware/install/tier4_simulation_msgs/local/lib/python3.10/dist-packages/tier4_simulation_msgs/msg/__init__.py'...
Compiling '/autoware/install/tier4_simulation_msgs/local/lib/python3.10/dist-packages/tier4_simulation_msgs/msg/_fault_injection_event.py'...
Compiling '/autoware/install/tier4_simulation_msgs/local/lib/python3.10/dist-packages/tier4_simulation_msgs/msg/_simulation_events.py'...
-- Installing: /autoware/install/tier4_simulation_msgs/lib/libtier4_simulation_msgs__rosidl_generator_py.so
-- Set runtime path of "/autoware/install/tier4_simulation_msgs/lib/libtier4_simulation_msgs__rosidl_generator_py.so" to ""
-- Installing: /autoware/install/tier4_simulation_msgs/share/tier4_simulation_msgs/cmake/export_tier4_simulation_msgs__rosidl_generator_cExport.cmake
-- Installing: /autoware/install/tier4_simulation_msgs/share/tier4_simulation_msgs/cmake/export_tier4_simulation_msgs__rosidl_generator_cExport-release.cmake
-- Installing: /autoware/install/tier4_simulation_msgs/share/tier4_simulation_msgs/cmake/export_tier4_simulation_msgs__rosidl_typesupport_fastrtps_cExport.cmake
-- Installing: /autoware/install/tier4_simulation_msgs/share/tier4_simulation_msgs/cmake/export_tier4_simulation_msgs__rosidl_typesupport_fastrtps_cExport-release.cmake
-- Installing: /autoware/install/tier4_simulation_msgs/share/tier4_simulation_msgs/cmake/export_tier4_simulation_msgs__rosidl_generator_cppExport.cmake
-- Installing: /autoware/install/tier4_simulation_msgs/share/tier4_simulation_msgs/cmake/export_tier4_simulation_msgs__rosidl_typesupport_fastrtps_cppExport.cmake
-- Installing: /autoware/install/tier4_simulation_msgs/share/tier4_simulation_msgs/cmake/export_tier4_simulation_msgs__rosidl_typesupport_fastrtps_cppExport-release.cmake
-- Installing: /autoware/install/tier4_simulation_msgs/share/tier4_simulation_msgs/cmake/tier4_simulation_msgs__rosidl_typesupport_introspection_cExport.cmake
-- Installing: /autoware/install/tier4_simulation_msgs/share/tier4_simulation_msgs/cmake/tier4_simulation_msgs__rosidl_typesupport_introspection_cExport-release.cmake
-- Installing: /autoware/install/tier4_simulation_msgs/share/tier4_simulation_msgs/cmake/tier4_simulation_msgs__rosidl_typesupport_cExport.cmake
-- Installing: /autoware/install/tier4_simulation_msgs/share/tier4_simulation_msgs/cmake/tier4_simulation_msgs__rosidl_typesupport_cExport-release.cmake
-- Installing: /autoware/install/tier4_simulation_msgs/share/tier4_simulation_msgs/cmake/tier4_simulation_msgs__rosidl_typesupport_introspection_cppExport.cmake
-- Installing: /autoware/install/tier4_simulation_msgs/share/tier4_simulation_msgs/cmake/tier4_simulation_msgs__rosidl_typesupport_introspection_cppExport-release.cmake
-- Installing: /autoware/install/tier4_simulation_msgs/share/tier4_simulation_msgs/cmake/tier4_simulation_msgs__rosidl_typesupport_cppExport.cmake
-- Installing: /autoware/install/tier4_simulation_msgs/share/tier4_simulation_msgs/cmake/tier4_simulation_msgs__rosidl_typesupport_cppExport-release.cmake
-- Installing: /autoware/install/tier4_simulation_msgs/share/tier4_simulation_msgs/cmake/export_tier4_simulation_msgs__rosidl_generator_pyExport.cmake
-- Installing: /autoware/install/tier4_simulation_msgs/share/tier4_simulation_msgs/cmake/export_tier4_simulation_msgs__rosidl_generator_pyExport-release.cmake
