[0.054s] Invoking command in '/autoware/build/default_ad_api': AMENT_PREFIX_PATH=/autoware/install/motion_utils:/autoware/install/interpolation:/autoware/install/tier4_autoware_utils:/autoware/install/component_interface_utils:/autoware/install/autoware_auto_vehicle_msgs:/autoware/install/tier4_system_msgs:/autoware/install/tier4_control_msgs:/autoware/install/component_interface_specs:/autoware/install/autoware_planning_msgs:/autoware/install/autoware_auto_planning_msgs:/autoware/install/autoware_auto_perception_msgs:/autoware/install/autoware_ad_api_specs:/autoware/install/tier4_debug_msgs:/autoware/install/autoware_common_msgs:/autoware/install/autoware_cmake:/autoware/install/autoware_auto_system_msgs:/autoware/install/autoware_auto_mapping_msgs:/autoware/install/autoware_auto_geometry_msgs:/autoware/install/autoware_adapi_version_msgs:/autoware/install/autoware_adapi_v1_msgs:/autoware/install/autoware_lint_common:/autoware/install/ament_cmake_auto:${AMENT_PREFIX_PATH} CMAKE_PREFIX_PATH=/autoware/install/motion_utils:/autoware/install/interpolation:/autoware/install/tier4_autoware_utils:/autoware/install/component_interface_utils:/autoware/install/autoware_auto_vehicle_msgs:/autoware/install/tier4_system_msgs:/autoware/install/tier4_control_msgs:/autoware/install/component_interface_specs:/autoware/install/autoware_planning_msgs:/autoware/install/autoware_auto_planning_msgs:/autoware/install/autoware_auto_perception_msgs:/autoware/install/autoware_ad_api_specs:/autoware/install/tier4_debug_msgs:/autoware/install/autoware_common_msgs:/autoware/install/autoware_cmake:/autoware/install/autoware_auto_system_msgs:/autoware/install/autoware_auto_mapping_msgs:/autoware/install/autoware_auto_geometry_msgs:/autoware/install/autoware_adapi_version_msgs:/autoware/install/autoware_adapi_v1_msgs:/autoware/install/autoware_lint_common:/autoware/install/ament_cmake_auto:/opt/ros/humble LD_LIBRARY_PATH=/autoware/install/motion_utils/lib:/autoware/install/interpolation/lib:/autoware/install/tier4_autoware_utils/lib:/autoware/install/autoware_auto_vehicle_msgs/lib:/autoware/install/tier4_system_msgs/lib:/autoware/install/tier4_control_msgs/lib:/autoware/install/autoware_planning_msgs/lib:/autoware/install/autoware_auto_planning_msgs/lib:/autoware/install/autoware_auto_perception_msgs/lib:/autoware/install/tier4_debug_msgs/lib:/autoware/install/autoware_common_msgs/lib:/autoware/install/autoware_auto_system_msgs/lib:/autoware/install/autoware_auto_mapping_msgs/lib:/autoware/install/autoware_auto_geometry_msgs/lib:/autoware/install/autoware_adapi_version_msgs/lib:/autoware/install/autoware_adapi_v1_msgs/lib:${LD_LIBRARY_PATH} PYTHONPATH=/autoware/install/autoware_auto_vehicle_msgs/local/lib/python3.10/dist-packages:/autoware/install/tier4_system_msgs/local/lib/python3.10/dist-packages:/autoware/install/tier4_control_msgs/local/lib/python3.10/dist-packages:/autoware/install/autoware_planning_msgs/local/lib/python3.10/dist-packages:/autoware/install/autoware_auto_planning_msgs/local/lib/python3.10/dist-packages:/autoware/install/autoware_auto_perception_msgs/local/lib/python3.10/dist-packages:/autoware/install/tier4_debug_msgs/local/lib/python3.10/dist-packages:/autoware/install/autoware_common_msgs/local/lib/python3.10/dist-packages:/autoware/install/autoware_auto_system_msgs/local/lib/python3.10/dist-packages:/autoware/install/autoware_auto_mapping_msgs/local/lib/python3.10/dist-packages:/autoware/install/autoware_auto_geometry_msgs/local/lib/python3.10/dist-packages:/autoware/install/autoware_adapi_version_msgs/local/lib/python3.10/dist-packages:/autoware/install/autoware_adapi_v1_msgs/local/lib/python3.10/dist-packages:${PYTHONPATH} /usr/bin/cmake --build /autoware/build/default_ad_api -- -j64 -l64
[0.118s] -- Found autoware_cmake: 0.1.0 (/autoware/install/autoware_cmake/share/autoware_cmake/cmake)
[0.118s] -- Found ament_cmake_auto: 1.3.2 (/opt/ros/humble/share/ament_cmake_auto/cmake)
[0.247s] -- Override CMake install command with custom implementation using symlinks instead of copying resources
[0.364s] -- Found rosidl_generator_c: 3.1.3 (/opt/ros/humble/share/rosidl_generator_c/cmake)
[0.367s] -- Found rosidl_adapter: 3.1.3 (/opt/ros/humble/share/rosidl_adapter/cmake)
[0.375s] -- Found rosidl_generator_cpp: 3.1.3 (/opt/ros/humble/share/rosidl_generator_cpp/cmake)
[0.391s] -- Using all available rosidl_typesupport_c: rosidl_typesupport_fastrtps_c;rosidl_typesupport_introspection_c
[0.412s] -- Using all available rosidl_typesupport_cpp: rosidl_typesupport_fastrtps_cpp;rosidl_typesupport_introspection_cpp
[1.631s] -- Found rmw_implementation_cmake: 6.1.0 (/opt/ros/humble/share/rmw_implementation_cmake/cmake)
[1.632s] -- Found rmw_fastrtps_cpp: 6.2.1 (/opt/ros/humble/share/rmw_fastrtps_cpp/cmake)
[1.800s] -- Using RMW implementation 'rmw_fastrtps_cpp' as default
[2.698s] -- Found eigen3_cmake_module: 0.1.1 (/opt/ros/humble/share/eigen3_cmake_module/cmake)
[2.699s] -- Ensuring Eigen3 include directory is part of orocos-kdl CMake target
[4.875s] -- Found ament_lint_auto: 0.12.4 (/opt/ros/humble/share/ament_lint_auto/cmake)
[4.894s] -- Found python_cmake_module: 0.10.0 (/opt/ros/humble/share/python_cmake_module/cmake)
[4.920s] -- Using PYTHON_EXECUTABLE: /usr/bin/python3
[4.921s] -- Using PYTHON_INCLUDE_DIRS: /usr/include/python3.10
[4.921s] -- Using PYTHON_LIBRARIES: /usr/lib/x86_64-linux-gnu/libpython3.10.so
[6.440s] -- Added test 'copyright' to check source files copyright and LICENSE
[6.443s] -- Added test 'cppcheck' to perform static code analysis on C / C++ code
[6.443s] -- Configured cppcheck include dirs: 
[6.443s] -- Configured cppcheck exclude dirs and/or files: 
[6.444s] -- Added test 'lint_cmake' to check CMake code style
[6.444s] -- Added test 'xmllint' to check XML markup files
[6.448s] -- Configuring done
[6.503s] -- Generating done
[6.505s] -- Build files have been written to: /autoware/build/default_ad_api
[6.555s] Consolidate compiler generated dependencies of target default_ad_api
[6.575s] [ 10%] Building CXX object CMakeFiles/default_ad_api.dir/src/fail_safe.cpp.o
[6.576s] [ 20%] Building CXX object CMakeFiles/default_ad_api.dir/src/interface.cpp.o
[6.577s] [ 30%] Building CXX object CMakeFiles/default_ad_api.dir/src/motion.cpp.o
[6.577s] [ 40%] Building CXX object CMakeFiles/default_ad_api.dir/src/localization.cpp.o
[6.578s] [ 50%] Building CXX object CMakeFiles/default_ad_api.dir/src/operation_mode.cpp.o
[6.579s] [ 60%] Building CXX object CMakeFiles/default_ad_api.dir/src/planning.cpp.o
[6.579s] [ 70%] Building CXX object CMakeFiles/default_ad_api.dir/src/compatibility/autoware_state.cpp.o
[6.580s] [ 80%] Building CXX object CMakeFiles/default_ad_api.dir/src/routing.cpp.o
[6.580s] [ 90%] Building CXX object CMakeFiles/default_ad_api.dir/src/utils/route_conversion.cpp.o
[36.961s] [100%] Linking CXX shared library libdefault_ad_api.so
[37.729s] [100%] Built target default_ad_api
[37.738s] Invoked command in '/autoware/build/default_ad_api' returned '0': AMENT_PREFIX_PATH=/autoware/install/motion_utils:/autoware/install/interpolation:/autoware/install/tier4_autoware_utils:/autoware/install/component_interface_utils:/autoware/install/autoware_auto_vehicle_msgs:/autoware/install/tier4_system_msgs:/autoware/install/tier4_control_msgs:/autoware/install/component_interface_specs:/autoware/install/autoware_planning_msgs:/autoware/install/autoware_auto_planning_msgs:/autoware/install/autoware_auto_perception_msgs:/autoware/install/autoware_ad_api_specs:/autoware/install/tier4_debug_msgs:/autoware/install/autoware_common_msgs:/autoware/install/autoware_cmake:/autoware/install/autoware_auto_system_msgs:/autoware/install/autoware_auto_mapping_msgs:/autoware/install/autoware_auto_geometry_msgs:/autoware/install/autoware_adapi_version_msgs:/autoware/install/autoware_adapi_v1_msgs:/autoware/install/autoware_lint_common:/autoware/install/ament_cmake_auto:${AMENT_PREFIX_PATH} CMAKE_PREFIX_PATH=/autoware/install/motion_utils:/autoware/install/interpolation:/autoware/install/tier4_autoware_utils:/autoware/install/component_interface_utils:/autoware/install/autoware_auto_vehicle_msgs:/autoware/install/tier4_system_msgs:/autoware/install/tier4_control_msgs:/autoware/install/component_interface_specs:/autoware/install/autoware_planning_msgs:/autoware/install/autoware_auto_planning_msgs:/autoware/install/autoware_auto_perception_msgs:/autoware/install/autoware_ad_api_specs:/autoware/install/tier4_debug_msgs:/autoware/install/autoware_common_msgs:/autoware/install/autoware_cmake:/autoware/install/autoware_auto_system_msgs:/autoware/install/autoware_auto_mapping_msgs:/autoware/install/autoware_auto_geometry_msgs:/autoware/install/autoware_adapi_version_msgs:/autoware/install/autoware_adapi_v1_msgs:/autoware/install/autoware_lint_common:/autoware/install/ament_cmake_auto:/opt/ros/humble LD_LIBRARY_PATH=/autoware/install/motion_utils/lib:/autoware/install/interpolation/lib:/autoware/install/tier4_autoware_utils/lib:/autoware/install/autoware_auto_vehicle_msgs/lib:/autoware/install/tier4_system_msgs/lib:/autoware/install/tier4_control_msgs/lib:/autoware/install/autoware_planning_msgs/lib:/autoware/install/autoware_auto_planning_msgs/lib:/autoware/install/autoware_auto_perception_msgs/lib:/autoware/install/tier4_debug_msgs/lib:/autoware/install/autoware_common_msgs/lib:/autoware/install/autoware_auto_system_msgs/lib:/autoware/install/autoware_auto_mapping_msgs/lib:/autoware/install/autoware_auto_geometry_msgs/lib:/autoware/install/autoware_adapi_version_msgs/lib:/autoware/install/autoware_adapi_v1_msgs/lib:${LD_LIBRARY_PATH} PYTHONPATH=/autoware/install/autoware_auto_vehicle_msgs/local/lib/python3.10/dist-packages:/autoware/install/tier4_system_msgs/local/lib/python3.10/dist-packages:/autoware/install/tier4_control_msgs/local/lib/python3.10/dist-packages:/autoware/install/autoware_planning_msgs/local/lib/python3.10/dist-packages:/autoware/install/autoware_auto_planning_msgs/local/lib/python3.10/dist-packages:/autoware/install/autoware_auto_perception_msgs/local/lib/python3.10/dist-packages:/autoware/install/tier4_debug_msgs/local/lib/python3.10/dist-packages:/autoware/install/autoware_common_msgs/local/lib/python3.10/dist-packages:/autoware/install/autoware_auto_system_msgs/local/lib/python3.10/dist-packages:/autoware/install/autoware_auto_mapping_msgs/local/lib/python3.10/dist-packages:/autoware/install/autoware_auto_geometry_msgs/local/lib/python3.10/dist-packages:/autoware/install/autoware_adapi_version_msgs/local/lib/python3.10/dist-packages:/autoware/install/autoware_adapi_v1_msgs/local/lib/python3.10/dist-packages:${PYTHONPATH} /usr/bin/cmake --build /autoware/build/default_ad_api -- -j64 -l64
[37.764s] Invoking command in '/autoware/build/default_ad_api': AMENT_PREFIX_PATH=/autoware/install/motion_utils:/autoware/install/interpolation:/autoware/install/tier4_autoware_utils:/autoware/install/component_interface_utils:/autoware/install/autoware_auto_vehicle_msgs:/autoware/install/tier4_system_msgs:/autoware/install/tier4_control_msgs:/autoware/install/component_interface_specs:/autoware/install/autoware_planning_msgs:/autoware/install/autoware_auto_planning_msgs:/autoware/install/autoware_auto_perception_msgs:/autoware/install/autoware_ad_api_specs:/autoware/install/tier4_debug_msgs:/autoware/install/autoware_common_msgs:/autoware/install/autoware_cmake:/autoware/install/autoware_auto_system_msgs:/autoware/install/autoware_auto_mapping_msgs:/autoware/install/autoware_auto_geometry_msgs:/autoware/install/autoware_adapi_version_msgs:/autoware/install/autoware_adapi_v1_msgs:/autoware/install/autoware_lint_common:/autoware/install/ament_cmake_auto:${AMENT_PREFIX_PATH} CMAKE_PREFIX_PATH=/autoware/install/motion_utils:/autoware/install/interpolation:/autoware/install/tier4_autoware_utils:/autoware/install/component_interface_utils:/autoware/install/autoware_auto_vehicle_msgs:/autoware/install/tier4_system_msgs:/autoware/install/tier4_control_msgs:/autoware/install/component_interface_specs:/autoware/install/autoware_planning_msgs:/autoware/install/autoware_auto_planning_msgs:/autoware/install/autoware_auto_perception_msgs:/autoware/install/autoware_ad_api_specs:/autoware/install/tier4_debug_msgs:/autoware/install/autoware_common_msgs:/autoware/install/autoware_cmake:/autoware/install/autoware_auto_system_msgs:/autoware/install/autoware_auto_mapping_msgs:/autoware/install/autoware_auto_geometry_msgs:/autoware/install/autoware_adapi_version_msgs:/autoware/install/autoware_adapi_v1_msgs:/autoware/install/autoware_lint_common:/autoware/install/ament_cmake_auto:/opt/ros/humble LD_LIBRARY_PATH=/autoware/install/motion_utils/lib:/autoware/install/interpolation/lib:/autoware/install/tier4_autoware_utils/lib:/autoware/install/autoware_auto_vehicle_msgs/lib:/autoware/install/tier4_system_msgs/lib:/autoware/install/tier4_control_msgs/lib:/autoware/install/autoware_planning_msgs/lib:/autoware/install/autoware_auto_planning_msgs/lib:/autoware/install/autoware_auto_perception_msgs/lib:/autoware/install/tier4_debug_msgs/lib:/autoware/install/autoware_common_msgs/lib:/autoware/install/autoware_auto_system_msgs/lib:/autoware/install/autoware_auto_mapping_msgs/lib:/autoware/install/autoware_auto_geometry_msgs/lib:/autoware/install/autoware_adapi_version_msgs/lib:/autoware/install/autoware_adapi_v1_msgs/lib:${LD_LIBRARY_PATH} PYTHONPATH=/autoware/install/autoware_auto_vehicle_msgs/local/lib/python3.10/dist-packages:/autoware/install/tier4_system_msgs/local/lib/python3.10/dist-packages:/autoware/install/tier4_control_msgs/local/lib/python3.10/dist-packages:/autoware/install/autoware_planning_msgs/local/lib/python3.10/dist-packages:/autoware/install/autoware_auto_planning_msgs/local/lib/python3.10/dist-packages:/autoware/install/autoware_auto_perception_msgs/local/lib/python3.10/dist-packages:/autoware/install/tier4_debug_msgs/local/lib/python3.10/dist-packages:/autoware/install/autoware_common_msgs/local/lib/python3.10/dist-packages:/autoware/install/autoware_auto_system_msgs/local/lib/python3.10/dist-packages:/autoware/install/autoware_auto_mapping_msgs/local/lib/python3.10/dist-packages:/autoware/install/autoware_auto_geometry_msgs/local/lib/python3.10/dist-packages:/autoware/install/autoware_adapi_version_msgs/local/lib/python3.10/dist-packages:/autoware/install/autoware_adapi_v1_msgs/local/lib/python3.10/dist-packages:${PYTHONPATH} /usr/bin/cmake --install /autoware/build/default_ad_api
[37.771s] -- Install configuration: "Release"
[37.771s] -- Execute custom install script
[37.772s] -- Up-to-date symlink: /autoware/install/default_ad_api/lib/default_ad_api/web_server.py
[37.772s] -- Up-to-date symlink: /autoware/install/default_ad_api/share/default_ad_api/environment/library_path.sh
[37.772s] -- Up-to-date symlink: /autoware/install/default_ad_api/share/default_ad_api/environment/library_path.dsv
[37.772s] -- Up-to-date symlink: /autoware/install/default_ad_api/lib/libdefault_ad_api.so
[37.772s] -- Up-to-date symlink: /autoware/install/default_ad_api/share/default_ad_api/config/default_ad_api.param.yaml
[37.773s] -- Up-to-date symlink: /autoware/install/default_ad_api/share/default_ad_api/launch/default_ad_api.launch.py
[37.773s] -- Up-to-date symlink: /autoware/install/default_ad_api/share/default_ad_api/test/main.test.py
[37.773s] -- Up-to-date symlink: /autoware/install/default_ad_api/share/default_ad_api/test/node/interface_version.py
[37.773s] -- Up-to-date symlink: /autoware/install/default_ad_api/share/ament_index/resource_index/package_run_dependencies/default_ad_api
[37.773s] -- Up-to-date symlink: /autoware/install/default_ad_api/share/ament_index/resource_index/parent_prefix_path/default_ad_api
[37.773s] -- Up-to-date symlink: /autoware/install/default_ad_api/share/default_ad_api/environment/ament_prefix_path.sh
[37.774s] -- Up-to-date symlink: /autoware/install/default_ad_api/share/default_ad_api/environment/ament_prefix_path.dsv
[37.774s] -- Up-to-date symlink: /autoware/install/default_ad_api/share/default_ad_api/environment/path.sh
[37.774s] -- Up-to-date symlink: /autoware/install/default_ad_api/share/default_ad_api/environment/path.dsv
[37.774s] -- Up-to-date symlink: /autoware/install/default_ad_api/share/default_ad_api/local_setup.bash
[37.774s] -- Up-to-date symlink: /autoware/install/default_ad_api/share/default_ad_api/local_setup.sh
[37.774s] -- Up-to-date symlink: /autoware/install/default_ad_api/share/default_ad_api/local_setup.zsh
[37.774s] -- Up-to-date symlink: /autoware/install/default_ad_api/share/default_ad_api/local_setup.dsv
[37.774s] -- Symlinking: /autoware/install/default_ad_api/share/default_ad_api/package.dsv
[37.782s] -- Up-to-date symlink: /autoware/install/default_ad_api/share/ament_index/resource_index/packages/default_ad_api
[37.782s] -- Up-to-date symlink: /autoware/install/default_ad_api/share/ament_index/resource_index/rclcpp_components/default_ad_api
[37.782s] -- Up-to-date symlink: /autoware/install/default_ad_api/share/default_ad_api/cmake/ament_cmake_export_dependencies-extras.cmake
[37.782s] -- Up-to-date symlink: /autoware/install/default_ad_api/share/default_ad_api/cmake/ament_cmake_export_libraries-extras.cmake
[37.782s] -- Up-to-date symlink: /autoware/install/default_ad_api/share/default_ad_api/cmake/default_ad_apiConfig.cmake
[37.782s] -- Up-to-date symlink: /autoware/install/default_ad_api/share/default_ad_api/cmake/default_ad_apiConfig-version.cmake
[37.782s] -- Up-to-date symlink: /autoware/install/default_ad_api/share/default_ad_api/package.xml
[37.789s] Invoked command in '/autoware/build/default_ad_api' returned '0': AMENT_PREFIX_PATH=/autoware/install/motion_utils:/autoware/install/interpolation:/autoware/install/tier4_autoware_utils:/autoware/install/component_interface_utils:/autoware/install/autoware_auto_vehicle_msgs:/autoware/install/tier4_system_msgs:/autoware/install/tier4_control_msgs:/autoware/install/component_interface_specs:/autoware/install/autoware_planning_msgs:/autoware/install/autoware_auto_planning_msgs:/autoware/install/autoware_auto_perception_msgs:/autoware/install/autoware_ad_api_specs:/autoware/install/tier4_debug_msgs:/autoware/install/autoware_common_msgs:/autoware/install/autoware_cmake:/autoware/install/autoware_auto_system_msgs:/autoware/install/autoware_auto_mapping_msgs:/autoware/install/autoware_auto_geometry_msgs:/autoware/install/autoware_adapi_version_msgs:/autoware/install/autoware_adapi_v1_msgs:/autoware/install/autoware_lint_common:/autoware/install/ament_cmake_auto:${AMENT_PREFIX_PATH} CMAKE_PREFIX_PATH=/autoware/install/motion_utils:/autoware/install/interpolation:/autoware/install/tier4_autoware_utils:/autoware/install/component_interface_utils:/autoware/install/autoware_auto_vehicle_msgs:/autoware/install/tier4_system_msgs:/autoware/install/tier4_control_msgs:/autoware/install/component_interface_specs:/autoware/install/autoware_planning_msgs:/autoware/install/autoware_auto_planning_msgs:/autoware/install/autoware_auto_perception_msgs:/autoware/install/autoware_ad_api_specs:/autoware/install/tier4_debug_msgs:/autoware/install/autoware_common_msgs:/autoware/install/autoware_cmake:/autoware/install/autoware_auto_system_msgs:/autoware/install/autoware_auto_mapping_msgs:/autoware/install/autoware_auto_geometry_msgs:/autoware/install/autoware_adapi_version_msgs:/autoware/install/autoware_adapi_v1_msgs:/autoware/install/autoware_lint_common:/autoware/install/ament_cmake_auto:/opt/ros/humble LD_LIBRARY_PATH=/autoware/install/motion_utils/lib:/autoware/install/interpolation/lib:/autoware/install/tier4_autoware_utils/lib:/autoware/install/autoware_auto_vehicle_msgs/lib:/autoware/install/tier4_system_msgs/lib:/autoware/install/tier4_control_msgs/lib:/autoware/install/autoware_planning_msgs/lib:/autoware/install/autoware_auto_planning_msgs/lib:/autoware/install/autoware_auto_perception_msgs/lib:/autoware/install/tier4_debug_msgs/lib:/autoware/install/autoware_common_msgs/lib:/autoware/install/autoware_auto_system_msgs/lib:/autoware/install/autoware_auto_mapping_msgs/lib:/autoware/install/autoware_auto_geometry_msgs/lib:/autoware/install/autoware_adapi_version_msgs/lib:/autoware/install/autoware_adapi_v1_msgs/lib:${LD_LIBRARY_PATH} PYTHONPATH=/autoware/install/autoware_auto_vehicle_msgs/local/lib/python3.10/dist-packages:/autoware/install/tier4_system_msgs/local/lib/python3.10/dist-packages:/autoware/install/tier4_control_msgs/local/lib/python3.10/dist-packages:/autoware/install/autoware_planning_msgs/local/lib/python3.10/dist-packages:/autoware/install/autoware_auto_planning_msgs/local/lib/python3.10/dist-packages:/autoware/install/autoware_auto_perception_msgs/local/lib/python3.10/dist-packages:/autoware/install/tier4_debug_msgs/local/lib/python3.10/dist-packages:/autoware/install/autoware_common_msgs/local/lib/python3.10/dist-packages:/autoware/install/autoware_auto_system_msgs/local/lib/python3.10/dist-packages:/autoware/install/autoware_auto_mapping_msgs/local/lib/python3.10/dist-packages:/autoware/install/autoware_auto_geometry_msgs/local/lib/python3.10/dist-packages:/autoware/install/autoware_adapi_version_msgs/local/lib/python3.10/dist-packages:/autoware/install/autoware_adapi_v1_msgs/local/lib/python3.10/dist-packages:${PYTHONPATH} /usr/bin/cmake --install /autoware/build/default_ad_api
