-- The C compiler identification is GNU 11.3.0
-- The CXX compiler identification is GNU 11.3.0
-- Detecting C compiler ABI info
-- Detecting C compiler ABI info - done
-- Check for working C compiler: /usr/bin/cc - skipped
-- Detecting C compile features
-- Detecting C compile features - done
-- Detecting CXX compiler ABI info
-- Detecting CXX compiler ABI info - done
-- Check for working CXX compiler: /usr/bin/c++ - skipped
-- Detecting CXX compile features
-- Detecting CXX compile features - done
-- Found autoware_cmake: 0.1.0 (/autoware/install/autoware_cmake/share/autoware_cmake/cmake)
-- Found Python3: /usr/bin/python3.10 (found version "3.10.6") found components: Interpreter 
-- Override CMake install command with custom implementation using symlinks instead of copying resources
-- Found rosidl_generator_c: 3.1.3 (/opt/ros/humble/share/rosidl_generator_c/cmake)
-- Found rosidl_adapter: 3.1.3 (/opt/ros/humble/share/rosidl_adapter/cmake)
-- Found rosidl_generator_cpp: 3.1.3 (/opt/ros/humble/share/rosidl_generator_cpp/cmake)
-- Using all available rosidl_typesupport_c: rosidl_typesupport_fastrtps_c;rosidl_typesupport_introspection_c
-- Using all available rosidl_typesupport_cpp: rosidl_typesupport_fastrtps_cpp;rosidl_typesupport_introspection_cpp
-- Found rmw_implementation_cmake: 6.1.0 (/opt/ros/humble/share/rmw_implementation_cmake/cmake)
-- Found rmw_fastrtps_cpp: 6.2.1 (/opt/ros/humble/share/rmw_fastrtps_cpp/cmake)
-- Found OpenSSL: /usr/lib/x86_64-linux-gnu/libcrypto.so (found version "3.0.2")  
-- Found FastRTPS: /opt/ros/humble/include  
-- Using RMW implementation 'rmw_fastrtps_cpp' as default
-- Found eigen3_cmake_module: 0.1.1 (/opt/ros/humble/share/eigen3_cmake_module/cmake)
-- Found Eigen3: TRUE (found version "3.4.0") 
-- Ensuring Eigen3 include directory is part of orocos-kdl CMake target
-- Found ament_lint_auto: 0.12.4 (/opt/ros/humble/share/ament_lint_auto/cmake)
-- Found gtest sources under '/opt/ros/humble/src/gtest_vendor': C++ tests using 'Google Test' will be built
-- Looking for pthread.h
-- Looking for pthread.h - found
-- Performing Test CMAKE_HAVE_LIBC_PTHREAD
-- Performing Test CMAKE_HAVE_LIBC_PTHREAD - Success
-- Found Threads: TRUE  
-- Found OpenCV: /usr (found version "4.5.4") 
-- Added test 'copyright' to check source files copyright and LICENSE
-- Added test 'cppcheck' to perform static code analysis on C / C++ code
-- Configured cppcheck include dirs: /autoware/src/universe/autoware.universe/common/grid_map_utils/include
-- Configured cppcheck exclude dirs and/or files: 
-- Added test 'lint_cmake' to check CMake code style
-- Added test 'xmllint' to check XML markup files
-- Configuring done
-- Generating done
-- Build files have been written to: /autoware/build/grid_map_utils
[ 10%] Building CXX object CMakeFiles/grid_map_utils.dir/src/polygon_iterator.cpp.o
[ 20%] Building CXX object gtest/CMakeFiles/gtest_main.dir/src/gtest_main.cc.o
[ 30%] Building CXX object gtest/CMakeFiles/gtest.dir/src/gtest-all.cc.o
[ 40%] Linking CXX static library libgtest_main.a
[ 40%] Built target gtest_main
[ 50%] Linking CXX shared library libgrid_map_utils.so
[ 50%] Built target grid_map_utils
[ 60%] Building CXX object CMakeFiles/benchmark.dir/test/benchmark.cpp.o
[ 70%] Linking CXX executable benchmark
[ 70%] Built target benchmark
[ 80%] Linking CXX static library libgtest.a
[ 80%] Built target gtest
[ 90%] Building CXX object CMakeFiles/test_grid_map_utils.dir/test/test_polygon_iterator.cpp.o
[100%] Linking CXX executable test_grid_map_utils
[100%] Built target test_grid_map_utils
-- Install configuration: "Release"
-- Execute custom install script
-- Symlinking: /autoware/install/grid_map_utils/include/grid_map_utils/polygon_iterator.hpp
-- Symlinking: /autoware/install/grid_map_utils/share/grid_map_utils/environment/library_path.sh
-- Symlinking: /autoware/install/grid_map_utils/share/grid_map_utils/environment/library_path.dsv
-- Symlinking: /autoware/install/grid_map_utils/lib/libgrid_map_utils.so
-- Symlinking: /autoware/install/grid_map_utils/share/ament_index/resource_index/package_run_dependencies/grid_map_utils
-- Symlinking: /autoware/install/grid_map_utils/share/ament_index/resource_index/parent_prefix_path/grid_map_utils
-- Symlinking: /autoware/install/grid_map_utils/share/grid_map_utils/environment/ament_prefix_path.sh
-- Symlinking: /autoware/install/grid_map_utils/share/grid_map_utils/environment/ament_prefix_path.dsv
-- Symlinking: /autoware/install/grid_map_utils/share/grid_map_utils/environment/path.sh
-- Symlinking: /autoware/install/grid_map_utils/share/grid_map_utils/environment/path.dsv
-- Symlinking: /autoware/install/grid_map_utils/share/grid_map_utils/local_setup.bash
-- Symlinking: /autoware/install/grid_map_utils/share/grid_map_utils/local_setup.sh
-- Symlinking: /autoware/install/grid_map_utils/share/grid_map_utils/local_setup.zsh
-- Symlinking: /autoware/install/grid_map_utils/share/grid_map_utils/local_setup.dsv
-- Symlinking: /autoware/install/grid_map_utils/share/grid_map_utils/package.dsv
-- Symlinking: /autoware/install/grid_map_utils/share/ament_index/resource_index/packages/grid_map_utils
-- Symlinking: /autoware/install/grid_map_utils/share/grid_map_utils/cmake/ament_cmake_export_dependencies-extras.cmake
-- Symlinking: /autoware/install/grid_map_utils/share/grid_map_utils/cmake/ament_cmake_export_include_directories-extras.cmake
-- Symlinking: /autoware/install/grid_map_utils/share/grid_map_utils/cmake/ament_cmake_export_libraries-extras.cmake
-- Symlinking: /autoware/install/grid_map_utils/share/grid_map_utils/cmake/grid_map_utilsConfig.cmake
-- Symlinking: /autoware/install/grid_map_utils/share/grid_map_utils/cmake/grid_map_utilsConfig-version.cmake
-- Symlinking: /autoware/install/grid_map_utils/share/grid_map_utils/package.xml
