[0.302s] Invoking command in '/autoware/build/pose2twist': AMENT_PREFIX_PATH=/autoware/install/tier4_debug_msgs:/autoware/install/autoware_cmake:/autoware/install/autoware_lint_common:${AMENT_PREFIX_PATH} CMAKE_PREFIX_PATH=/autoware/install/tier4_debug_msgs:/autoware/install/autoware_cmake:/autoware/install/autoware_lint_common:/opt/ros/humble LD_LIBRARY_PATH=/autoware/install/tier4_debug_msgs/lib:${LD_LIBRARY_PATH} PYTHONPATH=/autoware/install/tier4_debug_msgs/local/lib/python3.10/dist-packages:${PYTHONPATH} /usr/bin/cmake --build /autoware/build/pose2twist -- -j64 -l64
[0.309s] -- Found autoware_cmake: 0.1.0 (/autoware/install/autoware_cmake/share/autoware_cmake/cmake)
[0.309s] -- Found ament_cmake_auto: 1.3.2 (/opt/ros/humble/share/ament_cmake_auto/cmake)
[0.369s] -- Override CMake install command with custom implementation using symlinks instead of copying resources
[0.503s] -- Found rosidl_generator_c: 3.1.3 (/opt/ros/humble/share/rosidl_generator_c/cmake)
[0.503s] -- Found rosidl_adapter: 3.1.3 (/opt/ros/humble/share/rosidl_adapter/cmake)
[0.503s] -- Found rosidl_generator_cpp: 3.1.3 (/opt/ros/humble/share/rosidl_generator_cpp/cmake)
[0.503s] -- Using all available rosidl_typesupport_c: rosidl_typesupport_fastrtps_c;rosidl_typesupport_introspection_c
[0.503s] -- Using all available rosidl_typesupport_cpp: rosidl_typesupport_fastrtps_cpp;rosidl_typesupport_introspection_cpp
[0.626s] -- Found rmw_implementation_cmake: 6.1.0 (/opt/ros/humble/share/rmw_implementation_cmake/cmake)
[0.626s] -- Found rmw_fastrtps_cpp: 6.2.1 (/opt/ros/humble/share/rmw_fastrtps_cpp/cmake)
[0.732s] -- Using RMW implementation 'rmw_fastrtps_cpp' as default
[0.874s] -- Found eigen3_cmake_module: 0.1.1 (/opt/ros/humble/share/eigen3_cmake_module/cmake)
[0.876s] -- Ensuring Eigen3 include directory is part of orocos-kdl CMake target
[1.518s] -- Found ament_lint_auto: 0.12.4 (/opt/ros/humble/share/ament_lint_auto/cmake)
[1.572s] -- Added test 'copyright' to check source files copyright and LICENSE
[1.572s] -- Added test 'cppcheck' to perform static code analysis on C / C++ code
[1.573s] -- Configured cppcheck include dirs: /autoware/src/universe/autoware.universe/localization/pose2twist/include
[1.573s] -- Configured cppcheck exclude dirs and/or files: 
[1.573s] -- Added test 'lint_cmake' to check CMake code style
[1.573s] -- Added test 'xmllint' to check XML markup files
[1.573s] -- Configuring done
[1.580s] -- Generating done
[1.584s] -- Build files have been written to: /autoware/build/pose2twist
[1.640s] Consolidate compiler generated dependencies of target pose2twist
[1.673s] [100%] Built target pose2twist
[1.681s] Invoked command in '/autoware/build/pose2twist' returned '0': AMENT_PREFIX_PATH=/autoware/install/tier4_debug_msgs:/autoware/install/autoware_cmake:/autoware/install/autoware_lint_common:${AMENT_PREFIX_PATH} CMAKE_PREFIX_PATH=/autoware/install/tier4_debug_msgs:/autoware/install/autoware_cmake:/autoware/install/autoware_lint_common:/opt/ros/humble LD_LIBRARY_PATH=/autoware/install/tier4_debug_msgs/lib:${LD_LIBRARY_PATH} PYTHONPATH=/autoware/install/tier4_debug_msgs/local/lib/python3.10/dist-packages:${PYTHONPATH} /usr/bin/cmake --build /autoware/build/pose2twist -- -j64 -l64
[1.770s] Invoking command in '/autoware/build/pose2twist': AMENT_PREFIX_PATH=/autoware/install/tier4_debug_msgs:/autoware/install/autoware_cmake:/autoware/install/autoware_lint_common:${AMENT_PREFIX_PATH} CMAKE_PREFIX_PATH=/autoware/install/tier4_debug_msgs:/autoware/install/autoware_cmake:/autoware/install/autoware_lint_common:/opt/ros/humble LD_LIBRARY_PATH=/autoware/install/tier4_debug_msgs/lib:${LD_LIBRARY_PATH} PYTHONPATH=/autoware/install/tier4_debug_msgs/local/lib/python3.10/dist-packages:${PYTHONPATH} /usr/bin/cmake --install /autoware/build/pose2twist
[1.776s] -- Install configuration: "Release"
[1.776s] -- Execute custom install script
[1.776s] -- Up-to-date symlink: /autoware/install/pose2twist/include/pose2twist/pose2twist_core.hpp
[1.777s] -- Up-to-date symlink: /autoware/install/pose2twist/lib/pose2twist/pose2twist
[1.777s] -- Up-to-date symlink: /autoware/install/pose2twist/share/pose2twist/launch/pose2twist.launch.xml
[1.777s] -- Up-to-date symlink: /autoware/install/pose2twist/share/ament_index/resource_index/package_run_dependencies/pose2twist
[1.777s] -- Up-to-date symlink: /autoware/install/pose2twist/share/ament_index/resource_index/parent_prefix_path/pose2twist
[1.799s] -- Up-to-date symlink: /autoware/install/pose2twist/share/pose2twist/environment/ament_prefix_path.sh
[1.799s] -- Up-to-date symlink: /autoware/install/pose2twist/share/pose2twist/environment/ament_prefix_path.dsv
[1.820s] -- Up-to-date symlink: /autoware/install/pose2twist/share/pose2twist/environment/path.sh
[1.820s] -- Up-to-date symlink: /autoware/install/pose2twist/share/pose2twist/environment/path.dsv
[1.820s] -- Up-to-date symlink: /autoware/install/pose2twist/share/pose2twist/local_setup.bash
[1.820s] -- Up-to-date symlink: /autoware/install/pose2twist/share/pose2twist/local_setup.sh
[1.820s] -- Up-to-date symlink: /autoware/install/pose2twist/share/pose2twist/local_setup.zsh
[1.820s] -- Up-to-date symlink: /autoware/install/pose2twist/share/pose2twist/local_setup.dsv
[1.820s] -- Symlinking: /autoware/install/pose2twist/share/pose2twist/package.dsv
[1.820s] -- Up-to-date symlink: /autoware/install/pose2twist/share/ament_index/resource_index/packages/pose2twist
[1.820s] -- Up-to-date symlink: /autoware/install/pose2twist/share/pose2twist/cmake/ament_cmake_export_dependencies-extras.cmake
[1.821s] -- Up-to-date symlink: /autoware/install/pose2twist/share/pose2twist/cmake/ament_cmake_export_include_directories-extras.cmake
[1.821s] -- Up-to-date symlink: /autoware/install/pose2twist/share/pose2twist/cmake/pose2twistConfig.cmake
[1.821s] -- Up-to-date symlink: /autoware/install/pose2twist/share/pose2twist/cmake/pose2twistConfig-version.cmake
[1.821s] -- Up-to-date symlink: /autoware/install/pose2twist/share/pose2twist/package.xml
[1.855s] Invoked command in '/autoware/build/pose2twist' returned '0': AMENT_PREFIX_PATH=/autoware/install/tier4_debug_msgs:/autoware/install/autoware_cmake:/autoware/install/autoware_lint_common:${AMENT_PREFIX_PATH} CMAKE_PREFIX_PATH=/autoware/install/tier4_debug_msgs:/autoware/install/autoware_cmake:/autoware/install/autoware_lint_common:/opt/ros/humble LD_LIBRARY_PATH=/autoware/install/tier4_debug_msgs/lib:${LD_LIBRARY_PATH} PYTHONPATH=/autoware/install/tier4_debug_msgs/local/lib/python3.10/dist-packages:${PYTHONPATH} /usr/bin/cmake --install /autoware/build/pose2twist
