[0.060s] Invoking command in '/autoware/build/euclidean_cluster': AMENT_PREFIX_PATH=/autoware/install/compare_map_segmentation:/autoware/install/pointcloud_preprocessor:/autoware/install/tier4_autoware_utils:/autoware/install/lanelet2_extension:/autoware/install/tier4_perception_msgs:/autoware/install/tier4_pcl_extensions:/autoware/install/autoware_utils:/autoware/install/autoware_point_types:/autoware/install/autoware_auto_vehicle_msgs:/autoware/install/autoware_planning_msgs:/autoware/install/autoware_cmake:/autoware/install/autoware_auto_planning_msgs:/autoware/install/autoware_auto_perception_msgs:/autoware/install/tier4_debug_msgs:/autoware/install/autoware_lint_common:/autoware/install/autoware_common_msgs:/autoware/install/autoware_auto_mapping_msgs:/autoware/install/autoware_auto_geometry_msgs:${AMENT_PREFIX_PATH} CMAKE_PREFIX_PATH=/autoware/install/compare_map_segmentation:/autoware/install/pointcloud_preprocessor:/autoware/install/tier4_autoware_utils:/autoware/install/lanelet2_extension:/autoware/install/tier4_perception_msgs:/autoware/install/tier4_pcl_extensions:/autoware/install/autoware_utils:/autoware/install/autoware_point_types:/autoware/install/autoware_auto_vehicle_msgs:/autoware/install/autoware_planning_msgs:/autoware/install/autoware_cmake:/autoware/install/autoware_auto_planning_msgs:/autoware/install/autoware_auto_perception_msgs:/autoware/install/tier4_debug_msgs:/autoware/install/autoware_lint_common:/autoware/install/autoware_common_msgs:/autoware/install/autoware_auto_mapping_msgs:/autoware/install/autoware_auto_geometry_msgs:/opt/ros/humble LD_LIBRARY_PATH=/autoware/install/compare_map_segmentation/lib:/autoware/install/pointcloud_preprocessor/lib:/autoware/install/tier4_autoware_utils/lib:/autoware/install/lanelet2_extension/lib:/autoware/install/tier4_perception_msgs/lib:/autoware/install/tier4_pcl_extensions/lib:/autoware/install/autoware_utils/lib:/autoware/install/autoware_auto_vehicle_msgs/lib:/autoware/install/autoware_planning_msgs/lib:/autoware/install/autoware_auto_planning_msgs/lib:/autoware/install/autoware_auto_perception_msgs/lib:/autoware/install/tier4_debug_msgs/lib:/autoware/install/autoware_common_msgs/lib:/autoware/install/autoware_auto_mapping_msgs/lib:/autoware/install/autoware_auto_geometry_msgs/lib:${LD_LIBRARY_PATH} PYTHONPATH=/autoware/install/tier4_perception_msgs/local/lib/python3.10/dist-packages:/autoware/install/autoware_auto_vehicle_msgs/local/lib/python3.10/dist-packages:/autoware/install/autoware_planning_msgs/local/lib/python3.10/dist-packages:/autoware/install/autoware_auto_planning_msgs/local/lib/python3.10/dist-packages:/autoware/install/autoware_auto_perception_msgs/local/lib/python3.10/dist-packages:/autoware/install/tier4_debug_msgs/local/lib/python3.10/dist-packages:/autoware/install/autoware_common_msgs/local/lib/python3.10/dist-packages:/autoware/install/autoware_auto_mapping_msgs/local/lib/python3.10/dist-packages:/autoware/install/autoware_auto_geometry_msgs/local/lib/python3.10/dist-packages:${PYTHONPATH} /usr/bin/cmake /autoware/src/universe/autoware.universe/perception/euclidean_cluster -DCMAKE_BUILD_TYPE=Release -DAMENT_CMAKE_SYMLINK_INSTALL=1 -DCMAKE_INSTALL_PREFIX=/autoware/install/euclidean_cluster
[0.141s] -- The C compiler identification is GNU 11.3.0
[0.217s] -- The CXX compiler identification is GNU 11.3.0
[0.227s] -- Detecting C compiler ABI info
[0.320s] -- Detecting C compiler ABI info - done
[0.330s] -- Check for working C compiler: /usr/bin/cc - skipped
[0.331s] -- Detecting C compile features
[0.331s] -- Detecting C compile features - done
[0.335s] -- Detecting CXX compiler ABI info
[0.423s] -- Detecting CXX compiler ABI info - done
[0.436s] -- Check for working CXX compiler: /usr/bin/c++ - skipped
[0.436s] -- Detecting CXX compile features
[0.437s] -- Detecting CXX compile features - done
[0.441s] -- Found autoware_cmake: 0.1.0 (/autoware/install/autoware_cmake/share/autoware_cmake/cmake)
[0.728s] -- Found Python3: /usr/bin/python3.10 (found version "3.10.6") found components: Interpreter 
[0.822s] -- Override CMake install command with custom implementation using symlinks instead of copying resources
[1.131s] -- Found rosidl_generator_c: 3.1.3 (/opt/ros/humble/share/rosidl_generator_c/cmake)
[1.147s] -- Found rosidl_adapter: 3.1.3 (/opt/ros/humble/share/rosidl_adapter/cmake)
[1.169s] -- Found rosidl_generator_cpp: 3.1.3 (/opt/ros/humble/share/rosidl_generator_cpp/cmake)
[1.201s] -- Using all available rosidl_typesupport_c: rosidl_typesupport_fastrtps_c;rosidl_typesupport_introspection_c
[1.246s] -- Using all available rosidl_typesupport_cpp: rosidl_typesupport_fastrtps_cpp;rosidl_typesupport_introspection_cpp
[2.262s] -- Found rmw_implementation_cmake: 6.1.0 (/opt/ros/humble/share/rmw_implementation_cmake/cmake)
[2.269s] -- Found rmw_fastrtps_cpp: 6.2.1 (/opt/ros/humble/share/rmw_fastrtps_cpp/cmake)
[2.436s] -- Found OpenSSL: /usr/lib/x86_64-linux-gnu/libcrypto.so (found version "3.0.2")  
[2.477s] -- Found FastRTPS: /opt/ros/humble/include  
[2.555s] -- Using RMW implementation 'rmw_fastrtps_cpp' as default
[5.279s] -- Found eigen3_cmake_module: 0.1.1 (/opt/ros/humble/share/eigen3_cmake_module/cmake)
[5.280s] -- Found Eigen3: TRUE (found version "3.4.0") 
[5.280s] -- Ensuring Eigen3 include directory is part of orocos-kdl CMake target
[5.613s] -- Checking for module 'eigen3'
[5.623s] --   Found eigen3, version 3.4.0
[5.648s] -- Found Eigen: /usr/include/eigen3 (Required is at least version "3.1") 
[5.648s] -- Eigen found (include: /usr/include/eigen3, version: 3.4.0)
[5.699s] -- Checking for module 'flann'
[5.720s] --   Found flann, version 1.9.1
[5.776s] -- Found FLANN: /usr/lib/x86_64-linux-gnu/libflann_cpp.so  
[5.776s] -- FLANN found (include: /usr/include, lib: /usr/lib/x86_64-linux-gnu/libflann_cpp.so)
[7.161s] -- Checking for module 'libusb-1.0'
[7.185s] --   Found libusb-1.0, version 1.0.25
[7.250s] -- Found libusb: /usr/lib/x86_64-linux-gnu/libusb-1.0.so  
[7.251s] -- OpenNI found (version: 1.5.4.0, include: /usr/include/ni, lib: /usr/lib/libOpenNI.so;libusb::libusb)
[7.349s] -- OpenNI2 found (version: 2.2.0.33, include: /usr/include/openni2, lib: /usr/lib/x86_64-linux-gnu/libOpenNI2.so;libusb::libusb)
[7.594s] -- Eigen found (include: /usr/include/eigen3, version: 3.4.0)
[7.603s] -- OpenNI found (version: 1.5.4.0, include: /usr/include/ni, lib: /usr/lib/libOpenNI.so;libusb::libusb)
[7.613s] -- OpenNI2 found (version: 2.2.0.33, include: /usr/include/openni2, lib: /usr/lib/x86_64-linux-gnu/libOpenNI2.so;libusb::libusb)
[7.835s] -- Found Qhull version 8.0.2
[7.999s] -- OpenNI found (version: 1.5.4.0, include: /usr/include/ni, lib: /usr/lib/libOpenNI.so;libusb::libusb)
[8.190s] -- Found PCL_COMMON: /usr/lib/x86_64-linux-gnu/libpcl_common.so  
[8.191s] -- Found PCL_KDTREE: /usr/lib/x86_64-linux-gnu/libpcl_kdtree.so  
[8.192s] -- Found PCL_OCTREE: /usr/lib/x86_64-linux-gnu/libpcl_octree.so  
[8.193s] -- Found PCL_SEARCH: /usr/lib/x86_64-linux-gnu/libpcl_search.so  
[8.194s] -- Found PCL_SAMPLE_CONSENSUS: /usr/lib/x86_64-linux-gnu/libpcl_sample_consensus.so  
[8.195s] -- Found PCL_FILTERS: /usr/lib/x86_64-linux-gnu/libpcl_filters.so  
[8.196s] -- Found PCL_2D: /usr/include/pcl-1.12  
[8.196s] -- Found PCL_GEOMETRY: /usr/include/pcl-1.12  
[8.197s] -- Found PCL_IO: /usr/lib/x86_64-linux-gnu/libpcl_io.so  
[8.198s] -- Found PCL_FEATURES: /usr/lib/x86_64-linux-gnu/libpcl_features.so  
[8.199s] -- Found PCL_ML: /usr/lib/x86_64-linux-gnu/libpcl_ml.so  
[8.201s] -- Found PCL_SEGMENTATION: /usr/lib/x86_64-linux-gnu/libpcl_segmentation.so  
[8.202s] -- Found PCL_VISUALIZATION: /usr/lib/x86_64-linux-gnu/libpcl_visualization.so  
[8.203s] -- Found PCL_SURFACE: /usr/lib/x86_64-linux-gnu/libpcl_surface.so  
[8.204s] -- Found PCL_REGISTRATION: /usr/lib/x86_64-linux-gnu/libpcl_registration.so  
[8.206s] -- Found PCL_KEYPOINTS: /usr/lib/x86_64-linux-gnu/libpcl_keypoints.so  
[8.207s] -- Found PCL_TRACKING: /usr/lib/x86_64-linux-gnu/libpcl_tracking.so  
[8.208s] -- Found PCL_RECOGNITION: /usr/lib/x86_64-linux-gnu/libpcl_recognition.so  
[8.209s] -- Found PCL_STEREO: /usr/lib/x86_64-linux-gnu/libpcl_stereo.so  
[8.211s] -- Found PCL_APPS: /usr/lib/x86_64-linux-gnu/libpcl_apps.so  
[8.212s] -- Found PCL_IN_HAND_SCANNER: /usr/include/pcl-1.12  
[8.212s] -- Found PCL_MODELER: /usr/include/pcl-1.12  
[8.213s] -- Found PCL_POINT_CLOUD_EDITOR: /usr/include/pcl-1.12  
[8.214s] -- Found PCL_OUTOFCORE: /usr/lib/x86_64-linux-gnu/libpcl_outofcore.so  
[8.215s] -- Found PCL_PEOPLE: /usr/lib/x86_64-linux-gnu/libpcl_people.so  
[8.913s] -- Found mrt_cmake_modules: 1.0.9 (/opt/ros/humble/share/mrt_cmake_modules/cmake)
[8.997s] -- Found Boost: /usr/lib/x86_64-linux-gnu/cmake/Boost-1.74.0/BoostConfig.cmake (found version "1.74.0") found components: wserialization thread random serialization log_setup prg_exec_monitor wave system chrono filesystem locale timer date_time regex graph program_options unit_test_framework log atomic iostreams 
[9.242s] -- Found OpenMP_C: -fopenmp (found version "4.5") 
[9.321s] -- Found OpenMP_CXX: -fopenmp (found version "4.5") 
[9.321s] -- Found OpenMP: TRUE (found version "4.5")  
[9.338s] -- Found pugixml: /usr/lib/x86_64-linux-gnu/libpugixml.so  
[9.362s] -- Found PkgConfig: /usr/bin/pkg-config (found version "0.29.2") 
[9.365s] -- Found GeographicLib: /usr/lib/x86_64-linux-gnu/libGeographic.so  
[12.750s] -- Found ament_lint_auto: 0.12.4 (/opt/ros/humble/share/ament_lint_auto/cmake)
[16.514s] -- Added test 'copyright' to check source files copyright and LICENSE
[16.516s] -- Added test 'cppcheck' to perform static code analysis on C / C++ code
[16.518s] -- Configured cppcheck include dirs: /autoware/src/universe/autoware.universe/perception/euclidean_cluster/include;$<BUILD_INTERFACE:/autoware/src/universe/autoware.universe/perception/euclidean_cluster/include>
[16.518s] -- Configured cppcheck exclude dirs and/or files: 
[16.519s] -- Added test 'lint_cmake' to check CMake code style
[16.520s] -- Added test 'xmllint' to check XML markup files
[16.524s] -- Configuring done
[16.827s] -- Generating done
[16.831s] -- Build files have been written to: /autoware/build/euclidean_cluster
[16.856s] Invoked command in '/autoware/build/euclidean_cluster' returned '0': AMENT_PREFIX_PATH=/autoware/install/compare_map_segmentation:/autoware/install/pointcloud_preprocessor:/autoware/install/tier4_autoware_utils:/autoware/install/lanelet2_extension:/autoware/install/tier4_perception_msgs:/autoware/install/tier4_pcl_extensions:/autoware/install/autoware_utils:/autoware/install/autoware_point_types:/autoware/install/autoware_auto_vehicle_msgs:/autoware/install/autoware_planning_msgs:/autoware/install/autoware_cmake:/autoware/install/autoware_auto_planning_msgs:/autoware/install/autoware_auto_perception_msgs:/autoware/install/tier4_debug_msgs:/autoware/install/autoware_lint_common:/autoware/install/autoware_common_msgs:/autoware/install/autoware_auto_mapping_msgs:/autoware/install/autoware_auto_geometry_msgs:${AMENT_PREFIX_PATH} CMAKE_PREFIX_PATH=/autoware/install/compare_map_segmentation:/autoware/install/pointcloud_preprocessor:/autoware/install/tier4_autoware_utils:/autoware/install/lanelet2_extension:/autoware/install/tier4_perception_msgs:/autoware/install/tier4_pcl_extensions:/autoware/install/autoware_utils:/autoware/install/autoware_point_types:/autoware/install/autoware_auto_vehicle_msgs:/autoware/install/autoware_planning_msgs:/autoware/install/autoware_cmake:/autoware/install/autoware_auto_planning_msgs:/autoware/install/autoware_auto_perception_msgs:/autoware/install/tier4_debug_msgs:/autoware/install/autoware_lint_common:/autoware/install/autoware_common_msgs:/autoware/install/autoware_auto_mapping_msgs:/autoware/install/autoware_auto_geometry_msgs:/opt/ros/humble LD_LIBRARY_PATH=/autoware/install/compare_map_segmentation/lib:/autoware/install/pointcloud_preprocessor/lib:/autoware/install/tier4_autoware_utils/lib:/autoware/install/lanelet2_extension/lib:/autoware/install/tier4_perception_msgs/lib:/autoware/install/tier4_pcl_extensions/lib:/autoware/install/autoware_utils/lib:/autoware/install/autoware_auto_vehicle_msgs/lib:/autoware/install/autoware_planning_msgs/lib:/autoware/install/autoware_auto_planning_msgs/lib:/autoware/install/autoware_auto_perception_msgs/lib:/autoware/install/tier4_debug_msgs/lib:/autoware/install/autoware_common_msgs/lib:/autoware/install/autoware_auto_mapping_msgs/lib:/autoware/install/autoware_auto_geometry_msgs/lib:${LD_LIBRARY_PATH} PYTHONPATH=/autoware/install/tier4_perception_msgs/local/lib/python3.10/dist-packages:/autoware/install/autoware_auto_vehicle_msgs/local/lib/python3.10/dist-packages:/autoware/install/autoware_planning_msgs/local/lib/python3.10/dist-packages:/autoware/install/autoware_auto_planning_msgs/local/lib/python3.10/dist-packages:/autoware/install/autoware_auto_perception_msgs/local/lib/python3.10/dist-packages:/autoware/install/tier4_debug_msgs/local/lib/python3.10/dist-packages:/autoware/install/autoware_common_msgs/local/lib/python3.10/dist-packages:/autoware/install/autoware_auto_mapping_msgs/local/lib/python3.10/dist-packages:/autoware/install/autoware_auto_geometry_msgs/local/lib/python3.10/dist-packages:${PYTHONPATH} /usr/bin/cmake /autoware/src/universe/autoware.universe/perception/euclidean_cluster -DCMAKE_BUILD_TYPE=Release -DAMENT_CMAKE_SYMLINK_INSTALL=1 -DCMAKE_INSTALL_PREFIX=/autoware/install/euclidean_cluster
[16.858s] Invoking command in '/autoware/build/euclidean_cluster': AMENT_PREFIX_PATH=/autoware/install/compare_map_segmentation:/autoware/install/pointcloud_preprocessor:/autoware/install/tier4_autoware_utils:/autoware/install/lanelet2_extension:/autoware/install/tier4_perception_msgs:/autoware/install/tier4_pcl_extensions:/autoware/install/autoware_utils:/autoware/install/autoware_point_types:/autoware/install/autoware_auto_vehicle_msgs:/autoware/install/autoware_planning_msgs:/autoware/install/autoware_cmake:/autoware/install/autoware_auto_planning_msgs:/autoware/install/autoware_auto_perception_msgs:/autoware/install/tier4_debug_msgs:/autoware/install/autoware_lint_common:/autoware/install/autoware_common_msgs:/autoware/install/autoware_auto_mapping_msgs:/autoware/install/autoware_auto_geometry_msgs:${AMENT_PREFIX_PATH} CMAKE_PREFIX_PATH=/autoware/install/compare_map_segmentation:/autoware/install/pointcloud_preprocessor:/autoware/install/tier4_autoware_utils:/autoware/install/lanelet2_extension:/autoware/install/tier4_perception_msgs:/autoware/install/tier4_pcl_extensions:/autoware/install/autoware_utils:/autoware/install/autoware_point_types:/autoware/install/autoware_auto_vehicle_msgs:/autoware/install/autoware_planning_msgs:/autoware/install/autoware_cmake:/autoware/install/autoware_auto_planning_msgs:/autoware/install/autoware_auto_perception_msgs:/autoware/install/tier4_debug_msgs:/autoware/install/autoware_lint_common:/autoware/install/autoware_common_msgs:/autoware/install/autoware_auto_mapping_msgs:/autoware/install/autoware_auto_geometry_msgs:/opt/ros/humble LD_LIBRARY_PATH=/autoware/install/compare_map_segmentation/lib:/autoware/install/pointcloud_preprocessor/lib:/autoware/install/tier4_autoware_utils/lib:/autoware/install/lanelet2_extension/lib:/autoware/install/tier4_perception_msgs/lib:/autoware/install/tier4_pcl_extensions/lib:/autoware/install/autoware_utils/lib:/autoware/install/autoware_auto_vehicle_msgs/lib:/autoware/install/autoware_planning_msgs/lib:/autoware/install/autoware_auto_planning_msgs/lib:/autoware/install/autoware_auto_perception_msgs/lib:/autoware/install/tier4_debug_msgs/lib:/autoware/install/autoware_common_msgs/lib:/autoware/install/autoware_auto_mapping_msgs/lib:/autoware/install/autoware_auto_geometry_msgs/lib:${LD_LIBRARY_PATH} PYTHONPATH=/autoware/install/tier4_perception_msgs/local/lib/python3.10/dist-packages:/autoware/install/autoware_auto_vehicle_msgs/local/lib/python3.10/dist-packages:/autoware/install/autoware_planning_msgs/local/lib/python3.10/dist-packages:/autoware/install/autoware_auto_planning_msgs/local/lib/python3.10/dist-packages:/autoware/install/autoware_auto_perception_msgs/local/lib/python3.10/dist-packages:/autoware/install/tier4_debug_msgs/local/lib/python3.10/dist-packages:/autoware/install/autoware_common_msgs/local/lib/python3.10/dist-packages:/autoware/install/autoware_auto_mapping_msgs/local/lib/python3.10/dist-packages:/autoware/install/autoware_auto_geometry_msgs/local/lib/python3.10/dist-packages:${PYTHONPATH} /usr/bin/cmake --build /autoware/build/euclidean_cluster -- -j64 -l64
[16.917s] [  8%] Building CXX object CMakeFiles/euclidean_cluster_node.dir/rclcpp_components/node_main_euclidean_cluster_node.cpp.o
[16.922s] [ 16%] Building CXX object CMakeFiles/cluster_lib.dir/lib/euclidean_cluster.cpp.o
[16.925s] [ 25%] Building CXX object CMakeFiles/cluster_lib.dir/lib/utils.cpp.o
[16.927s] [ 33%] Building CXX object CMakeFiles/cluster_lib.dir/lib/voxel_grid_based_euclidean_cluster.cpp.o
[16.930s] [ 41%] Building CXX object CMakeFiles/voxel_grid_based_euclidean_cluster_node.dir/rclcpp_components/node_main_voxel_grid_based_euclidean_cluster_node.cpp.o
[20.038s] [ 50%] Linking CXX executable voxel_grid_based_euclidean_cluster_node
[20.122s] [ 50%] Built target voxel_grid_based_euclidean_cluster_node
[20.309s] [ 58%] Linking CXX executable euclidean_cluster_node
[20.395s] [ 58%] Built target euclidean_cluster_node
[23.981s] [ 66%] Linking CXX shared library libcluster_lib.so
[24.943s] [ 66%] Built target cluster_lib
[24.943s] [ 75%] Building CXX object CMakeFiles/euclidean_cluster_node_core.dir/src/euclidean_cluster_node.cpp.o
[38.211s] [ 83%] Linking CXX shared library libeuclidean_cluster_node_core.so
[38.772s] [ 83%] Built target euclidean_cluster_node_core
[38.794s] [ 91%] Building CXX object CMakeFiles/voxel_grid_based_euclidean_cluster_node_core.dir/src/voxel_grid_based_euclidean_cluster_node.cpp.o
[54.236s] [100%] Linking CXX shared library libvoxel_grid_based_euclidean_cluster_node_core.so
[55.226s] [100%] Built target voxel_grid_based_euclidean_cluster_node_core
[55.259s] Invoked command in '/autoware/build/euclidean_cluster' returned '0': AMENT_PREFIX_PATH=/autoware/install/compare_map_segmentation:/autoware/install/pointcloud_preprocessor:/autoware/install/tier4_autoware_utils:/autoware/install/lanelet2_extension:/autoware/install/tier4_perception_msgs:/autoware/install/tier4_pcl_extensions:/autoware/install/autoware_utils:/autoware/install/autoware_point_types:/autoware/install/autoware_auto_vehicle_msgs:/autoware/install/autoware_planning_msgs:/autoware/install/autoware_cmake:/autoware/install/autoware_auto_planning_msgs:/autoware/install/autoware_auto_perception_msgs:/autoware/install/tier4_debug_msgs:/autoware/install/autoware_lint_common:/autoware/install/autoware_common_msgs:/autoware/install/autoware_auto_mapping_msgs:/autoware/install/autoware_auto_geometry_msgs:${AMENT_PREFIX_PATH} CMAKE_PREFIX_PATH=/autoware/install/compare_map_segmentation:/autoware/install/pointcloud_preprocessor:/autoware/install/tier4_autoware_utils:/autoware/install/lanelet2_extension:/autoware/install/tier4_perception_msgs:/autoware/install/tier4_pcl_extensions:/autoware/install/autoware_utils:/autoware/install/autoware_point_types:/autoware/install/autoware_auto_vehicle_msgs:/autoware/install/autoware_planning_msgs:/autoware/install/autoware_cmake:/autoware/install/autoware_auto_planning_msgs:/autoware/install/autoware_auto_perception_msgs:/autoware/install/tier4_debug_msgs:/autoware/install/autoware_lint_common:/autoware/install/autoware_common_msgs:/autoware/install/autoware_auto_mapping_msgs:/autoware/install/autoware_auto_geometry_msgs:/opt/ros/humble LD_LIBRARY_PATH=/autoware/install/compare_map_segmentation/lib:/autoware/install/pointcloud_preprocessor/lib:/autoware/install/tier4_autoware_utils/lib:/autoware/install/lanelet2_extension/lib:/autoware/install/tier4_perception_msgs/lib:/autoware/install/tier4_pcl_extensions/lib:/autoware/install/autoware_utils/lib:/autoware/install/autoware_auto_vehicle_msgs/lib:/autoware/install/autoware_planning_msgs/lib:/autoware/install/autoware_auto_planning_msgs/lib:/autoware/install/autoware_auto_perception_msgs/lib:/autoware/install/tier4_debug_msgs/lib:/autoware/install/autoware_common_msgs/lib:/autoware/install/autoware_auto_mapping_msgs/lib:/autoware/install/autoware_auto_geometry_msgs/lib:${LD_LIBRARY_PATH} PYTHONPATH=/autoware/install/tier4_perception_msgs/local/lib/python3.10/dist-packages:/autoware/install/autoware_auto_vehicle_msgs/local/lib/python3.10/dist-packages:/autoware/install/autoware_planning_msgs/local/lib/python3.10/dist-packages:/autoware/install/autoware_auto_planning_msgs/local/lib/python3.10/dist-packages:/autoware/install/autoware_auto_perception_msgs/local/lib/python3.10/dist-packages:/autoware/install/tier4_debug_msgs/local/lib/python3.10/dist-packages:/autoware/install/autoware_common_msgs/local/lib/python3.10/dist-packages:/autoware/install/autoware_auto_mapping_msgs/local/lib/python3.10/dist-packages:/autoware/install/autoware_auto_geometry_msgs/local/lib/python3.10/dist-packages:${PYTHONPATH} /usr/bin/cmake --build /autoware/build/euclidean_cluster -- -j64 -l64
[55.513s] Invoking command in '/autoware/build/euclidean_cluster': AMENT_PREFIX_PATH=/autoware/install/compare_map_segmentation:/autoware/install/pointcloud_preprocessor:/autoware/install/tier4_autoware_utils:/autoware/install/lanelet2_extension:/autoware/install/tier4_perception_msgs:/autoware/install/tier4_pcl_extensions:/autoware/install/autoware_utils:/autoware/install/autoware_point_types:/autoware/install/autoware_auto_vehicle_msgs:/autoware/install/autoware_planning_msgs:/autoware/install/autoware_cmake:/autoware/install/autoware_auto_planning_msgs:/autoware/install/autoware_auto_perception_msgs:/autoware/install/tier4_debug_msgs:/autoware/install/autoware_lint_common:/autoware/install/autoware_common_msgs:/autoware/install/autoware_auto_mapping_msgs:/autoware/install/autoware_auto_geometry_msgs:${AMENT_PREFIX_PATH} CMAKE_PREFIX_PATH=/autoware/install/compare_map_segmentation:/autoware/install/pointcloud_preprocessor:/autoware/install/tier4_autoware_utils:/autoware/install/lanelet2_extension:/autoware/install/tier4_perception_msgs:/autoware/install/tier4_pcl_extensions:/autoware/install/autoware_utils:/autoware/install/autoware_point_types:/autoware/install/autoware_auto_vehicle_msgs:/autoware/install/autoware_planning_msgs:/autoware/install/autoware_cmake:/autoware/install/autoware_auto_planning_msgs:/autoware/install/autoware_auto_perception_msgs:/autoware/install/tier4_debug_msgs:/autoware/install/autoware_lint_common:/autoware/install/autoware_common_msgs:/autoware/install/autoware_auto_mapping_msgs:/autoware/install/autoware_auto_geometry_msgs:/opt/ros/humble LD_LIBRARY_PATH=/autoware/install/compare_map_segmentation/lib:/autoware/install/pointcloud_preprocessor/lib:/autoware/install/tier4_autoware_utils/lib:/autoware/install/lanelet2_extension/lib:/autoware/install/tier4_perception_msgs/lib:/autoware/install/tier4_pcl_extensions/lib:/autoware/install/autoware_utils/lib:/autoware/install/autoware_auto_vehicle_msgs/lib:/autoware/install/autoware_planning_msgs/lib:/autoware/install/autoware_auto_planning_msgs/lib:/autoware/install/autoware_auto_perception_msgs/lib:/autoware/install/tier4_debug_msgs/lib:/autoware/install/autoware_common_msgs/lib:/autoware/install/autoware_auto_mapping_msgs/lib:/autoware/install/autoware_auto_geometry_msgs/lib:${LD_LIBRARY_PATH} PYTHONPATH=/autoware/install/tier4_perception_msgs/local/lib/python3.10/dist-packages:/autoware/install/autoware_auto_vehicle_msgs/local/lib/python3.10/dist-packages:/autoware/install/autoware_planning_msgs/local/lib/python3.10/dist-packages:/autoware/install/autoware_auto_planning_msgs/local/lib/python3.10/dist-packages:/autoware/install/autoware_auto_perception_msgs/local/lib/python3.10/dist-packages:/autoware/install/tier4_debug_msgs/local/lib/python3.10/dist-packages:/autoware/install/autoware_common_msgs/local/lib/python3.10/dist-packages:/autoware/install/autoware_auto_mapping_msgs/local/lib/python3.10/dist-packages:/autoware/install/autoware_auto_geometry_msgs/local/lib/python3.10/dist-packages:${PYTHONPATH} /usr/bin/cmake --install /autoware/build/euclidean_cluster
[55.525s] -- Install configuration: "Release"
[55.526s] -- Execute custom install script
[55.526s] -- Symlinking: /autoware/install/euclidean_cluster/lib/euclidean_cluster/euclidean_cluster_node
[55.540s] -- Symlinking: /autoware/install/euclidean_cluster/lib/euclidean_cluster/voxel_grid_based_euclidean_cluster_node
[55.551s] -- Symlinking: /autoware/install/euclidean_cluster/include/euclidean_cluster/euclidean_cluster.hpp
[55.565s] -- Symlinking: /autoware/install/euclidean_cluster/include/euclidean_cluster/euclidean_cluster_interface.hpp
[55.579s] -- Symlinking: /autoware/install/euclidean_cluster/include/euclidean_cluster/utils.hpp
[55.594s] -- Symlinking: /autoware/install/euclidean_cluster/include/euclidean_cluster/voxel_grid_based_euclidean_cluster.hpp
[55.610s] -- Symlinking: /autoware/install/euclidean_cluster/share/euclidean_cluster/environment/library_path.sh
[55.624s] -- Symlinking: /autoware/install/euclidean_cluster/share/euclidean_cluster/environment/library_path.dsv
[55.638s] -- Symlinking: /autoware/install/euclidean_cluster/lib/libcluster_lib.so
[55.653s] -- Symlinking: /autoware/install/euclidean_cluster/lib/libeuclidean_cluster_node_core.so
[55.666s] -- Symlinking: /autoware/install/euclidean_cluster/lib/libvoxel_grid_based_euclidean_cluster_node_core.so
[55.680s] -- Symlinking: /autoware/install/euclidean_cluster/share/euclidean_cluster/launch/euclidean_cluster.launch.py
[55.693s] -- Symlinking: /autoware/install/euclidean_cluster/share/euclidean_cluster/launch/euclidean_cluster.launch.xml
[55.707s] -- Symlinking: /autoware/install/euclidean_cluster/share/euclidean_cluster/launch/voxel_grid_based_euclidean_cluster.launch.py
[55.717s] -- Symlinking: /autoware/install/euclidean_cluster/share/euclidean_cluster/launch/voxel_grid_based_euclidean_cluster.launch.xml
[55.726s] -- Symlinking: /autoware/install/euclidean_cluster/share/euclidean_cluster/config/compare_map.param.yaml
[55.734s] -- Symlinking: /autoware/install/euclidean_cluster/share/euclidean_cluster/config/euclidean_cluster.param.yaml
[55.742s] -- Symlinking: /autoware/install/euclidean_cluster/share/euclidean_cluster/config/outlier.param.yaml
[55.749s] -- Symlinking: /autoware/install/euclidean_cluster/share/euclidean_cluster/config/voxel_grid.param.yaml
[55.757s] -- Symlinking: /autoware/install/euclidean_cluster/share/euclidean_cluster/config/voxel_grid_based_euclidean_cluster.param.yaml
[55.765s] -- Symlinking: /autoware/install/euclidean_cluster/share/ament_index/resource_index/package_run_dependencies/euclidean_cluster
[55.779s] -- Symlinking: /autoware/install/euclidean_cluster/share/ament_index/resource_index/parent_prefix_path/euclidean_cluster
[55.788s] -- Symlinking: /autoware/install/euclidean_cluster/share/euclidean_cluster/environment/ament_prefix_path.sh
[55.797s] -- Symlinking: /autoware/install/euclidean_cluster/share/euclidean_cluster/environment/ament_prefix_path.dsv
[55.811s] -- Symlinking: /autoware/install/euclidean_cluster/share/euclidean_cluster/environment/path.sh
[55.820s] -- Symlinking: /autoware/install/euclidean_cluster/share/euclidean_cluster/environment/path.dsv
[55.829s] -- Symlinking: /autoware/install/euclidean_cluster/share/euclidean_cluster/local_setup.bash
[55.837s] -- Symlinking: /autoware/install/euclidean_cluster/share/euclidean_cluster/local_setup.sh
[55.845s] -- Symlinking: /autoware/install/euclidean_cluster/share/euclidean_cluster/local_setup.zsh
[55.853s] -- Symlinking: /autoware/install/euclidean_cluster/share/euclidean_cluster/local_setup.dsv
[55.861s] -- Symlinking: /autoware/install/euclidean_cluster/share/euclidean_cluster/package.dsv
[55.870s] -- Symlinking: /autoware/install/euclidean_cluster/share/ament_index/resource_index/packages/euclidean_cluster
[55.879s] -- Symlinking: /autoware/install/euclidean_cluster/share/ament_index/resource_index/rclcpp_components/euclidean_cluster
[55.889s] -- Symlinking: /autoware/install/euclidean_cluster/share/euclidean_cluster/cmake/ament_cmake_export_dependencies-extras.cmake
[55.904s] -- Symlinking: /autoware/install/euclidean_cluster/share/euclidean_cluster/cmake/ament_cmake_export_include_directories-extras.cmake
[55.920s] -- Symlinking: /autoware/install/euclidean_cluster/share/euclidean_cluster/cmake/ament_cmake_export_libraries-extras.cmake
[55.929s] -- Symlinking: /autoware/install/euclidean_cluster/share/euclidean_cluster/cmake/euclidean_clusterConfig.cmake
[55.938s] -- Symlinking: /autoware/install/euclidean_cluster/share/euclidean_cluster/cmake/euclidean_clusterConfig-version.cmake
[55.947s] -- Symlinking: /autoware/install/euclidean_cluster/share/euclidean_cluster/package.xml
[55.968s] Invoked command in '/autoware/build/euclidean_cluster' returned '0': AMENT_PREFIX_PATH=/autoware/install/compare_map_segmentation:/autoware/install/pointcloud_preprocessor:/autoware/install/tier4_autoware_utils:/autoware/install/lanelet2_extension:/autoware/install/tier4_perception_msgs:/autoware/install/tier4_pcl_extensions:/autoware/install/autoware_utils:/autoware/install/autoware_point_types:/autoware/install/autoware_auto_vehicle_msgs:/autoware/install/autoware_planning_msgs:/autoware/install/autoware_cmake:/autoware/install/autoware_auto_planning_msgs:/autoware/install/autoware_auto_perception_msgs:/autoware/install/tier4_debug_msgs:/autoware/install/autoware_lint_common:/autoware/install/autoware_common_msgs:/autoware/install/autoware_auto_mapping_msgs:/autoware/install/autoware_auto_geometry_msgs:${AMENT_PREFIX_PATH} CMAKE_PREFIX_PATH=/autoware/install/compare_map_segmentation:/autoware/install/pointcloud_preprocessor:/autoware/install/tier4_autoware_utils:/autoware/install/lanelet2_extension:/autoware/install/tier4_perception_msgs:/autoware/install/tier4_pcl_extensions:/autoware/install/autoware_utils:/autoware/install/autoware_point_types:/autoware/install/autoware_auto_vehicle_msgs:/autoware/install/autoware_planning_msgs:/autoware/install/autoware_cmake:/autoware/install/autoware_auto_planning_msgs:/autoware/install/autoware_auto_perception_msgs:/autoware/install/tier4_debug_msgs:/autoware/install/autoware_lint_common:/autoware/install/autoware_common_msgs:/autoware/install/autoware_auto_mapping_msgs:/autoware/install/autoware_auto_geometry_msgs:/opt/ros/humble LD_LIBRARY_PATH=/autoware/install/compare_map_segmentation/lib:/autoware/install/pointcloud_preprocessor/lib:/autoware/install/tier4_autoware_utils/lib:/autoware/install/lanelet2_extension/lib:/autoware/install/tier4_perception_msgs/lib:/autoware/install/tier4_pcl_extensions/lib:/autoware/install/autoware_utils/lib:/autoware/install/autoware_auto_vehicle_msgs/lib:/autoware/install/autoware_planning_msgs/lib:/autoware/install/autoware_auto_planning_msgs/lib:/autoware/install/autoware_auto_perception_msgs/lib:/autoware/install/tier4_debug_msgs/lib:/autoware/install/autoware_common_msgs/lib:/autoware/install/autoware_auto_mapping_msgs/lib:/autoware/install/autoware_auto_geometry_msgs/lib:${LD_LIBRARY_PATH} PYTHONPATH=/autoware/install/tier4_perception_msgs/local/lib/python3.10/dist-packages:/autoware/install/autoware_auto_vehicle_msgs/local/lib/python3.10/dist-packages:/autoware/install/autoware_planning_msgs/local/lib/python3.10/dist-packages:/autoware/install/autoware_auto_planning_msgs/local/lib/python3.10/dist-packages:/autoware/install/autoware_auto_perception_msgs/local/lib/python3.10/dist-packages:/autoware/install/tier4_debug_msgs/local/lib/python3.10/dist-packages:/autoware/install/autoware_common_msgs/local/lib/python3.10/dist-packages:/autoware/install/autoware_auto_mapping_msgs/local/lib/python3.10/dist-packages:/autoware/install/autoware_auto_geometry_msgs/local/lib/python3.10/dist-packages:${PYTHONPATH} /usr/bin/cmake --install /autoware/build/euclidean_cluster
