[0.063s] Invoking command in '/autoware/build/pose_initializer': AMENT_PREFIX_PATH=/autoware/install/motion_utils:/autoware/install/interpolation:/autoware/install/tier4_autoware_utils:/autoware/install/component_interface_utils:/autoware/install/autoware_auto_vehicle_msgs:/autoware/install/tier4_system_msgs:/autoware/install/component_interface_specs:/autoware/install/autoware_auto_planning_msgs:/autoware/install/autoware_auto_perception_msgs:/autoware/install/tier4_localization_msgs:/autoware/install/tier4_debug_msgs:/autoware/install/autoware_map_msgs:/autoware/install/autoware_common_msgs:/autoware/install/autoware_cmake:/autoware/install/autoware_auto_mapping_msgs:/autoware/install/autoware_auto_geometry_msgs:/autoware/install/autoware_adapi_v1_msgs:/autoware/install/autoware_lint_common:${AMENT_PREFIX_PATH} CMAKE_PREFIX_PATH=/autoware/install/motion_utils:/autoware/install/interpolation:/autoware/install/tier4_autoware_utils:/autoware/install/component_interface_utils:/autoware/install/autoware_auto_vehicle_msgs:/autoware/install/tier4_system_msgs:/autoware/install/component_interface_specs:/autoware/install/autoware_auto_planning_msgs:/autoware/install/autoware_auto_perception_msgs:/autoware/install/tier4_localization_msgs:/autoware/install/tier4_debug_msgs:/autoware/install/autoware_map_msgs:/autoware/install/autoware_common_msgs:/autoware/install/autoware_cmake:/autoware/install/autoware_auto_mapping_msgs:/autoware/install/autoware_auto_geometry_msgs:/autoware/install/autoware_adapi_v1_msgs:/autoware/install/autoware_lint_common:/opt/ros/humble LD_LIBRARY_PATH=/autoware/install/motion_utils/lib:/autoware/install/interpolation/lib:/autoware/install/tier4_autoware_utils/lib:/autoware/install/autoware_auto_vehicle_msgs/lib:/autoware/install/tier4_system_msgs/lib:/autoware/install/autoware_auto_planning_msgs/lib:/autoware/install/autoware_auto_perception_msgs/lib:/autoware/install/tier4_localization_msgs/lib:/autoware/install/tier4_debug_msgs/lib:/autoware/install/autoware_map_msgs/lib:/autoware/install/autoware_common_msgs/lib:/autoware/install/autoware_auto_mapping_msgs/lib:/autoware/install/autoware_auto_geometry_msgs/lib:/autoware/install/autoware_adapi_v1_msgs/lib:${LD_LIBRARY_PATH} PYTHONPATH=/autoware/install/autoware_auto_vehicle_msgs/local/lib/python3.10/dist-packages:/autoware/install/tier4_system_msgs/local/lib/python3.10/dist-packages:/autoware/install/autoware_auto_planning_msgs/local/lib/python3.10/dist-packages:/autoware/install/autoware_auto_perception_msgs/local/lib/python3.10/dist-packages:/autoware/install/tier4_localization_msgs/local/lib/python3.10/dist-packages:/autoware/install/tier4_debug_msgs/local/lib/python3.10/dist-packages:/autoware/install/autoware_map_msgs/local/lib/python3.10/dist-packages:/autoware/install/autoware_common_msgs/local/lib/python3.10/dist-packages:/autoware/install/autoware_auto_mapping_msgs/local/lib/python3.10/dist-packages:/autoware/install/autoware_auto_geometry_msgs/local/lib/python3.10/dist-packages:/autoware/install/autoware_adapi_v1_msgs/local/lib/python3.10/dist-packages:${PYTHONPATH} /usr/bin/cmake --build /autoware/build/pose_initializer -- -j64 -l64
[0.097s] -- Found autoware_cmake: 0.1.0 (/autoware/install/autoware_cmake/share/autoware_cmake/cmake)
[0.098s] -- Found ament_cmake_auto: 1.3.2 (/opt/ros/humble/share/ament_cmake_auto/cmake)
[0.261s] -- Override CMake install command with custom implementation using symlinks instead of copying resources
[0.378s] -- Found rosidl_generator_c: 3.1.3 (/opt/ros/humble/share/rosidl_generator_c/cmake)
[0.380s] -- Found rosidl_adapter: 3.1.3 (/opt/ros/humble/share/rosidl_adapter/cmake)
[0.386s] -- Found rosidl_generator_cpp: 3.1.3 (/opt/ros/humble/share/rosidl_generator_cpp/cmake)
[0.396s] -- Using all available rosidl_typesupport_c: rosidl_typesupport_fastrtps_c;rosidl_typesupport_introspection_c
[0.411s] -- Using all available rosidl_typesupport_cpp: rosidl_typesupport_fastrtps_cpp;rosidl_typesupport_introspection_cpp
[1.051s] -- Found rmw_implementation_cmake: 6.1.0 (/opt/ros/humble/share/rmw_implementation_cmake/cmake)
[1.053s] -- Found rmw_fastrtps_cpp: 6.2.1 (/opt/ros/humble/share/rmw_fastrtps_cpp/cmake)
[1.215s] -- Using RMW implementation 'rmw_fastrtps_cpp' as default
[2.466s] -- Found eigen3_cmake_module: 0.1.1 (/opt/ros/humble/share/eigen3_cmake_module/cmake)
[2.467s] -- Ensuring Eigen3 include directory is part of orocos-kdl CMake target
[4.731s] -- Found ament_lint_auto: 0.12.4 (/opt/ros/humble/share/ament_lint_auto/cmake)
[4.747s] -- Eigen found (include: /usr/include/eigen3, version: 3.4.0)
[4.756s] -- looking for PCL_COMMON
[9.082s] -- Found gmock sources under '/opt/ros/humble/src/gmock_vendor': C++ tests using 'Google Mock' will be built
[9.085s] -- Found ament_cmake_gtest: 1.3.2 (/opt/ros/humble/share/ament_cmake_gtest/cmake)
[9.086s] -- Found gtest sources under '/opt/ros/humble/src/gtest_vendor': C++ tests using 'Google Test' will be built
[11.356s] -- Added test 'cppcheck' to perform static code analysis on C / C++ code
[11.357s] -- Configured cppcheck include dirs: /autoware/src/universe/autoware.universe/localization/pose_initializer/include
[11.357s] -- Configured cppcheck exclude dirs and/or files: 
[11.357s] -- Added test 'copyright' to check source files copyright and LICENSE
[11.359s] -- Added test 'lint_cmake' to check CMake code style
[11.360s] -- Added test 'xmllint' to check XML markup files
[11.363s] -- Configuring done
[11.714s] -- Generating done
[11.717s] -- Build files have been written to: /autoware/build/pose_initializer
[11.773s] Consolidate compiler generated dependencies of target gmock_main
[11.776s] Consolidate compiler generated dependencies of target gmock
[11.792s] Consolidate compiler generated dependencies of target pose_initializer_node
[11.799s] Consolidate compiler generated dependencies of target map_height_fitter
[11.805s] [ 11%] Built target gmock_main
[11.809s] [ 29%] Built target gmock
[11.823s] [ 35%] Building CXX object CMakeFiles/pose_initializer_node.dir/src/pose_initializer/pose_initializer_node.cpp.o
[11.829s] [ 41%] Building CXX object CMakeFiles/pose_initializer_node.dir/src/pose_initializer/localization_trigger_module.cpp.o
[11.830s] [ 47%] Building CXX object CMakeFiles/pose_initializer_node.dir/src/pose_initializer/ndt_module.cpp.o
[11.830s] [ 52%] Building CXX object CMakeFiles/pose_initializer_node.dir/src/pose_initializer/gnss_module.cpp.o
[11.832s] [ 58%] Building CXX object CMakeFiles/pose_initializer_node.dir/src/pose_initializer/pose_initializer_core.cpp.o
[11.840s] Consolidate compiler generated dependencies of target test_copy_vector_to_array
[11.857s] [ 64%] Linking CXX executable map_height_fitter
[11.875s] [ 70%] Linking CXX executable test_copy_vector_to_array
[12.353s] [ 82%] Built target map_height_fitter
[15.109s] [ 88%] Built target test_copy_vector_to_array
[24.949s] [ 94%] Linking CXX executable pose_initializer_node
[25.277s] [100%] Built target pose_initializer_node
[25.287s] Invoked command in '/autoware/build/pose_initializer' returned '0': AMENT_PREFIX_PATH=/autoware/install/motion_utils:/autoware/install/interpolation:/autoware/install/tier4_autoware_utils:/autoware/install/component_interface_utils:/autoware/install/autoware_auto_vehicle_msgs:/autoware/install/tier4_system_msgs:/autoware/install/component_interface_specs:/autoware/install/autoware_auto_planning_msgs:/autoware/install/autoware_auto_perception_msgs:/autoware/install/tier4_localization_msgs:/autoware/install/tier4_debug_msgs:/autoware/install/autoware_map_msgs:/autoware/install/autoware_common_msgs:/autoware/install/autoware_cmake:/autoware/install/autoware_auto_mapping_msgs:/autoware/install/autoware_auto_geometry_msgs:/autoware/install/autoware_adapi_v1_msgs:/autoware/install/autoware_lint_common:${AMENT_PREFIX_PATH} CMAKE_PREFIX_PATH=/autoware/install/motion_utils:/autoware/install/interpolation:/autoware/install/tier4_autoware_utils:/autoware/install/component_interface_utils:/autoware/install/autoware_auto_vehicle_msgs:/autoware/install/tier4_system_msgs:/autoware/install/component_interface_specs:/autoware/install/autoware_auto_planning_msgs:/autoware/install/autoware_auto_perception_msgs:/autoware/install/tier4_localization_msgs:/autoware/install/tier4_debug_msgs:/autoware/install/autoware_map_msgs:/autoware/install/autoware_common_msgs:/autoware/install/autoware_cmake:/autoware/install/autoware_auto_mapping_msgs:/autoware/install/autoware_auto_geometry_msgs:/autoware/install/autoware_adapi_v1_msgs:/autoware/install/autoware_lint_common:/opt/ros/humble LD_LIBRARY_PATH=/autoware/install/motion_utils/lib:/autoware/install/interpolation/lib:/autoware/install/tier4_autoware_utils/lib:/autoware/install/autoware_auto_vehicle_msgs/lib:/autoware/install/tier4_system_msgs/lib:/autoware/install/autoware_auto_planning_msgs/lib:/autoware/install/autoware_auto_perception_msgs/lib:/autoware/install/tier4_localization_msgs/lib:/autoware/install/tier4_debug_msgs/lib:/autoware/install/autoware_map_msgs/lib:/autoware/install/autoware_common_msgs/lib:/autoware/install/autoware_auto_mapping_msgs/lib:/autoware/install/autoware_auto_geometry_msgs/lib:/autoware/install/autoware_adapi_v1_msgs/lib:${LD_LIBRARY_PATH} PYTHONPATH=/autoware/install/autoware_auto_vehicle_msgs/local/lib/python3.10/dist-packages:/autoware/install/tier4_system_msgs/local/lib/python3.10/dist-packages:/autoware/install/autoware_auto_planning_msgs/local/lib/python3.10/dist-packages:/autoware/install/autoware_auto_perception_msgs/local/lib/python3.10/dist-packages:/autoware/install/tier4_localization_msgs/local/lib/python3.10/dist-packages:/autoware/install/tier4_debug_msgs/local/lib/python3.10/dist-packages:/autoware/install/autoware_map_msgs/local/lib/python3.10/dist-packages:/autoware/install/autoware_common_msgs/local/lib/python3.10/dist-packages:/autoware/install/autoware_auto_mapping_msgs/local/lib/python3.10/dist-packages:/autoware/install/autoware_auto_geometry_msgs/local/lib/python3.10/dist-packages:/autoware/install/autoware_adapi_v1_msgs/local/lib/python3.10/dist-packages:${PYTHONPATH} /usr/bin/cmake --build /autoware/build/pose_initializer -- -j64 -l64
[25.317s] Invoking command in '/autoware/build/pose_initializer': AMENT_PREFIX_PATH=/autoware/install/motion_utils:/autoware/install/interpolation:/autoware/install/tier4_autoware_utils:/autoware/install/component_interface_utils:/autoware/install/autoware_auto_vehicle_msgs:/autoware/install/tier4_system_msgs:/autoware/install/component_interface_specs:/autoware/install/autoware_auto_planning_msgs:/autoware/install/autoware_auto_perception_msgs:/autoware/install/tier4_localization_msgs:/autoware/install/tier4_debug_msgs:/autoware/install/autoware_map_msgs:/autoware/install/autoware_common_msgs:/autoware/install/autoware_cmake:/autoware/install/autoware_auto_mapping_msgs:/autoware/install/autoware_auto_geometry_msgs:/autoware/install/autoware_adapi_v1_msgs:/autoware/install/autoware_lint_common:${AMENT_PREFIX_PATH} CMAKE_PREFIX_PATH=/autoware/install/motion_utils:/autoware/install/interpolation:/autoware/install/tier4_autoware_utils:/autoware/install/component_interface_utils:/autoware/install/autoware_auto_vehicle_msgs:/autoware/install/tier4_system_msgs:/autoware/install/component_interface_specs:/autoware/install/autoware_auto_planning_msgs:/autoware/install/autoware_auto_perception_msgs:/autoware/install/tier4_localization_msgs:/autoware/install/tier4_debug_msgs:/autoware/install/autoware_map_msgs:/autoware/install/autoware_common_msgs:/autoware/install/autoware_cmake:/autoware/install/autoware_auto_mapping_msgs:/autoware/install/autoware_auto_geometry_msgs:/autoware/install/autoware_adapi_v1_msgs:/autoware/install/autoware_lint_common:/opt/ros/humble LD_LIBRARY_PATH=/autoware/install/motion_utils/lib:/autoware/install/interpolation/lib:/autoware/install/tier4_autoware_utils/lib:/autoware/install/autoware_auto_vehicle_msgs/lib:/autoware/install/tier4_system_msgs/lib:/autoware/install/autoware_auto_planning_msgs/lib:/autoware/install/autoware_auto_perception_msgs/lib:/autoware/install/tier4_localization_msgs/lib:/autoware/install/tier4_debug_msgs/lib:/autoware/install/autoware_map_msgs/lib:/autoware/install/autoware_common_msgs/lib:/autoware/install/autoware_auto_mapping_msgs/lib:/autoware/install/autoware_auto_geometry_msgs/lib:/autoware/install/autoware_adapi_v1_msgs/lib:${LD_LIBRARY_PATH} PYTHONPATH=/autoware/install/autoware_auto_vehicle_msgs/local/lib/python3.10/dist-packages:/autoware/install/tier4_system_msgs/local/lib/python3.10/dist-packages:/autoware/install/autoware_auto_planning_msgs/local/lib/python3.10/dist-packages:/autoware/install/autoware_auto_perception_msgs/local/lib/python3.10/dist-packages:/autoware/install/tier4_localization_msgs/local/lib/python3.10/dist-packages:/autoware/install/tier4_debug_msgs/local/lib/python3.10/dist-packages:/autoware/install/autoware_map_msgs/local/lib/python3.10/dist-packages:/autoware/install/autoware_common_msgs/local/lib/python3.10/dist-packages:/autoware/install/autoware_auto_mapping_msgs/local/lib/python3.10/dist-packages:/autoware/install/autoware_auto_geometry_msgs/local/lib/python3.10/dist-packages:/autoware/install/autoware_adapi_v1_msgs/local/lib/python3.10/dist-packages:${PYTHONPATH} /usr/bin/cmake --install /autoware/build/pose_initializer
[25.325s] -- Install configuration: "Release"
[25.325s] -- Execute custom install script
[25.325s] -- Up-to-date symlink: /autoware/install/pose_initializer/lib/pose_initializer/pose_initializer_node
[25.326s] -- Up-to-date symlink: /autoware/install/pose_initializer/lib/pose_initializer/map_height_fitter
[25.326s] -- Up-to-date symlink: /autoware/install/pose_initializer/share/pose_initializer/launch/pose_initializer.launch.xml
[25.326s] -- Up-to-date symlink: /autoware/install/pose_initializer/share/pose_initializer/config/pose_initializer.param.yaml
[25.326s] -- Up-to-date symlink: /autoware/install/pose_initializer/share/ament_index/resource_index/package_run_dependencies/pose_initializer
[25.327s] -- Up-to-date symlink: /autoware/install/pose_initializer/share/ament_index/resource_index/parent_prefix_path/pose_initializer
[25.327s] -- Up-to-date symlink: /autoware/install/pose_initializer/share/pose_initializer/environment/ament_prefix_path.sh
[25.327s] -- Up-to-date symlink: /autoware/install/pose_initializer/share/pose_initializer/environment/ament_prefix_path.dsv
[25.327s] -- Up-to-date symlink: /autoware/install/pose_initializer/share/pose_initializer/environment/path.sh
[25.328s] -- Up-to-date symlink: /autoware/install/pose_initializer/share/pose_initializer/environment/path.dsv
[25.328s] -- Up-to-date symlink: /autoware/install/pose_initializer/share/pose_initializer/local_setup.bash
[25.328s] -- Up-to-date symlink: /autoware/install/pose_initializer/share/pose_initializer/local_setup.sh
[25.328s] -- Up-to-date symlink: /autoware/install/pose_initializer/share/pose_initializer/local_setup.zsh
[25.328s] -- Up-to-date symlink: /autoware/install/pose_initializer/share/pose_initializer/local_setup.dsv
[25.328s] -- Symlinking: /autoware/install/pose_initializer/share/pose_initializer/package.dsv
[25.336s] -- Up-to-date symlink: /autoware/install/pose_initializer/share/ament_index/resource_index/packages/pose_initializer
[25.336s] -- Up-to-date symlink: /autoware/install/pose_initializer/share/pose_initializer/cmake/ament_cmake_export_dependencies-extras.cmake
[25.336s] -- Up-to-date symlink: /autoware/install/pose_initializer/share/pose_initializer/cmake/pose_initializerConfig.cmake
[25.336s] -- Up-to-date symlink: /autoware/install/pose_initializer/share/pose_initializer/cmake/pose_initializerConfig-version.cmake
[25.337s] -- Up-to-date symlink: /autoware/install/pose_initializer/share/pose_initializer/package.xml
[25.347s] Invoked command in '/autoware/build/pose_initializer' returned '0': AMENT_PREFIX_PATH=/autoware/install/motion_utils:/autoware/install/interpolation:/autoware/install/tier4_autoware_utils:/autoware/install/component_interface_utils:/autoware/install/autoware_auto_vehicle_msgs:/autoware/install/tier4_system_msgs:/autoware/install/component_interface_specs:/autoware/install/autoware_auto_planning_msgs:/autoware/install/autoware_auto_perception_msgs:/autoware/install/tier4_localization_msgs:/autoware/install/tier4_debug_msgs:/autoware/install/autoware_map_msgs:/autoware/install/autoware_common_msgs:/autoware/install/autoware_cmake:/autoware/install/autoware_auto_mapping_msgs:/autoware/install/autoware_auto_geometry_msgs:/autoware/install/autoware_adapi_v1_msgs:/autoware/install/autoware_lint_common:${AMENT_PREFIX_PATH} CMAKE_PREFIX_PATH=/autoware/install/motion_utils:/autoware/install/interpolation:/autoware/install/tier4_autoware_utils:/autoware/install/component_interface_utils:/autoware/install/autoware_auto_vehicle_msgs:/autoware/install/tier4_system_msgs:/autoware/install/component_interface_specs:/autoware/install/autoware_auto_planning_msgs:/autoware/install/autoware_auto_perception_msgs:/autoware/install/tier4_localization_msgs:/autoware/install/tier4_debug_msgs:/autoware/install/autoware_map_msgs:/autoware/install/autoware_common_msgs:/autoware/install/autoware_cmake:/autoware/install/autoware_auto_mapping_msgs:/autoware/install/autoware_auto_geometry_msgs:/autoware/install/autoware_adapi_v1_msgs:/autoware/install/autoware_lint_common:/opt/ros/humble LD_LIBRARY_PATH=/autoware/install/motion_utils/lib:/autoware/install/interpolation/lib:/autoware/install/tier4_autoware_utils/lib:/autoware/install/autoware_auto_vehicle_msgs/lib:/autoware/install/tier4_system_msgs/lib:/autoware/install/autoware_auto_planning_msgs/lib:/autoware/install/autoware_auto_perception_msgs/lib:/autoware/install/tier4_localization_msgs/lib:/autoware/install/tier4_debug_msgs/lib:/autoware/install/autoware_map_msgs/lib:/autoware/install/autoware_common_msgs/lib:/autoware/install/autoware_auto_mapping_msgs/lib:/autoware/install/autoware_auto_geometry_msgs/lib:/autoware/install/autoware_adapi_v1_msgs/lib:${LD_LIBRARY_PATH} PYTHONPATH=/autoware/install/autoware_auto_vehicle_msgs/local/lib/python3.10/dist-packages:/autoware/install/tier4_system_msgs/local/lib/python3.10/dist-packages:/autoware/install/autoware_auto_planning_msgs/local/lib/python3.10/dist-packages:/autoware/install/autoware_auto_perception_msgs/local/lib/python3.10/dist-packages:/autoware/install/tier4_localization_msgs/local/lib/python3.10/dist-packages:/autoware/install/tier4_debug_msgs/local/lib/python3.10/dist-packages:/autoware/install/autoware_map_msgs/local/lib/python3.10/dist-packages:/autoware/install/autoware_common_msgs/local/lib/python3.10/dist-packages:/autoware/install/autoware_auto_mapping_msgs/local/lib/python3.10/dist-packages:/autoware/install/autoware_auto_geometry_msgs/local/lib/python3.10/dist-packages:/autoware/install/autoware_adapi_v1_msgs/local/lib/python3.10/dist-packages:${PYTHONPATH} /usr/bin/cmake --install /autoware/build/pose_initializer
