[0.025s] Invoking command in '/autoware/build/radar_fusion_to_detected_object': AMENT_PREFIX_PATH=/autoware/install/tier4_autoware_utils:/autoware/install/autoware_auto_vehicle_msgs:/autoware/install/autoware_cmake:/autoware/install/autoware_auto_planning_msgs:/autoware/install/autoware_auto_perception_msgs:/autoware/install/tier4_debug_msgs:/autoware/install/autoware_lint_common:/autoware/install/autoware_auto_mapping_msgs:/autoware/install/autoware_auto_geometry_msgs:${AMENT_PREFIX_PATH} CMAKE_PREFIX_PATH=/autoware/install/tier4_autoware_utils:/autoware/install/autoware_auto_vehicle_msgs:/autoware/install/autoware_cmake:/autoware/install/autoware_auto_planning_msgs:/autoware/install/autoware_auto_perception_msgs:/autoware/install/tier4_debug_msgs:/autoware/install/autoware_lint_common:/autoware/install/autoware_auto_mapping_msgs:/autoware/install/autoware_auto_geometry_msgs:/opt/ros/humble LD_LIBRARY_PATH=/autoware/install/tier4_autoware_utils/lib:/autoware/install/autoware_auto_vehicle_msgs/lib:/autoware/install/autoware_auto_planning_msgs/lib:/autoware/install/autoware_auto_perception_msgs/lib:/autoware/install/tier4_debug_msgs/lib:/autoware/install/autoware_auto_mapping_msgs/lib:/autoware/install/autoware_auto_geometry_msgs/lib:${LD_LIBRARY_PATH} PYTHONPATH=/autoware/install/autoware_auto_vehicle_msgs/local/lib/python3.10/dist-packages:/autoware/install/autoware_auto_planning_msgs/local/lib/python3.10/dist-packages:/autoware/install/autoware_auto_perception_msgs/local/lib/python3.10/dist-packages:/autoware/install/tier4_debug_msgs/local/lib/python3.10/dist-packages:/autoware/install/autoware_auto_mapping_msgs/local/lib/python3.10/dist-packages:/autoware/install/autoware_auto_geometry_msgs/local/lib/python3.10/dist-packages:${PYTHONPATH} /usr/bin/cmake /autoware/src/universe/autoware.universe/perception/radar_fusion_to_detected_object -DCMAKE_BUILD_TYPE=Release -DAMENT_CMAKE_SYMLINK_INSTALL=1 -DCMAKE_INSTALL_PREFIX=/autoware/install/radar_fusion_to_detected_object
[0.069s] -- The C compiler identification is GNU 11.3.0
[0.116s] -- The CXX compiler identification is GNU 11.3.0
[0.122s] -- Detecting C compiler ABI info
[0.184s] -- Detecting C compiler ABI info - done
[0.196s] -- Check for working C compiler: /usr/bin/cc - skipped
[0.196s] -- Detecting C compile features
[0.196s] -- Detecting C compile features - done
[0.201s] -- Detecting CXX compiler ABI info
[0.275s] -- Detecting CXX compiler ABI info - done
[0.286s] -- Check for working CXX compiler: /usr/bin/c++ - skipped
[0.286s] -- Detecting CXX compile features
[0.287s] -- Detecting CXX compile features - done
[0.288s] -- Found autoware_cmake: 0.1.0 (/autoware/install/autoware_cmake/share/autoware_cmake/cmake)
[0.475s] -- Found Python3: /usr/bin/python3.10 (found version "3.10.6") found components: Interpreter 
[0.543s] -- Override CMake install command with custom implementation using symlinks instead of copying resources
[0.736s] -- Found rosidl_generator_c: 3.1.3 (/opt/ros/humble/share/rosidl_generator_c/cmake)
[0.742s] -- Found rosidl_adapter: 3.1.3 (/opt/ros/humble/share/rosidl_adapter/cmake)
[0.751s] -- Found rosidl_generator_cpp: 3.1.3 (/opt/ros/humble/share/rosidl_generator_cpp/cmake)
[0.766s] -- Using all available rosidl_typesupport_c: rosidl_typesupport_fastrtps_c;rosidl_typesupport_introspection_c
[0.788s] -- Using all available rosidl_typesupport_cpp: rosidl_typesupport_fastrtps_cpp;rosidl_typesupport_introspection_cpp
[1.279s] -- Found rmw_implementation_cmake: 6.1.0 (/opt/ros/humble/share/rmw_implementation_cmake/cmake)
[1.283s] -- Found rmw_fastrtps_cpp: 6.2.1 (/opt/ros/humble/share/rmw_fastrtps_cpp/cmake)
[1.378s] -- Found OpenSSL: /usr/lib/x86_64-linux-gnu/libcrypto.so (found version "3.0.2")  
[1.413s] -- Found FastRTPS: /opt/ros/humble/include  
[1.460s] -- Using RMW implementation 'rmw_fastrtps_cpp' as default
[2.460s] -- Found eigen3_cmake_module: 0.1.1 (/opt/ros/humble/share/eigen3_cmake_module/cmake)
[2.461s] -- Found Eigen3: TRUE (found version "3.4.0") 
[2.461s] -- Ensuring Eigen3 include directory is part of orocos-kdl CMake target
[2.840s] -- Found ament_lint_auto: 0.12.4 (/opt/ros/humble/share/ament_lint_auto/cmake)
[3.160s] -- Added test 'copyright' to check source files copyright and LICENSE
[3.161s] -- Added test 'cppcheck' to perform static code analysis on C / C++ code
[3.162s] -- Configured cppcheck include dirs: /autoware/src/universe/autoware.universe/perception/radar_fusion_to_detected_object/include
[3.162s] -- Configured cppcheck exclude dirs and/or files: 
[3.163s] -- Added test 'cpplint' to check C / C++ code against the Google style
[3.163s] -- Configured cpplint exclude dirs and/or files: 
[3.164s] -- Added test 'lint_cmake' to check CMake code style
[3.165s] -- Added test 'xmllint' to check XML markup files
[3.169s] -- Configuring done
[3.211s] -- Generating done
[3.213s] -- Build files have been written to: /autoware/build/radar_fusion_to_detected_object
[3.224s] Invoked command in '/autoware/build/radar_fusion_to_detected_object' returned '0': AMENT_PREFIX_PATH=/autoware/install/tier4_autoware_utils:/autoware/install/autoware_auto_vehicle_msgs:/autoware/install/autoware_cmake:/autoware/install/autoware_auto_planning_msgs:/autoware/install/autoware_auto_perception_msgs:/autoware/install/tier4_debug_msgs:/autoware/install/autoware_lint_common:/autoware/install/autoware_auto_mapping_msgs:/autoware/install/autoware_auto_geometry_msgs:${AMENT_PREFIX_PATH} CMAKE_PREFIX_PATH=/autoware/install/tier4_autoware_utils:/autoware/install/autoware_auto_vehicle_msgs:/autoware/install/autoware_cmake:/autoware/install/autoware_auto_planning_msgs:/autoware/install/autoware_auto_perception_msgs:/autoware/install/tier4_debug_msgs:/autoware/install/autoware_lint_common:/autoware/install/autoware_auto_mapping_msgs:/autoware/install/autoware_auto_geometry_msgs:/opt/ros/humble LD_LIBRARY_PATH=/autoware/install/tier4_autoware_utils/lib:/autoware/install/autoware_auto_vehicle_msgs/lib:/autoware/install/autoware_auto_planning_msgs/lib:/autoware/install/autoware_auto_perception_msgs/lib:/autoware/install/tier4_debug_msgs/lib:/autoware/install/autoware_auto_mapping_msgs/lib:/autoware/install/autoware_auto_geometry_msgs/lib:${LD_LIBRARY_PATH} PYTHONPATH=/autoware/install/autoware_auto_vehicle_msgs/local/lib/python3.10/dist-packages:/autoware/install/autoware_auto_planning_msgs/local/lib/python3.10/dist-packages:/autoware/install/autoware_auto_perception_msgs/local/lib/python3.10/dist-packages:/autoware/install/tier4_debug_msgs/local/lib/python3.10/dist-packages:/autoware/install/autoware_auto_mapping_msgs/local/lib/python3.10/dist-packages:/autoware/install/autoware_auto_geometry_msgs/local/lib/python3.10/dist-packages:${PYTHONPATH} /usr/bin/cmake /autoware/src/universe/autoware.universe/perception/radar_fusion_to_detected_object -DCMAKE_BUILD_TYPE=Release -DAMENT_CMAKE_SYMLINK_INSTALL=1 -DCMAKE_INSTALL_PREFIX=/autoware/install/radar_fusion_to_detected_object
[3.226s] Invoking command in '/autoware/build/radar_fusion_to_detected_object': AMENT_PREFIX_PATH=/autoware/install/tier4_autoware_utils:/autoware/install/autoware_auto_vehicle_msgs:/autoware/install/autoware_cmake:/autoware/install/autoware_auto_planning_msgs:/autoware/install/autoware_auto_perception_msgs:/autoware/install/tier4_debug_msgs:/autoware/install/autoware_lint_common:/autoware/install/autoware_auto_mapping_msgs:/autoware/install/autoware_auto_geometry_msgs:${AMENT_PREFIX_PATH} CMAKE_PREFIX_PATH=/autoware/install/tier4_autoware_utils:/autoware/install/autoware_auto_vehicle_msgs:/autoware/install/autoware_cmake:/autoware/install/autoware_auto_planning_msgs:/autoware/install/autoware_auto_perception_msgs:/autoware/install/tier4_debug_msgs:/autoware/install/autoware_lint_common:/autoware/install/autoware_auto_mapping_msgs:/autoware/install/autoware_auto_geometry_msgs:/opt/ros/humble LD_LIBRARY_PATH=/autoware/install/tier4_autoware_utils/lib:/autoware/install/autoware_auto_vehicle_msgs/lib:/autoware/install/autoware_auto_planning_msgs/lib:/autoware/install/autoware_auto_perception_msgs/lib:/autoware/install/tier4_debug_msgs/lib:/autoware/install/autoware_auto_mapping_msgs/lib:/autoware/install/autoware_auto_geometry_msgs/lib:${LD_LIBRARY_PATH} PYTHONPATH=/autoware/install/autoware_auto_vehicle_msgs/local/lib/python3.10/dist-packages:/autoware/install/autoware_auto_planning_msgs/local/lib/python3.10/dist-packages:/autoware/install/autoware_auto_perception_msgs/local/lib/python3.10/dist-packages:/autoware/install/tier4_debug_msgs/local/lib/python3.10/dist-packages:/autoware/install/autoware_auto_mapping_msgs/local/lib/python3.10/dist-packages:/autoware/install/autoware_auto_geometry_msgs/local/lib/python3.10/dist-packages:${PYTHONPATH} /usr/bin/cmake --build /autoware/build/radar_fusion_to_detected_object -- -j64 -l64
[3.268s] [ 20%] Building CXX object CMakeFiles/radar_object_fusion_to_detected_object_node.dir/rclcpp_components/node_main_radar_object_fusion_to_detected_object_node.cpp.o
[3.271s] [ 40%] Building CXX object CMakeFiles/radar_object_fusion_to_detected_object_node_component.dir/src/radar_object_fusion_to_detected_object_node/radar_object_fusion_to_detected_object_node.cpp.o
[3.272s] [ 60%] Building CXX object CMakeFiles/radar_object_fusion_to_detected_object_node_component.dir/src/radar_fusion_to_detected_object.cpp.o
[6.467s] [ 80%] Linking CXX executable radar_object_fusion_to_detected_object_node
[6.552s] [ 80%] Built target radar_object_fusion_to_detected_object_node
[25.048s] [100%] Linking CXX shared library libradar_object_fusion_to_detected_object_node_component.so
[25.284s] [100%] Built target radar_object_fusion_to_detected_object_node_component
[25.292s] Invoked command in '/autoware/build/radar_fusion_to_detected_object' returned '0': AMENT_PREFIX_PATH=/autoware/install/tier4_autoware_utils:/autoware/install/autoware_auto_vehicle_msgs:/autoware/install/autoware_cmake:/autoware/install/autoware_auto_planning_msgs:/autoware/install/autoware_auto_perception_msgs:/autoware/install/tier4_debug_msgs:/autoware/install/autoware_lint_common:/autoware/install/autoware_auto_mapping_msgs:/autoware/install/autoware_auto_geometry_msgs:${AMENT_PREFIX_PATH} CMAKE_PREFIX_PATH=/autoware/install/tier4_autoware_utils:/autoware/install/autoware_auto_vehicle_msgs:/autoware/install/autoware_cmake:/autoware/install/autoware_auto_planning_msgs:/autoware/install/autoware_auto_perception_msgs:/autoware/install/tier4_debug_msgs:/autoware/install/autoware_lint_common:/autoware/install/autoware_auto_mapping_msgs:/autoware/install/autoware_auto_geometry_msgs:/opt/ros/humble LD_LIBRARY_PATH=/autoware/install/tier4_autoware_utils/lib:/autoware/install/autoware_auto_vehicle_msgs/lib:/autoware/install/autoware_auto_planning_msgs/lib:/autoware/install/autoware_auto_perception_msgs/lib:/autoware/install/tier4_debug_msgs/lib:/autoware/install/autoware_auto_mapping_msgs/lib:/autoware/install/autoware_auto_geometry_msgs/lib:${LD_LIBRARY_PATH} PYTHONPATH=/autoware/install/autoware_auto_vehicle_msgs/local/lib/python3.10/dist-packages:/autoware/install/autoware_auto_planning_msgs/local/lib/python3.10/dist-packages:/autoware/install/autoware_auto_perception_msgs/local/lib/python3.10/dist-packages:/autoware/install/tier4_debug_msgs/local/lib/python3.10/dist-packages:/autoware/install/autoware_auto_mapping_msgs/local/lib/python3.10/dist-packages:/autoware/install/autoware_auto_geometry_msgs/local/lib/python3.10/dist-packages:${PYTHONPATH} /usr/bin/cmake --build /autoware/build/radar_fusion_to_detected_object -- -j64 -l64
[25.312s] Invoking command in '/autoware/build/radar_fusion_to_detected_object': AMENT_PREFIX_PATH=/autoware/install/tier4_autoware_utils:/autoware/install/autoware_auto_vehicle_msgs:/autoware/install/autoware_cmake:/autoware/install/autoware_auto_planning_msgs:/autoware/install/autoware_auto_perception_msgs:/autoware/install/tier4_debug_msgs:/autoware/install/autoware_lint_common:/autoware/install/autoware_auto_mapping_msgs:/autoware/install/autoware_auto_geometry_msgs:${AMENT_PREFIX_PATH} CMAKE_PREFIX_PATH=/autoware/install/tier4_autoware_utils:/autoware/install/autoware_auto_vehicle_msgs:/autoware/install/autoware_cmake:/autoware/install/autoware_auto_planning_msgs:/autoware/install/autoware_auto_perception_msgs:/autoware/install/tier4_debug_msgs:/autoware/install/autoware_lint_common:/autoware/install/autoware_auto_mapping_msgs:/autoware/install/autoware_auto_geometry_msgs:/opt/ros/humble LD_LIBRARY_PATH=/autoware/install/tier4_autoware_utils/lib:/autoware/install/autoware_auto_vehicle_msgs/lib:/autoware/install/autoware_auto_planning_msgs/lib:/autoware/install/autoware_auto_perception_msgs/lib:/autoware/install/tier4_debug_msgs/lib:/autoware/install/autoware_auto_mapping_msgs/lib:/autoware/install/autoware_auto_geometry_msgs/lib:${LD_LIBRARY_PATH} PYTHONPATH=/autoware/install/autoware_auto_vehicle_msgs/local/lib/python3.10/dist-packages:/autoware/install/autoware_auto_planning_msgs/local/lib/python3.10/dist-packages:/autoware/install/autoware_auto_perception_msgs/local/lib/python3.10/dist-packages:/autoware/install/tier4_debug_msgs/local/lib/python3.10/dist-packages:/autoware/install/autoware_auto_mapping_msgs/local/lib/python3.10/dist-packages:/autoware/install/autoware_auto_geometry_msgs/local/lib/python3.10/dist-packages:${PYTHONPATH} /usr/bin/cmake --install /autoware/build/radar_fusion_to_detected_object
[25.316s] -- Install configuration: "Release"
[25.317s] -- Execute custom install script
[25.317s] -- Symlinking: /autoware/install/radar_fusion_to_detected_object/lib/radar_fusion_to_detected_object/radar_object_fusion_to_detected_object_node
[25.324s] -- Symlinking: /autoware/install/radar_fusion_to_detected_object/include/radar_fusion_to_detected_object.hpp
[25.330s] -- Symlinking: /autoware/install/radar_fusion_to_detected_object/include/radar_object_fusion_to_detected_object/radar_object_fusion_to_detected_object_node.hpp
[25.336s] -- Symlinking: /autoware/install/radar_fusion_to_detected_object/share/radar_fusion_to_detected_object/environment/library_path.sh
[25.342s] -- Symlinking: /autoware/install/radar_fusion_to_detected_object/share/radar_fusion_to_detected_object/environment/library_path.dsv
[25.348s] -- Symlinking: /autoware/install/radar_fusion_to_detected_object/lib/libradar_object_fusion_to_detected_object_node_component.so
[25.354s] -- Symlinking: /autoware/install/radar_fusion_to_detected_object/share/radar_fusion_to_detected_object/config/radar_object_fusion_to_detected_object.param.yaml
[25.359s] -- Symlinking: /autoware/install/radar_fusion_to_detected_object/share/radar_fusion_to_detected_object/launch/radar_object_fusion_to_detected_object.launch.xml
[25.365s] -- Symlinking: /autoware/install/radar_fusion_to_detected_object/share/ament_index/resource_index/package_run_dependencies/radar_fusion_to_detected_object
[25.371s] -- Symlinking: /autoware/install/radar_fusion_to_detected_object/share/ament_index/resource_index/parent_prefix_path/radar_fusion_to_detected_object
[25.377s] -- Symlinking: /autoware/install/radar_fusion_to_detected_object/share/radar_fusion_to_detected_object/environment/ament_prefix_path.sh
[25.382s] -- Symlinking: /autoware/install/radar_fusion_to_detected_object/share/radar_fusion_to_detected_object/environment/ament_prefix_path.dsv
[25.388s] -- Symlinking: /autoware/install/radar_fusion_to_detected_object/share/radar_fusion_to_detected_object/environment/path.sh
[25.394s] -- Symlinking: /autoware/install/radar_fusion_to_detected_object/share/radar_fusion_to_detected_object/environment/path.dsv
[25.399s] -- Symlinking: /autoware/install/radar_fusion_to_detected_object/share/radar_fusion_to_detected_object/local_setup.bash
[25.405s] -- Symlinking: /autoware/install/radar_fusion_to_detected_object/share/radar_fusion_to_detected_object/local_setup.sh
[25.410s] -- Symlinking: /autoware/install/radar_fusion_to_detected_object/share/radar_fusion_to_detected_object/local_setup.zsh
[25.416s] -- Symlinking: /autoware/install/radar_fusion_to_detected_object/share/radar_fusion_to_detected_object/local_setup.dsv
[25.421s] -- Symlinking: /autoware/install/radar_fusion_to_detected_object/share/radar_fusion_to_detected_object/package.dsv
[25.427s] -- Symlinking: /autoware/install/radar_fusion_to_detected_object/share/ament_index/resource_index/packages/radar_fusion_to_detected_object
[25.433s] -- Symlinking: /autoware/install/radar_fusion_to_detected_object/share/ament_index/resource_index/rclcpp_components/radar_fusion_to_detected_object
[25.438s] -- Symlinking: /autoware/install/radar_fusion_to_detected_object/share/radar_fusion_to_detected_object/cmake/ament_cmake_export_dependencies-extras.cmake
[25.444s] -- Symlinking: /autoware/install/radar_fusion_to_detected_object/share/radar_fusion_to_detected_object/cmake/ament_cmake_export_include_directories-extras.cmake
[25.449s] -- Symlinking: /autoware/install/radar_fusion_to_detected_object/share/radar_fusion_to_detected_object/cmake/ament_cmake_export_libraries-extras.cmake
[25.455s] -- Symlinking: /autoware/install/radar_fusion_to_detected_object/share/radar_fusion_to_detected_object/cmake/radar_fusion_to_detected_objectConfig.cmake
[25.460s] -- Symlinking: /autoware/install/radar_fusion_to_detected_object/share/radar_fusion_to_detected_object/cmake/radar_fusion_to_detected_objectConfig-version.cmake
[25.466s] -- Symlinking: /autoware/install/radar_fusion_to_detected_object/share/radar_fusion_to_detected_object/package.xml
[25.478s] Invoked command in '/autoware/build/radar_fusion_to_detected_object' returned '0': AMENT_PREFIX_PATH=/autoware/install/tier4_autoware_utils:/autoware/install/autoware_auto_vehicle_msgs:/autoware/install/autoware_cmake:/autoware/install/autoware_auto_planning_msgs:/autoware/install/autoware_auto_perception_msgs:/autoware/install/tier4_debug_msgs:/autoware/install/autoware_lint_common:/autoware/install/autoware_auto_mapping_msgs:/autoware/install/autoware_auto_geometry_msgs:${AMENT_PREFIX_PATH} CMAKE_PREFIX_PATH=/autoware/install/tier4_autoware_utils:/autoware/install/autoware_auto_vehicle_msgs:/autoware/install/autoware_cmake:/autoware/install/autoware_auto_planning_msgs:/autoware/install/autoware_auto_perception_msgs:/autoware/install/tier4_debug_msgs:/autoware/install/autoware_lint_common:/autoware/install/autoware_auto_mapping_msgs:/autoware/install/autoware_auto_geometry_msgs:/opt/ros/humble LD_LIBRARY_PATH=/autoware/install/tier4_autoware_utils/lib:/autoware/install/autoware_auto_vehicle_msgs/lib:/autoware/install/autoware_auto_planning_msgs/lib:/autoware/install/autoware_auto_perception_msgs/lib:/autoware/install/tier4_debug_msgs/lib:/autoware/install/autoware_auto_mapping_msgs/lib:/autoware/install/autoware_auto_geometry_msgs/lib:${LD_LIBRARY_PATH} PYTHONPATH=/autoware/install/autoware_auto_vehicle_msgs/local/lib/python3.10/dist-packages:/autoware/install/autoware_auto_planning_msgs/local/lib/python3.10/dist-packages:/autoware/install/autoware_auto_perception_msgs/local/lib/python3.10/dist-packages:/autoware/install/tier4_debug_msgs/local/lib/python3.10/dist-packages:/autoware/install/autoware_auto_mapping_msgs/local/lib/python3.10/dist-packages:/autoware/install/autoware_auto_geometry_msgs/local/lib/python3.10/dist-packages:${PYTHONPATH} /usr/bin/cmake --install /autoware/build/radar_fusion_to_detected_object
