[0.083s] Invoking command in '/autoware/build/automatic_pose_initializer': AMENT_PREFIX_PATH=/autoware/install/component_interface_utils:/autoware/install/autoware_ad_api_specs:/autoware/install/tier4_system_msgs:/autoware/install/autoware_cmake:/autoware/install/autoware_lint_common:/autoware/install/autoware_common_msgs:/autoware/install/autoware_adapi_v1_msgs:${AMENT_PREFIX_PATH} CMAKE_PREFIX_PATH=/autoware/install/component_interface_utils:/autoware/install/autoware_ad_api_specs:/autoware/install/tier4_system_msgs:/autoware/install/autoware_cmake:/autoware/install/autoware_lint_common:/autoware/install/autoware_common_msgs:/autoware/install/autoware_adapi_v1_msgs:/opt/ros/humble LD_LIBRARY_PATH=/autoware/install/tier4_system_msgs/lib:/autoware/install/autoware_common_msgs/lib:/autoware/install/autoware_adapi_v1_msgs/lib:${LD_LIBRARY_PATH} PYTHONPATH=/autoware/install/tier4_system_msgs/local/lib/python3.10/dist-packages:/autoware/install/autoware_common_msgs/local/lib/python3.10/dist-packages:/autoware/install/autoware_adapi_v1_msgs/local/lib/python3.10/dist-packages:${PYTHONPATH} /usr/bin/cmake /autoware/src/universe/autoware.universe/system/default_ad_api_helpers/automatic_pose_initializer -DCMAKE_BUILD_TYPE=Release -DAMENT_CMAKE_SYMLINK_INSTALL=1 -DCMAKE_INSTALL_PREFIX=/autoware/install/automatic_pose_initializer
[0.124s] -- The C compiler identification is GNU 11.3.0
[0.170s] -- The CXX compiler identification is GNU 11.3.0
[0.177s] -- Detecting C compiler ABI info
[0.231s] -- Detecting C compiler ABI info - done
[0.238s] -- Check for working C compiler: /usr/bin/cc - skipped
[0.238s] -- Detecting C compile features
[0.239s] -- Detecting C compile features - done
[0.241s] -- Detecting CXX compiler ABI info
[0.352s] -- Detecting CXX compiler ABI info - done
[0.352s] -- Check for working CXX compiler: /usr/bin/c++ - skipped
[0.352s] -- Detecting CXX compile features
[0.352s] -- Detecting CXX compile features - done
[0.352s] -- Found autoware_cmake: 0.1.0 (/autoware/install/autoware_cmake/share/autoware_cmake/cmake)
[0.518s] -- Found Python3: /usr/bin/python3.10 (found version "3.10.6") found components: Interpreter 
[0.602s] -- Override CMake install command with custom implementation using symlinks instead of copying resources
[0.778s] -- Found rosidl_generator_c: 3.1.3 (/opt/ros/humble/share/rosidl_generator_c/cmake)
[0.783s] -- Found rosidl_adapter: 3.1.3 (/opt/ros/humble/share/rosidl_adapter/cmake)
[0.792s] -- Found rosidl_generator_cpp: 3.1.3 (/opt/ros/humble/share/rosidl_generator_cpp/cmake)
[0.806s] -- Using all available rosidl_typesupport_c: rosidl_typesupport_fastrtps_c;rosidl_typesupport_introspection_c
[0.827s] -- Using all available rosidl_typesupport_cpp: rosidl_typesupport_fastrtps_cpp;rosidl_typesupport_introspection_cpp
[1.282s] -- Found rmw_implementation_cmake: 6.1.0 (/opt/ros/humble/share/rmw_implementation_cmake/cmake)
[1.286s] -- Found rmw_fastrtps_cpp: 6.2.1 (/opt/ros/humble/share/rmw_fastrtps_cpp/cmake)
[1.416s] -- Found OpenSSL: /usr/lib/x86_64-linux-gnu/libcrypto.so (found version "3.0.2")  
[1.416s] -- Found FastRTPS: /opt/ros/humble/include  
[1.451s] -- Using RMW implementation 'rmw_fastrtps_cpp' as default
[1.658s] -- Found ament_lint_auto: 0.12.4 (/opt/ros/humble/share/ament_lint_auto/cmake)
[1.720s] -- Added test 'copyright' to check source files copyright and LICENSE
[1.722s] -- Added test 'cppcheck' to perform static code analysis on C / C++ code
[1.722s] -- Configured cppcheck include dirs: 
[1.722s] -- Configured cppcheck exclude dirs and/or files: 
[1.722s] -- Added test 'lint_cmake' to check CMake code style
[1.723s] -- Added test 'xmllint' to check XML markup files
[1.725s] -- Configuring done
[1.750s] -- Generating done
[1.752s] -- Build files have been written to: /autoware/build/automatic_pose_initializer
[1.761s] Invoked command in '/autoware/build/automatic_pose_initializer' returned '0': AMENT_PREFIX_PATH=/autoware/install/component_interface_utils:/autoware/install/autoware_ad_api_specs:/autoware/install/tier4_system_msgs:/autoware/install/autoware_cmake:/autoware/install/autoware_lint_common:/autoware/install/autoware_common_msgs:/autoware/install/autoware_adapi_v1_msgs:${AMENT_PREFIX_PATH} CMAKE_PREFIX_PATH=/autoware/install/component_interface_utils:/autoware/install/autoware_ad_api_specs:/autoware/install/tier4_system_msgs:/autoware/install/autoware_cmake:/autoware/install/autoware_lint_common:/autoware/install/autoware_common_msgs:/autoware/install/autoware_adapi_v1_msgs:/opt/ros/humble LD_LIBRARY_PATH=/autoware/install/tier4_system_msgs/lib:/autoware/install/autoware_common_msgs/lib:/autoware/install/autoware_adapi_v1_msgs/lib:${LD_LIBRARY_PATH} PYTHONPATH=/autoware/install/tier4_system_msgs/local/lib/python3.10/dist-packages:/autoware/install/autoware_common_msgs/local/lib/python3.10/dist-packages:/autoware/install/autoware_adapi_v1_msgs/local/lib/python3.10/dist-packages:${PYTHONPATH} /usr/bin/cmake /autoware/src/universe/autoware.universe/system/default_ad_api_helpers/automatic_pose_initializer -DCMAKE_BUILD_TYPE=Release -DAMENT_CMAKE_SYMLINK_INSTALL=1 -DCMAKE_INSTALL_PREFIX=/autoware/install/automatic_pose_initializer
[1.763s] Invoking command in '/autoware/build/automatic_pose_initializer': AMENT_PREFIX_PATH=/autoware/install/component_interface_utils:/autoware/install/autoware_ad_api_specs:/autoware/install/tier4_system_msgs:/autoware/install/autoware_cmake:/autoware/install/autoware_lint_common:/autoware/install/autoware_common_msgs:/autoware/install/autoware_adapi_v1_msgs:${AMENT_PREFIX_PATH} CMAKE_PREFIX_PATH=/autoware/install/component_interface_utils:/autoware/install/autoware_ad_api_specs:/autoware/install/tier4_system_msgs:/autoware/install/autoware_cmake:/autoware/install/autoware_lint_common:/autoware/install/autoware_common_msgs:/autoware/install/autoware_adapi_v1_msgs:/opt/ros/humble LD_LIBRARY_PATH=/autoware/install/tier4_system_msgs/lib:/autoware/install/autoware_common_msgs/lib:/autoware/install/autoware_adapi_v1_msgs/lib:${LD_LIBRARY_PATH} PYTHONPATH=/autoware/install/tier4_system_msgs/local/lib/python3.10/dist-packages:/autoware/install/autoware_common_msgs/local/lib/python3.10/dist-packages:/autoware/install/autoware_adapi_v1_msgs/local/lib/python3.10/dist-packages:${PYTHONPATH} /usr/bin/cmake --build /autoware/build/automatic_pose_initializer -- -j64 -l64
[1.804s] [ 50%] Building CXX object CMakeFiles/automatic_pose_initializer.dir/src/automatic_pose_initializer.cpp.o
[17.159s] [100%] Linking CXX executable automatic_pose_initializer
[17.407s] [100%] Built target automatic_pose_initializer
[17.416s] Invoked command in '/autoware/build/automatic_pose_initializer' returned '0': AMENT_PREFIX_PATH=/autoware/install/component_interface_utils:/autoware/install/autoware_ad_api_specs:/autoware/install/tier4_system_msgs:/autoware/install/autoware_cmake:/autoware/install/autoware_lint_common:/autoware/install/autoware_common_msgs:/autoware/install/autoware_adapi_v1_msgs:${AMENT_PREFIX_PATH} CMAKE_PREFIX_PATH=/autoware/install/component_interface_utils:/autoware/install/autoware_ad_api_specs:/autoware/install/tier4_system_msgs:/autoware/install/autoware_cmake:/autoware/install/autoware_lint_common:/autoware/install/autoware_common_msgs:/autoware/install/autoware_adapi_v1_msgs:/opt/ros/humble LD_LIBRARY_PATH=/autoware/install/tier4_system_msgs/lib:/autoware/install/autoware_common_msgs/lib:/autoware/install/autoware_adapi_v1_msgs/lib:${LD_LIBRARY_PATH} PYTHONPATH=/autoware/install/tier4_system_msgs/local/lib/python3.10/dist-packages:/autoware/install/autoware_common_msgs/local/lib/python3.10/dist-packages:/autoware/install/autoware_adapi_v1_msgs/local/lib/python3.10/dist-packages:${PYTHONPATH} /usr/bin/cmake --build /autoware/build/automatic_pose_initializer -- -j64 -l64
[17.456s] Invoking command in '/autoware/build/automatic_pose_initializer': AMENT_PREFIX_PATH=/autoware/install/component_interface_utils:/autoware/install/autoware_ad_api_specs:/autoware/install/tier4_system_msgs:/autoware/install/autoware_cmake:/autoware/install/autoware_lint_common:/autoware/install/autoware_common_msgs:/autoware/install/autoware_adapi_v1_msgs:${AMENT_PREFIX_PATH} CMAKE_PREFIX_PATH=/autoware/install/component_interface_utils:/autoware/install/autoware_ad_api_specs:/autoware/install/tier4_system_msgs:/autoware/install/autoware_cmake:/autoware/install/autoware_lint_common:/autoware/install/autoware_common_msgs:/autoware/install/autoware_adapi_v1_msgs:/opt/ros/humble LD_LIBRARY_PATH=/autoware/install/tier4_system_msgs/lib:/autoware/install/autoware_common_msgs/lib:/autoware/install/autoware_adapi_v1_msgs/lib:${LD_LIBRARY_PATH} PYTHONPATH=/autoware/install/tier4_system_msgs/local/lib/python3.10/dist-packages:/autoware/install/autoware_common_msgs/local/lib/python3.10/dist-packages:/autoware/install/autoware_adapi_v1_msgs/local/lib/python3.10/dist-packages:${PYTHONPATH} /usr/bin/cmake --install /autoware/build/automatic_pose_initializer
[17.463s] -- Install configuration: "Release"
[17.464s] -- Execute custom install script
[17.464s] -- Symlinking: /autoware/install/automatic_pose_initializer/lib/automatic_pose_initializer/automatic_pose_initializer
[17.518s] -- Symlinking: /autoware/install/automatic_pose_initializer/share/automatic_pose_initializer/launch/automatic_pose_initializer.launch.xml
[17.523s] -- Symlinking: /autoware/install/automatic_pose_initializer/share/ament_index/resource_index/package_run_dependencies/automatic_pose_initializer
[17.523s] -- Symlinking: /autoware/install/automatic_pose_initializer/share/ament_index/resource_index/parent_prefix_path/automatic_pose_initializer
[17.523s] -- Symlinking: /autoware/install/automatic_pose_initializer/share/automatic_pose_initializer/environment/ament_prefix_path.sh
[17.523s] -- Symlinking: /autoware/install/automatic_pose_initializer/share/automatic_pose_initializer/environment/ament_prefix_path.dsv
[17.574s] -- Symlinking: /autoware/install/automatic_pose_initializer/share/automatic_pose_initializer/environment/path.sh
[17.574s] -- Symlinking: /autoware/install/automatic_pose_initializer/share/automatic_pose_initializer/environment/path.dsv
[17.575s] -- Symlinking: /autoware/install/automatic_pose_initializer/share/automatic_pose_initializer/local_setup.bash
[17.578s] -- Symlinking: /autoware/install/automatic_pose_initializer/share/automatic_pose_initializer/local_setup.sh
[17.578s] -- Symlinking: /autoware/install/automatic_pose_initializer/share/automatic_pose_initializer/local_setup.zsh
[17.633s] -- Symlinking: /autoware/install/automatic_pose_initializer/share/automatic_pose_initializer/local_setup.dsv
[17.633s] -- Symlinking: /autoware/install/automatic_pose_initializer/share/automatic_pose_initializer/package.dsv
[17.633s] -- Symlinking: /autoware/install/automatic_pose_initializer/share/ament_index/resource_index/packages/automatic_pose_initializer
[17.634s] -- Symlinking: /autoware/install/automatic_pose_initializer/share/automatic_pose_initializer/cmake/ament_cmake_export_dependencies-extras.cmake
[17.634s] -- Symlinking: /autoware/install/automatic_pose_initializer/share/automatic_pose_initializer/cmake/automatic_pose_initializerConfig.cmake
[17.682s] -- Symlinking: /autoware/install/automatic_pose_initializer/share/automatic_pose_initializer/cmake/automatic_pose_initializerConfig-version.cmake
[17.683s] -- Symlinking: /autoware/install/automatic_pose_initializer/share/automatic_pose_initializer/package.xml
[17.684s] Invoked command in '/autoware/build/automatic_pose_initializer' returned '0': AMENT_PREFIX_PATH=/autoware/install/component_interface_utils:/autoware/install/autoware_ad_api_specs:/autoware/install/tier4_system_msgs:/autoware/install/autoware_cmake:/autoware/install/autoware_lint_common:/autoware/install/autoware_common_msgs:/autoware/install/autoware_adapi_v1_msgs:${AMENT_PREFIX_PATH} CMAKE_PREFIX_PATH=/autoware/install/component_interface_utils:/autoware/install/autoware_ad_api_specs:/autoware/install/tier4_system_msgs:/autoware/install/autoware_cmake:/autoware/install/autoware_lint_common:/autoware/install/autoware_common_msgs:/autoware/install/autoware_adapi_v1_msgs:/opt/ros/humble LD_LIBRARY_PATH=/autoware/install/tier4_system_msgs/lib:/autoware/install/autoware_common_msgs/lib:/autoware/install/autoware_adapi_v1_msgs/lib:${LD_LIBRARY_PATH} PYTHONPATH=/autoware/install/tier4_system_msgs/local/lib/python3.10/dist-packages:/autoware/install/autoware_common_msgs/local/lib/python3.10/dist-packages:/autoware/install/autoware_adapi_v1_msgs/local/lib/python3.10/dist-packages:${PYTHONPATH} /usr/bin/cmake --install /autoware/build/automatic_pose_initializer
