[0.037s] Invoking command in '/autoware/build/crosswalk_traffic_light_estimator': AMENT_PREFIX_PATH=/autoware/install/tier4_autoware_utils:/autoware/install/lanelet2_extension:/autoware/install/autoware_utils:/autoware/install/autoware_auto_vehicle_msgs:/autoware/install/autoware_planning_msgs:/autoware/install/autoware_cmake:/autoware/install/autoware_auto_planning_msgs:/autoware/install/autoware_auto_perception_msgs:/autoware/install/tier4_debug_msgs:/autoware/install/autoware_lint_common:/autoware/install/autoware_common_msgs:/autoware/install/autoware_auto_mapping_msgs:/autoware/install/autoware_auto_geometry_msgs:${AMENT_PREFIX_PATH} CMAKE_PREFIX_PATH=/autoware/install/tier4_autoware_utils:/autoware/install/lanelet2_extension:/autoware/install/autoware_utils:/autoware/install/autoware_auto_vehicle_msgs:/autoware/install/autoware_planning_msgs:/autoware/install/autoware_cmake:/autoware/install/autoware_auto_planning_msgs:/autoware/install/autoware_auto_perception_msgs:/autoware/install/tier4_debug_msgs:/autoware/install/autoware_lint_common:/autoware/install/autoware_common_msgs:/autoware/install/autoware_auto_mapping_msgs:/autoware/install/autoware_auto_geometry_msgs:/opt/ros/humble LD_LIBRARY_PATH=/autoware/install/tier4_autoware_utils/lib:/autoware/install/lanelet2_extension/lib:/autoware/install/autoware_utils/lib:/autoware/install/autoware_auto_vehicle_msgs/lib:/autoware/install/autoware_planning_msgs/lib:/autoware/install/autoware_auto_planning_msgs/lib:/autoware/install/autoware_auto_perception_msgs/lib:/autoware/install/tier4_debug_msgs/lib:/autoware/install/autoware_common_msgs/lib:/autoware/install/autoware_auto_mapping_msgs/lib:/autoware/install/autoware_auto_geometry_msgs/lib:${LD_LIBRARY_PATH} PYTHONPATH=/autoware/install/autoware_auto_vehicle_msgs/local/lib/python3.10/dist-packages:/autoware/install/autoware_planning_msgs/local/lib/python3.10/dist-packages:/autoware/install/autoware_auto_planning_msgs/local/lib/python3.10/dist-packages:/autoware/install/autoware_auto_perception_msgs/local/lib/python3.10/dist-packages:/autoware/install/tier4_debug_msgs/local/lib/python3.10/dist-packages:/autoware/install/autoware_common_msgs/local/lib/python3.10/dist-packages:/autoware/install/autoware_auto_mapping_msgs/local/lib/python3.10/dist-packages:/autoware/install/autoware_auto_geometry_msgs/local/lib/python3.10/dist-packages:${PYTHONPATH} /usr/bin/cmake /autoware/src/universe/autoware.universe/perception/crosswalk_traffic_light_estimator -DCMAKE_BUILD_TYPE=Release -DAMENT_CMAKE_SYMLINK_INSTALL=1 -DCMAKE_INSTALL_PREFIX=/autoware/install/crosswalk_traffic_light_estimator
[0.095s] -- The C compiler identification is GNU 11.3.0
[0.149s] -- The CXX compiler identification is GNU 11.3.0
[0.158s] -- Detecting C compiler ABI info
[0.234s] -- Detecting C compiler ABI info - done
[0.244s] -- Check for working C compiler: /usr/bin/cc - skipped
[0.244s] -- Detecting C compile features
[0.244s] -- Detecting C compile features - done
[0.249s] -- Detecting CXX compiler ABI info
[0.325s] -- Detecting CXX compiler ABI info - done
[0.332s] -- Check for working CXX compiler: /usr/bin/c++ - skipped
[0.332s] -- Detecting CXX compile features
[0.333s] -- Detecting CXX compile features - done
[0.335s] -- Found autoware_cmake: 0.1.0 (/autoware/install/autoware_cmake/share/autoware_cmake/cmake)
[0.536s] -- Found Python3: /usr/bin/python3.10 (found version "3.10.6") found components: Interpreter 
[0.612s] -- Override CMake install command with custom implementation using symlinks instead of copying resources
[0.800s] -- Found rosidl_generator_c: 3.1.3 (/opt/ros/humble/share/rosidl_generator_c/cmake)
[0.809s] -- Found rosidl_adapter: 3.1.3 (/opt/ros/humble/share/rosidl_adapter/cmake)
[0.821s] -- Found rosidl_generator_cpp: 3.1.3 (/opt/ros/humble/share/rosidl_generator_cpp/cmake)
[0.839s] -- Using all available rosidl_typesupport_c: rosidl_typesupport_fastrtps_c;rosidl_typesupport_introspection_c
[0.864s] -- Using all available rosidl_typesupport_cpp: rosidl_typesupport_fastrtps_cpp;rosidl_typesupport_introspection_cpp
[2.734s] -- Found rmw_implementation_cmake: 6.1.0 (/opt/ros/humble/share/rmw_implementation_cmake/cmake)
[2.734s] -- Found rmw_fastrtps_cpp: 6.2.1 (/opt/ros/humble/share/rmw_fastrtps_cpp/cmake)
[2.886s] -- Found OpenSSL: /usr/lib/x86_64-linux-gnu/libcrypto.so (found version "3.0.2")  
[2.918s] -- Found FastRTPS: /opt/ros/humble/include  
[2.986s] -- Using RMW implementation 'rmw_fastrtps_cpp' as default
[3.148s] -- Found mrt_cmake_modules: 1.0.9 (/opt/ros/humble/share/mrt_cmake_modules/cmake)
[3.411s] -- Found Boost: /usr/lib/x86_64-linux-gnu/cmake/Boost-1.74.0/BoostConfig.cmake (found version "1.74.0") found components: wserialization thread random serialization log_setup prg_exec_monitor wave system chrono filesystem locale timer date_time regex graph program_options unit_test_framework log atomic iostreams 
[3.683s] -- Found OpenMP_C: -fopenmp (found version "4.5") 
[3.809s] -- Found OpenMP_CXX: -fopenmp (found version "4.5") 
[3.809s] -- Found OpenMP: TRUE (found version "4.5")  
[3.829s] -- Found pugixml: /usr/lib/x86_64-linux-gnu/libpugixml.so  
[3.869s] -- Found PkgConfig: /usr/bin/pkg-config (found version "0.29.2") 
[3.873s] -- Found GeographicLib: /usr/lib/x86_64-linux-gnu/libGeographic.so  
[4.057s] -- Found eigen3_cmake_module: 0.1.1 (/opt/ros/humble/share/eigen3_cmake_module/cmake)
[4.059s] -- Found Eigen3: TRUE (found version "3.4.0") 
[4.059s] -- Ensuring Eigen3 include directory is part of orocos-kdl CMake target
[5.649s] -- Found ament_lint_auto: 0.12.4 (/opt/ros/humble/share/ament_lint_auto/cmake)
[8.015s] -- Added test 'copyright' to check source files copyright and LICENSE
[8.017s] -- Added test 'cppcheck' to perform static code analysis on C / C++ code
[8.017s] -- Configured cppcheck include dirs: /autoware/src/universe/autoware.universe/perception/crosswalk_traffic_light_estimator/include
[8.017s] -- Configured cppcheck exclude dirs and/or files: 
[8.018s] -- Added test 'lint_cmake' to check CMake code style
[8.019s] -- Added test 'xmllint' to check XML markup files
[8.023s] -- Configuring done
[8.096s] -- Generating done
[8.099s] -- Build files have been written to: /autoware/build/crosswalk_traffic_light_estimator
[8.112s] Invoked command in '/autoware/build/crosswalk_traffic_light_estimator' returned '0': AMENT_PREFIX_PATH=/autoware/install/tier4_autoware_utils:/autoware/install/lanelet2_extension:/autoware/install/autoware_utils:/autoware/install/autoware_auto_vehicle_msgs:/autoware/install/autoware_planning_msgs:/autoware/install/autoware_cmake:/autoware/install/autoware_auto_planning_msgs:/autoware/install/autoware_auto_perception_msgs:/autoware/install/tier4_debug_msgs:/autoware/install/autoware_lint_common:/autoware/install/autoware_common_msgs:/autoware/install/autoware_auto_mapping_msgs:/autoware/install/autoware_auto_geometry_msgs:${AMENT_PREFIX_PATH} CMAKE_PREFIX_PATH=/autoware/install/tier4_autoware_utils:/autoware/install/lanelet2_extension:/autoware/install/autoware_utils:/autoware/install/autoware_auto_vehicle_msgs:/autoware/install/autoware_planning_msgs:/autoware/install/autoware_cmake:/autoware/install/autoware_auto_planning_msgs:/autoware/install/autoware_auto_perception_msgs:/autoware/install/tier4_debug_msgs:/autoware/install/autoware_lint_common:/autoware/install/autoware_common_msgs:/autoware/install/autoware_auto_mapping_msgs:/autoware/install/autoware_auto_geometry_msgs:/opt/ros/humble LD_LIBRARY_PATH=/autoware/install/tier4_autoware_utils/lib:/autoware/install/lanelet2_extension/lib:/autoware/install/autoware_utils/lib:/autoware/install/autoware_auto_vehicle_msgs/lib:/autoware/install/autoware_planning_msgs/lib:/autoware/install/autoware_auto_planning_msgs/lib:/autoware/install/autoware_auto_perception_msgs/lib:/autoware/install/tier4_debug_msgs/lib:/autoware/install/autoware_common_msgs/lib:/autoware/install/autoware_auto_mapping_msgs/lib:/autoware/install/autoware_auto_geometry_msgs/lib:${LD_LIBRARY_PATH} PYTHONPATH=/autoware/install/autoware_auto_vehicle_msgs/local/lib/python3.10/dist-packages:/autoware/install/autoware_planning_msgs/local/lib/python3.10/dist-packages:/autoware/install/autoware_auto_planning_msgs/local/lib/python3.10/dist-packages:/autoware/install/autoware_auto_perception_msgs/local/lib/python3.10/dist-packages:/autoware/install/tier4_debug_msgs/local/lib/python3.10/dist-packages:/autoware/install/autoware_common_msgs/local/lib/python3.10/dist-packages:/autoware/install/autoware_auto_mapping_msgs/local/lib/python3.10/dist-packages:/autoware/install/autoware_auto_geometry_msgs/local/lib/python3.10/dist-packages:${PYTHONPATH} /usr/bin/cmake /autoware/src/universe/autoware.universe/perception/crosswalk_traffic_light_estimator -DCMAKE_BUILD_TYPE=Release -DAMENT_CMAKE_SYMLINK_INSTALL=1 -DCMAKE_INSTALL_PREFIX=/autoware/install/crosswalk_traffic_light_estimator
[8.115s] Invoking command in '/autoware/build/crosswalk_traffic_light_estimator': AMENT_PREFIX_PATH=/autoware/install/tier4_autoware_utils:/autoware/install/lanelet2_extension:/autoware/install/autoware_utils:/autoware/install/autoware_auto_vehicle_msgs:/autoware/install/autoware_planning_msgs:/autoware/install/autoware_cmake:/autoware/install/autoware_auto_planning_msgs:/autoware/install/autoware_auto_perception_msgs:/autoware/install/tier4_debug_msgs:/autoware/install/autoware_lint_common:/autoware/install/autoware_common_msgs:/autoware/install/autoware_auto_mapping_msgs:/autoware/install/autoware_auto_geometry_msgs:${AMENT_PREFIX_PATH} CMAKE_PREFIX_PATH=/autoware/install/tier4_autoware_utils:/autoware/install/lanelet2_extension:/autoware/install/autoware_utils:/autoware/install/autoware_auto_vehicle_msgs:/autoware/install/autoware_planning_msgs:/autoware/install/autoware_cmake:/autoware/install/autoware_auto_planning_msgs:/autoware/install/autoware_auto_perception_msgs:/autoware/install/tier4_debug_msgs:/autoware/install/autoware_lint_common:/autoware/install/autoware_common_msgs:/autoware/install/autoware_auto_mapping_msgs:/autoware/install/autoware_auto_geometry_msgs:/opt/ros/humble LD_LIBRARY_PATH=/autoware/install/tier4_autoware_utils/lib:/autoware/install/lanelet2_extension/lib:/autoware/install/autoware_utils/lib:/autoware/install/autoware_auto_vehicle_msgs/lib:/autoware/install/autoware_planning_msgs/lib:/autoware/install/autoware_auto_planning_msgs/lib:/autoware/install/autoware_auto_perception_msgs/lib:/autoware/install/tier4_debug_msgs/lib:/autoware/install/autoware_common_msgs/lib:/autoware/install/autoware_auto_mapping_msgs/lib:/autoware/install/autoware_auto_geometry_msgs/lib:${LD_LIBRARY_PATH} PYTHONPATH=/autoware/install/autoware_auto_vehicle_msgs/local/lib/python3.10/dist-packages:/autoware/install/autoware_planning_msgs/local/lib/python3.10/dist-packages:/autoware/install/autoware_auto_planning_msgs/local/lib/python3.10/dist-packages:/autoware/install/autoware_auto_perception_msgs/local/lib/python3.10/dist-packages:/autoware/install/tier4_debug_msgs/local/lib/python3.10/dist-packages:/autoware/install/autoware_common_msgs/local/lib/python3.10/dist-packages:/autoware/install/autoware_auto_mapping_msgs/local/lib/python3.10/dist-packages:/autoware/install/autoware_auto_geometry_msgs/local/lib/python3.10/dist-packages:${PYTHONPATH} /usr/bin/cmake --build /autoware/build/crosswalk_traffic_light_estimator -- -j64 -l64
[8.165s] [ 25%] Building CXX object CMakeFiles/crosswalk_traffic_light_estimator_node.dir/rclcpp_components/node_main_crosswalk_traffic_light_estimator_node.cpp.o
[8.168s] [ 50%] Building CXX object CMakeFiles/crosswalk_traffic_light_estimator.dir/src/node.cpp.o
[12.338s] [ 75%] Linking CXX executable crosswalk_traffic_light_estimator_node
[12.433s] [ 75%] Built target crosswalk_traffic_light_estimator_node
[43.027s] [100%] Linking CXX shared library libcrosswalk_traffic_light_estimator.so
[43.676s] [100%] Built target crosswalk_traffic_light_estimator
[43.697s] Invoked command in '/autoware/build/crosswalk_traffic_light_estimator' returned '0': AMENT_PREFIX_PATH=/autoware/install/tier4_autoware_utils:/autoware/install/lanelet2_extension:/autoware/install/autoware_utils:/autoware/install/autoware_auto_vehicle_msgs:/autoware/install/autoware_planning_msgs:/autoware/install/autoware_cmake:/autoware/install/autoware_auto_planning_msgs:/autoware/install/autoware_auto_perception_msgs:/autoware/install/tier4_debug_msgs:/autoware/install/autoware_lint_common:/autoware/install/autoware_common_msgs:/autoware/install/autoware_auto_mapping_msgs:/autoware/install/autoware_auto_geometry_msgs:${AMENT_PREFIX_PATH} CMAKE_PREFIX_PATH=/autoware/install/tier4_autoware_utils:/autoware/install/lanelet2_extension:/autoware/install/autoware_utils:/autoware/install/autoware_auto_vehicle_msgs:/autoware/install/autoware_planning_msgs:/autoware/install/autoware_cmake:/autoware/install/autoware_auto_planning_msgs:/autoware/install/autoware_auto_perception_msgs:/autoware/install/tier4_debug_msgs:/autoware/install/autoware_lint_common:/autoware/install/autoware_common_msgs:/autoware/install/autoware_auto_mapping_msgs:/autoware/install/autoware_auto_geometry_msgs:/opt/ros/humble LD_LIBRARY_PATH=/autoware/install/tier4_autoware_utils/lib:/autoware/install/lanelet2_extension/lib:/autoware/install/autoware_utils/lib:/autoware/install/autoware_auto_vehicle_msgs/lib:/autoware/install/autoware_planning_msgs/lib:/autoware/install/autoware_auto_planning_msgs/lib:/autoware/install/autoware_auto_perception_msgs/lib:/autoware/install/tier4_debug_msgs/lib:/autoware/install/autoware_common_msgs/lib:/autoware/install/autoware_auto_mapping_msgs/lib:/autoware/install/autoware_auto_geometry_msgs/lib:${LD_LIBRARY_PATH} PYTHONPATH=/autoware/install/autoware_auto_vehicle_msgs/local/lib/python3.10/dist-packages:/autoware/install/autoware_planning_msgs/local/lib/python3.10/dist-packages:/autoware/install/autoware_auto_planning_msgs/local/lib/python3.10/dist-packages:/autoware/install/autoware_auto_perception_msgs/local/lib/python3.10/dist-packages:/autoware/install/tier4_debug_msgs/local/lib/python3.10/dist-packages:/autoware/install/autoware_common_msgs/local/lib/python3.10/dist-packages:/autoware/install/autoware_auto_mapping_msgs/local/lib/python3.10/dist-packages:/autoware/install/autoware_auto_geometry_msgs/local/lib/python3.10/dist-packages:${PYTHONPATH} /usr/bin/cmake --build /autoware/build/crosswalk_traffic_light_estimator -- -j64 -l64
[43.800s] Invoking command in '/autoware/build/crosswalk_traffic_light_estimator': AMENT_PREFIX_PATH=/autoware/install/tier4_autoware_utils:/autoware/install/lanelet2_extension:/autoware/install/autoware_utils:/autoware/install/autoware_auto_vehicle_msgs:/autoware/install/autoware_planning_msgs:/autoware/install/autoware_cmake:/autoware/install/autoware_auto_planning_msgs:/autoware/install/autoware_auto_perception_msgs:/autoware/install/tier4_debug_msgs:/autoware/install/autoware_lint_common:/autoware/install/autoware_common_msgs:/autoware/install/autoware_auto_mapping_msgs:/autoware/install/autoware_auto_geometry_msgs:${AMENT_PREFIX_PATH} CMAKE_PREFIX_PATH=/autoware/install/tier4_autoware_utils:/autoware/install/lanelet2_extension:/autoware/install/autoware_utils:/autoware/install/autoware_auto_vehicle_msgs:/autoware/install/autoware_planning_msgs:/autoware/install/autoware_cmake:/autoware/install/autoware_auto_planning_msgs:/autoware/install/autoware_auto_perception_msgs:/autoware/install/tier4_debug_msgs:/autoware/install/autoware_lint_common:/autoware/install/autoware_common_msgs:/autoware/install/autoware_auto_mapping_msgs:/autoware/install/autoware_auto_geometry_msgs:/opt/ros/humble LD_LIBRARY_PATH=/autoware/install/tier4_autoware_utils/lib:/autoware/install/lanelet2_extension/lib:/autoware/install/autoware_utils/lib:/autoware/install/autoware_auto_vehicle_msgs/lib:/autoware/install/autoware_planning_msgs/lib:/autoware/install/autoware_auto_planning_msgs/lib:/autoware/install/autoware_auto_perception_msgs/lib:/autoware/install/tier4_debug_msgs/lib:/autoware/install/autoware_common_msgs/lib:/autoware/install/autoware_auto_mapping_msgs/lib:/autoware/install/autoware_auto_geometry_msgs/lib:${LD_LIBRARY_PATH} PYTHONPATH=/autoware/install/autoware_auto_vehicle_msgs/local/lib/python3.10/dist-packages:/autoware/install/autoware_planning_msgs/local/lib/python3.10/dist-packages:/autoware/install/autoware_auto_planning_msgs/local/lib/python3.10/dist-packages:/autoware/install/autoware_auto_perception_msgs/local/lib/python3.10/dist-packages:/autoware/install/tier4_debug_msgs/local/lib/python3.10/dist-packages:/autoware/install/autoware_common_msgs/local/lib/python3.10/dist-packages:/autoware/install/autoware_auto_mapping_msgs/local/lib/python3.10/dist-packages:/autoware/install/autoware_auto_geometry_msgs/local/lib/python3.10/dist-packages:${PYTHONPATH} /usr/bin/cmake --install /autoware/build/crosswalk_traffic_light_estimator
[43.825s] -- Install configuration: "Release"
[43.826s] -- Execute custom install script
[43.826s] -- Symlinking: /autoware/install/crosswalk_traffic_light_estimator/lib/crosswalk_traffic_light_estimator/crosswalk_traffic_light_estimator_node
[43.940s] -- Symlinking: /autoware/install/crosswalk_traffic_light_estimator/include/crosswalk_traffic_light_estimator/node.hpp
[43.940s] -- Symlinking: /autoware/install/crosswalk_traffic_light_estimator/share/crosswalk_traffic_light_estimator/environment/library_path.sh
[43.941s] -- Symlinking: /autoware/install/crosswalk_traffic_light_estimator/share/crosswalk_traffic_light_estimator/environment/library_path.dsv
[43.941s] -- Symlinking: /autoware/install/crosswalk_traffic_light_estimator/lib/libcrosswalk_traffic_light_estimator.so
[43.941s] -- Symlinking: /autoware/install/crosswalk_traffic_light_estimator/share/crosswalk_traffic_light_estimator/launch/crosswalk_traffic_light_estimator.launch.xml
[43.941s] -- Symlinking: /autoware/install/crosswalk_traffic_light_estimator/share/ament_index/resource_index/package_run_dependencies/crosswalk_traffic_light_estimator
[43.950s] -- Symlinking: /autoware/install/crosswalk_traffic_light_estimator/share/ament_index/resource_index/parent_prefix_path/crosswalk_traffic_light_estimator
[43.963s] -- Symlinking: /autoware/install/crosswalk_traffic_light_estimator/share/crosswalk_traffic_light_estimator/environment/ament_prefix_path.sh
[43.976s] -- Symlinking: /autoware/install/crosswalk_traffic_light_estimator/share/crosswalk_traffic_light_estimator/environment/ament_prefix_path.dsv
[43.989s] -- Symlinking: /autoware/install/crosswalk_traffic_light_estimator/share/crosswalk_traffic_light_estimator/environment/path.sh
[44.003s] -- Symlinking: /autoware/install/crosswalk_traffic_light_estimator/share/crosswalk_traffic_light_estimator/environment/path.dsv
[44.016s] -- Symlinking: /autoware/install/crosswalk_traffic_light_estimator/share/crosswalk_traffic_light_estimator/local_setup.bash
[44.030s] -- Symlinking: /autoware/install/crosswalk_traffic_light_estimator/share/crosswalk_traffic_light_estimator/local_setup.sh
[44.043s] -- Symlinking: /autoware/install/crosswalk_traffic_light_estimator/share/crosswalk_traffic_light_estimator/local_setup.zsh
[44.056s] -- Symlinking: /autoware/install/crosswalk_traffic_light_estimator/share/crosswalk_traffic_light_estimator/local_setup.dsv
[44.071s] -- Symlinking: /autoware/install/crosswalk_traffic_light_estimator/share/crosswalk_traffic_light_estimator/package.dsv
[44.082s] -- Symlinking: /autoware/install/crosswalk_traffic_light_estimator/share/ament_index/resource_index/packages/crosswalk_traffic_light_estimator
[44.093s] -- Symlinking: /autoware/install/crosswalk_traffic_light_estimator/share/ament_index/resource_index/rclcpp_components/crosswalk_traffic_light_estimator
[44.104s] -- Symlinking: /autoware/install/crosswalk_traffic_light_estimator/share/crosswalk_traffic_light_estimator/cmake/ament_cmake_export_dependencies-extras.cmake
[44.116s] -- Symlinking: /autoware/install/crosswalk_traffic_light_estimator/share/crosswalk_traffic_light_estimator/cmake/ament_cmake_export_include_directories-extras.cmake
[44.128s] -- Symlinking: /autoware/install/crosswalk_traffic_light_estimator/share/crosswalk_traffic_light_estimator/cmake/ament_cmake_export_libraries-extras.cmake
[44.140s] -- Symlinking: /autoware/install/crosswalk_traffic_light_estimator/share/crosswalk_traffic_light_estimator/cmake/crosswalk_traffic_light_estimatorConfig.cmake
[44.152s] -- Symlinking: /autoware/install/crosswalk_traffic_light_estimator/share/crosswalk_traffic_light_estimator/cmake/crosswalk_traffic_light_estimatorConfig-version.cmake
[44.163s] -- Symlinking: /autoware/install/crosswalk_traffic_light_estimator/share/crosswalk_traffic_light_estimator/package.xml
[44.187s] Invoked command in '/autoware/build/crosswalk_traffic_light_estimator' returned '0': AMENT_PREFIX_PATH=/autoware/install/tier4_autoware_utils:/autoware/install/lanelet2_extension:/autoware/install/autoware_utils:/autoware/install/autoware_auto_vehicle_msgs:/autoware/install/autoware_planning_msgs:/autoware/install/autoware_cmake:/autoware/install/autoware_auto_planning_msgs:/autoware/install/autoware_auto_perception_msgs:/autoware/install/tier4_debug_msgs:/autoware/install/autoware_lint_common:/autoware/install/autoware_common_msgs:/autoware/install/autoware_auto_mapping_msgs:/autoware/install/autoware_auto_geometry_msgs:${AMENT_PREFIX_PATH} CMAKE_PREFIX_PATH=/autoware/install/tier4_autoware_utils:/autoware/install/lanelet2_extension:/autoware/install/autoware_utils:/autoware/install/autoware_auto_vehicle_msgs:/autoware/install/autoware_planning_msgs:/autoware/install/autoware_cmake:/autoware/install/autoware_auto_planning_msgs:/autoware/install/autoware_auto_perception_msgs:/autoware/install/tier4_debug_msgs:/autoware/install/autoware_lint_common:/autoware/install/autoware_common_msgs:/autoware/install/autoware_auto_mapping_msgs:/autoware/install/autoware_auto_geometry_msgs:/opt/ros/humble LD_LIBRARY_PATH=/autoware/install/tier4_autoware_utils/lib:/autoware/install/lanelet2_extension/lib:/autoware/install/autoware_utils/lib:/autoware/install/autoware_auto_vehicle_msgs/lib:/autoware/install/autoware_planning_msgs/lib:/autoware/install/autoware_auto_planning_msgs/lib:/autoware/install/autoware_auto_perception_msgs/lib:/autoware/install/tier4_debug_msgs/lib:/autoware/install/autoware_common_msgs/lib:/autoware/install/autoware_auto_mapping_msgs/lib:/autoware/install/autoware_auto_geometry_msgs/lib:${LD_LIBRARY_PATH} PYTHONPATH=/autoware/install/autoware_auto_vehicle_msgs/local/lib/python3.10/dist-packages:/autoware/install/autoware_planning_msgs/local/lib/python3.10/dist-packages:/autoware/install/autoware_auto_planning_msgs/local/lib/python3.10/dist-packages:/autoware/install/autoware_auto_perception_msgs/local/lib/python3.10/dist-packages:/autoware/install/tier4_debug_msgs/local/lib/python3.10/dist-packages:/autoware/install/autoware_common_msgs/local/lib/python3.10/dist-packages:/autoware/install/autoware_auto_mapping_msgs/local/lib/python3.10/dist-packages:/autoware/install/autoware_auto_geometry_msgs/local/lib/python3.10/dist-packages:${PYTHONPATH} /usr/bin/cmake --install /autoware/build/crosswalk_traffic_light_estimator
