[0.073s] Invoking command in '/autoware/build/localization_error_monitor': AMENT_PREFIX_PATH=/autoware/install/autoware_cmake:/autoware/install/autoware_lint_common:/autoware/install/ament_cmake_auto:${AMENT_PREFIX_PATH} CMAKE_PREFIX_PATH=/autoware/install/autoware_cmake:/autoware/install/autoware_lint_common:/autoware/install/ament_cmake_auto:/opt/ros/humble /usr/bin/cmake --build /autoware/build/localization_error_monitor -- -j64 -l64
[0.122s] -- Found autoware_cmake: 0.1.0 (/autoware/install/autoware_cmake/share/autoware_cmake/cmake)
[0.122s] -- Found ament_cmake_auto: 1.3.2 (/opt/ros/humble/share/ament_cmake_auto/cmake)
[0.385s] -- Override CMake install command with custom implementation using symlinks instead of copying resources
[0.400s] -- Found rosidl_generator_c: 3.1.3 (/opt/ros/humble/share/rosidl_generator_c/cmake)
[0.401s] -- Found rosidl_adapter: 3.1.3 (/opt/ros/humble/share/rosidl_adapter/cmake)
[0.401s] -- Found rosidl_generator_cpp: 3.1.3 (/opt/ros/humble/share/rosidl_generator_cpp/cmake)
[0.401s] -- Using all available rosidl_typesupport_c: rosidl_typesupport_fastrtps_c;rosidl_typesupport_introspection_c
[0.401s] -- Using all available rosidl_typesupport_cpp: rosidl_typesupport_fastrtps_cpp;rosidl_typesupport_introspection_cpp
[0.598s] -- Found rmw_implementation_cmake: 6.1.0 (/opt/ros/humble/share/rmw_implementation_cmake/cmake)
[0.598s] -- Found rmw_fastrtps_cpp: 6.2.1 (/opt/ros/humble/share/rmw_fastrtps_cpp/cmake)
[0.658s] -- Using RMW implementation 'rmw_fastrtps_cpp' as default
[0.915s] -- Found eigen3_cmake_module: 0.1.1 (/opt/ros/humble/share/eigen3_cmake_module/cmake)
[0.915s] -- Ensuring Eigen3 include directory is part of orocos-kdl CMake target
[1.595s] -- Found ament_lint_auto: 0.12.4 (/opt/ros/humble/share/ament_lint_auto/cmake)
[1.677s] -- Added test 'copyright' to check source files copyright and LICENSE
[1.680s] -- Added test 'cppcheck' to perform static code analysis on C / C++ code
[1.680s] -- Configured cppcheck include dirs: /autoware/src/universe/autoware.universe/localization/localization_error_monitor/include
[1.680s] -- Configured cppcheck exclude dirs and/or files: 
[1.681s] -- Added test 'lint_cmake' to check CMake code style
[1.717s] -- Added test 'xmllint' to check XML markup files
[1.717s] -- Configuring done
[1.734s] -- Generating done
[1.737s] -- Build files have been written to: /autoware/build/localization_error_monitor
[1.862s] Consolidate compiler generated dependencies of target localization_error_monitor
[1.874s] [100%] Built target localization_error_monitor
[1.892s] Invoked command in '/autoware/build/localization_error_monitor' returned '0': AMENT_PREFIX_PATH=/autoware/install/autoware_cmake:/autoware/install/autoware_lint_common:/autoware/install/ament_cmake_auto:${AMENT_PREFIX_PATH} CMAKE_PREFIX_PATH=/autoware/install/autoware_cmake:/autoware/install/autoware_lint_common:/autoware/install/ament_cmake_auto:/opt/ros/humble /usr/bin/cmake --build /autoware/build/localization_error_monitor -- -j64 -l64
[1.935s] Invoking command in '/autoware/build/localization_error_monitor': AMENT_PREFIX_PATH=/autoware/install/autoware_cmake:/autoware/install/autoware_lint_common:/autoware/install/ament_cmake_auto:${AMENT_PREFIX_PATH} CMAKE_PREFIX_PATH=/autoware/install/autoware_cmake:/autoware/install/autoware_lint_common:/autoware/install/ament_cmake_auto:/opt/ros/humble /usr/bin/cmake --install /autoware/build/localization_error_monitor
[1.946s] -- Install configuration: "Release"
[1.946s] -- Execute custom install script
[1.947s] -- Up-to-date symlink: /autoware/install/localization_error_monitor/include/localization_error_monitor/node.hpp
[1.948s] -- Up-to-date symlink: /autoware/install/localization_error_monitor/lib/localization_error_monitor/localization_error_monitor
[1.949s] -- Symlinking: /autoware/install/localization_error_monitor/share/localization_error_monitor/config/localization_error_monitor.param.yaml
[1.966s] -- Up-to-date symlink: /autoware/install/localization_error_monitor/share/localization_error_monitor/launch/localization_error_monitor.launch.xml
[1.966s] -- Up-to-date symlink: /autoware/install/localization_error_monitor/share/ament_index/resource_index/package_run_dependencies/localization_error_monitor
[1.966s] -- Up-to-date symlink: /autoware/install/localization_error_monitor/share/ament_index/resource_index/parent_prefix_path/localization_error_monitor
[1.966s] -- Up-to-date symlink: /autoware/install/localization_error_monitor/share/localization_error_monitor/environment/ament_prefix_path.sh
[1.966s] -- Up-to-date symlink: /autoware/install/localization_error_monitor/share/localization_error_monitor/environment/ament_prefix_path.dsv
[1.966s] -- Up-to-date symlink: /autoware/install/localization_error_monitor/share/localization_error_monitor/environment/path.sh
[1.967s] -- Up-to-date symlink: /autoware/install/localization_error_monitor/share/localization_error_monitor/environment/path.dsv
[1.967s] -- Up-to-date symlink: /autoware/install/localization_error_monitor/share/localization_error_monitor/local_setup.bash
[1.967s] -- Up-to-date symlink: /autoware/install/localization_error_monitor/share/localization_error_monitor/local_setup.sh
[1.967s] -- Up-to-date symlink: /autoware/install/localization_error_monitor/share/localization_error_monitor/local_setup.zsh
[1.967s] -- Up-to-date symlink: /autoware/install/localization_error_monitor/share/localization_error_monitor/local_setup.dsv
[1.967s] -- Symlinking: /autoware/install/localization_error_monitor/share/localization_error_monitor/package.dsv
[1.978s] -- Up-to-date symlink: /autoware/install/localization_error_monitor/share/ament_index/resource_index/packages/localization_error_monitor
[1.979s] -- Up-to-date symlink: /autoware/install/localization_error_monitor/share/localization_error_monitor/cmake/ament_cmake_export_dependencies-extras.cmake
[1.980s] -- Up-to-date symlink: /autoware/install/localization_error_monitor/share/localization_error_monitor/cmake/ament_cmake_export_include_directories-extras.cmake
[1.982s] -- Up-to-date symlink: /autoware/install/localization_error_monitor/share/localization_error_monitor/cmake/localization_error_monitorConfig.cmake
[1.982s] -- Up-to-date symlink: /autoware/install/localization_error_monitor/share/localization_error_monitor/cmake/localization_error_monitorConfig-version.cmake
[1.982s] -- Up-to-date symlink: /autoware/install/localization_error_monitor/share/localization_error_monitor/package.xml
[1.999s] Invoked command in '/autoware/build/localization_error_monitor' returned '0': AMENT_PREFIX_PATH=/autoware/install/autoware_cmake:/autoware/install/autoware_lint_common:/autoware/install/ament_cmake_auto:${AMENT_PREFIX_PATH} CMAKE_PREFIX_PATH=/autoware/install/autoware_cmake:/autoware/install/autoware_lint_common:/autoware/install/ament_cmake_auto:/opt/ros/humble /usr/bin/cmake --install /autoware/build/localization_error_monitor
