-- The C compiler identification is GNU 11.3.0
-- The CXX compiler identification is GNU 11.3.0
-- Detecting C compiler ABI info
-- Detecting C compiler ABI info - done
-- Check for working C compiler: /usr/bin/cc - skipped
-- Detecting C compile features
-- Detecting C compile features - done
-- Detecting CXX compiler ABI info
-- Detecting CXX compiler ABI info - done
-- Check for working CXX compiler: /usr/bin/c++ - skipped
-- Detecting CXX compile features
-- Detecting CXX compile features - done
-- Found autoware_cmake: 0.1.0 (/autoware/install/autoware_cmake/share/autoware_cmake/cmake)
-- Found Python3: /usr/bin/python3.10 (found version "3.10.6") found components: Interpreter 
-- Override CMake install command with custom implementation using symlinks instead of copying resources
-- Found rosidl_generator_c: 3.1.3 (/opt/ros/humble/share/rosidl_generator_c/cmake)
-- Found rosidl_adapter: 3.1.3 (/opt/ros/humble/share/rosidl_adapter/cmake)
-- Found rosidl_generator_cpp: 3.1.3 (/opt/ros/humble/share/rosidl_generator_cpp/cmake)
-- Using all available rosidl_typesupport_c: rosidl_typesupport_fastrtps_c;rosidl_typesupport_introspection_c
-- Using all available rosidl_typesupport_cpp: rosidl_typesupport_fastrtps_cpp;rosidl_typesupport_introspection_cpp
-- Found rmw_implementation_cmake: 6.1.0 (/opt/ros/humble/share/rmw_implementation_cmake/cmake)
-- Found rmw_fastrtps_cpp: 6.2.1 (/opt/ros/humble/share/rmw_fastrtps_cpp/cmake)
-- Found OpenSSL: /usr/lib/x86_64-linux-gnu/libcrypto.so (found version "3.0.2")  
-- Found FastRTPS: /opt/ros/humble/include  
-- Using RMW implementation 'rmw_fastrtps_cpp' as default
-- Found ament_lint_auto: 0.12.4 (/opt/ros/humble/share/ament_lint_auto/cmake)
-- Added test 'cppcheck' to perform static code analysis on C / C++ code
-- Configured cppcheck include dirs: /autoware/src/universe/autoware.universe/control/shift_decider/include
-- Configured cppcheck exclude dirs and/or files: 
-- Added test 'cpplint' to check C / C++ code against the Google style
-- Configured cpplint exclude dirs and/or files: 
-- Configuring done
-- Generating done
-- Build files have been written to: /autoware/build/shift_decider
[ 25%] Building CXX object CMakeFiles/shift_decider_node.dir/src/shift_decider.cpp.o
[ 50%] Building CXX object CMakeFiles/shift_decider.dir/rclcpp_components/node_main_shift_decider.cpp.o
[ 75%] Linking CXX executable shift_decider
[ 75%] Built target shift_decider
[100%] Linking CXX shared library libshift_decider_node.so
[100%] Built target shift_decider_node
-- Install configuration: "Release"
-- Execute custom install script
-- Symlinking: /autoware/install/shift_decider/lib/shift_decider/shift_decider
-- Symlinking: /autoware/install/shift_decider/include/shift_decider/shift_decider.hpp
-- Symlinking: /autoware/install/shift_decider/share/shift_decider/environment/library_path.sh
-- Symlinking: /autoware/install/shift_decider/share/shift_decider/environment/library_path.dsv
-- Symlinking: /autoware/install/shift_decider/lib/libshift_decider_node.so
-- Symlinking: /autoware/install/shift_decider/share/shift_decider/launch/shift_decider.launch.xml
-- Symlinking: /autoware/install/shift_decider/share/shift_decider/config/shift_decider.param.yaml
-- Symlinking: /autoware/install/shift_decider/share/ament_index/resource_index/package_run_dependencies/shift_decider
-- Symlinking: /autoware/install/shift_decider/share/ament_index/resource_index/parent_prefix_path/shift_decider
-- Symlinking: /autoware/install/shift_decider/share/shift_decider/environment/ament_prefix_path.sh
-- Symlinking: /autoware/install/shift_decider/share/shift_decider/environment/ament_prefix_path.dsv
-- Symlinking: /autoware/install/shift_decider/share/shift_decider/environment/path.sh
-- Symlinking: /autoware/install/shift_decider/share/shift_decider/environment/path.dsv
-- Symlinking: /autoware/install/shift_decider/share/shift_decider/local_setup.bash
-- Symlinking: /autoware/install/shift_decider/share/shift_decider/local_setup.sh
-- Symlinking: /autoware/install/shift_decider/share/shift_decider/local_setup.zsh
-- Symlinking: /autoware/install/shift_decider/share/shift_decider/local_setup.dsv
-- Symlinking: /autoware/install/shift_decider/share/shift_decider/package.dsv
-- Symlinking: /autoware/install/shift_decider/share/ament_index/resource_index/packages/shift_decider
-- Symlinking: /autoware/install/shift_decider/share/ament_index/resource_index/rclcpp_components/shift_decider
-- Symlinking: /autoware/install/shift_decider/share/shift_decider/cmake/ament_cmake_export_dependencies-extras.cmake
-- Symlinking: /autoware/install/shift_decider/share/shift_decider/cmake/ament_cmake_export_include_directories-extras.cmake
-- Symlinking: /autoware/install/shift_decider/share/shift_decider/cmake/ament_cmake_export_libraries-extras.cmake
-- Symlinking: /autoware/install/shift_decider/share/shift_decider/cmake/shift_deciderConfig.cmake
-- Symlinking: /autoware/install/shift_decider/share/shift_decider/cmake/shift_deciderConfig-version.cmake
-- Symlinking: /autoware/install/shift_decider/share/shift_decider/package.xml
