[0.181s] Invoking command in '/autoware/build/rtc_auto_mode_manager': AMENT_PREFIX_PATH=/autoware/install/tier4_rtc_msgs:/autoware/install/autoware_cmake:/autoware/install/autoware_lint_common:/autoware/install/ament_cmake_auto:${AMENT_PREFIX_PATH} CMAKE_PREFIX_PATH=/autoware/install/tier4_rtc_msgs:/autoware/install/autoware_cmake:/autoware/install/autoware_lint_common:/autoware/install/ament_cmake_auto:/opt/ros/humble LD_LIBRARY_PATH=/autoware/install/tier4_rtc_msgs/lib:${LD_LIBRARY_PATH} PYTHONPATH=/autoware/install/tier4_rtc_msgs/local/lib/python3.10/dist-packages:${PYTHONPATH} /usr/bin/cmake --build /autoware/build/rtc_auto_mode_manager -- -j64 -l64
[0.202s] -- Found autoware_cmake: 0.1.0 (/autoware/install/autoware_cmake/share/autoware_cmake/cmake)
[0.202s] -- Found ament_cmake_auto: 1.3.2 (/opt/ros/humble/share/ament_cmake_auto/cmake)
[0.342s] -- Override CMake install command with custom implementation using symlinks instead of copying resources
[0.523s] -- Found rosidl_generator_c: 3.1.3 (/opt/ros/humble/share/rosidl_generator_c/cmake)
[0.524s] -- Found rosidl_adapter: 3.1.3 (/opt/ros/humble/share/rosidl_adapter/cmake)
[0.524s] -- Found rosidl_generator_cpp: 3.1.3 (/opt/ros/humble/share/rosidl_generator_cpp/cmake)
[0.524s] -- Using all available rosidl_typesupport_c: rosidl_typesupport_fastrtps_c;rosidl_typesupport_introspection_c
[0.524s] -- Using all available rosidl_typesupport_cpp: rosidl_typesupport_fastrtps_cpp;rosidl_typesupport_introspection_cpp
[0.710s] -- Found rmw_implementation_cmake: 6.1.0 (/opt/ros/humble/share/rmw_implementation_cmake/cmake)
[0.710s] -- Found rmw_fastrtps_cpp: 6.2.1 (/opt/ros/humble/share/rmw_fastrtps_cpp/cmake)
[0.724s] -- Using RMW implementation 'rmw_fastrtps_cpp' as default
[0.937s] -- Found ament_lint_auto: 0.12.4 (/opt/ros/humble/share/ament_lint_auto/cmake)
[0.938s] -- Added test 'copyright' to check source files copyright and LICENSE
[0.938s] -- Added test 'cppcheck' to perform static code analysis on C / C++ code
[0.938s] -- Configured cppcheck include dirs: /autoware/src/universe/autoware.universe/planning/rtc_auto_mode_manager/include
[0.938s] -- Configured cppcheck exclude dirs and/or files: 
[0.939s] -- Added test 'lint_cmake' to check CMake code style
[0.939s] -- Added test 'xmllint' to check XML markup files
[0.939s] -- Configuring done
[0.943s] -- Generating done
[0.943s] -- Build files have been written to: /autoware/build/rtc_auto_mode_manager
[0.944s] Consolidate compiler generated dependencies of target rtc_auto_mode_manager_node
[0.954s] Consolidate compiler generated dependencies of target rtc_auto_mode_manager
[0.954s] [ 40%] Built target rtc_auto_mode_manager_node
[0.985s] [ 60%] Building CXX object CMakeFiles/rtc_auto_mode_manager.dir/src/rtc_auto_mode_manager_interface.cpp.o
[0.985s] [ 80%] Building CXX object CMakeFiles/rtc_auto_mode_manager.dir/src/node.cpp.o
[6.034s] [100%] Linking CXX shared library librtc_auto_mode_manager.so
[6.211s] [100%] Built target rtc_auto_mode_manager
[6.254s] Invoked command in '/autoware/build/rtc_auto_mode_manager' returned '0': AMENT_PREFIX_PATH=/autoware/install/tier4_rtc_msgs:/autoware/install/autoware_cmake:/autoware/install/autoware_lint_common:/autoware/install/ament_cmake_auto:${AMENT_PREFIX_PATH} CMAKE_PREFIX_PATH=/autoware/install/tier4_rtc_msgs:/autoware/install/autoware_cmake:/autoware/install/autoware_lint_common:/autoware/install/ament_cmake_auto:/opt/ros/humble LD_LIBRARY_PATH=/autoware/install/tier4_rtc_msgs/lib:${LD_LIBRARY_PATH} PYTHONPATH=/autoware/install/tier4_rtc_msgs/local/lib/python3.10/dist-packages:${PYTHONPATH} /usr/bin/cmake --build /autoware/build/rtc_auto_mode_manager -- -j64 -l64
[6.598s] Invoking command in '/autoware/build/rtc_auto_mode_manager': AMENT_PREFIX_PATH=/autoware/install/tier4_rtc_msgs:/autoware/install/autoware_cmake:/autoware/install/autoware_lint_common:/autoware/install/ament_cmake_auto:${AMENT_PREFIX_PATH} CMAKE_PREFIX_PATH=/autoware/install/tier4_rtc_msgs:/autoware/install/autoware_cmake:/autoware/install/autoware_lint_common:/autoware/install/ament_cmake_auto:/opt/ros/humble LD_LIBRARY_PATH=/autoware/install/tier4_rtc_msgs/lib:${LD_LIBRARY_PATH} PYTHONPATH=/autoware/install/tier4_rtc_msgs/local/lib/python3.10/dist-packages:${PYTHONPATH} /usr/bin/cmake --install /autoware/build/rtc_auto_mode_manager
[6.610s] -- Install configuration: "Release"
[6.610s] -- Execute custom install script
[6.611s] -- Up-to-date symlink: /autoware/install/rtc_auto_mode_manager/lib/rtc_auto_mode_manager/rtc_auto_mode_manager_node
[6.612s] -- Up-to-date symlink: /autoware/install/rtc_auto_mode_manager/include/rtc_auto_mode_manager/node.hpp
[6.612s] -- Up-to-date symlink: /autoware/install/rtc_auto_mode_manager/include/rtc_auto_mode_manager/rtc_auto_mode_manager_interface.hpp
[6.612s] -- Up-to-date symlink: /autoware/install/rtc_auto_mode_manager/share/rtc_auto_mode_manager/environment/library_path.sh
[6.612s] -- Up-to-date symlink: /autoware/install/rtc_auto_mode_manager/share/rtc_auto_mode_manager/environment/library_path.dsv
[6.613s] -- Up-to-date symlink: /autoware/install/rtc_auto_mode_manager/lib/librtc_auto_mode_manager.so
[6.613s] -- Up-to-date symlink: /autoware/install/rtc_auto_mode_manager/share/rtc_auto_mode_manager/config/rtc_auto_mode_manager.param.yaml
[6.614s] -- Up-to-date symlink: /autoware/install/rtc_auto_mode_manager/share/rtc_auto_mode_manager/launch/rtc_auto_mode_manager.launch.xml
[6.614s] -- Up-to-date symlink: /autoware/install/rtc_auto_mode_manager/share/ament_index/resource_index/package_run_dependencies/rtc_auto_mode_manager
[6.614s] -- Up-to-date symlink: /autoware/install/rtc_auto_mode_manager/share/ament_index/resource_index/parent_prefix_path/rtc_auto_mode_manager
[6.615s] -- Up-to-date symlink: /autoware/install/rtc_auto_mode_manager/share/rtc_auto_mode_manager/environment/ament_prefix_path.sh
[6.615s] -- Up-to-date symlink: /autoware/install/rtc_auto_mode_manager/share/rtc_auto_mode_manager/environment/ament_prefix_path.dsv
[6.616s] -- Up-to-date symlink: /autoware/install/rtc_auto_mode_manager/share/rtc_auto_mode_manager/environment/path.sh
[6.616s] -- Up-to-date symlink: /autoware/install/rtc_auto_mode_manager/share/rtc_auto_mode_manager/environment/path.dsv
[6.616s] -- Up-to-date symlink: /autoware/install/rtc_auto_mode_manager/share/rtc_auto_mode_manager/local_setup.bash
[6.616s] -- Up-to-date symlink: /autoware/install/rtc_auto_mode_manager/share/rtc_auto_mode_manager/local_setup.sh
[6.617s] -- Up-to-date symlink: /autoware/install/rtc_auto_mode_manager/share/rtc_auto_mode_manager/local_setup.zsh
[6.617s] -- Up-to-date symlink: /autoware/install/rtc_auto_mode_manager/share/rtc_auto_mode_manager/local_setup.dsv
[6.617s] -- Symlinking: /autoware/install/rtc_auto_mode_manager/share/rtc_auto_mode_manager/package.dsv
[6.635s] -- Up-to-date symlink: /autoware/install/rtc_auto_mode_manager/share/ament_index/resource_index/packages/rtc_auto_mode_manager
[6.635s] -- Up-to-date symlink: /autoware/install/rtc_auto_mode_manager/share/ament_index/resource_index/rclcpp_components/rtc_auto_mode_manager
[6.636s] -- Up-to-date symlink: /autoware/install/rtc_auto_mode_manager/share/rtc_auto_mode_manager/cmake/ament_cmake_export_dependencies-extras.cmake
[6.636s] -- Up-to-date symlink: /autoware/install/rtc_auto_mode_manager/share/rtc_auto_mode_manager/cmake/ament_cmake_export_include_directories-extras.cmake
[6.636s] -- Up-to-date symlink: /autoware/install/rtc_auto_mode_manager/share/rtc_auto_mode_manager/cmake/ament_cmake_export_libraries-extras.cmake
[6.637s] -- Up-to-date symlink: /autoware/install/rtc_auto_mode_manager/share/rtc_auto_mode_manager/cmake/rtc_auto_mode_managerConfig.cmake
[6.637s] -- Up-to-date symlink: /autoware/install/rtc_auto_mode_manager/share/rtc_auto_mode_manager/cmake/rtc_auto_mode_managerConfig-version.cmake
[6.637s] -- Up-to-date symlink: /autoware/install/rtc_auto_mode_manager/share/rtc_auto_mode_manager/package.xml
[6.650s] Invoked command in '/autoware/build/rtc_auto_mode_manager' returned '0': AMENT_PREFIX_PATH=/autoware/install/tier4_rtc_msgs:/autoware/install/autoware_cmake:/autoware/install/autoware_lint_common:/autoware/install/ament_cmake_auto:${AMENT_PREFIX_PATH} CMAKE_PREFIX_PATH=/autoware/install/tier4_rtc_msgs:/autoware/install/autoware_cmake:/autoware/install/autoware_lint_common:/autoware/install/ament_cmake_auto:/opt/ros/humble LD_LIBRARY_PATH=/autoware/install/tier4_rtc_msgs/lib:${LD_LIBRARY_PATH} PYTHONPATH=/autoware/install/tier4_rtc_msgs/local/lib/python3.10/dist-packages:${PYTHONPATH} /usr/bin/cmake --install /autoware/build/rtc_auto_mode_manager
