[0.124s] Invoking command in '/autoware/build/simple_planning_simulator': AMENT_PREFIX_PATH=/autoware/install/vehicle_info_util:/autoware/install/tier4_autoware_utils:/autoware/install/tier4_vehicle_msgs:/autoware/install/autoware_auto_vehicle_msgs:/autoware/install/autoware_auto_tf2:/autoware/install/tier4_control_msgs:/autoware/install/tier4_api_utils:/autoware/install/autoware_auto_planning_msgs:/autoware/install/autoware_auto_perception_msgs:/autoware/install/autoware_auto_common:/autoware/install/tier4_external_api_msgs:/autoware/install/tier4_debug_msgs:/autoware/install/autoware_common_msgs:/autoware/install/autoware_cmake:/autoware/install/autoware_auto_system_msgs:/autoware/install/autoware_auto_mapping_msgs:/autoware/install/autoware_auto_geometry_msgs:/autoware/install/autoware_auto_control_msgs:/autoware/install/autoware_lint_common:/autoware/install/ament_cmake_auto:${AMENT_PREFIX_PATH} CMAKE_PREFIX_PATH=/autoware/install/vehicle_info_util:/autoware/install/tier4_autoware_utils:/autoware/install/tier4_vehicle_msgs:/autoware/install/autoware_auto_vehicle_msgs:/autoware/install/autoware_auto_tf2:/autoware/install/tier4_control_msgs:/autoware/install/tier4_api_utils:/autoware/install/autoware_auto_planning_msgs:/autoware/install/autoware_auto_perception_msgs:/autoware/install/autoware_auto_common:/autoware/install/tier4_external_api_msgs:/autoware/install/tier4_debug_msgs:/autoware/install/autoware_common_msgs:/autoware/install/autoware_cmake:/autoware/install/autoware_auto_system_msgs:/autoware/install/autoware_auto_mapping_msgs:/autoware/install/autoware_auto_geometry_msgs:/autoware/install/autoware_auto_control_msgs:/autoware/install/autoware_lint_common:/autoware/install/ament_cmake_auto:/opt/ros/humble LD_LIBRARY_PATH=/autoware/install/vehicle_info_util/lib:/autoware/install/tier4_autoware_utils/lib:/autoware/install/tier4_vehicle_msgs/lib:/autoware/install/autoware_auto_vehicle_msgs/lib:/autoware/install/tier4_control_msgs/lib:/autoware/install/autoware_auto_planning_msgs/lib:/autoware/install/autoware_auto_perception_msgs/lib:/autoware/install/tier4_external_api_msgs/lib:/autoware/install/tier4_debug_msgs/lib:/autoware/install/autoware_common_msgs/lib:/autoware/install/autoware_auto_system_msgs/lib:/autoware/install/autoware_auto_mapping_msgs/lib:/autoware/install/autoware_auto_geometry_msgs/lib:/autoware/install/autoware_auto_control_msgs/lib:${LD_LIBRARY_PATH} PYTHONPATH=/autoware/install/tier4_vehicle_msgs/local/lib/python3.10/dist-packages:/autoware/install/autoware_auto_vehicle_msgs/local/lib/python3.10/dist-packages:/autoware/install/tier4_control_msgs/local/lib/python3.10/dist-packages:/autoware/install/autoware_auto_planning_msgs/local/lib/python3.10/dist-packages:/autoware/install/autoware_auto_perception_msgs/local/lib/python3.10/dist-packages:/autoware/install/tier4_external_api_msgs/local/lib/python3.10/dist-packages:/autoware/install/tier4_debug_msgs/local/lib/python3.10/dist-packages:/autoware/install/autoware_common_msgs/local/lib/python3.10/dist-packages:/autoware/install/autoware_auto_system_msgs/local/lib/python3.10/dist-packages:/autoware/install/autoware_auto_mapping_msgs/local/lib/python3.10/dist-packages:/autoware/install/autoware_auto_geometry_msgs/local/lib/python3.10/dist-packages:/autoware/install/autoware_auto_control_msgs/local/lib/python3.10/dist-packages:${PYTHONPATH} /usr/bin/cmake --build /autoware/build/simple_planning_simulator -- -j64 -l64
[0.173s] -- Found autoware_cmake: 0.1.0 (/autoware/install/autoware_cmake/share/autoware_cmake/cmake)
[0.173s] -- Found ament_cmake_auto: 1.3.2 (/opt/ros/humble/share/ament_cmake_auto/cmake)
[0.304s] -- Override CMake install command with custom implementation using symlinks instead of copying resources
[0.420s] -- Found rosidl_generator_c: 3.1.3 (/opt/ros/humble/share/rosidl_generator_c/cmake)
[0.424s] -- Found rosidl_adapter: 3.1.3 (/opt/ros/humble/share/rosidl_adapter/cmake)
[0.432s] -- Found rosidl_generator_cpp: 3.1.3 (/opt/ros/humble/share/rosidl_generator_cpp/cmake)
[0.444s] -- Using all available rosidl_typesupport_c: rosidl_typesupport_fastrtps_c;rosidl_typesupport_introspection_c
[0.459s] -- Using all available rosidl_typesupport_cpp: rosidl_typesupport_fastrtps_cpp;rosidl_typesupport_introspection_cpp
[1.441s] -- Found eigen3_cmake_module: 0.1.1 (/opt/ros/humble/share/eigen3_cmake_module/cmake)
[1.442s] -- Ensuring Eigen3 include directory is part of orocos-kdl CMake target
[1.542s] -- Found rmw_implementation_cmake: 6.1.0 (/opt/ros/humble/share/rmw_implementation_cmake/cmake)
[1.544s] -- Found rmw_fastrtps_cpp: 6.2.1 (/opt/ros/humble/share/rmw_fastrtps_cpp/cmake)
[1.709s] -- Using RMW implementation 'rmw_fastrtps_cpp' as default
[3.424s] -- Found ament_lint_auto: 0.12.4 (/opt/ros/humble/share/ament_lint_auto/cmake)
[5.571s] -- Found gtest sources under '/opt/ros/humble/src/gtest_vendor': C++ tests using 'Google Test' will be built
[5.578s] -- Added test 'copyright' to check source files copyright and LICENSE
[5.583s] -- Added test 'cppcheck' to perform static code analysis on C / C++ code
[5.584s] -- Configured cppcheck include dirs: /autoware/src/universe/autoware.universe/simulator/simple_planning_simulator/include
[5.584s] -- Configured cppcheck exclude dirs and/or files: 
[5.585s] -- Added test 'lint_cmake' to check CMake code style
[5.586s] -- Added test 'xmllint' to check XML markup files
[5.594s] -- Configuring done
[5.717s] -- Generating done
[5.719s] -- Build files have been written to: /autoware/build/simple_planning_simulator
[5.759s] Consolidate compiler generated dependencies of target gtest_main
[5.761s] Consolidate compiler generated dependencies of target gtest
[5.767s] Consolidate compiler generated dependencies of target simple_planning_simulator_exe
[5.777s] [ 11%] Built target gtest_main
[5.779s] [ 23%] Built target gtest
[5.787s] Consolidate compiler generated dependencies of target simple_planning_simulator
[5.792s] [ 35%] Built target simple_planning_simulator_exe
[5.820s] [ 41%] Building CXX object CMakeFiles/simple_planning_simulator.dir/src/simple_planning_simulator/vehicle_model/sim_model_ideal_steer_acc_geared.cpp.o
[5.821s] [ 47%] Building CXX object CMakeFiles/simple_planning_simulator.dir/src/simple_planning_simulator/simple_planning_simulator_core.cpp.o
[55.162s] [ 52%] Linking CXX shared library libsimple_planning_simulator.so
[55.600s] [ 88%] Built target simple_planning_simulator
[55.617s] Consolidate compiler generated dependencies of target test_simple_planning_simulator
[55.633s] [ 94%] Building CXX object CMakeFiles/test_simple_planning_simulator.dir/test/test_simple_planning_simulator.cpp.o
[71.349s] [100%] Linking CXX executable test_simple_planning_simulator
[71.890s] [100%] Built target test_simple_planning_simulator
[71.904s] Invoked command in '/autoware/build/simple_planning_simulator' returned '0': AMENT_PREFIX_PATH=/autoware/install/vehicle_info_util:/autoware/install/tier4_autoware_utils:/autoware/install/tier4_vehicle_msgs:/autoware/install/autoware_auto_vehicle_msgs:/autoware/install/autoware_auto_tf2:/autoware/install/tier4_control_msgs:/autoware/install/tier4_api_utils:/autoware/install/autoware_auto_planning_msgs:/autoware/install/autoware_auto_perception_msgs:/autoware/install/autoware_auto_common:/autoware/install/tier4_external_api_msgs:/autoware/install/tier4_debug_msgs:/autoware/install/autoware_common_msgs:/autoware/install/autoware_cmake:/autoware/install/autoware_auto_system_msgs:/autoware/install/autoware_auto_mapping_msgs:/autoware/install/autoware_auto_geometry_msgs:/autoware/install/autoware_auto_control_msgs:/autoware/install/autoware_lint_common:/autoware/install/ament_cmake_auto:${AMENT_PREFIX_PATH} CMAKE_PREFIX_PATH=/autoware/install/vehicle_info_util:/autoware/install/tier4_autoware_utils:/autoware/install/tier4_vehicle_msgs:/autoware/install/autoware_auto_vehicle_msgs:/autoware/install/autoware_auto_tf2:/autoware/install/tier4_control_msgs:/autoware/install/tier4_api_utils:/autoware/install/autoware_auto_planning_msgs:/autoware/install/autoware_auto_perception_msgs:/autoware/install/autoware_auto_common:/autoware/install/tier4_external_api_msgs:/autoware/install/tier4_debug_msgs:/autoware/install/autoware_common_msgs:/autoware/install/autoware_cmake:/autoware/install/autoware_auto_system_msgs:/autoware/install/autoware_auto_mapping_msgs:/autoware/install/autoware_auto_geometry_msgs:/autoware/install/autoware_auto_control_msgs:/autoware/install/autoware_lint_common:/autoware/install/ament_cmake_auto:/opt/ros/humble LD_LIBRARY_PATH=/autoware/install/vehicle_info_util/lib:/autoware/install/tier4_autoware_utils/lib:/autoware/install/tier4_vehicle_msgs/lib:/autoware/install/autoware_auto_vehicle_msgs/lib:/autoware/install/tier4_control_msgs/lib:/autoware/install/autoware_auto_planning_msgs/lib:/autoware/install/autoware_auto_perception_msgs/lib:/autoware/install/tier4_external_api_msgs/lib:/autoware/install/tier4_debug_msgs/lib:/autoware/install/autoware_common_msgs/lib:/autoware/install/autoware_auto_system_msgs/lib:/autoware/install/autoware_auto_mapping_msgs/lib:/autoware/install/autoware_auto_geometry_msgs/lib:/autoware/install/autoware_auto_control_msgs/lib:${LD_LIBRARY_PATH} PYTHONPATH=/autoware/install/tier4_vehicle_msgs/local/lib/python3.10/dist-packages:/autoware/install/autoware_auto_vehicle_msgs/local/lib/python3.10/dist-packages:/autoware/install/tier4_control_msgs/local/lib/python3.10/dist-packages:/autoware/install/autoware_auto_planning_msgs/local/lib/python3.10/dist-packages:/autoware/install/autoware_auto_perception_msgs/local/lib/python3.10/dist-packages:/autoware/install/tier4_external_api_msgs/local/lib/python3.10/dist-packages:/autoware/install/tier4_debug_msgs/local/lib/python3.10/dist-packages:/autoware/install/autoware_common_msgs/local/lib/python3.10/dist-packages:/autoware/install/autoware_auto_system_msgs/local/lib/python3.10/dist-packages:/autoware/install/autoware_auto_mapping_msgs/local/lib/python3.10/dist-packages:/autoware/install/autoware_auto_geometry_msgs/local/lib/python3.10/dist-packages:/autoware/install/autoware_auto_control_msgs/local/lib/python3.10/dist-packages:${PYTHONPATH} /usr/bin/cmake --build /autoware/build/simple_planning_simulator -- -j64 -l64
[71.945s] Invoking command in '/autoware/build/simple_planning_simulator': AMENT_PREFIX_PATH=/autoware/install/vehicle_info_util:/autoware/install/tier4_autoware_utils:/autoware/install/tier4_vehicle_msgs:/autoware/install/autoware_auto_vehicle_msgs:/autoware/install/autoware_auto_tf2:/autoware/install/tier4_control_msgs:/autoware/install/tier4_api_utils:/autoware/install/autoware_auto_planning_msgs:/autoware/install/autoware_auto_perception_msgs:/autoware/install/autoware_auto_common:/autoware/install/tier4_external_api_msgs:/autoware/install/tier4_debug_msgs:/autoware/install/autoware_common_msgs:/autoware/install/autoware_cmake:/autoware/install/autoware_auto_system_msgs:/autoware/install/autoware_auto_mapping_msgs:/autoware/install/autoware_auto_geometry_msgs:/autoware/install/autoware_auto_control_msgs:/autoware/install/autoware_lint_common:/autoware/install/ament_cmake_auto:${AMENT_PREFIX_PATH} CMAKE_PREFIX_PATH=/autoware/install/vehicle_info_util:/autoware/install/tier4_autoware_utils:/autoware/install/tier4_vehicle_msgs:/autoware/install/autoware_auto_vehicle_msgs:/autoware/install/autoware_auto_tf2:/autoware/install/tier4_control_msgs:/autoware/install/tier4_api_utils:/autoware/install/autoware_auto_planning_msgs:/autoware/install/autoware_auto_perception_msgs:/autoware/install/autoware_auto_common:/autoware/install/tier4_external_api_msgs:/autoware/install/tier4_debug_msgs:/autoware/install/autoware_common_msgs:/autoware/install/autoware_cmake:/autoware/install/autoware_auto_system_msgs:/autoware/install/autoware_auto_mapping_msgs:/autoware/install/autoware_auto_geometry_msgs:/autoware/install/autoware_auto_control_msgs:/autoware/install/autoware_lint_common:/autoware/install/ament_cmake_auto:/opt/ros/humble LD_LIBRARY_PATH=/autoware/install/vehicle_info_util/lib:/autoware/install/tier4_autoware_utils/lib:/autoware/install/tier4_vehicle_msgs/lib:/autoware/install/autoware_auto_vehicle_msgs/lib:/autoware/install/tier4_control_msgs/lib:/autoware/install/autoware_auto_planning_msgs/lib:/autoware/install/autoware_auto_perception_msgs/lib:/autoware/install/tier4_external_api_msgs/lib:/autoware/install/tier4_debug_msgs/lib:/autoware/install/autoware_common_msgs/lib:/autoware/install/autoware_auto_system_msgs/lib:/autoware/install/autoware_auto_mapping_msgs/lib:/autoware/install/autoware_auto_geometry_msgs/lib:/autoware/install/autoware_auto_control_msgs/lib:${LD_LIBRARY_PATH} PYTHONPATH=/autoware/install/tier4_vehicle_msgs/local/lib/python3.10/dist-packages:/autoware/install/autoware_auto_vehicle_msgs/local/lib/python3.10/dist-packages:/autoware/install/tier4_control_msgs/local/lib/python3.10/dist-packages:/autoware/install/autoware_auto_planning_msgs/local/lib/python3.10/dist-packages:/autoware/install/autoware_auto_perception_msgs/local/lib/python3.10/dist-packages:/autoware/install/tier4_external_api_msgs/local/lib/python3.10/dist-packages:/autoware/install/tier4_debug_msgs/local/lib/python3.10/dist-packages:/autoware/install/autoware_common_msgs/local/lib/python3.10/dist-packages:/autoware/install/autoware_auto_system_msgs/local/lib/python3.10/dist-packages:/autoware/install/autoware_auto_mapping_msgs/local/lib/python3.10/dist-packages:/autoware/install/autoware_auto_geometry_msgs/local/lib/python3.10/dist-packages:/autoware/install/autoware_auto_control_msgs/local/lib/python3.10/dist-packages:${PYTHONPATH} /usr/bin/cmake --install /autoware/build/simple_planning_simulator
[71.955s] -- Install configuration: "Release"
[71.956s] -- Execute custom install script
[71.956s] -- Up-to-date symlink: /autoware/install/simple_planning_simulator/lib/simple_planning_simulator/simple_planning_simulator_exe
[71.957s] -- Up-to-date symlink: /autoware/install/simple_planning_simulator/include/simple_planning_simulator/simple_planning_simulator_core.hpp
[71.957s] -- Up-to-date symlink: /autoware/install/simple_planning_simulator/include/simple_planning_simulator/vehicle_model/sim_model.hpp
[71.957s] -- Up-to-date symlink: /autoware/install/simple_planning_simulator/include/simple_planning_simulator/vehicle_model/sim_model_delay_steer_acc.hpp
[71.958s] -- Up-to-date symlink: /autoware/install/simple_planning_simulator/include/simple_planning_simulator/vehicle_model/sim_model_delay_steer_acc_geared.hpp
[71.958s] -- Up-to-date symlink: /autoware/install/simple_planning_simulator/include/simple_planning_simulator/vehicle_model/sim_model_delay_steer_vel.hpp
[71.958s] -- Up-to-date symlink: /autoware/install/simple_planning_simulator/include/simple_planning_simulator/vehicle_model/sim_model_ideal_steer_acc.hpp
[71.958s] -- Up-to-date symlink: /autoware/install/simple_planning_simulator/include/simple_planning_simulator/vehicle_model/sim_model_ideal_steer_acc_geared.hpp
[71.958s] -- Up-to-date symlink: /autoware/install/simple_planning_simulator/include/simple_planning_simulator/vehicle_model/sim_model_ideal_steer_vel.hpp
[71.958s] -- Up-to-date symlink: /autoware/install/simple_planning_simulator/include/simple_planning_simulator/vehicle_model/sim_model_interface.hpp
[71.959s] -- Up-to-date symlink: /autoware/install/simple_planning_simulator/include/simple_planning_simulator/visibility_control.hpp
[71.959s] -- Up-to-date symlink: /autoware/install/simple_planning_simulator/share/simple_planning_simulator/environment/library_path.sh
[71.959s] -- Up-to-date symlink: /autoware/install/simple_planning_simulator/share/simple_planning_simulator/environment/library_path.dsv
[71.959s] -- Up-to-date symlink: /autoware/install/simple_planning_simulator/lib/libsimple_planning_simulator.so
[71.960s] -- Up-to-date symlink: /autoware/install/simple_planning_simulator/share/simple_planning_simulator/param/simple_planning_simulator_default.param.yaml
[71.960s] -- Up-to-date symlink: /autoware/install/simple_planning_simulator/share/simple_planning_simulator/param/vehicle_characteristics.param.yaml
[71.960s] -- Up-to-date symlink: /autoware/install/simple_planning_simulator/share/simple_planning_simulator/launch/simple_planning_simulator.launch.py
[71.961s] -- Up-to-date symlink: /autoware/install/simple_planning_simulator/share/ament_index/resource_index/package_run_dependencies/simple_planning_simulator
[71.961s] -- Up-to-date symlink: /autoware/install/simple_planning_simulator/share/ament_index/resource_index/parent_prefix_path/simple_planning_simulator
[71.961s] -- Up-to-date symlink: /autoware/install/simple_planning_simulator/share/simple_planning_simulator/environment/ament_prefix_path.sh
[71.961s] -- Up-to-date symlink: /autoware/install/simple_planning_simulator/share/simple_planning_simulator/environment/ament_prefix_path.dsv
[71.962s] -- Up-to-date symlink: /autoware/install/simple_planning_simulator/share/simple_planning_simulator/environment/path.sh
[71.962s] -- Up-to-date symlink: /autoware/install/simple_planning_simulator/share/simple_planning_simulator/environment/path.dsv
[71.962s] -- Up-to-date symlink: /autoware/install/simple_planning_simulator/share/simple_planning_simulator/local_setup.bash
[71.962s] -- Up-to-date symlink: /autoware/install/simple_planning_simulator/share/simple_planning_simulator/local_setup.sh
[71.962s] -- Up-to-date symlink: /autoware/install/simple_planning_simulator/share/simple_planning_simulator/local_setup.zsh
[71.963s] -- Up-to-date symlink: /autoware/install/simple_planning_simulator/share/simple_planning_simulator/local_setup.dsv
[71.963s] -- Symlinking: /autoware/install/simple_planning_simulator/share/simple_planning_simulator/package.dsv
[71.975s] -- Up-to-date symlink: /autoware/install/simple_planning_simulator/share/ament_index/resource_index/packages/simple_planning_simulator
[71.975s] -- Up-to-date symlink: /autoware/install/simple_planning_simulator/share/ament_index/resource_index/rclcpp_components/simple_planning_simulator
[71.976s] -- Up-to-date symlink: /autoware/install/simple_planning_simulator/share/simple_planning_simulator/cmake/ament_cmake_export_dependencies-extras.cmake
[71.976s] -- Up-to-date symlink: /autoware/install/simple_planning_simulator/share/simple_planning_simulator/cmake/ament_cmake_export_include_directories-extras.cmake
[71.976s] -- Up-to-date symlink: /autoware/install/simple_planning_simulator/share/simple_planning_simulator/cmake/ament_cmake_export_libraries-extras.cmake
[71.976s] -- Up-to-date symlink: /autoware/install/simple_planning_simulator/share/simple_planning_simulator/cmake/simple_planning_simulatorConfig.cmake
[71.976s] -- Up-to-date symlink: /autoware/install/simple_planning_simulator/share/simple_planning_simulator/cmake/simple_planning_simulatorConfig-version.cmake
[71.977s] -- Up-to-date symlink: /autoware/install/simple_planning_simulator/share/simple_planning_simulator/package.xml
[71.986s] Invoked command in '/autoware/build/simple_planning_simulator' returned '0': AMENT_PREFIX_PATH=/autoware/install/vehicle_info_util:/autoware/install/tier4_autoware_utils:/autoware/install/tier4_vehicle_msgs:/autoware/install/autoware_auto_vehicle_msgs:/autoware/install/autoware_auto_tf2:/autoware/install/tier4_control_msgs:/autoware/install/tier4_api_utils:/autoware/install/autoware_auto_planning_msgs:/autoware/install/autoware_auto_perception_msgs:/autoware/install/autoware_auto_common:/autoware/install/tier4_external_api_msgs:/autoware/install/tier4_debug_msgs:/autoware/install/autoware_common_msgs:/autoware/install/autoware_cmake:/autoware/install/autoware_auto_system_msgs:/autoware/install/autoware_auto_mapping_msgs:/autoware/install/autoware_auto_geometry_msgs:/autoware/install/autoware_auto_control_msgs:/autoware/install/autoware_lint_common:/autoware/install/ament_cmake_auto:${AMENT_PREFIX_PATH} CMAKE_PREFIX_PATH=/autoware/install/vehicle_info_util:/autoware/install/tier4_autoware_utils:/autoware/install/tier4_vehicle_msgs:/autoware/install/autoware_auto_vehicle_msgs:/autoware/install/autoware_auto_tf2:/autoware/install/tier4_control_msgs:/autoware/install/tier4_api_utils:/autoware/install/autoware_auto_planning_msgs:/autoware/install/autoware_auto_perception_msgs:/autoware/install/autoware_auto_common:/autoware/install/tier4_external_api_msgs:/autoware/install/tier4_debug_msgs:/autoware/install/autoware_common_msgs:/autoware/install/autoware_cmake:/autoware/install/autoware_auto_system_msgs:/autoware/install/autoware_auto_mapping_msgs:/autoware/install/autoware_auto_geometry_msgs:/autoware/install/autoware_auto_control_msgs:/autoware/install/autoware_lint_common:/autoware/install/ament_cmake_auto:/opt/ros/humble LD_LIBRARY_PATH=/autoware/install/vehicle_info_util/lib:/autoware/install/tier4_autoware_utils/lib:/autoware/install/tier4_vehicle_msgs/lib:/autoware/install/autoware_auto_vehicle_msgs/lib:/autoware/install/tier4_control_msgs/lib:/autoware/install/autoware_auto_planning_msgs/lib:/autoware/install/autoware_auto_perception_msgs/lib:/autoware/install/tier4_external_api_msgs/lib:/autoware/install/tier4_debug_msgs/lib:/autoware/install/autoware_common_msgs/lib:/autoware/install/autoware_auto_system_msgs/lib:/autoware/install/autoware_auto_mapping_msgs/lib:/autoware/install/autoware_auto_geometry_msgs/lib:/autoware/install/autoware_auto_control_msgs/lib:${LD_LIBRARY_PATH} PYTHONPATH=/autoware/install/tier4_vehicle_msgs/local/lib/python3.10/dist-packages:/autoware/install/autoware_auto_vehicle_msgs/local/lib/python3.10/dist-packages:/autoware/install/tier4_control_msgs/local/lib/python3.10/dist-packages:/autoware/install/autoware_auto_planning_msgs/local/lib/python3.10/dist-packages:/autoware/install/autoware_auto_perception_msgs/local/lib/python3.10/dist-packages:/autoware/install/tier4_external_api_msgs/local/lib/python3.10/dist-packages:/autoware/install/tier4_debug_msgs/local/lib/python3.10/dist-packages:/autoware/install/autoware_common_msgs/local/lib/python3.10/dist-packages:/autoware/install/autoware_auto_system_msgs/local/lib/python3.10/dist-packages:/autoware/install/autoware_auto_mapping_msgs/local/lib/python3.10/dist-packages:/autoware/install/autoware_auto_geometry_msgs/local/lib/python3.10/dist-packages:/autoware/install/autoware_auto_control_msgs/local/lib/python3.10/dist-packages:${PYTHONPATH} /usr/bin/cmake --install /autoware/build/simple_planning_simulator
