[0.064s] Invoking command in '/autoware/build/rtc_auto_mode_manager': AMENT_PREFIX_PATH=/autoware/install/autoware_cmake:/autoware/install/tier4_rtc_msgs:/autoware/install/autoware_lint_common:${AMENT_PREFIX_PATH} CMAKE_PREFIX_PATH=/autoware/install/autoware_cmake:/autoware/install/tier4_rtc_msgs:/autoware/install/autoware_lint_common:/opt/ros/humble LD_LIBRARY_PATH=/autoware/install/tier4_rtc_msgs/lib:${LD_LIBRARY_PATH} PYTHONPATH=/autoware/install/tier4_rtc_msgs/local/lib/python3.10/dist-packages:${PYTHONPATH} /usr/bin/cmake /autoware/src/universe/autoware.universe/planning/rtc_auto_mode_manager -DCMAKE_BUILD_TYPE=Release -DAMENT_CMAKE_SYMLINK_INSTALL=1 -DCMAKE_INSTALL_PREFIX=/autoware/install/rtc_auto_mode_manager
[0.163s] -- The C compiler identification is GNU 11.3.0
[0.237s] -- The CXX compiler identification is GNU 11.3.0
[0.246s] -- Detecting C compiler ABI info
[0.350s] -- Detecting C compiler ABI info - done
[0.362s] -- Check for working C compiler: /usr/bin/cc - skipped
[0.362s] -- Detecting C compile features
[0.370s] -- Detecting C compile features - done
[0.375s] -- Detecting CXX compiler ABI info
[0.535s] -- Detecting CXX compiler ABI info - done
[0.555s] -- Check for working CXX compiler: /usr/bin/c++ - skipped
[0.556s] -- Detecting CXX compile features
[0.557s] -- Detecting CXX compile features - done
[0.559s] -- Found autoware_cmake: 0.1.0 (/autoware/install/autoware_cmake/share/autoware_cmake/cmake)
[0.944s] -- Found Python3: /usr/bin/python3.10 (found version "3.10.6") found components: Interpreter 
[1.059s] -- Override CMake install command with custom implementation using symlinks instead of copying resources
[1.357s] -- Found rosidl_generator_c: 3.1.3 (/opt/ros/humble/share/rosidl_generator_c/cmake)
[1.370s] -- Found rosidl_adapter: 3.1.3 (/opt/ros/humble/share/rosidl_adapter/cmake)
[1.388s] -- Found rosidl_generator_cpp: 3.1.3 (/opt/ros/humble/share/rosidl_generator_cpp/cmake)
[1.417s] -- Using all available rosidl_typesupport_c: rosidl_typesupport_fastrtps_c;rosidl_typesupport_introspection_c
[1.459s] -- Using all available rosidl_typesupport_cpp: rosidl_typesupport_fastrtps_cpp;rosidl_typesupport_introspection_cpp
[1.576s] -- Found rmw_implementation_cmake: 6.1.0 (/opt/ros/humble/share/rmw_implementation_cmake/cmake)
[1.581s] -- Found rmw_fastrtps_cpp: 6.2.1 (/opt/ros/humble/share/rmw_fastrtps_cpp/cmake)
[1.834s] -- Found OpenSSL: /usr/lib/x86_64-linux-gnu/libcrypto.so (found version "3.0.2")  
[1.915s] -- Found FastRTPS: /opt/ros/humble/include  
[1.981s] -- Using RMW implementation 'rmw_fastrtps_cpp' as default
[2.346s] -- Found ament_lint_auto: 0.12.4 (/opt/ros/humble/share/ament_lint_auto/cmake)
[2.369s] -- Added test 'copyright' to check source files copyright and LICENSE
[2.373s] -- Added test 'cppcheck' to perform static code analysis on C / C++ code
[2.373s] -- Configured cppcheck include dirs: /autoware/src/universe/autoware.universe/planning/rtc_auto_mode_manager/include
[2.373s] -- Configured cppcheck exclude dirs and/or files: 
[2.374s] -- Added test 'lint_cmake' to check CMake code style
[2.374s] -- Added test 'xmllint' to check XML markup files
[2.380s] -- Configuring done
[2.400s] -- Generating done
[2.402s] -- Build files have been written to: /autoware/build/rtc_auto_mode_manager
[2.412s] Invoked command in '/autoware/build/rtc_auto_mode_manager' returned '0': AMENT_PREFIX_PATH=/autoware/install/autoware_cmake:/autoware/install/tier4_rtc_msgs:/autoware/install/autoware_lint_common:${AMENT_PREFIX_PATH} CMAKE_PREFIX_PATH=/autoware/install/autoware_cmake:/autoware/install/tier4_rtc_msgs:/autoware/install/autoware_lint_common:/opt/ros/humble LD_LIBRARY_PATH=/autoware/install/tier4_rtc_msgs/lib:${LD_LIBRARY_PATH} PYTHONPATH=/autoware/install/tier4_rtc_msgs/local/lib/python3.10/dist-packages:${PYTHONPATH} /usr/bin/cmake /autoware/src/universe/autoware.universe/planning/rtc_auto_mode_manager -DCMAKE_BUILD_TYPE=Release -DAMENT_CMAKE_SYMLINK_INSTALL=1 -DCMAKE_INSTALL_PREFIX=/autoware/install/rtc_auto_mode_manager
[2.413s] Invoking command in '/autoware/build/rtc_auto_mode_manager': AMENT_PREFIX_PATH=/autoware/install/autoware_cmake:/autoware/install/tier4_rtc_msgs:/autoware/install/autoware_lint_common:${AMENT_PREFIX_PATH} CMAKE_PREFIX_PATH=/autoware/install/autoware_cmake:/autoware/install/tier4_rtc_msgs:/autoware/install/autoware_lint_common:/opt/ros/humble LD_LIBRARY_PATH=/autoware/install/tier4_rtc_msgs/lib:${LD_LIBRARY_PATH} PYTHONPATH=/autoware/install/tier4_rtc_msgs/local/lib/python3.10/dist-packages:${PYTHONPATH} /usr/bin/cmake --build /autoware/build/rtc_auto_mode_manager -- -j64 -l64
[2.453s] [ 20%] Building CXX object CMakeFiles/rtc_auto_mode_manager.dir/src/node.cpp.o
[2.457s] [ 40%] Building CXX object CMakeFiles/rtc_auto_mode_manager.dir/src/rtc_auto_mode_manager_interface.cpp.o
[2.457s] [ 60%] Building CXX object CMakeFiles/rtc_auto_mode_manager_node.dir/rclcpp_components/node_main_rtc_auto_mode_manager_node.cpp.o
[5.738s] [ 80%] Linking CXX executable rtc_auto_mode_manager_node
[5.820s] [ 80%] Built target rtc_auto_mode_manager_node
[7.099s] [100%] Linking CXX shared library librtc_auto_mode_manager.so
[7.175s] [100%] Built target rtc_auto_mode_manager
[7.184s] Invoked command in '/autoware/build/rtc_auto_mode_manager' returned '0': AMENT_PREFIX_PATH=/autoware/install/autoware_cmake:/autoware/install/tier4_rtc_msgs:/autoware/install/autoware_lint_common:${AMENT_PREFIX_PATH} CMAKE_PREFIX_PATH=/autoware/install/autoware_cmake:/autoware/install/tier4_rtc_msgs:/autoware/install/autoware_lint_common:/opt/ros/humble LD_LIBRARY_PATH=/autoware/install/tier4_rtc_msgs/lib:${LD_LIBRARY_PATH} PYTHONPATH=/autoware/install/tier4_rtc_msgs/local/lib/python3.10/dist-packages:${PYTHONPATH} /usr/bin/cmake --build /autoware/build/rtc_auto_mode_manager -- -j64 -l64
[7.205s] Invoking command in '/autoware/build/rtc_auto_mode_manager': AMENT_PREFIX_PATH=/autoware/install/autoware_cmake:/autoware/install/tier4_rtc_msgs:/autoware/install/autoware_lint_common:${AMENT_PREFIX_PATH} CMAKE_PREFIX_PATH=/autoware/install/autoware_cmake:/autoware/install/tier4_rtc_msgs:/autoware/install/autoware_lint_common:/opt/ros/humble LD_LIBRARY_PATH=/autoware/install/tier4_rtc_msgs/lib:${LD_LIBRARY_PATH} PYTHONPATH=/autoware/install/tier4_rtc_msgs/local/lib/python3.10/dist-packages:${PYTHONPATH} /usr/bin/cmake --install /autoware/build/rtc_auto_mode_manager
[7.211s] -- Install configuration: "Release"
[7.211s] -- Execute custom install script
[7.212s] -- Symlinking: /autoware/install/rtc_auto_mode_manager/lib/rtc_auto_mode_manager/rtc_auto_mode_manager_node
[7.219s] -- Symlinking: /autoware/install/rtc_auto_mode_manager/include/rtc_auto_mode_manager/node.hpp
[7.226s] -- Symlinking: /autoware/install/rtc_auto_mode_manager/include/rtc_auto_mode_manager/rtc_auto_mode_manager_interface.hpp
[7.233s] -- Symlinking: /autoware/install/rtc_auto_mode_manager/share/rtc_auto_mode_manager/environment/library_path.sh
[7.240s] -- Symlinking: /autoware/install/rtc_auto_mode_manager/share/rtc_auto_mode_manager/environment/library_path.dsv
[7.247s] -- Symlinking: /autoware/install/rtc_auto_mode_manager/lib/librtc_auto_mode_manager.so
[7.255s] -- Symlinking: /autoware/install/rtc_auto_mode_manager/share/rtc_auto_mode_manager/config/rtc_auto_mode_manager.param.yaml
[7.262s] -- Symlinking: /autoware/install/rtc_auto_mode_manager/share/rtc_auto_mode_manager/launch/rtc_auto_mode_manager.launch.xml
[7.268s] -- Symlinking: /autoware/install/rtc_auto_mode_manager/share/ament_index/resource_index/package_run_dependencies/rtc_auto_mode_manager
[7.274s] -- Symlinking: /autoware/install/rtc_auto_mode_manager/share/ament_index/resource_index/parent_prefix_path/rtc_auto_mode_manager
[7.280s] -- Symlinking: /autoware/install/rtc_auto_mode_manager/share/rtc_auto_mode_manager/environment/ament_prefix_path.sh
[7.287s] -- Symlinking: /autoware/install/rtc_auto_mode_manager/share/rtc_auto_mode_manager/environment/ament_prefix_path.dsv
[7.293s] -- Symlinking: /autoware/install/rtc_auto_mode_manager/share/rtc_auto_mode_manager/environment/path.sh
[7.299s] -- Symlinking: /autoware/install/rtc_auto_mode_manager/share/rtc_auto_mode_manager/environment/path.dsv
[7.305s] -- Symlinking: /autoware/install/rtc_auto_mode_manager/share/rtc_auto_mode_manager/local_setup.bash
[7.311s] -- Symlinking: /autoware/install/rtc_auto_mode_manager/share/rtc_auto_mode_manager/local_setup.sh
[7.317s] -- Symlinking: /autoware/install/rtc_auto_mode_manager/share/rtc_auto_mode_manager/local_setup.zsh
[7.324s] -- Symlinking: /autoware/install/rtc_auto_mode_manager/share/rtc_auto_mode_manager/local_setup.dsv
[7.331s] -- Symlinking: /autoware/install/rtc_auto_mode_manager/share/rtc_auto_mode_manager/package.dsv
[7.338s] -- Symlinking: /autoware/install/rtc_auto_mode_manager/share/ament_index/resource_index/packages/rtc_auto_mode_manager
[7.344s] -- Symlinking: /autoware/install/rtc_auto_mode_manager/share/ament_index/resource_index/rclcpp_components/rtc_auto_mode_manager
[7.351s] -- Symlinking: /autoware/install/rtc_auto_mode_manager/share/rtc_auto_mode_manager/cmake/ament_cmake_export_dependencies-extras.cmake
[7.359s] -- Symlinking: /autoware/install/rtc_auto_mode_manager/share/rtc_auto_mode_manager/cmake/ament_cmake_export_include_directories-extras.cmake
[7.367s] -- Symlinking: /autoware/install/rtc_auto_mode_manager/share/rtc_auto_mode_manager/cmake/ament_cmake_export_libraries-extras.cmake
[7.375s] -- Symlinking: /autoware/install/rtc_auto_mode_manager/share/rtc_auto_mode_manager/cmake/rtc_auto_mode_managerConfig.cmake
[7.384s] -- Symlinking: /autoware/install/rtc_auto_mode_manager/share/rtc_auto_mode_manager/cmake/rtc_auto_mode_managerConfig-version.cmake
[7.392s] -- Symlinking: /autoware/install/rtc_auto_mode_manager/share/rtc_auto_mode_manager/package.xml
[7.402s] Invoked command in '/autoware/build/rtc_auto_mode_manager' returned '0': AMENT_PREFIX_PATH=/autoware/install/autoware_cmake:/autoware/install/tier4_rtc_msgs:/autoware/install/autoware_lint_common:${AMENT_PREFIX_PATH} CMAKE_PREFIX_PATH=/autoware/install/autoware_cmake:/autoware/install/tier4_rtc_msgs:/autoware/install/autoware_lint_common:/opt/ros/humble LD_LIBRARY_PATH=/autoware/install/tier4_rtc_msgs/lib:${LD_LIBRARY_PATH} PYTHONPATH=/autoware/install/tier4_rtc_msgs/local/lib/python3.10/dist-packages:${PYTHONPATH} /usr/bin/cmake --install /autoware/build/rtc_auto_mode_manager
