[0.025s] Invoking command in '/autoware/build/shape_estimation': AMENT_PREFIX_PATH=/autoware/install/tier4_autoware_utils:/autoware/install/tier4_perception_msgs:/autoware/install/autoware_auto_vehicle_msgs:/autoware/install/autoware_cmake:/autoware/install/autoware_auto_planning_msgs:/autoware/install/autoware_auto_perception_msgs:/autoware/install/tier4_debug_msgs:/autoware/install/autoware_lint_common:/autoware/install/autoware_auto_mapping_msgs:/autoware/install/autoware_auto_geometry_msgs:${AMENT_PREFIX_PATH} CMAKE_PREFIX_PATH=/autoware/install/tier4_autoware_utils:/autoware/install/tier4_perception_msgs:/autoware/install/autoware_auto_vehicle_msgs:/autoware/install/autoware_cmake:/autoware/install/autoware_auto_planning_msgs:/autoware/install/autoware_auto_perception_msgs:/autoware/install/tier4_debug_msgs:/autoware/install/autoware_lint_common:/autoware/install/autoware_auto_mapping_msgs:/autoware/install/autoware_auto_geometry_msgs:/opt/ros/humble LD_LIBRARY_PATH=/autoware/install/tier4_autoware_utils/lib:/autoware/install/tier4_perception_msgs/lib:/autoware/install/autoware_auto_vehicle_msgs/lib:/autoware/install/autoware_auto_planning_msgs/lib:/autoware/install/autoware_auto_perception_msgs/lib:/autoware/install/tier4_debug_msgs/lib:/autoware/install/autoware_auto_mapping_msgs/lib:/autoware/install/autoware_auto_geometry_msgs/lib:${LD_LIBRARY_PATH} PYTHONPATH=/autoware/install/tier4_perception_msgs/local/lib/python3.10/dist-packages:/autoware/install/autoware_auto_vehicle_msgs/local/lib/python3.10/dist-packages:/autoware/install/autoware_auto_planning_msgs/local/lib/python3.10/dist-packages:/autoware/install/autoware_auto_perception_msgs/local/lib/python3.10/dist-packages:/autoware/install/tier4_debug_msgs/local/lib/python3.10/dist-packages:/autoware/install/autoware_auto_mapping_msgs/local/lib/python3.10/dist-packages:/autoware/install/autoware_auto_geometry_msgs/local/lib/python3.10/dist-packages:${PYTHONPATH} /usr/bin/cmake /autoware/src/universe/autoware.universe/perception/shape_estimation -DCMAKE_BUILD_TYPE=Release -DAMENT_CMAKE_SYMLINK_INSTALL=1 -DCMAKE_INSTALL_PREFIX=/autoware/install/shape_estimation
[0.070s] -- The C compiler identification is GNU 11.3.0
[0.114s] -- The CXX compiler identification is GNU 11.3.0
[0.120s] -- Detecting C compiler ABI info
[0.176s] -- Detecting C compiler ABI info - done
[0.183s] -- Check for working C compiler: /usr/bin/cc - skipped
[0.183s] -- Detecting C compile features
[0.183s] -- Detecting C compile features - done
[0.187s] -- Detecting CXX compiler ABI info
[0.255s] -- Detecting CXX compiler ABI info - done
[0.262s] -- Check for working CXX compiler: /usr/bin/c++ - skipped
[0.262s] -- Detecting CXX compile features
[0.262s] -- Detecting CXX compile features - done
[0.264s] -- Found autoware_cmake: 0.1.0 (/autoware/install/autoware_cmake/share/autoware_cmake/cmake)
[0.451s] -- Found Python3: /usr/bin/python3.10 (found version "3.10.6") found components: Interpreter 
[0.519s] -- Override CMake install command with custom implementation using symlinks instead of copying resources
[0.700s] -- Found rosidl_generator_c: 3.1.3 (/opt/ros/humble/share/rosidl_generator_c/cmake)
[0.707s] -- Found rosidl_adapter: 3.1.3 (/opt/ros/humble/share/rosidl_adapter/cmake)
[0.718s] -- Found rosidl_generator_cpp: 3.1.3 (/opt/ros/humble/share/rosidl_generator_cpp/cmake)
[0.734s] -- Using all available rosidl_typesupport_c: rosidl_typesupport_fastrtps_c;rosidl_typesupport_introspection_c
[0.756s] -- Using all available rosidl_typesupport_cpp: rosidl_typesupport_fastrtps_cpp;rosidl_typesupport_introspection_cpp
[1.297s] -- Found rmw_implementation_cmake: 6.1.0 (/opt/ros/humble/share/rmw_implementation_cmake/cmake)
[1.301s] -- Found rmw_fastrtps_cpp: 6.2.1 (/opt/ros/humble/share/rmw_fastrtps_cpp/cmake)
[1.405s] -- Found OpenSSL: /usr/lib/x86_64-linux-gnu/libcrypto.so (found version "3.0.2")  
[1.453s] -- Found FastRTPS: /opt/ros/humble/include  
[1.523s] -- Using RMW implementation 'rmw_fastrtps_cpp' as default
[2.347s] -- Found eigen3_cmake_module: 0.1.1 (/opt/ros/humble/share/eigen3_cmake_module/cmake)
[2.348s] -- Found Eigen3: TRUE (found version "3.4.0") 
[2.348s] -- Ensuring Eigen3 include directory is part of orocos-kdl CMake target
[4.014s] -- Found ament_lint_auto: 0.12.4 (/opt/ros/humble/share/ament_lint_auto/cmake)
[4.041s] -- Checking for module 'eigen3'
[4.055s] --   Found eigen3, version 3.4.0
[4.087s] -- Found Eigen: /usr/include/eigen3 (Required is at least version "3.1") 
[4.087s] -- Eigen found (include: /usr/include/eigen3, version: 3.4.0)
[4.129s] -- Found Boost: /usr/lib/x86_64-linux-gnu/cmake/Boost-1.74.0/BoostConfig.cmake (found suitable version "1.74.0", minimum required is "1.65.0") found components: system filesystem date_time iostreams serialization 
[4.131s] -- looking for PCL_COMMON
[4.133s] -- Found PCL_COMMON: /usr/lib/x86_64-linux-gnu/libpcl_common.so  
[4.133s] -- Found PCL: pcl_common;Boost::system;Boost::filesystem;Boost::date_time;Boost::iostreams;Boost::serialization  
[4.148s] -- Found OpenCV: /usr (found version "4.5.4") 
[5.594s] -- Added test 'copyright' to check source files copyright and LICENSE
[5.597s] -- Added test 'cppcheck' to perform static code analysis on C / C++ code
[5.598s] -- Configured cppcheck include dirs: /autoware/src/universe/autoware.universe/perception/shape_estimation/include;$<BUILD_INTERFACE:/autoware/src/universe/autoware.universe/perception/shape_estimation/include>;/autoware/src/universe/autoware.universe/perception/shape_estimation/src
[5.598s] -- Configured cppcheck exclude dirs and/or files: 
[5.599s] -- Added test 'lint_cmake' to check CMake code style
[5.600s] -- Added test 'xmllint' to check XML markup files
[5.604s] -- Configuring done
[5.751s] -- Generating done
[5.753s] -- Build files have been written to: /autoware/build/shape_estimation
[5.767s] Invoked command in '/autoware/build/shape_estimation' returned '0': AMENT_PREFIX_PATH=/autoware/install/tier4_autoware_utils:/autoware/install/tier4_perception_msgs:/autoware/install/autoware_auto_vehicle_msgs:/autoware/install/autoware_cmake:/autoware/install/autoware_auto_planning_msgs:/autoware/install/autoware_auto_perception_msgs:/autoware/install/tier4_debug_msgs:/autoware/install/autoware_lint_common:/autoware/install/autoware_auto_mapping_msgs:/autoware/install/autoware_auto_geometry_msgs:${AMENT_PREFIX_PATH} CMAKE_PREFIX_PATH=/autoware/install/tier4_autoware_utils:/autoware/install/tier4_perception_msgs:/autoware/install/autoware_auto_vehicle_msgs:/autoware/install/autoware_cmake:/autoware/install/autoware_auto_planning_msgs:/autoware/install/autoware_auto_perception_msgs:/autoware/install/tier4_debug_msgs:/autoware/install/autoware_lint_common:/autoware/install/autoware_auto_mapping_msgs:/autoware/install/autoware_auto_geometry_msgs:/opt/ros/humble LD_LIBRARY_PATH=/autoware/install/tier4_autoware_utils/lib:/autoware/install/tier4_perception_msgs/lib:/autoware/install/autoware_auto_vehicle_msgs/lib:/autoware/install/autoware_auto_planning_msgs/lib:/autoware/install/autoware_auto_perception_msgs/lib:/autoware/install/tier4_debug_msgs/lib:/autoware/install/autoware_auto_mapping_msgs/lib:/autoware/install/autoware_auto_geometry_msgs/lib:${LD_LIBRARY_PATH} PYTHONPATH=/autoware/install/tier4_perception_msgs/local/lib/python3.10/dist-packages:/autoware/install/autoware_auto_vehicle_msgs/local/lib/python3.10/dist-packages:/autoware/install/autoware_auto_planning_msgs/local/lib/python3.10/dist-packages:/autoware/install/autoware_auto_perception_msgs/local/lib/python3.10/dist-packages:/autoware/install/tier4_debug_msgs/local/lib/python3.10/dist-packages:/autoware/install/autoware_auto_mapping_msgs/local/lib/python3.10/dist-packages:/autoware/install/autoware_auto_geometry_msgs/local/lib/python3.10/dist-packages:${PYTHONPATH} /usr/bin/cmake /autoware/src/universe/autoware.universe/perception/shape_estimation -DCMAKE_BUILD_TYPE=Release -DAMENT_CMAKE_SYMLINK_INSTALL=1 -DCMAKE_INSTALL_PREFIX=/autoware/install/shape_estimation
[5.769s] Invoking command in '/autoware/build/shape_estimation': AMENT_PREFIX_PATH=/autoware/install/tier4_autoware_utils:/autoware/install/tier4_perception_msgs:/autoware/install/autoware_auto_vehicle_msgs:/autoware/install/autoware_cmake:/autoware/install/autoware_auto_planning_msgs:/autoware/install/autoware_auto_perception_msgs:/autoware/install/tier4_debug_msgs:/autoware/install/autoware_lint_common:/autoware/install/autoware_auto_mapping_msgs:/autoware/install/autoware_auto_geometry_msgs:${AMENT_PREFIX_PATH} CMAKE_PREFIX_PATH=/autoware/install/tier4_autoware_utils:/autoware/install/tier4_perception_msgs:/autoware/install/autoware_auto_vehicle_msgs:/autoware/install/autoware_cmake:/autoware/install/autoware_auto_planning_msgs:/autoware/install/autoware_auto_perception_msgs:/autoware/install/tier4_debug_msgs:/autoware/install/autoware_lint_common:/autoware/install/autoware_auto_mapping_msgs:/autoware/install/autoware_auto_geometry_msgs:/opt/ros/humble LD_LIBRARY_PATH=/autoware/install/tier4_autoware_utils/lib:/autoware/install/tier4_perception_msgs/lib:/autoware/install/autoware_auto_vehicle_msgs/lib:/autoware/install/autoware_auto_planning_msgs/lib:/autoware/install/autoware_auto_perception_msgs/lib:/autoware/install/tier4_debug_msgs/lib:/autoware/install/autoware_auto_mapping_msgs/lib:/autoware/install/autoware_auto_geometry_msgs/lib:${LD_LIBRARY_PATH} PYTHONPATH=/autoware/install/tier4_perception_msgs/local/lib/python3.10/dist-packages:/autoware/install/autoware_auto_vehicle_msgs/local/lib/python3.10/dist-packages:/autoware/install/autoware_auto_planning_msgs/local/lib/python3.10/dist-packages:/autoware/install/autoware_auto_perception_msgs/local/lib/python3.10/dist-packages:/autoware/install/tier4_debug_msgs/local/lib/python3.10/dist-packages:/autoware/install/autoware_auto_mapping_msgs/local/lib/python3.10/dist-packages:/autoware/install/autoware_auto_geometry_msgs/local/lib/python3.10/dist-packages:${PYTHONPATH} /usr/bin/cmake --build /autoware/build/shape_estimation -- -j64 -l64
[5.840s] [  6%] Building CXX object CMakeFiles/shape_estimation.dir/rclcpp_components/node_main_shape_estimation.cpp.o
[5.840s] [ 12%] Building CXX object CMakeFiles/shape_estimation_lib.dir/lib/shape_estimator.cpp.o
[5.840s] [ 18%] Building CXX object CMakeFiles/shape_estimation_lib.dir/lib/model/bounding_box.cpp.o
[5.842s] [ 25%] Building CXX object CMakeFiles/shape_estimation_lib.dir/lib/model/convex_hull.cpp.o
[5.842s] [ 37%] Building CXX object CMakeFiles/shape_estimation_lib.dir/lib/corrector/utils.cpp.o
[5.842s] [ 43%] Building CXX object CMakeFiles/shape_estimation_lib.dir/lib/filter/bus_filter.cpp.o
[5.843s] [ 50%] Building CXX object CMakeFiles/shape_estimation_lib.dir/lib/model/cylinder.cpp.o
[5.844s] [ 56%] Building CXX object CMakeFiles/shape_estimation_lib.dir/lib/filter/no_filter.cpp.o
[5.844s] [ 56%] Building CXX object CMakeFiles/shape_estimation_lib.dir/lib/filter/car_filter.cpp.o
[5.844s] [ 68%] Building CXX object CMakeFiles/shape_estimation_lib.dir/lib/filter/truck_filter.cpp.o
[5.844s] [ 68%] Building CXX object CMakeFiles/shape_estimation_lib.dir/lib/filter/utils.cpp.o
[5.844s] [ 75%] Building CXX object CMakeFiles/shape_estimation_lib.dir/lib/corrector/no_corrector.cpp.o
[10.229s] [ 81%] Linking CXX executable shape_estimation
[10.322s] [ 81%] Built target shape_estimation
[21.748s] [ 87%] Linking CXX shared library libshape_estimation_lib.so
[25.670s] [ 87%] Built target shape_estimation_lib
[25.694s] [ 93%] Building CXX object CMakeFiles/shape_estimation_node.dir/src/node.cpp.o
[45.311s] [100%] Linking CXX shared library libshape_estimation_node.so
[45.726s] [100%] Built target shape_estimation_node
[45.737s] Invoked command in '/autoware/build/shape_estimation' returned '0': AMENT_PREFIX_PATH=/autoware/install/tier4_autoware_utils:/autoware/install/tier4_perception_msgs:/autoware/install/autoware_auto_vehicle_msgs:/autoware/install/autoware_cmake:/autoware/install/autoware_auto_planning_msgs:/autoware/install/autoware_auto_perception_msgs:/autoware/install/tier4_debug_msgs:/autoware/install/autoware_lint_common:/autoware/install/autoware_auto_mapping_msgs:/autoware/install/autoware_auto_geometry_msgs:${AMENT_PREFIX_PATH} CMAKE_PREFIX_PATH=/autoware/install/tier4_autoware_utils:/autoware/install/tier4_perception_msgs:/autoware/install/autoware_auto_vehicle_msgs:/autoware/install/autoware_cmake:/autoware/install/autoware_auto_planning_msgs:/autoware/install/autoware_auto_perception_msgs:/autoware/install/tier4_debug_msgs:/autoware/install/autoware_lint_common:/autoware/install/autoware_auto_mapping_msgs:/autoware/install/autoware_auto_geometry_msgs:/opt/ros/humble LD_LIBRARY_PATH=/autoware/install/tier4_autoware_utils/lib:/autoware/install/tier4_perception_msgs/lib:/autoware/install/autoware_auto_vehicle_msgs/lib:/autoware/install/autoware_auto_planning_msgs/lib:/autoware/install/autoware_auto_perception_msgs/lib:/autoware/install/tier4_debug_msgs/lib:/autoware/install/autoware_auto_mapping_msgs/lib:/autoware/install/autoware_auto_geometry_msgs/lib:${LD_LIBRARY_PATH} PYTHONPATH=/autoware/install/tier4_perception_msgs/local/lib/python3.10/dist-packages:/autoware/install/autoware_auto_vehicle_msgs/local/lib/python3.10/dist-packages:/autoware/install/autoware_auto_planning_msgs/local/lib/python3.10/dist-packages:/autoware/install/autoware_auto_perception_msgs/local/lib/python3.10/dist-packages:/autoware/install/tier4_debug_msgs/local/lib/python3.10/dist-packages:/autoware/install/autoware_auto_mapping_msgs/local/lib/python3.10/dist-packages:/autoware/install/autoware_auto_geometry_msgs/local/lib/python3.10/dist-packages:${PYTHONPATH} /usr/bin/cmake --build /autoware/build/shape_estimation -- -j64 -l64
[45.787s] Invoking command in '/autoware/build/shape_estimation': AMENT_PREFIX_PATH=/autoware/install/tier4_autoware_utils:/autoware/install/tier4_perception_msgs:/autoware/install/autoware_auto_vehicle_msgs:/autoware/install/autoware_cmake:/autoware/install/autoware_auto_planning_msgs:/autoware/install/autoware_auto_perception_msgs:/autoware/install/tier4_debug_msgs:/autoware/install/autoware_lint_common:/autoware/install/autoware_auto_mapping_msgs:/autoware/install/autoware_auto_geometry_msgs:${AMENT_PREFIX_PATH} CMAKE_PREFIX_PATH=/autoware/install/tier4_autoware_utils:/autoware/install/tier4_perception_msgs:/autoware/install/autoware_auto_vehicle_msgs:/autoware/install/autoware_cmake:/autoware/install/autoware_auto_planning_msgs:/autoware/install/autoware_auto_perception_msgs:/autoware/install/tier4_debug_msgs:/autoware/install/autoware_lint_common:/autoware/install/autoware_auto_mapping_msgs:/autoware/install/autoware_auto_geometry_msgs:/opt/ros/humble LD_LIBRARY_PATH=/autoware/install/tier4_autoware_utils/lib:/autoware/install/tier4_perception_msgs/lib:/autoware/install/autoware_auto_vehicle_msgs/lib:/autoware/install/autoware_auto_planning_msgs/lib:/autoware/install/autoware_auto_perception_msgs/lib:/autoware/install/tier4_debug_msgs/lib:/autoware/install/autoware_auto_mapping_msgs/lib:/autoware/install/autoware_auto_geometry_msgs/lib:${LD_LIBRARY_PATH} PYTHONPATH=/autoware/install/tier4_perception_msgs/local/lib/python3.10/dist-packages:/autoware/install/autoware_auto_vehicle_msgs/local/lib/python3.10/dist-packages:/autoware/install/autoware_auto_planning_msgs/local/lib/python3.10/dist-packages:/autoware/install/autoware_auto_perception_msgs/local/lib/python3.10/dist-packages:/autoware/install/tier4_debug_msgs/local/lib/python3.10/dist-packages:/autoware/install/autoware_auto_mapping_msgs/local/lib/python3.10/dist-packages:/autoware/install/autoware_auto_geometry_msgs/local/lib/python3.10/dist-packages:${PYTHONPATH} /usr/bin/cmake --install /autoware/build/shape_estimation
[45.793s] -- Install configuration: "Release"
[45.794s] -- Execute custom install script
[45.794s] -- Symlinking: /autoware/install/shape_estimation/lib/shape_estimation/shape_estimation
[45.803s] -- Symlinking: /autoware/install/shape_estimation/include/shape_estimation/corrector/bus_corrector.hpp
[45.811s] -- Symlinking: /autoware/install/shape_estimation/include/shape_estimation/corrector/car_corrector.hpp
[45.817s] -- Symlinking: /autoware/install/shape_estimation/include/shape_estimation/corrector/corrector.hpp
[45.824s] -- Symlinking: /autoware/install/shape_estimation/include/shape_estimation/corrector/corrector_interface.hpp
[45.831s] -- Symlinking: /autoware/install/shape_estimation/include/shape_estimation/corrector/no_corrector.hpp
[45.837s] -- Symlinking: /autoware/install/shape_estimation/include/shape_estimation/corrector/reference_shape_size_corrector.hpp
[45.844s] -- Symlinking: /autoware/install/shape_estimation/include/shape_estimation/corrector/truck_corrector.hpp
[45.851s] -- Symlinking: /autoware/install/shape_estimation/include/shape_estimation/corrector/utils.hpp
[45.858s] -- Symlinking: /autoware/install/shape_estimation/include/shape_estimation/corrector/vehicle_corrector.hpp
[45.865s] -- Symlinking: /autoware/install/shape_estimation/include/shape_estimation/filter/bus_filter.hpp
[45.876s] -- Symlinking: /autoware/install/shape_estimation/include/shape_estimation/filter/car_filter.hpp
[45.887s] -- Symlinking: /autoware/install/shape_estimation/include/shape_estimation/filter/filter.hpp
[45.895s] -- Symlinking: /autoware/install/shape_estimation/include/shape_estimation/filter/filter_interface.hpp
[45.902s] -- Symlinking: /autoware/install/shape_estimation/include/shape_estimation/filter/no_filter.hpp
[45.909s] -- Symlinking: /autoware/install/shape_estimation/include/shape_estimation/filter/truck_filter.hpp
[45.916s] -- Symlinking: /autoware/install/shape_estimation/include/shape_estimation/filter/utils.hpp
[45.923s] -- Symlinking: /autoware/install/shape_estimation/include/shape_estimation/model/bounding_box.hpp
[45.930s] -- Symlinking: /autoware/install/shape_estimation/include/shape_estimation/model/convex_hull.hpp
[45.936s] -- Symlinking: /autoware/install/shape_estimation/include/shape_estimation/model/cylinder.hpp
[45.943s] -- Symlinking: /autoware/install/shape_estimation/include/shape_estimation/model/model.hpp
[45.950s] -- Symlinking: /autoware/install/shape_estimation/include/shape_estimation/model/model_interface.hpp
[45.957s] -- Symlinking: /autoware/install/shape_estimation/include/shape_estimation/shape_estimator.hpp
[45.968s] -- Symlinking: /autoware/install/shape_estimation/share/shape_estimation/environment/library_path.sh
[45.979s] -- Symlinking: /autoware/install/shape_estimation/share/shape_estimation/environment/library_path.dsv
[45.989s] -- Symlinking: /autoware/install/shape_estimation/lib/libshape_estimation_lib.so
[46.000s] -- Symlinking: /autoware/install/shape_estimation/lib/libshape_estimation_node.so
[46.011s] -- Symlinking: /autoware/install/shape_estimation/share/shape_estimation/launch/shape_estimation.launch.xml
[46.022s] -- Symlinking: /autoware/install/shape_estimation/share/ament_index/resource_index/package_run_dependencies/shape_estimation
[46.033s] -- Symlinking: /autoware/install/shape_estimation/share/ament_index/resource_index/parent_prefix_path/shape_estimation
[46.043s] -- Symlinking: /autoware/install/shape_estimation/share/shape_estimation/environment/ament_prefix_path.sh
[46.055s] -- Symlinking: /autoware/install/shape_estimation/share/shape_estimation/environment/ament_prefix_path.dsv
[46.065s] -- Symlinking: /autoware/install/shape_estimation/share/shape_estimation/environment/path.sh
[46.076s] -- Symlinking: /autoware/install/shape_estimation/share/shape_estimation/environment/path.dsv
[46.086s] -- Symlinking: /autoware/install/shape_estimation/share/shape_estimation/local_setup.bash
[46.098s] -- Symlinking: /autoware/install/shape_estimation/share/shape_estimation/local_setup.sh
[46.109s] -- Symlinking: /autoware/install/shape_estimation/share/shape_estimation/local_setup.zsh
[46.120s] -- Symlinking: /autoware/install/shape_estimation/share/shape_estimation/local_setup.dsv
[46.131s] -- Symlinking: /autoware/install/shape_estimation/share/shape_estimation/package.dsv
[46.142s] -- Symlinking: /autoware/install/shape_estimation/share/ament_index/resource_index/packages/shape_estimation
[46.154s] -- Symlinking: /autoware/install/shape_estimation/share/ament_index/resource_index/rclcpp_components/shape_estimation
[46.166s] -- Symlinking: /autoware/install/shape_estimation/share/shape_estimation/cmake/ament_cmake_export_dependencies-extras.cmake
[46.177s] -- Symlinking: /autoware/install/shape_estimation/share/shape_estimation/cmake/ament_cmake_export_include_directories-extras.cmake
[46.188s] -- Symlinking: /autoware/install/shape_estimation/share/shape_estimation/cmake/ament_cmake_export_libraries-extras.cmake
[46.199s] -- Symlinking: /autoware/install/shape_estimation/share/shape_estimation/cmake/shape_estimationConfig.cmake
[46.210s] -- Symlinking: /autoware/install/shape_estimation/share/shape_estimation/cmake/shape_estimationConfig-version.cmake
[46.221s] -- Symlinking: /autoware/install/shape_estimation/share/shape_estimation/package.xml
[46.243s] Invoked command in '/autoware/build/shape_estimation' returned '0': AMENT_PREFIX_PATH=/autoware/install/tier4_autoware_utils:/autoware/install/tier4_perception_msgs:/autoware/install/autoware_auto_vehicle_msgs:/autoware/install/autoware_cmake:/autoware/install/autoware_auto_planning_msgs:/autoware/install/autoware_auto_perception_msgs:/autoware/install/tier4_debug_msgs:/autoware/install/autoware_lint_common:/autoware/install/autoware_auto_mapping_msgs:/autoware/install/autoware_auto_geometry_msgs:${AMENT_PREFIX_PATH} CMAKE_PREFIX_PATH=/autoware/install/tier4_autoware_utils:/autoware/install/tier4_perception_msgs:/autoware/install/autoware_auto_vehicle_msgs:/autoware/install/autoware_cmake:/autoware/install/autoware_auto_planning_msgs:/autoware/install/autoware_auto_perception_msgs:/autoware/install/tier4_debug_msgs:/autoware/install/autoware_lint_common:/autoware/install/autoware_auto_mapping_msgs:/autoware/install/autoware_auto_geometry_msgs:/opt/ros/humble LD_LIBRARY_PATH=/autoware/install/tier4_autoware_utils/lib:/autoware/install/tier4_perception_msgs/lib:/autoware/install/autoware_auto_vehicle_msgs/lib:/autoware/install/autoware_auto_planning_msgs/lib:/autoware/install/autoware_auto_perception_msgs/lib:/autoware/install/tier4_debug_msgs/lib:/autoware/install/autoware_auto_mapping_msgs/lib:/autoware/install/autoware_auto_geometry_msgs/lib:${LD_LIBRARY_PATH} PYTHONPATH=/autoware/install/tier4_perception_msgs/local/lib/python3.10/dist-packages:/autoware/install/autoware_auto_vehicle_msgs/local/lib/python3.10/dist-packages:/autoware/install/autoware_auto_planning_msgs/local/lib/python3.10/dist-packages:/autoware/install/autoware_auto_perception_msgs/local/lib/python3.10/dist-packages:/autoware/install/tier4_debug_msgs/local/lib/python3.10/dist-packages:/autoware/install/autoware_auto_mapping_msgs/local/lib/python3.10/dist-packages:/autoware/install/autoware_auto_geometry_msgs/local/lib/python3.10/dist-packages:${PYTHONPATH} /usr/bin/cmake --install /autoware/build/shape_estimation
