-- Found autoware_cmake: 0.1.0 (/autoware/install/autoware_cmake/share/autoware_cmake/cmake)
-- Found ament_cmake_auto: 1.3.2 (/opt/ros/humble/share/ament_cmake_auto/cmake)
-- Override CMake install command with custom implementation using symlinks instead of copying resources
-- Found rosidl_generator_c: 3.1.3 (/opt/ros/humble/share/rosidl_generator_c/cmake)
-- Found rosidl_adapter: 3.1.3 (/opt/ros/humble/share/rosidl_adapter/cmake)
-- Found rosidl_generator_cpp: 3.1.3 (/opt/ros/humble/share/rosidl_generator_cpp/cmake)
-- Using all available rosidl_typesupport_c: rosidl_typesupport_fastrtps_c;rosidl_typesupport_introspection_c
-- Using all available rosidl_typesupport_cpp: rosidl_typesupport_fastrtps_cpp;rosidl_typesupport_introspection_cpp
-- Found rmw_implementation_cmake: 6.1.0 (/opt/ros/humble/share/rmw_implementation_cmake/cmake)
-- Found rmw_fastrtps_cpp: 6.2.1 (/opt/ros/humble/share/rmw_fastrtps_cpp/cmake)
-- Using RMW implementation 'rmw_fastrtps_cpp' as default
-- Found eigen3_cmake_module: 0.1.1 (/opt/ros/humble/share/eigen3_cmake_module/cmake)
-- Ensuring Eigen3 include directory is part of orocos-kdl CMake target
-- Found ament_lint_auto: 0.12.4 (/opt/ros/humble/share/ament_lint_auto/cmake)
-- Found gtest sources under '/opt/ros/humble/src/gtest_vendor': C++ tests using 'Google Test' will be built
-- Added test 'copyright' to check source files copyright and LICENSE
-- Added test 'cppcheck' to perform static code analysis on C / C++ code
-- Configured cppcheck include dirs: 
-- Configured cppcheck exclude dirs and/or files: 
-- Added test 'lint_cmake' to check CMake code style
-- Added test 'xmllint' to check XML markup files
-- Configuring done
-- Generating done
-- Build files have been written to: /autoware/build/vehicle_cmd_gate
Consolidate compiler generated dependencies of target gtest
Consolidate compiler generated dependencies of target gtest_main
Consolidate compiler generated dependencies of target vehicle_cmd_gate
[ 15%] Built target gtest
[ 30%] Built target gtest_main
[ 46%] Built target vehicle_cmd_gate
Consolidate compiler generated dependencies of target vehicle_cmd_gate_node
[ 53%] Building CXX object CMakeFiles/vehicle_cmd_gate_node.dir/src/vehicle_cmd_gate.cpp.o
[ 61%] Building CXX object CMakeFiles/vehicle_cmd_gate_node.dir/src/vehicle_cmd_filter.cpp.o
[ 69%] Building CXX object CMakeFiles/vehicle_cmd_gate_node.dir/src/pause_interface.cpp.o
[ 76%] Linking CXX shared library libvehicle_cmd_gate_node.so
[ 76%] Built target vehicle_cmd_gate_node
Consolidate compiler generated dependencies of target test_vehicle_cmd_gate
[ 84%] Building CXX object CMakeFiles/test_vehicle_cmd_gate.dir/test/src/test_vehicle_cmd_filter.cpp.o
[ 92%] Building CXX object CMakeFiles/test_vehicle_cmd_gate.dir/test/src/test_main.cpp.o
[100%] Linking CXX executable test_vehicle_cmd_gate
[100%] Built target test_vehicle_cmd_gate
-- Install configuration: "Release"
-- Execute custom install script
-- Up-to-date symlink: /autoware/install/vehicle_cmd_gate/lib/vehicle_cmd_gate/vehicle_cmd_gate
-- Up-to-date symlink: /autoware/install/vehicle_cmd_gate/share/vehicle_cmd_gate/environment/library_path.sh
-- Up-to-date symlink: /autoware/install/vehicle_cmd_gate/share/vehicle_cmd_gate/environment/library_path.dsv
-- Up-to-date symlink: /autoware/install/vehicle_cmd_gate/lib/libvehicle_cmd_gate_node.so
-- Up-to-date symlink: /autoware/install/vehicle_cmd_gate/share/vehicle_cmd_gate/launch/vehicle_cmd_gate.launch.xml
-- Up-to-date symlink: /autoware/install/vehicle_cmd_gate/share/vehicle_cmd_gate/config/vehicle_cmd_gate.param.yaml
-- Up-to-date symlink: /autoware/install/vehicle_cmd_gate/share/ament_index/resource_index/package_run_dependencies/vehicle_cmd_gate
-- Up-to-date symlink: /autoware/install/vehicle_cmd_gate/share/ament_index/resource_index/parent_prefix_path/vehicle_cmd_gate
-- Up-to-date symlink: /autoware/install/vehicle_cmd_gate/share/vehicle_cmd_gate/environment/ament_prefix_path.sh
-- Up-to-date symlink: /autoware/install/vehicle_cmd_gate/share/vehicle_cmd_gate/environment/ament_prefix_path.dsv
-- Up-to-date symlink: /autoware/install/vehicle_cmd_gate/share/vehicle_cmd_gate/environment/path.sh
-- Up-to-date symlink: /autoware/install/vehicle_cmd_gate/share/vehicle_cmd_gate/environment/path.dsv
-- Up-to-date symlink: /autoware/install/vehicle_cmd_gate/share/vehicle_cmd_gate/local_setup.bash
-- Up-to-date symlink: /autoware/install/vehicle_cmd_gate/share/vehicle_cmd_gate/local_setup.sh
-- Up-to-date symlink: /autoware/install/vehicle_cmd_gate/share/vehicle_cmd_gate/local_setup.zsh
-- Up-to-date symlink: /autoware/install/vehicle_cmd_gate/share/vehicle_cmd_gate/local_setup.dsv
-- Symlinking: /autoware/install/vehicle_cmd_gate/share/vehicle_cmd_gate/package.dsv
-- Up-to-date symlink: /autoware/install/vehicle_cmd_gate/share/ament_index/resource_index/packages/vehicle_cmd_gate
-- Up-to-date symlink: /autoware/install/vehicle_cmd_gate/share/ament_index/resource_index/rclcpp_components/vehicle_cmd_gate
-- Up-to-date symlink: /autoware/install/vehicle_cmd_gate/share/vehicle_cmd_gate/cmake/ament_cmake_export_dependencies-extras.cmake
-- Up-to-date symlink: /autoware/install/vehicle_cmd_gate/share/vehicle_cmd_gate/cmake/ament_cmake_export_libraries-extras.cmake
-- Up-to-date symlink: /autoware/install/vehicle_cmd_gate/share/vehicle_cmd_gate/cmake/vehicle_cmd_gateConfig.cmake
-- Up-to-date symlink: /autoware/install/vehicle_cmd_gate/share/vehicle_cmd_gate/cmake/vehicle_cmd_gateConfig-version.cmake
-- Up-to-date symlink: /autoware/install/vehicle_cmd_gate/share/vehicle_cmd_gate/package.xml
