-- The C compiler identification is GNU 11.3.0
-- The CXX compiler identification is GNU 11.3.0
-- Detecting C compiler ABI info
-- Detecting C compiler ABI info - done
-- Check for working C compiler: /usr/bin/cc - skipped
-- Detecting C compile features
-- Detecting C compile features - done
-- Detecting CXX compiler ABI info
-- Detecting CXX compiler ABI info - done
-- Check for working CXX compiler: /usr/bin/c++ - skipped
-- Detecting CXX compile features
-- Detecting CXX compile features - done
-- Found ament_cmake_auto: 1.3.2 (/opt/ros/humble/share/ament_cmake_auto/cmake)
-- Found Python3: /usr/bin/python3.10 (found version "3.10.6") found components: Interpreter 
-- Override CMake install command with custom implementation using symlinks instead of copying resources
-- Using all available rosidl_typesupport_c: rosidl_typesupport_fastrtps_c;rosidl_typesupport_introspection_c
-- Found rosidl_adapter: 3.1.3 (/opt/ros/humble/share/rosidl_adapter/cmake)
-- Using all available rosidl_typesupport_cpp: rosidl_typesupport_fastrtps_cpp;rosidl_typesupport_introspection_cpp
-- Found ament_cmake_ros: 0.10.0 (/opt/ros/humble/share/ament_cmake_ros/cmake)
-- Using all available rosidl_typesupport_c: rosidl_typesupport_fastrtps_c;rosidl_typesupport_introspection_c
-- Using all available rosidl_typesupport_cpp: rosidl_typesupport_fastrtps_cpp;rosidl_typesupport_introspection_cpp
-- Found PythonInterp: /usr/bin/python3 (found suitable version "3.10.6", minimum required is "3.6") 
-- Found python_cmake_module: 0.10.0 (/opt/ros/humble/share/python_cmake_module/cmake)
-- Found PythonLibs: /usr/lib/x86_64-linux-gnu/libpython3.10.so (found suitable version "3.10.6", minimum required is "3.5") 
-- Using PYTHON_EXECUTABLE: /usr/bin/python3
-- Using PYTHON_INCLUDE_DIRS: /usr/include/python3.10
-- Using PYTHON_LIBRARIES: /usr/lib/x86_64-linux-gnu/libpython3.10.so
-- Found PythonExtra: .so  
-- Found ament_lint_auto: 0.12.4 (/opt/ros/humble/share/ament_lint_auto/cmake)
-- Added test 'copyright' to check source files copyright and LICENSE
-- Added test 'lint_cmake' to check CMake code style
-- Added test 'xmllint' to check XML markup files
-- Configuring done
-- Generating done
-- Build files have been written to: /autoware/build/tier4_api_msgs
[  1%] Generating C code for ROS interfaces
[  1%] Generating C++ code for ROS interfaces
[  1%] Built target ament_cmake_python_symlink_tier4_api_msgs
running egg_info
creating tier4_api_msgs.egg-info
writing tier4_api_msgs.egg-info/PKG-INFO
writing dependency_links to tier4_api_msgs.egg-info/dependency_links.txt
writing top-level names to tier4_api_msgs.egg-info/top_level.txt
writing manifest file 'tier4_api_msgs.egg-info/SOURCES.txt'
reading manifest file 'tier4_api_msgs.egg-info/SOURCES.txt'
writing manifest file 'tier4_api_msgs.egg-info/SOURCES.txt'
[  1%] Built target ament_cmake_python_build_tier4_api_msgs_egg
[  1%] Built target tier4_api_msgs__cpp
[  2%] Generating C++ introspection for ROS interfaces
[  3%] Generating C++ type support dispatch for ROS interfaces
[  3%] Generating C++ type support for eProsima Fast-RTPS
[  5%] Building C object CMakeFiles/tier4_api_msgs__rosidl_generator_c.dir/rosidl_generator_c/tier4_api_msgs/msg/detail/door_status__functions.c.o
[  5%] Building C object CMakeFiles/tier4_api_msgs__rosidl_generator_c.dir/rosidl_generator_c/tier4_api_msgs/msg/detail/door_control_command__functions.c.o
[  6%] Building C object CMakeFiles/tier4_api_msgs__rosidl_generator_c.dir/rosidl_generator_c/tier4_api_msgs/msg/detail/awapi_autoware_status__functions.c.o
[  8%] Building C object CMakeFiles/tier4_api_msgs__rosidl_generator_c.dir/rosidl_generator_c/tier4_api_msgs/msg/detail/stop_command__functions.c.o
[  8%] Building C object CMakeFiles/tier4_api_msgs__rosidl_generator_c.dir/rosidl_generator_c/tier4_api_msgs/msg/detail/awapi_vehicle_status__functions.c.o
[  8%] Building C object CMakeFiles/tier4_api_msgs__rosidl_generator_c.dir/rosidl_generator_c/tier4_api_msgs/msg/detail/lane_change_status__functions.c.o
[ 11%] Building C object CMakeFiles/tier4_api_msgs__rosidl_generator_c.dir/rosidl_generator_c/tier4_api_msgs/msg/detail/obstacle_avoidance_status__functions.c.o
[ 11%] Building C object CMakeFiles/tier4_api_msgs__rosidl_generator_c.dir/rosidl_generator_c/tier4_api_msgs/msg/detail/velocity_limit__functions.c.o
[ 11%] Building C object CMakeFiles/tier4_api_msgs__rosidl_generator_c.dir/rosidl_generator_c/tier4_api_msgs/msg/detail/crosswalk_status__functions.c.o
[ 12%] Building C object CMakeFiles/tier4_api_msgs__rosidl_generator_c.dir/rosidl_generator_c/tier4_api_msgs/msg/detail/intersection_status__functions.c.o
[ 13%] Building C object CMakeFiles/tier4_api_msgs__rosidl_generator_c.dir/rosidl_generator_c/tier4_api_msgs/msg/detail/euler__functions.c.o
[ 14%] Linking C shared library libtier4_api_msgs__rosidl_generator_c.so
[ 14%] Built target tier4_api_msgs__rosidl_generator_c
[ 15%] Generating C type support for eProsima Fast-RTPS
[ 16%] Generating C type support dispatch for ROS interfaces
[ 17%] Generating C introspection for ROS interfaces
[ 18%] Building CXX object CMakeFiles/tier4_api_msgs__rosidl_typesupport_cpp.dir/rosidl_typesupport_cpp/tier4_api_msgs/msg/awapi_vehicle_status__type_support.cpp.o
[ 19%] Building CXX object CMakeFiles/tier4_api_msgs__rosidl_typesupport_cpp.dir/rosidl_typesupport_cpp/tier4_api_msgs/msg/intersection_status__type_support.cpp.o
[ 20%] Building CXX object CMakeFiles/tier4_api_msgs__rosidl_typesupport_cpp.dir/rosidl_typesupport_cpp/tier4_api_msgs/msg/door_status__type_support.cpp.o
[ 21%] Building CXX object CMakeFiles/tier4_api_msgs__rosidl_typesupport_cpp.dir/rosidl_typesupport_cpp/tier4_api_msgs/msg/euler__type_support.cpp.o
[ 22%] Building CXX object CMakeFiles/tier4_api_msgs__rosidl_typesupport_cpp.dir/rosidl_typesupport_cpp/tier4_api_msgs/msg/lane_change_status__type_support.cpp.o
[ 23%] Building CXX object CMakeFiles/tier4_api_msgs__rosidl_typesupport_cpp.dir/rosidl_typesupport_cpp/tier4_api_msgs/msg/crosswalk_status__type_support.cpp.o
[ 24%] Building CXX object CMakeFiles/tier4_api_msgs__rosidl_typesupport_cpp.dir/rosidl_typesupport_cpp/tier4_api_msgs/msg/obstacle_avoidance_status__type_support.cpp.o
[ 24%] Building CXX object CMakeFiles/tier4_api_msgs__rosidl_typesupport_cpp.dir/rosidl_typesupport_cpp/tier4_api_msgs/msg/awapi_autoware_status__type_support.cpp.o
[ 25%] Building CXX object CMakeFiles/tier4_api_msgs__rosidl_typesupport_cpp.dir/rosidl_typesupport_cpp/tier4_api_msgs/msg/door_control_command__type_support.cpp.o
[ 27%] Building CXX object CMakeFiles/tier4_api_msgs__rosidl_typesupport_cpp.dir/rosidl_typesupport_cpp/tier4_api_msgs/msg/velocity_limit__type_support.cpp.o
[ 27%] Building CXX object CMakeFiles/tier4_api_msgs__rosidl_typesupport_cpp.dir/rosidl_typesupport_cpp/tier4_api_msgs/msg/stop_command__type_support.cpp.o
[ 27%] Building CXX object CMakeFiles/tier4_api_msgs__rosidl_typesupport_introspection_cpp.dir/rosidl_typesupport_introspection_cpp/tier4_api_msgs/msg/detail/awapi_vehicle_status__type_support.cpp.o
[ 28%] Building CXX object CMakeFiles/tier4_api_msgs__rosidl_typesupport_introspection_cpp.dir/rosidl_typesupport_introspection_cpp/tier4_api_msgs/msg/detail/awapi_autoware_status__type_support.cpp.o
[ 30%] Building CXX object CMakeFiles/tier4_api_msgs__rosidl_typesupport_introspection_cpp.dir/rosidl_typesupport_introspection_cpp/tier4_api_msgs/msg/detail/door_control_command__type_support.cpp.o
[ 30%] Building CXX object CMakeFiles/tier4_api_msgs__rosidl_typesupport_introspection_cpp.dir/rosidl_typesupport_introspection_cpp/tier4_api_msgs/msg/detail/crosswalk_status__type_support.cpp.o
[ 31%] Building CXX object CMakeFiles/tier4_api_msgs__rosidl_typesupport_introspection_cpp.dir/rosidl_typesupport_introspection_cpp/tier4_api_msgs/msg/detail/euler__type_support.cpp.o
[ 32%] Building CXX object CMakeFiles/tier4_api_msgs__rosidl_typesupport_introspection_cpp.dir/rosidl_typesupport_introspection_cpp/tier4_api_msgs/msg/detail/door_status__type_support.cpp.o
[ 34%] Building CXX object CMakeFiles/tier4_api_msgs__rosidl_typesupport_introspection_cpp.dir/rosidl_typesupport_introspection_cpp/tier4_api_msgs/msg/detail/stop_command__type_support.cpp.o
[ 34%] Building CXX object CMakeFiles/tier4_api_msgs__rosidl_typesupport_introspection_cpp.dir/rosidl_typesupport_introspection_cpp/tier4_api_msgs/msg/detail/intersection_status__type_support.cpp.o
[ 35%] Building CXX object CMakeFiles/tier4_api_msgs__rosidl_typesupport_introspection_cpp.dir/rosidl_typesupport_introspection_cpp/tier4_api_msgs/msg/detail/lane_change_status__type_support.cpp.o
[ 36%] Building CXX object CMakeFiles/tier4_api_msgs__rosidl_typesupport_introspection_cpp.dir/rosidl_typesupport_introspection_cpp/tier4_api_msgs/msg/detail/velocity_limit__type_support.cpp.o
[ 37%] Building CXX object CMakeFiles/tier4_api_msgs__rosidl_typesupport_introspection_cpp.dir/rosidl_typesupport_introspection_cpp/tier4_api_msgs/msg/detail/obstacle_avoidance_status__type_support.cpp.o
[ 37%] Building CXX object CMakeFiles/tier4_api_msgs__rosidl_typesupport_c.dir/rosidl_typesupport_c/tier4_api_msgs/msg/crosswalk_status__type_support.cpp.o
[ 38%] Building CXX object CMakeFiles/tier4_api_msgs__rosidl_typesupport_c.dir/rosidl_typesupport_c/tier4_api_msgs/msg/awapi_vehicle_status__type_support.cpp.o
[ 39%] Building CXX object CMakeFiles/tier4_api_msgs__rosidl_typesupport_c.dir/rosidl_typesupport_c/tier4_api_msgs/msg/awapi_autoware_status__type_support.cpp.o
[ 40%] Building CXX object CMakeFiles/tier4_api_msgs__rosidl_typesupport_c.dir/rosidl_typesupport_c/tier4_api_msgs/msg/door_control_command__type_support.cpp.o
[ 41%] Building CXX object CMakeFiles/tier4_api_msgs__rosidl_typesupport_c.dir/rosidl_typesupport_c/tier4_api_msgs/msg/euler__type_support.cpp.o
[ 42%] Building CXX object CMakeFiles/tier4_api_msgs__rosidl_typesupport_c.dir/rosidl_typesupport_c/tier4_api_msgs/msg/intersection_status__type_support.cpp.o
[ 44%] Building CXX object CMakeFiles/tier4_api_msgs__rosidl_typesupport_c.dir/rosidl_typesupport_c/tier4_api_msgs/msg/lane_change_status__type_support.cpp.o
[ 44%] Building CXX object CMakeFiles/tier4_api_msgs__rosidl_typesupport_c.dir/rosidl_typesupport_c/tier4_api_msgs/msg/door_status__type_support.cpp.o
[ 45%] Building CXX object CMakeFiles/tier4_api_msgs__rosidl_typesupport_c.dir/rosidl_typesupport_c/tier4_api_msgs/msg/stop_command__type_support.cpp.o
[ 46%] Building CXX object CMakeFiles/tier4_api_msgs__rosidl_typesupport_c.dir/rosidl_typesupport_c/tier4_api_msgs/msg/obstacle_avoidance_status__type_support.cpp.o
[ 47%] Building CXX object CMakeFiles/tier4_api_msgs__rosidl_typesupport_c.dir/rosidl_typesupport_c/tier4_api_msgs/msg/velocity_limit__type_support.cpp.o
[ 48%] Linking CXX shared library libtier4_api_msgs__rosidl_typesupport_c.so
[ 49%] Building CXX object CMakeFiles/tier4_api_msgs__rosidl_typesupport_fastrtps_cpp.dir/rosidl_typesupport_fastrtps_cpp/tier4_api_msgs/msg/detail/dds_fastrtps/awapi_autoware_status__type_support.cpp.o
[ 50%] Building CXX object CMakeFiles/tier4_api_msgs__rosidl_typesupport_fastrtps_cpp.dir/rosidl_typesupport_fastrtps_cpp/tier4_api_msgs/msg/detail/dds_fastrtps/door_status__type_support.cpp.o
[ 51%] Building CXX object CMakeFiles/tier4_api_msgs__rosidl_typesupport_fastrtps_cpp.dir/rosidl_typesupport_fastrtps_cpp/tier4_api_msgs/msg/detail/dds_fastrtps/door_control_command__type_support.cpp.o
[ 52%] Building CXX object CMakeFiles/tier4_api_msgs__rosidl_typesupport_fastrtps_cpp.dir/rosidl_typesupport_fastrtps_cpp/tier4_api_msgs/msg/detail/dds_fastrtps/awapi_vehicle_status__type_support.cpp.o
[ 54%] Building CXX object CMakeFiles/tier4_api_msgs__rosidl_typesupport_fastrtps_cpp.dir/rosidl_typesupport_fastrtps_cpp/tier4_api_msgs/msg/detail/dds_fastrtps/euler__type_support.cpp.o
[ 53%] Built target tier4_api_msgs__rosidl_typesupport_c
[ 54%] Building CXX object CMakeFiles/tier4_api_msgs__rosidl_typesupport_fastrtps_cpp.dir/rosidl_typesupport_fastrtps_cpp/tier4_api_msgs/msg/detail/dds_fastrtps/intersection_status__type_support.cpp.o
[ 55%] Building CXX object CMakeFiles/tier4_api_msgs__rosidl_typesupport_fastrtps_cpp.dir/rosidl_typesupport_fastrtps_cpp/tier4_api_msgs/msg/detail/dds_fastrtps/crosswalk_status__type_support.cpp.o
[ 56%] Building CXX object CMakeFiles/tier4_api_msgs__rosidl_typesupport_fastrtps_cpp.dir/rosidl_typesupport_fastrtps_cpp/tier4_api_msgs/msg/detail/dds_fastrtps/lane_change_status__type_support.cpp.o
[ 57%] Building CXX object CMakeFiles/tier4_api_msgs__rosidl_typesupport_fastrtps_cpp.dir/rosidl_typesupport_fastrtps_cpp/tier4_api_msgs/msg/detail/dds_fastrtps/obstacle_avoidance_status__type_support.cpp.o
[ 58%] Building CXX object CMakeFiles/tier4_api_msgs__rosidl_typesupport_fastrtps_cpp.dir/rosidl_typesupport_fastrtps_cpp/tier4_api_msgs/msg/detail/dds_fastrtps/velocity_limit__type_support.cpp.o
[ 58%] Building CXX object CMakeFiles/tier4_api_msgs__rosidl_typesupport_fastrtps_cpp.dir/rosidl_typesupport_fastrtps_cpp/tier4_api_msgs/msg/detail/dds_fastrtps/stop_command__type_support.cpp.o
[ 59%] Linking CXX shared library libtier4_api_msgs__rosidl_typesupport_cpp.so
[ 60%] Building C object CMakeFiles/tier4_api_msgs__rosidl_typesupport_introspection_c.dir/rosidl_typesupport_introspection_c/tier4_api_msgs/msg/detail/awapi_autoware_status__type_support.c.o
[ 61%] Building C object CMakeFiles/tier4_api_msgs__rosidl_typesupport_introspection_c.dir/rosidl_typesupport_introspection_c/tier4_api_msgs/msg/detail/euler__type_support.c.o
[ 62%] Building C object CMakeFiles/tier4_api_msgs__rosidl_typesupport_introspection_c.dir/rosidl_typesupport_introspection_c/tier4_api_msgs/msg/detail/awapi_vehicle_status__type_support.c.o
[ 63%] Building C object CMakeFiles/tier4_api_msgs__rosidl_typesupport_introspection_c.dir/rosidl_typesupport_introspection_c/tier4_api_msgs/msg/detail/door_control_command__type_support.c.o
[ 64%] Building C object CMakeFiles/tier4_api_msgs__rosidl_typesupport_introspection_c.dir/rosidl_typesupport_introspection_c/tier4_api_msgs/msg/detail/crosswalk_status__type_support.c.o
[ 65%] Building C object CMakeFiles/tier4_api_msgs__rosidl_typesupport_introspection_c.dir/rosidl_typesupport_introspection_c/tier4_api_msgs/msg/detail/door_status__type_support.c.o
[ 66%] Building C object CMakeFiles/tier4_api_msgs__rosidl_typesupport_introspection_c.dir/rosidl_typesupport_introspection_c/tier4_api_msgs/msg/detail/lane_change_status__type_support.c.o
[ 66%] Building C object CMakeFiles/tier4_api_msgs__rosidl_typesupport_introspection_c.dir/rosidl_typesupport_introspection_c/tier4_api_msgs/msg/detail/intersection_status__type_support.c.o
[ 66%] Built target tier4_api_msgs__rosidl_typesupport_cpp
[ 67%] Building C object CMakeFiles/tier4_api_msgs__rosidl_typesupport_introspection_c.dir/rosidl_typesupport_introspection_c/tier4_api_msgs/msg/detail/obstacle_avoidance_status__type_support.c.o
[ 68%] Building C object CMakeFiles/tier4_api_msgs__rosidl_typesupport_introspection_c.dir/rosidl_typesupport_introspection_c/tier4_api_msgs/msg/detail/stop_command__type_support.c.o
[ 69%] Building C object CMakeFiles/tier4_api_msgs__rosidl_typesupport_introspection_c.dir/rosidl_typesupport_introspection_c/tier4_api_msgs/msg/detail/velocity_limit__type_support.c.o
[ 70%] Linking C shared library libtier4_api_msgs__rosidl_typesupport_introspection_c.so
[ 71%] Building CXX object CMakeFiles/tier4_api_msgs__rosidl_typesupport_fastrtps_c.dir/rosidl_typesupport_fastrtps_c/tier4_api_msgs/msg/detail/awapi_autoware_status__type_support_c.cpp.o
[ 72%] Building CXX object CMakeFiles/tier4_api_msgs__rosidl_typesupport_fastrtps_c.dir/rosidl_typesupport_fastrtps_c/tier4_api_msgs/msg/detail/awapi_vehicle_status__type_support_c.cpp.o
[ 72%] Building CXX object CMakeFiles/tier4_api_msgs__rosidl_typesupport_fastrtps_c.dir/rosidl_typesupport_fastrtps_c/tier4_api_msgs/msg/detail/door_status__type_support_c.cpp.o
[ 73%] Building CXX object CMakeFiles/tier4_api_msgs__rosidl_typesupport_fastrtps_c.dir/rosidl_typesupport_fastrtps_c/tier4_api_msgs/msg/detail/euler__type_support_c.cpp.o
[ 74%] Building CXX object CMakeFiles/tier4_api_msgs__rosidl_typesupport_fastrtps_c.dir/rosidl_typesupport_fastrtps_c/tier4_api_msgs/msg/detail/intersection_status__type_support_c.cpp.o
[ 75%] Building CXX object CMakeFiles/tier4_api_msgs__rosidl_typesupport_fastrtps_c.dir/rosidl_typesupport_fastrtps_c/tier4_api_msgs/msg/detail/lane_change_status__type_support_c.cpp.o
[ 76%] Building CXX object CMakeFiles/tier4_api_msgs__rosidl_typesupport_fastrtps_c.dir/rosidl_typesupport_fastrtps_c/tier4_api_msgs/msg/detail/door_control_command__type_support_c.cpp.o
[ 77%] Building CXX object CMakeFiles/tier4_api_msgs__rosidl_typesupport_fastrtps_c.dir/rosidl_typesupport_fastrtps_c/tier4_api_msgs/msg/detail/crosswalk_status__type_support_c.cpp.o
[ 79%] Building CXX object CMakeFiles/tier4_api_msgs__rosidl_typesupport_fastrtps_c.dir/rosidl_typesupport_fastrtps_c/tier4_api_msgs/msg/detail/stop_command__type_support_c.cpp.o
[ 79%] Building CXX object CMakeFiles/tier4_api_msgs__rosidl_typesupport_fastrtps_c.dir/rosidl_typesupport_fastrtps_c/tier4_api_msgs/msg/detail/obstacle_avoidance_status__type_support_c.cpp.o
[ 80%] Building CXX object CMakeFiles/tier4_api_msgs__rosidl_typesupport_fastrtps_c.dir/rosidl_typesupport_fastrtps_c/tier4_api_msgs/msg/detail/velocity_limit__type_support_c.cpp.o
[ 80%] Built target tier4_api_msgs__rosidl_typesupport_introspection_c
[ 81%] Linking CXX shared library libtier4_api_msgs__rosidl_typesupport_fastrtps_cpp.so
[ 82%] Linking CXX shared library libtier4_api_msgs__rosidl_typesupport_fastrtps_c.so
[ 83%] Linking CXX shared library libtier4_api_msgs__rosidl_typesupport_introspection_cpp.so
[ 83%] Built target tier4_api_msgs__rosidl_typesupport_fastrtps_cpp
[ 83%] Built target tier4_api_msgs__rosidl_typesupport_fastrtps_c
[ 83%] Built target tier4_api_msgs__rosidl_typesupport_introspection_cpp
[ 83%] Built target tier4_api_msgs
[ 84%] Generating Python code for ROS interfaces
[ 84%] Built target tier4_api_msgs__py
[ 85%] Building C object CMakeFiles/tier4_api_msgs__rosidl_generator_py.dir/rosidl_generator_py/tier4_api_msgs/msg/_crosswalk_status_s.c.o
[ 85%] Building C object CMakeFiles/tier4_api_msgs__rosidl_generator_py.dir/rosidl_generator_py/tier4_api_msgs/msg/_euler_s.c.o
[ 88%] Building C object CMakeFiles/tier4_api_msgs__rosidl_generator_py.dir/rosidl_generator_py/tier4_api_msgs/msg/_door_control_command_s.c.o
[ 88%] Building C object CMakeFiles/tier4_api_msgs__rosidl_generator_py.dir/rosidl_generator_py/tier4_api_msgs/msg/_awapi_vehicle_status_s.c.o
[ 88%] Building C object CMakeFiles/tier4_api_msgs__rosidl_generator_py.dir/rosidl_generator_py/tier4_api_msgs/msg/_awapi_autoware_status_s.c.o
[ 89%] Building C object CMakeFiles/tier4_api_msgs__rosidl_generator_py.dir/rosidl_generator_py/tier4_api_msgs/msg/_stop_command_s.c.o
[ 90%] Building C object CMakeFiles/tier4_api_msgs__rosidl_generator_py.dir/rosidl_generator_py/tier4_api_msgs/msg/_velocity_limit_s.c.o
[ 91%] Building C object CMakeFiles/tier4_api_msgs__rosidl_generator_py.dir/rosidl_generator_py/tier4_api_msgs/msg/_obstacle_avoidance_status_s.c.o
[ 92%] Building C object CMakeFiles/tier4_api_msgs__rosidl_generator_py.dir/rosidl_generator_py/tier4_api_msgs/msg/_lane_change_status_s.c.o
[ 93%] Building C object CMakeFiles/tier4_api_msgs__rosidl_generator_py.dir/rosidl_generator_py/tier4_api_msgs/msg/_intersection_status_s.c.o
[ 94%] Building C object CMakeFiles/tier4_api_msgs__rosidl_generator_py.dir/rosidl_generator_py/tier4_api_msgs/msg/_door_status_s.c.o
[ 95%] Linking C shared library rosidl_generator_py/tier4_api_msgs/libtier4_api_msgs__rosidl_generator_py.so
[ 95%] Built target tier4_api_msgs__rosidl_generator_py
[ 96%] Building C object CMakeFiles/tier4_api_msgs__rosidl_typesupport_fastrtps_c__pyext.dir/rosidl_generator_py/tier4_api_msgs/_tier4_api_msgs_s.ep.rosidl_typesupport_fastrtps_c.c.o
[ 97%] Building C object CMakeFiles/tier4_api_msgs__rosidl_typesupport_introspection_c__pyext.dir/rosidl_generator_py/tier4_api_msgs/_tier4_api_msgs_s.ep.rosidl_typesupport_introspection_c.c.o
[ 97%] Building C object CMakeFiles/tier4_api_msgs__rosidl_typesupport_c__pyext.dir/rosidl_generator_py/tier4_api_msgs/_tier4_api_msgs_s.ep.rosidl_typesupport_c.c.o
[ 98%] Linking C shared library rosidl_generator_py/tier4_api_msgs/tier4_api_msgs_s__rosidl_typesupport_fastrtps_c.cpython-310-x86_64-linux-gnu.so
[ 99%] Linking C shared library rosidl_generator_py/tier4_api_msgs/tier4_api_msgs_s__rosidl_typesupport_introspection_c.cpython-310-x86_64-linux-gnu.so
[ 99%] Built target tier4_api_msgs__rosidl_typesupport_fastrtps_c__pyext
[100%] Linking C shared library rosidl_generator_py/tier4_api_msgs/tier4_api_msgs_s__rosidl_typesupport_c.cpython-310-x86_64-linux-gnu.so
[100%] Built target tier4_api_msgs__rosidl_typesupport_introspection_c__pyext
[100%] Built target tier4_api_msgs__rosidl_typesupport_c__pyext
-- Install configuration: "Release"
-- Execute custom install script
-- Symlinking: /autoware/install/tier4_api_msgs/share/ament_index/resource_index/rosidl_interfaces/tier4_api_msgs
-- Symlinking: /autoware/install/tier4_api_msgs/include/tier4_api_msgs/tier4_api_msgs/msg/awapi_autoware_status.h
-- Symlinking: /autoware/install/tier4_api_msgs/include/tier4_api_msgs/tier4_api_msgs/msg/awapi_vehicle_status.h
-- Symlinking: /autoware/install/tier4_api_msgs/include/tier4_api_msgs/tier4_api_msgs/msg/crosswalk_status.h
-- Symlinking: /autoware/install/tier4_api_msgs/include/tier4_api_msgs/tier4_api_msgs/msg/detail/awapi_autoware_status__functions.h
-- Symlinking: /autoware/install/tier4_api_msgs/include/tier4_api_msgs/tier4_api_msgs/msg/detail/awapi_autoware_status__struct.h
-- Symlinking: /autoware/install/tier4_api_msgs/include/tier4_api_msgs/tier4_api_msgs/msg/detail/awapi_autoware_status__type_support.h
-- Symlinking: /autoware/install/tier4_api_msgs/include/tier4_api_msgs/tier4_api_msgs/msg/detail/awapi_vehicle_status__functions.h
-- Symlinking: /autoware/install/tier4_api_msgs/include/tier4_api_msgs/tier4_api_msgs/msg/detail/awapi_vehicle_status__struct.h
-- Symlinking: /autoware/install/tier4_api_msgs/include/tier4_api_msgs/tier4_api_msgs/msg/detail/awapi_vehicle_status__type_support.h
-- Symlinking: /autoware/install/tier4_api_msgs/include/tier4_api_msgs/tier4_api_msgs/msg/detail/crosswalk_status__functions.h
-- Symlinking: /autoware/install/tier4_api_msgs/include/tier4_api_msgs/tier4_api_msgs/msg/detail/crosswalk_status__struct.h
-- Symlinking: /autoware/install/tier4_api_msgs/include/tier4_api_msgs/tier4_api_msgs/msg/detail/crosswalk_status__type_support.h
-- Symlinking: /autoware/install/tier4_api_msgs/include/tier4_api_msgs/tier4_api_msgs/msg/detail/door_control_command__functions.h
-- Symlinking: /autoware/install/tier4_api_msgs/include/tier4_api_msgs/tier4_api_msgs/msg/detail/door_control_command__struct.h
-- Symlinking: /autoware/install/tier4_api_msgs/include/tier4_api_msgs/tier4_api_msgs/msg/detail/door_control_command__type_support.h
-- Symlinking: /autoware/install/tier4_api_msgs/include/tier4_api_msgs/tier4_api_msgs/msg/detail/door_status__functions.h
-- Symlinking: /autoware/install/tier4_api_msgs/include/tier4_api_msgs/tier4_api_msgs/msg/detail/door_status__struct.h
-- Symlinking: /autoware/install/tier4_api_msgs/include/tier4_api_msgs/tier4_api_msgs/msg/detail/door_status__type_support.h
-- Symlinking: /autoware/install/tier4_api_msgs/include/tier4_api_msgs/tier4_api_msgs/msg/detail/euler__functions.h
-- Symlinking: /autoware/install/tier4_api_msgs/include/tier4_api_msgs/tier4_api_msgs/msg/detail/euler__struct.h
-- Symlinking: /autoware/install/tier4_api_msgs/include/tier4_api_msgs/tier4_api_msgs/msg/detail/euler__type_support.h
-- Symlinking: /autoware/install/tier4_api_msgs/include/tier4_api_msgs/tier4_api_msgs/msg/detail/intersection_status__functions.h
-- Symlinking: /autoware/install/tier4_api_msgs/include/tier4_api_msgs/tier4_api_msgs/msg/detail/intersection_status__struct.h
-- Symlinking: /autoware/install/tier4_api_msgs/include/tier4_api_msgs/tier4_api_msgs/msg/detail/intersection_status__type_support.h
-- Symlinking: /autoware/install/tier4_api_msgs/include/tier4_api_msgs/tier4_api_msgs/msg/detail/lane_change_status__functions.h
-- Symlinking: /autoware/install/tier4_api_msgs/include/tier4_api_msgs/tier4_api_msgs/msg/detail/lane_change_status__struct.h
-- Symlinking: /autoware/install/tier4_api_msgs/include/tier4_api_msgs/tier4_api_msgs/msg/detail/lane_change_status__type_support.h
-- Symlinking: /autoware/install/tier4_api_msgs/include/tier4_api_msgs/tier4_api_msgs/msg/detail/obstacle_avoidance_status__functions.h
-- Symlinking: /autoware/install/tier4_api_msgs/include/tier4_api_msgs/tier4_api_msgs/msg/detail/obstacle_avoidance_status__struct.h
-- Symlinking: /autoware/install/tier4_api_msgs/include/tier4_api_msgs/tier4_api_msgs/msg/detail/obstacle_avoidance_status__type_support.h
-- Symlinking: /autoware/install/tier4_api_msgs/include/tier4_api_msgs/tier4_api_msgs/msg/detail/stop_command__functions.h
-- Symlinking: /autoware/install/tier4_api_msgs/include/tier4_api_msgs/tier4_api_msgs/msg/detail/stop_command__struct.h
-- Symlinking: /autoware/install/tier4_api_msgs/include/tier4_api_msgs/tier4_api_msgs/msg/detail/stop_command__type_support.h
-- Symlinking: /autoware/install/tier4_api_msgs/include/tier4_api_msgs/tier4_api_msgs/msg/detail/velocity_limit__functions.h
-- Symlinking: /autoware/install/tier4_api_msgs/include/tier4_api_msgs/tier4_api_msgs/msg/detail/velocity_limit__struct.h
-- Symlinking: /autoware/install/tier4_api_msgs/include/tier4_api_msgs/tier4_api_msgs/msg/detail/velocity_limit__type_support.h
-- Symlinking: /autoware/install/tier4_api_msgs/include/tier4_api_msgs/tier4_api_msgs/msg/door_control_command.h
-- Symlinking: /autoware/install/tier4_api_msgs/include/tier4_api_msgs/tier4_api_msgs/msg/door_status.h
-- Symlinking: /autoware/install/tier4_api_msgs/include/tier4_api_msgs/tier4_api_msgs/msg/euler.h
-- Symlinking: /autoware/install/tier4_api_msgs/include/tier4_api_msgs/tier4_api_msgs/msg/intersection_status.h
-- Symlinking: /autoware/install/tier4_api_msgs/include/tier4_api_msgs/tier4_api_msgs/msg/lane_change_status.h
-- Symlinking: /autoware/install/tier4_api_msgs/include/tier4_api_msgs/tier4_api_msgs/msg/obstacle_avoidance_status.h
-- Symlinking: /autoware/install/tier4_api_msgs/include/tier4_api_msgs/tier4_api_msgs/msg/rosidl_generator_c__visibility_control.h
-- Symlinking: /autoware/install/tier4_api_msgs/include/tier4_api_msgs/tier4_api_msgs/msg/stop_command.h
-- Symlinking: /autoware/install/tier4_api_msgs/include/tier4_api_msgs/tier4_api_msgs/msg/velocity_limit.h
-- Symlinking: /autoware/install/tier4_api_msgs/share/tier4_api_msgs/environment/library_path.sh
-- Symlinking: /autoware/install/tier4_api_msgs/share/tier4_api_msgs/environment/library_path.dsv
-- Symlinking: /autoware/install/tier4_api_msgs/include/tier4_api_msgs/tier4_api_msgs/msg/detail/awapi_autoware_status__rosidl_typesupport_fastrtps_c.h
-- Symlinking: /autoware/install/tier4_api_msgs/include/tier4_api_msgs/tier4_api_msgs/msg/detail/awapi_vehicle_status__rosidl_typesupport_fastrtps_c.h
-- Symlinking: /autoware/install/tier4_api_msgs/include/tier4_api_msgs/tier4_api_msgs/msg/detail/crosswalk_status__rosidl_typesupport_fastrtps_c.h
-- Symlinking: /autoware/install/tier4_api_msgs/include/tier4_api_msgs/tier4_api_msgs/msg/detail/door_control_command__rosidl_typesupport_fastrtps_c.h
-- Symlinking: /autoware/install/tier4_api_msgs/include/tier4_api_msgs/tier4_api_msgs/msg/detail/door_status__rosidl_typesupport_fastrtps_c.h
-- Symlinking: /autoware/install/tier4_api_msgs/include/tier4_api_msgs/tier4_api_msgs/msg/detail/euler__rosidl_typesupport_fastrtps_c.h
-- Symlinking: /autoware/install/tier4_api_msgs/include/tier4_api_msgs/tier4_api_msgs/msg/detail/intersection_status__rosidl_typesupport_fastrtps_c.h
-- Symlinking: /autoware/install/tier4_api_msgs/include/tier4_api_msgs/tier4_api_msgs/msg/detail/lane_change_status__rosidl_typesupport_fastrtps_c.h
-- Symlinking: /autoware/install/tier4_api_msgs/include/tier4_api_msgs/tier4_api_msgs/msg/detail/obstacle_avoidance_status__rosidl_typesupport_fastrtps_c.h
-- Symlinking: /autoware/install/tier4_api_msgs/include/tier4_api_msgs/tier4_api_msgs/msg/detail/stop_command__rosidl_typesupport_fastrtps_c.h
-- Symlinking: /autoware/install/tier4_api_msgs/include/tier4_api_msgs/tier4_api_msgs/msg/detail/velocity_limit__rosidl_typesupport_fastrtps_c.h
-- Symlinking: /autoware/install/tier4_api_msgs/include/tier4_api_msgs/tier4_api_msgs/msg/rosidl_typesupport_fastrtps_c__visibility_control.h
-- Symlinking: /autoware/install/tier4_api_msgs/include/tier4_api_msgs/tier4_api_msgs/msg/detail/awapi_autoware_status__rosidl_typesupport_introspection_c.h
-- Symlinking: /autoware/install/tier4_api_msgs/include/tier4_api_msgs/tier4_api_msgs/msg/detail/awapi_vehicle_status__rosidl_typesupport_introspection_c.h
-- Symlinking: /autoware/install/tier4_api_msgs/include/tier4_api_msgs/tier4_api_msgs/msg/detail/crosswalk_status__rosidl_typesupport_introspection_c.h
-- Symlinking: /autoware/install/tier4_api_msgs/include/tier4_api_msgs/tier4_api_msgs/msg/detail/door_control_command__rosidl_typesupport_introspection_c.h
-- Symlinking: /autoware/install/tier4_api_msgs/include/tier4_api_msgs/tier4_api_msgs/msg/detail/door_status__rosidl_typesupport_introspection_c.h
-- Symlinking: /autoware/install/tier4_api_msgs/include/tier4_api_msgs/tier4_api_msgs/msg/detail/euler__rosidl_typesupport_introspection_c.h
-- Symlinking: /autoware/install/tier4_api_msgs/include/tier4_api_msgs/tier4_api_msgs/msg/detail/intersection_status__rosidl_typesupport_introspection_c.h
-- Symlinking: /autoware/install/tier4_api_msgs/include/tier4_api_msgs/tier4_api_msgs/msg/detail/lane_change_status__rosidl_typesupport_introspection_c.h
-- Symlinking: /autoware/install/tier4_api_msgs/include/tier4_api_msgs/tier4_api_msgs/msg/detail/obstacle_avoidance_status__rosidl_typesupport_introspection_c.h
-- Symlinking: /autoware/install/tier4_api_msgs/include/tier4_api_msgs/tier4_api_msgs/msg/detail/stop_command__rosidl_typesupport_introspection_c.h
-- Symlinking: /autoware/install/tier4_api_msgs/include/tier4_api_msgs/tier4_api_msgs/msg/detail/velocity_limit__rosidl_typesupport_introspection_c.h
-- Symlinking: /autoware/install/tier4_api_msgs/include/tier4_api_msgs/tier4_api_msgs/msg/rosidl_typesupport_introspection_c__visibility_control.h
-- Symlinking: /autoware/install/tier4_api_msgs/include/tier4_api_msgs/tier4_api_msgs/msg/awapi_autoware_status.hpp
-- Symlinking: /autoware/install/tier4_api_msgs/include/tier4_api_msgs/tier4_api_msgs/msg/awapi_vehicle_status.hpp
-- Symlinking: /autoware/install/tier4_api_msgs/include/tier4_api_msgs/tier4_api_msgs/msg/crosswalk_status.hpp
-- Symlinking: /autoware/install/tier4_api_msgs/include/tier4_api_msgs/tier4_api_msgs/msg/detail/awapi_autoware_status__builder.hpp
-- Symlinking: /autoware/install/tier4_api_msgs/include/tier4_api_msgs/tier4_api_msgs/msg/detail/awapi_autoware_status__struct.hpp
-- Symlinking: /autoware/install/tier4_api_msgs/include/tier4_api_msgs/tier4_api_msgs/msg/detail/awapi_autoware_status__traits.hpp
-- Symlinking: /autoware/install/tier4_api_msgs/include/tier4_api_msgs/tier4_api_msgs/msg/detail/awapi_vehicle_status__builder.hpp
-- Symlinking: /autoware/install/tier4_api_msgs/include/tier4_api_msgs/tier4_api_msgs/msg/detail/awapi_vehicle_status__struct.hpp
-- Symlinking: /autoware/install/tier4_api_msgs/include/tier4_api_msgs/tier4_api_msgs/msg/detail/awapi_vehicle_status__traits.hpp
-- Symlinking: /autoware/install/tier4_api_msgs/include/tier4_api_msgs/tier4_api_msgs/msg/detail/crosswalk_status__builder.hpp
-- Symlinking: /autoware/install/tier4_api_msgs/include/tier4_api_msgs/tier4_api_msgs/msg/detail/crosswalk_status__struct.hpp
-- Symlinking: /autoware/install/tier4_api_msgs/include/tier4_api_msgs/tier4_api_msgs/msg/detail/crosswalk_status__traits.hpp
-- Symlinking: /autoware/install/tier4_api_msgs/include/tier4_api_msgs/tier4_api_msgs/msg/detail/door_control_command__builder.hpp
-- Symlinking: /autoware/install/tier4_api_msgs/include/tier4_api_msgs/tier4_api_msgs/msg/detail/door_control_command__struct.hpp
-- Symlinking: /autoware/install/tier4_api_msgs/include/tier4_api_msgs/tier4_api_msgs/msg/detail/door_control_command__traits.hpp
-- Symlinking: /autoware/install/tier4_api_msgs/include/tier4_api_msgs/tier4_api_msgs/msg/detail/door_status__builder.hpp
-- Symlinking: /autoware/install/tier4_api_msgs/include/tier4_api_msgs/tier4_api_msgs/msg/detail/door_status__struct.hpp
-- Symlinking: /autoware/install/tier4_api_msgs/include/tier4_api_msgs/tier4_api_msgs/msg/detail/door_status__traits.hpp
-- Symlinking: /autoware/install/tier4_api_msgs/include/tier4_api_msgs/tier4_api_msgs/msg/detail/euler__builder.hpp
-- Symlinking: /autoware/install/tier4_api_msgs/include/tier4_api_msgs/tier4_api_msgs/msg/detail/euler__struct.hpp
-- Symlinking: /autoware/install/tier4_api_msgs/include/tier4_api_msgs/tier4_api_msgs/msg/detail/euler__traits.hpp
-- Symlinking: /autoware/install/tier4_api_msgs/include/tier4_api_msgs/tier4_api_msgs/msg/detail/intersection_status__builder.hpp
-- Symlinking: /autoware/install/tier4_api_msgs/include/tier4_api_msgs/tier4_api_msgs/msg/detail/intersection_status__struct.hpp
-- Symlinking: /autoware/install/tier4_api_msgs/include/tier4_api_msgs/tier4_api_msgs/msg/detail/intersection_status__traits.hpp
-- Symlinking: /autoware/install/tier4_api_msgs/include/tier4_api_msgs/tier4_api_msgs/msg/detail/lane_change_status__builder.hpp
-- Symlinking: /autoware/install/tier4_api_msgs/include/tier4_api_msgs/tier4_api_msgs/msg/detail/lane_change_status__struct.hpp
-- Symlinking: /autoware/install/tier4_api_msgs/include/tier4_api_msgs/tier4_api_msgs/msg/detail/lane_change_status__traits.hpp
-- Symlinking: /autoware/install/tier4_api_msgs/include/tier4_api_msgs/tier4_api_msgs/msg/detail/obstacle_avoidance_status__builder.hpp
-- Symlinking: /autoware/install/tier4_api_msgs/include/tier4_api_msgs/tier4_api_msgs/msg/detail/obstacle_avoidance_status__struct.hpp
-- Symlinking: /autoware/install/tier4_api_msgs/include/tier4_api_msgs/tier4_api_msgs/msg/detail/obstacle_avoidance_status__traits.hpp
-- Symlinking: /autoware/install/tier4_api_msgs/include/tier4_api_msgs/tier4_api_msgs/msg/detail/stop_command__builder.hpp
-- Symlinking: /autoware/install/tier4_api_msgs/include/tier4_api_msgs/tier4_api_msgs/msg/detail/stop_command__struct.hpp
-- Symlinking: /autoware/install/tier4_api_msgs/include/tier4_api_msgs/tier4_api_msgs/msg/detail/stop_command__traits.hpp
-- Symlinking: /autoware/install/tier4_api_msgs/include/tier4_api_msgs/tier4_api_msgs/msg/detail/velocity_limit__builder.hpp
-- Symlinking: /autoware/install/tier4_api_msgs/include/tier4_api_msgs/tier4_api_msgs/msg/detail/velocity_limit__struct.hpp
-- Symlinking: /autoware/install/tier4_api_msgs/include/tier4_api_msgs/tier4_api_msgs/msg/detail/velocity_limit__traits.hpp
-- Symlinking: /autoware/install/tier4_api_msgs/include/tier4_api_msgs/tier4_api_msgs/msg/door_control_command.hpp
-- Symlinking: /autoware/install/tier4_api_msgs/include/tier4_api_msgs/tier4_api_msgs/msg/door_status.hpp
-- Symlinking: /autoware/install/tier4_api_msgs/include/tier4_api_msgs/tier4_api_msgs/msg/euler.hpp
-- Symlinking: /autoware/install/tier4_api_msgs/include/tier4_api_msgs/tier4_api_msgs/msg/intersection_status.hpp
-- Symlinking: /autoware/install/tier4_api_msgs/include/tier4_api_msgs/tier4_api_msgs/msg/lane_change_status.hpp
-- Symlinking: /autoware/install/tier4_api_msgs/include/tier4_api_msgs/tier4_api_msgs/msg/obstacle_avoidance_status.hpp
-- Symlinking: /autoware/install/tier4_api_msgs/include/tier4_api_msgs/tier4_api_msgs/msg/stop_command.hpp
-- Symlinking: /autoware/install/tier4_api_msgs/include/tier4_api_msgs/tier4_api_msgs/msg/velocity_limit.hpp
-- Symlinking: /autoware/install/tier4_api_msgs/include/tier4_api_msgs/tier4_api_msgs/msg/detail/awapi_autoware_status__rosidl_typesupport_fastrtps_cpp.hpp
-- Symlinking: /autoware/install/tier4_api_msgs/include/tier4_api_msgs/tier4_api_msgs/msg/detail/awapi_vehicle_status__rosidl_typesupport_fastrtps_cpp.hpp
-- Symlinking: /autoware/install/tier4_api_msgs/include/tier4_api_msgs/tier4_api_msgs/msg/detail/crosswalk_status__rosidl_typesupport_fastrtps_cpp.hpp
-- Symlinking: /autoware/install/tier4_api_msgs/include/tier4_api_msgs/tier4_api_msgs/msg/detail/door_control_command__rosidl_typesupport_fastrtps_cpp.hpp
-- Symlinking: /autoware/install/tier4_api_msgs/include/tier4_api_msgs/tier4_api_msgs/msg/detail/door_status__rosidl_typesupport_fastrtps_cpp.hpp
-- Symlinking: /autoware/install/tier4_api_msgs/include/tier4_api_msgs/tier4_api_msgs/msg/detail/euler__rosidl_typesupport_fastrtps_cpp.hpp
-- Symlinking: /autoware/install/tier4_api_msgs/include/tier4_api_msgs/tier4_api_msgs/msg/detail/intersection_status__rosidl_typesupport_fastrtps_cpp.hpp
-- Symlinking: /autoware/install/tier4_api_msgs/include/tier4_api_msgs/tier4_api_msgs/msg/detail/lane_change_status__rosidl_typesupport_fastrtps_cpp.hpp
-- Symlinking: /autoware/install/tier4_api_msgs/include/tier4_api_msgs/tier4_api_msgs/msg/detail/obstacle_avoidance_status__rosidl_typesupport_fastrtps_cpp.hpp
-- Symlinking: /autoware/install/tier4_api_msgs/include/tier4_api_msgs/tier4_api_msgs/msg/detail/stop_command__rosidl_typesupport_fastrtps_cpp.hpp
-- Symlinking: /autoware/install/tier4_api_msgs/include/tier4_api_msgs/tier4_api_msgs/msg/detail/velocity_limit__rosidl_typesupport_fastrtps_cpp.hpp
-- Symlinking: /autoware/install/tier4_api_msgs/include/tier4_api_msgs/tier4_api_msgs/msg/rosidl_typesupport_fastrtps_cpp__visibility_control.h
-- Symlinking: /autoware/install/tier4_api_msgs/include/tier4_api_msgs/tier4_api_msgs/msg/detail/awapi_autoware_status__rosidl_typesupport_introspection_cpp.hpp
-- Symlinking: /autoware/install/tier4_api_msgs/include/tier4_api_msgs/tier4_api_msgs/msg/detail/awapi_vehicle_status__rosidl_typesupport_introspection_cpp.hpp
-- Symlinking: /autoware/install/tier4_api_msgs/include/tier4_api_msgs/tier4_api_msgs/msg/detail/crosswalk_status__rosidl_typesupport_introspection_cpp.hpp
-- Symlinking: /autoware/install/tier4_api_msgs/include/tier4_api_msgs/tier4_api_msgs/msg/detail/door_control_command__rosidl_typesupport_introspection_cpp.hpp
-- Symlinking: /autoware/install/tier4_api_msgs/include/tier4_api_msgs/tier4_api_msgs/msg/detail/door_status__rosidl_typesupport_introspection_cpp.hpp
-- Symlinking: /autoware/install/tier4_api_msgs/include/tier4_api_msgs/tier4_api_msgs/msg/detail/euler__rosidl_typesupport_introspection_cpp.hpp
-- Symlinking: /autoware/install/tier4_api_msgs/include/tier4_api_msgs/tier4_api_msgs/msg/detail/intersection_status__rosidl_typesupport_introspection_cpp.hpp
-- Symlinking: /autoware/install/tier4_api_msgs/include/tier4_api_msgs/tier4_api_msgs/msg/detail/lane_change_status__rosidl_typesupport_introspection_cpp.hpp
-- Symlinking: /autoware/install/tier4_api_msgs/include/tier4_api_msgs/tier4_api_msgs/msg/detail/obstacle_avoidance_status__rosidl_typesupport_introspection_cpp.hpp
-- Symlinking: /autoware/install/tier4_api_msgs/include/tier4_api_msgs/tier4_api_msgs/msg/detail/stop_command__rosidl_typesupport_introspection_cpp.hpp
-- Symlinking: /autoware/install/tier4_api_msgs/include/tier4_api_msgs/tier4_api_msgs/msg/detail/velocity_limit__rosidl_typesupport_introspection_cpp.hpp
-- Symlinking: /autoware/install/tier4_api_msgs/share/tier4_api_msgs/environment/pythonpath.sh
-- Symlinking: /autoware/install/tier4_api_msgs/share/tier4_api_msgs/environment/pythonpath.dsv
-- Symlinking: /autoware/install/tier4_api_msgs/local/lib/python3.10/dist-packages/tier4_api_msgs-0.1.0-py3.10.egg-info/PKG-INFO
-- Symlinking: /autoware/install/tier4_api_msgs/local/lib/python3.10/dist-packages/tier4_api_msgs-0.1.0-py3.10.egg-info/SOURCES.txt
-- Symlinking: /autoware/install/tier4_api_msgs/local/lib/python3.10/dist-packages/tier4_api_msgs-0.1.0-py3.10.egg-info/dependency_links.txt
-- Symlinking: /autoware/install/tier4_api_msgs/local/lib/python3.10/dist-packages/tier4_api_msgs-0.1.0-py3.10.egg-info/top_level.txt
-- Symlinking: /autoware/install/tier4_api_msgs/local/lib/python3.10/dist-packages/tier4_api_msgs/__init__.py
-- Symlinking: /autoware/install/tier4_api_msgs/local/lib/python3.10/dist-packages/tier4_api_msgs/_tier4_api_msgs_s.ep.rosidl_typesupport_c.c
-- Symlinking: /autoware/install/tier4_api_msgs/local/lib/python3.10/dist-packages/tier4_api_msgs/_tier4_api_msgs_s.ep.rosidl_typesupport_fastrtps_c.c
-- Symlinking: /autoware/install/tier4_api_msgs/local/lib/python3.10/dist-packages/tier4_api_msgs/_tier4_api_msgs_s.ep.rosidl_typesupport_introspection_c.c
-- Symlinking: /autoware/install/tier4_api_msgs/local/lib/python3.10/dist-packages/tier4_api_msgs/libtier4_api_msgs__rosidl_generator_py.so
-- Symlinking: /autoware/install/tier4_api_msgs/local/lib/python3.10/dist-packages/tier4_api_msgs/msg/__init__.py
-- Symlinking: /autoware/install/tier4_api_msgs/local/lib/python3.10/dist-packages/tier4_api_msgs/msg/_awapi_autoware_status.py
-- Symlinking: /autoware/install/tier4_api_msgs/local/lib/python3.10/dist-packages/tier4_api_msgs/msg/_awapi_autoware_status_s.c
-- Symlinking: /autoware/install/tier4_api_msgs/local/lib/python3.10/dist-packages/tier4_api_msgs/msg/_awapi_vehicle_status.py
-- Symlinking: /autoware/install/tier4_api_msgs/local/lib/python3.10/dist-packages/tier4_api_msgs/msg/_awapi_vehicle_status_s.c
-- Symlinking: /autoware/install/tier4_api_msgs/local/lib/python3.10/dist-packages/tier4_api_msgs/msg/_crosswalk_status.py
-- Symlinking: /autoware/install/tier4_api_msgs/local/lib/python3.10/dist-packages/tier4_api_msgs/msg/_crosswalk_status_s.c
-- Symlinking: /autoware/install/tier4_api_msgs/local/lib/python3.10/dist-packages/tier4_api_msgs/msg/_door_control_command.py
-- Symlinking: /autoware/install/tier4_api_msgs/local/lib/python3.10/dist-packages/tier4_api_msgs/msg/_door_control_command_s.c
-- Symlinking: /autoware/install/tier4_api_msgs/local/lib/python3.10/dist-packages/tier4_api_msgs/msg/_door_status.py
-- Symlinking: /autoware/install/tier4_api_msgs/local/lib/python3.10/dist-packages/tier4_api_msgs/msg/_door_status_s.c
-- Symlinking: /autoware/install/tier4_api_msgs/local/lib/python3.10/dist-packages/tier4_api_msgs/msg/_euler.py
-- Symlinking: /autoware/install/tier4_api_msgs/local/lib/python3.10/dist-packages/tier4_api_msgs/msg/_euler_s.c
-- Symlinking: /autoware/install/tier4_api_msgs/local/lib/python3.10/dist-packages/tier4_api_msgs/msg/_intersection_status.py
-- Symlinking: /autoware/install/tier4_api_msgs/local/lib/python3.10/dist-packages/tier4_api_msgs/msg/_intersection_status_s.c
-- Symlinking: /autoware/install/tier4_api_msgs/local/lib/python3.10/dist-packages/tier4_api_msgs/msg/_lane_change_status.py
-- Symlinking: /autoware/install/tier4_api_msgs/local/lib/python3.10/dist-packages/tier4_api_msgs/msg/_lane_change_status_s.c
-- Symlinking: /autoware/install/tier4_api_msgs/local/lib/python3.10/dist-packages/tier4_api_msgs/msg/_obstacle_avoidance_status.py
-- Symlinking: /autoware/install/tier4_api_msgs/local/lib/python3.10/dist-packages/tier4_api_msgs/msg/_obstacle_avoidance_status_s.c
-- Symlinking: /autoware/install/tier4_api_msgs/local/lib/python3.10/dist-packages/tier4_api_msgs/msg/_stop_command.py
-- Symlinking: /autoware/install/tier4_api_msgs/local/lib/python3.10/dist-packages/tier4_api_msgs/msg/_stop_command_s.c
-- Symlinking: /autoware/install/tier4_api_msgs/local/lib/python3.10/dist-packages/tier4_api_msgs/msg/_velocity_limit.py
-- Symlinking: /autoware/install/tier4_api_msgs/local/lib/python3.10/dist-packages/tier4_api_msgs/msg/_velocity_limit_s.c
-- Symlinking: /autoware/install/tier4_api_msgs/local/lib/python3.10/dist-packages/tier4_api_msgs/tier4_api_msgs_s__rosidl_typesupport_c.cpython-310-x86_64-linux-gnu.so
-- Symlinking: /autoware/install/tier4_api_msgs/local/lib/python3.10/dist-packages/tier4_api_msgs/tier4_api_msgs_s__rosidl_typesupport_fastrtps_c.cpython-310-x86_64-linux-gnu.so
-- Symlinking: /autoware/install/tier4_api_msgs/local/lib/python3.10/dist-packages/tier4_api_msgs/tier4_api_msgs_s__rosidl_typesupport_introspection_c.cpython-310-x86_64-linux-gnu.so
-- Up-to-date symlink: /autoware/install/tier4_api_msgs/local/lib/python3.10/dist-packages/tier4_api_msgs/tier4_api_msgs_s__rosidl_typesupport_fastrtps_c.cpython-310-x86_64-linux-gnu.so
-- Up-to-date symlink: /autoware/install/tier4_api_msgs/local/lib/python3.10/dist-packages/tier4_api_msgs/tier4_api_msgs_s__rosidl_typesupport_introspection_c.cpython-310-x86_64-linux-gnu.so
-- Up-to-date symlink: /autoware/install/tier4_api_msgs/local/lib/python3.10/dist-packages/tier4_api_msgs/tier4_api_msgs_s__rosidl_typesupport_c.cpython-310-x86_64-linux-gnu.so
-- Symlinking: /autoware/install/tier4_api_msgs/share/tier4_api_msgs/msg/AwapiAutowareStatus.idl
-- Symlinking: /autoware/install/tier4_api_msgs/share/tier4_api_msgs/msg/AwapiVehicleStatus.idl
-- Symlinking: /autoware/install/tier4_api_msgs/share/tier4_api_msgs/msg/CrosswalkStatus.idl
-- Symlinking: /autoware/install/tier4_api_msgs/share/tier4_api_msgs/msg/DoorControlCommand.idl
-- Symlinking: /autoware/install/tier4_api_msgs/share/tier4_api_msgs/msg/DoorStatus.idl
-- Symlinking: /autoware/install/tier4_api_msgs/share/tier4_api_msgs/msg/Euler.idl
-- Symlinking: /autoware/install/tier4_api_msgs/share/tier4_api_msgs/msg/IntersectionStatus.idl
-- Symlinking: /autoware/install/tier4_api_msgs/share/tier4_api_msgs/msg/LaneChangeStatus.idl
-- Symlinking: /autoware/install/tier4_api_msgs/share/tier4_api_msgs/msg/ObstacleAvoidanceStatus.idl
-- Symlinking: /autoware/install/tier4_api_msgs/share/tier4_api_msgs/msg/StopCommand.idl
-- Symlinking: /autoware/install/tier4_api_msgs/share/tier4_api_msgs/msg/VelocityLimit.idl
-- Symlinking: /autoware/install/tier4_api_msgs/share/tier4_api_msgs/msg/AwapiAutowareStatus.msg
-- Symlinking: /autoware/install/tier4_api_msgs/share/tier4_api_msgs/msg/AwapiVehicleStatus.msg
-- Symlinking: /autoware/install/tier4_api_msgs/share/tier4_api_msgs/msg/CrosswalkStatus.msg
-- Symlinking: /autoware/install/tier4_api_msgs/share/tier4_api_msgs/msg/DoorControlCommand.msg
-- Symlinking: /autoware/install/tier4_api_msgs/share/tier4_api_msgs/msg/DoorStatus.msg
-- Symlinking: /autoware/install/tier4_api_msgs/share/tier4_api_msgs/msg/Euler.msg
-- Symlinking: /autoware/install/tier4_api_msgs/share/tier4_api_msgs/msg/IntersectionStatus.msg
-- Symlinking: /autoware/install/tier4_api_msgs/share/tier4_api_msgs/msg/LaneChangeStatus.msg
-- Symlinking: /autoware/install/tier4_api_msgs/share/tier4_api_msgs/msg/ObstacleAvoidanceStatus.msg
-- Symlinking: /autoware/install/tier4_api_msgs/share/tier4_api_msgs/msg/StopCommand.msg
-- Symlinking: /autoware/install/tier4_api_msgs/share/tier4_api_msgs/msg/VelocityLimit.msg
-- Symlinking: /autoware/install/tier4_api_msgs/share/ament_index/resource_index/package_run_dependencies/tier4_api_msgs
-- Symlinking: /autoware/install/tier4_api_msgs/share/ament_index/resource_index/parent_prefix_path/tier4_api_msgs
-- Symlinking: /autoware/install/tier4_api_msgs/share/tier4_api_msgs/environment/ament_prefix_path.sh
-- Symlinking: /autoware/install/tier4_api_msgs/share/tier4_api_msgs/environment/ament_prefix_path.dsv
-- Symlinking: /autoware/install/tier4_api_msgs/share/tier4_api_msgs/environment/path.sh
-- Symlinking: /autoware/install/tier4_api_msgs/share/tier4_api_msgs/environment/path.dsv
-- Symlinking: /autoware/install/tier4_api_msgs/share/tier4_api_msgs/local_setup.bash
-- Symlinking: /autoware/install/tier4_api_msgs/share/tier4_api_msgs/local_setup.sh
-- Symlinking: /autoware/install/tier4_api_msgs/share/tier4_api_msgs/local_setup.zsh
-- Symlinking: /autoware/install/tier4_api_msgs/share/tier4_api_msgs/local_setup.dsv
-- Symlinking: /autoware/install/tier4_api_msgs/share/tier4_api_msgs/package.dsv
-- Symlinking: /autoware/install/tier4_api_msgs/share/ament_index/resource_index/packages/tier4_api_msgs
-- Symlinking: /autoware/install/tier4_api_msgs/share/tier4_api_msgs/cmake/rosidl_cmake-extras.cmake
-- Symlinking: /autoware/install/tier4_api_msgs/share/tier4_api_msgs/cmake/ament_cmake_export_dependencies-extras.cmake
-- Symlinking: /autoware/install/tier4_api_msgs/share/tier4_api_msgs/cmake/ament_cmake_export_include_directories-extras.cmake
-- Symlinking: /autoware/install/tier4_api_msgs/share/tier4_api_msgs/cmake/ament_cmake_export_libraries-extras.cmake
-- Symlinking: /autoware/install/tier4_api_msgs/share/tier4_api_msgs/cmake/ament_cmake_export_targets-extras.cmake
-- Symlinking: /autoware/install/tier4_api_msgs/share/tier4_api_msgs/cmake/rosidl_cmake_export_typesupport_targets-extras.cmake
-- Symlinking: /autoware/install/tier4_api_msgs/share/tier4_api_msgs/cmake/rosidl_cmake_export_typesupport_libraries-extras.cmake
-- Symlinking: /autoware/install/tier4_api_msgs/share/tier4_api_msgs/cmake/tier4_api_msgsConfig.cmake
-- Symlinking: /autoware/install/tier4_api_msgs/share/tier4_api_msgs/cmake/tier4_api_msgsConfig-version.cmake
-- Symlinking: /autoware/install/tier4_api_msgs/share/tier4_api_msgs/package.xml
-- Installing: /autoware/install/tier4_api_msgs/lib/libtier4_api_msgs__rosidl_generator_c.so
-- Set runtime path of "/autoware/install/tier4_api_msgs/lib/libtier4_api_msgs__rosidl_generator_c.so" to ""
-- Installing: /autoware/install/tier4_api_msgs/lib/libtier4_api_msgs__rosidl_typesupport_fastrtps_c.so
-- Set runtime path of "/autoware/install/tier4_api_msgs/lib/libtier4_api_msgs__rosidl_typesupport_fastrtps_c.so" to ""
-- Installing: /autoware/install/tier4_api_msgs/lib/libtier4_api_msgs__rosidl_typesupport_introspection_c.so
-- Set runtime path of "/autoware/install/tier4_api_msgs/lib/libtier4_api_msgs__rosidl_typesupport_introspection_c.so" to ""
-- Installing: /autoware/install/tier4_api_msgs/lib/libtier4_api_msgs__rosidl_typesupport_c.so
-- Set runtime path of "/autoware/install/tier4_api_msgs/lib/libtier4_api_msgs__rosidl_typesupport_c.so" to ""
-- Installing: /autoware/install/tier4_api_msgs/lib/libtier4_api_msgs__rosidl_typesupport_fastrtps_cpp.so
-- Set runtime path of "/autoware/install/tier4_api_msgs/lib/libtier4_api_msgs__rosidl_typesupport_fastrtps_cpp.so" to ""
-- Installing: /autoware/install/tier4_api_msgs/lib/libtier4_api_msgs__rosidl_typesupport_introspection_cpp.so
-- Set runtime path of "/autoware/install/tier4_api_msgs/lib/libtier4_api_msgs__rosidl_typesupport_introspection_cpp.so" to ""
-- Installing: /autoware/install/tier4_api_msgs/lib/libtier4_api_msgs__rosidl_typesupport_cpp.so
-- Set runtime path of "/autoware/install/tier4_api_msgs/lib/libtier4_api_msgs__rosidl_typesupport_cpp.so" to ""
Listing '/autoware/install/tier4_api_msgs/local/lib/python3.10/dist-packages/tier4_api_msgs'...
Compiling '/autoware/install/tier4_api_msgs/local/lib/python3.10/dist-packages/tier4_api_msgs/__init__.py'...
Listing '/autoware/install/tier4_api_msgs/local/lib/python3.10/dist-packages/tier4_api_msgs/msg'...
Compiling '/autoware/install/tier4_api_msgs/local/lib/python3.10/dist-packages/tier4_api_msgs/msg/__init__.py'...
Compiling '/autoware/install/tier4_api_msgs/local/lib/python3.10/dist-packages/tier4_api_msgs/msg/_awapi_autoware_status.py'...
Compiling '/autoware/install/tier4_api_msgs/local/lib/python3.10/dist-packages/tier4_api_msgs/msg/_awapi_vehicle_status.py'...
Compiling '/autoware/install/tier4_api_msgs/local/lib/python3.10/dist-packages/tier4_api_msgs/msg/_crosswalk_status.py'...
Compiling '/autoware/install/tier4_api_msgs/local/lib/python3.10/dist-packages/tier4_api_msgs/msg/_door_control_command.py'...
Compiling '/autoware/install/tier4_api_msgs/local/lib/python3.10/dist-packages/tier4_api_msgs/msg/_door_status.py'...
Compiling '/autoware/install/tier4_api_msgs/local/lib/python3.10/dist-packages/tier4_api_msgs/msg/_euler.py'...
Compiling '/autoware/install/tier4_api_msgs/local/lib/python3.10/dist-packages/tier4_api_msgs/msg/_intersection_status.py'...
Compiling '/autoware/install/tier4_api_msgs/local/lib/python3.10/dist-packages/tier4_api_msgs/msg/_lane_change_status.py'...
Compiling '/autoware/install/tier4_api_msgs/local/lib/python3.10/dist-packages/tier4_api_msgs/msg/_obstacle_avoidance_status.py'...
Compiling '/autoware/install/tier4_api_msgs/local/lib/python3.10/dist-packages/tier4_api_msgs/msg/_stop_command.py'...
Compiling '/autoware/install/tier4_api_msgs/local/lib/python3.10/dist-packages/tier4_api_msgs/msg/_velocity_limit.py'...
-- Installing: /autoware/install/tier4_api_msgs/lib/libtier4_api_msgs__rosidl_generator_py.so
-- Set runtime path of "/autoware/install/tier4_api_msgs/lib/libtier4_api_msgs__rosidl_generator_py.so" to ""
-- Installing: /autoware/install/tier4_api_msgs/share/tier4_api_msgs/cmake/export_tier4_api_msgs__rosidl_generator_cExport.cmake
-- Installing: /autoware/install/tier4_api_msgs/share/tier4_api_msgs/cmake/export_tier4_api_msgs__rosidl_generator_cExport-release.cmake
-- Installing: /autoware/install/tier4_api_msgs/share/tier4_api_msgs/cmake/export_tier4_api_msgs__rosidl_typesupport_fastrtps_cExport.cmake
-- Installing: /autoware/install/tier4_api_msgs/share/tier4_api_msgs/cmake/export_tier4_api_msgs__rosidl_typesupport_fastrtps_cExport-release.cmake
-- Installing: /autoware/install/tier4_api_msgs/share/tier4_api_msgs/cmake/tier4_api_msgs__rosidl_typesupport_introspection_cExport.cmake
-- Installing: /autoware/install/tier4_api_msgs/share/tier4_api_msgs/cmake/tier4_api_msgs__rosidl_typesupport_introspection_cExport-release.cmake
-- Installing: /autoware/install/tier4_api_msgs/share/tier4_api_msgs/cmake/tier4_api_msgs__rosidl_typesupport_cExport.cmake
-- Installing: /autoware/install/tier4_api_msgs/share/tier4_api_msgs/cmake/tier4_api_msgs__rosidl_typesupport_cExport-release.cmake
-- Installing: /autoware/install/tier4_api_msgs/share/tier4_api_msgs/cmake/export_tier4_api_msgs__rosidl_generator_cppExport.cmake
-- Installing: /autoware/install/tier4_api_msgs/share/tier4_api_msgs/cmake/export_tier4_api_msgs__rosidl_typesupport_fastrtps_cppExport.cmake
-- Installing: /autoware/install/tier4_api_msgs/share/tier4_api_msgs/cmake/export_tier4_api_msgs__rosidl_typesupport_fastrtps_cppExport-release.cmake
-- Installing: /autoware/install/tier4_api_msgs/share/tier4_api_msgs/cmake/tier4_api_msgs__rosidl_typesupport_introspection_cppExport.cmake
-- Installing: /autoware/install/tier4_api_msgs/share/tier4_api_msgs/cmake/tier4_api_msgs__rosidl_typesupport_introspection_cppExport-release.cmake
-- Installing: /autoware/install/tier4_api_msgs/share/tier4_api_msgs/cmake/tier4_api_msgs__rosidl_typesupport_cppExport.cmake
-- Installing: /autoware/install/tier4_api_msgs/share/tier4_api_msgs/cmake/tier4_api_msgs__rosidl_typesupport_cppExport-release.cmake
-- Installing: /autoware/install/tier4_api_msgs/share/tier4_api_msgs/cmake/export_tier4_api_msgs__rosidl_generator_pyExport.cmake
-- Installing: /autoware/install/tier4_api_msgs/share/tier4_api_msgs/cmake/export_tier4_api_msgs__rosidl_generator_pyExport-release.cmake
