-- Found autoware_cmake: 0.1.0 (/autoware/install/autoware_cmake/share/autoware_cmake/cmake)
-- Found ament_cmake_auto: 1.3.2 (/opt/ros/humble/share/ament_cmake_auto/cmake)
-- Override CMake install command with custom implementation using symlinks instead of copying resources
-- Found rosidl_generator_c: 3.1.3 (/opt/ros/humble/share/rosidl_generator_c/cmake)
-- Found rosidl_adapter: 3.1.3 (/opt/ros/humble/share/rosidl_adapter/cmake)
-- Found rosidl_generator_cpp: 3.1.3 (/opt/ros/humble/share/rosidl_generator_cpp/cmake)
-- Using all available rosidl_typesupport_c: rosidl_typesupport_fastrtps_c;rosidl_typesupport_introspection_c
-- Using all available rosidl_typesupport_cpp: rosidl_typesupport_fastrtps_cpp;rosidl_typesupport_introspection_cpp
-- Found rmw_implementation_cmake: 6.1.0 (/opt/ros/humble/share/rmw_implementation_cmake/cmake)
-- Found rmw_fastrtps_cpp: 6.2.1 (/opt/ros/humble/share/rmw_fastrtps_cpp/cmake)
-- Using RMW implementation 'rmw_fastrtps_cpp' as default
-- Found mrt_cmake_modules: 1.0.9 (/opt/ros/humble/share/mrt_cmake_modules/cmake)
-- Found eigen3_cmake_module: 0.1.1 (/opt/ros/humble/share/eigen3_cmake_module/cmake)
-- Ensuring Eigen3 include directory is part of orocos-kdl CMake target
-- Eigen found (include: /usr/include/eigen3, version: 3.4.0)
-- OpenNI found (version: 1.5.4.0, include: /usr/include/ni, lib: /usr/lib/libOpenNI.so;libusb::libusb)
-- OpenNI2 found (version: 2.2.0.33, include: /usr/include/openni2, lib: /usr/lib/x86_64-linux-gnu/libOpenNI2.so;libusb::libusb)
-- Eigen found (include: /usr/include/eigen3, version: 3.4.0)
-- OpenNI found (version: 1.5.4.0, include: /usr/include/ni, lib: /usr/lib/libOpenNI.so;libusb::libusb)
-- OpenNI2 found (version: 2.2.0.33, include: /usr/include/openni2, lib: /usr/lib/x86_64-linux-gnu/libOpenNI2.so;libusb::libusb)
-- Found Qhull version 8.0.2
-- OpenNI found (version: 1.5.4.0, include: /usr/include/ni, lib: /usr/lib/libOpenNI.so;libusb::libusb)
-- Found ament_lint_auto: 0.12.4 (/opt/ros/humble/share/ament_lint_auto/cmake)
-- Found gtest sources under '/opt/ros/humble/src/gtest_vendor': C++ tests using 'Google Test' will be built
-- Found gtest sources under '/opt/ros/humble/src/gtest_vendor': C++ tests using 'Google Test' will be built
-- Added test 'copyright' to check source files copyright and LICENSE
-- Added test 'cppcheck' to perform static code analysis on C / C++ code
-- Configured cppcheck include dirs: /autoware/src/universe/autoware.universe/planning/costmap_generator/include
-- Configured cppcheck exclude dirs and/or files: 
-- Added test 'lint_cmake' to check CMake code style
-- Added test 'xmllint' to check XML markup files
-- Configuring done
-- Generating done
-- Build files have been written to: /autoware/build/costmap_generator
Consolidate compiler generated dependencies of target gtest_main
Consolidate compiler generated dependencies of target gtest
Consolidate compiler generated dependencies of target costmap_generator
[ 12%] Built target gtest_main
[ 25%] Built target gtest
[ 37%] Built target costmap_generator
Consolidate compiler generated dependencies of target costmap_generator_lib
[ 43%] Linking CXX shared library libcostmap_generator_lib.so
[ 62%] Built target costmap_generator_lib
Consolidate compiler generated dependencies of target test_objects_to_costmap
Consolidate compiler generated dependencies of target test_points_to_costmap
Consolidate compiler generated dependencies of target costmap_generator_node
[ 68%] Linking CXX executable test_objects_to_costmap
[ 75%] Linking CXX executable test_points_to_costmap
[ 81%] Building CXX object CMakeFiles/costmap_generator_node.dir/nodes/costmap_generator/costmap_generator_node.cpp.o
[ 87%] Built target test_objects_to_costmap
[ 93%] Built target test_points_to_costmap
[100%] Linking CXX shared library libcostmap_generator_node.so
[100%] Built target costmap_generator_node
-- Install configuration: "Release"
-- Execute custom install script
-- Up-to-date symlink: /autoware/install/costmap_generator/lib/costmap_generator/costmap_generator
-- Up-to-date symlink: /autoware/install/costmap_generator/include/costmap_generator/costmap_generator.hpp
-- Up-to-date symlink: /autoware/install/costmap_generator/include/costmap_generator/object_map_utils.hpp
-- Up-to-date symlink: /autoware/install/costmap_generator/include/costmap_generator/objects_to_costmap.hpp
-- Up-to-date symlink: /autoware/install/costmap_generator/include/costmap_generator/points_to_costmap.hpp
-- Up-to-date symlink: /autoware/install/costmap_generator/share/costmap_generator/environment/library_path.sh
-- Up-to-date symlink: /autoware/install/costmap_generator/share/costmap_generator/environment/library_path.dsv
-- Up-to-date symlink: /autoware/install/costmap_generator/lib/libcostmap_generator_lib.so
-- Up-to-date symlink: /autoware/install/costmap_generator/lib/libcostmap_generator_node.so
-- Up-to-date symlink: /autoware/install/costmap_generator/share/costmap_generator/launch/costmap_generator.launch.xml
-- Up-to-date symlink: /autoware/install/costmap_generator/share/ament_index/resource_index/package_run_dependencies/costmap_generator
-- Up-to-date symlink: /autoware/install/costmap_generator/share/ament_index/resource_index/parent_prefix_path/costmap_generator
-- Up-to-date symlink: /autoware/install/costmap_generator/share/costmap_generator/environment/ament_prefix_path.sh
-- Up-to-date symlink: /autoware/install/costmap_generator/share/costmap_generator/environment/ament_prefix_path.dsv
-- Up-to-date symlink: /autoware/install/costmap_generator/share/costmap_generator/environment/path.sh
-- Up-to-date symlink: /autoware/install/costmap_generator/share/costmap_generator/environment/path.dsv
-- Up-to-date symlink: /autoware/install/costmap_generator/share/costmap_generator/local_setup.bash
-- Up-to-date symlink: /autoware/install/costmap_generator/share/costmap_generator/local_setup.sh
-- Up-to-date symlink: /autoware/install/costmap_generator/share/costmap_generator/local_setup.zsh
-- Up-to-date symlink: /autoware/install/costmap_generator/share/costmap_generator/local_setup.dsv
-- Symlinking: /autoware/install/costmap_generator/share/costmap_generator/package.dsv
-- Up-to-date symlink: /autoware/install/costmap_generator/share/ament_index/resource_index/packages/costmap_generator
-- Up-to-date symlink: /autoware/install/costmap_generator/share/ament_index/resource_index/rclcpp_components/costmap_generator
-- Up-to-date symlink: /autoware/install/costmap_generator/share/costmap_generator/cmake/ament_cmake_export_dependencies-extras.cmake
-- Up-to-date symlink: /autoware/install/costmap_generator/share/costmap_generator/cmake/ament_cmake_export_include_directories-extras.cmake
-- Up-to-date symlink: /autoware/install/costmap_generator/share/costmap_generator/cmake/ament_cmake_export_libraries-extras.cmake
-- Up-to-date symlink: /autoware/install/costmap_generator/share/costmap_generator/cmake/costmap_generatorConfig.cmake
-- Up-to-date symlink: /autoware/install/costmap_generator/share/costmap_generator/cmake/costmap_generatorConfig-version.cmake
-- Up-to-date symlink: /autoware/install/costmap_generator/share/costmap_generator/package.xml
