[0.166s] Invoking command in '/autoware/build/autoware_lint_common': CMAKE_PREFIX_PATH=/opt/ros/humble /usr/bin/cmake /autoware/src/core/autoware_common/autoware_lint_common -DCMAKE_BUILD_TYPE=Release -DAMENT_CMAKE_SYMLINK_INSTALL=1 -DCMAKE_INSTALL_PREFIX=/autoware/install/autoware_lint_common
[0.294s] -- Found ament_cmake_core: 1.3.2 (/opt/ros/humble/share/ament_cmake_core/cmake)
[0.344s] -- Found Python3: /usr/bin/python3.10 (found version "3.10.6") found components: Interpreter 
[0.401s] -- Override CMake install command with custom implementation using symlinks instead of copying resources
[0.403s] -- Found ament_cmake_export_dependencies: 1.3.2 (/opt/ros/humble/share/ament_cmake_export_dependencies/cmake)
[0.405s] -- Found ament_cmake_test: 1.3.2 (/opt/ros/humble/share/ament_cmake_test/cmake)
[0.471s] -- Configuring done
[0.473s] -- Generating done
[0.474s] -- Build files have been written to: /autoware/build/autoware_lint_common
[0.476s] Invoked command in '/autoware/build/autoware_lint_common' returned '0': CMAKE_PREFIX_PATH=/opt/ros/humble /usr/bin/cmake /autoware/src/core/autoware_common/autoware_lint_common -DCMAKE_BUILD_TYPE=Release -DAMENT_CMAKE_SYMLINK_INSTALL=1 -DCMAKE_INSTALL_PREFIX=/autoware/install/autoware_lint_common
[0.477s] Invoking command in '/autoware/build/autoware_lint_common': CMAKE_PREFIX_PATH=/opt/ros/humble /usr/bin/cmake --build /autoware/build/autoware_lint_common -- -j64 -l64
[0.501s] Invoked command in '/autoware/build/autoware_lint_common' returned '0': CMAKE_PREFIX_PATH=/opt/ros/humble /usr/bin/cmake --build /autoware/build/autoware_lint_common -- -j64 -l64
[0.523s] Invoking command in '/autoware/build/autoware_lint_common': CMAKE_PREFIX_PATH=/opt/ros/humble /usr/bin/cmake --install /autoware/build/autoware_lint_common
[0.529s] -- Install configuration: "Release"
[0.529s] -- Execute custom install script
[0.530s] -- Symlinking: /autoware/install/autoware_lint_common/share/ament_index/resource_index/package_run_dependencies/autoware_lint_common
[0.536s] -- Symlinking: /autoware/install/autoware_lint_common/share/ament_index/resource_index/parent_prefix_path/autoware_lint_common
[0.544s] -- Symlinking: /autoware/install/autoware_lint_common/share/autoware_lint_common/environment/ament_prefix_path.sh
[0.551s] -- Symlinking: /autoware/install/autoware_lint_common/share/autoware_lint_common/environment/ament_prefix_path.dsv
[0.557s] -- Symlinking: /autoware/install/autoware_lint_common/share/autoware_lint_common/environment/path.sh
[0.564s] -- Symlinking: /autoware/install/autoware_lint_common/share/autoware_lint_common/environment/path.dsv
[0.569s] -- Symlinking: /autoware/install/autoware_lint_common/share/autoware_lint_common/local_setup.bash
[0.576s] -- Symlinking: /autoware/install/autoware_lint_common/share/autoware_lint_common/local_setup.sh
[0.583s] -- Symlinking: /autoware/install/autoware_lint_common/share/autoware_lint_common/local_setup.zsh
[0.590s] -- Symlinking: /autoware/install/autoware_lint_common/share/autoware_lint_common/local_setup.dsv
[0.596s] -- Symlinking: /autoware/install/autoware_lint_common/share/autoware_lint_common/package.dsv
[0.603s] -- Symlinking: /autoware/install/autoware_lint_common/share/ament_index/resource_index/packages/autoware_lint_common
[0.610s] -- Symlinking: /autoware/install/autoware_lint_common/share/autoware_lint_common/cmake/ament_cmake_export_dependencies-extras.cmake
[0.616s] -- Symlinking: /autoware/install/autoware_lint_common/share/autoware_lint_common/cmake/autoware_lint_commonConfig.cmake
[0.622s] -- Symlinking: /autoware/install/autoware_lint_common/share/autoware_lint_common/cmake/autoware_lint_commonConfig-version.cmake
[0.628s] -- Symlinking: /autoware/install/autoware_lint_common/share/autoware_lint_common/package.xml
[0.635s] Invoked command in '/autoware/build/autoware_lint_common' returned '0': CMAKE_PREFIX_PATH=/opt/ros/humble /usr/bin/cmake --install /autoware/build/autoware_lint_common
