[0.167s] Invoking command in '/autoware/build/sample_vehicle_description': AMENT_PREFIX_PATH=/autoware/install/ament_cmake_auto:${AMENT_PREFIX_PATH} CMAKE_PREFIX_PATH=/autoware/install/ament_cmake_auto:/opt/ros/humble /usr/bin/cmake --build /autoware/build/sample_vehicle_description -- -j64 -l64
[0.213s] Invoked command in '/autoware/build/sample_vehicle_description' returned '0': AMENT_PREFIX_PATH=/autoware/install/ament_cmake_auto:${AMENT_PREFIX_PATH} CMAKE_PREFIX_PATH=/autoware/install/ament_cmake_auto:/opt/ros/humble /usr/bin/cmake --build /autoware/build/sample_vehicle_description -- -j64 -l64
[0.283s] Invoking command in '/autoware/build/sample_vehicle_description': AMENT_PREFIX_PATH=/autoware/install/ament_cmake_auto:${AMENT_PREFIX_PATH} CMAKE_PREFIX_PATH=/autoware/install/ament_cmake_auto:/opt/ros/humble /usr/bin/cmake --install /autoware/build/sample_vehicle_description
[0.286s] -- Install configuration: "Release"
[0.287s] -- Execute custom install script
[0.288s] -- Up-to-date symlink: /autoware/install/sample_vehicle_description/share/sample_vehicle_description/mesh/lexus.dae
[0.288s] -- Up-to-date symlink: /autoware/install/sample_vehicle_description/share/sample_vehicle_description/mesh/lexus.jpg
[0.288s] -- Up-to-date symlink: /autoware/install/sample_vehicle_description/share/sample_vehicle_description/urdf/vehicle.xacro
[0.289s] -- Up-to-date symlink: /autoware/install/sample_vehicle_description/share/sample_vehicle_description/config/mirror.param.yaml
[0.290s] -- Up-to-date symlink: /autoware/install/sample_vehicle_description/share/sample_vehicle_description/config/simulator_model.param.yaml
[0.290s] -- Up-to-date symlink: /autoware/install/sample_vehicle_description/share/sample_vehicle_description/config/vehicle_info.param.yaml
[0.290s] -- Up-to-date symlink: /autoware/install/sample_vehicle_description/share/ament_index/resource_index/package_run_dependencies/sample_vehicle_description
[0.290s] -- Up-to-date symlink: /autoware/install/sample_vehicle_description/share/ament_index/resource_index/parent_prefix_path/sample_vehicle_description
[0.291s] -- Up-to-date symlink: /autoware/install/sample_vehicle_description/share/sample_vehicle_description/environment/ament_prefix_path.sh
[0.291s] -- Up-to-date symlink: /autoware/install/sample_vehicle_description/share/sample_vehicle_description/environment/ament_prefix_path.dsv
[0.292s] -- Up-to-date symlink: /autoware/install/sample_vehicle_description/share/sample_vehicle_description/environment/path.sh
[0.292s] -- Up-to-date symlink: /autoware/install/sample_vehicle_description/share/sample_vehicle_description/environment/path.dsv
[0.292s] -- Up-to-date symlink: /autoware/install/sample_vehicle_description/share/sample_vehicle_description/local_setup.bash
[0.293s] -- Up-to-date symlink: /autoware/install/sample_vehicle_description/share/sample_vehicle_description/local_setup.sh
[0.293s] -- Up-to-date symlink: /autoware/install/sample_vehicle_description/share/sample_vehicle_description/local_setup.zsh
[0.293s] -- Up-to-date symlink: /autoware/install/sample_vehicle_description/share/sample_vehicle_description/local_setup.dsv
[0.294s] -- Symlinking: /autoware/install/sample_vehicle_description/share/sample_vehicle_description/package.dsv
[0.302s] -- Up-to-date symlink: /autoware/install/sample_vehicle_description/share/ament_index/resource_index/packages/sample_vehicle_description
[0.303s] -- Up-to-date symlink: /autoware/install/sample_vehicle_description/share/sample_vehicle_description/cmake/sample_vehicle_descriptionConfig.cmake
[0.303s] -- Up-to-date symlink: /autoware/install/sample_vehicle_description/share/sample_vehicle_description/cmake/sample_vehicle_descriptionConfig-version.cmake
[0.303s] -- Up-to-date symlink: /autoware/install/sample_vehicle_description/share/sample_vehicle_description/package.xml
[0.338s] Invoked command in '/autoware/build/sample_vehicle_description' returned '0': AMENT_PREFIX_PATH=/autoware/install/ament_cmake_auto:${AMENT_PREFIX_PATH} CMAKE_PREFIX_PATH=/autoware/install/ament_cmake_auto:/opt/ros/humble /usr/bin/cmake --install /autoware/build/sample_vehicle_description
