[0.058s] Invoking command in '/autoware/build/probabilistic_occupancy_grid_map': AMENT_PREFIX_PATH=/autoware/install/tier4_autoware_utils:/autoware/install/autoware_auto_vehicle_msgs:/autoware/install/autoware_auto_planning_msgs:/autoware/install/autoware_auto_perception_msgs:/autoware/install/tier4_debug_msgs:/autoware/install/pointcloud_to_laserscan:/autoware/install/autoware_cmake:/autoware/install/autoware_auto_mapping_msgs:/autoware/install/autoware_auto_geometry_msgs:/autoware/install/autoware_lint_common:/autoware/install/ament_cmake_auto:${AMENT_PREFIX_PATH} CMAKE_PREFIX_PATH=/autoware/install/tier4_autoware_utils:/autoware/install/autoware_auto_vehicle_msgs:/autoware/install/autoware_auto_planning_msgs:/autoware/install/autoware_auto_perception_msgs:/autoware/install/tier4_debug_msgs:/autoware/install/pointcloud_to_laserscan:/autoware/install/autoware_cmake:/autoware/install/autoware_auto_mapping_msgs:/autoware/install/autoware_auto_geometry_msgs:/autoware/install/autoware_lint_common:/autoware/install/ament_cmake_auto:/opt/ros/humble LD_LIBRARY_PATH=/autoware/install/tier4_autoware_utils/lib:/autoware/install/autoware_auto_vehicle_msgs/lib:/autoware/install/autoware_auto_planning_msgs/lib:/autoware/install/autoware_auto_perception_msgs/lib:/autoware/install/tier4_debug_msgs/lib:/autoware/install/pointcloud_to_laserscan/lib:/autoware/install/autoware_auto_mapping_msgs/lib:/autoware/install/autoware_auto_geometry_msgs/lib:${LD_LIBRARY_PATH} PYTHONPATH=/autoware/install/autoware_auto_vehicle_msgs/local/lib/python3.10/dist-packages:/autoware/install/autoware_auto_planning_msgs/local/lib/python3.10/dist-packages:/autoware/install/autoware_auto_perception_msgs/local/lib/python3.10/dist-packages:/autoware/install/tier4_debug_msgs/local/lib/python3.10/dist-packages:/autoware/install/autoware_auto_mapping_msgs/local/lib/python3.10/dist-packages:/autoware/install/autoware_auto_geometry_msgs/local/lib/python3.10/dist-packages:${PYTHONPATH} /usr/bin/cmake --build /autoware/build/probabilistic_occupancy_grid_map -- -j64 -l64
[0.088s] -- Found autoware_cmake: 0.1.0 (/autoware/install/autoware_cmake/share/autoware_cmake/cmake)
[0.089s] -- Found ament_cmake_auto: 1.3.2 (/opt/ros/humble/share/ament_cmake_auto/cmake)
[0.236s] -- Override CMake install command with custom implementation using symlinks instead of copying resources
[0.343s] -- Found rosidl_generator_c: 3.1.3 (/opt/ros/humble/share/rosidl_generator_c/cmake)
[0.345s] -- Found rosidl_adapter: 3.1.3 (/opt/ros/humble/share/rosidl_adapter/cmake)
[0.351s] -- Found rosidl_generator_cpp: 3.1.3 (/opt/ros/humble/share/rosidl_generator_cpp/cmake)
[0.361s] -- Using all available rosidl_typesupport_c: rosidl_typesupport_fastrtps_c;rosidl_typesupport_introspection_c
[0.376s] -- Using all available rosidl_typesupport_cpp: rosidl_typesupport_fastrtps_cpp;rosidl_typesupport_introspection_cpp
[0.431s] -- Found rmw_implementation_cmake: 6.1.0 (/opt/ros/humble/share/rmw_implementation_cmake/cmake)
[0.432s] -- Found rmw_fastrtps_cpp: 6.2.1 (/opt/ros/humble/share/rmw_fastrtps_cpp/cmake)
[0.555s] -- Using RMW implementation 'rmw_fastrtps_cpp' as default
[1.574s] -- Ensuring Eigen3 include directory is part of orocos-kdl CMake target
[2.576s] -- Eigen found (include: /usr/include/eigen3, version: 3.4.0)
[2.607s] -- FLANN found (include: /usr/include, lib: /usr/lib/x86_64-linux-gnu/libflann_cpp.so)
[2.951s] -- OpenNI found (version: 1.5.4.0, include: /usr/include/ni, lib: /usr/lib/libOpenNI.so;libusb::libusb)
[2.956s] -- OpenNI2 found (version: 2.2.0.33, include: /usr/include/openni2, lib: /usr/lib/x86_64-linux-gnu/libOpenNI2.so;libusb::libusb)
[3.112s] -- Eigen found (include: /usr/include/eigen3, version: 3.4.0)
[3.118s] -- OpenNI found (version: 1.5.4.0, include: /usr/include/ni, lib: /usr/lib/libOpenNI.so;libusb::libusb)
[3.125s] -- OpenNI2 found (version: 2.2.0.33, include: /usr/include/openni2, lib: /usr/lib/x86_64-linux-gnu/libOpenNI2.so;libusb::libusb)
[3.273s] -- Found Qhull version 8.0.2
[3.435s] -- OpenNI found (version: 1.5.4.0, include: /usr/include/ni, lib: /usr/lib/libOpenNI.so;libusb::libusb)
[4.596s] -- Found ament_lint_auto: 0.12.4 (/opt/ros/humble/share/ament_lint_auto/cmake)
[8.228s] -- Added test 'copyright' to check source files copyright and LICENSE
[8.232s] -- Added test 'cppcheck' to perform static code analysis on C / C++ code
[8.233s] -- Configured cppcheck include dirs: /autoware/src/universe/autoware.universe/perception/probabilistic_occupancy_grid_map/include
[8.233s] -- Configured cppcheck exclude dirs and/or files: 
[8.234s] -- Added test 'lint_cmake' to check CMake code style
[8.234s] -- Added test 'xmllint' to check XML markup files
[8.239s] -- Configuring done
[8.423s] -- Generating done
[8.423s] -- Build files have been written to: /autoware/build/probabilistic_occupancy_grid_map
[8.449s] Consolidate compiler generated dependencies of target laserscan_based_occupancy_grid_map_node
[8.449s] Consolidate compiler generated dependencies of target pointcloud_based_occupancy_grid_map_node
[8.462s] [ 16%] Built target laserscan_based_occupancy_grid_map_node
[8.463s] [ 33%] Built target pointcloud_based_occupancy_grid_map_node
[8.478s] Consolidate compiler generated dependencies of target pointcloud_based_occupancy_grid_map
[8.513s] [ 41%] Linking CXX shared library libpointcloud_based_occupancy_grid_map.so
[9.010s] [ 66%] Built target pointcloud_based_occupancy_grid_map
[9.045s] Consolidate compiler generated dependencies of target laserscan_based_occupancy_grid_map
[9.076s] [ 75%] Linking CXX shared library liblaserscan_based_occupancy_grid_map.so
[9.591s] [100%] Built target laserscan_based_occupancy_grid_map
[9.601s] Invoked command in '/autoware/build/probabilistic_occupancy_grid_map' returned '0': AMENT_PREFIX_PATH=/autoware/install/tier4_autoware_utils:/autoware/install/autoware_auto_vehicle_msgs:/autoware/install/autoware_auto_planning_msgs:/autoware/install/autoware_auto_perception_msgs:/autoware/install/tier4_debug_msgs:/autoware/install/pointcloud_to_laserscan:/autoware/install/autoware_cmake:/autoware/install/autoware_auto_mapping_msgs:/autoware/install/autoware_auto_geometry_msgs:/autoware/install/autoware_lint_common:/autoware/install/ament_cmake_auto:${AMENT_PREFIX_PATH} CMAKE_PREFIX_PATH=/autoware/install/tier4_autoware_utils:/autoware/install/autoware_auto_vehicle_msgs:/autoware/install/autoware_auto_planning_msgs:/autoware/install/autoware_auto_perception_msgs:/autoware/install/tier4_debug_msgs:/autoware/install/pointcloud_to_laserscan:/autoware/install/autoware_cmake:/autoware/install/autoware_auto_mapping_msgs:/autoware/install/autoware_auto_geometry_msgs:/autoware/install/autoware_lint_common:/autoware/install/ament_cmake_auto:/opt/ros/humble LD_LIBRARY_PATH=/autoware/install/tier4_autoware_utils/lib:/autoware/install/autoware_auto_vehicle_msgs/lib:/autoware/install/autoware_auto_planning_msgs/lib:/autoware/install/autoware_auto_perception_msgs/lib:/autoware/install/tier4_debug_msgs/lib:/autoware/install/pointcloud_to_laserscan/lib:/autoware/install/autoware_auto_mapping_msgs/lib:/autoware/install/autoware_auto_geometry_msgs/lib:${LD_LIBRARY_PATH} PYTHONPATH=/autoware/install/autoware_auto_vehicle_msgs/local/lib/python3.10/dist-packages:/autoware/install/autoware_auto_planning_msgs/local/lib/python3.10/dist-packages:/autoware/install/autoware_auto_perception_msgs/local/lib/python3.10/dist-packages:/autoware/install/tier4_debug_msgs/local/lib/python3.10/dist-packages:/autoware/install/autoware_auto_mapping_msgs/local/lib/python3.10/dist-packages:/autoware/install/autoware_auto_geometry_msgs/local/lib/python3.10/dist-packages:${PYTHONPATH} /usr/bin/cmake --build /autoware/build/probabilistic_occupancy_grid_map -- -j64 -l64
[9.630s] Invoking command in '/autoware/build/probabilistic_occupancy_grid_map': AMENT_PREFIX_PATH=/autoware/install/tier4_autoware_utils:/autoware/install/autoware_auto_vehicle_msgs:/autoware/install/autoware_auto_planning_msgs:/autoware/install/autoware_auto_perception_msgs:/autoware/install/tier4_debug_msgs:/autoware/install/pointcloud_to_laserscan:/autoware/install/autoware_cmake:/autoware/install/autoware_auto_mapping_msgs:/autoware/install/autoware_auto_geometry_msgs:/autoware/install/autoware_lint_common:/autoware/install/ament_cmake_auto:${AMENT_PREFIX_PATH} CMAKE_PREFIX_PATH=/autoware/install/tier4_autoware_utils:/autoware/install/autoware_auto_vehicle_msgs:/autoware/install/autoware_auto_planning_msgs:/autoware/install/autoware_auto_perception_msgs:/autoware/install/tier4_debug_msgs:/autoware/install/pointcloud_to_laserscan:/autoware/install/autoware_cmake:/autoware/install/autoware_auto_mapping_msgs:/autoware/install/autoware_auto_geometry_msgs:/autoware/install/autoware_lint_common:/autoware/install/ament_cmake_auto:/opt/ros/humble LD_LIBRARY_PATH=/autoware/install/tier4_autoware_utils/lib:/autoware/install/autoware_auto_vehicle_msgs/lib:/autoware/install/autoware_auto_planning_msgs/lib:/autoware/install/autoware_auto_perception_msgs/lib:/autoware/install/tier4_debug_msgs/lib:/autoware/install/pointcloud_to_laserscan/lib:/autoware/install/autoware_auto_mapping_msgs/lib:/autoware/install/autoware_auto_geometry_msgs/lib:${LD_LIBRARY_PATH} PYTHONPATH=/autoware/install/autoware_auto_vehicle_msgs/local/lib/python3.10/dist-packages:/autoware/install/autoware_auto_planning_msgs/local/lib/python3.10/dist-packages:/autoware/install/autoware_auto_perception_msgs/local/lib/python3.10/dist-packages:/autoware/install/tier4_debug_msgs/local/lib/python3.10/dist-packages:/autoware/install/autoware_auto_mapping_msgs/local/lib/python3.10/dist-packages:/autoware/install/autoware_auto_geometry_msgs/local/lib/python3.10/dist-packages:${PYTHONPATH} /usr/bin/cmake --install /autoware/build/probabilistic_occupancy_grid_map
[9.636s] -- Install configuration: "Release"
[9.637s] -- Execute custom install script
[9.637s] -- Up-to-date symlink: /autoware/install/probabilistic_occupancy_grid_map/lib/probabilistic_occupancy_grid_map/pointcloud_based_occupancy_grid_map_node
[9.638s] -- Up-to-date symlink: /autoware/install/probabilistic_occupancy_grid_map/lib/probabilistic_occupancy_grid_map/laserscan_based_occupancy_grid_map_node
[9.638s] -- Up-to-date symlink: /autoware/install/probabilistic_occupancy_grid_map/include/cost_value.hpp
[9.638s] -- Up-to-date symlink: /autoware/install/probabilistic_occupancy_grid_map/include/laserscan_based_occupancy_grid_map/laserscan_based_occupancy_grid_map_node.hpp
[9.638s] -- Up-to-date symlink: /autoware/install/probabilistic_occupancy_grid_map/include/laserscan_based_occupancy_grid_map/occupancy_grid_map.hpp
[9.638s] -- Up-to-date symlink: /autoware/install/probabilistic_occupancy_grid_map/include/pointcloud_based_occupancy_grid_map/occupancy_grid_map.hpp
[9.639s] -- Up-to-date symlink: /autoware/install/probabilistic_occupancy_grid_map/include/pointcloud_based_occupancy_grid_map/pointcloud_based_occupancy_grid_map_node.hpp
[9.639s] -- Up-to-date symlink: /autoware/install/probabilistic_occupancy_grid_map/include/updater/occupancy_grid_map_binary_bayes_filter_updater.hpp
[9.639s] -- Up-to-date symlink: /autoware/install/probabilistic_occupancy_grid_map/include/updater/occupancy_grid_map_updater_interface.hpp
[9.639s] -- Up-to-date symlink: /autoware/install/probabilistic_occupancy_grid_map/share/probabilistic_occupancy_grid_map/environment/library_path.sh
[9.639s] -- Up-to-date symlink: /autoware/install/probabilistic_occupancy_grid_map/share/probabilistic_occupancy_grid_map/environment/library_path.dsv
[9.639s] -- Up-to-date symlink: /autoware/install/probabilistic_occupancy_grid_map/lib/libpointcloud_based_occupancy_grid_map.so
[9.639s] -- Up-to-date symlink: /autoware/install/probabilistic_occupancy_grid_map/lib/liblaserscan_based_occupancy_grid_map.so
[9.640s] -- Up-to-date symlink: /autoware/install/probabilistic_occupancy_grid_map/share/probabilistic_occupancy_grid_map/launch/laserscan_based_occupancy_grid_map.launch.py
[9.640s] -- Up-to-date symlink: /autoware/install/probabilistic_occupancy_grid_map/share/probabilistic_occupancy_grid_map/launch/pointcloud_based_occupancy_grid_map.launch.py
[9.640s] -- Up-to-date symlink: /autoware/install/probabilistic_occupancy_grid_map/share/ament_index/resource_index/package_run_dependencies/probabilistic_occupancy_grid_map
[9.640s] -- Up-to-date symlink: /autoware/install/probabilistic_occupancy_grid_map/share/ament_index/resource_index/parent_prefix_path/probabilistic_occupancy_grid_map
[9.640s] -- Up-to-date symlink: /autoware/install/probabilistic_occupancy_grid_map/share/probabilistic_occupancy_grid_map/environment/ament_prefix_path.sh
[9.641s] -- Up-to-date symlink: /autoware/install/probabilistic_occupancy_grid_map/share/probabilistic_occupancy_grid_map/environment/ament_prefix_path.dsv
[9.641s] -- Up-to-date symlink: /autoware/install/probabilistic_occupancy_grid_map/share/probabilistic_occupancy_grid_map/environment/path.sh
[9.641s] -- Up-to-date symlink: /autoware/install/probabilistic_occupancy_grid_map/share/probabilistic_occupancy_grid_map/environment/path.dsv
[9.641s] -- Up-to-date symlink: /autoware/install/probabilistic_occupancy_grid_map/share/probabilistic_occupancy_grid_map/local_setup.bash
[9.641s] -- Up-to-date symlink: /autoware/install/probabilistic_occupancy_grid_map/share/probabilistic_occupancy_grid_map/local_setup.sh
[9.641s] -- Up-to-date symlink: /autoware/install/probabilistic_occupancy_grid_map/share/probabilistic_occupancy_grid_map/local_setup.zsh
[9.641s] -- Up-to-date symlink: /autoware/install/probabilistic_occupancy_grid_map/share/probabilistic_occupancy_grid_map/local_setup.dsv
[9.641s] -- Symlinking: /autoware/install/probabilistic_occupancy_grid_map/share/probabilistic_occupancy_grid_map/package.dsv
[9.649s] -- Up-to-date symlink: /autoware/install/probabilistic_occupancy_grid_map/share/ament_index/resource_index/packages/probabilistic_occupancy_grid_map
[9.649s] -- Up-to-date symlink: /autoware/install/probabilistic_occupancy_grid_map/share/ament_index/resource_index/rclcpp_components/probabilistic_occupancy_grid_map
[9.649s] -- Up-to-date symlink: /autoware/install/probabilistic_occupancy_grid_map/share/probabilistic_occupancy_grid_map/cmake/ament_cmake_export_dependencies-extras.cmake
[9.649s] -- Up-to-date symlink: /autoware/install/probabilistic_occupancy_grid_map/share/probabilistic_occupancy_grid_map/cmake/ament_cmake_export_include_directories-extras.cmake
[9.649s] -- Up-to-date symlink: /autoware/install/probabilistic_occupancy_grid_map/share/probabilistic_occupancy_grid_map/cmake/ament_cmake_export_libraries-extras.cmake
[9.650s] -- Up-to-date symlink: /autoware/install/probabilistic_occupancy_grid_map/share/probabilistic_occupancy_grid_map/cmake/probabilistic_occupancy_grid_mapConfig.cmake
[9.650s] -- Up-to-date symlink: /autoware/install/probabilistic_occupancy_grid_map/share/probabilistic_occupancy_grid_map/cmake/probabilistic_occupancy_grid_mapConfig-version.cmake
[9.650s] -- Up-to-date symlink: /autoware/install/probabilistic_occupancy_grid_map/share/probabilistic_occupancy_grid_map/package.xml
[9.657s] Invoked command in '/autoware/build/probabilistic_occupancy_grid_map' returned '0': AMENT_PREFIX_PATH=/autoware/install/tier4_autoware_utils:/autoware/install/autoware_auto_vehicle_msgs:/autoware/install/autoware_auto_planning_msgs:/autoware/install/autoware_auto_perception_msgs:/autoware/install/tier4_debug_msgs:/autoware/install/pointcloud_to_laserscan:/autoware/install/autoware_cmake:/autoware/install/autoware_auto_mapping_msgs:/autoware/install/autoware_auto_geometry_msgs:/autoware/install/autoware_lint_common:/autoware/install/ament_cmake_auto:${AMENT_PREFIX_PATH} CMAKE_PREFIX_PATH=/autoware/install/tier4_autoware_utils:/autoware/install/autoware_auto_vehicle_msgs:/autoware/install/autoware_auto_planning_msgs:/autoware/install/autoware_auto_perception_msgs:/autoware/install/tier4_debug_msgs:/autoware/install/pointcloud_to_laserscan:/autoware/install/autoware_cmake:/autoware/install/autoware_auto_mapping_msgs:/autoware/install/autoware_auto_geometry_msgs:/autoware/install/autoware_lint_common:/autoware/install/ament_cmake_auto:/opt/ros/humble LD_LIBRARY_PATH=/autoware/install/tier4_autoware_utils/lib:/autoware/install/autoware_auto_vehicle_msgs/lib:/autoware/install/autoware_auto_planning_msgs/lib:/autoware/install/autoware_auto_perception_msgs/lib:/autoware/install/tier4_debug_msgs/lib:/autoware/install/pointcloud_to_laserscan/lib:/autoware/install/autoware_auto_mapping_msgs/lib:/autoware/install/autoware_auto_geometry_msgs/lib:${LD_LIBRARY_PATH} PYTHONPATH=/autoware/install/autoware_auto_vehicle_msgs/local/lib/python3.10/dist-packages:/autoware/install/autoware_auto_planning_msgs/local/lib/python3.10/dist-packages:/autoware/install/autoware_auto_perception_msgs/local/lib/python3.10/dist-packages:/autoware/install/tier4_debug_msgs/local/lib/python3.10/dist-packages:/autoware/install/autoware_auto_mapping_msgs/local/lib/python3.10/dist-packages:/autoware/install/autoware_auto_geometry_msgs/local/lib/python3.10/dist-packages:${PYTHONPATH} /usr/bin/cmake --install /autoware/build/probabilistic_occupancy_grid_map
