-- The C compiler identification is GNU 11.3.0
-- The CXX compiler identification is GNU 11.3.0
-- Detecting C compiler ABI info
-- Detecting C compiler ABI info - done
-- Check for working C compiler: /usr/bin/cc - skipped
-- Detecting C compile features
-- Detecting C compile features - done
-- Detecting CXX compiler ABI info
-- Detecting CXX compiler ABI info - done
-- Check for working CXX compiler: /usr/bin/c++ - skipped
-- Detecting CXX compile features
-- Detecting CXX compile features - done
-- Found autoware_cmake: 0.1.0 (/autoware/install/autoware_cmake/share/autoware_cmake/cmake)
-- Found Python3: /usr/bin/python3.10 (found version "3.10.6") found components: Interpreter 
-- Override CMake install command with custom implementation using symlinks instead of copying resources
-- Found rosidl_generator_c: 3.1.3 (/opt/ros/humble/share/rosidl_generator_c/cmake)
-- Found rosidl_adapter: 3.1.3 (/opt/ros/humble/share/rosidl_adapter/cmake)
-- Found rosidl_generator_cpp: 3.1.3 (/opt/ros/humble/share/rosidl_generator_cpp/cmake)
-- Using all available rosidl_typesupport_c: rosidl_typesupport_fastrtps_c;rosidl_typesupport_introspection_c
-- Using all available rosidl_typesupport_cpp: rosidl_typesupport_fastrtps_cpp;rosidl_typesupport_introspection_cpp
-- Found rmw_implementation_cmake: 6.1.0 (/opt/ros/humble/share/rmw_implementation_cmake/cmake)
-- Found rmw_fastrtps_cpp: 6.2.1 (/opt/ros/humble/share/rmw_fastrtps_cpp/cmake)
-- Found OpenSSL: /usr/lib/x86_64-linux-gnu/libcrypto.so (found version "3.0.2")  
-- Found FastRTPS: /opt/ros/humble/include  
-- Using RMW implementation 'rmw_fastrtps_cpp' as default
-- Found eigen3_cmake_module: 0.1.1 (/opt/ros/humble/share/eigen3_cmake_module/cmake)
-- Found Eigen3: TRUE (found version "3.4.0") 
-- Ensuring Eigen3 include directory is part of orocos-kdl CMake target
-- Found ament_lint_auto: 0.12.4 (/opt/ros/humble/share/ament_lint_auto/cmake)
-- Added test 'copyright' to check source files copyright and LICENSE
-- Added test 'cppcheck' to perform static code analysis on C / C++ code
-- Configured cppcheck include dirs: /autoware/src/universe/autoware.universe/system/dummy_diag_publisher/include
-- Configured cppcheck exclude dirs and/or files: 
-- Added test 'lint_cmake' to check CMake code style
-- Added test 'xmllint' to check XML markup files
-- Configuring done
-- Generating done
-- Build files have been written to: /autoware/build/dummy_diag_publisher
[ 25%] Building CXX object CMakeFiles/dummy_diag_publisher_node.dir/rclcpp_components/node_main_dummy_diag_publisher_node.cpp.o
[ 50%] Building CXX object CMakeFiles/dummy_diag_publisher.dir/src/dummy_diag_publisher_node/dummy_diag_publisher_node.cpp.o
[ 75%] Linking CXX executable dummy_diag_publisher_node
[ 75%] Built target dummy_diag_publisher_node
[100%] Linking CXX shared library libdummy_diag_publisher.so
[100%] Built target dummy_diag_publisher
-- Install configuration: "Release"
-- Execute custom install script
-- Symlinking: /autoware/install/dummy_diag_publisher/lib/dummy_diag_publisher/dummy_diag_publisher_node
-- Symlinking: /autoware/install/dummy_diag_publisher/include/dummy_diag_publisher/dummy_diag_publisher_node.hpp
-- Symlinking: /autoware/install/dummy_diag_publisher/share/dummy_diag_publisher/environment/library_path.sh
-- Symlinking: /autoware/install/dummy_diag_publisher/share/dummy_diag_publisher/environment/library_path.dsv
-- Symlinking: /autoware/install/dummy_diag_publisher/lib/libdummy_diag_publisher.so
-- Symlinking: /autoware/install/dummy_diag_publisher/share/dummy_diag_publisher/launch/dummy_diag_publisher.launch.xml
-- Symlinking: /autoware/install/dummy_diag_publisher/share/dummy_diag_publisher/launch/dummy_diag_publisher_node.launch.xml
-- Symlinking: /autoware/install/dummy_diag_publisher/share/ament_index/resource_index/package_run_dependencies/dummy_diag_publisher
-- Symlinking: /autoware/install/dummy_diag_publisher/share/ament_index/resource_index/parent_prefix_path/dummy_diag_publisher
-- Symlinking: /autoware/install/dummy_diag_publisher/share/dummy_diag_publisher/environment/ament_prefix_path.sh
-- Symlinking: /autoware/install/dummy_diag_publisher/share/dummy_diag_publisher/environment/ament_prefix_path.dsv
-- Symlinking: /autoware/install/dummy_diag_publisher/share/dummy_diag_publisher/environment/path.sh
-- Symlinking: /autoware/install/dummy_diag_publisher/share/dummy_diag_publisher/environment/path.dsv
-- Symlinking: /autoware/install/dummy_diag_publisher/share/dummy_diag_publisher/local_setup.bash
-- Symlinking: /autoware/install/dummy_diag_publisher/share/dummy_diag_publisher/local_setup.sh
-- Symlinking: /autoware/install/dummy_diag_publisher/share/dummy_diag_publisher/local_setup.zsh
-- Symlinking: /autoware/install/dummy_diag_publisher/share/dummy_diag_publisher/local_setup.dsv
-- Symlinking: /autoware/install/dummy_diag_publisher/share/dummy_diag_publisher/package.dsv
-- Symlinking: /autoware/install/dummy_diag_publisher/share/ament_index/resource_index/packages/dummy_diag_publisher
-- Symlinking: /autoware/install/dummy_diag_publisher/share/ament_index/resource_index/rclcpp_components/dummy_diag_publisher
-- Symlinking: /autoware/install/dummy_diag_publisher/share/dummy_diag_publisher/cmake/ament_cmake_export_dependencies-extras.cmake
-- Symlinking: /autoware/install/dummy_diag_publisher/share/dummy_diag_publisher/cmake/ament_cmake_export_include_directories-extras.cmake
-- Symlinking: /autoware/install/dummy_diag_publisher/share/dummy_diag_publisher/cmake/ament_cmake_export_libraries-extras.cmake
-- Symlinking: /autoware/install/dummy_diag_publisher/share/dummy_diag_publisher/cmake/dummy_diag_publisherConfig.cmake
-- Symlinking: /autoware/install/dummy_diag_publisher/share/dummy_diag_publisher/cmake/dummy_diag_publisherConfig-version.cmake
-- Symlinking: /autoware/install/dummy_diag_publisher/share/dummy_diag_publisher/package.xml
