-- The C compiler identification is GNU 11.3.0
-- The CXX compiler identification is GNU 11.3.0
-- Detecting C compiler ABI info
-- Detecting C compiler ABI info - done
-- Check for working C compiler: /usr/bin/cc - skipped
-- Detecting C compile features
-- Detecting C compile features - done
-- Detecting CXX compiler ABI info
-- Detecting CXX compiler ABI info - done
-- Check for working CXX compiler: /usr/bin/c++ - skipped
-- Detecting CXX compile features
-- Detecting CXX compile features - done
-- Found autoware_cmake: 0.1.0 (/autoware/install/autoware_cmake/share/autoware_cmake/cmake)
-- Found Python3: /usr/bin/python3.10 (found version "3.10.6") found components: Interpreter 
-- Override CMake install command with custom implementation using symlinks instead of copying resources
-- Found rosidl_generator_c: 3.1.3 (/opt/ros/humble/share/rosidl_generator_c/cmake)
-- Found rosidl_adapter: 3.1.3 (/opt/ros/humble/share/rosidl_adapter/cmake)
-- Found rosidl_generator_cpp: 3.1.3 (/opt/ros/humble/share/rosidl_generator_cpp/cmake)
-- Using all available rosidl_typesupport_c: rosidl_typesupport_fastrtps_c;rosidl_typesupport_introspection_c
-- Using all available rosidl_typesupport_cpp: rosidl_typesupport_fastrtps_cpp;rosidl_typesupport_introspection_cpp
-- Found rmw_implementation_cmake: 6.1.0 (/opt/ros/humble/share/rmw_implementation_cmake/cmake)
-- Found rmw_fastrtps_cpp: 6.2.1 (/opt/ros/humble/share/rmw_fastrtps_cpp/cmake)
-- Found OpenSSL: /usr/lib/x86_64-linux-gnu/libcrypto.so (found version "3.0.2")  
-- Found FastRTPS: /opt/ros/humble/include  
-- Using RMW implementation 'rmw_fastrtps_cpp' as default
-- Found ament_lint_auto: 0.12.4 (/opt/ros/humble/share/ament_lint_auto/cmake)
-- Could NOT find CUDA (missing: CUDA_TOOLKIT_ROOT_DIR CUDA_NVCC_EXECUTABLE CUDA_INCLUDE_DIRS CUDA_CUDART_LIBRARY) 
-- CUDA NOT FOUND
-- TensorRT is NOT Available
-- CUDNN is NOT Available
-- Checking and downloading traffic_light_classifier_mobilenetv2.onnx
-- start traffic_light_classifier_mobilenetv2.onnx
-- not found traffic_light_classifier_mobilenetv2.onnx
-- File doesn't exists. Downloading now ...
-- Download completed successfully!
-- Checking and downloading lamp_labels.txt
-- start lamp_labels.txt
-- not found lamp_labels.txt
-- File doesn't exists. Downloading now ...
-- Download completed successfully!
-- Found OpenCV: /usr (found version "4.5.4") 
-- Found Boost: /usr/lib/x86_64-linux-gnu/cmake/Boost-1.74.0/BoostConfig.cmake (found version "1.74.0") found components: filesystem 
-- CUDA and/or TensorRT were not found. build only color classifier
-- Configuring done
-- Generating done
-- Build files have been written to: /autoware/build/traffic_light_classifier
[ 20%] Building CXX object CMakeFiles/traffic_light_classifier_nodelet.dir/src/nodelet.cpp.o
[ 40%] Building CXX object CMakeFiles/traffic_light_classifier_nodelet.dir/src/color_classifier.cpp.o
[ 60%] Building CXX object CMakeFiles/traffic_light_classifier_node.dir/rclcpp_components/node_main_traffic_light_classifier_node.cpp.o
[ 80%] Linking CXX executable traffic_light_classifier_node
[ 80%] Built target traffic_light_classifier_node
[100%] Linking CXX shared library libtraffic_light_classifier_nodelet.so
[100%] Built target traffic_light_classifier_nodelet
-- Install configuration: "Release"
-- Execute custom install script
-- Symlinking: /autoware/install/traffic_light_classifier/lib/traffic_light_classifier/traffic_light_classifier_node
-- Symlinking: /autoware/install/traffic_light_classifier/include/traffic_light_classifier/classifier_interface.hpp
-- Symlinking: /autoware/install/traffic_light_classifier/include/traffic_light_classifier/cnn_classifier.hpp
-- Symlinking: /autoware/install/traffic_light_classifier/include/traffic_light_classifier/color_classifier.hpp
-- Symlinking: /autoware/install/traffic_light_classifier/include/traffic_light_classifier/nodelet.hpp
-- Symlinking: /autoware/install/traffic_light_classifier/share/traffic_light_classifier/environment/library_path.sh
-- Symlinking: /autoware/install/traffic_light_classifier/share/traffic_light_classifier/environment/library_path.dsv
-- Symlinking: /autoware/install/traffic_light_classifier/lib/libtraffic_light_classifier_nodelet.so
-- Symlinking: /autoware/install/traffic_light_classifier/share/traffic_light_classifier/data/lamp_labels.txt
-- Symlinking: /autoware/install/traffic_light_classifier/share/traffic_light_classifier/data/traffic_light_classifier_mobilenetv2.onnx
-- Symlinking: /autoware/install/traffic_light_classifier/share/traffic_light_classifier/launch/traffic_light_classifier.launch.xml
-- Symlinking: /autoware/install/traffic_light_classifier/share/ament_index/resource_index/package_run_dependencies/traffic_light_classifier
-- Symlinking: /autoware/install/traffic_light_classifier/share/ament_index/resource_index/parent_prefix_path/traffic_light_classifier
-- Symlinking: /autoware/install/traffic_light_classifier/share/traffic_light_classifier/environment/ament_prefix_path.sh
-- Symlinking: /autoware/install/traffic_light_classifier/share/traffic_light_classifier/environment/ament_prefix_path.dsv
-- Symlinking: /autoware/install/traffic_light_classifier/share/traffic_light_classifier/environment/path.sh
-- Symlinking: /autoware/install/traffic_light_classifier/share/traffic_light_classifier/environment/path.dsv
-- Symlinking: /autoware/install/traffic_light_classifier/share/traffic_light_classifier/local_setup.bash
-- Symlinking: /autoware/install/traffic_light_classifier/share/traffic_light_classifier/local_setup.sh
-- Symlinking: /autoware/install/traffic_light_classifier/share/traffic_light_classifier/local_setup.zsh
-- Symlinking: /autoware/install/traffic_light_classifier/share/traffic_light_classifier/local_setup.dsv
-- Symlinking: /autoware/install/traffic_light_classifier/share/traffic_light_classifier/package.dsv
-- Symlinking: /autoware/install/traffic_light_classifier/share/ament_index/resource_index/packages/traffic_light_classifier
-- Symlinking: /autoware/install/traffic_light_classifier/share/ament_index/resource_index/rclcpp_components/traffic_light_classifier
-- Symlinking: /autoware/install/traffic_light_classifier/share/traffic_light_classifier/cmake/ament_cmake_export_dependencies-extras.cmake
-- Symlinking: /autoware/install/traffic_light_classifier/share/traffic_light_classifier/cmake/ament_cmake_export_include_directories-extras.cmake
-- Symlinking: /autoware/install/traffic_light_classifier/share/traffic_light_classifier/cmake/ament_cmake_export_libraries-extras.cmake
-- Symlinking: /autoware/install/traffic_light_classifier/share/traffic_light_classifier/cmake/traffic_light_classifierConfig.cmake
-- Symlinking: /autoware/install/traffic_light_classifier/share/traffic_light_classifier/cmake/traffic_light_classifierConfig-version.cmake
-- Symlinking: /autoware/install/traffic_light_classifier/share/traffic_light_classifier/package.xml
