[0.168s] Invoking command in '/autoware/build/traffic_light_classifier': AMENT_PREFIX_PATH=/autoware/install/autoware_cmake:/autoware/install/autoware_auto_perception_msgs:/autoware/install/autoware_auto_geometry_msgs:${AMENT_PREFIX_PATH} CMAKE_PREFIX_PATH=/autoware/install/autoware_cmake:/autoware/install/autoware_auto_perception_msgs:/autoware/install/autoware_auto_geometry_msgs:/opt/ros/humble LD_LIBRARY_PATH=/autoware/install/autoware_auto_perception_msgs/lib:/autoware/install/autoware_auto_geometry_msgs/lib:${LD_LIBRARY_PATH} PYTHONPATH=/autoware/install/autoware_auto_perception_msgs/local/lib/python3.10/dist-packages:/autoware/install/autoware_auto_geometry_msgs/local/lib/python3.10/dist-packages:${PYTHONPATH} /usr/bin/cmake /autoware/src/universe/autoware.universe/perception/traffic_light_classifier -DCMAKE_BUILD_TYPE=Release -DAMENT_CMAKE_SYMLINK_INSTALL=1 -DCMAKE_INSTALL_PREFIX=/autoware/install/traffic_light_classifier
[0.424s] -- The C compiler identification is GNU 11.3.0
[0.569s] -- The CXX compiler identification is GNU 11.3.0
[0.596s] -- Detecting C compiler ABI info
[0.813s] -- Detecting C compiler ABI info - done
[0.826s] -- Check for working C compiler: /usr/bin/cc - skipped
[0.829s] -- Detecting C compile features
[0.829s] -- Detecting C compile features - done
[0.835s] -- Detecting CXX compiler ABI info
[0.930s] -- Detecting CXX compiler ABI info - done
[0.937s] -- Check for working CXX compiler: /usr/bin/c++ - skipped
[0.938s] -- Detecting CXX compile features
[0.938s] -- Detecting CXX compile features - done
[0.939s] -- Found autoware_cmake: 0.1.0 (/autoware/install/autoware_cmake/share/autoware_cmake/cmake)
[1.149s] -- Found Python3: /usr/bin/python3.10 (found version "3.10.6") found components: Interpreter 
[1.252s] -- Override CMake install command with custom implementation using symlinks instead of copying resources
[1.729s] -- Found rosidl_generator_c: 3.1.3 (/opt/ros/humble/share/rosidl_generator_c/cmake)
[1.738s] -- Found rosidl_adapter: 3.1.3 (/opt/ros/humble/share/rosidl_adapter/cmake)
[1.785s] -- Found rosidl_generator_cpp: 3.1.3 (/opt/ros/humble/share/rosidl_generator_cpp/cmake)
[1.825s] -- Using all available rosidl_typesupport_c: rosidl_typesupport_fastrtps_c;rosidl_typesupport_introspection_c
[1.862s] -- Using all available rosidl_typesupport_cpp: rosidl_typesupport_fastrtps_cpp;rosidl_typesupport_introspection_cpp
[2.858s] -- Found rmw_implementation_cmake: 6.1.0 (/opt/ros/humble/share/rmw_implementation_cmake/cmake)
[2.864s] -- Found rmw_fastrtps_cpp: 6.2.1 (/opt/ros/humble/share/rmw_fastrtps_cpp/cmake)
[3.033s] -- Found OpenSSL: /usr/lib/x86_64-linux-gnu/libcrypto.so (found version "3.0.2")  
[3.076s] -- Found FastRTPS: /opt/ros/humble/include  
[3.132s] -- Using RMW implementation 'rmw_fastrtps_cpp' as default
[3.417s] -- Found ament_lint_auto: 0.12.4 (/opt/ros/humble/share/ament_lint_auto/cmake)
[3.420s] CUDA_TOOLKIT_ROOT_DIR not found or specified
[3.426s] -- Could NOT find CUDA (missing: CUDA_TOOLKIT_ROOT_DIR CUDA_NVCC_EXECUTABLE CUDA_INCLUDE_DIRS CUDA_CUDART_LIBRARY) 
[3.427s] -- CUDA NOT FOUND
[3.428s] -- TensorRT is NOT Available
[3.430s] -- CUDNN is NOT Available
[3.433s] -- Checking and downloading traffic_light_classifier_mobilenetv2.onnx
[3.433s] -- start traffic_light_classifier_mobilenetv2.onnx
[3.433s] -- not found traffic_light_classifier_mobilenetv2.onnx
[3.433s] -- File doesn't exists. Downloading now ...
[5.043s] -- Download completed successfully!
[5.043s] -- Checking and downloading lamp_labels.txt
[5.043s] -- start lamp_labels.txt
[5.043s] -- not found lamp_labels.txt
[5.043s] -- File doesn't exists. Downloading now ...
[5.091s] -- Download completed successfully!
[5.142s] -- Found OpenCV: /usr (found version "4.5.4") 
[5.158s] -- Found Boost: /usr/lib/x86_64-linux-gnu/cmake/Boost-1.74.0/BoostConfig.cmake (found version "1.74.0") found components: filesystem 
[5.159s] -- CUDA and/or TensorRT were not found. build only color classifier
[5.184s] -- Configuring done
[5.218s] -- Generating done
[5.221s] -- Build files have been written to: /autoware/build/traffic_light_classifier
[5.236s] Invoked command in '/autoware/build/traffic_light_classifier' returned '0': AMENT_PREFIX_PATH=/autoware/install/autoware_cmake:/autoware/install/autoware_auto_perception_msgs:/autoware/install/autoware_auto_geometry_msgs:${AMENT_PREFIX_PATH} CMAKE_PREFIX_PATH=/autoware/install/autoware_cmake:/autoware/install/autoware_auto_perception_msgs:/autoware/install/autoware_auto_geometry_msgs:/opt/ros/humble LD_LIBRARY_PATH=/autoware/install/autoware_auto_perception_msgs/lib:/autoware/install/autoware_auto_geometry_msgs/lib:${LD_LIBRARY_PATH} PYTHONPATH=/autoware/install/autoware_auto_perception_msgs/local/lib/python3.10/dist-packages:/autoware/install/autoware_auto_geometry_msgs/local/lib/python3.10/dist-packages:${PYTHONPATH} /usr/bin/cmake /autoware/src/universe/autoware.universe/perception/traffic_light_classifier -DCMAKE_BUILD_TYPE=Release -DAMENT_CMAKE_SYMLINK_INSTALL=1 -DCMAKE_INSTALL_PREFIX=/autoware/install/traffic_light_classifier
[5.237s] Invoking command in '/autoware/build/traffic_light_classifier': AMENT_PREFIX_PATH=/autoware/install/autoware_cmake:/autoware/install/autoware_auto_perception_msgs:/autoware/install/autoware_auto_geometry_msgs:${AMENT_PREFIX_PATH} CMAKE_PREFIX_PATH=/autoware/install/autoware_cmake:/autoware/install/autoware_auto_perception_msgs:/autoware/install/autoware_auto_geometry_msgs:/opt/ros/humble LD_LIBRARY_PATH=/autoware/install/autoware_auto_perception_msgs/lib:/autoware/install/autoware_auto_geometry_msgs/lib:${LD_LIBRARY_PATH} PYTHONPATH=/autoware/install/autoware_auto_perception_msgs/local/lib/python3.10/dist-packages:/autoware/install/autoware_auto_geometry_msgs/local/lib/python3.10/dist-packages:${PYTHONPATH} /usr/bin/cmake --build /autoware/build/traffic_light_classifier -- -j64 -l64
[5.286s] [ 20%] Building CXX object CMakeFiles/traffic_light_classifier_nodelet.dir/src/nodelet.cpp.o
[5.290s] [ 40%] Building CXX object CMakeFiles/traffic_light_classifier_nodelet.dir/src/color_classifier.cpp.o
[5.291s] [ 60%] Building CXX object CMakeFiles/traffic_light_classifier_node.dir/rclcpp_components/node_main_traffic_light_classifier_node.cpp.o
[9.576s] [ 80%] Linking CXX executable traffic_light_classifier_node
[9.699s] [ 80%] Built target traffic_light_classifier_node
[22.925s] [100%] Linking CXX shared library libtraffic_light_classifier_nodelet.so
[23.211s] [100%] Built target traffic_light_classifier_nodelet
[23.225s] Invoked command in '/autoware/build/traffic_light_classifier' returned '0': AMENT_PREFIX_PATH=/autoware/install/autoware_cmake:/autoware/install/autoware_auto_perception_msgs:/autoware/install/autoware_auto_geometry_msgs:${AMENT_PREFIX_PATH} CMAKE_PREFIX_PATH=/autoware/install/autoware_cmake:/autoware/install/autoware_auto_perception_msgs:/autoware/install/autoware_auto_geometry_msgs:/opt/ros/humble LD_LIBRARY_PATH=/autoware/install/autoware_auto_perception_msgs/lib:/autoware/install/autoware_auto_geometry_msgs/lib:${LD_LIBRARY_PATH} PYTHONPATH=/autoware/install/autoware_auto_perception_msgs/local/lib/python3.10/dist-packages:/autoware/install/autoware_auto_geometry_msgs/local/lib/python3.10/dist-packages:${PYTHONPATH} /usr/bin/cmake --build /autoware/build/traffic_light_classifier -- -j64 -l64
[23.254s] Invoking command in '/autoware/build/traffic_light_classifier': AMENT_PREFIX_PATH=/autoware/install/autoware_cmake:/autoware/install/autoware_auto_perception_msgs:/autoware/install/autoware_auto_geometry_msgs:${AMENT_PREFIX_PATH} CMAKE_PREFIX_PATH=/autoware/install/autoware_cmake:/autoware/install/autoware_auto_perception_msgs:/autoware/install/autoware_auto_geometry_msgs:/opt/ros/humble LD_LIBRARY_PATH=/autoware/install/autoware_auto_perception_msgs/lib:/autoware/install/autoware_auto_geometry_msgs/lib:${LD_LIBRARY_PATH} PYTHONPATH=/autoware/install/autoware_auto_perception_msgs/local/lib/python3.10/dist-packages:/autoware/install/autoware_auto_geometry_msgs/local/lib/python3.10/dist-packages:${PYTHONPATH} /usr/bin/cmake --install /autoware/build/traffic_light_classifier
[23.262s] -- Install configuration: "Release"
[23.262s] -- Execute custom install script
[23.262s] -- Symlinking: /autoware/install/traffic_light_classifier/lib/traffic_light_classifier/traffic_light_classifier_node
[23.270s] -- Symlinking: /autoware/install/traffic_light_classifier/include/traffic_light_classifier/classifier_interface.hpp
[23.277s] -- Symlinking: /autoware/install/traffic_light_classifier/include/traffic_light_classifier/cnn_classifier.hpp
[23.286s] -- Symlinking: /autoware/install/traffic_light_classifier/include/traffic_light_classifier/color_classifier.hpp
[23.297s] -- Symlinking: /autoware/install/traffic_light_classifier/include/traffic_light_classifier/nodelet.hpp
[23.310s] -- Symlinking: /autoware/install/traffic_light_classifier/share/traffic_light_classifier/environment/library_path.sh
[23.320s] -- Symlinking: /autoware/install/traffic_light_classifier/share/traffic_light_classifier/environment/library_path.dsv
[23.327s] -- Symlinking: /autoware/install/traffic_light_classifier/lib/libtraffic_light_classifier_nodelet.so
[23.336s] -- Symlinking: /autoware/install/traffic_light_classifier/share/traffic_light_classifier/data/lamp_labels.txt
[23.348s] -- Symlinking: /autoware/install/traffic_light_classifier/share/traffic_light_classifier/data/traffic_light_classifier_mobilenetv2.onnx
[23.356s] -- Symlinking: /autoware/install/traffic_light_classifier/share/traffic_light_classifier/launch/traffic_light_classifier.launch.xml
[23.363s] -- Symlinking: /autoware/install/traffic_light_classifier/share/ament_index/resource_index/package_run_dependencies/traffic_light_classifier
[23.370s] -- Symlinking: /autoware/install/traffic_light_classifier/share/ament_index/resource_index/parent_prefix_path/traffic_light_classifier
[23.377s] -- Symlinking: /autoware/install/traffic_light_classifier/share/traffic_light_classifier/environment/ament_prefix_path.sh
[23.384s] -- Symlinking: /autoware/install/traffic_light_classifier/share/traffic_light_classifier/environment/ament_prefix_path.dsv
[23.391s] -- Symlinking: /autoware/install/traffic_light_classifier/share/traffic_light_classifier/environment/path.sh
[23.398s] -- Symlinking: /autoware/install/traffic_light_classifier/share/traffic_light_classifier/environment/path.dsv
[23.405s] -- Symlinking: /autoware/install/traffic_light_classifier/share/traffic_light_classifier/local_setup.bash
[23.413s] -- Symlinking: /autoware/install/traffic_light_classifier/share/traffic_light_classifier/local_setup.sh
[23.420s] -- Symlinking: /autoware/install/traffic_light_classifier/share/traffic_light_classifier/local_setup.zsh
[23.426s] -- Symlinking: /autoware/install/traffic_light_classifier/share/traffic_light_classifier/local_setup.dsv
[23.433s] -- Symlinking: /autoware/install/traffic_light_classifier/share/traffic_light_classifier/package.dsv
[23.440s] -- Symlinking: /autoware/install/traffic_light_classifier/share/ament_index/resource_index/packages/traffic_light_classifier
[23.447s] -- Symlinking: /autoware/install/traffic_light_classifier/share/ament_index/resource_index/rclcpp_components/traffic_light_classifier
[23.453s] -- Symlinking: /autoware/install/traffic_light_classifier/share/traffic_light_classifier/cmake/ament_cmake_export_dependencies-extras.cmake
[23.460s] -- Symlinking: /autoware/install/traffic_light_classifier/share/traffic_light_classifier/cmake/ament_cmake_export_include_directories-extras.cmake
[23.467s] -- Symlinking: /autoware/install/traffic_light_classifier/share/traffic_light_classifier/cmake/ament_cmake_export_libraries-extras.cmake
[23.474s] -- Symlinking: /autoware/install/traffic_light_classifier/share/traffic_light_classifier/cmake/traffic_light_classifierConfig.cmake
[23.480s] -- Symlinking: /autoware/install/traffic_light_classifier/share/traffic_light_classifier/cmake/traffic_light_classifierConfig-version.cmake
[23.487s] -- Symlinking: /autoware/install/traffic_light_classifier/share/traffic_light_classifier/package.xml
[23.504s] Invoked command in '/autoware/build/traffic_light_classifier' returned '0': AMENT_PREFIX_PATH=/autoware/install/autoware_cmake:/autoware/install/autoware_auto_perception_msgs:/autoware/install/autoware_auto_geometry_msgs:${AMENT_PREFIX_PATH} CMAKE_PREFIX_PATH=/autoware/install/autoware_cmake:/autoware/install/autoware_auto_perception_msgs:/autoware/install/autoware_auto_geometry_msgs:/opt/ros/humble LD_LIBRARY_PATH=/autoware/install/autoware_auto_perception_msgs/lib:/autoware/install/autoware_auto_geometry_msgs/lib:${LD_LIBRARY_PATH} PYTHONPATH=/autoware/install/autoware_auto_perception_msgs/local/lib/python3.10/dist-packages:/autoware/install/autoware_auto_geometry_msgs/local/lib/python3.10/dist-packages:${PYTHONPATH} /usr/bin/cmake --install /autoware/build/traffic_light_classifier
