-- The C compiler identification is GNU 11.3.0
-- The CXX compiler identification is GNU 11.3.0
-- Detecting C compiler ABI info
-- Detecting C compiler ABI info - done
-- Check for working C compiler: /usr/bin/cc - skipped
-- Detecting C compile features
-- Detecting C compile features - done
-- Detecting CXX compiler ABI info
-- Detecting CXX compiler ABI info - done
-- Check for working CXX compiler: /usr/bin/c++ - skipped
-- Detecting CXX compile features
-- Detecting CXX compile features - done
-- Found autoware_cmake: 0.1.0 (/autoware/install/autoware_cmake/share/autoware_cmake/cmake)
-- Found Python3: /usr/bin/python3.10 (found version "3.10.6") found components: Interpreter 
-- Override CMake install command with custom implementation using symlinks instead of copying resources
-- Found rosidl_generator_c: 3.1.3 (/opt/ros/humble/share/rosidl_generator_c/cmake)
-- Found rosidl_adapter: 3.1.3 (/opt/ros/humble/share/rosidl_adapter/cmake)
-- Found rosidl_generator_cpp: 3.1.3 (/opt/ros/humble/share/rosidl_generator_cpp/cmake)
-- Using all available rosidl_typesupport_c: rosidl_typesupport_fastrtps_c;rosidl_typesupport_introspection_c
-- Using all available rosidl_typesupport_cpp: rosidl_typesupport_fastrtps_cpp;rosidl_typesupport_introspection_cpp
-- Found rmw_implementation_cmake: 6.1.0 (/opt/ros/humble/share/rmw_implementation_cmake/cmake)
-- Found rmw_fastrtps_cpp: 6.2.1 (/opt/ros/humble/share/rmw_fastrtps_cpp/cmake)
-- Found OpenSSL: /usr/lib/x86_64-linux-gnu/libcrypto.so (found version "3.0.2")  
-- Found FastRTPS: /opt/ros/humble/include  
-- Using RMW implementation 'rmw_fastrtps_cpp' as default
-- Found eigen3_cmake_module: 0.1.1 (/opt/ros/humble/share/eigen3_cmake_module/cmake)
-- Found Eigen3: TRUE (found version "3.4.0") 
-- Ensuring Eigen3 include directory is part of orocos-kdl CMake target
-- Found ament_lint_auto: 0.12.4 (/opt/ros/humble/share/ament_lint_auto/cmake)
-- Found Boost: /usr/lib/x86_64-linux-gnu/cmake/Boost-1.74.0/BoostConfig.cmake (found version "1.74.0")  
-- Found ament_cmake_ros: 0.10.0 (/opt/ros/humble/share/ament_cmake_ros/cmake)
-- Using all available rosidl_typesupport_c: rosidl_typesupport_fastrtps_c;rosidl_typesupport_introspection_c
-- Using all available rosidl_typesupport_cpp: rosidl_typesupport_fastrtps_cpp;rosidl_typesupport_introspection_cpp
-- Found PythonInterp: /usr/bin/python3 (found suitable version "3.10.6", minimum required is "3.6") 
-- Found python_cmake_module: 0.10.0 (/opt/ros/humble/share/python_cmake_module/cmake)
-- Found PythonLibs: /usr/lib/x86_64-linux-gnu/libpython3.10.so (found suitable version "3.10.6", minimum required is "3.5") 
-- Using PYTHON_EXECUTABLE: /usr/bin/python3
-- Using PYTHON_INCLUDE_DIRS: /usr/include/python3.10
-- Using PYTHON_LIBRARIES: /usr/lib/x86_64-linux-gnu/libpython3.10.so
-- Found PythonExtra: .so  
-- Added test 'copyright' to check source files copyright and LICENSE
-- Added test 'cppcheck' to perform static code analysis on C / C++ code
-- Configured cppcheck include dirs: /autoware/src/universe/autoware.universe/control/control_performance_analysis/include
-- Configured cppcheck exclude dirs and/or files: 
-- Added test 'lint_cmake' to check CMake code style
-- Added test 'xmllint' to check XML markup files
-- Configuring done
-- Generating done
-- Build files have been written to: /autoware/build/control_performance_analysis
[  1%] Generating C code for ROS interfaces
[  3%] Generating C++ code for ROS interfaces
[  4%] Building CXX object CMakeFiles/control_performance_analysis_exe.dir/rclcpp_components/node_main_control_performance_analysis_exe.cpp.o
[  4%] Built target ament_cmake_python_symlink_control_performance_analysis
running egg_info
creating control_performance_analysis.egg-info
writing control_performance_analysis.egg-info/PKG-INFO
writing dependency_links to control_performance_analysis.egg-info/dependency_links.txt
writing top-level names to control_performance_analysis.egg-info/top_level.txt
writing manifest file 'control_performance_analysis.egg-info/SOURCES.txt'
reading manifest file 'control_performance_analysis.egg-info/SOURCES.txt'
writing manifest file 'control_performance_analysis.egg-info/SOURCES.txt'
[  4%] Built target ament_cmake_python_build_control_performance_analysis_egg
[  4%] Built target control_performance_analysis__cpp
[  6%] Generating C++ type support dispatch for ROS interfaces
[  8%] Generating C++ introspection for ROS interfaces
[  9%] Generating C++ type support for eProsima Fast-RTPS
[ 11%] Building C object CMakeFiles/control_performance_analysis__rosidl_generator_c.dir/rosidl_generator_c/control_performance_analysis/msg/detail/error__functions.c.o
[ 12%] Building C object CMakeFiles/control_performance_analysis__rosidl_generator_c.dir/rosidl_generator_c/control_performance_analysis/msg/detail/error_stamped__functions.c.o
[ 14%] Building C object CMakeFiles/control_performance_analysis__rosidl_generator_c.dir/rosidl_generator_c/control_performance_analysis/msg/detail/driving_monitor_stamped__functions.c.o
[ 16%] Building C object CMakeFiles/control_performance_analysis__rosidl_generator_c.dir/rosidl_generator_c/control_performance_analysis/msg/detail/float_stamped__functions.c.o
[ 17%] Linking C shared library libcontrol_performance_analysis__rosidl_generator_c.so
[ 17%] Built target control_performance_analysis__rosidl_generator_c
[ 19%] Generating C introspection for ROS interfaces
[ 20%] Generating C type support for eProsima Fast-RTPS
[ 22%] Generating C type support dispatch for ROS interfaces
[ 24%] Building CXX object CMakeFiles/control_performance_analysis__rosidl_typesupport_cpp.dir/rosidl_typesupport_cpp/control_performance_analysis/msg/error__type_support.cpp.o
[ 25%] Building CXX object CMakeFiles/control_performance_analysis__rosidl_typesupport_cpp.dir/rosidl_typesupport_cpp/control_performance_analysis/msg/error_stamped__type_support.cpp.o
[ 27%] Building CXX object CMakeFiles/control_performance_analysis__rosidl_typesupport_cpp.dir/rosidl_typesupport_cpp/control_performance_analysis/msg/driving_monitor_stamped__type_support.cpp.o
[ 29%] Building CXX object CMakeFiles/control_performance_analysis__rosidl_typesupport_cpp.dir/rosidl_typesupport_cpp/control_performance_analysis/msg/float_stamped__type_support.cpp.o
[ 30%] Building CXX object CMakeFiles/control_performance_analysis__rosidl_typesupport_introspection_cpp.dir/rosidl_typesupport_introspection_cpp/control_performance_analysis/msg/detail/error__type_support.cpp.o
[ 32%] Building CXX object CMakeFiles/control_performance_analysis__rosidl_typesupport_introspection_cpp.dir/rosidl_typesupport_introspection_cpp/control_performance_analysis/msg/detail/error_stamped__type_support.cpp.o
[ 33%] Building CXX object CMakeFiles/control_performance_analysis__rosidl_typesupport_introspection_cpp.dir/rosidl_typesupport_introspection_cpp/control_performance_analysis/msg/detail/driving_monitor_stamped__type_support.cpp.o
[ 35%] Building CXX object CMakeFiles/control_performance_analysis__rosidl_typesupport_introspection_cpp.dir/rosidl_typesupport_introspection_cpp/control_performance_analysis/msg/detail/float_stamped__type_support.cpp.o
[ 37%] Building CXX object CMakeFiles/control_performance_analysis__rosidl_typesupport_fastrtps_cpp.dir/rosidl_typesupport_fastrtps_cpp/control_performance_analysis/msg/detail/dds_fastrtps/error__type_support.cpp.o
[ 38%] Building CXX object CMakeFiles/control_performance_analysis__rosidl_typesupport_fastrtps_cpp.dir/rosidl_typesupport_fastrtps_cpp/control_performance_analysis/msg/detail/dds_fastrtps/error_stamped__type_support.cpp.o
[ 40%] Building CXX object CMakeFiles/control_performance_analysis__rosidl_typesupport_fastrtps_cpp.dir/rosidl_typesupport_fastrtps_cpp/control_performance_analysis/msg/detail/dds_fastrtps/driving_monitor_stamped__type_support.cpp.o
[ 41%] Building CXX object CMakeFiles/control_performance_analysis__rosidl_typesupport_fastrtps_cpp.dir/rosidl_typesupport_fastrtps_cpp/control_performance_analysis/msg/detail/dds_fastrtps/float_stamped__type_support.cpp.o
[ 43%] Building CXX object CMakeFiles/control_performance_analysis__rosidl_typesupport_fastrtps_c.dir/rosidl_typesupport_fastrtps_c/control_performance_analysis/msg/detail/error__type_support_c.cpp.o
[ 45%] Building C object CMakeFiles/control_performance_analysis__rosidl_typesupport_introspection_c.dir/rosidl_typesupport_introspection_c/control_performance_analysis/msg/detail/error_stamped__type_support.c.o
[ 46%] Building CXX object CMakeFiles/control_performance_analysis__rosidl_typesupport_fastrtps_c.dir/rosidl_typesupport_fastrtps_c/control_performance_analysis/msg/detail/error_stamped__type_support_c.cpp.o
[ 48%] Building C object CMakeFiles/control_performance_analysis__rosidl_typesupport_introspection_c.dir/rosidl_typesupport_introspection_c/control_performance_analysis/msg/detail/error__type_support.c.o
[ 50%] Building CXX object CMakeFiles/control_performance_analysis__rosidl_typesupport_c.dir/rosidl_typesupport_c/control_performance_analysis/msg/error__type_support.cpp.o
[ 51%] Building CXX object CMakeFiles/control_performance_analysis__rosidl_typesupport_c.dir/rosidl_typesupport_c/control_performance_analysis/msg/driving_monitor_stamped__type_support.cpp.o
[ 53%] Building CXX object CMakeFiles/control_performance_analysis__rosidl_typesupport_c.dir/rosidl_typesupport_c/control_performance_analysis/msg/error_stamped__type_support.cpp.o
[ 54%] Building CXX object CMakeFiles/control_performance_analysis__rosidl_typesupport_fastrtps_c.dir/rosidl_typesupport_fastrtps_c/control_performance_analysis/msg/detail/driving_monitor_stamped__type_support_c.cpp.o
[ 56%] Building CXX object CMakeFiles/control_performance_analysis__rosidl_typesupport_fastrtps_c.dir/rosidl_typesupport_fastrtps_c/control_performance_analysis/msg/detail/float_stamped__type_support_c.cpp.o
[ 58%] Building CXX object CMakeFiles/control_performance_analysis__rosidl_typesupport_c.dir/rosidl_typesupport_c/control_performance_analysis/msg/float_stamped__type_support.cpp.o
[ 59%] Building C object CMakeFiles/control_performance_analysis__rosidl_typesupport_introspection_c.dir/rosidl_typesupport_introspection_c/control_performance_analysis/msg/detail/driving_monitor_stamped__type_support.c.o
[ 61%] Building C object CMakeFiles/control_performance_analysis__rosidl_typesupport_introspection_c.dir/rosidl_typesupport_introspection_c/control_performance_analysis/msg/detail/float_stamped__type_support.c.o
[ 62%] Linking CXX shared library libcontrol_performance_analysis__rosidl_typesupport_cpp.so
[ 64%] Linking CXX shared library libcontrol_performance_analysis__rosidl_typesupport_c.so
[ 66%] Linking C shared library libcontrol_performance_analysis__rosidl_typesupport_introspection_c.so
[ 66%] Built target control_performance_analysis__rosidl_typesupport_cpp
[ 66%] Built target control_performance_analysis__rosidl_typesupport_introspection_c
[ 66%] Built target control_performance_analysis__rosidl_typesupport_c
[ 67%] Building CXX object CMakeFiles/control_performance_analysis_core.dir/src/control_performance_analysis_core.cpp.o
[ 69%] Building CXX object CMakeFiles/control_performance_analysis_core.dir/src/control_performance_analysis_utils.cpp.o
[ 70%] Linking CXX shared library libcontrol_performance_analysis__rosidl_typesupport_introspection_cpp.so
[ 70%] Built target control_performance_analysis__rosidl_typesupport_introspection_cpp
[ 72%] Linking CXX shared library libcontrol_performance_analysis__rosidl_typesupport_fastrtps_cpp.so
[ 74%] Linking CXX shared library libcontrol_performance_analysis__rosidl_typesupport_fastrtps_c.so
[ 74%] Built target control_performance_analysis__rosidl_typesupport_fastrtps_cpp
[ 74%] Built target control_performance_analysis__rosidl_typesupport_fastrtps_c
[ 74%] Built target control_performance_analysis
[ 75%] Generating Python code for ROS interfaces
[ 75%] Built target control_performance_analysis__py
[ 77%] Building C object CMakeFiles/control_performance_analysis__rosidl_generator_py.dir/rosidl_generator_py/control_performance_analysis/msg/_error_s.c.o
[ 79%] Building C object CMakeFiles/control_performance_analysis__rosidl_generator_py.dir/rosidl_generator_py/control_performance_analysis/msg/_float_stamped_s.c.o
[ 80%] Building C object CMakeFiles/control_performance_analysis__rosidl_generator_py.dir/rosidl_generator_py/control_performance_analysis/msg/_error_stamped_s.c.o
[ 82%] Building C object CMakeFiles/control_performance_analysis__rosidl_generator_py.dir/rosidl_generator_py/control_performance_analysis/msg/_driving_monitor_stamped_s.c.o
[ 83%] Linking C shared library rosidl_generator_py/control_performance_analysis/libcontrol_performance_analysis__rosidl_generator_py.so
[ 83%] Built target control_performance_analysis__rosidl_generator_py
[ 85%] Building C object CMakeFiles/control_performance_analysis__rosidl_typesupport_introspection_c__pyext.dir/rosidl_generator_py/control_performance_analysis/_control_performance_analysis_s.ep.rosidl_typesupport_introspection_c.c.o
[ 88%] Building C object CMakeFiles/control_performance_analysis__rosidl_typesupport_fastrtps_c__pyext.dir/rosidl_generator_py/control_performance_analysis/_control_performance_analysis_s.ep.rosidl_typesupport_fastrtps_c.c.o
[ 88%] Building C object CMakeFiles/control_performance_analysis__rosidl_typesupport_c__pyext.dir/rosidl_generator_py/control_performance_analysis/_control_performance_analysis_s.ep.rosidl_typesupport_c.c.o
[ 90%] Linking C shared library rosidl_generator_py/control_performance_analysis/control_performance_analysis_s__rosidl_typesupport_fastrtps_c.cpython-310-x86_64-linux-gnu.so
[ 91%] Linking C shared library rosidl_generator_py/control_performance_analysis/control_performance_analysis_s__rosidl_typesupport_c.cpython-310-x86_64-linux-gnu.so
[ 93%] Linking C shared library rosidl_generator_py/control_performance_analysis/control_performance_analysis_s__rosidl_typesupport_introspection_c.cpython-310-x86_64-linux-gnu.so
[ 93%] Built target control_performance_analysis__rosidl_typesupport_fastrtps_c__pyext
[ 93%] Built target control_performance_analysis__rosidl_typesupport_c__pyext
[ 93%] Built target control_performance_analysis__rosidl_typesupport_introspection_c__pyext
[ 95%] Linking CXX executable control_performance_analysis_exe
[ 95%] Built target control_performance_analysis_exe
[ 96%] Linking CXX shared library libcontrol_performance_analysis_core.so
[ 96%] Built target control_performance_analysis_core
[ 98%] Building CXX object CMakeFiles/control_performance_analysis_node.dir/src/control_performance_analysis_node.cpp.o
[100%] Linking CXX shared library libcontrol_performance_analysis_node.so
[100%] Built target control_performance_analysis_node
-- Install configuration: "Release"
-- Execute custom install script
-- Symlinking: /autoware/install/control_performance_analysis/share/ament_index/resource_index/rosidl_interfaces/control_performance_analysis
-- Symlinking: /autoware/install/control_performance_analysis/include/control_performance_analysis/control_performance_analysis/msg/detail/driving_monitor_stamped__functions.h
-- Symlinking: /autoware/install/control_performance_analysis/include/control_performance_analysis/control_performance_analysis/msg/detail/driving_monitor_stamped__struct.h
-- Symlinking: /autoware/install/control_performance_analysis/include/control_performance_analysis/control_performance_analysis/msg/detail/driving_monitor_stamped__type_support.h
-- Symlinking: /autoware/install/control_performance_analysis/include/control_performance_analysis/control_performance_analysis/msg/detail/error__functions.h
-- Symlinking: /autoware/install/control_performance_analysis/include/control_performance_analysis/control_performance_analysis/msg/detail/error__struct.h
-- Symlinking: /autoware/install/control_performance_analysis/include/control_performance_analysis/control_performance_analysis/msg/detail/error__type_support.h
-- Symlinking: /autoware/install/control_performance_analysis/include/control_performance_analysis/control_performance_analysis/msg/detail/error_stamped__functions.h
-- Symlinking: /autoware/install/control_performance_analysis/include/control_performance_analysis/control_performance_analysis/msg/detail/error_stamped__struct.h
-- Symlinking: /autoware/install/control_performance_analysis/include/control_performance_analysis/control_performance_analysis/msg/detail/error_stamped__type_support.h
-- Symlinking: /autoware/install/control_performance_analysis/include/control_performance_analysis/control_performance_analysis/msg/detail/float_stamped__functions.h
-- Symlinking: /autoware/install/control_performance_analysis/include/control_performance_analysis/control_performance_analysis/msg/detail/float_stamped__struct.h
-- Symlinking: /autoware/install/control_performance_analysis/include/control_performance_analysis/control_performance_analysis/msg/detail/float_stamped__type_support.h
-- Symlinking: /autoware/install/control_performance_analysis/include/control_performance_analysis/control_performance_analysis/msg/driving_monitor_stamped.h
-- Symlinking: /autoware/install/control_performance_analysis/include/control_performance_analysis/control_performance_analysis/msg/error.h
-- Symlinking: /autoware/install/control_performance_analysis/include/control_performance_analysis/control_performance_analysis/msg/error_stamped.h
-- Symlinking: /autoware/install/control_performance_analysis/include/control_performance_analysis/control_performance_analysis/msg/float_stamped.h
-- Symlinking: /autoware/install/control_performance_analysis/include/control_performance_analysis/control_performance_analysis/msg/rosidl_generator_c__visibility_control.h
-- Symlinking: /autoware/install/control_performance_analysis/share/control_performance_analysis/environment/library_path.sh
-- Symlinking: /autoware/install/control_performance_analysis/share/control_performance_analysis/environment/library_path.dsv
-- Symlinking: /autoware/install/control_performance_analysis/include/control_performance_analysis/control_performance_analysis/msg/detail/driving_monitor_stamped__rosidl_typesupport_fastrtps_c.h
-- Symlinking: /autoware/install/control_performance_analysis/include/control_performance_analysis/control_performance_analysis/msg/detail/error__rosidl_typesupport_fastrtps_c.h
-- Symlinking: /autoware/install/control_performance_analysis/include/control_performance_analysis/control_performance_analysis/msg/detail/error_stamped__rosidl_typesupport_fastrtps_c.h
-- Symlinking: /autoware/install/control_performance_analysis/include/control_performance_analysis/control_performance_analysis/msg/detail/float_stamped__rosidl_typesupport_fastrtps_c.h
-- Symlinking: /autoware/install/control_performance_analysis/include/control_performance_analysis/control_performance_analysis/msg/rosidl_typesupport_fastrtps_c__visibility_control.h
-- Symlinking: /autoware/install/control_performance_analysis/include/control_performance_analysis/control_performance_analysis/msg/detail/driving_monitor_stamped__builder.hpp
-- Symlinking: /autoware/install/control_performance_analysis/include/control_performance_analysis/control_performance_analysis/msg/detail/driving_monitor_stamped__struct.hpp
-- Symlinking: /autoware/install/control_performance_analysis/include/control_performance_analysis/control_performance_analysis/msg/detail/driving_monitor_stamped__traits.hpp
-- Symlinking: /autoware/install/control_performance_analysis/include/control_performance_analysis/control_performance_analysis/msg/detail/error__builder.hpp
-- Symlinking: /autoware/install/control_performance_analysis/include/control_performance_analysis/control_performance_analysis/msg/detail/error__struct.hpp
-- Symlinking: /autoware/install/control_performance_analysis/include/control_performance_analysis/control_performance_analysis/msg/detail/error__traits.hpp
-- Symlinking: /autoware/install/control_performance_analysis/include/control_performance_analysis/control_performance_analysis/msg/detail/error_stamped__builder.hpp
-- Symlinking: /autoware/install/control_performance_analysis/include/control_performance_analysis/control_performance_analysis/msg/detail/error_stamped__struct.hpp
-- Symlinking: /autoware/install/control_performance_analysis/include/control_performance_analysis/control_performance_analysis/msg/detail/error_stamped__traits.hpp
-- Symlinking: /autoware/install/control_performance_analysis/include/control_performance_analysis/control_performance_analysis/msg/detail/float_stamped__builder.hpp
-- Symlinking: /autoware/install/control_performance_analysis/include/control_performance_analysis/control_performance_analysis/msg/detail/float_stamped__struct.hpp
-- Symlinking: /autoware/install/control_performance_analysis/include/control_performance_analysis/control_performance_analysis/msg/detail/float_stamped__traits.hpp
-- Symlinking: /autoware/install/control_performance_analysis/include/control_performance_analysis/control_performance_analysis/msg/driving_monitor_stamped.hpp
-- Symlinking: /autoware/install/control_performance_analysis/include/control_performance_analysis/control_performance_analysis/msg/error.hpp
-- Symlinking: /autoware/install/control_performance_analysis/include/control_performance_analysis/control_performance_analysis/msg/error_stamped.hpp
-- Symlinking: /autoware/install/control_performance_analysis/include/control_performance_analysis/control_performance_analysis/msg/float_stamped.hpp
-- Symlinking: /autoware/install/control_performance_analysis/include/control_performance_analysis/control_performance_analysis/msg/detail/driving_monitor_stamped__rosidl_typesupport_fastrtps_cpp.hpp
-- Symlinking: /autoware/install/control_performance_analysis/include/control_performance_analysis/control_performance_analysis/msg/detail/error__rosidl_typesupport_fastrtps_cpp.hpp
-- Symlinking: /autoware/install/control_performance_analysis/include/control_performance_analysis/control_performance_analysis/msg/detail/error_stamped__rosidl_typesupport_fastrtps_cpp.hpp
-- Symlinking: /autoware/install/control_performance_analysis/include/control_performance_analysis/control_performance_analysis/msg/detail/float_stamped__rosidl_typesupport_fastrtps_cpp.hpp
-- Symlinking: /autoware/install/control_performance_analysis/include/control_performance_analysis/control_performance_analysis/msg/rosidl_typesupport_fastrtps_cpp__visibility_control.h
-- Symlinking: /autoware/install/control_performance_analysis/include/control_performance_analysis/control_performance_analysis/msg/detail/driving_monitor_stamped__rosidl_typesupport_introspection_c.h
-- Symlinking: /autoware/install/control_performance_analysis/include/control_performance_analysis/control_performance_analysis/msg/detail/error__rosidl_typesupport_introspection_c.h
-- Symlinking: /autoware/install/control_performance_analysis/include/control_performance_analysis/control_performance_analysis/msg/detail/error_stamped__rosidl_typesupport_introspection_c.h
-- Symlinking: /autoware/install/control_performance_analysis/include/control_performance_analysis/control_performance_analysis/msg/detail/float_stamped__rosidl_typesupport_introspection_c.h
-- Symlinking: /autoware/install/control_performance_analysis/include/control_performance_analysis/control_performance_analysis/msg/rosidl_typesupport_introspection_c__visibility_control.h
-- Symlinking: /autoware/install/control_performance_analysis/include/control_performance_analysis/control_performance_analysis/msg/detail/driving_monitor_stamped__rosidl_typesupport_introspection_cpp.hpp
-- Symlinking: /autoware/install/control_performance_analysis/include/control_performance_analysis/control_performance_analysis/msg/detail/error__rosidl_typesupport_introspection_cpp.hpp
-- Symlinking: /autoware/install/control_performance_analysis/include/control_performance_analysis/control_performance_analysis/msg/detail/error_stamped__rosidl_typesupport_introspection_cpp.hpp
-- Symlinking: /autoware/install/control_performance_analysis/include/control_performance_analysis/control_performance_analysis/msg/detail/float_stamped__rosidl_typesupport_introspection_cpp.hpp
-- Symlinking: /autoware/install/control_performance_analysis/share/control_performance_analysis/environment/pythonpath.sh
-- Symlinking: /autoware/install/control_performance_analysis/share/control_performance_analysis/environment/pythonpath.dsv
-- Symlinking: /autoware/install/control_performance_analysis/local/lib/python3.10/dist-packages/control_performance_analysis-0.1.0-py3.10.egg-info/PKG-INFO
-- Symlinking: /autoware/install/control_performance_analysis/local/lib/python3.10/dist-packages/control_performance_analysis-0.1.0-py3.10.egg-info/SOURCES.txt
-- Symlinking: /autoware/install/control_performance_analysis/local/lib/python3.10/dist-packages/control_performance_analysis-0.1.0-py3.10.egg-info/dependency_links.txt
-- Symlinking: /autoware/install/control_performance_analysis/local/lib/python3.10/dist-packages/control_performance_analysis-0.1.0-py3.10.egg-info/top_level.txt
-- Symlinking: /autoware/install/control_performance_analysis/local/lib/python3.10/dist-packages/control_performance_analysis/__init__.py
-- Symlinking: /autoware/install/control_performance_analysis/local/lib/python3.10/dist-packages/control_performance_analysis/_control_performance_analysis_s.ep.rosidl_typesupport_c.c
-- Symlinking: /autoware/install/control_performance_analysis/local/lib/python3.10/dist-packages/control_performance_analysis/_control_performance_analysis_s.ep.rosidl_typesupport_fastrtps_c.c
-- Symlinking: /autoware/install/control_performance_analysis/local/lib/python3.10/dist-packages/control_performance_analysis/_control_performance_analysis_s.ep.rosidl_typesupport_introspection_c.c
-- Symlinking: /autoware/install/control_performance_analysis/local/lib/python3.10/dist-packages/control_performance_analysis/control_performance_analysis_s__rosidl_typesupport_c.cpython-310-x86_64-linux-gnu.so
-- Symlinking: /autoware/install/control_performance_analysis/local/lib/python3.10/dist-packages/control_performance_analysis/control_performance_analysis_s__rosidl_typesupport_fastrtps_c.cpython-310-x86_64-linux-gnu.so
-- Symlinking: /autoware/install/control_performance_analysis/local/lib/python3.10/dist-packages/control_performance_analysis/control_performance_analysis_s__rosidl_typesupport_introspection_c.cpython-310-x86_64-linux-gnu.so
-- Symlinking: /autoware/install/control_performance_analysis/local/lib/python3.10/dist-packages/control_performance_analysis/libcontrol_performance_analysis__rosidl_generator_py.so
-- Symlinking: /autoware/install/control_performance_analysis/local/lib/python3.10/dist-packages/control_performance_analysis/msg/__init__.py
-- Symlinking: /autoware/install/control_performance_analysis/local/lib/python3.10/dist-packages/control_performance_analysis/msg/_driving_monitor_stamped.py
-- Symlinking: /autoware/install/control_performance_analysis/local/lib/python3.10/dist-packages/control_performance_analysis/msg/_driving_monitor_stamped_s.c
-- Symlinking: /autoware/install/control_performance_analysis/local/lib/python3.10/dist-packages/control_performance_analysis/msg/_error.py
-- Symlinking: /autoware/install/control_performance_analysis/local/lib/python3.10/dist-packages/control_performance_analysis/msg/_error_s.c
-- Symlinking: /autoware/install/control_performance_analysis/local/lib/python3.10/dist-packages/control_performance_analysis/msg/_error_stamped.py
-- Symlinking: /autoware/install/control_performance_analysis/local/lib/python3.10/dist-packages/control_performance_analysis/msg/_error_stamped_s.c
-- Symlinking: /autoware/install/control_performance_analysis/local/lib/python3.10/dist-packages/control_performance_analysis/msg/_float_stamped.py
-- Symlinking: /autoware/install/control_performance_analysis/local/lib/python3.10/dist-packages/control_performance_analysis/msg/_float_stamped_s.c
-- Up-to-date symlink: /autoware/install/control_performance_analysis/local/lib/python3.10/dist-packages/control_performance_analysis/control_performance_analysis_s__rosidl_typesupport_fastrtps_c.cpython-310-x86_64-linux-gnu.so
-- Up-to-date symlink: /autoware/install/control_performance_analysis/local/lib/python3.10/dist-packages/control_performance_analysis/control_performance_analysis_s__rosidl_typesupport_introspection_c.cpython-310-x86_64-linux-gnu.so
-- Up-to-date symlink: /autoware/install/control_performance_analysis/local/lib/python3.10/dist-packages/control_performance_analysis/control_performance_analysis_s__rosidl_typesupport_c.cpython-310-x86_64-linux-gnu.so
-- Symlinking: /autoware/install/control_performance_analysis/share/control_performance_analysis/msg/Error.idl
-- Symlinking: /autoware/install/control_performance_analysis/share/control_performance_analysis/msg/ErrorStamped.idl
-- Symlinking: /autoware/install/control_performance_analysis/share/control_performance_analysis/msg/DrivingMonitorStamped.idl
-- Symlinking: /autoware/install/control_performance_analysis/share/control_performance_analysis/msg/FloatStamped.idl
-- Symlinking: /autoware/install/control_performance_analysis/share/control_performance_analysis/msg/Error.msg
-- Symlinking: /autoware/install/control_performance_analysis/share/control_performance_analysis/msg/ErrorStamped.msg
-- Symlinking: /autoware/install/control_performance_analysis/share/control_performance_analysis/msg/DrivingMonitorStamped.msg
-- Symlinking: /autoware/install/control_performance_analysis/share/control_performance_analysis/msg/FloatStamped.msg
-- Symlinking: /autoware/install/control_performance_analysis/lib/control_performance_analysis/control_performance_analysis_exe
-- Symlinking: /autoware/install/control_performance_analysis/include/control_performance_analysis/control_performance_analysis_core.hpp
-- Symlinking: /autoware/install/control_performance_analysis/include/control_performance_analysis/control_performance_analysis_node.hpp
-- Symlinking: /autoware/install/control_performance_analysis/include/control_performance_analysis/control_performance_analysis_utils.hpp
-- Symlinking: /autoware/install/control_performance_analysis/lib/libcontrol_performance_analysis_core.so
-- Symlinking: /autoware/install/control_performance_analysis/lib/libcontrol_performance_analysis_node.so
-- Symlinking: /autoware/install/control_performance_analysis/share/control_performance_analysis/launch/controller_performance_analysis.launch.xml
-- Symlinking: /autoware/install/control_performance_analysis/share/control_performance_analysis/config/control_performance_analysis.param.yaml
-- Symlinking: /autoware/install/control_performance_analysis/share/control_performance_analysis/config/controller_monitor.xml
-- Symlinking: /autoware/install/control_performance_analysis/share/control_performance_analysis/config/error_rqt_multiplot.xml
-- Symlinking: /autoware/install/control_performance_analysis/share/ament_index/resource_index/package_run_dependencies/control_performance_analysis
-- Symlinking: /autoware/install/control_performance_analysis/share/ament_index/resource_index/parent_prefix_path/control_performance_analysis
-- Symlinking: /autoware/install/control_performance_analysis/share/control_performance_analysis/environment/ament_prefix_path.sh
-- Symlinking: /autoware/install/control_performance_analysis/share/control_performance_analysis/environment/ament_prefix_path.dsv
-- Symlinking: /autoware/install/control_performance_analysis/share/control_performance_analysis/environment/path.sh
-- Symlinking: /autoware/install/control_performance_analysis/share/control_performance_analysis/environment/path.dsv
-- Symlinking: /autoware/install/control_performance_analysis/share/control_performance_analysis/local_setup.bash
-- Symlinking: /autoware/install/control_performance_analysis/share/control_performance_analysis/local_setup.sh
-- Symlinking: /autoware/install/control_performance_analysis/share/control_performance_analysis/local_setup.zsh
-- Symlinking: /autoware/install/control_performance_analysis/share/control_performance_analysis/local_setup.dsv
-- Symlinking: /autoware/install/control_performance_analysis/share/control_performance_analysis/package.dsv
-- Symlinking: /autoware/install/control_performance_analysis/share/ament_index/resource_index/packages/control_performance_analysis
-- Symlinking: /autoware/install/control_performance_analysis/share/ament_index/resource_index/rclcpp_components/control_performance_analysis
-- Symlinking: /autoware/install/control_performance_analysis/share/control_performance_analysis/cmake/rosidl_cmake-extras.cmake
-- Symlinking: /autoware/install/control_performance_analysis/share/control_performance_analysis/cmake/ament_cmake_export_dependencies-extras.cmake
-- Symlinking: /autoware/install/control_performance_analysis/share/control_performance_analysis/cmake/ament_cmake_export_include_directories-extras.cmake
-- Symlinking: /autoware/install/control_performance_analysis/share/control_performance_analysis/cmake/ament_cmake_export_libraries-extras.cmake
-- Symlinking: /autoware/install/control_performance_analysis/share/control_performance_analysis/cmake/ament_cmake_export_targets-extras.cmake
-- Symlinking: /autoware/install/control_performance_analysis/share/control_performance_analysis/cmake/rosidl_cmake_export_typesupport_targets-extras.cmake
-- Symlinking: /autoware/install/control_performance_analysis/share/control_performance_analysis/cmake/rosidl_cmake_export_typesupport_libraries-extras.cmake
-- Symlinking: /autoware/install/control_performance_analysis/share/control_performance_analysis/cmake/control_performance_analysisConfig.cmake
-- Symlinking: /autoware/install/control_performance_analysis/share/control_performance_analysis/cmake/control_performance_analysisConfig-version.cmake
-- Symlinking: /autoware/install/control_performance_analysis/share/control_performance_analysis/package.xml
-- Installing: /autoware/install/control_performance_analysis/lib/libcontrol_performance_analysis__rosidl_generator_c.so
-- Set runtime path of "/autoware/install/control_performance_analysis/lib/libcontrol_performance_analysis__rosidl_generator_c.so" to ""
-- Installing: /autoware/install/control_performance_analysis/lib/libcontrol_performance_analysis__rosidl_typesupport_fastrtps_c.so
-- Set runtime path of "/autoware/install/control_performance_analysis/lib/libcontrol_performance_analysis__rosidl_typesupport_fastrtps_c.so" to ""
-- Installing: /autoware/install/control_performance_analysis/lib/libcontrol_performance_analysis__rosidl_typesupport_fastrtps_cpp.so
-- Set runtime path of "/autoware/install/control_performance_analysis/lib/libcontrol_performance_analysis__rosidl_typesupport_fastrtps_cpp.so" to ""
-- Installing: /autoware/install/control_performance_analysis/lib/libcontrol_performance_analysis__rosidl_typesupport_introspection_c.so
-- Set runtime path of "/autoware/install/control_performance_analysis/lib/libcontrol_performance_analysis__rosidl_typesupport_introspection_c.so" to ""
-- Installing: /autoware/install/control_performance_analysis/lib/libcontrol_performance_analysis__rosidl_typesupport_c.so
-- Set runtime path of "/autoware/install/control_performance_analysis/lib/libcontrol_performance_analysis__rosidl_typesupport_c.so" to ""
-- Installing: /autoware/install/control_performance_analysis/lib/libcontrol_performance_analysis__rosidl_typesupport_introspection_cpp.so
-- Set runtime path of "/autoware/install/control_performance_analysis/lib/libcontrol_performance_analysis__rosidl_typesupport_introspection_cpp.so" to ""
-- Installing: /autoware/install/control_performance_analysis/lib/libcontrol_performance_analysis__rosidl_typesupport_cpp.so
-- Set runtime path of "/autoware/install/control_performance_analysis/lib/libcontrol_performance_analysis__rosidl_typesupport_cpp.so" to ""
Listing '/autoware/install/control_performance_analysis/local/lib/python3.10/dist-packages/control_performance_analysis'...
Compiling '/autoware/install/control_performance_analysis/local/lib/python3.10/dist-packages/control_performance_analysis/__init__.py'...
Listing '/autoware/install/control_performance_analysis/local/lib/python3.10/dist-packages/control_performance_analysis/msg'...
Compiling '/autoware/install/control_performance_analysis/local/lib/python3.10/dist-packages/control_performance_analysis/msg/__init__.py'...
Compiling '/autoware/install/control_performance_analysis/local/lib/python3.10/dist-packages/control_performance_analysis/msg/_driving_monitor_stamped.py'...
Compiling '/autoware/install/control_performance_analysis/local/lib/python3.10/dist-packages/control_performance_analysis/msg/_error.py'...
Compiling '/autoware/install/control_performance_analysis/local/lib/python3.10/dist-packages/control_performance_analysis/msg/_error_stamped.py'...
Compiling '/autoware/install/control_performance_analysis/local/lib/python3.10/dist-packages/control_performance_analysis/msg/_float_stamped.py'...
-- Installing: /autoware/install/control_performance_analysis/lib/libcontrol_performance_analysis__rosidl_generator_py.so
-- Set runtime path of "/autoware/install/control_performance_analysis/lib/libcontrol_performance_analysis__rosidl_generator_py.so" to ""
-- Installing: /autoware/install/control_performance_analysis/share/control_performance_analysis/cmake/export_control_performance_analysis__rosidl_generator_cExport.cmake
-- Installing: /autoware/install/control_performance_analysis/share/control_performance_analysis/cmake/export_control_performance_analysis__rosidl_generator_cExport-release.cmake
-- Installing: /autoware/install/control_performance_analysis/share/control_performance_analysis/cmake/export_control_performance_analysis__rosidl_typesupport_fastrtps_cExport.cmake
-- Installing: /autoware/install/control_performance_analysis/share/control_performance_analysis/cmake/export_control_performance_analysis__rosidl_typesupport_fastrtps_cExport-release.cmake
-- Installing: /autoware/install/control_performance_analysis/share/control_performance_analysis/cmake/export_control_performance_analysis__rosidl_generator_cppExport.cmake
-- Installing: /autoware/install/control_performance_analysis/share/control_performance_analysis/cmake/export_control_performance_analysis__rosidl_typesupport_fastrtps_cppExport.cmake
-- Installing: /autoware/install/control_performance_analysis/share/control_performance_analysis/cmake/export_control_performance_analysis__rosidl_typesupport_fastrtps_cppExport-release.cmake
-- Installing: /autoware/install/control_performance_analysis/share/control_performance_analysis/cmake/control_performance_analysis__rosidl_typesupport_introspection_cExport.cmake
-- Installing: /autoware/install/control_performance_analysis/share/control_performance_analysis/cmake/control_performance_analysis__rosidl_typesupport_introspection_cExport-release.cmake
-- Installing: /autoware/install/control_performance_analysis/share/control_performance_analysis/cmake/control_performance_analysis__rosidl_typesupport_cExport.cmake
-- Installing: /autoware/install/control_performance_analysis/share/control_performance_analysis/cmake/control_performance_analysis__rosidl_typesupport_cExport-release.cmake
-- Installing: /autoware/install/control_performance_analysis/share/control_performance_analysis/cmake/control_performance_analysis__rosidl_typesupport_introspection_cppExport.cmake
-- Installing: /autoware/install/control_performance_analysis/share/control_performance_analysis/cmake/control_performance_analysis__rosidl_typesupport_introspection_cppExport-release.cmake
-- Installing: /autoware/install/control_performance_analysis/share/control_performance_analysis/cmake/control_performance_analysis__rosidl_typesupport_cppExport.cmake
-- Installing: /autoware/install/control_performance_analysis/share/control_performance_analysis/cmake/control_performance_analysis__rosidl_typesupport_cppExport-release.cmake
-- Installing: /autoware/install/control_performance_analysis/share/control_performance_analysis/cmake/export_control_performance_analysis__rosidl_generator_pyExport.cmake
-- Installing: /autoware/install/control_performance_analysis/share/control_performance_analysis/cmake/export_control_performance_analysis__rosidl_generator_pyExport-release.cmake
