[0.034s] Invoking command in '/autoware/build/lidar_centerpoint_tvm': AMENT_PREFIX_PATH=/autoware/install/tier4_autoware_utils:/autoware/install/tvm_utility:/autoware/install/autoware_auto_vehicle_msgs:/autoware/install/autoware_cmake:/autoware/install/autoware_auto_planning_msgs:/autoware/install/autoware_auto_perception_msgs:/autoware/install/tier4_debug_msgs:/autoware/install/autoware_lint_common:/autoware/install/autoware_auto_mapping_msgs:/autoware/install/autoware_auto_geometry_msgs:${AMENT_PREFIX_PATH} CMAKE_PREFIX_PATH=/autoware/install/tier4_autoware_utils:/autoware/install/tvm_utility:/autoware/install/autoware_auto_vehicle_msgs:/autoware/install/autoware_cmake:/autoware/install/autoware_auto_planning_msgs:/autoware/install/autoware_auto_perception_msgs:/autoware/install/tier4_debug_msgs:/autoware/install/autoware_lint_common:/autoware/install/autoware_auto_mapping_msgs:/autoware/install/autoware_auto_geometry_msgs:/opt/ros/humble LD_LIBRARY_PATH=/autoware/install/tier4_autoware_utils/lib:/autoware/install/tvm_utility/lib:/autoware/install/autoware_auto_vehicle_msgs/lib:/autoware/install/autoware_auto_planning_msgs/lib:/autoware/install/autoware_auto_perception_msgs/lib:/autoware/install/tier4_debug_msgs/lib:/autoware/install/autoware_auto_mapping_msgs/lib:/autoware/install/autoware_auto_geometry_msgs/lib:${LD_LIBRARY_PATH} PYTHONPATH=/autoware/install/autoware_auto_vehicle_msgs/local/lib/python3.10/dist-packages:/autoware/install/autoware_auto_planning_msgs/local/lib/python3.10/dist-packages:/autoware/install/autoware_auto_perception_msgs/local/lib/python3.10/dist-packages:/autoware/install/tier4_debug_msgs/local/lib/python3.10/dist-packages:/autoware/install/autoware_auto_mapping_msgs/local/lib/python3.10/dist-packages:/autoware/install/autoware_auto_geometry_msgs/local/lib/python3.10/dist-packages:${PYTHONPATH} /usr/bin/cmake /autoware/src/universe/autoware.universe/perception/lidar_centerpoint_tvm -DCMAKE_BUILD_TYPE=Release -DAMENT_CMAKE_SYMLINK_INSTALL=1 -DCMAKE_INSTALL_PREFIX=/autoware/install/lidar_centerpoint_tvm
[0.105s] -- The C compiler identification is GNU 11.3.0
[0.176s] -- The CXX compiler identification is GNU 11.3.0
[0.187s] -- Detecting C compiler ABI info
[0.272s] -- Detecting C compiler ABI info - done
[0.283s] -- Check for working C compiler: /usr/bin/cc - skipped
[0.283s] -- Detecting C compile features
[0.284s] -- Detecting C compile features - done
[0.288s] -- Detecting CXX compiler ABI info
[0.394s] -- Detecting CXX compiler ABI info - done
[0.405s] -- Check for working CXX compiler: /usr/bin/c++ - skipped
[0.405s] -- Detecting CXX compile features
[0.406s] -- Detecting CXX compile features - done
[0.408s] -- Found autoware_cmake: 0.1.0 (/autoware/install/autoware_cmake/share/autoware_cmake/cmake)
[0.666s] -- Found Python3: /usr/bin/python3.10 (found version "3.10.6") found components: Interpreter 
[0.753s] -- Override CMake install command with custom implementation using symlinks instead of copying resources
[0.938s] -- Found rosidl_generator_c: 3.1.3 (/opt/ros/humble/share/rosidl_generator_c/cmake)
[0.945s] -- Found rosidl_adapter: 3.1.3 (/opt/ros/humble/share/rosidl_adapter/cmake)
[0.955s] -- Found rosidl_generator_cpp: 3.1.3 (/opt/ros/humble/share/rosidl_generator_cpp/cmake)
[0.971s] -- Using all available rosidl_typesupport_c: rosidl_typesupport_fastrtps_c;rosidl_typesupport_introspection_c
[0.992s] -- Using all available rosidl_typesupport_cpp: rosidl_typesupport_fastrtps_cpp;rosidl_typesupport_introspection_cpp
[1.497s] -- Found rmw_implementation_cmake: 6.1.0 (/opt/ros/humble/share/rmw_implementation_cmake/cmake)
[1.501s] -- Found rmw_fastrtps_cpp: 6.2.1 (/opt/ros/humble/share/rmw_fastrtps_cpp/cmake)
[1.596s] -- Found OpenSSL: /usr/lib/x86_64-linux-gnu/libcrypto.so (found version "3.0.2")  
[1.637s] -- Found FastRTPS: /opt/ros/humble/include  
[1.692s] -- Using RMW implementation 'rmw_fastrtps_cpp' as default
[2.247s] -- Found eigen3_cmake_module: 0.1.1 (/opt/ros/humble/share/eigen3_cmake_module/cmake)
[2.249s] -- Found Eigen3: TRUE (found version "3.4.0") 
[2.249s] -- Ensuring Eigen3 include directory is part of orocos-kdl CMake target
[2.643s] -- Checking for module 'eigen3'
[2.653s] --   Found eigen3, version 3.4.0
[2.677s] -- Found Eigen: /usr/include/eigen3 (Required is at least version "3.1") 
[2.677s] -- Eigen found (include: /usr/include/eigen3, version: 3.4.0)
[2.735s] -- Checking for module 'flann'
[2.754s] --   Found flann, version 1.9.1
[2.802s] -- Found FLANN: /usr/lib/x86_64-linux-gnu/libflann_cpp.so  
[2.802s] -- FLANN found (include: /usr/include, lib: /usr/lib/x86_64-linux-gnu/libflann_cpp.so)
[4.020s] -- Checking for module 'libusb-1.0'
[4.040s] --   Found libusb-1.0, version 1.0.25
[4.065s] -- Found libusb: /usr/lib/x86_64-linux-gnu/libusb-1.0.so  
[4.065s] -- OpenNI found (version: 1.5.4.0, include: /usr/include/ni, lib: /usr/lib/libOpenNI.so;libusb::libusb)
[4.117s] -- OpenNI2 found (version: 2.2.0.33, include: /usr/include/openni2, lib: /usr/lib/x86_64-linux-gnu/libOpenNI2.so;libusb::libusb)
[4.284s] -- Eigen found (include: /usr/include/eigen3, version: 3.4.0)
[4.289s] -- OpenNI found (version: 1.5.4.0, include: /usr/include/ni, lib: /usr/lib/libOpenNI.so;libusb::libusb)
[4.295s] -- OpenNI2 found (version: 2.2.0.33, include: /usr/include/openni2, lib: /usr/lib/x86_64-linux-gnu/libOpenNI2.so;libusb::libusb)
[4.442s] -- Found Qhull version 8.0.2
[4.589s] -- OpenNI found (version: 1.5.4.0, include: /usr/include/ni, lib: /usr/lib/libOpenNI.so;libusb::libusb)
[4.732s] -- Found PCL_COMMON: /usr/lib/x86_64-linux-gnu/libpcl_common.so  
[4.733s] -- Found PCL_KDTREE: /usr/lib/x86_64-linux-gnu/libpcl_kdtree.so  
[4.734s] -- Found PCL_OCTREE: /usr/lib/x86_64-linux-gnu/libpcl_octree.so  
[4.734s] -- Found PCL_SEARCH: /usr/lib/x86_64-linux-gnu/libpcl_search.so  
[4.735s] -- Found PCL_SAMPLE_CONSENSUS: /usr/lib/x86_64-linux-gnu/libpcl_sample_consensus.so  
[4.736s] -- Found PCL_FILTERS: /usr/lib/x86_64-linux-gnu/libpcl_filters.so  
[4.736s] -- Found PCL_2D: /usr/include/pcl-1.12  
[4.737s] -- Found PCL_GEOMETRY: /usr/include/pcl-1.12  
[4.737s] -- Found PCL_IO: /usr/lib/x86_64-linux-gnu/libpcl_io.so  
[4.738s] -- Found PCL_FEATURES: /usr/lib/x86_64-linux-gnu/libpcl_features.so  
[4.739s] -- Found PCL_ML: /usr/lib/x86_64-linux-gnu/libpcl_ml.so  
[4.739s] -- Found PCL_SEGMENTATION: /usr/lib/x86_64-linux-gnu/libpcl_segmentation.so  
[4.740s] -- Found PCL_VISUALIZATION: /usr/lib/x86_64-linux-gnu/libpcl_visualization.so  
[4.741s] -- Found PCL_SURFACE: /usr/lib/x86_64-linux-gnu/libpcl_surface.so  
[4.742s] -- Found PCL_REGISTRATION: /usr/lib/x86_64-linux-gnu/libpcl_registration.so  
[4.743s] -- Found PCL_KEYPOINTS: /usr/lib/x86_64-linux-gnu/libpcl_keypoints.so  
[4.743s] -- Found PCL_TRACKING: /usr/lib/x86_64-linux-gnu/libpcl_tracking.so  
[4.744s] -- Found PCL_RECOGNITION: /usr/lib/x86_64-linux-gnu/libpcl_recognition.so  
[4.745s] -- Found PCL_STEREO: /usr/lib/x86_64-linux-gnu/libpcl_stereo.so  
[4.746s] -- Found PCL_APPS: /usr/lib/x86_64-linux-gnu/libpcl_apps.so  
[4.746s] -- Found PCL_IN_HAND_SCANNER: /usr/include/pcl-1.12  
[4.747s] -- Found PCL_MODELER: /usr/include/pcl-1.12  
[4.747s] -- Found PCL_POINT_CLOUD_EDITOR: /usr/include/pcl-1.12  
[4.748s] -- Found PCL_OUTOFCORE: /usr/lib/x86_64-linux-gnu/libpcl_outofcore.so  
[4.749s] -- Found PCL_PEOPLE: /usr/lib/x86_64-linux-gnu/libpcl_people.so  
[5.710s] -- Found ament_lint_auto: 0.12.4 (/opt/ros/humble/share/ament_lint_auto/cmake)
[5.726s] CMake Warning at /autoware/install/tvm_utility/share/tvm_utility/cmake/tvm_utility-extras.cmake:58 (message):
[5.726s]   Skipped download for centerpoint_encoder (enable by setting
[5.726s]   DOWNLOAD_ARTIFACTS)
[5.727s] Call Stack (most recent call first):
[5.727s]   CMakeLists.txt:16 (get_neural_network)
[5.727s] 
[5.727s] 
[5.727s] CMake Warning at /autoware/install/tvm_utility/share/tvm_utility/cmake/tvm_utility-extras.cmake:58 (message):
[5.727s]   Skipped download for centerpoint_backbone (enable by setting
[5.727s]   DOWNLOAD_ARTIFACTS)
[5.727s] Call Stack (most recent call first):
[5.727s]   CMakeLists.txt:22 (get_neural_network)
[5.727s] 
[5.728s] 
[5.728s] CMake Warning at CMakeLists.txt:76 (message):
[5.728s]   Neural network not found, skipping package.
[5.728s] 
[5.728s] 
[5.731s] -- Added test 'copyright' to check source files copyright and LICENSE
[5.734s] -- Added test 'cppcheck' to perform static code analysis on C / C++ code
[5.734s] -- Configured cppcheck include dirs: 
[5.734s] -- Configured cppcheck exclude dirs and/or files: 
[5.735s] -- Added test 'lint_cmake' to check CMake code style
[5.736s] -- Added test 'xmllint' to check XML markup files
[5.739s] -- Configuring done
[5.749s] -- Generating done
[5.752s] -- Build files have been written to: /autoware/build/lidar_centerpoint_tvm
[5.769s] Invoked command in '/autoware/build/lidar_centerpoint_tvm' returned '0': AMENT_PREFIX_PATH=/autoware/install/tier4_autoware_utils:/autoware/install/tvm_utility:/autoware/install/autoware_auto_vehicle_msgs:/autoware/install/autoware_cmake:/autoware/install/autoware_auto_planning_msgs:/autoware/install/autoware_auto_perception_msgs:/autoware/install/tier4_debug_msgs:/autoware/install/autoware_lint_common:/autoware/install/autoware_auto_mapping_msgs:/autoware/install/autoware_auto_geometry_msgs:${AMENT_PREFIX_PATH} CMAKE_PREFIX_PATH=/autoware/install/tier4_autoware_utils:/autoware/install/tvm_utility:/autoware/install/autoware_auto_vehicle_msgs:/autoware/install/autoware_cmake:/autoware/install/autoware_auto_planning_msgs:/autoware/install/autoware_auto_perception_msgs:/autoware/install/tier4_debug_msgs:/autoware/install/autoware_lint_common:/autoware/install/autoware_auto_mapping_msgs:/autoware/install/autoware_auto_geometry_msgs:/opt/ros/humble LD_LIBRARY_PATH=/autoware/install/tier4_autoware_utils/lib:/autoware/install/tvm_utility/lib:/autoware/install/autoware_auto_vehicle_msgs/lib:/autoware/install/autoware_auto_planning_msgs/lib:/autoware/install/autoware_auto_perception_msgs/lib:/autoware/install/tier4_debug_msgs/lib:/autoware/install/autoware_auto_mapping_msgs/lib:/autoware/install/autoware_auto_geometry_msgs/lib:${LD_LIBRARY_PATH} PYTHONPATH=/autoware/install/autoware_auto_vehicle_msgs/local/lib/python3.10/dist-packages:/autoware/install/autoware_auto_planning_msgs/local/lib/python3.10/dist-packages:/autoware/install/autoware_auto_perception_msgs/local/lib/python3.10/dist-packages:/autoware/install/tier4_debug_msgs/local/lib/python3.10/dist-packages:/autoware/install/autoware_auto_mapping_msgs/local/lib/python3.10/dist-packages:/autoware/install/autoware_auto_geometry_msgs/local/lib/python3.10/dist-packages:${PYTHONPATH} /usr/bin/cmake /autoware/src/universe/autoware.universe/perception/lidar_centerpoint_tvm -DCMAKE_BUILD_TYPE=Release -DAMENT_CMAKE_SYMLINK_INSTALL=1 -DCMAKE_INSTALL_PREFIX=/autoware/install/lidar_centerpoint_tvm
[5.771s] Invoking command in '/autoware/build/lidar_centerpoint_tvm': AMENT_PREFIX_PATH=/autoware/install/tier4_autoware_utils:/autoware/install/tvm_utility:/autoware/install/autoware_auto_vehicle_msgs:/autoware/install/autoware_cmake:/autoware/install/autoware_auto_planning_msgs:/autoware/install/autoware_auto_perception_msgs:/autoware/install/tier4_debug_msgs:/autoware/install/autoware_lint_common:/autoware/install/autoware_auto_mapping_msgs:/autoware/install/autoware_auto_geometry_msgs:${AMENT_PREFIX_PATH} CMAKE_PREFIX_PATH=/autoware/install/tier4_autoware_utils:/autoware/install/tvm_utility:/autoware/install/autoware_auto_vehicle_msgs:/autoware/install/autoware_cmake:/autoware/install/autoware_auto_planning_msgs:/autoware/install/autoware_auto_perception_msgs:/autoware/install/tier4_debug_msgs:/autoware/install/autoware_lint_common:/autoware/install/autoware_auto_mapping_msgs:/autoware/install/autoware_auto_geometry_msgs:/opt/ros/humble LD_LIBRARY_PATH=/autoware/install/tier4_autoware_utils/lib:/autoware/install/tvm_utility/lib:/autoware/install/autoware_auto_vehicle_msgs/lib:/autoware/install/autoware_auto_planning_msgs/lib:/autoware/install/autoware_auto_perception_msgs/lib:/autoware/install/tier4_debug_msgs/lib:/autoware/install/autoware_auto_mapping_msgs/lib:/autoware/install/autoware_auto_geometry_msgs/lib:${LD_LIBRARY_PATH} PYTHONPATH=/autoware/install/autoware_auto_vehicle_msgs/local/lib/python3.10/dist-packages:/autoware/install/autoware_auto_planning_msgs/local/lib/python3.10/dist-packages:/autoware/install/autoware_auto_perception_msgs/local/lib/python3.10/dist-packages:/autoware/install/tier4_debug_msgs/local/lib/python3.10/dist-packages:/autoware/install/autoware_auto_mapping_msgs/local/lib/python3.10/dist-packages:/autoware/install/autoware_auto_geometry_msgs/local/lib/python3.10/dist-packages:${PYTHONPATH} /usr/bin/cmake --build /autoware/build/lidar_centerpoint_tvm -- -j64 -l64
[5.809s] Invoked command in '/autoware/build/lidar_centerpoint_tvm' returned '0': AMENT_PREFIX_PATH=/autoware/install/tier4_autoware_utils:/autoware/install/tvm_utility:/autoware/install/autoware_auto_vehicle_msgs:/autoware/install/autoware_cmake:/autoware/install/autoware_auto_planning_msgs:/autoware/install/autoware_auto_perception_msgs:/autoware/install/tier4_debug_msgs:/autoware/install/autoware_lint_common:/autoware/install/autoware_auto_mapping_msgs:/autoware/install/autoware_auto_geometry_msgs:${AMENT_PREFIX_PATH} CMAKE_PREFIX_PATH=/autoware/install/tier4_autoware_utils:/autoware/install/tvm_utility:/autoware/install/autoware_auto_vehicle_msgs:/autoware/install/autoware_cmake:/autoware/install/autoware_auto_planning_msgs:/autoware/install/autoware_auto_perception_msgs:/autoware/install/tier4_debug_msgs:/autoware/install/autoware_lint_common:/autoware/install/autoware_auto_mapping_msgs:/autoware/install/autoware_auto_geometry_msgs:/opt/ros/humble LD_LIBRARY_PATH=/autoware/install/tier4_autoware_utils/lib:/autoware/install/tvm_utility/lib:/autoware/install/autoware_auto_vehicle_msgs/lib:/autoware/install/autoware_auto_planning_msgs/lib:/autoware/install/autoware_auto_perception_msgs/lib:/autoware/install/tier4_debug_msgs/lib:/autoware/install/autoware_auto_mapping_msgs/lib:/autoware/install/autoware_auto_geometry_msgs/lib:${LD_LIBRARY_PATH} PYTHONPATH=/autoware/install/autoware_auto_vehicle_msgs/local/lib/python3.10/dist-packages:/autoware/install/autoware_auto_planning_msgs/local/lib/python3.10/dist-packages:/autoware/install/autoware_auto_perception_msgs/local/lib/python3.10/dist-packages:/autoware/install/tier4_debug_msgs/local/lib/python3.10/dist-packages:/autoware/install/autoware_auto_mapping_msgs/local/lib/python3.10/dist-packages:/autoware/install/autoware_auto_geometry_msgs/local/lib/python3.10/dist-packages:${PYTHONPATH} /usr/bin/cmake --build /autoware/build/lidar_centerpoint_tvm -- -j64 -l64
[5.825s] Invoking command in '/autoware/build/lidar_centerpoint_tvm': AMENT_PREFIX_PATH=/autoware/install/tier4_autoware_utils:/autoware/install/tvm_utility:/autoware/install/autoware_auto_vehicle_msgs:/autoware/install/autoware_cmake:/autoware/install/autoware_auto_planning_msgs:/autoware/install/autoware_auto_perception_msgs:/autoware/install/tier4_debug_msgs:/autoware/install/autoware_lint_common:/autoware/install/autoware_auto_mapping_msgs:/autoware/install/autoware_auto_geometry_msgs:${AMENT_PREFIX_PATH} CMAKE_PREFIX_PATH=/autoware/install/tier4_autoware_utils:/autoware/install/tvm_utility:/autoware/install/autoware_auto_vehicle_msgs:/autoware/install/autoware_cmake:/autoware/install/autoware_auto_planning_msgs:/autoware/install/autoware_auto_perception_msgs:/autoware/install/tier4_debug_msgs:/autoware/install/autoware_lint_common:/autoware/install/autoware_auto_mapping_msgs:/autoware/install/autoware_auto_geometry_msgs:/opt/ros/humble LD_LIBRARY_PATH=/autoware/install/tier4_autoware_utils/lib:/autoware/install/tvm_utility/lib:/autoware/install/autoware_auto_vehicle_msgs/lib:/autoware/install/autoware_auto_planning_msgs/lib:/autoware/install/autoware_auto_perception_msgs/lib:/autoware/install/tier4_debug_msgs/lib:/autoware/install/autoware_auto_mapping_msgs/lib:/autoware/install/autoware_auto_geometry_msgs/lib:${LD_LIBRARY_PATH} PYTHONPATH=/autoware/install/autoware_auto_vehicle_msgs/local/lib/python3.10/dist-packages:/autoware/install/autoware_auto_planning_msgs/local/lib/python3.10/dist-packages:/autoware/install/autoware_auto_perception_msgs/local/lib/python3.10/dist-packages:/autoware/install/tier4_debug_msgs/local/lib/python3.10/dist-packages:/autoware/install/autoware_auto_mapping_msgs/local/lib/python3.10/dist-packages:/autoware/install/autoware_auto_geometry_msgs/local/lib/python3.10/dist-packages:${PYTHONPATH} /usr/bin/cmake --install /autoware/build/lidar_centerpoint_tvm
[5.831s] -- Install configuration: "Release"
[5.831s] -- Execute custom install script
[5.832s] -- Symlinking: /autoware/install/lidar_centerpoint_tvm/include/lidar_centerpoint_tvm/centerpoint_config.hpp
[5.840s] -- Symlinking: /autoware/install/lidar_centerpoint_tvm/include/lidar_centerpoint_tvm/centerpoint_tvm.hpp
[5.847s] -- Symlinking: /autoware/install/lidar_centerpoint_tvm/include/lidar_centerpoint_tvm/network/scatter.hpp
[5.853s] -- Symlinking: /autoware/install/lidar_centerpoint_tvm/include/lidar_centerpoint_tvm/node.hpp
[5.860s] -- Symlinking: /autoware/install/lidar_centerpoint_tvm/include/lidar_centerpoint_tvm/postprocess/circle_nms.hpp
[5.867s] -- Symlinking: /autoware/install/lidar_centerpoint_tvm/include/lidar_centerpoint_tvm/postprocess/generate_detected_boxes.hpp
[5.873s] -- Symlinking: /autoware/install/lidar_centerpoint_tvm/include/lidar_centerpoint_tvm/preprocess/generate_features.hpp
[5.880s] -- Symlinking: /autoware/install/lidar_centerpoint_tvm/include/lidar_centerpoint_tvm/preprocess/pointcloud_densification.hpp
[5.886s] -- Symlinking: /autoware/install/lidar_centerpoint_tvm/include/lidar_centerpoint_tvm/preprocess/voxel_generator.hpp
[5.892s] -- Symlinking: /autoware/install/lidar_centerpoint_tvm/include/lidar_centerpoint_tvm/ros_utils.hpp
[5.899s] -- Symlinking: /autoware/install/lidar_centerpoint_tvm/include/lidar_centerpoint_tvm/utils.hpp
[5.905s] -- Symlinking: /autoware/install/lidar_centerpoint_tvm/include/lidar_centerpoint_tvm/visibility_control.hpp
[5.912s] -- Symlinking: /autoware/install/lidar_centerpoint_tvm/share/ament_index/resource_index/package_run_dependencies/lidar_centerpoint_tvm
[5.919s] -- Symlinking: /autoware/install/lidar_centerpoint_tvm/share/ament_index/resource_index/parent_prefix_path/lidar_centerpoint_tvm
[5.926s] -- Symlinking: /autoware/install/lidar_centerpoint_tvm/share/lidar_centerpoint_tvm/environment/ament_prefix_path.sh
[5.932s] -- Symlinking: /autoware/install/lidar_centerpoint_tvm/share/lidar_centerpoint_tvm/environment/ament_prefix_path.dsv
[5.938s] -- Symlinking: /autoware/install/lidar_centerpoint_tvm/share/lidar_centerpoint_tvm/environment/path.sh
[5.944s] -- Symlinking: /autoware/install/lidar_centerpoint_tvm/share/lidar_centerpoint_tvm/environment/path.dsv
[5.950s] -- Symlinking: /autoware/install/lidar_centerpoint_tvm/share/lidar_centerpoint_tvm/local_setup.bash
[5.955s] -- Symlinking: /autoware/install/lidar_centerpoint_tvm/share/lidar_centerpoint_tvm/local_setup.sh
[5.961s] -- Symlinking: /autoware/install/lidar_centerpoint_tvm/share/lidar_centerpoint_tvm/local_setup.zsh
[5.967s] -- Symlinking: /autoware/install/lidar_centerpoint_tvm/share/lidar_centerpoint_tvm/local_setup.dsv
[5.973s] -- Symlinking: /autoware/install/lidar_centerpoint_tvm/share/lidar_centerpoint_tvm/package.dsv
[5.978s] -- Symlinking: /autoware/install/lidar_centerpoint_tvm/share/ament_index/resource_index/packages/lidar_centerpoint_tvm
[5.984s] -- Symlinking: /autoware/install/lidar_centerpoint_tvm/share/lidar_centerpoint_tvm/cmake/ament_cmake_export_dependencies-extras.cmake
[5.990s] -- Symlinking: /autoware/install/lidar_centerpoint_tvm/share/lidar_centerpoint_tvm/cmake/ament_cmake_export_include_directories-extras.cmake
[5.996s] -- Symlinking: /autoware/install/lidar_centerpoint_tvm/share/lidar_centerpoint_tvm/cmake/lidar_centerpoint_tvmConfig.cmake
[6.002s] -- Symlinking: /autoware/install/lidar_centerpoint_tvm/share/lidar_centerpoint_tvm/cmake/lidar_centerpoint_tvmConfig-version.cmake
[6.007s] -- Symlinking: /autoware/install/lidar_centerpoint_tvm/share/lidar_centerpoint_tvm/package.xml
[6.022s] Invoked command in '/autoware/build/lidar_centerpoint_tvm' returned '0': AMENT_PREFIX_PATH=/autoware/install/tier4_autoware_utils:/autoware/install/tvm_utility:/autoware/install/autoware_auto_vehicle_msgs:/autoware/install/autoware_cmake:/autoware/install/autoware_auto_planning_msgs:/autoware/install/autoware_auto_perception_msgs:/autoware/install/tier4_debug_msgs:/autoware/install/autoware_lint_common:/autoware/install/autoware_auto_mapping_msgs:/autoware/install/autoware_auto_geometry_msgs:${AMENT_PREFIX_PATH} CMAKE_PREFIX_PATH=/autoware/install/tier4_autoware_utils:/autoware/install/tvm_utility:/autoware/install/autoware_auto_vehicle_msgs:/autoware/install/autoware_cmake:/autoware/install/autoware_auto_planning_msgs:/autoware/install/autoware_auto_perception_msgs:/autoware/install/tier4_debug_msgs:/autoware/install/autoware_lint_common:/autoware/install/autoware_auto_mapping_msgs:/autoware/install/autoware_auto_geometry_msgs:/opt/ros/humble LD_LIBRARY_PATH=/autoware/install/tier4_autoware_utils/lib:/autoware/install/tvm_utility/lib:/autoware/install/autoware_auto_vehicle_msgs/lib:/autoware/install/autoware_auto_planning_msgs/lib:/autoware/install/autoware_auto_perception_msgs/lib:/autoware/install/tier4_debug_msgs/lib:/autoware/install/autoware_auto_mapping_msgs/lib:/autoware/install/autoware_auto_geometry_msgs/lib:${LD_LIBRARY_PATH} PYTHONPATH=/autoware/install/autoware_auto_vehicle_msgs/local/lib/python3.10/dist-packages:/autoware/install/autoware_auto_planning_msgs/local/lib/python3.10/dist-packages:/autoware/install/autoware_auto_perception_msgs/local/lib/python3.10/dist-packages:/autoware/install/tier4_debug_msgs/local/lib/python3.10/dist-packages:/autoware/install/autoware_auto_mapping_msgs/local/lib/python3.10/dist-packages:/autoware/install/autoware_auto_geometry_msgs/local/lib/python3.10/dist-packages:${PYTHONPATH} /usr/bin/cmake --install /autoware/build/lidar_centerpoint_tvm
