-- Found autoware_cmake: 0.1.0 (/autoware/install/autoware_cmake/share/autoware_cmake/cmake)
-- Found ament_cmake_auto: 1.3.2 (/opt/ros/humble/share/ament_cmake_auto/cmake)
-- Override CMake install command with custom implementation using symlinks instead of copying resources
-- Found rosidl_generator_c: 3.1.3 (/opt/ros/humble/share/rosidl_generator_c/cmake)
-- Found rosidl_adapter: 3.1.3 (/opt/ros/humble/share/rosidl_adapter/cmake)
-- Found rosidl_generator_cpp: 3.1.3 (/opt/ros/humble/share/rosidl_generator_cpp/cmake)
-- Using all available rosidl_typesupport_c: rosidl_typesupport_fastrtps_c;rosidl_typesupport_introspection_c
-- Using all available rosidl_typesupport_cpp: rosidl_typesupport_fastrtps_cpp;rosidl_typesupport_introspection_cpp
-- Found rmw_implementation_cmake: 6.1.0 (/opt/ros/humble/share/rmw_implementation_cmake/cmake)
-- Found rmw_fastrtps_cpp: 6.2.1 (/opt/ros/humble/share/rmw_fastrtps_cpp/cmake)
-- Using RMW implementation 'rmw_fastrtps_cpp' as default
-- Found eigen3_cmake_module: 0.1.1 (/opt/ros/humble/share/eigen3_cmake_module/cmake)
-- Ensuring Eigen3 include directory is part of orocos-kdl CMake target
-- Found ament_lint_auto: 0.12.4 (/opt/ros/humble/share/ament_lint_auto/cmake)
CUDA_TOOLKIT_ROOT_DIR not found or specified
-- Could NOT find CUDA (missing: CUDA_TOOLKIT_ROOT_DIR CUDA_NVCC_EXECUTABLE CUDA_INCLUDE_DIRS CUDA_CUDART_LIBRARY) 
CUDA NOT FOUND
TensorRT is NOT Available
CUDNN is NOT Available
-- Added test 'cppcheck' to perform static code analysis on C / C++ code
-- Configured cppcheck include dirs: 
-- Configured cppcheck exclude dirs and/or files: 
-- Configuring done
-- Generating done
-- Build files have been written to: /autoware/build/lidar_apollo_instance_segmentation
-- Install configuration: "Release"
-- Execute custom install script
-- Up-to-date symlink: /autoware/install/lidar_apollo_instance_segmentation/include/lidar_apollo_instance_segmentation/cluster2d.hpp
-- Up-to-date symlink: /autoware/install/lidar_apollo_instance_segmentation/include/lidar_apollo_instance_segmentation/debugger.hpp
-- Up-to-date symlink: /autoware/install/lidar_apollo_instance_segmentation/include/lidar_apollo_instance_segmentation/detector.hpp
-- Up-to-date symlink: /autoware/install/lidar_apollo_instance_segmentation/include/lidar_apollo_instance_segmentation/disjoint_set.hpp
-- Up-to-date symlink: /autoware/install/lidar_apollo_instance_segmentation/include/lidar_apollo_instance_segmentation/feature_generator.hpp
-- Up-to-date symlink: /autoware/install/lidar_apollo_instance_segmentation/include/lidar_apollo_instance_segmentation/feature_map.hpp
-- Up-to-date symlink: /autoware/install/lidar_apollo_instance_segmentation/include/lidar_apollo_instance_segmentation/log_table.hpp
-- Up-to-date symlink: /autoware/install/lidar_apollo_instance_segmentation/include/lidar_apollo_instance_segmentation/node.hpp
-- Up-to-date symlink: /autoware/install/lidar_apollo_instance_segmentation/include/lidar_apollo_instance_segmentation/util.hpp
-- Up-to-date symlink: /autoware/install/lidar_apollo_instance_segmentation/share/lidar_apollo_instance_segmentation/launch/lidar_apollo_instance_segmentation.launch.xml
-- Up-to-date symlink: /autoware/install/lidar_apollo_instance_segmentation/share/ament_index/resource_index/package_run_dependencies/lidar_apollo_instance_segmentation
-- Up-to-date symlink: /autoware/install/lidar_apollo_instance_segmentation/share/ament_index/resource_index/parent_prefix_path/lidar_apollo_instance_segmentation
-- Up-to-date symlink: /autoware/install/lidar_apollo_instance_segmentation/share/lidar_apollo_instance_segmentation/environment/ament_prefix_path.sh
-- Up-to-date symlink: /autoware/install/lidar_apollo_instance_segmentation/share/lidar_apollo_instance_segmentation/environment/ament_prefix_path.dsv
-- Up-to-date symlink: /autoware/install/lidar_apollo_instance_segmentation/share/lidar_apollo_instance_segmentation/environment/path.sh
-- Up-to-date symlink: /autoware/install/lidar_apollo_instance_segmentation/share/lidar_apollo_instance_segmentation/environment/path.dsv
-- Up-to-date symlink: /autoware/install/lidar_apollo_instance_segmentation/share/lidar_apollo_instance_segmentation/local_setup.bash
-- Up-to-date symlink: /autoware/install/lidar_apollo_instance_segmentation/share/lidar_apollo_instance_segmentation/local_setup.sh
-- Up-to-date symlink: /autoware/install/lidar_apollo_instance_segmentation/share/lidar_apollo_instance_segmentation/local_setup.zsh
-- Up-to-date symlink: /autoware/install/lidar_apollo_instance_segmentation/share/lidar_apollo_instance_segmentation/local_setup.dsv
-- Symlinking: /autoware/install/lidar_apollo_instance_segmentation/share/lidar_apollo_instance_segmentation/package.dsv
-- Up-to-date symlink: /autoware/install/lidar_apollo_instance_segmentation/share/ament_index/resource_index/packages/lidar_apollo_instance_segmentation
-- Up-to-date symlink: /autoware/install/lidar_apollo_instance_segmentation/share/lidar_apollo_instance_segmentation/cmake/ament_cmake_export_dependencies-extras.cmake
-- Up-to-date symlink: /autoware/install/lidar_apollo_instance_segmentation/share/lidar_apollo_instance_segmentation/cmake/ament_cmake_export_include_directories-extras.cmake
-- Up-to-date symlink: /autoware/install/lidar_apollo_instance_segmentation/share/lidar_apollo_instance_segmentation/cmake/lidar_apollo_instance_segmentationConfig.cmake
-- Up-to-date symlink: /autoware/install/lidar_apollo_instance_segmentation/share/lidar_apollo_instance_segmentation/cmake/lidar_apollo_instance_segmentationConfig-version.cmake
-- Up-to-date symlink: /autoware/install/lidar_apollo_instance_segmentation/share/lidar_apollo_instance_segmentation/package.xml
