[0.086s] Invoking command in '/autoware/build/autoware_auto_perception_rviz_plugin': AMENT_PREFIX_PATH=/autoware/install/autoware_cmake:/autoware/install/autoware_auto_perception_msgs:/autoware/install/autoware_lint_common:/autoware/install/autoware_auto_geometry_msgs:${AMENT_PREFIX_PATH} CMAKE_PREFIX_PATH=/autoware/install/autoware_cmake:/autoware/install/autoware_auto_perception_msgs:/autoware/install/autoware_lint_common:/autoware/install/autoware_auto_geometry_msgs:/opt/ros/humble LD_LIBRARY_PATH=/autoware/install/autoware_auto_perception_msgs/lib:/autoware/install/autoware_auto_geometry_msgs/lib:${LD_LIBRARY_PATH} PYTHONPATH=/autoware/install/autoware_auto_perception_msgs/local/lib/python3.10/dist-packages:/autoware/install/autoware_auto_geometry_msgs/local/lib/python3.10/dist-packages:${PYTHONPATH} /usr/bin/cmake /autoware/src/universe/autoware.universe/common/autoware_auto_perception_rviz_plugin -DCMAKE_BUILD_TYPE=Release -DAMENT_CMAKE_SYMLINK_INSTALL=1 -DCMAKE_INSTALL_PREFIX=/autoware/install/autoware_auto_perception_rviz_plugin
[0.170s] -- The C compiler identification is GNU 11.3.0
[0.256s] -- The CXX compiler identification is GNU 11.3.0
[0.266s] -- Detecting C compiler ABI info
[0.335s] -- Detecting C compiler ABI info - done
[0.342s] -- Check for working C compiler: /usr/bin/cc - skipped
[0.342s] -- Detecting C compile features
[0.342s] -- Detecting C compile features - done
[0.346s] -- Detecting CXX compiler ABI info
[0.410s] -- Detecting CXX compiler ABI info - done
[0.418s] -- Check for working CXX compiler: /usr/bin/c++ - skipped
[0.418s] -- Detecting CXX compile features
[0.420s] -- Detecting CXX compile features - done
[0.420s] -- Found autoware_cmake: 0.1.0 (/autoware/install/autoware_cmake/share/autoware_cmake/cmake)
[0.628s] -- Found Python3: /usr/bin/python3.10 (found version "3.10.6") found components: Interpreter 
[0.691s] -- Override CMake install command with custom implementation using symlinks instead of copying resources
[0.985s] -- Found rosidl_generator_c: 3.1.3 (/opt/ros/humble/share/rosidl_generator_c/cmake)
[0.985s] -- Found rosidl_adapter: 3.1.3 (/opt/ros/humble/share/rosidl_adapter/cmake)
[0.986s] -- Found rosidl_generator_cpp: 3.1.3 (/opt/ros/humble/share/rosidl_generator_cpp/cmake)
[0.999s] -- Using all available rosidl_typesupport_c: rosidl_typesupport_fastrtps_c;rosidl_typesupport_introspection_c
[1.045s] -- Using all available rosidl_typesupport_cpp: rosidl_typesupport_fastrtps_cpp;rosidl_typesupport_introspection_cpp
[2.048s] -- Setting OGRE_DIR to: '/opt/ros/humble/share/rviz_ogre_vendor/cmake/../../../opt/rviz_ogre_vendor/lib/OGRE/cmake'
[2.050s] -- Found OGRE
[2.051s] --   static     : OFF
[2.051s] --   components : HLMS;MeshLodGenerator;Overlay;Paging;Property;RTShaderSystem;Terrain;Volume
[2.051s] --   plugins    : Plugin_BSPSceneManager;Plugin_OctreeSceneManager;Plugin_PCZSceneManager;Plugin_ParticleFX;RenderSystem_GL;RenderSystem_GL3Plus;Codec_STBI
[2.051s] --   media      : /opt/ros/humble/opt/rviz_ogre_vendor/share/OGRE/Media
[2.051s] -- OGRE_LIBRARIES: OgreHLMS;OgreMeshLodGenerator;OgreOverlay;OgrePaging;OgreProperty;OgreRTShaderSystem;OgreTerrain;OgreVolume;OgreMain
[2.051s] -- OGRE_LIBRARY_DIRS: /opt/ros/humble/opt/rviz_ogre_vendor/lib
[2.051s] -- OGRE_PLUGINS: Plugin_BSPSceneManager;Plugin_OctreeSceneManager;Plugin_PCZSceneManager;Plugin_ParticleFX;RenderSystem_GL;RenderSystem_GL3Plus;Codec_STBI
[2.051s] -- OGRE_PLUGIN_DIR: /opt/ros/humble/opt/rviz_ogre_vendor/lib/OGRE
[2.051s] -- rviz_ogre_vendor::OgreOverlay for IMPORTED_LOCATION_RELEASE: /opt/ros/humble/opt/rviz_ogre_vendor/lib/libOgreOverlay.so
[2.052s] -- rviz_ogre_vendor::OgreOverlay for IMPORTED_LOCATION_DEBUG: /opt/ros/humble/opt/rviz_ogre_vendor/lib/libOgreOverlay.so
[2.052s] -- rviz_ogre_vendor::OgreMain for IMPORTED_LOCATION_RELEASE: /opt/ros/humble/opt/rviz_ogre_vendor/lib/libOgreMain.so
[2.052s] -- rviz_ogre_vendor::OgreMain for IMPORTED_LOCATION_DEBUG: /opt/ros/humble/opt/rviz_ogre_vendor/lib/libOgreMain.so
[2.056s] -- Could not find freeimage library
[2.083s] -- Found ZLIB: /usr/lib/x86_64-linux-gnu/libz.so (found version "1.2.11") 
[2.090s] -- Found OpenGL: /usr/lib/x86_64-linux-gnu/libOpenGL.so   
[2.218s] -- Found X11: /usr/include   
[2.220s] -- Looking for XOpenDisplay in /usr/lib/x86_64-linux-gnu/libX11.so;/usr/lib/x86_64-linux-gnu/libXext.so
[2.309s] -- Looking for XOpenDisplay in /usr/lib/x86_64-linux-gnu/libX11.so;/usr/lib/x86_64-linux-gnu/libXext.so - found
[2.309s] -- Looking for gethostbyname
[2.400s] -- Looking for gethostbyname - found
[2.402s] -- Looking for connect
[2.473s] -- Looking for connect - found
[2.473s] -- Looking for remove
[2.537s] -- Looking for remove - found
[2.537s] -- Looking for shmat
[2.598s] -- Looking for shmat - found
[2.598s] -- Looking for IceConnectionNumber in ICE
[2.652s] -- Looking for IceConnectionNumber in ICE - found
[2.654s] -- rviz_ogre_vendor::RenderSystem_GL for IMPORTED_LOCATION_RELEASE: _render_system_gl_static_library_abs-NOTFOUND
[2.654s] -- rviz_ogre_vendor::RenderSystem_GL for IMPORTED_LOCATION_DEBUG: _render_system_gl_static_library_abs-NOTFOUND
[2.730s] -- library: /usr/lib/x86_64-linux-gnu/libcurl.so
[2.858s] -- Found rmw_implementation_cmake: 6.1.0 (/opt/ros/humble/share/rmw_implementation_cmake/cmake)
[2.858s] -- Found rmw_fastrtps_cpp: 6.2.1 (/opt/ros/humble/share/rmw_fastrtps_cpp/cmake)
[2.927s] -- Found OpenSSL: /usr/lib/x86_64-linux-gnu/libcrypto.so (found version "3.0.2")  
[2.984s] -- Found FastRTPS: /opt/ros/humble/include  
[3.072s] -- Using RMW implementation 'rmw_fastrtps_cpp' as default
[3.253s] -- Found Eigen3: TRUE (found version "3.4.0") 
[3.253s] -- Ensuring Eigen3 include directory is part of orocos-kdl CMake target
[4.223s] -- Found ament_lint_auto: 0.12.4 (/opt/ros/humble/share/ament_lint_auto/cmake)
[4.242s] -- Added test 'copyright' to check source files copyright and LICENSE
[4.244s] -- Added test 'cppcheck' to perform static code analysis on C / C++ code
[4.245s] -- Configured cppcheck include dirs: /autoware/src/universe/autoware.universe/common/autoware_auto_perception_rviz_plugin/include
[4.245s] -- Configured cppcheck exclude dirs and/or files: 
[4.245s] -- Added test 'lint_cmake' to check CMake code style
[4.246s] -- Added test 'xmllint' to check XML markup files
[4.249s] -- Configuring done
[4.273s] -- Generating done
[4.275s] -- Build files have been written to: /autoware/build/autoware_auto_perception_rviz_plugin
[4.288s] Invoked command in '/autoware/build/autoware_auto_perception_rviz_plugin' returned '0': AMENT_PREFIX_PATH=/autoware/install/autoware_cmake:/autoware/install/autoware_auto_perception_msgs:/autoware/install/autoware_lint_common:/autoware/install/autoware_auto_geometry_msgs:${AMENT_PREFIX_PATH} CMAKE_PREFIX_PATH=/autoware/install/autoware_cmake:/autoware/install/autoware_auto_perception_msgs:/autoware/install/autoware_lint_common:/autoware/install/autoware_auto_geometry_msgs:/opt/ros/humble LD_LIBRARY_PATH=/autoware/install/autoware_auto_perception_msgs/lib:/autoware/install/autoware_auto_geometry_msgs/lib:${LD_LIBRARY_PATH} PYTHONPATH=/autoware/install/autoware_auto_perception_msgs/local/lib/python3.10/dist-packages:/autoware/install/autoware_auto_geometry_msgs/local/lib/python3.10/dist-packages:${PYTHONPATH} /usr/bin/cmake /autoware/src/universe/autoware.universe/common/autoware_auto_perception_rviz_plugin -DCMAKE_BUILD_TYPE=Release -DAMENT_CMAKE_SYMLINK_INSTALL=1 -DCMAKE_INSTALL_PREFIX=/autoware/install/autoware_auto_perception_rviz_plugin
[4.289s] Invoking command in '/autoware/build/autoware_auto_perception_rviz_plugin': AMENT_PREFIX_PATH=/autoware/install/autoware_cmake:/autoware/install/autoware_auto_perception_msgs:/autoware/install/autoware_lint_common:/autoware/install/autoware_auto_geometry_msgs:${AMENT_PREFIX_PATH} CMAKE_PREFIX_PATH=/autoware/install/autoware_cmake:/autoware/install/autoware_auto_perception_msgs:/autoware/install/autoware_lint_common:/autoware/install/autoware_auto_geometry_msgs:/opt/ros/humble LD_LIBRARY_PATH=/autoware/install/autoware_auto_perception_msgs/lib:/autoware/install/autoware_auto_geometry_msgs/lib:${LD_LIBRARY_PATH} PYTHONPATH=/autoware/install/autoware_auto_perception_msgs/local/lib/python3.10/dist-packages:/autoware/install/autoware_auto_geometry_msgs/local/lib/python3.10/dist-packages:${PYTHONPATH} /usr/bin/cmake --build /autoware/build/autoware_auto_perception_rviz_plugin -- -j64 -l64
[4.330s] [  8%] Generating include/object_detection/moc_detected_objects_display.cpp
[4.331s] [ 16%] Generating include/object_detection/moc_tracked_objects_display.cpp
[4.332s] [ 25%] Generating include/object_detection/moc_predicted_objects_display.cpp
[4.393s] [ 33%] Building CXX object CMakeFiles/autoware_auto_perception_rviz_plugin.dir/src/object_detection/object_polygon_detail.cpp.o
[4.398s] [ 41%] Building CXX object CMakeFiles/autoware_auto_perception_rviz_plugin.dir/include/object_detection/moc_tracked_objects_display.cpp.o
[4.400s] [ 50%] Building CXX object CMakeFiles/autoware_auto_perception_rviz_plugin.dir/src/common/color_alpha_property.cpp.o
[4.401s] [ 58%] Building CXX object CMakeFiles/autoware_auto_perception_rviz_plugin.dir/include/object_detection/moc_detected_objects_display.cpp.o
[4.411s] [ 66%] Building CXX object CMakeFiles/autoware_auto_perception_rviz_plugin.dir/src/object_detection/detected_objects_display.cpp.o
[4.413s] [ 75%] Building CXX object CMakeFiles/autoware_auto_perception_rviz_plugin.dir/include/object_detection/moc_predicted_objects_display.cpp.o
[4.426s] [ 91%] Building CXX object CMakeFiles/autoware_auto_perception_rviz_plugin.dir/src/object_detection/predicted_objects_display.cpp.o
[4.426s] [ 91%] Building CXX object CMakeFiles/autoware_auto_perception_rviz_plugin.dir/src/object_detection/tracked_objects_display.cpp.o
[19.607s] [100%] Linking CXX shared library libautoware_auto_perception_rviz_plugin.so
[20.712s] [100%] Built target autoware_auto_perception_rviz_plugin
[20.721s] Invoked command in '/autoware/build/autoware_auto_perception_rviz_plugin' returned '0': AMENT_PREFIX_PATH=/autoware/install/autoware_cmake:/autoware/install/autoware_auto_perception_msgs:/autoware/install/autoware_lint_common:/autoware/install/autoware_auto_geometry_msgs:${AMENT_PREFIX_PATH} CMAKE_PREFIX_PATH=/autoware/install/autoware_cmake:/autoware/install/autoware_auto_perception_msgs:/autoware/install/autoware_lint_common:/autoware/install/autoware_auto_geometry_msgs:/opt/ros/humble LD_LIBRARY_PATH=/autoware/install/autoware_auto_perception_msgs/lib:/autoware/install/autoware_auto_geometry_msgs/lib:${LD_LIBRARY_PATH} PYTHONPATH=/autoware/install/autoware_auto_perception_msgs/local/lib/python3.10/dist-packages:/autoware/install/autoware_auto_geometry_msgs/local/lib/python3.10/dist-packages:${PYTHONPATH} /usr/bin/cmake --build /autoware/build/autoware_auto_perception_rviz_plugin -- -j64 -l64
[20.752s] Invoking command in '/autoware/build/autoware_auto_perception_rviz_plugin': AMENT_PREFIX_PATH=/autoware/install/autoware_cmake:/autoware/install/autoware_auto_perception_msgs:/autoware/install/autoware_lint_common:/autoware/install/autoware_auto_geometry_msgs:${AMENT_PREFIX_PATH} CMAKE_PREFIX_PATH=/autoware/install/autoware_cmake:/autoware/install/autoware_auto_perception_msgs:/autoware/install/autoware_lint_common:/autoware/install/autoware_auto_geometry_msgs:/opt/ros/humble LD_LIBRARY_PATH=/autoware/install/autoware_auto_perception_msgs/lib:/autoware/install/autoware_auto_geometry_msgs/lib:${LD_LIBRARY_PATH} PYTHONPATH=/autoware/install/autoware_auto_perception_msgs/local/lib/python3.10/dist-packages:/autoware/install/autoware_auto_geometry_msgs/local/lib/python3.10/dist-packages:${PYTHONPATH} /usr/bin/cmake --install /autoware/build/autoware_auto_perception_rviz_plugin
[20.758s] -- Install configuration: "Release"
[20.759s] -- Execute custom install script
[20.759s] -- Symlinking: /autoware/install/autoware_auto_perception_rviz_plugin/share/autoware_auto_perception_rviz_plugin//plugins_description.xml
[20.766s] -- Symlinking: /autoware/install/autoware_auto_perception_rviz_plugin/include/common/color_alpha_property.hpp
[20.772s] -- Symlinking: /autoware/install/autoware_auto_perception_rviz_plugin/include/object_detection/detected_objects_display.hpp
[20.777s] -- Symlinking: /autoware/install/autoware_auto_perception_rviz_plugin/include/object_detection/object_polygon_detail.hpp
[20.783s] -- Symlinking: /autoware/install/autoware_auto_perception_rviz_plugin/include/object_detection/object_polygon_display_base.hpp
[20.789s] -- Symlinking: /autoware/install/autoware_auto_perception_rviz_plugin/include/object_detection/predicted_objects_display.hpp
[20.795s] -- Symlinking: /autoware/install/autoware_auto_perception_rviz_plugin/include/object_detection/tracked_objects_display.hpp
[20.801s] -- Symlinking: /autoware/install/autoware_auto_perception_rviz_plugin/include/visibility_control.hpp
[20.808s] -- Symlinking: /autoware/install/autoware_auto_perception_rviz_plugin/share/autoware_auto_perception_rviz_plugin/environment/library_path.sh
[20.814s] -- Symlinking: /autoware/install/autoware_auto_perception_rviz_plugin/share/autoware_auto_perception_rviz_plugin/environment/library_path.dsv
[20.820s] -- Symlinking: /autoware/install/autoware_auto_perception_rviz_plugin/lib/libautoware_auto_perception_rviz_plugin.so
[20.826s] -- Symlinking: /autoware/install/autoware_auto_perception_rviz_plugin/share/autoware_auto_perception_rviz_plugin/icons/classes/DetectedObjects.png
[20.833s] -- Symlinking: /autoware/install/autoware_auto_perception_rviz_plugin/share/autoware_auto_perception_rviz_plugin/icons/classes/PredictedObjects.png
[20.839s] -- Symlinking: /autoware/install/autoware_auto_perception_rviz_plugin/share/autoware_auto_perception_rviz_plugin/icons/classes/TrackedObjects.png
[20.846s] -- Symlinking: /autoware/install/autoware_auto_perception_rviz_plugin/share/ament_index/resource_index/package_run_dependencies/autoware_auto_perception_rviz_plugin
[20.852s] -- Symlinking: /autoware/install/autoware_auto_perception_rviz_plugin/share/ament_index/resource_index/parent_prefix_path/autoware_auto_perception_rviz_plugin
[20.858s] -- Symlinking: /autoware/install/autoware_auto_perception_rviz_plugin/share/autoware_auto_perception_rviz_plugin/environment/ament_prefix_path.sh
[20.865s] -- Symlinking: /autoware/install/autoware_auto_perception_rviz_plugin/share/autoware_auto_perception_rviz_plugin/environment/ament_prefix_path.dsv
[20.871s] -- Symlinking: /autoware/install/autoware_auto_perception_rviz_plugin/share/autoware_auto_perception_rviz_plugin/environment/path.sh
[20.878s] -- Symlinking: /autoware/install/autoware_auto_perception_rviz_plugin/share/autoware_auto_perception_rviz_plugin/environment/path.dsv
[20.884s] -- Symlinking: /autoware/install/autoware_auto_perception_rviz_plugin/share/autoware_auto_perception_rviz_plugin/local_setup.bash
[20.890s] -- Symlinking: /autoware/install/autoware_auto_perception_rviz_plugin/share/autoware_auto_perception_rviz_plugin/local_setup.sh
[20.898s] -- Symlinking: /autoware/install/autoware_auto_perception_rviz_plugin/share/autoware_auto_perception_rviz_plugin/local_setup.zsh
[20.906s] -- Symlinking: /autoware/install/autoware_auto_perception_rviz_plugin/share/autoware_auto_perception_rviz_plugin/local_setup.dsv
[20.913s] -- Symlinking: /autoware/install/autoware_auto_perception_rviz_plugin/share/autoware_auto_perception_rviz_plugin/package.dsv
[20.919s] -- Symlinking: /autoware/install/autoware_auto_perception_rviz_plugin/share/ament_index/resource_index/packages/autoware_auto_perception_rviz_plugin
[20.925s] -- Symlinking: /autoware/install/autoware_auto_perception_rviz_plugin/share/ament_index/resource_index/rviz_common__pluginlib__plugin/autoware_auto_perception_rviz_plugin
[20.931s] -- Symlinking: /autoware/install/autoware_auto_perception_rviz_plugin/share/autoware_auto_perception_rviz_plugin/cmake/ament_cmake_export_dependencies-extras.cmake
[20.937s] -- Symlinking: /autoware/install/autoware_auto_perception_rviz_plugin/share/autoware_auto_perception_rviz_plugin/cmake/ament_cmake_export_include_directories-extras.cmake
[20.944s] -- Symlinking: /autoware/install/autoware_auto_perception_rviz_plugin/share/autoware_auto_perception_rviz_plugin/cmake/ament_cmake_export_libraries-extras.cmake
[20.951s] -- Symlinking: /autoware/install/autoware_auto_perception_rviz_plugin/share/autoware_auto_perception_rviz_plugin/cmake/autoware_auto_perception_rviz_pluginConfig.cmake
[20.959s] -- Symlinking: /autoware/install/autoware_auto_perception_rviz_plugin/share/autoware_auto_perception_rviz_plugin/cmake/autoware_auto_perception_rviz_pluginConfig-version.cmake
[20.965s] -- Symlinking: /autoware/install/autoware_auto_perception_rviz_plugin/share/autoware_auto_perception_rviz_plugin/package.xml
[20.983s] Invoked command in '/autoware/build/autoware_auto_perception_rviz_plugin' returned '0': AMENT_PREFIX_PATH=/autoware/install/autoware_cmake:/autoware/install/autoware_auto_perception_msgs:/autoware/install/autoware_lint_common:/autoware/install/autoware_auto_geometry_msgs:${AMENT_PREFIX_PATH} CMAKE_PREFIX_PATH=/autoware/install/autoware_cmake:/autoware/install/autoware_auto_perception_msgs:/autoware/install/autoware_lint_common:/autoware/install/autoware_auto_geometry_msgs:/opt/ros/humble LD_LIBRARY_PATH=/autoware/install/autoware_auto_perception_msgs/lib:/autoware/install/autoware_auto_geometry_msgs/lib:${LD_LIBRARY_PATH} PYTHONPATH=/autoware/install/autoware_auto_perception_msgs/local/lib/python3.10/dist-packages:/autoware/install/autoware_auto_geometry_msgs/local/lib/python3.10/dist-packages:${PYTHONPATH} /usr/bin/cmake --install /autoware/build/autoware_auto_perception_rviz_plugin
