-- Found autoware_cmake: 0.1.0 (/autoware/install/autoware_cmake/share/autoware_cmake/cmake)
-- Found ament_cmake_auto: 1.3.2 (/opt/ros/humble/share/ament_cmake_auto/cmake)
-- Override CMake install command with custom implementation using symlinks instead of copying resources
-- Found rosidl_generator_c: 3.1.3 (/opt/ros/humble/share/rosidl_generator_c/cmake)
-- Found rosidl_adapter: 3.1.3 (/opt/ros/humble/share/rosidl_adapter/cmake)
-- Found rosidl_generator_cpp: 3.1.3 (/opt/ros/humble/share/rosidl_generator_cpp/cmake)
-- Using all available rosidl_typesupport_c: rosidl_typesupport_fastrtps_c;rosidl_typesupport_introspection_c
-- Using all available rosidl_typesupport_cpp: rosidl_typesupport_fastrtps_cpp;rosidl_typesupport_introspection_cpp
-- Found rmw_implementation_cmake: 6.1.0 (/opt/ros/humble/share/rmw_implementation_cmake/cmake)
-- Found rmw_fastrtps_cpp: 6.2.1 (/opt/ros/humble/share/rmw_fastrtps_cpp/cmake)
-- Using RMW implementation 'rmw_fastrtps_cpp' as default
-- Found eigen3_cmake_module: 0.1.1 (/opt/ros/humble/share/eigen3_cmake_module/cmake)
-- Ensuring Eigen3 include directory is part of orocos-kdl CMake target
-- Found ament_lint_auto: 0.12.4 (/opt/ros/humble/share/ament_lint_auto/cmake)
-- Found gtest sources under '/opt/ros/humble/src/gtest_vendor': C++ tests using 'Google Test' will be built
-- Added test 'copyright' to check source files copyright and LICENSE
-- Added test 'cppcheck' to perform static code analysis on C / C++ code
-- Configured cppcheck include dirs: /autoware/src/universe/autoware.universe/planning/planning_error_monitor/include
-- Configured cppcheck exclude dirs and/or files: 
-- Added test 'lint_cmake' to check CMake code style
-- Added test 'xmllint' to check XML markup files
-- Configuring done
-- Generating done
-- Build files have been written to: /autoware/build/planning_error_monitor
Consolidate compiler generated dependencies of target gtest_main
Consolidate compiler generated dependencies of target gtest
Consolidate compiler generated dependencies of target planning_error_monitor
Consolidate compiler generated dependencies of target invalid_trajectory_publisher
[ 11%] Built target gtest_main
[ 23%] Built target gtest
[ 41%] Built target invalid_trajectory_publisher
[ 47%] Built target planning_error_monitor
Consolidate compiler generated dependencies of target planning_error_monitor_node
[ 52%] Building CXX object CMakeFiles/planning_error_monitor_node.dir/src/planning_error_monitor_node.cpp.o
[ 58%] Building CXX object CMakeFiles/planning_error_monitor_node.dir/src/debug_marker.cpp.o
[ 64%] Linking CXX shared library libplanning_error_monitor_node.so
[ 64%] Built target planning_error_monitor_node
Consolidate compiler generated dependencies of target invalid_trajectory_publisher_node
Consolidate compiler generated dependencies of target test_planning_error_monitor
[ 70%] Building CXX object CMakeFiles/invalid_trajectory_publisher_node.dir/src/invalid_trajectory_publisher.cpp.o
[ 76%] Building CXX object CMakeFiles/test_planning_error_monitor.dir/test/src/test_main.cpp.o
[ 82%] Building CXX object CMakeFiles/test_planning_error_monitor.dir/test/src/test_planning_error_monitor_functions.cpp.o
[ 88%] Building CXX object CMakeFiles/test_planning_error_monitor.dir/test/src/test_planning_error_monitor_pubsub.cpp.o
[ 94%] Linking CXX shared library libinvalid_trajectory_publisher_node.so
[ 94%] Built target invalid_trajectory_publisher_node
[100%] Linking CXX executable test_planning_error_monitor
[100%] Built target test_planning_error_monitor
-- Install configuration: "Release"
-- Execute custom install script
-- Up-to-date symlink: /autoware/install/planning_error_monitor/lib/planning_error_monitor/planning_error_monitor
-- Up-to-date symlink: /autoware/install/planning_error_monitor/lib/planning_error_monitor/invalid_trajectory_publisher
-- Up-to-date symlink: /autoware/install/planning_error_monitor/include/planning_error_monitor/debug_marker.hpp
-- Up-to-date symlink: /autoware/install/planning_error_monitor/include/planning_error_monitor/invalid_trajectory_publisher.hpp
-- Up-to-date symlink: /autoware/install/planning_error_monitor/include/planning_error_monitor/planning_error_monitor_node.hpp
-- Up-to-date symlink: /autoware/install/planning_error_monitor/share/planning_error_monitor/environment/library_path.sh
-- Up-to-date symlink: /autoware/install/planning_error_monitor/share/planning_error_monitor/environment/library_path.dsv
-- Up-to-date symlink: /autoware/install/planning_error_monitor/lib/libplanning_error_monitor_node.so
-- Up-to-date symlink: /autoware/install/planning_error_monitor/lib/libinvalid_trajectory_publisher_node.so
-- Up-to-date symlink: /autoware/install/planning_error_monitor/share/planning_error_monitor/config/planning_error_monitor.param.yaml
-- Up-to-date symlink: /autoware/install/planning_error_monitor/share/planning_error_monitor/launch/invalid_trajectory_publisher.launch.xml
-- Up-to-date symlink: /autoware/install/planning_error_monitor/share/planning_error_monitor/launch/planning_error_monitor.launch.xml
-- Up-to-date symlink: /autoware/install/planning_error_monitor/share/ament_index/resource_index/package_run_dependencies/planning_error_monitor
-- Up-to-date symlink: /autoware/install/planning_error_monitor/share/ament_index/resource_index/parent_prefix_path/planning_error_monitor
-- Up-to-date symlink: /autoware/install/planning_error_monitor/share/planning_error_monitor/environment/ament_prefix_path.sh
-- Up-to-date symlink: /autoware/install/planning_error_monitor/share/planning_error_monitor/environment/ament_prefix_path.dsv
-- Up-to-date symlink: /autoware/install/planning_error_monitor/share/planning_error_monitor/environment/path.sh
-- Up-to-date symlink: /autoware/install/planning_error_monitor/share/planning_error_monitor/environment/path.dsv
-- Up-to-date symlink: /autoware/install/planning_error_monitor/share/planning_error_monitor/local_setup.bash
-- Up-to-date symlink: /autoware/install/planning_error_monitor/share/planning_error_monitor/local_setup.sh
-- Up-to-date symlink: /autoware/install/planning_error_monitor/share/planning_error_monitor/local_setup.zsh
-- Up-to-date symlink: /autoware/install/planning_error_monitor/share/planning_error_monitor/local_setup.dsv
-- Symlinking: /autoware/install/planning_error_monitor/share/planning_error_monitor/package.dsv
-- Up-to-date symlink: /autoware/install/planning_error_monitor/share/ament_index/resource_index/packages/planning_error_monitor
-- Up-to-date symlink: /autoware/install/planning_error_monitor/share/ament_index/resource_index/rclcpp_components/planning_error_monitor
-- Up-to-date symlink: /autoware/install/planning_error_monitor/share/planning_error_monitor/cmake/ament_cmake_export_dependencies-extras.cmake
-- Up-to-date symlink: /autoware/install/planning_error_monitor/share/planning_error_monitor/cmake/ament_cmake_export_include_directories-extras.cmake
-- Up-to-date symlink: /autoware/install/planning_error_monitor/share/planning_error_monitor/cmake/ament_cmake_export_libraries-extras.cmake
-- Up-to-date symlink: /autoware/install/planning_error_monitor/share/planning_error_monitor/cmake/planning_error_monitorConfig.cmake
-- Up-to-date symlink: /autoware/install/planning_error_monitor/share/planning_error_monitor/cmake/planning_error_monitorConfig-version.cmake
-- Up-to-date symlink: /autoware/install/planning_error_monitor/share/planning_error_monitor/package.xml
