[0.064s] Invoking command in '/autoware/build/planning_error_monitor': AMENT_PREFIX_PATH=/autoware/install/tier4_autoware_utils:/autoware/install/autoware_auto_vehicle_msgs:/autoware/install/autoware_auto_planning_msgs:/autoware/install/autoware_auto_perception_msgs:/autoware/install/tier4_debug_msgs:/autoware/install/autoware_cmake:/autoware/install/autoware_auto_mapping_msgs:/autoware/install/autoware_auto_geometry_msgs:/autoware/install/autoware_lint_common:/autoware/install/ament_cmake_auto:${AMENT_PREFIX_PATH} CMAKE_PREFIX_PATH=/autoware/install/tier4_autoware_utils:/autoware/install/autoware_auto_vehicle_msgs:/autoware/install/autoware_auto_planning_msgs:/autoware/install/autoware_auto_perception_msgs:/autoware/install/tier4_debug_msgs:/autoware/install/autoware_cmake:/autoware/install/autoware_auto_mapping_msgs:/autoware/install/autoware_auto_geometry_msgs:/autoware/install/autoware_lint_common:/autoware/install/ament_cmake_auto:/opt/ros/humble LD_LIBRARY_PATH=/autoware/install/tier4_autoware_utils/lib:/autoware/install/autoware_auto_vehicle_msgs/lib:/autoware/install/autoware_auto_planning_msgs/lib:/autoware/install/autoware_auto_perception_msgs/lib:/autoware/install/tier4_debug_msgs/lib:/autoware/install/autoware_auto_mapping_msgs/lib:/autoware/install/autoware_auto_geometry_msgs/lib:${LD_LIBRARY_PATH} PYTHONPATH=/autoware/install/autoware_auto_vehicle_msgs/local/lib/python3.10/dist-packages:/autoware/install/autoware_auto_planning_msgs/local/lib/python3.10/dist-packages:/autoware/install/autoware_auto_perception_msgs/local/lib/python3.10/dist-packages:/autoware/install/tier4_debug_msgs/local/lib/python3.10/dist-packages:/autoware/install/autoware_auto_mapping_msgs/local/lib/python3.10/dist-packages:/autoware/install/autoware_auto_geometry_msgs/local/lib/python3.10/dist-packages:${PYTHONPATH} /usr/bin/cmake --build /autoware/build/planning_error_monitor -- -j64 -l64
[0.093s] -- Found autoware_cmake: 0.1.0 (/autoware/install/autoware_cmake/share/autoware_cmake/cmake)
[0.093s] -- Found ament_cmake_auto: 1.3.2 (/opt/ros/humble/share/ament_cmake_auto/cmake)
[0.235s] -- Override CMake install command with custom implementation using symlinks instead of copying resources
[0.338s] -- Found rosidl_generator_c: 3.1.3 (/opt/ros/humble/share/rosidl_generator_c/cmake)
[0.340s] -- Found rosidl_adapter: 3.1.3 (/opt/ros/humble/share/rosidl_adapter/cmake)
[0.346s] -- Found rosidl_generator_cpp: 3.1.3 (/opt/ros/humble/share/rosidl_generator_cpp/cmake)
[0.356s] -- Using all available rosidl_typesupport_c: rosidl_typesupport_fastrtps_c;rosidl_typesupport_introspection_c
[0.370s] -- Using all available rosidl_typesupport_cpp: rosidl_typesupport_fastrtps_cpp;rosidl_typesupport_introspection_cpp
[0.995s] -- Found rmw_implementation_cmake: 6.1.0 (/opt/ros/humble/share/rmw_implementation_cmake/cmake)
[0.997s] -- Found rmw_fastrtps_cpp: 6.2.1 (/opt/ros/humble/share/rmw_fastrtps_cpp/cmake)
[1.117s] -- Using RMW implementation 'rmw_fastrtps_cpp' as default
[2.113s] -- Found eigen3_cmake_module: 0.1.1 (/opt/ros/humble/share/eigen3_cmake_module/cmake)
[2.114s] -- Ensuring Eigen3 include directory is part of orocos-kdl CMake target
[2.287s] -- Found ament_lint_auto: 0.12.4 (/opt/ros/humble/share/ament_lint_auto/cmake)
[3.747s] -- Found gtest sources under '/opt/ros/humble/src/gtest_vendor': C++ tests using 'Google Test' will be built
[3.759s] -- Added test 'copyright' to check source files copyright and LICENSE
[3.762s] -- Added test 'cppcheck' to perform static code analysis on C / C++ code
[3.763s] -- Configured cppcheck include dirs: /autoware/src/universe/autoware.universe/planning/planning_error_monitor/include
[3.763s] -- Configured cppcheck exclude dirs and/or files: 
[3.763s] -- Added test 'lint_cmake' to check CMake code style
[3.764s] -- Added test 'xmllint' to check XML markup files
[3.769s] -- Configuring done
[3.893s] -- Generating done
[3.896s] -- Build files have been written to: /autoware/build/planning_error_monitor
[3.930s] Consolidate compiler generated dependencies of target gtest_main
[3.930s] Consolidate compiler generated dependencies of target gtest
[3.931s] Consolidate compiler generated dependencies of target planning_error_monitor
[3.932s] Consolidate compiler generated dependencies of target invalid_trajectory_publisher
[3.943s] [ 11%] Built target gtest_main
[3.945s] [ 23%] Built target gtest
[3.947s] [ 41%] Built target invalid_trajectory_publisher
[3.948s] [ 47%] Built target planning_error_monitor
[3.954s] Consolidate compiler generated dependencies of target planning_error_monitor_node
[3.982s] [ 52%] Building CXX object CMakeFiles/planning_error_monitor_node.dir/src/planning_error_monitor_node.cpp.o
[3.984s] [ 58%] Building CXX object CMakeFiles/planning_error_monitor_node.dir/src/debug_marker.cpp.o
[19.809s] [ 64%] Linking CXX shared library libplanning_error_monitor_node.so
[20.137s] [ 64%] Built target planning_error_monitor_node
[20.161s] Consolidate compiler generated dependencies of target invalid_trajectory_publisher_node
[20.166s] Consolidate compiler generated dependencies of target test_planning_error_monitor
[20.183s] [ 70%] Building CXX object CMakeFiles/invalid_trajectory_publisher_node.dir/src/invalid_trajectory_publisher.cpp.o
[20.190s] [ 76%] Building CXX object CMakeFiles/test_planning_error_monitor.dir/test/src/test_main.cpp.o
[20.190s] [ 82%] Building CXX object CMakeFiles/test_planning_error_monitor.dir/test/src/test_planning_error_monitor_functions.cpp.o
[20.192s] [ 88%] Building CXX object CMakeFiles/test_planning_error_monitor.dir/test/src/test_planning_error_monitor_pubsub.cpp.o
[30.660s] [ 94%] Linking CXX shared library libinvalid_trajectory_publisher_node.so
[30.959s] [ 94%] Built target invalid_trajectory_publisher_node
[32.926s] [100%] Linking CXX executable test_planning_error_monitor
[33.199s] [100%] Built target test_planning_error_monitor
[33.209s] Invoked command in '/autoware/build/planning_error_monitor' returned '0': AMENT_PREFIX_PATH=/autoware/install/tier4_autoware_utils:/autoware/install/autoware_auto_vehicle_msgs:/autoware/install/autoware_auto_planning_msgs:/autoware/install/autoware_auto_perception_msgs:/autoware/install/tier4_debug_msgs:/autoware/install/autoware_cmake:/autoware/install/autoware_auto_mapping_msgs:/autoware/install/autoware_auto_geometry_msgs:/autoware/install/autoware_lint_common:/autoware/install/ament_cmake_auto:${AMENT_PREFIX_PATH} CMAKE_PREFIX_PATH=/autoware/install/tier4_autoware_utils:/autoware/install/autoware_auto_vehicle_msgs:/autoware/install/autoware_auto_planning_msgs:/autoware/install/autoware_auto_perception_msgs:/autoware/install/tier4_debug_msgs:/autoware/install/autoware_cmake:/autoware/install/autoware_auto_mapping_msgs:/autoware/install/autoware_auto_geometry_msgs:/autoware/install/autoware_lint_common:/autoware/install/ament_cmake_auto:/opt/ros/humble LD_LIBRARY_PATH=/autoware/install/tier4_autoware_utils/lib:/autoware/install/autoware_auto_vehicle_msgs/lib:/autoware/install/autoware_auto_planning_msgs/lib:/autoware/install/autoware_auto_perception_msgs/lib:/autoware/install/tier4_debug_msgs/lib:/autoware/install/autoware_auto_mapping_msgs/lib:/autoware/install/autoware_auto_geometry_msgs/lib:${LD_LIBRARY_PATH} PYTHONPATH=/autoware/install/autoware_auto_vehicle_msgs/local/lib/python3.10/dist-packages:/autoware/install/autoware_auto_planning_msgs/local/lib/python3.10/dist-packages:/autoware/install/autoware_auto_perception_msgs/local/lib/python3.10/dist-packages:/autoware/install/tier4_debug_msgs/local/lib/python3.10/dist-packages:/autoware/install/autoware_auto_mapping_msgs/local/lib/python3.10/dist-packages:/autoware/install/autoware_auto_geometry_msgs/local/lib/python3.10/dist-packages:${PYTHONPATH} /usr/bin/cmake --build /autoware/build/planning_error_monitor -- -j64 -l64
[33.237s] Invoking command in '/autoware/build/planning_error_monitor': AMENT_PREFIX_PATH=/autoware/install/tier4_autoware_utils:/autoware/install/autoware_auto_vehicle_msgs:/autoware/install/autoware_auto_planning_msgs:/autoware/install/autoware_auto_perception_msgs:/autoware/install/tier4_debug_msgs:/autoware/install/autoware_cmake:/autoware/install/autoware_auto_mapping_msgs:/autoware/install/autoware_auto_geometry_msgs:/autoware/install/autoware_lint_common:/autoware/install/ament_cmake_auto:${AMENT_PREFIX_PATH} CMAKE_PREFIX_PATH=/autoware/install/tier4_autoware_utils:/autoware/install/autoware_auto_vehicle_msgs:/autoware/install/autoware_auto_planning_msgs:/autoware/install/autoware_auto_perception_msgs:/autoware/install/tier4_debug_msgs:/autoware/install/autoware_cmake:/autoware/install/autoware_auto_mapping_msgs:/autoware/install/autoware_auto_geometry_msgs:/autoware/install/autoware_lint_common:/autoware/install/ament_cmake_auto:/opt/ros/humble LD_LIBRARY_PATH=/autoware/install/tier4_autoware_utils/lib:/autoware/install/autoware_auto_vehicle_msgs/lib:/autoware/install/autoware_auto_planning_msgs/lib:/autoware/install/autoware_auto_perception_msgs/lib:/autoware/install/tier4_debug_msgs/lib:/autoware/install/autoware_auto_mapping_msgs/lib:/autoware/install/autoware_auto_geometry_msgs/lib:${LD_LIBRARY_PATH} PYTHONPATH=/autoware/install/autoware_auto_vehicle_msgs/local/lib/python3.10/dist-packages:/autoware/install/autoware_auto_planning_msgs/local/lib/python3.10/dist-packages:/autoware/install/autoware_auto_perception_msgs/local/lib/python3.10/dist-packages:/autoware/install/tier4_debug_msgs/local/lib/python3.10/dist-packages:/autoware/install/autoware_auto_mapping_msgs/local/lib/python3.10/dist-packages:/autoware/install/autoware_auto_geometry_msgs/local/lib/python3.10/dist-packages:${PYTHONPATH} /usr/bin/cmake --install /autoware/build/planning_error_monitor
[33.243s] -- Install configuration: "Release"
[33.243s] -- Execute custom install script
[33.243s] -- Up-to-date symlink: /autoware/install/planning_error_monitor/lib/planning_error_monitor/planning_error_monitor
[33.244s] -- Up-to-date symlink: /autoware/install/planning_error_monitor/lib/planning_error_monitor/invalid_trajectory_publisher
[33.244s] -- Up-to-date symlink: /autoware/install/planning_error_monitor/include/planning_error_monitor/debug_marker.hpp
[33.244s] -- Up-to-date symlink: /autoware/install/planning_error_monitor/include/planning_error_monitor/invalid_trajectory_publisher.hpp
[33.244s] -- Up-to-date symlink: /autoware/install/planning_error_monitor/include/planning_error_monitor/planning_error_monitor_node.hpp
[33.245s] -- Up-to-date symlink: /autoware/install/planning_error_monitor/share/planning_error_monitor/environment/library_path.sh
[33.245s] -- Up-to-date symlink: /autoware/install/planning_error_monitor/share/planning_error_monitor/environment/library_path.dsv
[33.245s] -- Up-to-date symlink: /autoware/install/planning_error_monitor/lib/libplanning_error_monitor_node.so
[33.245s] -- Up-to-date symlink: /autoware/install/planning_error_monitor/lib/libinvalid_trajectory_publisher_node.so
[33.245s] -- Up-to-date symlink: /autoware/install/planning_error_monitor/share/planning_error_monitor/config/planning_error_monitor.param.yaml
[33.245s] -- Up-to-date symlink: /autoware/install/planning_error_monitor/share/planning_error_monitor/launch/invalid_trajectory_publisher.launch.xml
[33.246s] -- Up-to-date symlink: /autoware/install/planning_error_monitor/share/planning_error_monitor/launch/planning_error_monitor.launch.xml
[33.246s] -- Up-to-date symlink: /autoware/install/planning_error_monitor/share/ament_index/resource_index/package_run_dependencies/planning_error_monitor
[33.246s] -- Up-to-date symlink: /autoware/install/planning_error_monitor/share/ament_index/resource_index/parent_prefix_path/planning_error_monitor
[33.246s] -- Up-to-date symlink: /autoware/install/planning_error_monitor/share/planning_error_monitor/environment/ament_prefix_path.sh
[33.247s] -- Up-to-date symlink: /autoware/install/planning_error_monitor/share/planning_error_monitor/environment/ament_prefix_path.dsv
[33.247s] -- Up-to-date symlink: /autoware/install/planning_error_monitor/share/planning_error_monitor/environment/path.sh
[33.247s] -- Up-to-date symlink: /autoware/install/planning_error_monitor/share/planning_error_monitor/environment/path.dsv
[33.247s] -- Up-to-date symlink: /autoware/install/planning_error_monitor/share/planning_error_monitor/local_setup.bash
[33.247s] -- Up-to-date symlink: /autoware/install/planning_error_monitor/share/planning_error_monitor/local_setup.sh
[33.247s] -- Up-to-date symlink: /autoware/install/planning_error_monitor/share/planning_error_monitor/local_setup.zsh
[33.247s] -- Up-to-date symlink: /autoware/install/planning_error_monitor/share/planning_error_monitor/local_setup.dsv
[33.248s] -- Symlinking: /autoware/install/planning_error_monitor/share/planning_error_monitor/package.dsv
[33.254s] -- Up-to-date symlink: /autoware/install/planning_error_monitor/share/ament_index/resource_index/packages/planning_error_monitor
[33.254s] -- Up-to-date symlink: /autoware/install/planning_error_monitor/share/ament_index/resource_index/rclcpp_components/planning_error_monitor
[33.254s] -- Up-to-date symlink: /autoware/install/planning_error_monitor/share/planning_error_monitor/cmake/ament_cmake_export_dependencies-extras.cmake
[33.255s] -- Up-to-date symlink: /autoware/install/planning_error_monitor/share/planning_error_monitor/cmake/ament_cmake_export_include_directories-extras.cmake
[33.255s] -- Up-to-date symlink: /autoware/install/planning_error_monitor/share/planning_error_monitor/cmake/ament_cmake_export_libraries-extras.cmake
[33.255s] -- Up-to-date symlink: /autoware/install/planning_error_monitor/share/planning_error_monitor/cmake/planning_error_monitorConfig.cmake
[33.255s] -- Up-to-date symlink: /autoware/install/planning_error_monitor/share/planning_error_monitor/cmake/planning_error_monitorConfig-version.cmake
[33.255s] -- Up-to-date symlink: /autoware/install/planning_error_monitor/share/planning_error_monitor/package.xml
[33.264s] Invoked command in '/autoware/build/planning_error_monitor' returned '0': AMENT_PREFIX_PATH=/autoware/install/tier4_autoware_utils:/autoware/install/autoware_auto_vehicle_msgs:/autoware/install/autoware_auto_planning_msgs:/autoware/install/autoware_auto_perception_msgs:/autoware/install/tier4_debug_msgs:/autoware/install/autoware_cmake:/autoware/install/autoware_auto_mapping_msgs:/autoware/install/autoware_auto_geometry_msgs:/autoware/install/autoware_lint_common:/autoware/install/ament_cmake_auto:${AMENT_PREFIX_PATH} CMAKE_PREFIX_PATH=/autoware/install/tier4_autoware_utils:/autoware/install/autoware_auto_vehicle_msgs:/autoware/install/autoware_auto_planning_msgs:/autoware/install/autoware_auto_perception_msgs:/autoware/install/tier4_debug_msgs:/autoware/install/autoware_cmake:/autoware/install/autoware_auto_mapping_msgs:/autoware/install/autoware_auto_geometry_msgs:/autoware/install/autoware_lint_common:/autoware/install/ament_cmake_auto:/opt/ros/humble LD_LIBRARY_PATH=/autoware/install/tier4_autoware_utils/lib:/autoware/install/autoware_auto_vehicle_msgs/lib:/autoware/install/autoware_auto_planning_msgs/lib:/autoware/install/autoware_auto_perception_msgs/lib:/autoware/install/tier4_debug_msgs/lib:/autoware/install/autoware_auto_mapping_msgs/lib:/autoware/install/autoware_auto_geometry_msgs/lib:${LD_LIBRARY_PATH} PYTHONPATH=/autoware/install/autoware_auto_vehicle_msgs/local/lib/python3.10/dist-packages:/autoware/install/autoware_auto_planning_msgs/local/lib/python3.10/dist-packages:/autoware/install/autoware_auto_perception_msgs/local/lib/python3.10/dist-packages:/autoware/install/tier4_debug_msgs/local/lib/python3.10/dist-packages:/autoware/install/autoware_auto_mapping_msgs/local/lib/python3.10/dist-packages:/autoware/install/autoware_auto_geometry_msgs/local/lib/python3.10/dist-packages:${PYTHONPATH} /usr/bin/cmake --install /autoware/build/planning_error_monitor
