[0.157s] Invoking command in '/autoware/build/autoware_auto_control_msgs': AMENT_PREFIX_PATH=/autoware/install/ament_cmake_auto:${AMENT_PREFIX_PATH} CMAKE_PREFIX_PATH=/autoware/install/ament_cmake_auto:/opt/ros/humble /usr/bin/cmake --build /autoware/build/autoware_auto_control_msgs -- -j64 -l64
[0.275s] Consolidate compiler generated dependencies of target autoware_auto_control_msgs__rosidl_generator_c
[0.276s] [  1%] Built target autoware_auto_control_msgs__cpp
[0.276s] [ 12%] Built target autoware_auto_control_msgs__rosidl_generator_c
[0.276s] [ 12%] Built target ament_cmake_python_symlink_autoware_auto_control_msgs
[0.276s] Consolidate compiler generated dependencies of target autoware_auto_control_msgs__rosidl_typesupport_cpp
[0.276s] Consolidate compiler generated dependencies of target autoware_auto_control_msgs__rosidl_typesupport_introspection_cpp
[0.276s] Consolidate compiler generated dependencies of target autoware_auto_control_msgs__rosidl_typesupport_fastrtps_cpp
[0.276s] Consolidate compiler generated dependencies of target autoware_auto_control_msgs__rosidl_typesupport_c
[0.276s] Consolidate compiler generated dependencies of target autoware_auto_control_msgs__rosidl_typesupport_introspection_c
[0.276s] Consolidate compiler generated dependencies of target autoware_auto_control_msgs__rosidl_typesupport_fastrtps_c
[0.281s] [ 25%] Built target autoware_auto_control_msgs__rosidl_typesupport_c
[0.283s] [ 34%] Built target autoware_auto_control_msgs__rosidl_typesupport_cpp
[0.283s] [ 45%] Built target autoware_auto_control_msgs__rosidl_typesupport_introspection_c
[0.283s] [ 56%] Built target autoware_auto_control_msgs__rosidl_typesupport_introspection_cpp
[0.283s] [ 67%] Built target autoware_auto_control_msgs__rosidl_typesupport_fastrtps_cpp
[0.285s] [ 78%] Built target autoware_auto_control_msgs__rosidl_typesupport_fastrtps_c
[0.291s] [ 78%] Built target autoware_auto_control_msgs
[0.318s] [ 80%] Built target autoware_auto_control_msgs__py
[0.370s] Consolidate compiler generated dependencies of target autoware_auto_control_msgs__rosidl_generator_py
[0.371s] [ 89%] Built target autoware_auto_control_msgs__rosidl_generator_py
[0.371s] Consolidate compiler generated dependencies of target autoware_auto_control_msgs__rosidl_typesupport_introspection_c__pyext
[0.371s] Consolidate compiler generated dependencies of target autoware_auto_control_msgs__rosidl_typesupport_c__pyext
[0.372s] Consolidate compiler generated dependencies of target autoware_auto_control_msgs__rosidl_typesupport_fastrtps_c__pyext
[0.375s] [ 92%] Built target autoware_auto_control_msgs__rosidl_typesupport_c__pyext
[0.376s] [ 96%] Built target autoware_auto_control_msgs__rosidl_typesupport_introspection_c__pyext
[0.379s] [100%] Built target autoware_auto_control_msgs__rosidl_typesupport_fastrtps_c__pyext
[0.613s] running egg_info
[0.613s] writing autoware_auto_control_msgs.egg-info/PKG-INFO
[0.613s] writing dependency_links to autoware_auto_control_msgs.egg-info/dependency_links.txt
[0.613s] writing top-level names to autoware_auto_control_msgs.egg-info/top_level.txt
[0.613s] reading manifest file 'autoware_auto_control_msgs.egg-info/SOURCES.txt'
[0.613s] writing manifest file 'autoware_auto_control_msgs.egg-info/SOURCES.txt'
[0.615s] [100%] Built target ament_cmake_python_build_autoware_auto_control_msgs_egg
[0.633s] Invoked command in '/autoware/build/autoware_auto_control_msgs' returned '0': AMENT_PREFIX_PATH=/autoware/install/ament_cmake_auto:${AMENT_PREFIX_PATH} CMAKE_PREFIX_PATH=/autoware/install/ament_cmake_auto:/opt/ros/humble /usr/bin/cmake --build /autoware/build/autoware_auto_control_msgs -- -j64 -l64
[0.825s] Invoking command in '/autoware/build/autoware_auto_control_msgs': AMENT_PREFIX_PATH=/autoware/install/ament_cmake_auto:${AMENT_PREFIX_PATH} CMAKE_PREFIX_PATH=/autoware/install/ament_cmake_auto:/opt/ros/humble /usr/bin/cmake --install /autoware/build/autoware_auto_control_msgs
[0.885s] -- Install configuration: "Release"
[0.885s] -- Execute custom install script
[0.885s] -- Up-to-date symlink: /autoware/install/autoware_auto_control_msgs/share/ament_index/resource_index/rosidl_interfaces/autoware_auto_control_msgs
[0.885s] -- Up-to-date symlink: /autoware/install/autoware_auto_control_msgs/include/autoware_auto_control_msgs/autoware_auto_control_msgs/msg/ackermann_control_command.h
[0.885s] -- Up-to-date symlink: /autoware/install/autoware_auto_control_msgs/include/autoware_auto_control_msgs/autoware_auto_control_msgs/msg/ackermann_lateral_command.h
[0.885s] -- Up-to-date symlink: /autoware/install/autoware_auto_control_msgs/include/autoware_auto_control_msgs/autoware_auto_control_msgs/msg/detail/ackermann_control_command__functions.h
[0.885s] -- Up-to-date symlink: /autoware/install/autoware_auto_control_msgs/include/autoware_auto_control_msgs/autoware_auto_control_msgs/msg/detail/ackermann_control_command__struct.h
[0.886s] -- Up-to-date symlink: /autoware/install/autoware_auto_control_msgs/include/autoware_auto_control_msgs/autoware_auto_control_msgs/msg/detail/ackermann_control_command__type_support.h
[0.886s] -- Up-to-date symlink: /autoware/install/autoware_auto_control_msgs/include/autoware_auto_control_msgs/autoware_auto_control_msgs/msg/detail/ackermann_lateral_command__functions.h
[0.886s] -- Up-to-date symlink: /autoware/install/autoware_auto_control_msgs/include/autoware_auto_control_msgs/autoware_auto_control_msgs/msg/detail/ackermann_lateral_command__struct.h
[0.887s] -- Up-to-date symlink: /autoware/install/autoware_auto_control_msgs/include/autoware_auto_control_msgs/autoware_auto_control_msgs/msg/detail/ackermann_lateral_command__type_support.h
[0.887s] -- Up-to-date symlink: /autoware/install/autoware_auto_control_msgs/include/autoware_auto_control_msgs/autoware_auto_control_msgs/msg/detail/high_level_control_command__functions.h
[0.887s] -- Up-to-date symlink: /autoware/install/autoware_auto_control_msgs/include/autoware_auto_control_msgs/autoware_auto_control_msgs/msg/detail/high_level_control_command__struct.h
[0.887s] -- Up-to-date symlink: /autoware/install/autoware_auto_control_msgs/include/autoware_auto_control_msgs/autoware_auto_control_msgs/msg/detail/high_level_control_command__type_support.h
[0.887s] -- Up-to-date symlink: /autoware/install/autoware_auto_control_msgs/include/autoware_auto_control_msgs/autoware_auto_control_msgs/msg/detail/longitudinal_command__functions.h
[0.887s] -- Up-to-date symlink: /autoware/install/autoware_auto_control_msgs/include/autoware_auto_control_msgs/autoware_auto_control_msgs/msg/detail/longitudinal_command__struct.h
[0.887s] -- Up-to-date symlink: /autoware/install/autoware_auto_control_msgs/include/autoware_auto_control_msgs/autoware_auto_control_msgs/msg/detail/longitudinal_command__type_support.h
[0.887s] -- Up-to-date symlink: /autoware/install/autoware_auto_control_msgs/include/autoware_auto_control_msgs/autoware_auto_control_msgs/msg/high_level_control_command.h
[0.888s] -- Up-to-date symlink: /autoware/install/autoware_auto_control_msgs/include/autoware_auto_control_msgs/autoware_auto_control_msgs/msg/longitudinal_command.h
[0.888s] -- Up-to-date symlink: /autoware/install/autoware_auto_control_msgs/include/autoware_auto_control_msgs/autoware_auto_control_msgs/msg/rosidl_generator_c__visibility_control.h
[0.888s] -- Up-to-date symlink: /autoware/install/autoware_auto_control_msgs/share/autoware_auto_control_msgs/environment/library_path.sh
[0.888s] -- Up-to-date symlink: /autoware/install/autoware_auto_control_msgs/share/autoware_auto_control_msgs/environment/library_path.dsv
[0.939s] -- Up-to-date symlink: /autoware/install/autoware_auto_control_msgs/include/autoware_auto_control_msgs/autoware_auto_control_msgs/msg/detail/ackermann_control_command__rosidl_typesupport_fastrtps_c.h
[0.939s] -- Up-to-date symlink: /autoware/install/autoware_auto_control_msgs/include/autoware_auto_control_msgs/autoware_auto_control_msgs/msg/detail/ackermann_lateral_command__rosidl_typesupport_fastrtps_c.h
[0.939s] -- Up-to-date symlink: /autoware/install/autoware_auto_control_msgs/include/autoware_auto_control_msgs/autoware_auto_control_msgs/msg/detail/high_level_control_command__rosidl_typesupport_fastrtps_c.h
[0.939s] -- Up-to-date symlink: /autoware/install/autoware_auto_control_msgs/include/autoware_auto_control_msgs/autoware_auto_control_msgs/msg/detail/longitudinal_command__rosidl_typesupport_fastrtps_c.h
[0.939s] -- Up-to-date symlink: /autoware/install/autoware_auto_control_msgs/include/autoware_auto_control_msgs/autoware_auto_control_msgs/msg/rosidl_typesupport_fastrtps_c__visibility_control.h
[0.939s] -- Up-to-date symlink: /autoware/install/autoware_auto_control_msgs/include/autoware_auto_control_msgs/autoware_auto_control_msgs/msg/detail/ackermann_control_command__rosidl_typesupport_introspection_c.h
[0.939s] -- Up-to-date symlink: /autoware/install/autoware_auto_control_msgs/include/autoware_auto_control_msgs/autoware_auto_control_msgs/msg/detail/ackermann_lateral_command__rosidl_typesupport_introspection_c.h
[0.940s] -- Up-to-date symlink: /autoware/install/autoware_auto_control_msgs/include/autoware_auto_control_msgs/autoware_auto_control_msgs/msg/detail/high_level_control_command__rosidl_typesupport_introspection_c.h
[0.940s] -- Up-to-date symlink: /autoware/install/autoware_auto_control_msgs/include/autoware_auto_control_msgs/autoware_auto_control_msgs/msg/detail/longitudinal_command__rosidl_typesupport_introspection_c.h
[0.940s] -- Up-to-date symlink: /autoware/install/autoware_auto_control_msgs/include/autoware_auto_control_msgs/autoware_auto_control_msgs/msg/rosidl_typesupport_introspection_c__visibility_control.h
[0.940s] -- Up-to-date symlink: /autoware/install/autoware_auto_control_msgs/include/autoware_auto_control_msgs/autoware_auto_control_msgs/msg/ackermann_control_command.hpp
[0.940s] -- Up-to-date symlink: /autoware/install/autoware_auto_control_msgs/include/autoware_auto_control_msgs/autoware_auto_control_msgs/msg/ackermann_lateral_command.hpp
[0.940s] -- Up-to-date symlink: /autoware/install/autoware_auto_control_msgs/include/autoware_auto_control_msgs/autoware_auto_control_msgs/msg/detail/ackermann_control_command__builder.hpp
[0.940s] -- Up-to-date symlink: /autoware/install/autoware_auto_control_msgs/include/autoware_auto_control_msgs/autoware_auto_control_msgs/msg/detail/ackermann_control_command__struct.hpp
[0.940s] -- Up-to-date symlink: /autoware/install/autoware_auto_control_msgs/include/autoware_auto_control_msgs/autoware_auto_control_msgs/msg/detail/ackermann_control_command__traits.hpp
[0.940s] -- Up-to-date symlink: /autoware/install/autoware_auto_control_msgs/include/autoware_auto_control_msgs/autoware_auto_control_msgs/msg/detail/ackermann_lateral_command__builder.hpp
[0.940s] -- Up-to-date symlink: /autoware/install/autoware_auto_control_msgs/include/autoware_auto_control_msgs/autoware_auto_control_msgs/msg/detail/ackermann_lateral_command__struct.hpp
[0.940s] -- Up-to-date symlink: /autoware/install/autoware_auto_control_msgs/include/autoware_auto_control_msgs/autoware_auto_control_msgs/msg/detail/ackermann_lateral_command__traits.hpp
[0.941s] -- Up-to-date symlink: /autoware/install/autoware_auto_control_msgs/include/autoware_auto_control_msgs/autoware_auto_control_msgs/msg/detail/high_level_control_command__builder.hpp
[0.941s] -- Up-to-date symlink: /autoware/install/autoware_auto_control_msgs/include/autoware_auto_control_msgs/autoware_auto_control_msgs/msg/detail/high_level_control_command__struct.hpp
[0.941s] -- Up-to-date symlink: /autoware/install/autoware_auto_control_msgs/include/autoware_auto_control_msgs/autoware_auto_control_msgs/msg/detail/high_level_control_command__traits.hpp
[0.941s] -- Up-to-date symlink: /autoware/install/autoware_auto_control_msgs/include/autoware_auto_control_msgs/autoware_auto_control_msgs/msg/detail/longitudinal_command__builder.hpp
[0.941s] -- Up-to-date symlink: /autoware/install/autoware_auto_control_msgs/include/autoware_auto_control_msgs/autoware_auto_control_msgs/msg/detail/longitudinal_command__struct.hpp
[0.941s] -- Up-to-date symlink: /autoware/install/autoware_auto_control_msgs/include/autoware_auto_control_msgs/autoware_auto_control_msgs/msg/detail/longitudinal_command__traits.hpp
[0.941s] -- Up-to-date symlink: /autoware/install/autoware_auto_control_msgs/include/autoware_auto_control_msgs/autoware_auto_control_msgs/msg/high_level_control_command.hpp
[0.941s] -- Up-to-date symlink: /autoware/install/autoware_auto_control_msgs/include/autoware_auto_control_msgs/autoware_auto_control_msgs/msg/longitudinal_command.hpp
[0.941s] -- Up-to-date symlink: /autoware/install/autoware_auto_control_msgs/include/autoware_auto_control_msgs/autoware_auto_control_msgs/msg/detail/ackermann_control_command__rosidl_typesupport_fastrtps_cpp.hpp
[0.942s] -- Up-to-date symlink: /autoware/install/autoware_auto_control_msgs/include/autoware_auto_control_msgs/autoware_auto_control_msgs/msg/detail/ackermann_lateral_command__rosidl_typesupport_fastrtps_cpp.hpp
[0.942s] -- Up-to-date symlink: /autoware/install/autoware_auto_control_msgs/include/autoware_auto_control_msgs/autoware_auto_control_msgs/msg/detail/high_level_control_command__rosidl_typesupport_fastrtps_cpp.hpp
[0.942s] -- Up-to-date symlink: /autoware/install/autoware_auto_control_msgs/include/autoware_auto_control_msgs/autoware_auto_control_msgs/msg/detail/longitudinal_command__rosidl_typesupport_fastrtps_cpp.hpp
[0.942s] -- Up-to-date symlink: /autoware/install/autoware_auto_control_msgs/include/autoware_auto_control_msgs/autoware_auto_control_msgs/msg/rosidl_typesupport_fastrtps_cpp__visibility_control.h
[0.942s] -- Up-to-date symlink: /autoware/install/autoware_auto_control_msgs/include/autoware_auto_control_msgs/autoware_auto_control_msgs/msg/detail/ackermann_control_command__rosidl_typesupport_introspection_cpp.hpp
[0.943s] -- Up-to-date symlink: /autoware/install/autoware_auto_control_msgs/include/autoware_auto_control_msgs/autoware_auto_control_msgs/msg/detail/ackermann_lateral_command__rosidl_typesupport_introspection_cpp.hpp
[0.948s] -- Up-to-date symlink: /autoware/install/autoware_auto_control_msgs/include/autoware_auto_control_msgs/autoware_auto_control_msgs/msg/detail/high_level_control_command__rosidl_typesupport_introspection_cpp.hpp
[0.948s] -- Up-to-date symlink: /autoware/install/autoware_auto_control_msgs/include/autoware_auto_control_msgs/autoware_auto_control_msgs/msg/detail/longitudinal_command__rosidl_typesupport_introspection_cpp.hpp
[0.948s] -- Up-to-date symlink: /autoware/install/autoware_auto_control_msgs/share/autoware_auto_control_msgs/environment/pythonpath.sh
[0.948s] -- Up-to-date symlink: /autoware/install/autoware_auto_control_msgs/share/autoware_auto_control_msgs/environment/pythonpath.dsv
[0.948s] -- Up-to-date symlink: /autoware/install/autoware_auto_control_msgs/local/lib/python3.10/dist-packages/autoware_auto_control_msgs-1.0.0-py3.10.egg-info/PKG-INFO
[0.949s] -- Up-to-date symlink: /autoware/install/autoware_auto_control_msgs/local/lib/python3.10/dist-packages/autoware_auto_control_msgs-1.0.0-py3.10.egg-info/SOURCES.txt
[0.949s] -- Up-to-date symlink: /autoware/install/autoware_auto_control_msgs/local/lib/python3.10/dist-packages/autoware_auto_control_msgs-1.0.0-py3.10.egg-info/dependency_links.txt
[0.949s] -- Up-to-date symlink: /autoware/install/autoware_auto_control_msgs/local/lib/python3.10/dist-packages/autoware_auto_control_msgs-1.0.0-py3.10.egg-info/top_level.txt
[0.949s] -- Up-to-date symlink: /autoware/install/autoware_auto_control_msgs/local/lib/python3.10/dist-packages/autoware_auto_control_msgs/__init__.py
[0.949s] -- Up-to-date symlink: /autoware/install/autoware_auto_control_msgs/local/lib/python3.10/dist-packages/autoware_auto_control_msgs/_autoware_auto_control_msgs_s.ep.rosidl_typesupport_c.c
[0.949s] -- Up-to-date symlink: /autoware/install/autoware_auto_control_msgs/local/lib/python3.10/dist-packages/autoware_auto_control_msgs/_autoware_auto_control_msgs_s.ep.rosidl_typesupport_fastrtps_c.c
[0.949s] -- Up-to-date symlink: /autoware/install/autoware_auto_control_msgs/local/lib/python3.10/dist-packages/autoware_auto_control_msgs/_autoware_auto_control_msgs_s.ep.rosidl_typesupport_introspection_c.c
[0.949s] -- Up-to-date symlink: /autoware/install/autoware_auto_control_msgs/local/lib/python3.10/dist-packages/autoware_auto_control_msgs/autoware_auto_control_msgs_s__rosidl_typesupport_c.cpython-310-x86_64-linux-gnu.so
[0.949s] -- Up-to-date symlink: /autoware/install/autoware_auto_control_msgs/local/lib/python3.10/dist-packages/autoware_auto_control_msgs/autoware_auto_control_msgs_s__rosidl_typesupport_fastrtps_c.cpython-310-x86_64-linux-gnu.so
[0.949s] -- Up-to-date symlink: /autoware/install/autoware_auto_control_msgs/local/lib/python3.10/dist-packages/autoware_auto_control_msgs/autoware_auto_control_msgs_s__rosidl_typesupport_introspection_c.cpython-310-x86_64-linux-gnu.so
[0.949s] -- Up-to-date symlink: /autoware/install/autoware_auto_control_msgs/local/lib/python3.10/dist-packages/autoware_auto_control_msgs/libautoware_auto_control_msgs__rosidl_generator_py.so
[0.949s] -- Up-to-date symlink: /autoware/install/autoware_auto_control_msgs/local/lib/python3.10/dist-packages/autoware_auto_control_msgs/msg/__init__.py
[0.950s] -- Up-to-date symlink: /autoware/install/autoware_auto_control_msgs/local/lib/python3.10/dist-packages/autoware_auto_control_msgs/msg/_ackermann_control_command.py
[0.950s] -- Up-to-date symlink: /autoware/install/autoware_auto_control_msgs/local/lib/python3.10/dist-packages/autoware_auto_control_msgs/msg/_ackermann_control_command_s.c
[0.950s] -- Up-to-date symlink: /autoware/install/autoware_auto_control_msgs/local/lib/python3.10/dist-packages/autoware_auto_control_msgs/msg/_ackermann_lateral_command.py
[0.950s] -- Up-to-date symlink: /autoware/install/autoware_auto_control_msgs/local/lib/python3.10/dist-packages/autoware_auto_control_msgs/msg/_ackermann_lateral_command_s.c
[0.950s] -- Up-to-date symlink: /autoware/install/autoware_auto_control_msgs/local/lib/python3.10/dist-packages/autoware_auto_control_msgs/msg/_high_level_control_command.py
[0.950s] -- Up-to-date symlink: /autoware/install/autoware_auto_control_msgs/local/lib/python3.10/dist-packages/autoware_auto_control_msgs/msg/_high_level_control_command_s.c
[0.950s] -- Up-to-date symlink: /autoware/install/autoware_auto_control_msgs/local/lib/python3.10/dist-packages/autoware_auto_control_msgs/msg/_longitudinal_command.py
[0.950s] -- Up-to-date symlink: /autoware/install/autoware_auto_control_msgs/local/lib/python3.10/dist-packages/autoware_auto_control_msgs/msg/_longitudinal_command_s.c
[0.950s] -- Up-to-date symlink: /autoware/install/autoware_auto_control_msgs/local/lib/python3.10/dist-packages/autoware_auto_control_msgs/autoware_auto_control_msgs_s__rosidl_typesupport_fastrtps_c.cpython-310-x86_64-linux-gnu.so
[0.950s] -- Up-to-date symlink: /autoware/install/autoware_auto_control_msgs/local/lib/python3.10/dist-packages/autoware_auto_control_msgs/autoware_auto_control_msgs_s__rosidl_typesupport_introspection_c.cpython-310-x86_64-linux-gnu.so
[0.950s] -- Up-to-date symlink: /autoware/install/autoware_auto_control_msgs/local/lib/python3.10/dist-packages/autoware_auto_control_msgs/autoware_auto_control_msgs_s__rosidl_typesupport_c.cpython-310-x86_64-linux-gnu.so
[0.951s] -- Up-to-date symlink: /autoware/install/autoware_auto_control_msgs/share/autoware_auto_control_msgs/msg/AckermannControlCommand.idl
[0.951s] -- Up-to-date symlink: /autoware/install/autoware_auto_control_msgs/share/autoware_auto_control_msgs/msg/AckermannLateralCommand.idl
[0.951s] -- Up-to-date symlink: /autoware/install/autoware_auto_control_msgs/share/autoware_auto_control_msgs/msg/HighLevelControlCommand.idl
[0.951s] -- Up-to-date symlink: /autoware/install/autoware_auto_control_msgs/share/autoware_auto_control_msgs/msg/LongitudinalCommand.idl
[0.951s] -- Up-to-date symlink: /autoware/install/autoware_auto_control_msgs/share/ament_index/resource_index/package_run_dependencies/autoware_auto_control_msgs
[0.951s] -- Up-to-date symlink: /autoware/install/autoware_auto_control_msgs/share/ament_index/resource_index/parent_prefix_path/autoware_auto_control_msgs
[0.951s] -- Up-to-date symlink: /autoware/install/autoware_auto_control_msgs/share/autoware_auto_control_msgs/environment/ament_prefix_path.sh
[0.951s] -- Up-to-date symlink: /autoware/install/autoware_auto_control_msgs/share/autoware_auto_control_msgs/environment/ament_prefix_path.dsv
[0.951s] -- Up-to-date symlink: /autoware/install/autoware_auto_control_msgs/share/autoware_auto_control_msgs/environment/path.sh
[0.951s] -- Up-to-date symlink: /autoware/install/autoware_auto_control_msgs/share/autoware_auto_control_msgs/environment/path.dsv
[0.951s] -- Up-to-date symlink: /autoware/install/autoware_auto_control_msgs/share/autoware_auto_control_msgs/local_setup.bash
[0.951s] -- Up-to-date symlink: /autoware/install/autoware_auto_control_msgs/share/autoware_auto_control_msgs/local_setup.sh
[0.952s] -- Up-to-date symlink: /autoware/install/autoware_auto_control_msgs/share/autoware_auto_control_msgs/local_setup.zsh
[0.952s] -- Up-to-date symlink: /autoware/install/autoware_auto_control_msgs/share/autoware_auto_control_msgs/local_setup.dsv
[0.952s] -- Symlinking: /autoware/install/autoware_auto_control_msgs/share/autoware_auto_control_msgs/package.dsv
[0.952s] -- Up-to-date symlink: /autoware/install/autoware_auto_control_msgs/share/ament_index/resource_index/packages/autoware_auto_control_msgs
[0.956s] -- Up-to-date symlink: /autoware/install/autoware_auto_control_msgs/share/autoware_auto_control_msgs/cmake/rosidl_cmake-extras.cmake
[0.956s] -- Up-to-date symlink: /autoware/install/autoware_auto_control_msgs/share/autoware_auto_control_msgs/cmake/ament_cmake_export_dependencies-extras.cmake
[0.956s] -- Up-to-date symlink: /autoware/install/autoware_auto_control_msgs/share/autoware_auto_control_msgs/cmake/ament_cmake_export_include_directories-extras.cmake
[0.956s] -- Up-to-date symlink: /autoware/install/autoware_auto_control_msgs/share/autoware_auto_control_msgs/cmake/ament_cmake_export_libraries-extras.cmake
[0.956s] -- Up-to-date symlink: /autoware/install/autoware_auto_control_msgs/share/autoware_auto_control_msgs/cmake/ament_cmake_export_targets-extras.cmake
[0.956s] -- Up-to-date symlink: /autoware/install/autoware_auto_control_msgs/share/autoware_auto_control_msgs/cmake/rosidl_cmake_export_typesupport_targets-extras.cmake
[0.956s] -- Up-to-date symlink: /autoware/install/autoware_auto_control_msgs/share/autoware_auto_control_msgs/cmake/rosidl_cmake_export_typesupport_libraries-extras.cmake
[0.956s] -- Up-to-date symlink: /autoware/install/autoware_auto_control_msgs/share/autoware_auto_control_msgs/cmake/autoware_auto_control_msgsConfig.cmake
[0.957s] -- Up-to-date symlink: /autoware/install/autoware_auto_control_msgs/share/autoware_auto_control_msgs/cmake/autoware_auto_control_msgsConfig-version.cmake
[0.957s] -- Up-to-date symlink: /autoware/install/autoware_auto_control_msgs/share/autoware_auto_control_msgs/package.xml
[0.957s] -- Up-to-date: /autoware/install/autoware_auto_control_msgs/lib/libautoware_auto_control_msgs__rosidl_generator_c.so
[0.957s] -- Up-to-date: /autoware/install/autoware_auto_control_msgs/lib/libautoware_auto_control_msgs__rosidl_typesupport_fastrtps_c.so
[0.957s] -- Up-to-date: /autoware/install/autoware_auto_control_msgs/lib/libautoware_auto_control_msgs__rosidl_typesupport_introspection_c.so
[0.957s] -- Up-to-date: /autoware/install/autoware_auto_control_msgs/lib/libautoware_auto_control_msgs__rosidl_typesupport_c.so
[0.957s] -- Up-to-date: /autoware/install/autoware_auto_control_msgs/lib/libautoware_auto_control_msgs__rosidl_typesupport_fastrtps_cpp.so
[0.957s] -- Up-to-date: /autoware/install/autoware_auto_control_msgs/lib/libautoware_auto_control_msgs__rosidl_typesupport_introspection_cpp.so
[0.957s] -- Up-to-date: /autoware/install/autoware_auto_control_msgs/lib/libautoware_auto_control_msgs__rosidl_typesupport_cpp.so
[0.958s] Listing '/autoware/install/autoware_auto_control_msgs/local/lib/python3.10/dist-packages/autoware_auto_control_msgs'...
[0.958s] Listing '/autoware/install/autoware_auto_control_msgs/local/lib/python3.10/dist-packages/autoware_auto_control_msgs/msg'...
[0.958s] -- Up-to-date: /autoware/install/autoware_auto_control_msgs/lib/libautoware_auto_control_msgs__rosidl_generator_py.so
[0.958s] -- Up-to-date: /autoware/install/autoware_auto_control_msgs/share/autoware_auto_control_msgs/cmake/export_autoware_auto_control_msgs__rosidl_generator_cExport.cmake
[0.958s] -- Up-to-date: /autoware/install/autoware_auto_control_msgs/share/autoware_auto_control_msgs/cmake/export_autoware_auto_control_msgs__rosidl_generator_cExport-release.cmake
[0.958s] -- Up-to-date: /autoware/install/autoware_auto_control_msgs/share/autoware_auto_control_msgs/cmake/export_autoware_auto_control_msgs__rosidl_typesupport_fastrtps_cExport.cmake
[0.962s] -- Up-to-date: /autoware/install/autoware_auto_control_msgs/share/autoware_auto_control_msgs/cmake/export_autoware_auto_control_msgs__rosidl_typesupport_fastrtps_cExport-release.cmake
[0.962s] -- Up-to-date: /autoware/install/autoware_auto_control_msgs/share/autoware_auto_control_msgs/cmake/autoware_auto_control_msgs__rosidl_typesupport_introspection_cExport.cmake
[0.962s] -- Up-to-date: /autoware/install/autoware_auto_control_msgs/share/autoware_auto_control_msgs/cmake/autoware_auto_control_msgs__rosidl_typesupport_introspection_cExport-release.cmake
[0.962s] -- Up-to-date: /autoware/install/autoware_auto_control_msgs/share/autoware_auto_control_msgs/cmake/autoware_auto_control_msgs__rosidl_typesupport_cExport.cmake
[0.962s] -- Up-to-date: /autoware/install/autoware_auto_control_msgs/share/autoware_auto_control_msgs/cmake/autoware_auto_control_msgs__rosidl_typesupport_cExport-release.cmake
[0.963s] -- Up-to-date: /autoware/install/autoware_auto_control_msgs/share/autoware_auto_control_msgs/cmake/export_autoware_auto_control_msgs__rosidl_generator_cppExport.cmake
[0.963s] -- Up-to-date: /autoware/install/autoware_auto_control_msgs/share/autoware_auto_control_msgs/cmake/export_autoware_auto_control_msgs__rosidl_typesupport_fastrtps_cppExport.cmake
[0.963s] -- Up-to-date: /autoware/install/autoware_auto_control_msgs/share/autoware_auto_control_msgs/cmake/export_autoware_auto_control_msgs__rosidl_typesupport_fastrtps_cppExport-release.cmake
[0.963s] -- Up-to-date: /autoware/install/autoware_auto_control_msgs/share/autoware_auto_control_msgs/cmake/autoware_auto_control_msgs__rosidl_typesupport_introspection_cppExport.cmake
[0.963s] -- Up-to-date: /autoware/install/autoware_auto_control_msgs/share/autoware_auto_control_msgs/cmake/autoware_auto_control_msgs__rosidl_typesupport_introspection_cppExport-release.cmake
[0.963s] -- Up-to-date: /autoware/install/autoware_auto_control_msgs/share/autoware_auto_control_msgs/cmake/autoware_auto_control_msgs__rosidl_typesupport_cppExport.cmake
[0.963s] -- Up-to-date: /autoware/install/autoware_auto_control_msgs/share/autoware_auto_control_msgs/cmake/autoware_auto_control_msgs__rosidl_typesupport_cppExport-release.cmake
[0.963s] -- Up-to-date: /autoware/install/autoware_auto_control_msgs/share/autoware_auto_control_msgs/cmake/export_autoware_auto_control_msgs__rosidl_generator_pyExport.cmake
[0.963s] -- Up-to-date: /autoware/install/autoware_auto_control_msgs/share/autoware_auto_control_msgs/cmake/export_autoware_auto_control_msgs__rosidl_generator_pyExport-release.cmake
[1.074s] Invoked command in '/autoware/build/autoware_auto_control_msgs' returned '0': AMENT_PREFIX_PATH=/autoware/install/ament_cmake_auto:${AMENT_PREFIX_PATH} CMAKE_PREFIX_PATH=/autoware/install/ament_cmake_auto:/opt/ros/humble /usr/bin/cmake --install /autoware/build/autoware_auto_control_msgs
