[0.119s] Invoking command in '/autoware/build/grid_map_utils': AMENT_PREFIX_PATH=/autoware/install/tier4_autoware_utils:/autoware/install/autoware_auto_vehicle_msgs:/autoware/install/autoware_auto_planning_msgs:/autoware/install/autoware_auto_perception_msgs:/autoware/install/tier4_debug_msgs:/autoware/install/autoware_cmake:/autoware/install/autoware_auto_mapping_msgs:/autoware/install/autoware_auto_geometry_msgs:/autoware/install/autoware_lint_common:${AMENT_PREFIX_PATH} CMAKE_PREFIX_PATH=/autoware/install/tier4_autoware_utils:/autoware/install/autoware_auto_vehicle_msgs:/autoware/install/autoware_auto_planning_msgs:/autoware/install/autoware_auto_perception_msgs:/autoware/install/tier4_debug_msgs:/autoware/install/autoware_cmake:/autoware/install/autoware_auto_mapping_msgs:/autoware/install/autoware_auto_geometry_msgs:/autoware/install/autoware_lint_common:/opt/ros/humble LD_LIBRARY_PATH=/autoware/install/tier4_autoware_utils/lib:/autoware/install/autoware_auto_vehicle_msgs/lib:/autoware/install/autoware_auto_planning_msgs/lib:/autoware/install/autoware_auto_perception_msgs/lib:/autoware/install/tier4_debug_msgs/lib:/autoware/install/autoware_auto_mapping_msgs/lib:/autoware/install/autoware_auto_geometry_msgs/lib:${LD_LIBRARY_PATH} PYTHONPATH=/autoware/install/autoware_auto_vehicle_msgs/local/lib/python3.10/dist-packages:/autoware/install/autoware_auto_planning_msgs/local/lib/python3.10/dist-packages:/autoware/install/autoware_auto_perception_msgs/local/lib/python3.10/dist-packages:/autoware/install/tier4_debug_msgs/local/lib/python3.10/dist-packages:/autoware/install/autoware_auto_mapping_msgs/local/lib/python3.10/dist-packages:/autoware/install/autoware_auto_geometry_msgs/local/lib/python3.10/dist-packages:${PYTHONPATH} /usr/bin/cmake --build /autoware/build/grid_map_utils -- -j64 -l64
[0.149s] -- Found autoware_cmake: 0.1.0 (/autoware/install/autoware_cmake/share/autoware_cmake/cmake)
[0.149s] -- Found ament_cmake_auto: 1.3.2 (/opt/ros/humble/share/ament_cmake_auto/cmake)
[0.295s] -- Override CMake install command with custom implementation using symlinks instead of copying resources
[0.412s] -- Found rosidl_generator_c: 3.1.3 (/opt/ros/humble/share/rosidl_generator_c/cmake)
[0.414s] -- Found rosidl_adapter: 3.1.3 (/opt/ros/humble/share/rosidl_adapter/cmake)
[0.420s] -- Found rosidl_generator_cpp: 3.1.3 (/opt/ros/humble/share/rosidl_generator_cpp/cmake)
[0.430s] -- Using all available rosidl_typesupport_c: rosidl_typesupport_fastrtps_c;rosidl_typesupport_introspection_c
[0.444s] -- Using all available rosidl_typesupport_cpp: rosidl_typesupport_fastrtps_cpp;rosidl_typesupport_introspection_cpp
[0.725s] -- Found rmw_implementation_cmake: 6.1.0 (/opt/ros/humble/share/rmw_implementation_cmake/cmake)
[0.726s] -- Found rmw_fastrtps_cpp: 6.2.1 (/opt/ros/humble/share/rmw_fastrtps_cpp/cmake)
[0.854s] -- Using RMW implementation 'rmw_fastrtps_cpp' as default
[1.849s] -- Found eigen3_cmake_module: 0.1.1 (/opt/ros/humble/share/eigen3_cmake_module/cmake)
[1.850s] -- Ensuring Eigen3 include directory is part of orocos-kdl CMake target
[2.270s] -- Found ament_lint_auto: 0.12.4 (/opt/ros/humble/share/ament_lint_auto/cmake)
[2.944s] -- Found gtest sources under '/opt/ros/humble/src/gtest_vendor': C++ tests using 'Google Test' will be built
[2.961s] -- Added test 'copyright' to check source files copyright and LICENSE
[2.963s] -- Added test 'cppcheck' to perform static code analysis on C / C++ code
[2.963s] -- Configured cppcheck include dirs: /autoware/src/universe/autoware.universe/common/grid_map_utils/include
[2.963s] -- Configured cppcheck exclude dirs and/or files: 
[2.964s] -- Added test 'lint_cmake' to check CMake code style
[2.964s] -- Added test 'xmllint' to check XML markup files
[2.969s] -- Configuring done
[3.125s] -- Generating done
[3.127s] -- Build files have been written to: /autoware/build/grid_map_utils
[3.159s] Consolidate compiler generated dependencies of target gtest_main
[3.161s] Consolidate compiler generated dependencies of target gtest
[3.161s] Consolidate compiler generated dependencies of target grid_map_utils
[3.172s] [ 20%] Built target gtest_main
[3.174s] [ 40%] Built target gtest
[3.176s] [ 50%] Building CXX object CMakeFiles/grid_map_utils.dir/src/polygon_iterator.cpp.o
[4.718s] [ 60%] Linking CXX shared library libgrid_map_utils.so
[4.856s] [ 60%] Built target grid_map_utils
[4.869s] Consolidate compiler generated dependencies of target test_grid_map_utils
[4.869s] Consolidate compiler generated dependencies of target benchmark
[4.883s] [ 70%] Building CXX object CMakeFiles/test_grid_map_utils.dir/test/test_polygon_iterator.cpp.o
[4.885s] [ 80%] Building CXX object CMakeFiles/benchmark.dir/test/benchmark.cpp.o
[7.661s] [ 90%] Linking CXX executable test_grid_map_utils
[7.824s] [ 90%] Built target test_grid_map_utils
[8.432s] [100%] Linking CXX executable benchmark
[8.928s] [100%] Built target benchmark
[8.937s] Invoked command in '/autoware/build/grid_map_utils' returned '0': AMENT_PREFIX_PATH=/autoware/install/tier4_autoware_utils:/autoware/install/autoware_auto_vehicle_msgs:/autoware/install/autoware_auto_planning_msgs:/autoware/install/autoware_auto_perception_msgs:/autoware/install/tier4_debug_msgs:/autoware/install/autoware_cmake:/autoware/install/autoware_auto_mapping_msgs:/autoware/install/autoware_auto_geometry_msgs:/autoware/install/autoware_lint_common:${AMENT_PREFIX_PATH} CMAKE_PREFIX_PATH=/autoware/install/tier4_autoware_utils:/autoware/install/autoware_auto_vehicle_msgs:/autoware/install/autoware_auto_planning_msgs:/autoware/install/autoware_auto_perception_msgs:/autoware/install/tier4_debug_msgs:/autoware/install/autoware_cmake:/autoware/install/autoware_auto_mapping_msgs:/autoware/install/autoware_auto_geometry_msgs:/autoware/install/autoware_lint_common:/opt/ros/humble LD_LIBRARY_PATH=/autoware/install/tier4_autoware_utils/lib:/autoware/install/autoware_auto_vehicle_msgs/lib:/autoware/install/autoware_auto_planning_msgs/lib:/autoware/install/autoware_auto_perception_msgs/lib:/autoware/install/tier4_debug_msgs/lib:/autoware/install/autoware_auto_mapping_msgs/lib:/autoware/install/autoware_auto_geometry_msgs/lib:${LD_LIBRARY_PATH} PYTHONPATH=/autoware/install/autoware_auto_vehicle_msgs/local/lib/python3.10/dist-packages:/autoware/install/autoware_auto_planning_msgs/local/lib/python3.10/dist-packages:/autoware/install/autoware_auto_perception_msgs/local/lib/python3.10/dist-packages:/autoware/install/tier4_debug_msgs/local/lib/python3.10/dist-packages:/autoware/install/autoware_auto_mapping_msgs/local/lib/python3.10/dist-packages:/autoware/install/autoware_auto_geometry_msgs/local/lib/python3.10/dist-packages:${PYTHONPATH} /usr/bin/cmake --build /autoware/build/grid_map_utils -- -j64 -l64
[8.958s] Invoking command in '/autoware/build/grid_map_utils': AMENT_PREFIX_PATH=/autoware/install/tier4_autoware_utils:/autoware/install/autoware_auto_vehicle_msgs:/autoware/install/autoware_auto_planning_msgs:/autoware/install/autoware_auto_perception_msgs:/autoware/install/tier4_debug_msgs:/autoware/install/autoware_cmake:/autoware/install/autoware_auto_mapping_msgs:/autoware/install/autoware_auto_geometry_msgs:/autoware/install/autoware_lint_common:${AMENT_PREFIX_PATH} CMAKE_PREFIX_PATH=/autoware/install/tier4_autoware_utils:/autoware/install/autoware_auto_vehicle_msgs:/autoware/install/autoware_auto_planning_msgs:/autoware/install/autoware_auto_perception_msgs:/autoware/install/tier4_debug_msgs:/autoware/install/autoware_cmake:/autoware/install/autoware_auto_mapping_msgs:/autoware/install/autoware_auto_geometry_msgs:/autoware/install/autoware_lint_common:/opt/ros/humble LD_LIBRARY_PATH=/autoware/install/tier4_autoware_utils/lib:/autoware/install/autoware_auto_vehicle_msgs/lib:/autoware/install/autoware_auto_planning_msgs/lib:/autoware/install/autoware_auto_perception_msgs/lib:/autoware/install/tier4_debug_msgs/lib:/autoware/install/autoware_auto_mapping_msgs/lib:/autoware/install/autoware_auto_geometry_msgs/lib:${LD_LIBRARY_PATH} PYTHONPATH=/autoware/install/autoware_auto_vehicle_msgs/local/lib/python3.10/dist-packages:/autoware/install/autoware_auto_planning_msgs/local/lib/python3.10/dist-packages:/autoware/install/autoware_auto_perception_msgs/local/lib/python3.10/dist-packages:/autoware/install/tier4_debug_msgs/local/lib/python3.10/dist-packages:/autoware/install/autoware_auto_mapping_msgs/local/lib/python3.10/dist-packages:/autoware/install/autoware_auto_geometry_msgs/local/lib/python3.10/dist-packages:${PYTHONPATH} /usr/bin/cmake --install /autoware/build/grid_map_utils
[8.963s] -- Install configuration: "Release"
[8.964s] -- Execute custom install script
[8.964s] -- Up-to-date symlink: /autoware/install/grid_map_utils/include/grid_map_utils/polygon_iterator.hpp
[8.964s] -- Up-to-date symlink: /autoware/install/grid_map_utils/share/grid_map_utils/environment/library_path.sh
[8.964s] -- Up-to-date symlink: /autoware/install/grid_map_utils/share/grid_map_utils/environment/library_path.dsv
[8.965s] -- Up-to-date symlink: /autoware/install/grid_map_utils/lib/libgrid_map_utils.so
[8.965s] -- Up-to-date symlink: /autoware/install/grid_map_utils/share/ament_index/resource_index/package_run_dependencies/grid_map_utils
[8.965s] -- Up-to-date symlink: /autoware/install/grid_map_utils/share/ament_index/resource_index/parent_prefix_path/grid_map_utils
[8.965s] -- Up-to-date symlink: /autoware/install/grid_map_utils/share/grid_map_utils/environment/ament_prefix_path.sh
[8.965s] -- Up-to-date symlink: /autoware/install/grid_map_utils/share/grid_map_utils/environment/ament_prefix_path.dsv
[8.966s] -- Up-to-date symlink: /autoware/install/grid_map_utils/share/grid_map_utils/environment/path.sh
[8.966s] -- Up-to-date symlink: /autoware/install/grid_map_utils/share/grid_map_utils/environment/path.dsv
[8.966s] -- Up-to-date symlink: /autoware/install/grid_map_utils/share/grid_map_utils/local_setup.bash
[8.966s] -- Up-to-date symlink: /autoware/install/grid_map_utils/share/grid_map_utils/local_setup.sh
[8.966s] -- Up-to-date symlink: /autoware/install/grid_map_utils/share/grid_map_utils/local_setup.zsh
[8.966s] -- Up-to-date symlink: /autoware/install/grid_map_utils/share/grid_map_utils/local_setup.dsv
[8.966s] -- Symlinking: /autoware/install/grid_map_utils/share/grid_map_utils/package.dsv
[8.972s] -- Up-to-date symlink: /autoware/install/grid_map_utils/share/ament_index/resource_index/packages/grid_map_utils
[8.973s] -- Up-to-date symlink: /autoware/install/grid_map_utils/share/grid_map_utils/cmake/ament_cmake_export_dependencies-extras.cmake
[8.973s] -- Up-to-date symlink: /autoware/install/grid_map_utils/share/grid_map_utils/cmake/ament_cmake_export_include_directories-extras.cmake
[8.973s] -- Up-to-date symlink: /autoware/install/grid_map_utils/share/grid_map_utils/cmake/ament_cmake_export_libraries-extras.cmake
[8.973s] -- Up-to-date symlink: /autoware/install/grid_map_utils/share/grid_map_utils/cmake/grid_map_utilsConfig.cmake
[8.973s] -- Up-to-date symlink: /autoware/install/grid_map_utils/share/grid_map_utils/cmake/grid_map_utilsConfig-version.cmake
[8.973s] -- Up-to-date symlink: /autoware/install/grid_map_utils/share/grid_map_utils/package.xml
[8.979s] Invoked command in '/autoware/build/grid_map_utils' returned '0': AMENT_PREFIX_PATH=/autoware/install/tier4_autoware_utils:/autoware/install/autoware_auto_vehicle_msgs:/autoware/install/autoware_auto_planning_msgs:/autoware/install/autoware_auto_perception_msgs:/autoware/install/tier4_debug_msgs:/autoware/install/autoware_cmake:/autoware/install/autoware_auto_mapping_msgs:/autoware/install/autoware_auto_geometry_msgs:/autoware/install/autoware_lint_common:${AMENT_PREFIX_PATH} CMAKE_PREFIX_PATH=/autoware/install/tier4_autoware_utils:/autoware/install/autoware_auto_vehicle_msgs:/autoware/install/autoware_auto_planning_msgs:/autoware/install/autoware_auto_perception_msgs:/autoware/install/tier4_debug_msgs:/autoware/install/autoware_cmake:/autoware/install/autoware_auto_mapping_msgs:/autoware/install/autoware_auto_geometry_msgs:/autoware/install/autoware_lint_common:/opt/ros/humble LD_LIBRARY_PATH=/autoware/install/tier4_autoware_utils/lib:/autoware/install/autoware_auto_vehicle_msgs/lib:/autoware/install/autoware_auto_planning_msgs/lib:/autoware/install/autoware_auto_perception_msgs/lib:/autoware/install/tier4_debug_msgs/lib:/autoware/install/autoware_auto_mapping_msgs/lib:/autoware/install/autoware_auto_geometry_msgs/lib:${LD_LIBRARY_PATH} PYTHONPATH=/autoware/install/autoware_auto_vehicle_msgs/local/lib/python3.10/dist-packages:/autoware/install/autoware_auto_planning_msgs/local/lib/python3.10/dist-packages:/autoware/install/autoware_auto_perception_msgs/local/lib/python3.10/dist-packages:/autoware/install/tier4_debug_msgs/local/lib/python3.10/dist-packages:/autoware/install/autoware_auto_mapping_msgs/local/lib/python3.10/dist-packages:/autoware/install/autoware_auto_geometry_msgs/local/lib/python3.10/dist-packages:${PYTHONPATH} /usr/bin/cmake --install /autoware/build/grid_map_utils
