-- The C compiler identification is GNU 11.3.0
-- The CXX compiler identification is GNU 11.3.0
-- Detecting C compiler ABI info
-- Detecting C compiler ABI info - done
-- Check for working C compiler: /usr/bin/cc - skipped
-- Detecting C compile features
-- Detecting C compile features - done
-- Detecting CXX compiler ABI info
-- Detecting CXX compiler ABI info - done
-- Check for working CXX compiler: /usr/bin/c++ - skipped
-- Detecting CXX compile features
-- Detecting CXX compile features - done
-- Found autoware_cmake: 0.1.0 (/autoware/install/autoware_cmake/share/autoware_cmake/cmake)
-- Found Python3: /usr/bin/python3.10 (found version "3.10.6") found components: Interpreter 
-- Override CMake install command with custom implementation using symlinks instead of copying resources
-- Found TinyXML2: /usr/lib/x86_64-linux-gnu/libtinyxml2.so  
-- Found rosidl_generator_c: 3.1.3 (/opt/ros/humble/share/rosidl_generator_c/cmake)
-- Found rosidl_adapter: 3.1.3 (/opt/ros/humble/share/rosidl_adapter/cmake)
-- Found rosidl_generator_cpp: 3.1.3 (/opt/ros/humble/share/rosidl_generator_cpp/cmake)
-- Using all available rosidl_typesupport_c: rosidl_typesupport_fastrtps_c;rosidl_typesupport_introspection_c
-- Using all available rosidl_typesupport_cpp: rosidl_typesupport_fastrtps_cpp;rosidl_typesupport_introspection_cpp
-- Found rmw_implementation_cmake: 6.1.0 (/opt/ros/humble/share/rmw_implementation_cmake/cmake)
-- Found rmw_fastrtps_cpp: 6.2.1 (/opt/ros/humble/share/rmw_fastrtps_cpp/cmake)
-- Found OpenSSL: /usr/lib/x86_64-linux-gnu/libcrypto.so (found version "3.0.2")  
-- Found FastRTPS: /opt/ros/humble/include  
-- Using RMW implementation 'rmw_fastrtps_cpp' as default
-- Found mrt_cmake_modules: 1.0.9 (/opt/ros/humble/share/mrt_cmake_modules/cmake)
-- Found Boost: /usr/lib/x86_64-linux-gnu/cmake/Boost-1.74.0/BoostConfig.cmake (found version "1.74.0") found components: wserialization thread random serialization log_setup prg_exec_monitor wave system chrono filesystem locale timer date_time regex graph program_options unit_test_framework log atomic iostreams 
-- Found OpenMP_C: -fopenmp (found version "4.5") 
-- Found OpenMP_CXX: -fopenmp (found version "4.5") 
-- Found OpenMP: TRUE (found version "4.5")  
-- Found pugixml: /usr/lib/x86_64-linux-gnu/libpugixml.so  
-- Found PkgConfig: /usr/bin/pkg-config (found version "0.29.2") 
-- Found GeographicLib: /usr/lib/x86_64-linux-gnu/libGeographic.so  
-- Found eigen3_cmake_module: 0.1.1 (/opt/ros/humble/share/eigen3_cmake_module/cmake)
-- Found Eigen3: TRUE (found version "3.4.0") 
-- Ensuring Eigen3 include directory is part of orocos-kdl CMake target
-- Setting OGRE_DIR to: '/opt/ros/humble/share/rviz_ogre_vendor/cmake/../../../opt/rviz_ogre_vendor/lib/OGRE/cmake'
-- Found OGRE
--   static     : OFF
--   components : HLMS;MeshLodGenerator;Overlay;Paging;Property;RTShaderSystem;Terrain;Volume
--   plugins    : Plugin_BSPSceneManager;Plugin_OctreeSceneManager;Plugin_PCZSceneManager;Plugin_ParticleFX;RenderSystem_GL;RenderSystem_GL3Plus;Codec_STBI
--   media      : /opt/ros/humble/opt/rviz_ogre_vendor/share/OGRE/Media
-- OGRE_LIBRARIES: OgreHLMS;OgreMeshLodGenerator;OgreOverlay;OgrePaging;OgreProperty;OgreRTShaderSystem;OgreTerrain;OgreVolume;OgreMain
-- OGRE_LIBRARY_DIRS: /opt/ros/humble/opt/rviz_ogre_vendor/lib
-- OGRE_PLUGINS: Plugin_BSPSceneManager;Plugin_OctreeSceneManager;Plugin_PCZSceneManager;Plugin_ParticleFX;RenderSystem_GL;RenderSystem_GL3Plus;Codec_STBI
-- OGRE_PLUGIN_DIR: /opt/ros/humble/opt/rviz_ogre_vendor/lib/OGRE
-- rviz_ogre_vendor::OgreOverlay for IMPORTED_LOCATION_RELEASE: /opt/ros/humble/opt/rviz_ogre_vendor/lib/libOgreOverlay.so
-- rviz_ogre_vendor::OgreOverlay for IMPORTED_LOCATION_DEBUG: /opt/ros/humble/opt/rviz_ogre_vendor/lib/libOgreOverlay.so
-- rviz_ogre_vendor::OgreMain for IMPORTED_LOCATION_RELEASE: /opt/ros/humble/opt/rviz_ogre_vendor/lib/libOgreMain.so
-- rviz_ogre_vendor::OgreMain for IMPORTED_LOCATION_DEBUG: /opt/ros/humble/opt/rviz_ogre_vendor/lib/libOgreMain.so
-- Could not find freeimage library
-- Found ZLIB: /usr/lib/x86_64-linux-gnu/libz.so (found version "1.2.11") 
-- Found OpenGL: /usr/lib/x86_64-linux-gnu/libOpenGL.so   
-- Found X11: /usr/include   
-- Looking for XOpenDisplay in /usr/lib/x86_64-linux-gnu/libX11.so;/usr/lib/x86_64-linux-gnu/libXext.so
-- Looking for XOpenDisplay in /usr/lib/x86_64-linux-gnu/libX11.so;/usr/lib/x86_64-linux-gnu/libXext.so - found
-- Looking for gethostbyname
-- Looking for gethostbyname - found
-- Looking for connect
-- Looking for connect - found
-- Looking for remove
-- Looking for remove - found
-- Looking for shmat
-- Looking for shmat - found
-- Looking for IceConnectionNumber in ICE
-- Looking for IceConnectionNumber in ICE - found
-- rviz_ogre_vendor::RenderSystem_GL for IMPORTED_LOCATION_RELEASE: _render_system_gl_static_library_abs-NOTFOUND
-- rviz_ogre_vendor::RenderSystem_GL for IMPORTED_LOCATION_DEBUG: _render_system_gl_static_library_abs-NOTFOUND
-- library: /usr/lib/x86_64-linux-gnu/libcurl.so
-- Found ament_lint_auto: 0.12.4 (/opt/ros/humble/share/ament_lint_auto/cmake)
-- Added test 'copyright' to check source files copyright and LICENSE
-- Added test 'cppcheck' to perform static code analysis on C / C++ code
-- Configured cppcheck include dirs: 
-- Configured cppcheck exclude dirs and/or files: 
-- Added test 'lint_cmake' to check CMake code style
-- Added test 'xmllint' to check XML markup files
-- Configuring done
-- Generating done
-- Build files have been written to: /autoware/build/tier4_traffic_light_rviz_plugin
[ 25%] Automatic MOC for target tier4_traffic_light_rviz_plugin
[ 25%] Built target tier4_traffic_light_rviz_plugin_autogen
[ 50%] Building CXX object CMakeFiles/tier4_traffic_light_rviz_plugin.dir/tier4_traffic_light_rviz_plugin_autogen/mocs_compilation.cpp.o
[ 75%] Building CXX object CMakeFiles/tier4_traffic_light_rviz_plugin.dir/src/traffic_light_publish_panel.cpp.o
In file included from /opt/ros/humble/opt/rviz_ogre_vendor/include/OGRE/OgreMemoryAllocatorConfig.h:32,
                 from /opt/ros/humble/opt/rviz_ogre_vendor/include/OGRE/OgrePrerequisites.h:315,
                 from /opt/ros/humble/opt/rviz_ogre_vendor/include/OGRE/OgreVector.h:37,
                 from /opt/ros/humble/opt/rviz_ogre_vendor/include/OGRE/OgreVector3.h:1,
                 from /opt/ros/humble/include/rviz_common/rviz_common/frame_manager_iface.hpp:45,
                 from /opt/ros/humble/include/rviz_common/rviz_common/display_context.hpp:42,
                 from /autoware/src/universe/autoware.universe/common/tier4_traffic_light_rviz_plugin/src/traffic_light_publish_panel.cpp:28:
/opt/ros/humble/opt/rviz_ogre_vendor/include/OGRE/OgreAlignedAllocator.h:108:73: warning: extra ‘;’ [-Wpedantic]
  108 |         AlignedAllocator(const AlignedAllocator<U, Alignment>& other) {};
      |                                                                         ^
      |                                                                         -
In file included from /opt/ros/humble/opt/rviz_ogre_vendor/include/OGRE/OgreVector3.h:1,
                 from /opt/ros/humble/include/rviz_common/rviz_common/frame_manager_iface.hpp:45,
                 from /opt/ros/humble/include/rviz_common/rviz_common/display_context.hpp:42,
                 from /autoware/src/universe/autoware.universe/common/tier4_traffic_light_rviz_plugin/src/traffic_light_publish_panel.cpp:28:
/opt/ros/humble/opt/rviz_ogre_vendor/include/OGRE/OgreVector.h: In member function ‘Ogre::Radian Ogre::VectorBase<2, float>::angleTo(const Vector2&) const’:
/opt/ros/humble/opt/rviz_ogre_vendor/include/OGRE/OgreVector.h:770:16: warning: implicitly-declared ‘constexpr Ogre::Radian::Radian(const Ogre::Radian&)’ is deprecated [-Wdeprecated-copy]
  770 |         return angle;
      |                ^~~~~
In file included from /opt/ros/humble/opt/rviz_ogre_vendor/include/OGRE/OgreVector.h:38,
                 from /opt/ros/humble/opt/rviz_ogre_vendor/include/OGRE/OgreVector3.h:1,
                 from /opt/ros/humble/include/rviz_common/rviz_common/frame_manager_iface.hpp:45,
                 from /opt/ros/humble/include/rviz_common/rviz_common/display_context.hpp:42,
                 from /autoware/src/universe/autoware.universe/common/tier4_traffic_light_rviz_plugin/src/traffic_light_publish_panel.cpp:28:
/opt/ros/humble/opt/rviz_ogre_vendor/include/OGRE/OgreMath.h:70:17: note: because ‘Ogre::Radian’ has user-provided ‘Ogre::Radian& Ogre::Radian::operator=(const Ogre::Radian&)’
   70 |         Radian& operator = ( const Radian& r ) { mRad = r.mRad; return *this; }
      |                 ^~~~~~~~
In file included from /opt/ros/humble/opt/rviz_ogre_vendor/include/OGRE/OgreVector3.h:1,
                 from /opt/ros/humble/include/rviz_common/rviz_common/frame_manager_iface.hpp:45,
                 from /opt/ros/humble/include/rviz_common/rviz_common/display_context.hpp:42,
                 from /autoware/src/universe/autoware.universe/common/tier4_traffic_light_rviz_plugin/src/traffic_light_publish_panel.cpp:28:
/opt/ros/humble/opt/rviz_ogre_vendor/include/OGRE/OgreVector.h: In member function ‘Ogre::Quaternion Ogre::VectorBase<3, float>::getRotationTo(const Vector3&, const Vector3&) const’:
/opt/ros/humble/opt/rviz_ogre_vendor/include/OGRE/OgreVector.h:835:32: warning: implicitly-declared ‘constexpr Ogre::Quaternion::Quaternion(const Ogre::Quaternion&)’ is deprecated [-Wdeprecated-copy]
  835 |             return Quaternion::IDENTITY;
      |                                ^~~~~~~~
In file included from /opt/ros/humble/opt/rviz_ogre_vendor/include/OGRE/OgreVector.h:39,
                 from /opt/ros/humble/opt/rviz_ogre_vendor/include/OGRE/OgreVector3.h:1,
                 from /opt/ros/humble/include/rviz_common/rviz_common/frame_manager_iface.hpp:45,
                 from /opt/ros/humble/include/rviz_common/rviz_common/display_context.hpp:42,
                 from /autoware/src/universe/autoware.universe/common/tier4_traffic_light_rviz_plugin/src/traffic_light_publish_panel.cpp:28:
/opt/ros/humble/opt/rviz_ogre_vendor/include/OGRE/OgreQuaternion.h:176:28: note: because ‘Ogre::Quaternion’ has user-provided ‘Ogre::Quaternion& Ogre::Quaternion::operator=(const Ogre::Quaternion&)’
  176 |         inline Quaternion& operator= (const Quaternion& rkQ)
      |                            ^~~~~~~~
In file included from /opt/ros/humble/opt/rviz_ogre_vendor/include/OGRE/OgreVector3.h:1,
                 from /opt/ros/humble/include/rviz_common/rviz_common/frame_manager_iface.hpp:45,
                 from /opt/ros/humble/include/rviz_common/rviz_common/display_context.hpp:42,
                 from /autoware/src/universe/autoware.universe/common/tier4_traffic_light_rviz_plugin/src/traffic_light_publish_panel.cpp:28:
/opt/ros/humble/opt/rviz_ogre_vendor/include/OGRE/OgreVector.h:853:16: warning: implicitly-declared ‘constexpr Ogre::Quaternion::Quaternion(const Ogre::Quaternion&)’ is deprecated [-Wdeprecated-copy]
  853 |         return q;
      |                ^
In file included from /opt/ros/humble/opt/rviz_ogre_vendor/include/OGRE/OgreVector.h:39,
                 from /opt/ros/humble/opt/rviz_ogre_vendor/include/OGRE/OgreVector3.h:1,
                 from /opt/ros/humble/include/rviz_common/rviz_common/frame_manager_iface.hpp:45,
                 from /opt/ros/humble/include/rviz_common/rviz_common/display_context.hpp:42,
                 from /autoware/src/universe/autoware.universe/common/tier4_traffic_light_rviz_plugin/src/traffic_light_publish_panel.cpp:28:
/opt/ros/humble/opt/rviz_ogre_vendor/include/OGRE/OgreQuaternion.h:176:28: note: because ‘Ogre::Quaternion’ has user-provided ‘Ogre::Quaternion& Ogre::Quaternion::operator=(const Ogre::Quaternion&)’
  176 |         inline Quaternion& operator= (const Quaternion& rkQ)
      |                            ^~~~~~~~
[100%] Linking CXX shared library libtier4_traffic_light_rviz_plugin.so
[100%] Built target tier4_traffic_light_rviz_plugin
-- Install configuration: "Release"
-- Execute custom install script
-- Symlinking: /autoware/install/tier4_traffic_light_rviz_plugin/share/tier4_traffic_light_rviz_plugin/plugins/plugin_description.xml
-- Symlinking: /autoware/install/tier4_traffic_light_rviz_plugin/share/tier4_traffic_light_rviz_plugin/environment/library_path.sh
-- Symlinking: /autoware/install/tier4_traffic_light_rviz_plugin/share/tier4_traffic_light_rviz_plugin/environment/library_path.dsv
-- Symlinking: /autoware/install/tier4_traffic_light_rviz_plugin/lib/libtier4_traffic_light_rviz_plugin.so
-- Symlinking: /autoware/install/tier4_traffic_light_rviz_plugin/share/tier4_traffic_light_rviz_plugin/icons/classes/TrafficLightPublishPanel.png
-- Up-to-date symlink: /autoware/install/tier4_traffic_light_rviz_plugin/share/tier4_traffic_light_rviz_plugin/plugins/plugin_description.xml
-- Symlinking: /autoware/install/tier4_traffic_light_rviz_plugin/share/ament_index/resource_index/package_run_dependencies/tier4_traffic_light_rviz_plugin
-- Symlinking: /autoware/install/tier4_traffic_light_rviz_plugin/share/ament_index/resource_index/parent_prefix_path/tier4_traffic_light_rviz_plugin
-- Symlinking: /autoware/install/tier4_traffic_light_rviz_plugin/share/tier4_traffic_light_rviz_plugin/environment/ament_prefix_path.sh
-- Symlinking: /autoware/install/tier4_traffic_light_rviz_plugin/share/tier4_traffic_light_rviz_plugin/environment/ament_prefix_path.dsv
-- Symlinking: /autoware/install/tier4_traffic_light_rviz_plugin/share/tier4_traffic_light_rviz_plugin/environment/path.sh
-- Symlinking: /autoware/install/tier4_traffic_light_rviz_plugin/share/tier4_traffic_light_rviz_plugin/environment/path.dsv
-- Symlinking: /autoware/install/tier4_traffic_light_rviz_plugin/share/tier4_traffic_light_rviz_plugin/local_setup.bash
-- Symlinking: /autoware/install/tier4_traffic_light_rviz_plugin/share/tier4_traffic_light_rviz_plugin/local_setup.sh
-- Symlinking: /autoware/install/tier4_traffic_light_rviz_plugin/share/tier4_traffic_light_rviz_plugin/local_setup.zsh
-- Symlinking: /autoware/install/tier4_traffic_light_rviz_plugin/share/tier4_traffic_light_rviz_plugin/local_setup.dsv
-- Symlinking: /autoware/install/tier4_traffic_light_rviz_plugin/share/tier4_traffic_light_rviz_plugin/package.dsv
-- Symlinking: /autoware/install/tier4_traffic_light_rviz_plugin/share/ament_index/resource_index/packages/tier4_traffic_light_rviz_plugin
-- Symlinking: /autoware/install/tier4_traffic_light_rviz_plugin/share/ament_index/resource_index/rviz_common__pluginlib__plugin/tier4_traffic_light_rviz_plugin
-- Symlinking: /autoware/install/tier4_traffic_light_rviz_plugin/share/tier4_traffic_light_rviz_plugin/cmake/ament_cmake_export_dependencies-extras.cmake
-- Symlinking: /autoware/install/tier4_traffic_light_rviz_plugin/share/tier4_traffic_light_rviz_plugin/cmake/ament_cmake_export_libraries-extras.cmake
-- Symlinking: /autoware/install/tier4_traffic_light_rviz_plugin/share/tier4_traffic_light_rviz_plugin/cmake/tier4_traffic_light_rviz_pluginConfig.cmake
-- Symlinking: /autoware/install/tier4_traffic_light_rviz_plugin/share/tier4_traffic_light_rviz_plugin/cmake/tier4_traffic_light_rviz_pluginConfig-version.cmake
-- Symlinking: /autoware/install/tier4_traffic_light_rviz_plugin/share/tier4_traffic_light_rviz_plugin/package.xml
