[0.064s] Invoking command in '/autoware/build/tier4_api_utils': AMENT_PREFIX_PATH=/autoware/install/tier4_external_api_msgs:/autoware/install/autoware_cmake:/autoware/install/autoware_lint_common:/autoware/install/ament_cmake_auto:${AMENT_PREFIX_PATH} CMAKE_PREFIX_PATH=/autoware/install/tier4_external_api_msgs:/autoware/install/autoware_cmake:/autoware/install/autoware_lint_common:/autoware/install/ament_cmake_auto:/opt/ros/humble LD_LIBRARY_PATH=/autoware/install/tier4_external_api_msgs/lib:${LD_LIBRARY_PATH} PYTHONPATH=/autoware/install/tier4_external_api_msgs/local/lib/python3.10/dist-packages:${PYTHONPATH} /usr/bin/cmake --build /autoware/build/tier4_api_utils -- -j64 -l64
[0.185s] -- Found autoware_cmake: 0.1.0 (/autoware/install/autoware_cmake/share/autoware_cmake/cmake)
[0.186s] -- Found ament_cmake_auto: 1.3.2 (/opt/ros/humble/share/ament_cmake_auto/cmake)
[0.222s] -- Override CMake install command with custom implementation using symlinks instead of copying resources
[0.379s] -- Found rosidl_generator_c: 3.1.3 (/opt/ros/humble/share/rosidl_generator_c/cmake)
[0.379s] -- Found rosidl_adapter: 3.1.3 (/opt/ros/humble/share/rosidl_adapter/cmake)
[0.379s] -- Found rosidl_generator_cpp: 3.1.3 (/opt/ros/humble/share/rosidl_generator_cpp/cmake)
[0.380s] -- Using all available rosidl_typesupport_c: rosidl_typesupport_fastrtps_c;rosidl_typesupport_introspection_c
[0.380s] -- Using all available rosidl_typesupport_cpp: rosidl_typesupport_fastrtps_cpp;rosidl_typesupport_introspection_cpp
[0.410s] -- Found rmw_implementation_cmake: 6.1.0 (/opt/ros/humble/share/rmw_implementation_cmake/cmake)
[0.412s] -- Found rmw_fastrtps_cpp: 6.2.1 (/opt/ros/humble/share/rmw_fastrtps_cpp/cmake)
[0.574s] -- Using RMW implementation 'rmw_fastrtps_cpp' as default
[1.130s] -- Found ament_lint_auto: 0.12.4 (/opt/ros/humble/share/ament_lint_auto/cmake)
[1.144s] -- Found gtest sources under '/opt/ros/humble/src/gtest_vendor': C++ tests using 'Google Test' will be built
[1.165s] -- Added test 'copyright' to check source files copyright and LICENSE
[1.169s] -- Added test 'cppcheck' to perform static code analysis on C / C++ code
[1.169s] -- Configured cppcheck include dirs: /autoware/src/universe/autoware.universe/common/tier4_api_utils/include
[1.169s] -- Configured cppcheck exclude dirs and/or files: 
[1.170s] -- Added test 'lint_cmake' to check CMake code style
[1.171s] -- Added test 'xmllint' to check XML markup files
[1.179s] -- Configuring done
[1.206s] -- Generating done
[1.223s] -- Build files have been written to: /autoware/build/tier4_api_utils
[1.263s] Consolidate compiler generated dependencies of target gtest
[1.272s] Consolidate compiler generated dependencies of target gtest_main
[1.285s] [ 33%] Built target gtest
[1.292s] [ 66%] Built target gtest_main
[1.331s] Consolidate compiler generated dependencies of target tier4_api_utils_test
[1.359s] [100%] Built target tier4_api_utils_test
[1.373s] Invoked command in '/autoware/build/tier4_api_utils' returned '0': AMENT_PREFIX_PATH=/autoware/install/tier4_external_api_msgs:/autoware/install/autoware_cmake:/autoware/install/autoware_lint_common:/autoware/install/ament_cmake_auto:${AMENT_PREFIX_PATH} CMAKE_PREFIX_PATH=/autoware/install/tier4_external_api_msgs:/autoware/install/autoware_cmake:/autoware/install/autoware_lint_common:/autoware/install/ament_cmake_auto:/opt/ros/humble LD_LIBRARY_PATH=/autoware/install/tier4_external_api_msgs/lib:${LD_LIBRARY_PATH} PYTHONPATH=/autoware/install/tier4_external_api_msgs/local/lib/python3.10/dist-packages:${PYTHONPATH} /usr/bin/cmake --build /autoware/build/tier4_api_utils -- -j64 -l64
[1.453s] Invoking command in '/autoware/build/tier4_api_utils': AMENT_PREFIX_PATH=/autoware/install/tier4_external_api_msgs:/autoware/install/autoware_cmake:/autoware/install/autoware_lint_common:/autoware/install/ament_cmake_auto:${AMENT_PREFIX_PATH} CMAKE_PREFIX_PATH=/autoware/install/tier4_external_api_msgs:/autoware/install/autoware_cmake:/autoware/install/autoware_lint_common:/autoware/install/ament_cmake_auto:/opt/ros/humble LD_LIBRARY_PATH=/autoware/install/tier4_external_api_msgs/lib:${LD_LIBRARY_PATH} PYTHONPATH=/autoware/install/tier4_external_api_msgs/local/lib/python3.10/dist-packages:${PYTHONPATH} /usr/bin/cmake --install /autoware/build/tier4_api_utils
[1.504s] -- Install configuration: "Release"
[1.504s] -- Execute custom install script
[1.504s] -- Up-to-date symlink: /autoware/install/tier4_api_utils/include/tier4_api_utils/rclcpp/client.hpp
[1.504s] -- Up-to-date symlink: /autoware/install/tier4_api_utils/include/tier4_api_utils/rclcpp/proxy.hpp
[1.505s] -- Up-to-date symlink: /autoware/install/tier4_api_utils/include/tier4_api_utils/rclcpp/service.hpp
[1.505s] -- Up-to-date symlink: /autoware/install/tier4_api_utils/include/tier4_api_utils/tier4_api_utils.hpp
[1.505s] -- Up-to-date symlink: /autoware/install/tier4_api_utils/include/tier4_api_utils/types/response.hpp
[1.505s] -- Up-to-date symlink: /autoware/install/tier4_api_utils/share/ament_index/resource_index/package_run_dependencies/tier4_api_utils
[1.505s] -- Up-to-date symlink: /autoware/install/tier4_api_utils/share/ament_index/resource_index/parent_prefix_path/tier4_api_utils
[1.505s] -- Up-to-date symlink: /autoware/install/tier4_api_utils/share/tier4_api_utils/environment/ament_prefix_path.sh
[1.505s] -- Up-to-date symlink: /autoware/install/tier4_api_utils/share/tier4_api_utils/environment/ament_prefix_path.dsv
[1.505s] -- Up-to-date symlink: /autoware/install/tier4_api_utils/share/tier4_api_utils/environment/path.sh
[1.505s] -- Up-to-date symlink: /autoware/install/tier4_api_utils/share/tier4_api_utils/environment/path.dsv
[1.505s] -- Up-to-date symlink: /autoware/install/tier4_api_utils/share/tier4_api_utils/local_setup.bash
[1.505s] -- Up-to-date symlink: /autoware/install/tier4_api_utils/share/tier4_api_utils/local_setup.sh
[1.505s] -- Up-to-date symlink: /autoware/install/tier4_api_utils/share/tier4_api_utils/local_setup.zsh
[1.505s] -- Up-to-date symlink: /autoware/install/tier4_api_utils/share/tier4_api_utils/local_setup.dsv
[1.505s] -- Symlinking: /autoware/install/tier4_api_utils/share/tier4_api_utils/package.dsv
[1.505s] -- Up-to-date symlink: /autoware/install/tier4_api_utils/share/ament_index/resource_index/packages/tier4_api_utils
[1.505s] -- Up-to-date symlink: /autoware/install/tier4_api_utils/share/tier4_api_utils/cmake/ament_cmake_export_dependencies-extras.cmake
[1.506s] -- Up-to-date symlink: /autoware/install/tier4_api_utils/share/tier4_api_utils/cmake/ament_cmake_export_include_directories-extras.cmake
[1.506s] -- Up-to-date symlink: /autoware/install/tier4_api_utils/share/tier4_api_utils/cmake/tier4_api_utilsConfig.cmake
[1.506s] -- Up-to-date symlink: /autoware/install/tier4_api_utils/share/tier4_api_utils/cmake/tier4_api_utilsConfig-version.cmake
[1.506s] -- Up-to-date symlink: /autoware/install/tier4_api_utils/share/tier4_api_utils/package.xml
[1.560s] Invoked command in '/autoware/build/tier4_api_utils' returned '0': AMENT_PREFIX_PATH=/autoware/install/tier4_external_api_msgs:/autoware/install/autoware_cmake:/autoware/install/autoware_lint_common:/autoware/install/ament_cmake_auto:${AMENT_PREFIX_PATH} CMAKE_PREFIX_PATH=/autoware/install/tier4_external_api_msgs:/autoware/install/autoware_cmake:/autoware/install/autoware_lint_common:/autoware/install/ament_cmake_auto:/opt/ros/humble LD_LIBRARY_PATH=/autoware/install/tier4_external_api_msgs/lib:${LD_LIBRARY_PATH} PYTHONPATH=/autoware/install/tier4_external_api_msgs/local/lib/python3.10/dist-packages:${PYTHONPATH} /usr/bin/cmake --install /autoware/build/tier4_api_utils
