[0.104s] Invoking command in '/autoware/build/lane_departure_checker': AMENT_PREFIX_PATH=/autoware/install/motion_utils:/autoware/install/vehicle_info_util:/autoware/install/interpolation:/autoware/install/tier4_autoware_utils:/autoware/install/lanelet2_extension:/autoware/install/autoware_auto_vehicle_msgs:/autoware/install/autoware_utils:/autoware/install/autoware_planning_msgs:/autoware/install/autoware_auto_planning_msgs:/autoware/install/autoware_auto_perception_msgs:/autoware/install/tier4_debug_msgs:/autoware/install/autoware_common_msgs:/autoware/install/autoware_cmake:/autoware/install/autoware_auto_mapping_msgs:/autoware/install/autoware_auto_geometry_msgs:/autoware/install/autoware_lint_common:/autoware/install/ament_cmake_auto:${AMENT_PREFIX_PATH} CMAKE_PREFIX_PATH=/autoware/install/motion_utils:/autoware/install/vehicle_info_util:/autoware/install/interpolation:/autoware/install/tier4_autoware_utils:/autoware/install/lanelet2_extension:/autoware/install/autoware_auto_vehicle_msgs:/autoware/install/autoware_utils:/autoware/install/autoware_planning_msgs:/autoware/install/autoware_auto_planning_msgs:/autoware/install/autoware_auto_perception_msgs:/autoware/install/tier4_debug_msgs:/autoware/install/autoware_common_msgs:/autoware/install/autoware_cmake:/autoware/install/autoware_auto_mapping_msgs:/autoware/install/autoware_auto_geometry_msgs:/autoware/install/autoware_lint_common:/autoware/install/ament_cmake_auto:/opt/ros/humble LD_LIBRARY_PATH=/autoware/install/motion_utils/lib:/autoware/install/vehicle_info_util/lib:/autoware/install/interpolation/lib:/autoware/install/tier4_autoware_utils/lib:/autoware/install/lanelet2_extension/lib:/autoware/install/autoware_auto_vehicle_msgs/lib:/autoware/install/autoware_utils/lib:/autoware/install/autoware_planning_msgs/lib:/autoware/install/autoware_auto_planning_msgs/lib:/autoware/install/autoware_auto_perception_msgs/lib:/autoware/install/tier4_debug_msgs/lib:/autoware/install/autoware_common_msgs/lib:/autoware/install/autoware_auto_mapping_msgs/lib:/autoware/install/autoware_auto_geometry_msgs/lib:${LD_LIBRARY_PATH} PYTHONPATH=/autoware/install/autoware_auto_vehicle_msgs/local/lib/python3.10/dist-packages:/autoware/install/autoware_planning_msgs/local/lib/python3.10/dist-packages:/autoware/install/autoware_auto_planning_msgs/local/lib/python3.10/dist-packages:/autoware/install/autoware_auto_perception_msgs/local/lib/python3.10/dist-packages:/autoware/install/tier4_debug_msgs/local/lib/python3.10/dist-packages:/autoware/install/autoware_common_msgs/local/lib/python3.10/dist-packages:/autoware/install/autoware_auto_mapping_msgs/local/lib/python3.10/dist-packages:/autoware/install/autoware_auto_geometry_msgs/local/lib/python3.10/dist-packages:${PYTHONPATH} /usr/bin/cmake --build /autoware/build/lane_departure_checker -- -j64 -l64
[0.132s] -- Found autoware_cmake: 0.1.0 (/autoware/install/autoware_cmake/share/autoware_cmake/cmake)
[0.132s] -- Found ament_cmake_auto: 1.3.2 (/opt/ros/humble/share/ament_cmake_auto/cmake)
[0.285s] -- Override CMake install command with custom implementation using symlinks instead of copying resources
[0.395s] -- Found rosidl_generator_c: 3.1.3 (/opt/ros/humble/share/rosidl_generator_c/cmake)
[0.397s] -- Found rosidl_adapter: 3.1.3 (/opt/ros/humble/share/rosidl_adapter/cmake)
[0.403s] -- Found rosidl_generator_cpp: 3.1.3 (/opt/ros/humble/share/rosidl_generator_cpp/cmake)
[0.413s] -- Using all available rosidl_typesupport_c: rosidl_typesupport_fastrtps_c;rosidl_typesupport_introspection_c
[0.428s] -- Using all available rosidl_typesupport_cpp: rosidl_typesupport_fastrtps_cpp;rosidl_typesupport_introspection_cpp
[1.229s] -- Found rmw_implementation_cmake: 6.1.0 (/opt/ros/humble/share/rmw_implementation_cmake/cmake)
[1.231s] -- Found rmw_fastrtps_cpp: 6.2.1 (/opt/ros/humble/share/rmw_fastrtps_cpp/cmake)
[1.379s] -- Using RMW implementation 'rmw_fastrtps_cpp' as default
[1.579s] -- Found mrt_cmake_modules: 1.0.9 (/opt/ros/humble/share/mrt_cmake_modules/cmake)
[1.689s] -- Found eigen3_cmake_module: 0.1.1 (/opt/ros/humble/share/eigen3_cmake_module/cmake)
[1.690s] -- Ensuring Eigen3 include directory is part of orocos-kdl CMake target
[5.740s] -- Found ament_lint_auto: 0.12.4 (/opt/ros/humble/share/ament_lint_auto/cmake)
[13.215s] -- Added test 'copyright' to check source files copyright and LICENSE
[13.219s] -- Added test 'cppcheck' to perform static code analysis on C / C++ code
[13.220s] -- Configured cppcheck include dirs: /autoware/src/universe/autoware.universe/control/lane_departure_checker/include
[13.220s] -- Configured cppcheck exclude dirs and/or files: 
[13.222s] -- Added test 'lint_cmake' to check CMake code style
[13.223s] -- Added test 'xmllint' to check XML markup files
[13.230s] -- Configuring done
[13.357s] -- Generating done
[13.360s] -- Build files have been written to: /autoware/build/lane_departure_checker
[13.421s] Consolidate compiler generated dependencies of target lane_departure_checker_node
[13.451s] [ 40%] Built target lane_departure_checker_node
[13.458s] Consolidate compiler generated dependencies of target lane_departure_checker
[13.517s] [ 60%] Building CXX object CMakeFiles/lane_departure_checker.dir/src/lane_departure_checker_node/lane_departure_checker.cpp.o
[13.518s] [ 80%] Building CXX object CMakeFiles/lane_departure_checker.dir/src/lane_departure_checker_node/lane_departure_checker_node.cpp.o
[46.081s] [100%] Linking CXX shared library liblane_departure_checker.so
[46.474s] [100%] Built target lane_departure_checker
[46.483s] Invoked command in '/autoware/build/lane_departure_checker' returned '0': AMENT_PREFIX_PATH=/autoware/install/motion_utils:/autoware/install/vehicle_info_util:/autoware/install/interpolation:/autoware/install/tier4_autoware_utils:/autoware/install/lanelet2_extension:/autoware/install/autoware_auto_vehicle_msgs:/autoware/install/autoware_utils:/autoware/install/autoware_planning_msgs:/autoware/install/autoware_auto_planning_msgs:/autoware/install/autoware_auto_perception_msgs:/autoware/install/tier4_debug_msgs:/autoware/install/autoware_common_msgs:/autoware/install/autoware_cmake:/autoware/install/autoware_auto_mapping_msgs:/autoware/install/autoware_auto_geometry_msgs:/autoware/install/autoware_lint_common:/autoware/install/ament_cmake_auto:${AMENT_PREFIX_PATH} CMAKE_PREFIX_PATH=/autoware/install/motion_utils:/autoware/install/vehicle_info_util:/autoware/install/interpolation:/autoware/install/tier4_autoware_utils:/autoware/install/lanelet2_extension:/autoware/install/autoware_auto_vehicle_msgs:/autoware/install/autoware_utils:/autoware/install/autoware_planning_msgs:/autoware/install/autoware_auto_planning_msgs:/autoware/install/autoware_auto_perception_msgs:/autoware/install/tier4_debug_msgs:/autoware/install/autoware_common_msgs:/autoware/install/autoware_cmake:/autoware/install/autoware_auto_mapping_msgs:/autoware/install/autoware_auto_geometry_msgs:/autoware/install/autoware_lint_common:/autoware/install/ament_cmake_auto:/opt/ros/humble LD_LIBRARY_PATH=/autoware/install/motion_utils/lib:/autoware/install/vehicle_info_util/lib:/autoware/install/interpolation/lib:/autoware/install/tier4_autoware_utils/lib:/autoware/install/lanelet2_extension/lib:/autoware/install/autoware_auto_vehicle_msgs/lib:/autoware/install/autoware_utils/lib:/autoware/install/autoware_planning_msgs/lib:/autoware/install/autoware_auto_planning_msgs/lib:/autoware/install/autoware_auto_perception_msgs/lib:/autoware/install/tier4_debug_msgs/lib:/autoware/install/autoware_common_msgs/lib:/autoware/install/autoware_auto_mapping_msgs/lib:/autoware/install/autoware_auto_geometry_msgs/lib:${LD_LIBRARY_PATH} PYTHONPATH=/autoware/install/autoware_auto_vehicle_msgs/local/lib/python3.10/dist-packages:/autoware/install/autoware_planning_msgs/local/lib/python3.10/dist-packages:/autoware/install/autoware_auto_planning_msgs/local/lib/python3.10/dist-packages:/autoware/install/autoware_auto_perception_msgs/local/lib/python3.10/dist-packages:/autoware/install/tier4_debug_msgs/local/lib/python3.10/dist-packages:/autoware/install/autoware_common_msgs/local/lib/python3.10/dist-packages:/autoware/install/autoware_auto_mapping_msgs/local/lib/python3.10/dist-packages:/autoware/install/autoware_auto_geometry_msgs/local/lib/python3.10/dist-packages:${PYTHONPATH} /usr/bin/cmake --build /autoware/build/lane_departure_checker -- -j64 -l64
[46.505s] Invoking command in '/autoware/build/lane_departure_checker': AMENT_PREFIX_PATH=/autoware/install/motion_utils:/autoware/install/vehicle_info_util:/autoware/install/interpolation:/autoware/install/tier4_autoware_utils:/autoware/install/lanelet2_extension:/autoware/install/autoware_auto_vehicle_msgs:/autoware/install/autoware_utils:/autoware/install/autoware_planning_msgs:/autoware/install/autoware_auto_planning_msgs:/autoware/install/autoware_auto_perception_msgs:/autoware/install/tier4_debug_msgs:/autoware/install/autoware_common_msgs:/autoware/install/autoware_cmake:/autoware/install/autoware_auto_mapping_msgs:/autoware/install/autoware_auto_geometry_msgs:/autoware/install/autoware_lint_common:/autoware/install/ament_cmake_auto:${AMENT_PREFIX_PATH} CMAKE_PREFIX_PATH=/autoware/install/motion_utils:/autoware/install/vehicle_info_util:/autoware/install/interpolation:/autoware/install/tier4_autoware_utils:/autoware/install/lanelet2_extension:/autoware/install/autoware_auto_vehicle_msgs:/autoware/install/autoware_utils:/autoware/install/autoware_planning_msgs:/autoware/install/autoware_auto_planning_msgs:/autoware/install/autoware_auto_perception_msgs:/autoware/install/tier4_debug_msgs:/autoware/install/autoware_common_msgs:/autoware/install/autoware_cmake:/autoware/install/autoware_auto_mapping_msgs:/autoware/install/autoware_auto_geometry_msgs:/autoware/install/autoware_lint_common:/autoware/install/ament_cmake_auto:/opt/ros/humble LD_LIBRARY_PATH=/autoware/install/motion_utils/lib:/autoware/install/vehicle_info_util/lib:/autoware/install/interpolation/lib:/autoware/install/tier4_autoware_utils/lib:/autoware/install/lanelet2_extension/lib:/autoware/install/autoware_auto_vehicle_msgs/lib:/autoware/install/autoware_utils/lib:/autoware/install/autoware_planning_msgs/lib:/autoware/install/autoware_auto_planning_msgs/lib:/autoware/install/autoware_auto_perception_msgs/lib:/autoware/install/tier4_debug_msgs/lib:/autoware/install/autoware_common_msgs/lib:/autoware/install/autoware_auto_mapping_msgs/lib:/autoware/install/autoware_auto_geometry_msgs/lib:${LD_LIBRARY_PATH} PYTHONPATH=/autoware/install/autoware_auto_vehicle_msgs/local/lib/python3.10/dist-packages:/autoware/install/autoware_planning_msgs/local/lib/python3.10/dist-packages:/autoware/install/autoware_auto_planning_msgs/local/lib/python3.10/dist-packages:/autoware/install/autoware_auto_perception_msgs/local/lib/python3.10/dist-packages:/autoware/install/tier4_debug_msgs/local/lib/python3.10/dist-packages:/autoware/install/autoware_common_msgs/local/lib/python3.10/dist-packages:/autoware/install/autoware_auto_mapping_msgs/local/lib/python3.10/dist-packages:/autoware/install/autoware_auto_geometry_msgs/local/lib/python3.10/dist-packages:${PYTHONPATH} /usr/bin/cmake --install /autoware/build/lane_departure_checker
[46.512s] -- Install configuration: "Release"
[46.512s] -- Execute custom install script
[46.513s] -- Up-to-date symlink: /autoware/install/lane_departure_checker/lib/lane_departure_checker/lane_departure_checker_node
[46.513s] -- Up-to-date symlink: /autoware/install/lane_departure_checker/include/lane_departure_checker/lane_departure_checker.hpp
[46.513s] -- Up-to-date symlink: /autoware/install/lane_departure_checker/include/lane_departure_checker/lane_departure_checker_node.hpp
[46.513s] -- Up-to-date symlink: /autoware/install/lane_departure_checker/include/lane_departure_checker/util/create_vehicle_footprint.hpp
[46.514s] -- Up-to-date symlink: /autoware/install/lane_departure_checker/share/lane_departure_checker/environment/library_path.sh
[46.514s] -- Up-to-date symlink: /autoware/install/lane_departure_checker/share/lane_departure_checker/environment/library_path.dsv
[46.514s] -- Up-to-date symlink: /autoware/install/lane_departure_checker/lib/liblane_departure_checker.so
[46.514s] -- Up-to-date symlink: /autoware/install/lane_departure_checker/share/lane_departure_checker/launch/lane_departure_checker.launch.xml
[46.514s] -- Up-to-date symlink: /autoware/install/lane_departure_checker/share/lane_departure_checker/config/lane_departure_checker.param.yaml
[46.514s] -- Up-to-date symlink: /autoware/install/lane_departure_checker/share/ament_index/resource_index/package_run_dependencies/lane_departure_checker
[46.515s] -- Up-to-date symlink: /autoware/install/lane_departure_checker/share/ament_index/resource_index/parent_prefix_path/lane_departure_checker
[46.515s] -- Up-to-date symlink: /autoware/install/lane_departure_checker/share/lane_departure_checker/environment/ament_prefix_path.sh
[46.515s] -- Up-to-date symlink: /autoware/install/lane_departure_checker/share/lane_departure_checker/environment/ament_prefix_path.dsv
[46.516s] -- Up-to-date symlink: /autoware/install/lane_departure_checker/share/lane_departure_checker/environment/path.sh
[46.516s] -- Up-to-date symlink: /autoware/install/lane_departure_checker/share/lane_departure_checker/environment/path.dsv
[46.516s] -- Up-to-date symlink: /autoware/install/lane_departure_checker/share/lane_departure_checker/local_setup.bash
[46.516s] -- Up-to-date symlink: /autoware/install/lane_departure_checker/share/lane_departure_checker/local_setup.sh
[46.516s] -- Up-to-date symlink: /autoware/install/lane_departure_checker/share/lane_departure_checker/local_setup.zsh
[46.516s] -- Up-to-date symlink: /autoware/install/lane_departure_checker/share/lane_departure_checker/local_setup.dsv
[46.516s] -- Symlinking: /autoware/install/lane_departure_checker/share/lane_departure_checker/package.dsv
[46.523s] -- Up-to-date symlink: /autoware/install/lane_departure_checker/share/ament_index/resource_index/packages/lane_departure_checker
[46.523s] -- Up-to-date symlink: /autoware/install/lane_departure_checker/share/ament_index/resource_index/rclcpp_components/lane_departure_checker
[46.523s] -- Up-to-date symlink: /autoware/install/lane_departure_checker/share/lane_departure_checker/cmake/ament_cmake_export_dependencies-extras.cmake
[46.523s] -- Up-to-date symlink: /autoware/install/lane_departure_checker/share/lane_departure_checker/cmake/ament_cmake_export_include_directories-extras.cmake
[46.523s] -- Up-to-date symlink: /autoware/install/lane_departure_checker/share/lane_departure_checker/cmake/ament_cmake_export_libraries-extras.cmake
[46.523s] -- Up-to-date symlink: /autoware/install/lane_departure_checker/share/lane_departure_checker/cmake/lane_departure_checkerConfig.cmake
[46.524s] -- Up-to-date symlink: /autoware/install/lane_departure_checker/share/lane_departure_checker/cmake/lane_departure_checkerConfig-version.cmake
[46.524s] -- Up-to-date symlink: /autoware/install/lane_departure_checker/share/lane_departure_checker/package.xml
[46.532s] Invoked command in '/autoware/build/lane_departure_checker' returned '0': AMENT_PREFIX_PATH=/autoware/install/motion_utils:/autoware/install/vehicle_info_util:/autoware/install/interpolation:/autoware/install/tier4_autoware_utils:/autoware/install/lanelet2_extension:/autoware/install/autoware_auto_vehicle_msgs:/autoware/install/autoware_utils:/autoware/install/autoware_planning_msgs:/autoware/install/autoware_auto_planning_msgs:/autoware/install/autoware_auto_perception_msgs:/autoware/install/tier4_debug_msgs:/autoware/install/autoware_common_msgs:/autoware/install/autoware_cmake:/autoware/install/autoware_auto_mapping_msgs:/autoware/install/autoware_auto_geometry_msgs:/autoware/install/autoware_lint_common:/autoware/install/ament_cmake_auto:${AMENT_PREFIX_PATH} CMAKE_PREFIX_PATH=/autoware/install/motion_utils:/autoware/install/vehicle_info_util:/autoware/install/interpolation:/autoware/install/tier4_autoware_utils:/autoware/install/lanelet2_extension:/autoware/install/autoware_auto_vehicle_msgs:/autoware/install/autoware_utils:/autoware/install/autoware_planning_msgs:/autoware/install/autoware_auto_planning_msgs:/autoware/install/autoware_auto_perception_msgs:/autoware/install/tier4_debug_msgs:/autoware/install/autoware_common_msgs:/autoware/install/autoware_cmake:/autoware/install/autoware_auto_mapping_msgs:/autoware/install/autoware_auto_geometry_msgs:/autoware/install/autoware_lint_common:/autoware/install/ament_cmake_auto:/opt/ros/humble LD_LIBRARY_PATH=/autoware/install/motion_utils/lib:/autoware/install/vehicle_info_util/lib:/autoware/install/interpolation/lib:/autoware/install/tier4_autoware_utils/lib:/autoware/install/lanelet2_extension/lib:/autoware/install/autoware_auto_vehicle_msgs/lib:/autoware/install/autoware_utils/lib:/autoware/install/autoware_planning_msgs/lib:/autoware/install/autoware_auto_planning_msgs/lib:/autoware/install/autoware_auto_perception_msgs/lib:/autoware/install/tier4_debug_msgs/lib:/autoware/install/autoware_common_msgs/lib:/autoware/install/autoware_auto_mapping_msgs/lib:/autoware/install/autoware_auto_geometry_msgs/lib:${LD_LIBRARY_PATH} PYTHONPATH=/autoware/install/autoware_auto_vehicle_msgs/local/lib/python3.10/dist-packages:/autoware/install/autoware_planning_msgs/local/lib/python3.10/dist-packages:/autoware/install/autoware_auto_planning_msgs/local/lib/python3.10/dist-packages:/autoware/install/autoware_auto_perception_msgs/local/lib/python3.10/dist-packages:/autoware/install/tier4_debug_msgs/local/lib/python3.10/dist-packages:/autoware/install/autoware_common_msgs/local/lib/python3.10/dist-packages:/autoware/install/autoware_auto_mapping_msgs/local/lib/python3.10/dist-packages:/autoware/install/autoware_auto_geometry_msgs/local/lib/python3.10/dist-packages:${PYTHONPATH} /usr/bin/cmake --install /autoware/build/lane_departure_checker
