-- Found autoware_cmake: 0.1.0 (/autoware/install/autoware_cmake/share/autoware_cmake/cmake)
-- Found ament_cmake_auto: 1.3.2 (/opt/ros/humble/share/ament_cmake_auto/cmake)
-- Override CMake install command with custom implementation using symlinks instead of copying resources
-- Found rosidl_generator_c: 3.1.3 (/opt/ros/humble/share/rosidl_generator_c/cmake)
-- Found rosidl_adapter: 3.1.3 (/opt/ros/humble/share/rosidl_adapter/cmake)
-- Found rosidl_generator_cpp: 3.1.3 (/opt/ros/humble/share/rosidl_generator_cpp/cmake)
-- Using all available rosidl_typesupport_c: rosidl_typesupport_fastrtps_c;rosidl_typesupport_introspection_c
-- Using all available rosidl_typesupport_cpp: rosidl_typesupport_fastrtps_cpp;rosidl_typesupport_introspection_cpp
-- Found rmw_implementation_cmake: 6.1.0 (/opt/ros/humble/share/rmw_implementation_cmake/cmake)
-- Found rmw_fastrtps_cpp: 6.2.1 (/opt/ros/humble/share/rmw_fastrtps_cpp/cmake)
-- Using RMW implementation 'rmw_fastrtps_cpp' as default
-- Found eigen3_cmake_module: 0.1.1 (/opt/ros/humble/share/eigen3_cmake_module/cmake)
-- Ensuring Eigen3 include directory is part of orocos-kdl CMake target
-- Found ament_lint_auto: 0.12.4 (/opt/ros/humble/share/ament_lint_auto/cmake)
-- Found gtest sources under '/opt/ros/humble/src/gtest_vendor': C++ tests using 'Google Test' will be built
-- Found gtest sources under '/opt/ros/humble/src/gtest_vendor': C++ tests using 'Google Test' will be built
-- Added test 'copyright' to check source files copyright and LICENSE
-- Added test 'cppcheck' to perform static code analysis on C / C++ code
-- Configured cppcheck include dirs: /autoware/src/universe/autoware.universe/planning/freespace_planning_algorithms/include
-- Configured cppcheck exclude dirs and/or files: 
-- Added test 'lint_cmake' to check CMake code style
-- Added test 'xmllint' to check XML markup files
-- Configuring done
-- Generating done
-- Build files have been written to: /autoware/build/freespace_planning_algorithms
Consolidate compiler generated dependencies of target reeds_shepp
Consolidate compiler generated dependencies of target gtest_main
Consolidate compiler generated dependencies of target gtest
[ 12%] Linking CXX shared library libreeds_shepp.so
[ 18%] Built target gtest_main
[ 31%] Built target gtest
[ 37%] Built target reeds_shepp
Consolidate compiler generated dependencies of target rrtstar_core
[ 43%] Linking CXX shared library librrtstar_core.so
[ 50%] Built target rrtstar_core
Consolidate compiler generated dependencies of target freespace_planning_algorithms
[ 56%] Building CXX object CMakeFiles/freespace_planning_algorithms.dir/src/abstract_algorithm.cpp.o
[ 62%] Building CXX object CMakeFiles/freespace_planning_algorithms.dir/src/astar_search.cpp.o
[ 68%] Building CXX object CMakeFiles/freespace_planning_algorithms.dir/src/rrtstar.cpp.o
[ 75%] Linking CXX shared library libfreespace_planning_algorithms.so
[ 75%] Built target freespace_planning_algorithms
Consolidate compiler generated dependencies of target rrtstar_core_informed-test
Consolidate compiler generated dependencies of target freespace_planning_algorithms-test
[ 81%] Linking CXX executable rrtstar_core_informed-test
[ 87%] Building CXX object CMakeFiles/freespace_planning_algorithms-test.dir/test/src/test_freespace_planning_algorithms.cpp.o
[ 93%] Built target rrtstar_core_informed-test
[100%] Linking CXX executable freespace_planning_algorithms-test
[100%] Built target freespace_planning_algorithms-test
-- Install configuration: "Release"
-- Execute custom install script
-- Up-to-date symlink: /autoware/install/freespace_planning_algorithms/include/freespace_planning_algorithms/abstract_algorithm.hpp
-- Up-to-date symlink: /autoware/install/freespace_planning_algorithms/include/freespace_planning_algorithms/astar_search.hpp
-- Up-to-date symlink: /autoware/install/freespace_planning_algorithms/include/freespace_planning_algorithms/reeds_shepp.hpp
-- Up-to-date symlink: /autoware/install/freespace_planning_algorithms/include/freespace_planning_algorithms/rrtstar.hpp
-- Up-to-date symlink: /autoware/install/freespace_planning_algorithms/include/freespace_planning_algorithms/rrtstar_core.hpp
-- Up-to-date symlink: /autoware/install/freespace_planning_algorithms/share/freespace_planning_algorithms/environment/library_path.sh
-- Up-to-date symlink: /autoware/install/freespace_planning_algorithms/share/freespace_planning_algorithms/environment/library_path.dsv
-- Up-to-date symlink: /autoware/install/freespace_planning_algorithms/lib/libreeds_shepp.so
-- Up-to-date symlink: /autoware/install/freespace_planning_algorithms/lib/librrtstar_core.so
-- Up-to-date symlink: /autoware/install/freespace_planning_algorithms/lib/libfreespace_planning_algorithms.so
-- Up-to-date symlink: /autoware/install/freespace_planning_algorithms/share/ament_index/resource_index/package_run_dependencies/freespace_planning_algorithms
-- Up-to-date symlink: /autoware/install/freespace_planning_algorithms/share/ament_index/resource_index/parent_prefix_path/freespace_planning_algorithms
-- Up-to-date symlink: /autoware/install/freespace_planning_algorithms/share/freespace_planning_algorithms/environment/ament_prefix_path.sh
-- Up-to-date symlink: /autoware/install/freespace_planning_algorithms/share/freespace_planning_algorithms/environment/ament_prefix_path.dsv
-- Up-to-date symlink: /autoware/install/freespace_planning_algorithms/share/freespace_planning_algorithms/environment/path.sh
-- Up-to-date symlink: /autoware/install/freespace_planning_algorithms/share/freespace_planning_algorithms/environment/path.dsv
-- Up-to-date symlink: /autoware/install/freespace_planning_algorithms/share/freespace_planning_algorithms/local_setup.bash
-- Up-to-date symlink: /autoware/install/freespace_planning_algorithms/share/freespace_planning_algorithms/local_setup.sh
-- Up-to-date symlink: /autoware/install/freespace_planning_algorithms/share/freespace_planning_algorithms/local_setup.zsh
-- Up-to-date symlink: /autoware/install/freespace_planning_algorithms/share/freespace_planning_algorithms/local_setup.dsv
-- Symlinking: /autoware/install/freespace_planning_algorithms/share/freespace_planning_algorithms/package.dsv
-- Up-to-date symlink: /autoware/install/freespace_planning_algorithms/share/ament_index/resource_index/packages/freespace_planning_algorithms
-- Up-to-date symlink: /autoware/install/freespace_planning_algorithms/share/freespace_planning_algorithms/cmake/ament_cmake_export_dependencies-extras.cmake
-- Up-to-date symlink: /autoware/install/freespace_planning_algorithms/share/freespace_planning_algorithms/cmake/ament_cmake_export_include_directories-extras.cmake
-- Up-to-date symlink: /autoware/install/freespace_planning_algorithms/share/freespace_planning_algorithms/cmake/ament_cmake_export_libraries-extras.cmake
-- Up-to-date symlink: /autoware/install/freespace_planning_algorithms/share/freespace_planning_algorithms/cmake/freespace_planning_algorithmsConfig.cmake
-- Up-to-date symlink: /autoware/install/freespace_planning_algorithms/share/freespace_planning_algorithms/cmake/freespace_planning_algorithmsConfig-version.cmake
-- Up-to-date symlink: /autoware/install/freespace_planning_algorithms/share/freespace_planning_algorithms/package.xml
-- Up-to-date symlink: /autoware/install/freespace_planning_algorithms/lib/freespace_planning_algorithms/debug_plot.py
