[0.126s] Invoking command in '/autoware/build/freespace_planning_algorithms': AMENT_PREFIX_PATH=/autoware/install/tier4_autoware_utils:/autoware/install/autoware_auto_vehicle_msgs:/autoware/install/autoware_auto_planning_msgs:/autoware/install/autoware_auto_perception_msgs:/autoware/install/tier4_debug_msgs:/autoware/install/autoware_cmake:/autoware/install/autoware_auto_mapping_msgs:/autoware/install/autoware_auto_geometry_msgs:/autoware/install/autoware_lint_common:/autoware/install/ament_cmake_auto:${AMENT_PREFIX_PATH} CMAKE_PREFIX_PATH=/autoware/install/tier4_autoware_utils:/autoware/install/autoware_auto_vehicle_msgs:/autoware/install/autoware_auto_planning_msgs:/autoware/install/autoware_auto_perception_msgs:/autoware/install/tier4_debug_msgs:/autoware/install/autoware_cmake:/autoware/install/autoware_auto_mapping_msgs:/autoware/install/autoware_auto_geometry_msgs:/autoware/install/autoware_lint_common:/autoware/install/ament_cmake_auto:/opt/ros/humble LD_LIBRARY_PATH=/autoware/install/tier4_autoware_utils/lib:/autoware/install/autoware_auto_vehicle_msgs/lib:/autoware/install/autoware_auto_planning_msgs/lib:/autoware/install/autoware_auto_perception_msgs/lib:/autoware/install/tier4_debug_msgs/lib:/autoware/install/autoware_auto_mapping_msgs/lib:/autoware/install/autoware_auto_geometry_msgs/lib:${LD_LIBRARY_PATH} PYTHONPATH=/autoware/install/autoware_auto_vehicle_msgs/local/lib/python3.10/dist-packages:/autoware/install/autoware_auto_planning_msgs/local/lib/python3.10/dist-packages:/autoware/install/autoware_auto_perception_msgs/local/lib/python3.10/dist-packages:/autoware/install/tier4_debug_msgs/local/lib/python3.10/dist-packages:/autoware/install/autoware_auto_mapping_msgs/local/lib/python3.10/dist-packages:/autoware/install/autoware_auto_geometry_msgs/local/lib/python3.10/dist-packages:${PYTHONPATH} /usr/bin/cmake --build /autoware/build/freespace_planning_algorithms -- -j64 -l64
[0.156s] -- Found autoware_cmake: 0.1.0 (/autoware/install/autoware_cmake/share/autoware_cmake/cmake)
[0.156s] -- Found ament_cmake_auto: 1.3.2 (/opt/ros/humble/share/ament_cmake_auto/cmake)
[0.298s] -- Override CMake install command with custom implementation using symlinks instead of copying resources
[0.395s] -- Found rosidl_generator_c: 3.1.3 (/opt/ros/humble/share/rosidl_generator_c/cmake)
[0.397s] -- Found rosidl_adapter: 3.1.3 (/opt/ros/humble/share/rosidl_adapter/cmake)
[0.403s] -- Found rosidl_generator_cpp: 3.1.3 (/opt/ros/humble/share/rosidl_generator_cpp/cmake)
[0.413s] -- Using all available rosidl_typesupport_c: rosidl_typesupport_fastrtps_c;rosidl_typesupport_introspection_c
[0.427s] -- Using all available rosidl_typesupport_cpp: rosidl_typesupport_fastrtps_cpp;rosidl_typesupport_introspection_cpp
[0.674s] -- Found rmw_implementation_cmake: 6.1.0 (/opt/ros/humble/share/rmw_implementation_cmake/cmake)
[0.676s] -- Found rmw_fastrtps_cpp: 6.2.1 (/opt/ros/humble/share/rmw_fastrtps_cpp/cmake)
[0.804s] -- Using RMW implementation 'rmw_fastrtps_cpp' as default
[0.949s] -- Found eigen3_cmake_module: 0.1.1 (/opt/ros/humble/share/eigen3_cmake_module/cmake)
[0.950s] -- Ensuring Eigen3 include directory is part of orocos-kdl CMake target
[2.420s] -- Found ament_lint_auto: 0.12.4 (/opt/ros/humble/share/ament_lint_auto/cmake)
[3.465s] -- Found gtest sources under '/opt/ros/humble/src/gtest_vendor': C++ tests using 'Google Test' will be built
[3.469s] -- Found gtest sources under '/opt/ros/humble/src/gtest_vendor': C++ tests using 'Google Test' will be built
[3.479s] -- Added test 'copyright' to check source files copyright and LICENSE
[3.481s] -- Added test 'cppcheck' to perform static code analysis on C / C++ code
[3.482s] -- Configured cppcheck include dirs: /autoware/src/universe/autoware.universe/planning/freespace_planning_algorithms/include
[3.482s] -- Configured cppcheck exclude dirs and/or files: 
[3.483s] -- Added test 'lint_cmake' to check CMake code style
[3.484s] -- Added test 'xmllint' to check XML markup files
[3.489s] -- Configuring done
[3.767s] -- Generating done
[3.770s] -- Build files have been written to: /autoware/build/freespace_planning_algorithms
[3.801s] Consolidate compiler generated dependencies of target reeds_shepp
[3.802s] Consolidate compiler generated dependencies of target gtest_main
[3.804s] Consolidate compiler generated dependencies of target gtest
[3.814s] [ 12%] Linking CXX shared library libreeds_shepp.so
[3.814s] [ 18%] Built target gtest_main
[3.818s] [ 31%] Built target gtest
[5.090s] [ 37%] Built target reeds_shepp
[5.107s] Consolidate compiler generated dependencies of target rrtstar_core
[5.124s] [ 43%] Linking CXX shared library librrtstar_core.so
[8.079s] [ 50%] Built target rrtstar_core
[8.117s] Consolidate compiler generated dependencies of target freespace_planning_algorithms
[8.145s] [ 56%] Building CXX object CMakeFiles/freespace_planning_algorithms.dir/src/abstract_algorithm.cpp.o
[8.146s] [ 62%] Building CXX object CMakeFiles/freespace_planning_algorithms.dir/src/astar_search.cpp.o
[8.147s] [ 68%] Building CXX object CMakeFiles/freespace_planning_algorithms.dir/src/rrtstar.cpp.o
[16.335s] [ 75%] Linking CXX shared library libfreespace_planning_algorithms.so
[16.520s] [ 75%] Built target freespace_planning_algorithms
[16.539s] Consolidate compiler generated dependencies of target rrtstar_core_informed-test
[16.542s] Consolidate compiler generated dependencies of target freespace_planning_algorithms-test
[16.557s] [ 81%] Linking CXX executable rrtstar_core_informed-test
[16.562s] [ 87%] Building CXX object CMakeFiles/freespace_planning_algorithms-test.dir/test/src/test_freespace_planning_algorithms.cpp.o
[17.783s] [ 93%] Built target rrtstar_core_informed-test
[23.878s] [100%] Linking CXX executable freespace_planning_algorithms-test
[24.077s] [100%] Built target freespace_planning_algorithms-test
[24.086s] Invoked command in '/autoware/build/freespace_planning_algorithms' returned '0': AMENT_PREFIX_PATH=/autoware/install/tier4_autoware_utils:/autoware/install/autoware_auto_vehicle_msgs:/autoware/install/autoware_auto_planning_msgs:/autoware/install/autoware_auto_perception_msgs:/autoware/install/tier4_debug_msgs:/autoware/install/autoware_cmake:/autoware/install/autoware_auto_mapping_msgs:/autoware/install/autoware_auto_geometry_msgs:/autoware/install/autoware_lint_common:/autoware/install/ament_cmake_auto:${AMENT_PREFIX_PATH} CMAKE_PREFIX_PATH=/autoware/install/tier4_autoware_utils:/autoware/install/autoware_auto_vehicle_msgs:/autoware/install/autoware_auto_planning_msgs:/autoware/install/autoware_auto_perception_msgs:/autoware/install/tier4_debug_msgs:/autoware/install/autoware_cmake:/autoware/install/autoware_auto_mapping_msgs:/autoware/install/autoware_auto_geometry_msgs:/autoware/install/autoware_lint_common:/autoware/install/ament_cmake_auto:/opt/ros/humble LD_LIBRARY_PATH=/autoware/install/tier4_autoware_utils/lib:/autoware/install/autoware_auto_vehicle_msgs/lib:/autoware/install/autoware_auto_planning_msgs/lib:/autoware/install/autoware_auto_perception_msgs/lib:/autoware/install/tier4_debug_msgs/lib:/autoware/install/autoware_auto_mapping_msgs/lib:/autoware/install/autoware_auto_geometry_msgs/lib:${LD_LIBRARY_PATH} PYTHONPATH=/autoware/install/autoware_auto_vehicle_msgs/local/lib/python3.10/dist-packages:/autoware/install/autoware_auto_planning_msgs/local/lib/python3.10/dist-packages:/autoware/install/autoware_auto_perception_msgs/local/lib/python3.10/dist-packages:/autoware/install/tier4_debug_msgs/local/lib/python3.10/dist-packages:/autoware/install/autoware_auto_mapping_msgs/local/lib/python3.10/dist-packages:/autoware/install/autoware_auto_geometry_msgs/local/lib/python3.10/dist-packages:${PYTHONPATH} /usr/bin/cmake --build /autoware/build/freespace_planning_algorithms -- -j64 -l64
[24.116s] Invoking command in '/autoware/build/freespace_planning_algorithms': AMENT_PREFIX_PATH=/autoware/install/tier4_autoware_utils:/autoware/install/autoware_auto_vehicle_msgs:/autoware/install/autoware_auto_planning_msgs:/autoware/install/autoware_auto_perception_msgs:/autoware/install/tier4_debug_msgs:/autoware/install/autoware_cmake:/autoware/install/autoware_auto_mapping_msgs:/autoware/install/autoware_auto_geometry_msgs:/autoware/install/autoware_lint_common:/autoware/install/ament_cmake_auto:${AMENT_PREFIX_PATH} CMAKE_PREFIX_PATH=/autoware/install/tier4_autoware_utils:/autoware/install/autoware_auto_vehicle_msgs:/autoware/install/autoware_auto_planning_msgs:/autoware/install/autoware_auto_perception_msgs:/autoware/install/tier4_debug_msgs:/autoware/install/autoware_cmake:/autoware/install/autoware_auto_mapping_msgs:/autoware/install/autoware_auto_geometry_msgs:/autoware/install/autoware_lint_common:/autoware/install/ament_cmake_auto:/opt/ros/humble LD_LIBRARY_PATH=/autoware/install/tier4_autoware_utils/lib:/autoware/install/autoware_auto_vehicle_msgs/lib:/autoware/install/autoware_auto_planning_msgs/lib:/autoware/install/autoware_auto_perception_msgs/lib:/autoware/install/tier4_debug_msgs/lib:/autoware/install/autoware_auto_mapping_msgs/lib:/autoware/install/autoware_auto_geometry_msgs/lib:${LD_LIBRARY_PATH} PYTHONPATH=/autoware/install/autoware_auto_vehicle_msgs/local/lib/python3.10/dist-packages:/autoware/install/autoware_auto_planning_msgs/local/lib/python3.10/dist-packages:/autoware/install/autoware_auto_perception_msgs/local/lib/python3.10/dist-packages:/autoware/install/tier4_debug_msgs/local/lib/python3.10/dist-packages:/autoware/install/autoware_auto_mapping_msgs/local/lib/python3.10/dist-packages:/autoware/install/autoware_auto_geometry_msgs/local/lib/python3.10/dist-packages:${PYTHONPATH} /usr/bin/cmake --install /autoware/build/freespace_planning_algorithms
[24.123s] -- Install configuration: "Release"
[24.124s] -- Execute custom install script
[24.125s] -- Up-to-date symlink: /autoware/install/freespace_planning_algorithms/include/freespace_planning_algorithms/abstract_algorithm.hpp
[24.125s] -- Up-to-date symlink: /autoware/install/freespace_planning_algorithms/include/freespace_planning_algorithms/astar_search.hpp
[24.125s] -- Up-to-date symlink: /autoware/install/freespace_planning_algorithms/include/freespace_planning_algorithms/reeds_shepp.hpp
[24.125s] -- Up-to-date symlink: /autoware/install/freespace_planning_algorithms/include/freespace_planning_algorithms/rrtstar.hpp
[24.126s] -- Up-to-date symlink: /autoware/install/freespace_planning_algorithms/include/freespace_planning_algorithms/rrtstar_core.hpp
[24.126s] -- Up-to-date symlink: /autoware/install/freespace_planning_algorithms/share/freespace_planning_algorithms/environment/library_path.sh
[24.126s] -- Up-to-date symlink: /autoware/install/freespace_planning_algorithms/share/freespace_planning_algorithms/environment/library_path.dsv
[24.127s] -- Up-to-date symlink: /autoware/install/freespace_planning_algorithms/lib/libreeds_shepp.so
[24.127s] -- Up-to-date symlink: /autoware/install/freespace_planning_algorithms/lib/librrtstar_core.so
[24.127s] -- Up-to-date symlink: /autoware/install/freespace_planning_algorithms/lib/libfreespace_planning_algorithms.so
[24.127s] -- Up-to-date symlink: /autoware/install/freespace_planning_algorithms/share/ament_index/resource_index/package_run_dependencies/freespace_planning_algorithms
[24.127s] -- Up-to-date symlink: /autoware/install/freespace_planning_algorithms/share/ament_index/resource_index/parent_prefix_path/freespace_planning_algorithms
[24.127s] -- Up-to-date symlink: /autoware/install/freespace_planning_algorithms/share/freespace_planning_algorithms/environment/ament_prefix_path.sh
[24.128s] -- Up-to-date symlink: /autoware/install/freespace_planning_algorithms/share/freespace_planning_algorithms/environment/ament_prefix_path.dsv
[24.128s] -- Up-to-date symlink: /autoware/install/freespace_planning_algorithms/share/freespace_planning_algorithms/environment/path.sh
[24.128s] -- Up-to-date symlink: /autoware/install/freespace_planning_algorithms/share/freespace_planning_algorithms/environment/path.dsv
[24.128s] -- Up-to-date symlink: /autoware/install/freespace_planning_algorithms/share/freespace_planning_algorithms/local_setup.bash
[24.128s] -- Up-to-date symlink: /autoware/install/freespace_planning_algorithms/share/freespace_planning_algorithms/local_setup.sh
[24.128s] -- Up-to-date symlink: /autoware/install/freespace_planning_algorithms/share/freespace_planning_algorithms/local_setup.zsh
[24.128s] -- Up-to-date symlink: /autoware/install/freespace_planning_algorithms/share/freespace_planning_algorithms/local_setup.dsv
[24.128s] -- Symlinking: /autoware/install/freespace_planning_algorithms/share/freespace_planning_algorithms/package.dsv
[24.135s] -- Up-to-date symlink: /autoware/install/freespace_planning_algorithms/share/ament_index/resource_index/packages/freespace_planning_algorithms
[24.136s] -- Up-to-date symlink: /autoware/install/freespace_planning_algorithms/share/freespace_planning_algorithms/cmake/ament_cmake_export_dependencies-extras.cmake
[24.136s] -- Up-to-date symlink: /autoware/install/freespace_planning_algorithms/share/freespace_planning_algorithms/cmake/ament_cmake_export_include_directories-extras.cmake
[24.136s] -- Up-to-date symlink: /autoware/install/freespace_planning_algorithms/share/freespace_planning_algorithms/cmake/ament_cmake_export_libraries-extras.cmake
[24.136s] -- Up-to-date symlink: /autoware/install/freespace_planning_algorithms/share/freespace_planning_algorithms/cmake/freespace_planning_algorithmsConfig.cmake
[24.136s] -- Up-to-date symlink: /autoware/install/freespace_planning_algorithms/share/freespace_planning_algorithms/cmake/freespace_planning_algorithmsConfig-version.cmake
[24.136s] -- Up-to-date symlink: /autoware/install/freespace_planning_algorithms/share/freespace_planning_algorithms/package.xml
[24.137s] -- Up-to-date symlink: /autoware/install/freespace_planning_algorithms/lib/freespace_planning_algorithms/debug_plot.py
[24.147s] Invoked command in '/autoware/build/freespace_planning_algorithms' returned '0': AMENT_PREFIX_PATH=/autoware/install/tier4_autoware_utils:/autoware/install/autoware_auto_vehicle_msgs:/autoware/install/autoware_auto_planning_msgs:/autoware/install/autoware_auto_perception_msgs:/autoware/install/tier4_debug_msgs:/autoware/install/autoware_cmake:/autoware/install/autoware_auto_mapping_msgs:/autoware/install/autoware_auto_geometry_msgs:/autoware/install/autoware_lint_common:/autoware/install/ament_cmake_auto:${AMENT_PREFIX_PATH} CMAKE_PREFIX_PATH=/autoware/install/tier4_autoware_utils:/autoware/install/autoware_auto_vehicle_msgs:/autoware/install/autoware_auto_planning_msgs:/autoware/install/autoware_auto_perception_msgs:/autoware/install/tier4_debug_msgs:/autoware/install/autoware_cmake:/autoware/install/autoware_auto_mapping_msgs:/autoware/install/autoware_auto_geometry_msgs:/autoware/install/autoware_lint_common:/autoware/install/ament_cmake_auto:/opt/ros/humble LD_LIBRARY_PATH=/autoware/install/tier4_autoware_utils/lib:/autoware/install/autoware_auto_vehicle_msgs/lib:/autoware/install/autoware_auto_planning_msgs/lib:/autoware/install/autoware_auto_perception_msgs/lib:/autoware/install/tier4_debug_msgs/lib:/autoware/install/autoware_auto_mapping_msgs/lib:/autoware/install/autoware_auto_geometry_msgs/lib:${LD_LIBRARY_PATH} PYTHONPATH=/autoware/install/autoware_auto_vehicle_msgs/local/lib/python3.10/dist-packages:/autoware/install/autoware_auto_planning_msgs/local/lib/python3.10/dist-packages:/autoware/install/autoware_auto_perception_msgs/local/lib/python3.10/dist-packages:/autoware/install/tier4_debug_msgs/local/lib/python3.10/dist-packages:/autoware/install/autoware_auto_mapping_msgs/local/lib/python3.10/dist-packages:/autoware/install/autoware_auto_geometry_msgs/local/lib/python3.10/dist-packages:${PYTHONPATH} /usr/bin/cmake --install /autoware/build/freespace_planning_algorithms
