[0.013s] Invoking command in '/autoware/build/rtc_replayer': AMENT_PREFIX_PATH=/autoware/install/autoware_cmake:/autoware/install/tier4_rtc_msgs:/autoware/install/autoware_lint_common:${AMENT_PREFIX_PATH} CMAKE_PREFIX_PATH=/autoware/install/autoware_cmake:/autoware/install/tier4_rtc_msgs:/autoware/install/autoware_lint_common:/opt/ros/humble LD_LIBRARY_PATH=/autoware/install/tier4_rtc_msgs/lib:${LD_LIBRARY_PATH} PYTHONPATH=/autoware/install/tier4_rtc_msgs/local/lib/python3.10/dist-packages:${PYTHONPATH} /usr/bin/cmake /autoware/src/universe/autoware.universe/planning/rtc_replayer -DCMAKE_BUILD_TYPE=Release -DAMENT_CMAKE_SYMLINK_INSTALL=1 -DCMAKE_INSTALL_PREFIX=/autoware/install/rtc_replayer
[0.062s] -- The C compiler identification is GNU 11.3.0
[0.112s] -- The CXX compiler identification is GNU 11.3.0
[0.119s] -- Detecting C compiler ABI info
[0.183s] -- Detecting C compiler ABI info - done
[0.195s] -- Check for working C compiler: /usr/bin/cc - skipped
[0.195s] -- Detecting C compile features
[0.195s] -- Detecting C compile features - done
[0.200s] -- Detecting CXX compiler ABI info
[0.295s] -- Detecting CXX compiler ABI info - done
[0.308s] -- Check for working CXX compiler: /usr/bin/c++ - skipped
[0.308s] -- Detecting CXX compile features
[0.309s] -- Detecting CXX compile features - done
[0.310s] -- Found autoware_cmake: 0.1.0 (/autoware/install/autoware_cmake/share/autoware_cmake/cmake)
[0.521s] -- Found Python3: /usr/bin/python3.10 (found version "3.10.6") found components: Interpreter 
[0.587s] -- Override CMake install command with custom implementation using symlinks instead of copying resources
[0.772s] -- Found rosidl_generator_c: 3.1.3 (/opt/ros/humble/share/rosidl_generator_c/cmake)
[0.779s] -- Found rosidl_adapter: 3.1.3 (/opt/ros/humble/share/rosidl_adapter/cmake)
[0.791s] -- Found rosidl_generator_cpp: 3.1.3 (/opt/ros/humble/share/rosidl_generator_cpp/cmake)
[0.807s] -- Using all available rosidl_typesupport_c: rosidl_typesupport_fastrtps_c;rosidl_typesupport_introspection_c
[0.826s] -- Using all available rosidl_typesupport_cpp: rosidl_typesupport_fastrtps_cpp;rosidl_typesupport_introspection_cpp
[0.900s] -- Found rmw_implementation_cmake: 6.1.0 (/opt/ros/humble/share/rmw_implementation_cmake/cmake)
[0.903s] -- Found rmw_fastrtps_cpp: 6.2.1 (/opt/ros/humble/share/rmw_fastrtps_cpp/cmake)
[1.005s] -- Found OpenSSL: /usr/lib/x86_64-linux-gnu/libcrypto.so (found version "3.0.2")  
[1.095s] -- Found FastRTPS: /opt/ros/humble/include  
[1.112s] -- Using RMW implementation 'rmw_fastrtps_cpp' as default
[1.404s] -- Found ament_lint_auto: 0.12.4 (/opt/ros/humble/share/ament_lint_auto/cmake)
[1.422s] -- Added test 'copyright' to check source files copyright and LICENSE
[1.423s] -- Added test 'cppcheck' to perform static code analysis on C / C++ code
[1.424s] -- Configured cppcheck include dirs: /autoware/src/universe/autoware.universe/planning/rtc_replayer/include
[1.424s] -- Configured cppcheck exclude dirs and/or files: 
[1.424s] -- Added test 'lint_cmake' to check CMake code style
[1.424s] -- Added test 'xmllint' to check XML markup files
[1.428s] -- Configuring done
[1.442s] -- Generating done
[1.443s] -- Build files have been written to: /autoware/build/rtc_replayer
[1.453s] Invoked command in '/autoware/build/rtc_replayer' returned '0': AMENT_PREFIX_PATH=/autoware/install/autoware_cmake:/autoware/install/tier4_rtc_msgs:/autoware/install/autoware_lint_common:${AMENT_PREFIX_PATH} CMAKE_PREFIX_PATH=/autoware/install/autoware_cmake:/autoware/install/tier4_rtc_msgs:/autoware/install/autoware_lint_common:/opt/ros/humble LD_LIBRARY_PATH=/autoware/install/tier4_rtc_msgs/lib:${LD_LIBRARY_PATH} PYTHONPATH=/autoware/install/tier4_rtc_msgs/local/lib/python3.10/dist-packages:${PYTHONPATH} /usr/bin/cmake /autoware/src/universe/autoware.universe/planning/rtc_replayer -DCMAKE_BUILD_TYPE=Release -DAMENT_CMAKE_SYMLINK_INSTALL=1 -DCMAKE_INSTALL_PREFIX=/autoware/install/rtc_replayer
[1.455s] Invoking command in '/autoware/build/rtc_replayer': AMENT_PREFIX_PATH=/autoware/install/autoware_cmake:/autoware/install/tier4_rtc_msgs:/autoware/install/autoware_lint_common:${AMENT_PREFIX_PATH} CMAKE_PREFIX_PATH=/autoware/install/autoware_cmake:/autoware/install/tier4_rtc_msgs:/autoware/install/autoware_lint_common:/opt/ros/humble LD_LIBRARY_PATH=/autoware/install/tier4_rtc_msgs/lib:${LD_LIBRARY_PATH} PYTHONPATH=/autoware/install/tier4_rtc_msgs/local/lib/python3.10/dist-packages:${PYTHONPATH} /usr/bin/cmake --build /autoware/build/rtc_replayer -- -j64 -l64
[1.496s] [ 25%] Building CXX object CMakeFiles/rtc_replayer.dir/src/rtc_replayer_node.cpp.o
[1.498s] [ 50%] Building CXX object CMakeFiles/rtc_replayer_node.dir/rclcpp_components/node_main_rtc_replayer_node.cpp.o
[4.815s] [ 75%] Linking CXX executable rtc_replayer_node
[4.901s] [ 75%] Built target rtc_replayer_node
[11.625s] [100%] Linking CXX shared library librtc_replayer.so
[11.737s] [100%] Built target rtc_replayer
[11.746s] Invoked command in '/autoware/build/rtc_replayer' returned '0': AMENT_PREFIX_PATH=/autoware/install/autoware_cmake:/autoware/install/tier4_rtc_msgs:/autoware/install/autoware_lint_common:${AMENT_PREFIX_PATH} CMAKE_PREFIX_PATH=/autoware/install/autoware_cmake:/autoware/install/tier4_rtc_msgs:/autoware/install/autoware_lint_common:/opt/ros/humble LD_LIBRARY_PATH=/autoware/install/tier4_rtc_msgs/lib:${LD_LIBRARY_PATH} PYTHONPATH=/autoware/install/tier4_rtc_msgs/local/lib/python3.10/dist-packages:${PYTHONPATH} /usr/bin/cmake --build /autoware/build/rtc_replayer -- -j64 -l64
[11.763s] Invoking command in '/autoware/build/rtc_replayer': AMENT_PREFIX_PATH=/autoware/install/autoware_cmake:/autoware/install/tier4_rtc_msgs:/autoware/install/autoware_lint_common:${AMENT_PREFIX_PATH} CMAKE_PREFIX_PATH=/autoware/install/autoware_cmake:/autoware/install/tier4_rtc_msgs:/autoware/install/autoware_lint_common:/opt/ros/humble LD_LIBRARY_PATH=/autoware/install/tier4_rtc_msgs/lib:${LD_LIBRARY_PATH} PYTHONPATH=/autoware/install/tier4_rtc_msgs/local/lib/python3.10/dist-packages:${PYTHONPATH} /usr/bin/cmake --install /autoware/build/rtc_replayer
[11.769s] -- Install configuration: "Release"
[11.770s] -- Execute custom install script
[11.770s] -- Symlinking: /autoware/install/rtc_replayer/lib/rtc_replayer/rtc_replayer_node
[11.777s] -- Symlinking: /autoware/install/rtc_replayer/include/rtc_replayer/rtc_replayer_node.hpp
[11.783s] -- Symlinking: /autoware/install/rtc_replayer/share/rtc_replayer/environment/library_path.sh
[11.789s] -- Symlinking: /autoware/install/rtc_replayer/share/rtc_replayer/environment/library_path.dsv
[11.795s] -- Symlinking: /autoware/install/rtc_replayer/lib/librtc_replayer.so
[11.801s] -- Symlinking: /autoware/install/rtc_replayer/share/rtc_replayer/launch/rtc_replayer.launch.xml
[11.808s] -- Symlinking: /autoware/install/rtc_replayer/share/ament_index/resource_index/package_run_dependencies/rtc_replayer
[11.814s] -- Symlinking: /autoware/install/rtc_replayer/share/ament_index/resource_index/parent_prefix_path/rtc_replayer
[11.820s] -- Symlinking: /autoware/install/rtc_replayer/share/rtc_replayer/environment/ament_prefix_path.sh
[11.853s] -- Symlinking: /autoware/install/rtc_replayer/share/rtc_replayer/environment/ament_prefix_path.dsv
[11.853s] -- Symlinking: /autoware/install/rtc_replayer/share/rtc_replayer/environment/path.sh
[11.853s] -- Symlinking: /autoware/install/rtc_replayer/share/rtc_replayer/environment/path.dsv
[11.853s] -- Symlinking: /autoware/install/rtc_replayer/share/rtc_replayer/local_setup.bash
[11.853s] -- Symlinking: /autoware/install/rtc_replayer/share/rtc_replayer/local_setup.sh
[11.856s] -- Symlinking: /autoware/install/rtc_replayer/share/rtc_replayer/local_setup.zsh
[11.862s] -- Symlinking: /autoware/install/rtc_replayer/share/rtc_replayer/local_setup.dsv
[11.869s] -- Symlinking: /autoware/install/rtc_replayer/share/rtc_replayer/package.dsv
[11.916s] -- Symlinking: /autoware/install/rtc_replayer/share/ament_index/resource_index/packages/rtc_replayer
[11.916s] -- Symlinking: /autoware/install/rtc_replayer/share/ament_index/resource_index/rclcpp_components/rtc_replayer
[11.916s] -- Symlinking: /autoware/install/rtc_replayer/share/rtc_replayer/cmake/ament_cmake_export_dependencies-extras.cmake
[11.918s] -- Symlinking: /autoware/install/rtc_replayer/share/rtc_replayer/cmake/ament_cmake_export_include_directories-extras.cmake
[11.918s] -- Symlinking: /autoware/install/rtc_replayer/share/rtc_replayer/cmake/ament_cmake_export_libraries-extras.cmake
[11.919s] -- Symlinking: /autoware/install/rtc_replayer/share/rtc_replayer/cmake/rtc_replayerConfig.cmake
[11.920s] -- Symlinking: /autoware/install/rtc_replayer/share/rtc_replayer/cmake/rtc_replayerConfig-version.cmake
[11.921s] -- Symlinking: /autoware/install/rtc_replayer/share/rtc_replayer/package.xml
[11.931s] Invoked command in '/autoware/build/rtc_replayer' returned '0': AMENT_PREFIX_PATH=/autoware/install/autoware_cmake:/autoware/install/tier4_rtc_msgs:/autoware/install/autoware_lint_common:${AMENT_PREFIX_PATH} CMAKE_PREFIX_PATH=/autoware/install/autoware_cmake:/autoware/install/tier4_rtc_msgs:/autoware/install/autoware_lint_common:/opt/ros/humble LD_LIBRARY_PATH=/autoware/install/tier4_rtc_msgs/lib:${LD_LIBRARY_PATH} PYTHONPATH=/autoware/install/tier4_rtc_msgs/local/lib/python3.10/dist-packages:${PYTHONPATH} /usr/bin/cmake --install /autoware/build/rtc_replayer
