[0.098s] Invoking command in '/autoware/build/localization_error_monitor': AMENT_PREFIX_PATH=/autoware/install/autoware_cmake:/autoware/install/autoware_lint_common:${AMENT_PREFIX_PATH} CMAKE_PREFIX_PATH=/autoware/install/autoware_cmake:/autoware/install/autoware_lint_common:/opt/ros/humble /usr/bin/cmake /autoware/src/universe/autoware.universe/localization/localization_error_monitor -DCMAKE_BUILD_TYPE=Release -DAMENT_CMAKE_SYMLINK_INSTALL=1 -DCMAKE_INSTALL_PREFIX=/autoware/install/localization_error_monitor
[0.153s] -- The C compiler identification is GNU 11.3.0
[0.199s] -- The CXX compiler identification is GNU 11.3.0
[0.208s] -- Detecting C compiler ABI info
[0.265s] -- Detecting C compiler ABI info - done
[0.278s] -- Check for working C compiler: /usr/bin/cc - skipped
[0.278s] -- Detecting C compile features
[0.278s] -- Detecting C compile features - done
[0.283s] -- Detecting CXX compiler ABI info
[0.350s] -- Detecting CXX compiler ABI info - done
[0.362s] -- Check for working CXX compiler: /usr/bin/c++ - skipped
[0.362s] -- Detecting CXX compile features
[0.363s] -- Detecting CXX compile features - done
[0.364s] -- Found autoware_cmake: 0.1.0 (/autoware/install/autoware_cmake/share/autoware_cmake/cmake)
[0.534s] -- Found Python3: /usr/bin/python3.10 (found version "3.10.6") found components: Interpreter 
[0.596s] -- Override CMake install command with custom implementation using symlinks instead of copying resources
[0.735s] -- Found rosidl_generator_c: 3.1.3 (/opt/ros/humble/share/rosidl_generator_c/cmake)
[0.740s] -- Found rosidl_adapter: 3.1.3 (/opt/ros/humble/share/rosidl_adapter/cmake)
[0.748s] -- Found rosidl_generator_cpp: 3.1.3 (/opt/ros/humble/share/rosidl_generator_cpp/cmake)
[0.762s] -- Using all available rosidl_typesupport_c: rosidl_typesupport_fastrtps_c;rosidl_typesupport_introspection_c
[0.781s] -- Using all available rosidl_typesupport_cpp: rosidl_typesupport_fastrtps_cpp;rosidl_typesupport_introspection_cpp
[0.955s] -- Found rmw_implementation_cmake: 6.1.0 (/opt/ros/humble/share/rmw_implementation_cmake/cmake)
[0.958s] -- Found rmw_fastrtps_cpp: 6.2.1 (/opt/ros/humble/share/rmw_fastrtps_cpp/cmake)
[1.040s] -- Found OpenSSL: /usr/lib/x86_64-linux-gnu/libcrypto.so (found version "3.0.2")  
[1.065s] -- Found FastRTPS: /opt/ros/humble/include  
[1.112s] -- Using RMW implementation 'rmw_fastrtps_cpp' as default
[1.421s] -- Found eigen3_cmake_module: 0.1.1 (/opt/ros/humble/share/eigen3_cmake_module/cmake)
[1.423s] -- Found Eigen3: TRUE (found version "3.4.0") 
[1.423s] -- Ensuring Eigen3 include directory is part of orocos-kdl CMake target
[1.985s] -- Found ament_lint_auto: 0.12.4 (/opt/ros/humble/share/ament_lint_auto/cmake)
[2.030s] -- Added test 'copyright' to check source files copyright and LICENSE
[2.032s] -- Added test 'cppcheck' to perform static code analysis on C / C++ code
[2.032s] -- Configured cppcheck include dirs: /autoware/src/universe/autoware.universe/localization/localization_error_monitor/include
[2.032s] -- Configured cppcheck exclude dirs and/or files: 
[2.033s] -- Added test 'lint_cmake' to check CMake code style
[2.033s] -- Added test 'xmllint' to check XML markup files
[2.036s] -- Configuring done
[2.058s] -- Generating done
[2.060s] -- Build files have been written to: /autoware/build/localization_error_monitor
[2.071s] Invoked command in '/autoware/build/localization_error_monitor' returned '0': AMENT_PREFIX_PATH=/autoware/install/autoware_cmake:/autoware/install/autoware_lint_common:${AMENT_PREFIX_PATH} CMAKE_PREFIX_PATH=/autoware/install/autoware_cmake:/autoware/install/autoware_lint_common:/opt/ros/humble /usr/bin/cmake /autoware/src/universe/autoware.universe/localization/localization_error_monitor -DCMAKE_BUILD_TYPE=Release -DAMENT_CMAKE_SYMLINK_INSTALL=1 -DCMAKE_INSTALL_PREFIX=/autoware/install/localization_error_monitor
[2.072s] Invoking command in '/autoware/build/localization_error_monitor': AMENT_PREFIX_PATH=/autoware/install/autoware_cmake:/autoware/install/autoware_lint_common:${AMENT_PREFIX_PATH} CMAKE_PREFIX_PATH=/autoware/install/autoware_cmake:/autoware/install/autoware_lint_common:/opt/ros/humble /usr/bin/cmake --build /autoware/build/localization_error_monitor -- -j64 -l64
[2.113s] [ 33%] Building CXX object CMakeFiles/localization_error_monitor.dir/src/main.cpp.o
[2.114s] [ 66%] Building CXX object CMakeFiles/localization_error_monitor.dir/src/node.cpp.o
[20.109s] [100%] Linking CXX executable localization_error_monitor
[20.398s] [100%] Built target localization_error_monitor
[20.412s] Invoked command in '/autoware/build/localization_error_monitor' returned '0': AMENT_PREFIX_PATH=/autoware/install/autoware_cmake:/autoware/install/autoware_lint_common:${AMENT_PREFIX_PATH} CMAKE_PREFIX_PATH=/autoware/install/autoware_cmake:/autoware/install/autoware_lint_common:/opt/ros/humble /usr/bin/cmake --build /autoware/build/localization_error_monitor -- -j64 -l64
[20.454s] Invoking command in '/autoware/build/localization_error_monitor': AMENT_PREFIX_PATH=/autoware/install/autoware_cmake:/autoware/install/autoware_lint_common:${AMENT_PREFIX_PATH} CMAKE_PREFIX_PATH=/autoware/install/autoware_cmake:/autoware/install/autoware_lint_common:/opt/ros/humble /usr/bin/cmake --install /autoware/build/localization_error_monitor
[20.463s] -- Install configuration: "Release"
[20.464s] -- Execute custom install script
[20.464s] -- Symlinking: /autoware/install/localization_error_monitor/include/localization_error_monitor/node.hpp
[20.476s] -- Symlinking: /autoware/install/localization_error_monitor/lib/localization_error_monitor/localization_error_monitor
[20.487s] -- Symlinking: /autoware/install/localization_error_monitor/share/localization_error_monitor/launch/localization_error_monitor.launch.xml
[20.500s] -- Symlinking: /autoware/install/localization_error_monitor/share/ament_index/resource_index/package_run_dependencies/localization_error_monitor
[20.510s] -- Symlinking: /autoware/install/localization_error_monitor/share/ament_index/resource_index/parent_prefix_path/localization_error_monitor
[20.523s] -- Symlinking: /autoware/install/localization_error_monitor/share/localization_error_monitor/environment/ament_prefix_path.sh
[20.533s] -- Symlinking: /autoware/install/localization_error_monitor/share/localization_error_monitor/environment/ament_prefix_path.dsv
[20.545s] -- Symlinking: /autoware/install/localization_error_monitor/share/localization_error_monitor/environment/path.sh
[20.557s] -- Symlinking: /autoware/install/localization_error_monitor/share/localization_error_monitor/environment/path.dsv
[20.568s] -- Symlinking: /autoware/install/localization_error_monitor/share/localization_error_monitor/local_setup.bash
[20.579s] -- Symlinking: /autoware/install/localization_error_monitor/share/localization_error_monitor/local_setup.sh
[20.591s] -- Symlinking: /autoware/install/localization_error_monitor/share/localization_error_monitor/local_setup.zsh
[20.601s] -- Symlinking: /autoware/install/localization_error_monitor/share/localization_error_monitor/local_setup.dsv
[20.612s] -- Symlinking: /autoware/install/localization_error_monitor/share/localization_error_monitor/package.dsv
[20.623s] -- Symlinking: /autoware/install/localization_error_monitor/share/ament_index/resource_index/packages/localization_error_monitor
[20.633s] -- Symlinking: /autoware/install/localization_error_monitor/share/localization_error_monitor/cmake/ament_cmake_export_dependencies-extras.cmake
[20.646s] -- Symlinking: /autoware/install/localization_error_monitor/share/localization_error_monitor/cmake/ament_cmake_export_include_directories-extras.cmake
[20.656s] -- Symlinking: /autoware/install/localization_error_monitor/share/localization_error_monitor/cmake/localization_error_monitorConfig.cmake
[20.668s] -- Symlinking: /autoware/install/localization_error_monitor/share/localization_error_monitor/cmake/localization_error_monitorConfig-version.cmake
[20.679s] -- Symlinking: /autoware/install/localization_error_monitor/share/localization_error_monitor/package.xml
[20.702s] Invoked command in '/autoware/build/localization_error_monitor' returned '0': AMENT_PREFIX_PATH=/autoware/install/autoware_cmake:/autoware/install/autoware_lint_common:${AMENT_PREFIX_PATH} CMAKE_PREFIX_PATH=/autoware/install/autoware_cmake:/autoware/install/autoware_lint_common:/opt/ros/humble /usr/bin/cmake --install /autoware/build/localization_error_monitor
