[0.051s] Invoking command in '/autoware/build/scenario_selector': AMENT_PREFIX_PATH=/autoware/install/route_handler:/autoware/install/motion_utils:/autoware/install/interpolation:/autoware/install/tier4_autoware_utils:/autoware/install/lanelet2_extension:/autoware/install/autoware_auto_vehicle_msgs:/autoware/install/autoware_utils:/autoware/install/autoware_planning_msgs:/autoware/install/autoware_auto_planning_msgs:/autoware/install/autoware_auto_perception_msgs:/autoware/install/tier4_planning_msgs:/autoware/install/tier4_debug_msgs:/autoware/install/autoware_common_msgs:/autoware/install/autoware_cmake:/autoware/install/autoware_auto_mapping_msgs:/autoware/install/autoware_auto_geometry_msgs:/autoware/install/autoware_lint_common:/autoware/install/ament_cmake_auto:${AMENT_PREFIX_PATH} CMAKE_PREFIX_PATH=/autoware/install/route_handler:/autoware/install/motion_utils:/autoware/install/interpolation:/autoware/install/tier4_autoware_utils:/autoware/install/lanelet2_extension:/autoware/install/autoware_auto_vehicle_msgs:/autoware/install/autoware_utils:/autoware/install/autoware_planning_msgs:/autoware/install/autoware_auto_planning_msgs:/autoware/install/autoware_auto_perception_msgs:/autoware/install/tier4_planning_msgs:/autoware/install/tier4_debug_msgs:/autoware/install/autoware_common_msgs:/autoware/install/autoware_cmake:/autoware/install/autoware_auto_mapping_msgs:/autoware/install/autoware_auto_geometry_msgs:/autoware/install/autoware_lint_common:/autoware/install/ament_cmake_auto:/opt/ros/humble LD_LIBRARY_PATH=/autoware/install/route_handler/lib:/autoware/install/motion_utils/lib:/autoware/install/interpolation/lib:/autoware/install/tier4_autoware_utils/lib:/autoware/install/lanelet2_extension/lib:/autoware/install/autoware_auto_vehicle_msgs/lib:/autoware/install/autoware_utils/lib:/autoware/install/autoware_planning_msgs/lib:/autoware/install/autoware_auto_planning_msgs/lib:/autoware/install/autoware_auto_perception_msgs/lib:/autoware/install/tier4_planning_msgs/lib:/autoware/install/tier4_debug_msgs/lib:/autoware/install/autoware_common_msgs/lib:/autoware/install/autoware_auto_mapping_msgs/lib:/autoware/install/autoware_auto_geometry_msgs/lib:${LD_LIBRARY_PATH} PYTHONPATH=/autoware/install/autoware_auto_vehicle_msgs/local/lib/python3.10/dist-packages:/autoware/install/autoware_planning_msgs/local/lib/python3.10/dist-packages:/autoware/install/autoware_auto_planning_msgs/local/lib/python3.10/dist-packages:/autoware/install/autoware_auto_perception_msgs/local/lib/python3.10/dist-packages:/autoware/install/tier4_planning_msgs/local/lib/python3.10/dist-packages:/autoware/install/tier4_debug_msgs/local/lib/python3.10/dist-packages:/autoware/install/autoware_common_msgs/local/lib/python3.10/dist-packages:/autoware/install/autoware_auto_mapping_msgs/local/lib/python3.10/dist-packages:/autoware/install/autoware_auto_geometry_msgs/local/lib/python3.10/dist-packages:${PYTHONPATH} /usr/bin/cmake --build /autoware/build/scenario_selector -- -j64 -l64
[0.080s] -- Found autoware_cmake: 0.1.0 (/autoware/install/autoware_cmake/share/autoware_cmake/cmake)
[0.080s] -- Found ament_cmake_auto: 1.3.2 (/opt/ros/humble/share/ament_cmake_auto/cmake)
[0.230s] -- Override CMake install command with custom implementation using symlinks instead of copying resources
[0.334s] -- Found rosidl_generator_c: 3.1.3 (/opt/ros/humble/share/rosidl_generator_c/cmake)
[0.337s] -- Found rosidl_adapter: 3.1.3 (/opt/ros/humble/share/rosidl_adapter/cmake)
[0.342s] -- Found rosidl_generator_cpp: 3.1.3 (/opt/ros/humble/share/rosidl_generator_cpp/cmake)
[0.353s] -- Using all available rosidl_typesupport_c: rosidl_typesupport_fastrtps_c;rosidl_typesupport_introspection_c
[0.367s] -- Using all available rosidl_typesupport_cpp: rosidl_typesupport_fastrtps_cpp;rosidl_typesupport_introspection_cpp
[1.120s] -- Found rmw_implementation_cmake: 6.1.0 (/opt/ros/humble/share/rmw_implementation_cmake/cmake)
[1.122s] -- Found rmw_fastrtps_cpp: 6.2.1 (/opt/ros/humble/share/rmw_fastrtps_cpp/cmake)
[1.251s] -- Using RMW implementation 'rmw_fastrtps_cpp' as default
[1.396s] -- Found mrt_cmake_modules: 1.0.9 (/opt/ros/humble/share/mrt_cmake_modules/cmake)
[1.523s] -- Found eigen3_cmake_module: 0.1.1 (/opt/ros/humble/share/eigen3_cmake_module/cmake)
[1.524s] -- Ensuring Eigen3 include directory is part of orocos-kdl CMake target
[6.463s] -- Found ament_lint_auto: 0.12.4 (/opt/ros/humble/share/ament_lint_auto/cmake)
[9.273s] -- Added test 'copyright' to check source files copyright and LICENSE
[9.274s] -- Added test 'cppcheck' to perform static code analysis on C / C++ code
[9.274s] -- Configured cppcheck include dirs: /autoware/src/universe/autoware.universe/planning/scenario_selector/include
[9.274s] -- Configured cppcheck exclude dirs and/or files: 
[9.275s] -- Added test 'lint_cmake' to check CMake code style
[9.275s] -- Added test 'xmllint' to check XML markup files
[9.280s] -- Configuring done
[9.336s] -- Generating done
[9.338s] -- Build files have been written to: /autoware/build/scenario_selector
[9.371s] Consolidate compiler generated dependencies of target scenario_selector
[9.384s] [ 50%] Built target scenario_selector
[9.387s] Consolidate compiler generated dependencies of target scenario_selector_node
[9.413s] [ 75%] Building CXX object CMakeFiles/scenario_selector_node.dir/src/scenario_selector_node/scenario_selector_node.cpp.o
[39.828s] [100%] Linking CXX shared library libscenario_selector_node.so
[40.223s] [100%] Built target scenario_selector_node
[40.232s] Invoked command in '/autoware/build/scenario_selector' returned '0': AMENT_PREFIX_PATH=/autoware/install/route_handler:/autoware/install/motion_utils:/autoware/install/interpolation:/autoware/install/tier4_autoware_utils:/autoware/install/lanelet2_extension:/autoware/install/autoware_auto_vehicle_msgs:/autoware/install/autoware_utils:/autoware/install/autoware_planning_msgs:/autoware/install/autoware_auto_planning_msgs:/autoware/install/autoware_auto_perception_msgs:/autoware/install/tier4_planning_msgs:/autoware/install/tier4_debug_msgs:/autoware/install/autoware_common_msgs:/autoware/install/autoware_cmake:/autoware/install/autoware_auto_mapping_msgs:/autoware/install/autoware_auto_geometry_msgs:/autoware/install/autoware_lint_common:/autoware/install/ament_cmake_auto:${AMENT_PREFIX_PATH} CMAKE_PREFIX_PATH=/autoware/install/route_handler:/autoware/install/motion_utils:/autoware/install/interpolation:/autoware/install/tier4_autoware_utils:/autoware/install/lanelet2_extension:/autoware/install/autoware_auto_vehicle_msgs:/autoware/install/autoware_utils:/autoware/install/autoware_planning_msgs:/autoware/install/autoware_auto_planning_msgs:/autoware/install/autoware_auto_perception_msgs:/autoware/install/tier4_planning_msgs:/autoware/install/tier4_debug_msgs:/autoware/install/autoware_common_msgs:/autoware/install/autoware_cmake:/autoware/install/autoware_auto_mapping_msgs:/autoware/install/autoware_auto_geometry_msgs:/autoware/install/autoware_lint_common:/autoware/install/ament_cmake_auto:/opt/ros/humble LD_LIBRARY_PATH=/autoware/install/route_handler/lib:/autoware/install/motion_utils/lib:/autoware/install/interpolation/lib:/autoware/install/tier4_autoware_utils/lib:/autoware/install/lanelet2_extension/lib:/autoware/install/autoware_auto_vehicle_msgs/lib:/autoware/install/autoware_utils/lib:/autoware/install/autoware_planning_msgs/lib:/autoware/install/autoware_auto_planning_msgs/lib:/autoware/install/autoware_auto_perception_msgs/lib:/autoware/install/tier4_planning_msgs/lib:/autoware/install/tier4_debug_msgs/lib:/autoware/install/autoware_common_msgs/lib:/autoware/install/autoware_auto_mapping_msgs/lib:/autoware/install/autoware_auto_geometry_msgs/lib:${LD_LIBRARY_PATH} PYTHONPATH=/autoware/install/autoware_auto_vehicle_msgs/local/lib/python3.10/dist-packages:/autoware/install/autoware_planning_msgs/local/lib/python3.10/dist-packages:/autoware/install/autoware_auto_planning_msgs/local/lib/python3.10/dist-packages:/autoware/install/autoware_auto_perception_msgs/local/lib/python3.10/dist-packages:/autoware/install/tier4_planning_msgs/local/lib/python3.10/dist-packages:/autoware/install/tier4_debug_msgs/local/lib/python3.10/dist-packages:/autoware/install/autoware_common_msgs/local/lib/python3.10/dist-packages:/autoware/install/autoware_auto_mapping_msgs/local/lib/python3.10/dist-packages:/autoware/install/autoware_auto_geometry_msgs/local/lib/python3.10/dist-packages:${PYTHONPATH} /usr/bin/cmake --build /autoware/build/scenario_selector -- -j64 -l64
[40.248s] Invoking command in '/autoware/build/scenario_selector': AMENT_PREFIX_PATH=/autoware/install/route_handler:/autoware/install/motion_utils:/autoware/install/interpolation:/autoware/install/tier4_autoware_utils:/autoware/install/lanelet2_extension:/autoware/install/autoware_auto_vehicle_msgs:/autoware/install/autoware_utils:/autoware/install/autoware_planning_msgs:/autoware/install/autoware_auto_planning_msgs:/autoware/install/autoware_auto_perception_msgs:/autoware/install/tier4_planning_msgs:/autoware/install/tier4_debug_msgs:/autoware/install/autoware_common_msgs:/autoware/install/autoware_cmake:/autoware/install/autoware_auto_mapping_msgs:/autoware/install/autoware_auto_geometry_msgs:/autoware/install/autoware_lint_common:/autoware/install/ament_cmake_auto:${AMENT_PREFIX_PATH} CMAKE_PREFIX_PATH=/autoware/install/route_handler:/autoware/install/motion_utils:/autoware/install/interpolation:/autoware/install/tier4_autoware_utils:/autoware/install/lanelet2_extension:/autoware/install/autoware_auto_vehicle_msgs:/autoware/install/autoware_utils:/autoware/install/autoware_planning_msgs:/autoware/install/autoware_auto_planning_msgs:/autoware/install/autoware_auto_perception_msgs:/autoware/install/tier4_planning_msgs:/autoware/install/tier4_debug_msgs:/autoware/install/autoware_common_msgs:/autoware/install/autoware_cmake:/autoware/install/autoware_auto_mapping_msgs:/autoware/install/autoware_auto_geometry_msgs:/autoware/install/autoware_lint_common:/autoware/install/ament_cmake_auto:/opt/ros/humble LD_LIBRARY_PATH=/autoware/install/route_handler/lib:/autoware/install/motion_utils/lib:/autoware/install/interpolation/lib:/autoware/install/tier4_autoware_utils/lib:/autoware/install/lanelet2_extension/lib:/autoware/install/autoware_auto_vehicle_msgs/lib:/autoware/install/autoware_utils/lib:/autoware/install/autoware_planning_msgs/lib:/autoware/install/autoware_auto_planning_msgs/lib:/autoware/install/autoware_auto_perception_msgs/lib:/autoware/install/tier4_planning_msgs/lib:/autoware/install/tier4_debug_msgs/lib:/autoware/install/autoware_common_msgs/lib:/autoware/install/autoware_auto_mapping_msgs/lib:/autoware/install/autoware_auto_geometry_msgs/lib:${LD_LIBRARY_PATH} PYTHONPATH=/autoware/install/autoware_auto_vehicle_msgs/local/lib/python3.10/dist-packages:/autoware/install/autoware_planning_msgs/local/lib/python3.10/dist-packages:/autoware/install/autoware_auto_planning_msgs/local/lib/python3.10/dist-packages:/autoware/install/autoware_auto_perception_msgs/local/lib/python3.10/dist-packages:/autoware/install/tier4_planning_msgs/local/lib/python3.10/dist-packages:/autoware/install/tier4_debug_msgs/local/lib/python3.10/dist-packages:/autoware/install/autoware_common_msgs/local/lib/python3.10/dist-packages:/autoware/install/autoware_auto_mapping_msgs/local/lib/python3.10/dist-packages:/autoware/install/autoware_auto_geometry_msgs/local/lib/python3.10/dist-packages:${PYTHONPATH} /usr/bin/cmake --install /autoware/build/scenario_selector
[40.254s] -- Install configuration: "Release"
[40.254s] -- Execute custom install script
[40.255s] -- Up-to-date symlink: /autoware/install/scenario_selector/lib/scenario_selector/scenario_selector
[40.255s] -- Up-to-date symlink: /autoware/install/scenario_selector/include/scenario_selector/scenario_selector_node.hpp
[40.255s] -- Up-to-date symlink: /autoware/install/scenario_selector/share/scenario_selector/environment/library_path.sh
[40.255s] -- Up-to-date symlink: /autoware/install/scenario_selector/share/scenario_selector/environment/library_path.dsv
[40.255s] -- Up-to-date symlink: /autoware/install/scenario_selector/lib/libscenario_selector_node.so
[40.256s] -- Up-to-date symlink: /autoware/install/scenario_selector/share/scenario_selector/launch/dummy_scenario_selector_lane_driving.launch.xml
[40.256s] -- Up-to-date symlink: /autoware/install/scenario_selector/share/scenario_selector/launch/dummy_scenario_selector_parking.launch.xml
[40.256s] -- Up-to-date symlink: /autoware/install/scenario_selector/share/scenario_selector/launch/scenario_selector.launch.xml
[40.256s] -- Up-to-date symlink: /autoware/install/scenario_selector/share/ament_index/resource_index/package_run_dependencies/scenario_selector
[40.256s] -- Up-to-date symlink: /autoware/install/scenario_selector/share/ament_index/resource_index/parent_prefix_path/scenario_selector
[40.256s] -- Up-to-date symlink: /autoware/install/scenario_selector/share/scenario_selector/environment/ament_prefix_path.sh
[40.256s] -- Up-to-date symlink: /autoware/install/scenario_selector/share/scenario_selector/environment/ament_prefix_path.dsv
[40.257s] -- Up-to-date symlink: /autoware/install/scenario_selector/share/scenario_selector/environment/path.sh
[40.257s] -- Up-to-date symlink: /autoware/install/scenario_selector/share/scenario_selector/environment/path.dsv
[40.257s] -- Up-to-date symlink: /autoware/install/scenario_selector/share/scenario_selector/local_setup.bash
[40.257s] -- Up-to-date symlink: /autoware/install/scenario_selector/share/scenario_selector/local_setup.sh
[40.257s] -- Up-to-date symlink: /autoware/install/scenario_selector/share/scenario_selector/local_setup.zsh
[40.257s] -- Up-to-date symlink: /autoware/install/scenario_selector/share/scenario_selector/local_setup.dsv
[40.257s] -- Symlinking: /autoware/install/scenario_selector/share/scenario_selector/package.dsv
[40.264s] -- Up-to-date symlink: /autoware/install/scenario_selector/share/ament_index/resource_index/packages/scenario_selector
[40.264s] -- Up-to-date symlink: /autoware/install/scenario_selector/share/ament_index/resource_index/rclcpp_components/scenario_selector
[40.264s] -- Up-to-date symlink: /autoware/install/scenario_selector/share/scenario_selector/cmake/ament_cmake_export_dependencies-extras.cmake
[40.264s] -- Up-to-date symlink: /autoware/install/scenario_selector/share/scenario_selector/cmake/ament_cmake_export_include_directories-extras.cmake
[40.264s] -- Up-to-date symlink: /autoware/install/scenario_selector/share/scenario_selector/cmake/ament_cmake_export_libraries-extras.cmake
[40.264s] -- Up-to-date symlink: /autoware/install/scenario_selector/share/scenario_selector/cmake/scenario_selectorConfig.cmake
[40.264s] -- Up-to-date symlink: /autoware/install/scenario_selector/share/scenario_selector/cmake/scenario_selectorConfig-version.cmake
[40.264s] -- Up-to-date symlink: /autoware/install/scenario_selector/share/scenario_selector/package.xml
[40.265s] Invoked command in '/autoware/build/scenario_selector' returned '0': AMENT_PREFIX_PATH=/autoware/install/route_handler:/autoware/install/motion_utils:/autoware/install/interpolation:/autoware/install/tier4_autoware_utils:/autoware/install/lanelet2_extension:/autoware/install/autoware_auto_vehicle_msgs:/autoware/install/autoware_utils:/autoware/install/autoware_planning_msgs:/autoware/install/autoware_auto_planning_msgs:/autoware/install/autoware_auto_perception_msgs:/autoware/install/tier4_planning_msgs:/autoware/install/tier4_debug_msgs:/autoware/install/autoware_common_msgs:/autoware/install/autoware_cmake:/autoware/install/autoware_auto_mapping_msgs:/autoware/install/autoware_auto_geometry_msgs:/autoware/install/autoware_lint_common:/autoware/install/ament_cmake_auto:${AMENT_PREFIX_PATH} CMAKE_PREFIX_PATH=/autoware/install/route_handler:/autoware/install/motion_utils:/autoware/install/interpolation:/autoware/install/tier4_autoware_utils:/autoware/install/lanelet2_extension:/autoware/install/autoware_auto_vehicle_msgs:/autoware/install/autoware_utils:/autoware/install/autoware_planning_msgs:/autoware/install/autoware_auto_planning_msgs:/autoware/install/autoware_auto_perception_msgs:/autoware/install/tier4_planning_msgs:/autoware/install/tier4_debug_msgs:/autoware/install/autoware_common_msgs:/autoware/install/autoware_cmake:/autoware/install/autoware_auto_mapping_msgs:/autoware/install/autoware_auto_geometry_msgs:/autoware/install/autoware_lint_common:/autoware/install/ament_cmake_auto:/opt/ros/humble LD_LIBRARY_PATH=/autoware/install/route_handler/lib:/autoware/install/motion_utils/lib:/autoware/install/interpolation/lib:/autoware/install/tier4_autoware_utils/lib:/autoware/install/lanelet2_extension/lib:/autoware/install/autoware_auto_vehicle_msgs/lib:/autoware/install/autoware_utils/lib:/autoware/install/autoware_planning_msgs/lib:/autoware/install/autoware_auto_planning_msgs/lib:/autoware/install/autoware_auto_perception_msgs/lib:/autoware/install/tier4_planning_msgs/lib:/autoware/install/tier4_debug_msgs/lib:/autoware/install/autoware_common_msgs/lib:/autoware/install/autoware_auto_mapping_msgs/lib:/autoware/install/autoware_auto_geometry_msgs/lib:${LD_LIBRARY_PATH} PYTHONPATH=/autoware/install/autoware_auto_vehicle_msgs/local/lib/python3.10/dist-packages:/autoware/install/autoware_planning_msgs/local/lib/python3.10/dist-packages:/autoware/install/autoware_auto_planning_msgs/local/lib/python3.10/dist-packages:/autoware/install/autoware_auto_perception_msgs/local/lib/python3.10/dist-packages:/autoware/install/tier4_planning_msgs/local/lib/python3.10/dist-packages:/autoware/install/tier4_debug_msgs/local/lib/python3.10/dist-packages:/autoware/install/autoware_common_msgs/local/lib/python3.10/dist-packages:/autoware/install/autoware_auto_mapping_msgs/local/lib/python3.10/dist-packages:/autoware/install/autoware_auto_geometry_msgs/local/lib/python3.10/dist-packages:${PYTHONPATH} /usr/bin/cmake --install /autoware/build/scenario_selector
