[0.136s] Invoking command in '/autoware/build/autoware_common_msgs': CMAKE_PREFIX_PATH=/opt/ros/humble /usr/bin/cmake /autoware/src/core/autoware_msgs/autoware_common_msgs -DCMAKE_BUILD_TYPE=Release -DAMENT_CMAKE_SYMLINK_INSTALL=1 -DCMAKE_INSTALL_PREFIX=/autoware/install/autoware_common_msgs
[0.259s] -- The C compiler identification is GNU 11.3.0
[0.259s] -- The CXX compiler identification is GNU 11.3.0
[0.259s] -- Detecting C compiler ABI info
[0.275s] -- Detecting C compiler ABI info - done
[0.281s] -- Check for working C compiler: /usr/bin/cc - skipped
[0.281s] -- Detecting C compile features
[0.282s] -- Detecting C compile features - done
[0.284s] -- Detecting CXX compiler ABI info
[0.348s] -- Detecting CXX compiler ABI info - done
[0.357s] -- Check for working CXX compiler: /usr/bin/c++ - skipped
[0.358s] -- Detecting CXX compile features
[0.358s] -- Detecting CXX compile features - done
[0.360s] -- Found ament_cmake_auto: 1.3.2 (/opt/ros/humble/share/ament_cmake_auto/cmake)
[0.518s] -- Found Python3: /usr/bin/python3.10 (found version "3.10.6") found components: Interpreter 
[0.576s] -- Override CMake install command with custom implementation using symlinks instead of copying resources
[0.687s] -- Using all available rosidl_typesupport_c: rosidl_typesupport_fastrtps_c;rosidl_typesupport_introspection_c
[0.688s] -- Found rosidl_adapter: 3.1.3 (/opt/ros/humble/share/rosidl_adapter/cmake)
[0.730s] -- Using all available rosidl_typesupport_cpp: rosidl_typesupport_fastrtps_cpp;rosidl_typesupport_introspection_cpp
[0.934s] -- Found ament_cmake_ros: 0.10.0 (/opt/ros/humble/share/ament_cmake_ros/cmake)
[1.111s] -- Using all available rosidl_typesupport_c: rosidl_typesupport_fastrtps_c;rosidl_typesupport_introspection_c
[1.330s] -- Using all available rosidl_typesupport_cpp: rosidl_typesupport_fastrtps_cpp;rosidl_typesupport_introspection_cpp
[1.350s] -- Found PythonInterp: /usr/bin/python3 (found suitable version "3.10.6", minimum required is "3.6") 
[1.351s] -- Found python_cmake_module: 0.10.0 (/opt/ros/humble/share/python_cmake_module/cmake)
[1.375s] -- Found PythonLibs: /usr/lib/x86_64-linux-gnu/libpython3.10.so (found suitable version "3.10.6", minimum required is "3.5") 
[1.375s] -- Using PYTHON_EXECUTABLE: /usr/bin/python3
[1.375s] -- Using PYTHON_INCLUDE_DIRS: /usr/include/python3.10
[1.375s] -- Using PYTHON_LIBRARIES: /usr/lib/x86_64-linux-gnu/libpython3.10.so
[1.395s] -- Found PythonExtra: .so  
[1.434s] -- Configuring done
[1.462s] -- Generating done
[1.465s] -- Build files have been written to: /autoware/build/autoware_common_msgs
[1.470s] Invoked command in '/autoware/build/autoware_common_msgs' returned '0': CMAKE_PREFIX_PATH=/opt/ros/humble /usr/bin/cmake /autoware/src/core/autoware_msgs/autoware_common_msgs -DCMAKE_BUILD_TYPE=Release -DAMENT_CMAKE_SYMLINK_INSTALL=1 -DCMAKE_INSTALL_PREFIX=/autoware/install/autoware_common_msgs
[1.471s] Invoking command in '/autoware/build/autoware_common_msgs': CMAKE_PREFIX_PATH=/opt/ros/humble /usr/bin/cmake --build /autoware/build/autoware_common_msgs -- -j64 -l64
[1.505s] [  3%] Generating C code for ROS interfaces
[1.513s] [  6%] Generating C++ code for ROS interfaces
[1.519s] [  6%] Built target ament_cmake_python_symlink_autoware_common_msgs
[1.811s] running egg_info
[1.812s] creating autoware_common_msgs.egg-info
[1.812s] writing autoware_common_msgs.egg-info/PKG-INFO
[1.812s] writing dependency_links to autoware_common_msgs.egg-info/dependency_links.txt
[1.812s] writing top-level names to autoware_common_msgs.egg-info/top_level.txt
[1.812s] writing manifest file 'autoware_common_msgs.egg-info/SOURCES.txt'
[1.814s] reading manifest file 'autoware_common_msgs.egg-info/SOURCES.txt'
[1.815s] writing manifest file 'autoware_common_msgs.egg-info/SOURCES.txt'
[1.840s] [  6%] Built target ament_cmake_python_build_autoware_common_msgs_egg
[1.870s] [  6%] Built target autoware_common_msgs__cpp
[1.879s] [  9%] Generating C++ type support for eProsima Fast-RTPS
[1.882s] [ 12%] Generating C++ type support dispatch for ROS interfaces
[1.882s] [ 16%] Generating C++ introspection for ROS interfaces
[1.891s] [ 19%] Building C object CMakeFiles/autoware_common_msgs__rosidl_generator_c.dir/rosidl_generator_c/autoware_common_msgs/msg/detail/response_status__functions.c.o
[1.976s] [ 22%] Linking C shared library libautoware_common_msgs__rosidl_generator_c.so
[2.006s] [ 22%] Built target autoware_common_msgs__rosidl_generator_c
[2.015s] [ 25%] Generating C type support dispatch for ROS interfaces
[2.015s] [ 29%] Generating C introspection for ROS interfaces
[2.018s] [ 32%] Generating C type support for eProsima Fast-RTPS
[2.300s] [ 35%] Building CXX object CMakeFiles/autoware_common_msgs__rosidl_typesupport_fastrtps_cpp.dir/rosidl_typesupport_fastrtps_cpp/autoware_common_msgs/msg/detail/dds_fastrtps/response_status__type_support.cpp.o
[2.301s] [ 38%] Building CXX object CMakeFiles/autoware_common_msgs__rosidl_typesupport_cpp.dir/rosidl_typesupport_cpp/autoware_common_msgs/msg/response_status__type_support.cpp.o
[2.389s] [ 41%] Building CXX object CMakeFiles/autoware_common_msgs__rosidl_typesupport_c.dir/rosidl_typesupport_c/autoware_common_msgs/msg/response_status__type_support.cpp.o
[2.394s] [ 45%] Building CXX object CMakeFiles/autoware_common_msgs__rosidl_typesupport_introspection_cpp.dir/rosidl_typesupport_introspection_cpp/autoware_common_msgs/msg/detail/response_status__type_support.cpp.o
[2.430s] [ 48%] Linking CXX shared library libautoware_common_msgs__rosidl_typesupport_c.so
[2.486s] [ 48%] Built target autoware_common_msgs__rosidl_typesupport_c
[2.487s] [ 51%] Building CXX object CMakeFiles/autoware_common_msgs__rosidl_typesupport_fastrtps_c.dir/rosidl_typesupport_fastrtps_c/autoware_common_msgs/msg/detail/response_status__type_support_c.cpp.o
[2.547s] [ 54%] Building C object CMakeFiles/autoware_common_msgs__rosidl_typesupport_introspection_c.dir/rosidl_typesupport_introspection_c/autoware_common_msgs/msg/detail/response_status__type_support.c.o
[2.612s] [ 58%] Linking C shared library libautoware_common_msgs__rosidl_typesupport_introspection_c.so
[2.627s] [ 61%] Linking CXX shared library libautoware_common_msgs__rosidl_typesupport_cpp.so
[2.677s] [ 61%] Built target autoware_common_msgs__rosidl_typesupport_introspection_c
[2.704s] [ 61%] Built target autoware_common_msgs__rosidl_typesupport_cpp
[2.900s] [ 64%] Linking CXX shared library libautoware_common_msgs__rosidl_typesupport_fastrtps_cpp.so
[2.952s] [ 67%] Linking CXX shared library libautoware_common_msgs__rosidl_typesupport_introspection_cpp.so
[3.039s] [ 67%] Built target autoware_common_msgs__rosidl_typesupport_fastrtps_cpp
[3.040s] [ 67%] Built target autoware_common_msgs__rosidl_typesupport_introspection_cpp
[3.049s] [ 70%] Linking CXX shared library libautoware_common_msgs__rosidl_typesupport_fastrtps_c.so
[3.221s] [ 70%] Built target autoware_common_msgs__rosidl_typesupport_fastrtps_c
[3.277s] [ 70%] Built target autoware_common_msgs
[3.417s] [ 74%] Generating Python code for ROS interfaces
[4.820s] [ 74%] Built target autoware_common_msgs__py
[4.884s] [ 77%] Building C object CMakeFiles/autoware_common_msgs__rosidl_generator_py.dir/rosidl_generator_py/autoware_common_msgs/msg/_response_status_s.c.o
[5.162s] [ 80%] Linking C shared library rosidl_generator_py/autoware_common_msgs/libautoware_common_msgs__rosidl_generator_py.so
[5.193s] [ 80%] Built target autoware_common_msgs__rosidl_generator_py
[5.260s] [ 83%] Building C object CMakeFiles/autoware_common_msgs__rosidl_typesupport_fastrtps_c__pyext.dir/rosidl_generator_py/autoware_common_msgs/_autoware_common_msgs_s.ep.rosidl_typesupport_fastrtps_c.c.o
[5.280s] [ 87%] Building C object CMakeFiles/autoware_common_msgs__rosidl_typesupport_c__pyext.dir/rosidl_generator_py/autoware_common_msgs/_autoware_common_msgs_s.ep.rosidl_typesupport_c.c.o
[5.290s] [ 90%] Building C object CMakeFiles/autoware_common_msgs__rosidl_typesupport_introspection_c__pyext.dir/rosidl_generator_py/autoware_common_msgs/_autoware_common_msgs_s.ep.rosidl_typesupport_introspection_c.c.o
[5.503s] [ 93%] Linking C shared library rosidl_generator_py/autoware_common_msgs/autoware_common_msgs_s__rosidl_typesupport_introspection_c.cpython-310-x86_64-linux-gnu.so
[5.547s] [ 96%] Linking C shared library rosidl_generator_py/autoware_common_msgs/autoware_common_msgs_s__rosidl_typesupport_c.cpython-310-x86_64-linux-gnu.so
[5.587s] [100%] Linking C shared library rosidl_generator_py/autoware_common_msgs/autoware_common_msgs_s__rosidl_typesupport_fastrtps_c.cpython-310-x86_64-linux-gnu.so
[5.624s] [100%] Built target autoware_common_msgs__rosidl_typesupport_introspection_c__pyext
[5.760s] [100%] Built target autoware_common_msgs__rosidl_typesupport_fastrtps_c__pyext
[5.762s] [100%] Built target autoware_common_msgs__rosidl_typesupport_c__pyext
[5.796s] Invoked command in '/autoware/build/autoware_common_msgs' returned '0': CMAKE_PREFIX_PATH=/opt/ros/humble /usr/bin/cmake --build /autoware/build/autoware_common_msgs -- -j64 -l64
[6.650s] Invoking command in '/autoware/build/autoware_common_msgs': CMAKE_PREFIX_PATH=/opt/ros/humble /usr/bin/cmake --install /autoware/build/autoware_common_msgs
[6.665s] -- Install configuration: "Release"
[6.665s] -- Execute custom install script
[6.665s] -- Symlinking: /autoware/install/autoware_common_msgs/share/ament_index/resource_index/rosidl_interfaces/autoware_common_msgs
[6.674s] -- Symlinking: /autoware/install/autoware_common_msgs/include/autoware_common_msgs/autoware_common_msgs/msg/detail/response_status__functions.h
[6.722s] -- Symlinking: /autoware/install/autoware_common_msgs/include/autoware_common_msgs/autoware_common_msgs/msg/detail/response_status__struct.h
[6.743s] -- Symlinking: /autoware/install/autoware_common_msgs/include/autoware_common_msgs/autoware_common_msgs/msg/detail/response_status__type_support.h
[6.772s] -- Symlinking: /autoware/install/autoware_common_msgs/include/autoware_common_msgs/autoware_common_msgs/msg/response_status.h
[6.800s] -- Symlinking: /autoware/install/autoware_common_msgs/include/autoware_common_msgs/autoware_common_msgs/msg/rosidl_generator_c__visibility_control.h
[6.813s] -- Symlinking: /autoware/install/autoware_common_msgs/share/autoware_common_msgs/environment/library_path.sh
[6.829s] -- Symlinking: /autoware/install/autoware_common_msgs/share/autoware_common_msgs/environment/library_path.dsv
[6.850s] -- Symlinking: /autoware/install/autoware_common_msgs/include/autoware_common_msgs/autoware_common_msgs/msg/detail/response_status__rosidl_typesupport_fastrtps_c.h
[6.886s] -- Symlinking: /autoware/install/autoware_common_msgs/include/autoware_common_msgs/autoware_common_msgs/msg/rosidl_typesupport_fastrtps_c__visibility_control.h
[6.900s] -- Symlinking: /autoware/install/autoware_common_msgs/include/autoware_common_msgs/autoware_common_msgs/msg/detail/response_status__rosidl_typesupport_introspection_c.h
[6.912s] -- Symlinking: /autoware/install/autoware_common_msgs/include/autoware_common_msgs/autoware_common_msgs/msg/rosidl_typesupport_introspection_c__visibility_control.h
[6.933s] -- Symlinking: /autoware/install/autoware_common_msgs/include/autoware_common_msgs/autoware_common_msgs/msg/detail/response_status__builder.hpp
[6.945s] -- Symlinking: /autoware/install/autoware_common_msgs/include/autoware_common_msgs/autoware_common_msgs/msg/detail/response_status__struct.hpp
[6.961s] -- Symlinking: /autoware/install/autoware_common_msgs/include/autoware_common_msgs/autoware_common_msgs/msg/detail/response_status__traits.hpp
[6.973s] -- Symlinking: /autoware/install/autoware_common_msgs/include/autoware_common_msgs/autoware_common_msgs/msg/response_status.hpp
[6.987s] -- Symlinking: /autoware/install/autoware_common_msgs/include/autoware_common_msgs/autoware_common_msgs/msg/detail/response_status__rosidl_typesupport_fastrtps_cpp.hpp
[7.014s] -- Symlinking: /autoware/install/autoware_common_msgs/include/autoware_common_msgs/autoware_common_msgs/msg/rosidl_typesupport_fastrtps_cpp__visibility_control.h
[7.034s] -- Symlinking: /autoware/install/autoware_common_msgs/include/autoware_common_msgs/autoware_common_msgs/msg/detail/response_status__rosidl_typesupport_introspection_cpp.hpp
[7.048s] -- Symlinking: /autoware/install/autoware_common_msgs/share/autoware_common_msgs/environment/pythonpath.sh
[7.061s] -- Symlinking: /autoware/install/autoware_common_msgs/share/autoware_common_msgs/environment/pythonpath.dsv
[7.083s] -- Symlinking: /autoware/install/autoware_common_msgs/local/lib/python3.10/dist-packages/autoware_common_msgs-1.0.0-py3.10.egg-info/PKG-INFO
[7.107s] -- Symlinking: /autoware/install/autoware_common_msgs/local/lib/python3.10/dist-packages/autoware_common_msgs-1.0.0-py3.10.egg-info/SOURCES.txt
[7.118s] -- Symlinking: /autoware/install/autoware_common_msgs/local/lib/python3.10/dist-packages/autoware_common_msgs-1.0.0-py3.10.egg-info/dependency_links.txt
[7.128s] -- Symlinking: /autoware/install/autoware_common_msgs/local/lib/python3.10/dist-packages/autoware_common_msgs-1.0.0-py3.10.egg-info/top_level.txt
[7.152s] -- Symlinking: /autoware/install/autoware_common_msgs/local/lib/python3.10/dist-packages/autoware_common_msgs/__init__.py
[7.170s] -- Symlinking: /autoware/install/autoware_common_msgs/local/lib/python3.10/dist-packages/autoware_common_msgs/_autoware_common_msgs_s.ep.rosidl_typesupport_c.c
[7.184s] -- Symlinking: /autoware/install/autoware_common_msgs/local/lib/python3.10/dist-packages/autoware_common_msgs/_autoware_common_msgs_s.ep.rosidl_typesupport_fastrtps_c.c
[7.197s] -- Symlinking: /autoware/install/autoware_common_msgs/local/lib/python3.10/dist-packages/autoware_common_msgs/_autoware_common_msgs_s.ep.rosidl_typesupport_introspection_c.c
[7.215s] -- Symlinking: /autoware/install/autoware_common_msgs/local/lib/python3.10/dist-packages/autoware_common_msgs/autoware_common_msgs_s__rosidl_typesupport_c.cpython-310-x86_64-linux-gnu.so
[7.228s] -- Symlinking: /autoware/install/autoware_common_msgs/local/lib/python3.10/dist-packages/autoware_common_msgs/autoware_common_msgs_s__rosidl_typesupport_fastrtps_c.cpython-310-x86_64-linux-gnu.so
[7.242s] -- Symlinking: /autoware/install/autoware_common_msgs/local/lib/python3.10/dist-packages/autoware_common_msgs/autoware_common_msgs_s__rosidl_typesupport_introspection_c.cpython-310-x86_64-linux-gnu.so
[7.250s] -- Symlinking: /autoware/install/autoware_common_msgs/local/lib/python3.10/dist-packages/autoware_common_msgs/libautoware_common_msgs__rosidl_generator_py.so
[7.262s] -- Symlinking: /autoware/install/autoware_common_msgs/local/lib/python3.10/dist-packages/autoware_common_msgs/msg/__init__.py
[7.272s] -- Symlinking: /autoware/install/autoware_common_msgs/local/lib/python3.10/dist-packages/autoware_common_msgs/msg/_response_status.py
[7.286s] -- Symlinking: /autoware/install/autoware_common_msgs/local/lib/python3.10/dist-packages/autoware_common_msgs/msg/_response_status_s.c
[7.307s] -- Up-to-date symlink: /autoware/install/autoware_common_msgs/local/lib/python3.10/dist-packages/autoware_common_msgs/autoware_common_msgs_s__rosidl_typesupport_fastrtps_c.cpython-310-x86_64-linux-gnu.so
[7.308s] -- Up-to-date symlink: /autoware/install/autoware_common_msgs/local/lib/python3.10/dist-packages/autoware_common_msgs/autoware_common_msgs_s__rosidl_typesupport_introspection_c.cpython-310-x86_64-linux-gnu.so
[7.308s] -- Up-to-date symlink: /autoware/install/autoware_common_msgs/local/lib/python3.10/dist-packages/autoware_common_msgs/autoware_common_msgs_s__rosidl_typesupport_c.cpython-310-x86_64-linux-gnu.so
[7.308s] -- Symlinking: /autoware/install/autoware_common_msgs/share/autoware_common_msgs/msg/ResponseStatus.idl
[7.319s] -- Symlinking: /autoware/install/autoware_common_msgs/share/autoware_common_msgs/msg/ResponseStatus.msg
[7.331s] -- Symlinking: /autoware/install/autoware_common_msgs/share/ament_index/resource_index/package_run_dependencies/autoware_common_msgs
[7.341s] -- Symlinking: /autoware/install/autoware_common_msgs/share/ament_index/resource_index/parent_prefix_path/autoware_common_msgs
[7.370s] -- Symlinking: /autoware/install/autoware_common_msgs/share/autoware_common_msgs/environment/ament_prefix_path.sh
[7.403s] -- Symlinking: /autoware/install/autoware_common_msgs/share/autoware_common_msgs/environment/ament_prefix_path.dsv
[7.438s] -- Symlinking: /autoware/install/autoware_common_msgs/share/autoware_common_msgs/environment/path.sh
[7.469s] -- Symlinking: /autoware/install/autoware_common_msgs/share/autoware_common_msgs/environment/path.dsv
[7.480s] -- Symlinking: /autoware/install/autoware_common_msgs/share/autoware_common_msgs/local_setup.bash
[7.516s] -- Symlinking: /autoware/install/autoware_common_msgs/share/autoware_common_msgs/local_setup.sh
[7.528s] -- Symlinking: /autoware/install/autoware_common_msgs/share/autoware_common_msgs/local_setup.zsh
[7.544s] -- Symlinking: /autoware/install/autoware_common_msgs/share/autoware_common_msgs/local_setup.dsv
[7.556s] -- Symlinking: /autoware/install/autoware_common_msgs/share/autoware_common_msgs/package.dsv
[7.567s] -- Symlinking: /autoware/install/autoware_common_msgs/share/ament_index/resource_index/packages/autoware_common_msgs
[7.579s] -- Symlinking: /autoware/install/autoware_common_msgs/share/autoware_common_msgs/cmake/rosidl_cmake-extras.cmake
[7.592s] -- Symlinking: /autoware/install/autoware_common_msgs/share/autoware_common_msgs/cmake/ament_cmake_export_include_directories-extras.cmake
[7.604s] -- Symlinking: /autoware/install/autoware_common_msgs/share/autoware_common_msgs/cmake/ament_cmake_export_libraries-extras.cmake
[7.613s] -- Symlinking: /autoware/install/autoware_common_msgs/share/autoware_common_msgs/cmake/ament_cmake_export_targets-extras.cmake
[7.622s] -- Symlinking: /autoware/install/autoware_common_msgs/share/autoware_common_msgs/cmake/rosidl_cmake_export_typesupport_targets-extras.cmake
[7.630s] -- Symlinking: /autoware/install/autoware_common_msgs/share/autoware_common_msgs/cmake/ament_cmake_export_dependencies-extras.cmake
[7.641s] -- Symlinking: /autoware/install/autoware_common_msgs/share/autoware_common_msgs/cmake/rosidl_cmake_export_typesupport_libraries-extras.cmake
[7.648s] -- Symlinking: /autoware/install/autoware_common_msgs/share/autoware_common_msgs/cmake/autoware_common_msgsConfig.cmake
[7.659s] -- Symlinking: /autoware/install/autoware_common_msgs/share/autoware_common_msgs/cmake/autoware_common_msgsConfig-version.cmake
[7.702s] -- Symlinking: /autoware/install/autoware_common_msgs/share/autoware_common_msgs/package.xml
[7.702s] -- Installing: /autoware/install/autoware_common_msgs/lib/libautoware_common_msgs__rosidl_generator_c.so
[7.702s] -- Set runtime path of "/autoware/install/autoware_common_msgs/lib/libautoware_common_msgs__rosidl_generator_c.so" to ""
[7.703s] -- Installing: /autoware/install/autoware_common_msgs/lib/libautoware_common_msgs__rosidl_typesupport_fastrtps_c.so
[7.703s] -- Set runtime path of "/autoware/install/autoware_common_msgs/lib/libautoware_common_msgs__rosidl_typesupport_fastrtps_c.so" to ""
[7.703s] -- Installing: /autoware/install/autoware_common_msgs/lib/libautoware_common_msgs__rosidl_typesupport_introspection_c.so
[7.703s] -- Set runtime path of "/autoware/install/autoware_common_msgs/lib/libautoware_common_msgs__rosidl_typesupport_introspection_c.so" to ""
[7.703s] -- Installing: /autoware/install/autoware_common_msgs/lib/libautoware_common_msgs__rosidl_typesupport_c.so
[7.703s] -- Set runtime path of "/autoware/install/autoware_common_msgs/lib/libautoware_common_msgs__rosidl_typesupport_c.so" to ""
[7.703s] -- Installing: /autoware/install/autoware_common_msgs/lib/libautoware_common_msgs__rosidl_typesupport_fastrtps_cpp.so
[7.703s] -- Set runtime path of "/autoware/install/autoware_common_msgs/lib/libautoware_common_msgs__rosidl_typesupport_fastrtps_cpp.so" to ""
[7.703s] -- Installing: /autoware/install/autoware_common_msgs/lib/libautoware_common_msgs__rosidl_typesupport_introspection_cpp.so
[7.704s] -- Set runtime path of "/autoware/install/autoware_common_msgs/lib/libautoware_common_msgs__rosidl_typesupport_introspection_cpp.so" to ""
[7.704s] -- Installing: /autoware/install/autoware_common_msgs/lib/libautoware_common_msgs__rosidl_typesupport_cpp.so
[7.704s] -- Set runtime path of "/autoware/install/autoware_common_msgs/lib/libautoware_common_msgs__rosidl_typesupport_cpp.so" to ""
[7.717s] Listing '/autoware/install/autoware_common_msgs/local/lib/python3.10/dist-packages/autoware_common_msgs'...
[7.717s] Compiling '/autoware/install/autoware_common_msgs/local/lib/python3.10/dist-packages/autoware_common_msgs/__init__.py'...
[7.717s] Listing '/autoware/install/autoware_common_msgs/local/lib/python3.10/dist-packages/autoware_common_msgs/msg'...
[7.717s] Compiling '/autoware/install/autoware_common_msgs/local/lib/python3.10/dist-packages/autoware_common_msgs/msg/__init__.py'...
[7.717s] Compiling '/autoware/install/autoware_common_msgs/local/lib/python3.10/dist-packages/autoware_common_msgs/msg/_response_status.py'...
[7.722s] -- Installing: /autoware/install/autoware_common_msgs/lib/libautoware_common_msgs__rosidl_generator_py.so
[7.723s] -- Set runtime path of "/autoware/install/autoware_common_msgs/lib/libautoware_common_msgs__rosidl_generator_py.so" to ""
[7.723s] -- Installing: /autoware/install/autoware_common_msgs/share/autoware_common_msgs/cmake/export_autoware_common_msgs__rosidl_generator_cExport.cmake
[7.723s] -- Installing: /autoware/install/autoware_common_msgs/share/autoware_common_msgs/cmake/export_autoware_common_msgs__rosidl_generator_cExport-release.cmake
[7.724s] -- Installing: /autoware/install/autoware_common_msgs/share/autoware_common_msgs/cmake/export_autoware_common_msgs__rosidl_typesupport_fastrtps_cExport.cmake
[7.724s] -- Installing: /autoware/install/autoware_common_msgs/share/autoware_common_msgs/cmake/export_autoware_common_msgs__rosidl_typesupport_fastrtps_cExport-release.cmake
[7.724s] -- Installing: /autoware/install/autoware_common_msgs/share/autoware_common_msgs/cmake/autoware_common_msgs__rosidl_typesupport_introspection_cExport.cmake
[7.725s] -- Installing: /autoware/install/autoware_common_msgs/share/autoware_common_msgs/cmake/autoware_common_msgs__rosidl_typesupport_introspection_cExport-release.cmake
[7.725s] -- Installing: /autoware/install/autoware_common_msgs/share/autoware_common_msgs/cmake/autoware_common_msgs__rosidl_typesupport_cExport.cmake
[7.725s] -- Installing: /autoware/install/autoware_common_msgs/share/autoware_common_msgs/cmake/autoware_common_msgs__rosidl_typesupport_cExport-release.cmake
[7.726s] -- Installing: /autoware/install/autoware_common_msgs/share/autoware_common_msgs/cmake/export_autoware_common_msgs__rosidl_generator_cppExport.cmake
[7.726s] -- Installing: /autoware/install/autoware_common_msgs/share/autoware_common_msgs/cmake/export_autoware_common_msgs__rosidl_typesupport_fastrtps_cppExport.cmake
[7.726s] -- Installing: /autoware/install/autoware_common_msgs/share/autoware_common_msgs/cmake/export_autoware_common_msgs__rosidl_typesupport_fastrtps_cppExport-release.cmake
[7.727s] -- Installing: /autoware/install/autoware_common_msgs/share/autoware_common_msgs/cmake/autoware_common_msgs__rosidl_typesupport_introspection_cppExport.cmake
[7.727s] -- Installing: /autoware/install/autoware_common_msgs/share/autoware_common_msgs/cmake/autoware_common_msgs__rosidl_typesupport_introspection_cppExport-release.cmake
[7.727s] -- Installing: /autoware/install/autoware_common_msgs/share/autoware_common_msgs/cmake/autoware_common_msgs__rosidl_typesupport_cppExport.cmake
[7.727s] -- Installing: /autoware/install/autoware_common_msgs/share/autoware_common_msgs/cmake/autoware_common_msgs__rosidl_typesupport_cppExport-release.cmake
[7.728s] -- Installing: /autoware/install/autoware_common_msgs/share/autoware_common_msgs/cmake/export_autoware_common_msgs__rosidl_generator_pyExport.cmake
[7.728s] -- Installing: /autoware/install/autoware_common_msgs/share/autoware_common_msgs/cmake/export_autoware_common_msgs__rosidl_generator_pyExport-release.cmake
[7.738s] Invoked command in '/autoware/build/autoware_common_msgs' returned '0': CMAKE_PREFIX_PATH=/opt/ros/humble /usr/bin/cmake --install /autoware/build/autoware_common_msgs
