-- Found autoware_cmake: 0.1.0 (/autoware/install/autoware_cmake/share/autoware_cmake/cmake)
-- Found ament_cmake_auto: 1.3.2 (/opt/ros/humble/share/ament_cmake_auto/cmake)
-- Override CMake install command with custom implementation using symlinks instead of copying resources
-- Found rosidl_generator_c: 3.1.3 (/opt/ros/humble/share/rosidl_generator_c/cmake)
-- Found rosidl_adapter: 3.1.3 (/opt/ros/humble/share/rosidl_adapter/cmake)
-- Found rosidl_generator_cpp: 3.1.3 (/opt/ros/humble/share/rosidl_generator_cpp/cmake)
-- Using all available rosidl_typesupport_c: rosidl_typesupport_fastrtps_c;rosidl_typesupport_introspection_c
-- Using all available rosidl_typesupport_cpp: rosidl_typesupport_fastrtps_cpp;rosidl_typesupport_introspection_cpp
-- Found rmw_implementation_cmake: 6.1.0 (/opt/ros/humble/share/rmw_implementation_cmake/cmake)
-- Found rmw_fastrtps_cpp: 6.2.1 (/opt/ros/humble/share/rmw_fastrtps_cpp/cmake)
-- Using RMW implementation 'rmw_fastrtps_cpp' as default
-- Found eigen3_cmake_module: 0.1.1 (/opt/ros/humble/share/eigen3_cmake_module/cmake)
-- Ensuring Eigen3 include directory is part of orocos-kdl CMake target
-- Found ament_lint_auto: 0.12.4 (/opt/ros/humble/share/ament_lint_auto/cmake)
-- Eigen found (include: /usr/include/eigen3, version: 3.4.0)
-- looking for PCL_COMMON
-- Added test 'copyright' to check source files copyright and LICENSE
-- Added test 'cppcheck' to perform static code analysis on C / C++ code
-- Configured cppcheck include dirs: /autoware/src/universe/autoware.universe/perception/shape_estimation/include;$<BUILD_INTERFACE:/autoware/src/universe/autoware.universe/perception/shape_estimation/include>;/autoware/src/universe/autoware.universe/perception/shape_estimation/src
-- Configured cppcheck exclude dirs and/or files: 
-- Added test 'lint_cmake' to check CMake code style
-- Added test 'xmllint' to check XML markup files
-- Configuring done
-- Generating done
-- Build files have been written to: /autoware/build/shape_estimation
Consolidate compiler generated dependencies of target shape_estimation
[ 12%] Built target shape_estimation
Consolidate compiler generated dependencies of target shape_estimation_lib
[ 18%] Linking CXX shared library libshape_estimation_lib.so
[ 87%] Built target shape_estimation_lib
Consolidate compiler generated dependencies of target shape_estimation_node
[ 93%] Linking CXX shared library libshape_estimation_node.so
[100%] Built target shape_estimation_node
-- Install configuration: "Release"
-- Execute custom install script
-- Up-to-date symlink: /autoware/install/shape_estimation/lib/shape_estimation/shape_estimation
-- Up-to-date symlink: /autoware/install/shape_estimation/include/shape_estimation/corrector/bus_corrector.hpp
-- Up-to-date symlink: /autoware/install/shape_estimation/include/shape_estimation/corrector/car_corrector.hpp
-- Up-to-date symlink: /autoware/install/shape_estimation/include/shape_estimation/corrector/corrector.hpp
-- Up-to-date symlink: /autoware/install/shape_estimation/include/shape_estimation/corrector/corrector_interface.hpp
-- Up-to-date symlink: /autoware/install/shape_estimation/include/shape_estimation/corrector/no_corrector.hpp
-- Up-to-date symlink: /autoware/install/shape_estimation/include/shape_estimation/corrector/reference_shape_size_corrector.hpp
-- Up-to-date symlink: /autoware/install/shape_estimation/include/shape_estimation/corrector/truck_corrector.hpp
-- Up-to-date symlink: /autoware/install/shape_estimation/include/shape_estimation/corrector/utils.hpp
-- Up-to-date symlink: /autoware/install/shape_estimation/include/shape_estimation/corrector/vehicle_corrector.hpp
-- Up-to-date symlink: /autoware/install/shape_estimation/include/shape_estimation/filter/bus_filter.hpp
-- Up-to-date symlink: /autoware/install/shape_estimation/include/shape_estimation/filter/car_filter.hpp
-- Up-to-date symlink: /autoware/install/shape_estimation/include/shape_estimation/filter/filter.hpp
-- Up-to-date symlink: /autoware/install/shape_estimation/include/shape_estimation/filter/filter_interface.hpp
-- Up-to-date symlink: /autoware/install/shape_estimation/include/shape_estimation/filter/no_filter.hpp
-- Up-to-date symlink: /autoware/install/shape_estimation/include/shape_estimation/filter/truck_filter.hpp
-- Up-to-date symlink: /autoware/install/shape_estimation/include/shape_estimation/filter/utils.hpp
-- Up-to-date symlink: /autoware/install/shape_estimation/include/shape_estimation/model/bounding_box.hpp
-- Up-to-date symlink: /autoware/install/shape_estimation/include/shape_estimation/model/convex_hull.hpp
-- Up-to-date symlink: /autoware/install/shape_estimation/include/shape_estimation/model/cylinder.hpp
-- Up-to-date symlink: /autoware/install/shape_estimation/include/shape_estimation/model/model.hpp
-- Up-to-date symlink: /autoware/install/shape_estimation/include/shape_estimation/model/model_interface.hpp
-- Up-to-date symlink: /autoware/install/shape_estimation/include/shape_estimation/shape_estimator.hpp
-- Up-to-date symlink: /autoware/install/shape_estimation/share/shape_estimation/environment/library_path.sh
-- Up-to-date symlink: /autoware/install/shape_estimation/share/shape_estimation/environment/library_path.dsv
-- Up-to-date symlink: /autoware/install/shape_estimation/lib/libshape_estimation_lib.so
-- Up-to-date symlink: /autoware/install/shape_estimation/lib/libshape_estimation_node.so
-- Up-to-date symlink: /autoware/install/shape_estimation/share/shape_estimation/launch/shape_estimation.launch.xml
-- Up-to-date symlink: /autoware/install/shape_estimation/share/ament_index/resource_index/package_run_dependencies/shape_estimation
-- Up-to-date symlink: /autoware/install/shape_estimation/share/ament_index/resource_index/parent_prefix_path/shape_estimation
-- Up-to-date symlink: /autoware/install/shape_estimation/share/shape_estimation/environment/ament_prefix_path.sh
-- Up-to-date symlink: /autoware/install/shape_estimation/share/shape_estimation/environment/ament_prefix_path.dsv
-- Up-to-date symlink: /autoware/install/shape_estimation/share/shape_estimation/environment/path.sh
-- Up-to-date symlink: /autoware/install/shape_estimation/share/shape_estimation/environment/path.dsv
-- Up-to-date symlink: /autoware/install/shape_estimation/share/shape_estimation/local_setup.bash
-- Up-to-date symlink: /autoware/install/shape_estimation/share/shape_estimation/local_setup.sh
-- Up-to-date symlink: /autoware/install/shape_estimation/share/shape_estimation/local_setup.zsh
-- Up-to-date symlink: /autoware/install/shape_estimation/share/shape_estimation/local_setup.dsv
-- Symlinking: /autoware/install/shape_estimation/share/shape_estimation/package.dsv
-- Up-to-date symlink: /autoware/install/shape_estimation/share/ament_index/resource_index/packages/shape_estimation
-- Up-to-date symlink: /autoware/install/shape_estimation/share/ament_index/resource_index/rclcpp_components/shape_estimation
-- Up-to-date symlink: /autoware/install/shape_estimation/share/shape_estimation/cmake/ament_cmake_export_dependencies-extras.cmake
-- Up-to-date symlink: /autoware/install/shape_estimation/share/shape_estimation/cmake/ament_cmake_export_include_directories-extras.cmake
-- Up-to-date symlink: /autoware/install/shape_estimation/share/shape_estimation/cmake/ament_cmake_export_libraries-extras.cmake
-- Up-to-date symlink: /autoware/install/shape_estimation/share/shape_estimation/cmake/shape_estimationConfig.cmake
-- Up-to-date symlink: /autoware/install/shape_estimation/share/shape_estimation/cmake/shape_estimationConfig-version.cmake
-- Up-to-date symlink: /autoware/install/shape_estimation/share/shape_estimation/package.xml
