[0.112s] Invoking command in '/autoware/build/shape_estimation': AMENT_PREFIX_PATH=/autoware/install/tier4_autoware_utils:/autoware/install/tier4_perception_msgs:/autoware/install/autoware_auto_vehicle_msgs:/autoware/install/autoware_auto_planning_msgs:/autoware/install/autoware_auto_perception_msgs:/autoware/install/tier4_debug_msgs:/autoware/install/autoware_cmake:/autoware/install/autoware_auto_mapping_msgs:/autoware/install/autoware_auto_geometry_msgs:/autoware/install/autoware_lint_common:${AMENT_PREFIX_PATH} CMAKE_PREFIX_PATH=/autoware/install/tier4_autoware_utils:/autoware/install/tier4_perception_msgs:/autoware/install/autoware_auto_vehicle_msgs:/autoware/install/autoware_auto_planning_msgs:/autoware/install/autoware_auto_perception_msgs:/autoware/install/tier4_debug_msgs:/autoware/install/autoware_cmake:/autoware/install/autoware_auto_mapping_msgs:/autoware/install/autoware_auto_geometry_msgs:/autoware/install/autoware_lint_common:/opt/ros/humble LD_LIBRARY_PATH=/autoware/install/tier4_autoware_utils/lib:/autoware/install/tier4_perception_msgs/lib:/autoware/install/autoware_auto_vehicle_msgs/lib:/autoware/install/autoware_auto_planning_msgs/lib:/autoware/install/autoware_auto_perception_msgs/lib:/autoware/install/tier4_debug_msgs/lib:/autoware/install/autoware_auto_mapping_msgs/lib:/autoware/install/autoware_auto_geometry_msgs/lib:${LD_LIBRARY_PATH} PYTHONPATH=/autoware/install/tier4_perception_msgs/local/lib/python3.10/dist-packages:/autoware/install/autoware_auto_vehicle_msgs/local/lib/python3.10/dist-packages:/autoware/install/autoware_auto_planning_msgs/local/lib/python3.10/dist-packages:/autoware/install/autoware_auto_perception_msgs/local/lib/python3.10/dist-packages:/autoware/install/tier4_debug_msgs/local/lib/python3.10/dist-packages:/autoware/install/autoware_auto_mapping_msgs/local/lib/python3.10/dist-packages:/autoware/install/autoware_auto_geometry_msgs/local/lib/python3.10/dist-packages:${PYTHONPATH} /usr/bin/cmake --build /autoware/build/shape_estimation -- -j64 -l64
[0.141s] -- Found autoware_cmake: 0.1.0 (/autoware/install/autoware_cmake/share/autoware_cmake/cmake)
[0.141s] -- Found ament_cmake_auto: 1.3.2 (/opt/ros/humble/share/ament_cmake_auto/cmake)
[0.287s] -- Override CMake install command with custom implementation using symlinks instead of copying resources
[0.391s] -- Found rosidl_generator_c: 3.1.3 (/opt/ros/humble/share/rosidl_generator_c/cmake)
[0.393s] -- Found rosidl_adapter: 3.1.3 (/opt/ros/humble/share/rosidl_adapter/cmake)
[0.399s] -- Found rosidl_generator_cpp: 3.1.3 (/opt/ros/humble/share/rosidl_generator_cpp/cmake)
[0.410s] -- Using all available rosidl_typesupport_c: rosidl_typesupport_fastrtps_c;rosidl_typesupport_introspection_c
[0.424s] -- Using all available rosidl_typesupport_cpp: rosidl_typesupport_fastrtps_cpp;rosidl_typesupport_introspection_cpp
[0.901s] -- Found rmw_implementation_cmake: 6.1.0 (/opt/ros/humble/share/rmw_implementation_cmake/cmake)
[0.903s] -- Found rmw_fastrtps_cpp: 6.2.1 (/opt/ros/humble/share/rmw_fastrtps_cpp/cmake)
[1.024s] -- Using RMW implementation 'rmw_fastrtps_cpp' as default
[1.570s] -- Found eigen3_cmake_module: 0.1.1 (/opt/ros/humble/share/eigen3_cmake_module/cmake)
[1.571s] -- Ensuring Eigen3 include directory is part of orocos-kdl CMake target
[2.736s] -- Found ament_lint_auto: 0.12.4 (/opt/ros/humble/share/ament_lint_auto/cmake)
[2.751s] -- Eigen found (include: /usr/include/eigen3, version: 3.4.0)
[2.761s] -- looking for PCL_COMMON
[3.988s] -- Added test 'copyright' to check source files copyright and LICENSE
[3.993s] -- Added test 'cppcheck' to perform static code analysis on C / C++ code
[3.993s] -- Configured cppcheck include dirs: /autoware/src/universe/autoware.universe/perception/shape_estimation/include;$<BUILD_INTERFACE:/autoware/src/universe/autoware.universe/perception/shape_estimation/include>;/autoware/src/universe/autoware.universe/perception/shape_estimation/src
[3.993s] -- Configured cppcheck exclude dirs and/or files: 
[3.995s] -- Added test 'lint_cmake' to check CMake code style
[3.996s] -- Added test 'xmllint' to check XML markup files
[4.001s] -- Configuring done
[4.140s] -- Generating done
[4.142s] -- Build files have been written to: /autoware/build/shape_estimation
[4.177s] Consolidate compiler generated dependencies of target shape_estimation
[4.190s] [ 12%] Built target shape_estimation
[4.245s] Consolidate compiler generated dependencies of target shape_estimation_lib
[4.283s] [ 18%] Linking CXX shared library libshape_estimation_lib.so
[7.934s] [ 87%] Built target shape_estimation_lib
[7.961s] Consolidate compiler generated dependencies of target shape_estimation_node
[7.986s] [ 93%] Linking CXX shared library libshape_estimation_node.so
[8.326s] [100%] Built target shape_estimation_node
[8.335s] Invoked command in '/autoware/build/shape_estimation' returned '0': AMENT_PREFIX_PATH=/autoware/install/tier4_autoware_utils:/autoware/install/tier4_perception_msgs:/autoware/install/autoware_auto_vehicle_msgs:/autoware/install/autoware_auto_planning_msgs:/autoware/install/autoware_auto_perception_msgs:/autoware/install/tier4_debug_msgs:/autoware/install/autoware_cmake:/autoware/install/autoware_auto_mapping_msgs:/autoware/install/autoware_auto_geometry_msgs:/autoware/install/autoware_lint_common:${AMENT_PREFIX_PATH} CMAKE_PREFIX_PATH=/autoware/install/tier4_autoware_utils:/autoware/install/tier4_perception_msgs:/autoware/install/autoware_auto_vehicle_msgs:/autoware/install/autoware_auto_planning_msgs:/autoware/install/autoware_auto_perception_msgs:/autoware/install/tier4_debug_msgs:/autoware/install/autoware_cmake:/autoware/install/autoware_auto_mapping_msgs:/autoware/install/autoware_auto_geometry_msgs:/autoware/install/autoware_lint_common:/opt/ros/humble LD_LIBRARY_PATH=/autoware/install/tier4_autoware_utils/lib:/autoware/install/tier4_perception_msgs/lib:/autoware/install/autoware_auto_vehicle_msgs/lib:/autoware/install/autoware_auto_planning_msgs/lib:/autoware/install/autoware_auto_perception_msgs/lib:/autoware/install/tier4_debug_msgs/lib:/autoware/install/autoware_auto_mapping_msgs/lib:/autoware/install/autoware_auto_geometry_msgs/lib:${LD_LIBRARY_PATH} PYTHONPATH=/autoware/install/tier4_perception_msgs/local/lib/python3.10/dist-packages:/autoware/install/autoware_auto_vehicle_msgs/local/lib/python3.10/dist-packages:/autoware/install/autoware_auto_planning_msgs/local/lib/python3.10/dist-packages:/autoware/install/autoware_auto_perception_msgs/local/lib/python3.10/dist-packages:/autoware/install/tier4_debug_msgs/local/lib/python3.10/dist-packages:/autoware/install/autoware_auto_mapping_msgs/local/lib/python3.10/dist-packages:/autoware/install/autoware_auto_geometry_msgs/local/lib/python3.10/dist-packages:${PYTHONPATH} /usr/bin/cmake --build /autoware/build/shape_estimation -- -j64 -l64
[8.370s] Invoking command in '/autoware/build/shape_estimation': AMENT_PREFIX_PATH=/autoware/install/tier4_autoware_utils:/autoware/install/tier4_perception_msgs:/autoware/install/autoware_auto_vehicle_msgs:/autoware/install/autoware_auto_planning_msgs:/autoware/install/autoware_auto_perception_msgs:/autoware/install/tier4_debug_msgs:/autoware/install/autoware_cmake:/autoware/install/autoware_auto_mapping_msgs:/autoware/install/autoware_auto_geometry_msgs:/autoware/install/autoware_lint_common:${AMENT_PREFIX_PATH} CMAKE_PREFIX_PATH=/autoware/install/tier4_autoware_utils:/autoware/install/tier4_perception_msgs:/autoware/install/autoware_auto_vehicle_msgs:/autoware/install/autoware_auto_planning_msgs:/autoware/install/autoware_auto_perception_msgs:/autoware/install/tier4_debug_msgs:/autoware/install/autoware_cmake:/autoware/install/autoware_auto_mapping_msgs:/autoware/install/autoware_auto_geometry_msgs:/autoware/install/autoware_lint_common:/opt/ros/humble LD_LIBRARY_PATH=/autoware/install/tier4_autoware_utils/lib:/autoware/install/tier4_perception_msgs/lib:/autoware/install/autoware_auto_vehicle_msgs/lib:/autoware/install/autoware_auto_planning_msgs/lib:/autoware/install/autoware_auto_perception_msgs/lib:/autoware/install/tier4_debug_msgs/lib:/autoware/install/autoware_auto_mapping_msgs/lib:/autoware/install/autoware_auto_geometry_msgs/lib:${LD_LIBRARY_PATH} PYTHONPATH=/autoware/install/tier4_perception_msgs/local/lib/python3.10/dist-packages:/autoware/install/autoware_auto_vehicle_msgs/local/lib/python3.10/dist-packages:/autoware/install/autoware_auto_planning_msgs/local/lib/python3.10/dist-packages:/autoware/install/autoware_auto_perception_msgs/local/lib/python3.10/dist-packages:/autoware/install/tier4_debug_msgs/local/lib/python3.10/dist-packages:/autoware/install/autoware_auto_mapping_msgs/local/lib/python3.10/dist-packages:/autoware/install/autoware_auto_geometry_msgs/local/lib/python3.10/dist-packages:${PYTHONPATH} /usr/bin/cmake --install /autoware/build/shape_estimation
[8.377s] -- Install configuration: "Release"
[8.377s] -- Execute custom install script
[8.378s] -- Up-to-date symlink: /autoware/install/shape_estimation/lib/shape_estimation/shape_estimation
[8.378s] -- Up-to-date symlink: /autoware/install/shape_estimation/include/shape_estimation/corrector/bus_corrector.hpp
[8.379s] -- Up-to-date symlink: /autoware/install/shape_estimation/include/shape_estimation/corrector/car_corrector.hpp
[8.379s] -- Up-to-date symlink: /autoware/install/shape_estimation/include/shape_estimation/corrector/corrector.hpp
[8.379s] -- Up-to-date symlink: /autoware/install/shape_estimation/include/shape_estimation/corrector/corrector_interface.hpp
[8.379s] -- Up-to-date symlink: /autoware/install/shape_estimation/include/shape_estimation/corrector/no_corrector.hpp
[8.379s] -- Up-to-date symlink: /autoware/install/shape_estimation/include/shape_estimation/corrector/reference_shape_size_corrector.hpp
[8.379s] -- Up-to-date symlink: /autoware/install/shape_estimation/include/shape_estimation/corrector/truck_corrector.hpp
[8.379s] -- Up-to-date symlink: /autoware/install/shape_estimation/include/shape_estimation/corrector/utils.hpp
[8.380s] -- Up-to-date symlink: /autoware/install/shape_estimation/include/shape_estimation/corrector/vehicle_corrector.hpp
[8.380s] -- Up-to-date symlink: /autoware/install/shape_estimation/include/shape_estimation/filter/bus_filter.hpp
[8.380s] -- Up-to-date symlink: /autoware/install/shape_estimation/include/shape_estimation/filter/car_filter.hpp
[8.380s] -- Up-to-date symlink: /autoware/install/shape_estimation/include/shape_estimation/filter/filter.hpp
[8.380s] -- Up-to-date symlink: /autoware/install/shape_estimation/include/shape_estimation/filter/filter_interface.hpp
[8.380s] -- Up-to-date symlink: /autoware/install/shape_estimation/include/shape_estimation/filter/no_filter.hpp
[8.380s] -- Up-to-date symlink: /autoware/install/shape_estimation/include/shape_estimation/filter/truck_filter.hpp
[8.381s] -- Up-to-date symlink: /autoware/install/shape_estimation/include/shape_estimation/filter/utils.hpp
[8.381s] -- Up-to-date symlink: /autoware/install/shape_estimation/include/shape_estimation/model/bounding_box.hpp
[8.381s] -- Up-to-date symlink: /autoware/install/shape_estimation/include/shape_estimation/model/convex_hull.hpp
[8.381s] -- Up-to-date symlink: /autoware/install/shape_estimation/include/shape_estimation/model/cylinder.hpp
[8.381s] -- Up-to-date symlink: /autoware/install/shape_estimation/include/shape_estimation/model/model.hpp
[8.381s] -- Up-to-date symlink: /autoware/install/shape_estimation/include/shape_estimation/model/model_interface.hpp
[8.381s] -- Up-to-date symlink: /autoware/install/shape_estimation/include/shape_estimation/shape_estimator.hpp
[8.381s] -- Up-to-date symlink: /autoware/install/shape_estimation/share/shape_estimation/environment/library_path.sh
[8.382s] -- Up-to-date symlink: /autoware/install/shape_estimation/share/shape_estimation/environment/library_path.dsv
[8.382s] -- Up-to-date symlink: /autoware/install/shape_estimation/lib/libshape_estimation_lib.so
[8.382s] -- Up-to-date symlink: /autoware/install/shape_estimation/lib/libshape_estimation_node.so
[8.382s] -- Up-to-date symlink: /autoware/install/shape_estimation/share/shape_estimation/launch/shape_estimation.launch.xml
[8.382s] -- Up-to-date symlink: /autoware/install/shape_estimation/share/ament_index/resource_index/package_run_dependencies/shape_estimation
[8.383s] -- Up-to-date symlink: /autoware/install/shape_estimation/share/ament_index/resource_index/parent_prefix_path/shape_estimation
[8.383s] -- Up-to-date symlink: /autoware/install/shape_estimation/share/shape_estimation/environment/ament_prefix_path.sh
[8.383s] -- Up-to-date symlink: /autoware/install/shape_estimation/share/shape_estimation/environment/ament_prefix_path.dsv
[8.383s] -- Up-to-date symlink: /autoware/install/shape_estimation/share/shape_estimation/environment/path.sh
[8.383s] -- Up-to-date symlink: /autoware/install/shape_estimation/share/shape_estimation/environment/path.dsv
[8.383s] -- Up-to-date symlink: /autoware/install/shape_estimation/share/shape_estimation/local_setup.bash
[8.384s] -- Up-to-date symlink: /autoware/install/shape_estimation/share/shape_estimation/local_setup.sh
[8.384s] -- Up-to-date symlink: /autoware/install/shape_estimation/share/shape_estimation/local_setup.zsh
[8.384s] -- Up-to-date symlink: /autoware/install/shape_estimation/share/shape_estimation/local_setup.dsv
[8.384s] -- Symlinking: /autoware/install/shape_estimation/share/shape_estimation/package.dsv
[8.391s] -- Up-to-date symlink: /autoware/install/shape_estimation/share/ament_index/resource_index/packages/shape_estimation
[8.391s] -- Up-to-date symlink: /autoware/install/shape_estimation/share/ament_index/resource_index/rclcpp_components/shape_estimation
[8.391s] -- Up-to-date symlink: /autoware/install/shape_estimation/share/shape_estimation/cmake/ament_cmake_export_dependencies-extras.cmake
[8.391s] -- Up-to-date symlink: /autoware/install/shape_estimation/share/shape_estimation/cmake/ament_cmake_export_include_directories-extras.cmake
[8.392s] -- Up-to-date symlink: /autoware/install/shape_estimation/share/shape_estimation/cmake/ament_cmake_export_libraries-extras.cmake
[8.392s] -- Up-to-date symlink: /autoware/install/shape_estimation/share/shape_estimation/cmake/shape_estimationConfig.cmake
[8.392s] -- Up-to-date symlink: /autoware/install/shape_estimation/share/shape_estimation/cmake/shape_estimationConfig-version.cmake
[8.392s] -- Up-to-date symlink: /autoware/install/shape_estimation/share/shape_estimation/package.xml
[8.400s] Invoked command in '/autoware/build/shape_estimation' returned '0': AMENT_PREFIX_PATH=/autoware/install/tier4_autoware_utils:/autoware/install/tier4_perception_msgs:/autoware/install/autoware_auto_vehicle_msgs:/autoware/install/autoware_auto_planning_msgs:/autoware/install/autoware_auto_perception_msgs:/autoware/install/tier4_debug_msgs:/autoware/install/autoware_cmake:/autoware/install/autoware_auto_mapping_msgs:/autoware/install/autoware_auto_geometry_msgs:/autoware/install/autoware_lint_common:${AMENT_PREFIX_PATH} CMAKE_PREFIX_PATH=/autoware/install/tier4_autoware_utils:/autoware/install/tier4_perception_msgs:/autoware/install/autoware_auto_vehicle_msgs:/autoware/install/autoware_auto_planning_msgs:/autoware/install/autoware_auto_perception_msgs:/autoware/install/tier4_debug_msgs:/autoware/install/autoware_cmake:/autoware/install/autoware_auto_mapping_msgs:/autoware/install/autoware_auto_geometry_msgs:/autoware/install/autoware_lint_common:/opt/ros/humble LD_LIBRARY_PATH=/autoware/install/tier4_autoware_utils/lib:/autoware/install/tier4_perception_msgs/lib:/autoware/install/autoware_auto_vehicle_msgs/lib:/autoware/install/autoware_auto_planning_msgs/lib:/autoware/install/autoware_auto_perception_msgs/lib:/autoware/install/tier4_debug_msgs/lib:/autoware/install/autoware_auto_mapping_msgs/lib:/autoware/install/autoware_auto_geometry_msgs/lib:${LD_LIBRARY_PATH} PYTHONPATH=/autoware/install/tier4_perception_msgs/local/lib/python3.10/dist-packages:/autoware/install/autoware_auto_vehicle_msgs/local/lib/python3.10/dist-packages:/autoware/install/autoware_auto_planning_msgs/local/lib/python3.10/dist-packages:/autoware/install/autoware_auto_perception_msgs/local/lib/python3.10/dist-packages:/autoware/install/tier4_debug_msgs/local/lib/python3.10/dist-packages:/autoware/install/autoware_auto_mapping_msgs/local/lib/python3.10/dist-packages:/autoware/install/autoware_auto_geometry_msgs/local/lib/python3.10/dist-packages:${PYTHONPATH} /usr/bin/cmake --install /autoware/build/shape_estimation
