-- The C compiler identification is GNU 11.3.0
-- The CXX compiler identification is GNU 11.3.0
-- Detecting C compiler ABI info
-- Detecting C compiler ABI info - done
-- Check for working C compiler: /usr/bin/cc - skipped
-- Detecting C compile features
-- Detecting C compile features - done
-- Detecting CXX compiler ABI info
-- Detecting CXX compiler ABI info - done
-- Check for working CXX compiler: /usr/bin/c++ - skipped
-- Detecting CXX compile features
-- Detecting CXX compile features - done
-- Found autoware_cmake: 0.1.0 (/autoware/install/autoware_cmake/share/autoware_cmake/cmake)
-- Found Python3: /usr/bin/python3.10 (found version "3.10.6") found components: Interpreter 
-- Override CMake install command with custom implementation using symlinks instead of copying resources
-- Using all available rosidl_typesupport_c: rosidl_typesupport_fastrtps_c;rosidl_typesupport_introspection_c
-- Found rosidl_adapter: 3.1.3 (/opt/ros/humble/share/rosidl_adapter/cmake)
-- Using all available rosidl_typesupport_cpp: rosidl_typesupport_fastrtps_cpp;rosidl_typesupport_introspection_cpp
-- Found rmw_implementation_cmake: 6.1.0 (/opt/ros/humble/share/rmw_implementation_cmake/cmake)
-- Found rmw_fastrtps_cpp: 6.2.1 (/opt/ros/humble/share/rmw_fastrtps_cpp/cmake)
-- Found OpenSSL: /usr/lib/x86_64-linux-gnu/libcrypto.so (found version "3.0.2")  
-- Found FastRTPS: /opt/ros/humble/include  
-- Using RMW implementation 'rmw_fastrtps_cpp' as default
-- Found eigen3_cmake_module: 0.1.1 (/opt/ros/humble/share/eigen3_cmake_module/cmake)
-- Found Eigen3: TRUE (found version "3.4.0") 
-- Ensuring Eigen3 include directory is part of orocos-kdl CMake target
-- Found ament_lint_auto: 0.12.4 (/opt/ros/humble/share/ament_lint_auto/cmake)
-- Found ament_cmake_ros: 0.10.0 (/opt/ros/humble/share/ament_cmake_ros/cmake)
-- Using all available rosidl_typesupport_c: rosidl_typesupport_fastrtps_c;rosidl_typesupport_introspection_c
-- Using all available rosidl_typesupport_cpp: rosidl_typesupport_fastrtps_cpp;rosidl_typesupport_introspection_cpp
-- Found PythonInterp: /usr/bin/python3 (found suitable version "3.10.6", minimum required is "3.6") 
-- Found python_cmake_module: 0.10.0 (/opt/ros/humble/share/python_cmake_module/cmake)
-- Found PythonLibs: /usr/lib/x86_64-linux-gnu/libpython3.10.so (found suitable version "3.10.6", minimum required is "3.5") 
-- Using PYTHON_EXECUTABLE: /usr/bin/python3
-- Using PYTHON_INCLUDE_DIRS: /usr/include/python3.10
-- Using PYTHON_LIBRARIES: /usr/lib/x86_64-linux-gnu/libpython3.10.so
-- Found PythonExtra: .so  
-- Added test 'copyright' to check source files copyright and LICENSE
-- Added test 'cppcheck' to perform static code analysis on C / C++ code
-- Configured cppcheck include dirs: 
-- Configured cppcheck exclude dirs and/or files: 
-- Added test 'lint_cmake' to check CMake code style
-- Added test 'xmllint' to check XML markup files
-- Configuring done
-- Generating done
-- Build files have been written to: /autoware/build/operation_mode_transition_manager
[  2%] Generating C code for ROS interfaces
[  5%] Generating C++ code for ROS interfaces
[  7%] Building CXX object CMakeFiles/operation_mode_transition_manager_exe.dir/rclcpp_components/node_main_operation_mode_transition_manager_exe.cpp.o
[  7%] Built target ament_cmake_python_symlink_operation_mode_transition_manager
[ 10%] Building C object CMakeFiles/operation_mode_transition_manager__rosidl_generator_c.dir/rosidl_generator_c/operation_mode_transition_manager/msg/detail/operation_mode_transition_manager_debug__functions.c.o
running egg_info
creating operation_mode_transition_manager.egg-info
writing operation_mode_transition_manager.egg-info/PKG-INFO
writing dependency_links to operation_mode_transition_manager.egg-info/dependency_links.txt
writing top-level names to operation_mode_transition_manager.egg-info/top_level.txt
writing manifest file 'operation_mode_transition_manager.egg-info/SOURCES.txt'
reading manifest file 'operation_mode_transition_manager.egg-info/SOURCES.txt'
writing manifest file 'operation_mode_transition_manager.egg-info/SOURCES.txt'
[ 10%] Built target ament_cmake_python_build_operation_mode_transition_manager_egg
[ 13%] Linking C shared library liboperation_mode_transition_manager__rosidl_generator_c.so
[ 13%] Built target operation_mode_transition_manager__cpp
[ 15%] Generating C++ type support dispatch for ROS interfaces
[ 18%] Generating C++ type support for eProsima Fast-RTPS
[ 21%] Generating C++ introspection for ROS interfaces
[ 21%] Built target operation_mode_transition_manager__rosidl_generator_c
[ 23%] Generating C type support for eProsima Fast-RTPS
[ 26%] Generating C introspection for ROS interfaces
[ 28%] Generating C type support dispatch for ROS interfaces
[ 31%] Building CXX object CMakeFiles/operation_mode_transition_manager__rosidl_typesupport_introspection_cpp.dir/rosidl_typesupport_introspection_cpp/operation_mode_transition_manager/msg/detail/operation_mode_transition_manager_debug__type_support.cpp.o
[ 34%] Building CXX object CMakeFiles/operation_mode_transition_manager__rosidl_typesupport_cpp.dir/rosidl_typesupport_cpp/operation_mode_transition_manager/msg/operation_mode_transition_manager_debug__type_support.cpp.o
[ 36%] Building CXX object CMakeFiles/operation_mode_transition_manager__rosidl_typesupport_fastrtps_cpp.dir/rosidl_typesupport_fastrtps_cpp/operation_mode_transition_manager/msg/detail/dds_fastrtps/operation_mode_transition_manager_debug__type_support.cpp.o
[ 39%] Building CXX object CMakeFiles/operation_mode_transition_manager__rosidl_typesupport_c.dir/rosidl_typesupport_c/operation_mode_transition_manager/msg/operation_mode_transition_manager_debug__type_support.cpp.o
[ 42%] Building CXX object CMakeFiles/operation_mode_transition_manager__rosidl_typesupport_fastrtps_c.dir/rosidl_typesupport_fastrtps_c/operation_mode_transition_manager/msg/detail/operation_mode_transition_manager_debug__type_support_c.cpp.o
[ 44%] Linking CXX shared library liboperation_mode_transition_manager__rosidl_typesupport_c.so
[ 47%] Building C object CMakeFiles/operation_mode_transition_manager__rosidl_typesupport_introspection_c.dir/rosidl_typesupport_introspection_c/operation_mode_transition_manager/msg/detail/operation_mode_transition_manager_debug__type_support.c.o
[ 47%] Built target operation_mode_transition_manager__rosidl_typesupport_c
[ 50%] Linking C shared library liboperation_mode_transition_manager__rosidl_typesupport_introspection_c.so
[ 52%] Linking CXX shared library liboperation_mode_transition_manager__rosidl_typesupport_cpp.so
[ 52%] Built target operation_mode_transition_manager__rosidl_typesupport_introspection_c
[ 52%] Built target operation_mode_transition_manager__rosidl_typesupport_cpp
[ 55%] Linking CXX shared library liboperation_mode_transition_manager__rosidl_typesupport_introspection_cpp.so
[ 57%] Building CXX object CMakeFiles/operation_mode_transition_manager_node.dir/src/data.cpp.o
[ 60%] Building CXX object CMakeFiles/operation_mode_transition_manager_node.dir/src/compatibility.cpp.o
[ 63%] Building CXX object CMakeFiles/operation_mode_transition_manager_node.dir/src/node.cpp.o
[ 65%] Building CXX object CMakeFiles/operation_mode_transition_manager_node.dir/src/state.cpp.o
[ 65%] Built target operation_mode_transition_manager__rosidl_typesupport_introspection_cpp
[ 68%] Linking CXX shared library liboperation_mode_transition_manager__rosidl_typesupport_fastrtps_cpp.so
[ 71%] Linking CXX shared library liboperation_mode_transition_manager__rosidl_typesupport_fastrtps_c.so
[ 71%] Built target operation_mode_transition_manager__rosidl_typesupport_fastrtps_cpp
[ 71%] Built target operation_mode_transition_manager__rosidl_typesupport_fastrtps_c
[ 71%] Built target operation_mode_transition_manager
[ 73%] Generating Python code for ROS interfaces
[ 73%] Built target operation_mode_transition_manager__py
[ 76%] Building C object CMakeFiles/operation_mode_transition_manager__rosidl_generator_py.dir/rosidl_generator_py/operation_mode_transition_manager/msg/_operation_mode_transition_manager_debug_s.c.o
[ 78%] Linking C shared library rosidl_generator_py/operation_mode_transition_manager/liboperation_mode_transition_manager__rosidl_generator_py.so
[ 78%] Built target operation_mode_transition_manager__rosidl_generator_py
[ 81%] Building C object CMakeFiles/operation_mode_transition_manager__rosidl_typesupport_introspection_c__pyext.dir/rosidl_generator_py/operation_mode_transition_manager/_operation_mode_transition_manager_s.ep.rosidl_typesupport_introspection_c.c.o
[ 84%] Building C object CMakeFiles/operation_mode_transition_manager__rosidl_typesupport_fastrtps_c__pyext.dir/rosidl_generator_py/operation_mode_transition_manager/_operation_mode_transition_manager_s.ep.rosidl_typesupport_fastrtps_c.c.o
[ 86%] Building C object CMakeFiles/operation_mode_transition_manager__rosidl_typesupport_c__pyext.dir/rosidl_generator_py/operation_mode_transition_manager/_operation_mode_transition_manager_s.ep.rosidl_typesupport_c.c.o
[ 89%] Linking C shared library rosidl_generator_py/operation_mode_transition_manager/operation_mode_transition_manager_s__rosidl_typesupport_c.cpython-310-x86_64-linux-gnu.so
[ 92%] Linking C shared library rosidl_generator_py/operation_mode_transition_manager/operation_mode_transition_manager_s__rosidl_typesupport_fastrtps_c.cpython-310-x86_64-linux-gnu.so
[ 94%] Linking C shared library rosidl_generator_py/operation_mode_transition_manager/operation_mode_transition_manager_s__rosidl_typesupport_introspection_c.cpython-310-x86_64-linux-gnu.so
[ 94%] Built target operation_mode_transition_manager__rosidl_typesupport_c__pyext
[ 94%] Built target operation_mode_transition_manager__rosidl_typesupport_fastrtps_c__pyext
[ 94%] Built target operation_mode_transition_manager__rosidl_typesupport_introspection_c__pyext
[ 97%] Linking CXX executable operation_mode_transition_manager_exe
[ 97%] Built target operation_mode_transition_manager_exe
[100%] Linking CXX shared library liboperation_mode_transition_manager_node.so
[100%] Built target operation_mode_transition_manager_node
-- Install configuration: "Release"
-- Execute custom install script
-- Symlinking: /autoware/install/operation_mode_transition_manager/lib/operation_mode_transition_manager/operation_mode_transition_manager_exe
-- Symlinking: /autoware/install/operation_mode_transition_manager/share/ament_index/resource_index/rosidl_interfaces/operation_mode_transition_manager
-- Symlinking: /autoware/install/operation_mode_transition_manager/include/operation_mode_transition_manager/operation_mode_transition_manager/msg/detail/operation_mode_transition_manager_debug__functions.h
-- Symlinking: /autoware/install/operation_mode_transition_manager/include/operation_mode_transition_manager/operation_mode_transition_manager/msg/detail/operation_mode_transition_manager_debug__struct.h
-- Symlinking: /autoware/install/operation_mode_transition_manager/include/operation_mode_transition_manager/operation_mode_transition_manager/msg/detail/operation_mode_transition_manager_debug__type_support.h
-- Symlinking: /autoware/install/operation_mode_transition_manager/include/operation_mode_transition_manager/operation_mode_transition_manager/msg/operation_mode_transition_manager_debug.h
-- Symlinking: /autoware/install/operation_mode_transition_manager/include/operation_mode_transition_manager/operation_mode_transition_manager/msg/rosidl_generator_c__visibility_control.h
-- Symlinking: /autoware/install/operation_mode_transition_manager/share/operation_mode_transition_manager/environment/library_path.sh
-- Symlinking: /autoware/install/operation_mode_transition_manager/share/operation_mode_transition_manager/environment/library_path.dsv
-- Symlinking: /autoware/install/operation_mode_transition_manager/include/operation_mode_transition_manager/operation_mode_transition_manager/msg/detail/operation_mode_transition_manager_debug__rosidl_typesupport_fastrtps_c.h
-- Symlinking: /autoware/install/operation_mode_transition_manager/include/operation_mode_transition_manager/operation_mode_transition_manager/msg/rosidl_typesupport_fastrtps_c__visibility_control.h
-- Symlinking: /autoware/install/operation_mode_transition_manager/include/operation_mode_transition_manager/operation_mode_transition_manager/msg/detail/operation_mode_transition_manager_debug__rosidl_typesupport_introspection_c.h
-- Symlinking: /autoware/install/operation_mode_transition_manager/include/operation_mode_transition_manager/operation_mode_transition_manager/msg/rosidl_typesupport_introspection_c__visibility_control.h
-- Symlinking: /autoware/install/operation_mode_transition_manager/include/operation_mode_transition_manager/operation_mode_transition_manager/msg/detail/operation_mode_transition_manager_debug__builder.hpp
-- Symlinking: /autoware/install/operation_mode_transition_manager/include/operation_mode_transition_manager/operation_mode_transition_manager/msg/detail/operation_mode_transition_manager_debug__struct.hpp
-- Symlinking: /autoware/install/operation_mode_transition_manager/include/operation_mode_transition_manager/operation_mode_transition_manager/msg/detail/operation_mode_transition_manager_debug__traits.hpp
-- Symlinking: /autoware/install/operation_mode_transition_manager/include/operation_mode_transition_manager/operation_mode_transition_manager/msg/operation_mode_transition_manager_debug.hpp
-- Symlinking: /autoware/install/operation_mode_transition_manager/include/operation_mode_transition_manager/operation_mode_transition_manager/msg/detail/operation_mode_transition_manager_debug__rosidl_typesupport_fastrtps_cpp.hpp
-- Symlinking: /autoware/install/operation_mode_transition_manager/include/operation_mode_transition_manager/operation_mode_transition_manager/msg/rosidl_typesupport_fastrtps_cpp__visibility_control.h
-- Symlinking: /autoware/install/operation_mode_transition_manager/include/operation_mode_transition_manager/operation_mode_transition_manager/msg/detail/operation_mode_transition_manager_debug__rosidl_typesupport_introspection_cpp.hpp
-- Symlinking: /autoware/install/operation_mode_transition_manager/share/operation_mode_transition_manager/environment/pythonpath.sh
-- Symlinking: /autoware/install/operation_mode_transition_manager/share/operation_mode_transition_manager/environment/pythonpath.dsv
-- Symlinking: /autoware/install/operation_mode_transition_manager/local/lib/python3.10/dist-packages/operation_mode_transition_manager-0.1.0-py3.10.egg-info/PKG-INFO
-- Symlinking: /autoware/install/operation_mode_transition_manager/local/lib/python3.10/dist-packages/operation_mode_transition_manager-0.1.0-py3.10.egg-info/SOURCES.txt
-- Symlinking: /autoware/install/operation_mode_transition_manager/local/lib/python3.10/dist-packages/operation_mode_transition_manager-0.1.0-py3.10.egg-info/dependency_links.txt
-- Symlinking: /autoware/install/operation_mode_transition_manager/local/lib/python3.10/dist-packages/operation_mode_transition_manager-0.1.0-py3.10.egg-info/top_level.txt
-- Symlinking: /autoware/install/operation_mode_transition_manager/local/lib/python3.10/dist-packages/operation_mode_transition_manager/__init__.py
-- Symlinking: /autoware/install/operation_mode_transition_manager/local/lib/python3.10/dist-packages/operation_mode_transition_manager/_operation_mode_transition_manager_s.ep.rosidl_typesupport_c.c
-- Symlinking: /autoware/install/operation_mode_transition_manager/local/lib/python3.10/dist-packages/operation_mode_transition_manager/_operation_mode_transition_manager_s.ep.rosidl_typesupport_fastrtps_c.c
-- Symlinking: /autoware/install/operation_mode_transition_manager/local/lib/python3.10/dist-packages/operation_mode_transition_manager/_operation_mode_transition_manager_s.ep.rosidl_typesupport_introspection_c.c
-- Symlinking: /autoware/install/operation_mode_transition_manager/local/lib/python3.10/dist-packages/operation_mode_transition_manager/liboperation_mode_transition_manager__rosidl_generator_py.so
-- Symlinking: /autoware/install/operation_mode_transition_manager/local/lib/python3.10/dist-packages/operation_mode_transition_manager/msg/__init__.py
-- Symlinking: /autoware/install/operation_mode_transition_manager/local/lib/python3.10/dist-packages/operation_mode_transition_manager/msg/_operation_mode_transition_manager_debug.py
-- Symlinking: /autoware/install/operation_mode_transition_manager/local/lib/python3.10/dist-packages/operation_mode_transition_manager/msg/_operation_mode_transition_manager_debug_s.c
-- Symlinking: /autoware/install/operation_mode_transition_manager/local/lib/python3.10/dist-packages/operation_mode_transition_manager/operation_mode_transition_manager_s__rosidl_typesupport_c.cpython-310-x86_64-linux-gnu.so
-- Symlinking: /autoware/install/operation_mode_transition_manager/local/lib/python3.10/dist-packages/operation_mode_transition_manager/operation_mode_transition_manager_s__rosidl_typesupport_fastrtps_c.cpython-310-x86_64-linux-gnu.so
-- Symlinking: /autoware/install/operation_mode_transition_manager/local/lib/python3.10/dist-packages/operation_mode_transition_manager/operation_mode_transition_manager_s__rosidl_typesupport_introspection_c.cpython-310-x86_64-linux-gnu.so
-- Up-to-date symlink: /autoware/install/operation_mode_transition_manager/local/lib/python3.10/dist-packages/operation_mode_transition_manager/operation_mode_transition_manager_s__rosidl_typesupport_fastrtps_c.cpython-310-x86_64-linux-gnu.so
-- Up-to-date symlink: /autoware/install/operation_mode_transition_manager/local/lib/python3.10/dist-packages/operation_mode_transition_manager/operation_mode_transition_manager_s__rosidl_typesupport_introspection_c.cpython-310-x86_64-linux-gnu.so
-- Up-to-date symlink: /autoware/install/operation_mode_transition_manager/local/lib/python3.10/dist-packages/operation_mode_transition_manager/operation_mode_transition_manager_s__rosidl_typesupport_c.cpython-310-x86_64-linux-gnu.so
-- Symlinking: /autoware/install/operation_mode_transition_manager/share/operation_mode_transition_manager/msg/OperationModeTransitionManagerDebug.idl
-- Symlinking: /autoware/install/operation_mode_transition_manager/share/operation_mode_transition_manager/msg/OperationModeTransitionManagerDebug.msg
-- Symlinking: /autoware/install/operation_mode_transition_manager/lib/liboperation_mode_transition_manager_node.so
-- Symlinking: /autoware/install/operation_mode_transition_manager/share/operation_mode_transition_manager/launch/operation_mode_transition_manager.launch.xml
-- Symlinking: /autoware/install/operation_mode_transition_manager/share/operation_mode_transition_manager/config/operation_mode_transition_manager.param.yaml
-- Symlinking: /autoware/install/operation_mode_transition_manager/share/ament_index/resource_index/package_run_dependencies/operation_mode_transition_manager
-- Symlinking: /autoware/install/operation_mode_transition_manager/share/ament_index/resource_index/parent_prefix_path/operation_mode_transition_manager
-- Symlinking: /autoware/install/operation_mode_transition_manager/share/operation_mode_transition_manager/environment/ament_prefix_path.sh
-- Symlinking: /autoware/install/operation_mode_transition_manager/share/operation_mode_transition_manager/environment/ament_prefix_path.dsv
-- Symlinking: /autoware/install/operation_mode_transition_manager/share/operation_mode_transition_manager/environment/path.sh
-- Symlinking: /autoware/install/operation_mode_transition_manager/share/operation_mode_transition_manager/environment/path.dsv
-- Symlinking: /autoware/install/operation_mode_transition_manager/share/operation_mode_transition_manager/local_setup.bash
-- Symlinking: /autoware/install/operation_mode_transition_manager/share/operation_mode_transition_manager/local_setup.sh
-- Symlinking: /autoware/install/operation_mode_transition_manager/share/operation_mode_transition_manager/local_setup.zsh
-- Symlinking: /autoware/install/operation_mode_transition_manager/share/operation_mode_transition_manager/local_setup.dsv
-- Symlinking: /autoware/install/operation_mode_transition_manager/share/operation_mode_transition_manager/package.dsv
-- Symlinking: /autoware/install/operation_mode_transition_manager/share/ament_index/resource_index/packages/operation_mode_transition_manager
-- Symlinking: /autoware/install/operation_mode_transition_manager/share/ament_index/resource_index/rclcpp_components/operation_mode_transition_manager
-- Symlinking: /autoware/install/operation_mode_transition_manager/share/operation_mode_transition_manager/cmake/rosidl_cmake-extras.cmake
-- Symlinking: /autoware/install/operation_mode_transition_manager/share/operation_mode_transition_manager/cmake/ament_cmake_export_dependencies-extras.cmake
-- Symlinking: /autoware/install/operation_mode_transition_manager/share/operation_mode_transition_manager/cmake/ament_cmake_export_include_directories-extras.cmake
-- Symlinking: /autoware/install/operation_mode_transition_manager/share/operation_mode_transition_manager/cmake/ament_cmake_export_libraries-extras.cmake
-- Symlinking: /autoware/install/operation_mode_transition_manager/share/operation_mode_transition_manager/cmake/ament_cmake_export_targets-extras.cmake
-- Symlinking: /autoware/install/operation_mode_transition_manager/share/operation_mode_transition_manager/cmake/rosidl_cmake_export_typesupport_targets-extras.cmake
-- Symlinking: /autoware/install/operation_mode_transition_manager/share/operation_mode_transition_manager/cmake/rosidl_cmake_export_typesupport_libraries-extras.cmake
-- Symlinking: /autoware/install/operation_mode_transition_manager/share/operation_mode_transition_manager/cmake/operation_mode_transition_managerConfig.cmake
-- Symlinking: /autoware/install/operation_mode_transition_manager/share/operation_mode_transition_manager/cmake/operation_mode_transition_managerConfig-version.cmake
-- Symlinking: /autoware/install/operation_mode_transition_manager/share/operation_mode_transition_manager/package.xml
-- Installing: /autoware/install/operation_mode_transition_manager/lib/liboperation_mode_transition_manager__rosidl_generator_c.so
-- Set runtime path of "/autoware/install/operation_mode_transition_manager/lib/liboperation_mode_transition_manager__rosidl_generator_c.so" to ""
-- Installing: /autoware/install/operation_mode_transition_manager/lib/liboperation_mode_transition_manager__rosidl_typesupport_fastrtps_c.so
-- Set runtime path of "/autoware/install/operation_mode_transition_manager/lib/liboperation_mode_transition_manager__rosidl_typesupport_fastrtps_c.so" to ""
-- Installing: /autoware/install/operation_mode_transition_manager/lib/liboperation_mode_transition_manager__rosidl_typesupport_introspection_c.so
-- Set runtime path of "/autoware/install/operation_mode_transition_manager/lib/liboperation_mode_transition_manager__rosidl_typesupport_introspection_c.so" to ""
-- Installing: /autoware/install/operation_mode_transition_manager/lib/liboperation_mode_transition_manager__rosidl_typesupport_c.so
-- Set runtime path of "/autoware/install/operation_mode_transition_manager/lib/liboperation_mode_transition_manager__rosidl_typesupport_c.so" to ""
-- Installing: /autoware/install/operation_mode_transition_manager/lib/liboperation_mode_transition_manager__rosidl_typesupport_fastrtps_cpp.so
-- Set runtime path of "/autoware/install/operation_mode_transition_manager/lib/liboperation_mode_transition_manager__rosidl_typesupport_fastrtps_cpp.so" to ""
-- Installing: /autoware/install/operation_mode_transition_manager/lib/liboperation_mode_transition_manager__rosidl_typesupport_introspection_cpp.so
-- Set runtime path of "/autoware/install/operation_mode_transition_manager/lib/liboperation_mode_transition_manager__rosidl_typesupport_introspection_cpp.so" to ""
-- Installing: /autoware/install/operation_mode_transition_manager/lib/liboperation_mode_transition_manager__rosidl_typesupport_cpp.so
-- Set runtime path of "/autoware/install/operation_mode_transition_manager/lib/liboperation_mode_transition_manager__rosidl_typesupport_cpp.so" to ""
Listing '/autoware/install/operation_mode_transition_manager/local/lib/python3.10/dist-packages/operation_mode_transition_manager'...
Compiling '/autoware/install/operation_mode_transition_manager/local/lib/python3.10/dist-packages/operation_mode_transition_manager/__init__.py'...
Listing '/autoware/install/operation_mode_transition_manager/local/lib/python3.10/dist-packages/operation_mode_transition_manager/msg'...
Compiling '/autoware/install/operation_mode_transition_manager/local/lib/python3.10/dist-packages/operation_mode_transition_manager/msg/__init__.py'...
Compiling '/autoware/install/operation_mode_transition_manager/local/lib/python3.10/dist-packages/operation_mode_transition_manager/msg/_operation_mode_transition_manager_debug.py'...
-- Installing: /autoware/install/operation_mode_transition_manager/lib/liboperation_mode_transition_manager__rosidl_generator_py.so
-- Set runtime path of "/autoware/install/operation_mode_transition_manager/lib/liboperation_mode_transition_manager__rosidl_generator_py.so" to ""
-- Installing: /autoware/install/operation_mode_transition_manager/share/operation_mode_transition_manager/cmake/export_operation_mode_transition_manager__rosidl_generator_cExport.cmake
-- Installing: /autoware/install/operation_mode_transition_manager/share/operation_mode_transition_manager/cmake/export_operation_mode_transition_manager__rosidl_generator_cExport-release.cmake
-- Installing: /autoware/install/operation_mode_transition_manager/share/operation_mode_transition_manager/cmake/export_operation_mode_transition_manager__rosidl_typesupport_fastrtps_cExport.cmake
-- Installing: /autoware/install/operation_mode_transition_manager/share/operation_mode_transition_manager/cmake/export_operation_mode_transition_manager__rosidl_typesupport_fastrtps_cExport-release.cmake
-- Installing: /autoware/install/operation_mode_transition_manager/share/operation_mode_transition_manager/cmake/operation_mode_transition_manager__rosidl_typesupport_introspection_cExport.cmake
-- Installing: /autoware/install/operation_mode_transition_manager/share/operation_mode_transition_manager/cmake/operation_mode_transition_manager__rosidl_typesupport_introspection_cExport-release.cmake
-- Installing: /autoware/install/operation_mode_transition_manager/share/operation_mode_transition_manager/cmake/operation_mode_transition_manager__rosidl_typesupport_cExport.cmake
-- Installing: /autoware/install/operation_mode_transition_manager/share/operation_mode_transition_manager/cmake/operation_mode_transition_manager__rosidl_typesupport_cExport-release.cmake
-- Installing: /autoware/install/operation_mode_transition_manager/share/operation_mode_transition_manager/cmake/export_operation_mode_transition_manager__rosidl_generator_cppExport.cmake
-- Installing: /autoware/install/operation_mode_transition_manager/share/operation_mode_transition_manager/cmake/export_operation_mode_transition_manager__rosidl_typesupport_fastrtps_cppExport.cmake
-- Installing: /autoware/install/operation_mode_transition_manager/share/operation_mode_transition_manager/cmake/export_operation_mode_transition_manager__rosidl_typesupport_fastrtps_cppExport-release.cmake
-- Installing: /autoware/install/operation_mode_transition_manager/share/operation_mode_transition_manager/cmake/operation_mode_transition_manager__rosidl_typesupport_introspection_cppExport.cmake
-- Installing: /autoware/install/operation_mode_transition_manager/share/operation_mode_transition_manager/cmake/operation_mode_transition_manager__rosidl_typesupport_introspection_cppExport-release.cmake
-- Installing: /autoware/install/operation_mode_transition_manager/share/operation_mode_transition_manager/cmake/operation_mode_transition_manager__rosidl_typesupport_cppExport.cmake
-- Installing: /autoware/install/operation_mode_transition_manager/share/operation_mode_transition_manager/cmake/operation_mode_transition_manager__rosidl_typesupport_cppExport-release.cmake
-- Installing: /autoware/install/operation_mode_transition_manager/share/operation_mode_transition_manager/cmake/export_operation_mode_transition_manager__rosidl_generator_pyExport.cmake
-- Installing: /autoware/install/operation_mode_transition_manager/share/operation_mode_transition_manager/cmake/export_operation_mode_transition_manager__rosidl_generator_pyExport-release.cmake
