[0.061s] Invoking command in '/autoware/build/operation_mode_transition_manager': AMENT_PREFIX_PATH=/autoware/install/motion_utils:/autoware/install/vehicle_info_util:/autoware/install/interpolation:/autoware/install/tier4_autoware_utils:/autoware/install/tier4_vehicle_msgs:/autoware/install/component_interface_utils:/autoware/install/component_interface_specs:/autoware/install/autoware_auto_vehicle_msgs:/autoware/install/tier4_system_msgs:/autoware/install/tier4_control_msgs:/autoware/install/autoware_cmake:/autoware/install/autoware_auto_planning_msgs:/autoware/install/autoware_auto_perception_msgs:/autoware/install/tier4_debug_msgs:/autoware/install/autoware_lint_common:/autoware/install/autoware_common_msgs:/autoware/install/autoware_auto_system_msgs:/autoware/install/autoware_auto_mapping_msgs:/autoware/install/autoware_auto_geometry_msgs:/autoware/install/autoware_auto_control_msgs:/autoware/install/autoware_adapi_v1_msgs:${AMENT_PREFIX_PATH} CMAKE_PREFIX_PATH=/autoware/install/motion_utils:/autoware/install/vehicle_info_util:/autoware/install/interpolation:/autoware/install/tier4_autoware_utils:/autoware/install/tier4_vehicle_msgs:/autoware/install/component_interface_utils:/autoware/install/component_interface_specs:/autoware/install/autoware_auto_vehicle_msgs:/autoware/install/tier4_system_msgs:/autoware/install/tier4_control_msgs:/autoware/install/autoware_cmake:/autoware/install/autoware_auto_planning_msgs:/autoware/install/autoware_auto_perception_msgs:/autoware/install/tier4_debug_msgs:/autoware/install/autoware_lint_common:/autoware/install/autoware_common_msgs:/autoware/install/autoware_auto_system_msgs:/autoware/install/autoware_auto_mapping_msgs:/autoware/install/autoware_auto_geometry_msgs:/autoware/install/autoware_auto_control_msgs:/autoware/install/autoware_adapi_v1_msgs:/opt/ros/humble LD_LIBRARY_PATH=/autoware/install/motion_utils/lib:/autoware/install/vehicle_info_util/lib:/autoware/install/interpolation/lib:/autoware/install/tier4_autoware_utils/lib:/autoware/install/tier4_vehicle_msgs/lib:/autoware/install/autoware_auto_vehicle_msgs/lib:/autoware/install/tier4_system_msgs/lib:/autoware/install/tier4_control_msgs/lib:/autoware/install/autoware_auto_planning_msgs/lib:/autoware/install/autoware_auto_perception_msgs/lib:/autoware/install/tier4_debug_msgs/lib:/autoware/install/autoware_common_msgs/lib:/autoware/install/autoware_auto_system_msgs/lib:/autoware/install/autoware_auto_mapping_msgs/lib:/autoware/install/autoware_auto_geometry_msgs/lib:/autoware/install/autoware_auto_control_msgs/lib:/autoware/install/autoware_adapi_v1_msgs/lib:${LD_LIBRARY_PATH} PYTHONPATH=/autoware/install/tier4_vehicle_msgs/local/lib/python3.10/dist-packages:/autoware/install/autoware_auto_vehicle_msgs/local/lib/python3.10/dist-packages:/autoware/install/tier4_system_msgs/local/lib/python3.10/dist-packages:/autoware/install/tier4_control_msgs/local/lib/python3.10/dist-packages:/autoware/install/autoware_auto_planning_msgs/local/lib/python3.10/dist-packages:/autoware/install/autoware_auto_perception_msgs/local/lib/python3.10/dist-packages:/autoware/install/tier4_debug_msgs/local/lib/python3.10/dist-packages:/autoware/install/autoware_common_msgs/local/lib/python3.10/dist-packages:/autoware/install/autoware_auto_system_msgs/local/lib/python3.10/dist-packages:/autoware/install/autoware_auto_mapping_msgs/local/lib/python3.10/dist-packages:/autoware/install/autoware_auto_geometry_msgs/local/lib/python3.10/dist-packages:/autoware/install/autoware_auto_control_msgs/local/lib/python3.10/dist-packages:/autoware/install/autoware_adapi_v1_msgs/local/lib/python3.10/dist-packages:${PYTHONPATH} /usr/bin/cmake /autoware/src/universe/autoware.universe/control/operation_mode_transition_manager -DCMAKE_BUILD_TYPE=Release -DAMENT_CMAKE_SYMLINK_INSTALL=1 -DCMAKE_INSTALL_PREFIX=/autoware/install/operation_mode_transition_manager
[0.116s] -- The C compiler identification is GNU 11.3.0
[0.168s] -- The CXX compiler identification is GNU 11.3.0
[0.176s] -- Detecting C compiler ABI info
[0.240s] -- Detecting C compiler ABI info - done
[0.248s] -- Check for working C compiler: /usr/bin/cc - skipped
[0.249s] -- Detecting C compile features
[0.249s] -- Detecting C compile features - done
[0.253s] -- Detecting CXX compiler ABI info
[0.363s] -- Detecting CXX compiler ABI info - done
[0.376s] -- Check for working CXX compiler: /usr/bin/c++ - skipped
[0.376s] -- Detecting CXX compile features
[0.377s] -- Detecting CXX compile features - done
[0.380s] -- Found autoware_cmake: 0.1.0 (/autoware/install/autoware_cmake/share/autoware_cmake/cmake)
[0.610s] -- Found Python3: /usr/bin/python3.10 (found version "3.10.6") found components: Interpreter 
[0.683s] -- Override CMake install command with custom implementation using symlinks instead of copying resources
[0.833s] -- Using all available rosidl_typesupport_c: rosidl_typesupport_fastrtps_c;rosidl_typesupport_introspection_c
[0.854s] -- Found rosidl_adapter: 3.1.3 (/opt/ros/humble/share/rosidl_adapter/cmake)
[0.918s] -- Using all available rosidl_typesupport_cpp: rosidl_typesupport_fastrtps_cpp;rosidl_typesupport_introspection_cpp
[2.628s] -- Found rmw_implementation_cmake: 6.1.0 (/opt/ros/humble/share/rmw_implementation_cmake/cmake)
[2.632s] -- Found rmw_fastrtps_cpp: 6.2.1 (/opt/ros/humble/share/rmw_fastrtps_cpp/cmake)
[2.734s] -- Found OpenSSL: /usr/lib/x86_64-linux-gnu/libcrypto.so (found version "3.0.2")  
[2.770s] -- Found FastRTPS: /opt/ros/humble/include  
[2.823s] -- Using RMW implementation 'rmw_fastrtps_cpp' as default
[3.568s] -- Found eigen3_cmake_module: 0.1.1 (/opt/ros/humble/share/eigen3_cmake_module/cmake)
[3.597s] -- Found Eigen3: TRUE (found version "3.4.0") 
[3.597s] -- Ensuring Eigen3 include directory is part of orocos-kdl CMake target
[8.168s] -- Found ament_lint_auto: 0.12.4 (/opt/ros/humble/share/ament_lint_auto/cmake)
[39.491s] -- Found ament_cmake_ros: 0.10.0 (/opt/ros/humble/share/ament_cmake_ros/cmake)
[39.916s] -- Using all available rosidl_typesupport_c: rosidl_typesupport_fastrtps_c;rosidl_typesupport_introspection_c
[40.813s] -- Using all available rosidl_typesupport_cpp: rosidl_typesupport_fastrtps_cpp;rosidl_typesupport_introspection_cpp
[40.913s] -- Found PythonInterp: /usr/bin/python3 (found suitable version "3.10.6", minimum required is "3.6") 
[40.913s] -- Found python_cmake_module: 0.10.0 (/opt/ros/humble/share/python_cmake_module/cmake)
[41.000s] -- Found PythonLibs: /usr/lib/x86_64-linux-gnu/libpython3.10.so (found suitable version "3.10.6", minimum required is "3.5") 
[41.000s] -- Using PYTHON_EXECUTABLE: /usr/bin/python3
[41.000s] -- Using PYTHON_INCLUDE_DIRS: /usr/include/python3.10
[41.000s] -- Using PYTHON_LIBRARIES: /usr/lib/x86_64-linux-gnu/libpython3.10.so
[41.081s] -- Found PythonExtra: .so  
[41.250s] -- Added test 'copyright' to check source files copyright and LICENSE
[41.254s] -- Added test 'cppcheck' to perform static code analysis on C / C++ code
[41.255s] -- Configured cppcheck include dirs: 
[41.255s] -- Configured cppcheck exclude dirs and/or files: 
[41.257s] -- Added test 'lint_cmake' to check CMake code style
[41.267s] -- Added test 'xmllint' to check XML markup files
[41.278s] -- Configuring done
[41.617s] -- Generating done
[41.624s] -- Build files have been written to: /autoware/build/operation_mode_transition_manager
[41.694s] Invoked command in '/autoware/build/operation_mode_transition_manager' returned '0': AMENT_PREFIX_PATH=/autoware/install/motion_utils:/autoware/install/vehicle_info_util:/autoware/install/interpolation:/autoware/install/tier4_autoware_utils:/autoware/install/tier4_vehicle_msgs:/autoware/install/component_interface_utils:/autoware/install/component_interface_specs:/autoware/install/autoware_auto_vehicle_msgs:/autoware/install/tier4_system_msgs:/autoware/install/tier4_control_msgs:/autoware/install/autoware_cmake:/autoware/install/autoware_auto_planning_msgs:/autoware/install/autoware_auto_perception_msgs:/autoware/install/tier4_debug_msgs:/autoware/install/autoware_lint_common:/autoware/install/autoware_common_msgs:/autoware/install/autoware_auto_system_msgs:/autoware/install/autoware_auto_mapping_msgs:/autoware/install/autoware_auto_geometry_msgs:/autoware/install/autoware_auto_control_msgs:/autoware/install/autoware_adapi_v1_msgs:${AMENT_PREFIX_PATH} CMAKE_PREFIX_PATH=/autoware/install/motion_utils:/autoware/install/vehicle_info_util:/autoware/install/interpolation:/autoware/install/tier4_autoware_utils:/autoware/install/tier4_vehicle_msgs:/autoware/install/component_interface_utils:/autoware/install/component_interface_specs:/autoware/install/autoware_auto_vehicle_msgs:/autoware/install/tier4_system_msgs:/autoware/install/tier4_control_msgs:/autoware/install/autoware_cmake:/autoware/install/autoware_auto_planning_msgs:/autoware/install/autoware_auto_perception_msgs:/autoware/install/tier4_debug_msgs:/autoware/install/autoware_lint_common:/autoware/install/autoware_common_msgs:/autoware/install/autoware_auto_system_msgs:/autoware/install/autoware_auto_mapping_msgs:/autoware/install/autoware_auto_geometry_msgs:/autoware/install/autoware_auto_control_msgs:/autoware/install/autoware_adapi_v1_msgs:/opt/ros/humble LD_LIBRARY_PATH=/autoware/install/motion_utils/lib:/autoware/install/vehicle_info_util/lib:/autoware/install/interpolation/lib:/autoware/install/tier4_autoware_utils/lib:/autoware/install/tier4_vehicle_msgs/lib:/autoware/install/autoware_auto_vehicle_msgs/lib:/autoware/install/tier4_system_msgs/lib:/autoware/install/tier4_control_msgs/lib:/autoware/install/autoware_auto_planning_msgs/lib:/autoware/install/autoware_auto_perception_msgs/lib:/autoware/install/tier4_debug_msgs/lib:/autoware/install/autoware_common_msgs/lib:/autoware/install/autoware_auto_system_msgs/lib:/autoware/install/autoware_auto_mapping_msgs/lib:/autoware/install/autoware_auto_geometry_msgs/lib:/autoware/install/autoware_auto_control_msgs/lib:/autoware/install/autoware_adapi_v1_msgs/lib:${LD_LIBRARY_PATH} PYTHONPATH=/autoware/install/tier4_vehicle_msgs/local/lib/python3.10/dist-packages:/autoware/install/autoware_auto_vehicle_msgs/local/lib/python3.10/dist-packages:/autoware/install/tier4_system_msgs/local/lib/python3.10/dist-packages:/autoware/install/tier4_control_msgs/local/lib/python3.10/dist-packages:/autoware/install/autoware_auto_planning_msgs/local/lib/python3.10/dist-packages:/autoware/install/autoware_auto_perception_msgs/local/lib/python3.10/dist-packages:/autoware/install/tier4_debug_msgs/local/lib/python3.10/dist-packages:/autoware/install/autoware_common_msgs/local/lib/python3.10/dist-packages:/autoware/install/autoware_auto_system_msgs/local/lib/python3.10/dist-packages:/autoware/install/autoware_auto_mapping_msgs/local/lib/python3.10/dist-packages:/autoware/install/autoware_auto_geometry_msgs/local/lib/python3.10/dist-packages:/autoware/install/autoware_auto_control_msgs/local/lib/python3.10/dist-packages:/autoware/install/autoware_adapi_v1_msgs/local/lib/python3.10/dist-packages:${PYTHONPATH} /usr/bin/cmake /autoware/src/universe/autoware.universe/control/operation_mode_transition_manager -DCMAKE_BUILD_TYPE=Release -DAMENT_CMAKE_SYMLINK_INSTALL=1 -DCMAKE_INSTALL_PREFIX=/autoware/install/operation_mode_transition_manager
[41.694s] Invoking command in '/autoware/build/operation_mode_transition_manager': AMENT_PREFIX_PATH=/autoware/install/motion_utils:/autoware/install/vehicle_info_util:/autoware/install/interpolation:/autoware/install/tier4_autoware_utils:/autoware/install/tier4_vehicle_msgs:/autoware/install/component_interface_utils:/autoware/install/component_interface_specs:/autoware/install/autoware_auto_vehicle_msgs:/autoware/install/tier4_system_msgs:/autoware/install/tier4_control_msgs:/autoware/install/autoware_cmake:/autoware/install/autoware_auto_planning_msgs:/autoware/install/autoware_auto_perception_msgs:/autoware/install/tier4_debug_msgs:/autoware/install/autoware_lint_common:/autoware/install/autoware_common_msgs:/autoware/install/autoware_auto_system_msgs:/autoware/install/autoware_auto_mapping_msgs:/autoware/install/autoware_auto_geometry_msgs:/autoware/install/autoware_auto_control_msgs:/autoware/install/autoware_adapi_v1_msgs:${AMENT_PREFIX_PATH} CMAKE_PREFIX_PATH=/autoware/install/motion_utils:/autoware/install/vehicle_info_util:/autoware/install/interpolation:/autoware/install/tier4_autoware_utils:/autoware/install/tier4_vehicle_msgs:/autoware/install/component_interface_utils:/autoware/install/component_interface_specs:/autoware/install/autoware_auto_vehicle_msgs:/autoware/install/tier4_system_msgs:/autoware/install/tier4_control_msgs:/autoware/install/autoware_cmake:/autoware/install/autoware_auto_planning_msgs:/autoware/install/autoware_auto_perception_msgs:/autoware/install/tier4_debug_msgs:/autoware/install/autoware_lint_common:/autoware/install/autoware_common_msgs:/autoware/install/autoware_auto_system_msgs:/autoware/install/autoware_auto_mapping_msgs:/autoware/install/autoware_auto_geometry_msgs:/autoware/install/autoware_auto_control_msgs:/autoware/install/autoware_adapi_v1_msgs:/opt/ros/humble LD_LIBRARY_PATH=/autoware/install/motion_utils/lib:/autoware/install/vehicle_info_util/lib:/autoware/install/interpolation/lib:/autoware/install/tier4_autoware_utils/lib:/autoware/install/tier4_vehicle_msgs/lib:/autoware/install/autoware_auto_vehicle_msgs/lib:/autoware/install/tier4_system_msgs/lib:/autoware/install/tier4_control_msgs/lib:/autoware/install/autoware_auto_planning_msgs/lib:/autoware/install/autoware_auto_perception_msgs/lib:/autoware/install/tier4_debug_msgs/lib:/autoware/install/autoware_common_msgs/lib:/autoware/install/autoware_auto_system_msgs/lib:/autoware/install/autoware_auto_mapping_msgs/lib:/autoware/install/autoware_auto_geometry_msgs/lib:/autoware/install/autoware_auto_control_msgs/lib:/autoware/install/autoware_adapi_v1_msgs/lib:${LD_LIBRARY_PATH} PYTHONPATH=/autoware/install/tier4_vehicle_msgs/local/lib/python3.10/dist-packages:/autoware/install/autoware_auto_vehicle_msgs/local/lib/python3.10/dist-packages:/autoware/install/tier4_system_msgs/local/lib/python3.10/dist-packages:/autoware/install/tier4_control_msgs/local/lib/python3.10/dist-packages:/autoware/install/autoware_auto_planning_msgs/local/lib/python3.10/dist-packages:/autoware/install/autoware_auto_perception_msgs/local/lib/python3.10/dist-packages:/autoware/install/tier4_debug_msgs/local/lib/python3.10/dist-packages:/autoware/install/autoware_common_msgs/local/lib/python3.10/dist-packages:/autoware/install/autoware_auto_system_msgs/local/lib/python3.10/dist-packages:/autoware/install/autoware_auto_mapping_msgs/local/lib/python3.10/dist-packages:/autoware/install/autoware_auto_geometry_msgs/local/lib/python3.10/dist-packages:/autoware/install/autoware_auto_control_msgs/local/lib/python3.10/dist-packages:/autoware/install/autoware_adapi_v1_msgs/local/lib/python3.10/dist-packages:${PYTHONPATH} /usr/bin/cmake --build /autoware/build/operation_mode_transition_manager -- -j64 -l64
[41.886s] [  2%] Generating C code for ROS interfaces
[41.923s] [  5%] Generating C++ code for ROS interfaces
[41.954s] [  7%] Building CXX object CMakeFiles/operation_mode_transition_manager_exe.dir/rclcpp_components/node_main_operation_mode_transition_manager_exe.cpp.o
[42.022s] [  7%] Built target ament_cmake_python_symlink_operation_mode_transition_manager
[42.646s] [ 10%] Building C object CMakeFiles/operation_mode_transition_manager__rosidl_generator_c.dir/rosidl_generator_c/operation_mode_transition_manager/msg/detail/operation_mode_transition_manager_debug__functions.c.o
[42.650s] running egg_info
[42.652s] creating operation_mode_transition_manager.egg-info
[42.652s] writing operation_mode_transition_manager.egg-info/PKG-INFO
[42.652s] writing dependency_links to operation_mode_transition_manager.egg-info/dependency_links.txt
[42.653s] writing top-level names to operation_mode_transition_manager.egg-info/top_level.txt
[42.654s] writing manifest file 'operation_mode_transition_manager.egg-info/SOURCES.txt'
[42.657s] reading manifest file 'operation_mode_transition_manager.egg-info/SOURCES.txt'
[42.658s] writing manifest file 'operation_mode_transition_manager.egg-info/SOURCES.txt'
[42.734s] [ 10%] Built target ament_cmake_python_build_operation_mode_transition_manager_egg
[42.894s] [ 13%] Linking C shared library liboperation_mode_transition_manager__rosidl_generator_c.so
[42.945s] [ 13%] Built target operation_mode_transition_manager__cpp
[43.009s] [ 15%] Generating C++ type support dispatch for ROS interfaces
[43.012s] [ 18%] Generating C++ type support for eProsima Fast-RTPS
[43.026s] [ 21%] Generating C++ introspection for ROS interfaces
[43.081s] [ 21%] Built target operation_mode_transition_manager__rosidl_generator_c
[43.139s] [ 23%] Generating C type support for eProsima Fast-RTPS
[43.155s] [ 26%] Generating C introspection for ROS interfaces
[43.170s] [ 28%] Generating C type support dispatch for ROS interfaces
[43.694s] [ 31%] Building CXX object CMakeFiles/operation_mode_transition_manager__rosidl_typesupport_introspection_cpp.dir/rosidl_typesupport_introspection_cpp/operation_mode_transition_manager/msg/detail/operation_mode_transition_manager_debug__type_support.cpp.o
[43.810s] [ 34%] Building CXX object CMakeFiles/operation_mode_transition_manager__rosidl_typesupport_cpp.dir/rosidl_typesupport_cpp/operation_mode_transition_manager/msg/operation_mode_transition_manager_debug__type_support.cpp.o
[43.850s] [ 36%] Building CXX object CMakeFiles/operation_mode_transition_manager__rosidl_typesupport_fastrtps_cpp.dir/rosidl_typesupport_fastrtps_cpp/operation_mode_transition_manager/msg/detail/dds_fastrtps/operation_mode_transition_manager_debug__type_support.cpp.o
[43.970s] [ 39%] Building CXX object CMakeFiles/operation_mode_transition_manager__rosidl_typesupport_c.dir/rosidl_typesupport_c/operation_mode_transition_manager/msg/operation_mode_transition_manager_debug__type_support.cpp.o
[44.098s] [ 42%] Building CXX object CMakeFiles/operation_mode_transition_manager__rosidl_typesupport_fastrtps_c.dir/rosidl_typesupport_fastrtps_c/operation_mode_transition_manager/msg/detail/operation_mode_transition_manager_debug__type_support_c.cpp.o
[44.102s] [ 44%] Linking CXX shared library liboperation_mode_transition_manager__rosidl_typesupport_c.so
[44.130s] [ 47%] Building C object CMakeFiles/operation_mode_transition_manager__rosidl_typesupport_introspection_c.dir/rosidl_typesupport_introspection_c/operation_mode_transition_manager/msg/detail/operation_mode_transition_manager_debug__type_support.c.o
[44.289s] [ 47%] Built target operation_mode_transition_manager__rosidl_typesupport_c
[44.296s] [ 50%] Linking C shared library liboperation_mode_transition_manager__rosidl_typesupport_introspection_c.so
[44.322s] [ 52%] Linking CXX shared library liboperation_mode_transition_manager__rosidl_typesupport_cpp.so
[44.442s] [ 52%] Built target operation_mode_transition_manager__rosidl_typesupport_introspection_c
[44.458s] [ 52%] Built target operation_mode_transition_manager__rosidl_typesupport_cpp
[44.467s] [ 55%] Linking CXX shared library liboperation_mode_transition_manager__rosidl_typesupport_introspection_cpp.so
[44.570s] [ 57%] Building CXX object CMakeFiles/operation_mode_transition_manager_node.dir/src/data.cpp.o
[44.572s] [ 60%] Building CXX object CMakeFiles/operation_mode_transition_manager_node.dir/src/compatibility.cpp.o
[44.586s] [ 63%] Building CXX object CMakeFiles/operation_mode_transition_manager_node.dir/src/node.cpp.o
[44.617s] [ 65%] Building CXX object CMakeFiles/operation_mode_transition_manager_node.dir/src/state.cpp.o
[44.654s] [ 65%] Built target operation_mode_transition_manager__rosidl_typesupport_introspection_cpp
[44.833s] [ 68%] Linking CXX shared library liboperation_mode_transition_manager__rosidl_typesupport_fastrtps_cpp.so
[45.023s] [ 71%] Linking CXX shared library liboperation_mode_transition_manager__rosidl_typesupport_fastrtps_c.so
[45.134s] [ 71%] Built target operation_mode_transition_manager__rosidl_typesupport_fastrtps_cpp
[45.314s] [ 71%] Built target operation_mode_transition_manager__rosidl_typesupport_fastrtps_c
[45.399s] [ 71%] Built target operation_mode_transition_manager
[45.557s] [ 73%] Generating Python code for ROS interfaces
[46.795s] [ 73%] Built target operation_mode_transition_manager__py
[46.918s] [ 76%] Building C object CMakeFiles/operation_mode_transition_manager__rosidl_generator_py.dir/rosidl_generator_py/operation_mode_transition_manager/msg/_operation_mode_transition_manager_debug_s.c.o
[47.177s] [ 78%] Linking C shared library rosidl_generator_py/operation_mode_transition_manager/liboperation_mode_transition_manager__rosidl_generator_py.so
[47.234s] [ 78%] Built target operation_mode_transition_manager__rosidl_generator_py
[47.281s] [ 81%] Building C object CMakeFiles/operation_mode_transition_manager__rosidl_typesupport_introspection_c__pyext.dir/rosidl_generator_py/operation_mode_transition_manager/_operation_mode_transition_manager_s.ep.rosidl_typesupport_introspection_c.c.o
[47.303s] [ 84%] Building C object CMakeFiles/operation_mode_transition_manager__rosidl_typesupport_fastrtps_c__pyext.dir/rosidl_generator_py/operation_mode_transition_manager/_operation_mode_transition_manager_s.ep.rosidl_typesupport_fastrtps_c.c.o
[47.312s] [ 86%] Building C object CMakeFiles/operation_mode_transition_manager__rosidl_typesupport_c__pyext.dir/rosidl_generator_py/operation_mode_transition_manager/_operation_mode_transition_manager_s.ep.rosidl_typesupport_c.c.o
[47.541s] [ 89%] Linking C shared library rosidl_generator_py/operation_mode_transition_manager/operation_mode_transition_manager_s__rosidl_typesupport_c.cpython-310-x86_64-linux-gnu.so
[47.589s] [ 92%] Linking C shared library rosidl_generator_py/operation_mode_transition_manager/operation_mode_transition_manager_s__rosidl_typesupport_fastrtps_c.cpython-310-x86_64-linux-gnu.so
[47.620s] [ 94%] Linking C shared library rosidl_generator_py/operation_mode_transition_manager/operation_mode_transition_manager_s__rosidl_typesupport_introspection_c.cpython-310-x86_64-linux-gnu.so
[47.625s] [ 94%] Built target operation_mode_transition_manager__rosidl_typesupport_c__pyext
[47.665s] [ 94%] Built target operation_mode_transition_manager__rosidl_typesupport_fastrtps_c__pyext
[47.704s] [ 94%] Built target operation_mode_transition_manager__rosidl_typesupport_introspection_c__pyext
[47.918s] [ 97%] Linking CXX executable operation_mode_transition_manager_exe
[48.286s] [ 97%] Built target operation_mode_transition_manager_exe
[74.569s] [100%] Linking CXX shared library liboperation_mode_transition_manager_node.so
[75.002s] [100%] Built target operation_mode_transition_manager_node
[75.012s] Invoked command in '/autoware/build/operation_mode_transition_manager' returned '0': AMENT_PREFIX_PATH=/autoware/install/motion_utils:/autoware/install/vehicle_info_util:/autoware/install/interpolation:/autoware/install/tier4_autoware_utils:/autoware/install/tier4_vehicle_msgs:/autoware/install/component_interface_utils:/autoware/install/component_interface_specs:/autoware/install/autoware_auto_vehicle_msgs:/autoware/install/tier4_system_msgs:/autoware/install/tier4_control_msgs:/autoware/install/autoware_cmake:/autoware/install/autoware_auto_planning_msgs:/autoware/install/autoware_auto_perception_msgs:/autoware/install/tier4_debug_msgs:/autoware/install/autoware_lint_common:/autoware/install/autoware_common_msgs:/autoware/install/autoware_auto_system_msgs:/autoware/install/autoware_auto_mapping_msgs:/autoware/install/autoware_auto_geometry_msgs:/autoware/install/autoware_auto_control_msgs:/autoware/install/autoware_adapi_v1_msgs:${AMENT_PREFIX_PATH} CMAKE_PREFIX_PATH=/autoware/install/motion_utils:/autoware/install/vehicle_info_util:/autoware/install/interpolation:/autoware/install/tier4_autoware_utils:/autoware/install/tier4_vehicle_msgs:/autoware/install/component_interface_utils:/autoware/install/component_interface_specs:/autoware/install/autoware_auto_vehicle_msgs:/autoware/install/tier4_system_msgs:/autoware/install/tier4_control_msgs:/autoware/install/autoware_cmake:/autoware/install/autoware_auto_planning_msgs:/autoware/install/autoware_auto_perception_msgs:/autoware/install/tier4_debug_msgs:/autoware/install/autoware_lint_common:/autoware/install/autoware_common_msgs:/autoware/install/autoware_auto_system_msgs:/autoware/install/autoware_auto_mapping_msgs:/autoware/install/autoware_auto_geometry_msgs:/autoware/install/autoware_auto_control_msgs:/autoware/install/autoware_adapi_v1_msgs:/opt/ros/humble LD_LIBRARY_PATH=/autoware/install/motion_utils/lib:/autoware/install/vehicle_info_util/lib:/autoware/install/interpolation/lib:/autoware/install/tier4_autoware_utils/lib:/autoware/install/tier4_vehicle_msgs/lib:/autoware/install/autoware_auto_vehicle_msgs/lib:/autoware/install/tier4_system_msgs/lib:/autoware/install/tier4_control_msgs/lib:/autoware/install/autoware_auto_planning_msgs/lib:/autoware/install/autoware_auto_perception_msgs/lib:/autoware/install/tier4_debug_msgs/lib:/autoware/install/autoware_common_msgs/lib:/autoware/install/autoware_auto_system_msgs/lib:/autoware/install/autoware_auto_mapping_msgs/lib:/autoware/install/autoware_auto_geometry_msgs/lib:/autoware/install/autoware_auto_control_msgs/lib:/autoware/install/autoware_adapi_v1_msgs/lib:${LD_LIBRARY_PATH} PYTHONPATH=/autoware/install/tier4_vehicle_msgs/local/lib/python3.10/dist-packages:/autoware/install/autoware_auto_vehicle_msgs/local/lib/python3.10/dist-packages:/autoware/install/tier4_system_msgs/local/lib/python3.10/dist-packages:/autoware/install/tier4_control_msgs/local/lib/python3.10/dist-packages:/autoware/install/autoware_auto_planning_msgs/local/lib/python3.10/dist-packages:/autoware/install/autoware_auto_perception_msgs/local/lib/python3.10/dist-packages:/autoware/install/tier4_debug_msgs/local/lib/python3.10/dist-packages:/autoware/install/autoware_common_msgs/local/lib/python3.10/dist-packages:/autoware/install/autoware_auto_system_msgs/local/lib/python3.10/dist-packages:/autoware/install/autoware_auto_mapping_msgs/local/lib/python3.10/dist-packages:/autoware/install/autoware_auto_geometry_msgs/local/lib/python3.10/dist-packages:/autoware/install/autoware_auto_control_msgs/local/lib/python3.10/dist-packages:/autoware/install/autoware_adapi_v1_msgs/local/lib/python3.10/dist-packages:${PYTHONPATH} /usr/bin/cmake --build /autoware/build/operation_mode_transition_manager -- -j64 -l64
[75.053s] Invoking command in '/autoware/build/operation_mode_transition_manager': AMENT_PREFIX_PATH=/autoware/install/motion_utils:/autoware/install/vehicle_info_util:/autoware/install/interpolation:/autoware/install/tier4_autoware_utils:/autoware/install/tier4_vehicle_msgs:/autoware/install/component_interface_utils:/autoware/install/component_interface_specs:/autoware/install/autoware_auto_vehicle_msgs:/autoware/install/tier4_system_msgs:/autoware/install/tier4_control_msgs:/autoware/install/autoware_cmake:/autoware/install/autoware_auto_planning_msgs:/autoware/install/autoware_auto_perception_msgs:/autoware/install/tier4_debug_msgs:/autoware/install/autoware_lint_common:/autoware/install/autoware_common_msgs:/autoware/install/autoware_auto_system_msgs:/autoware/install/autoware_auto_mapping_msgs:/autoware/install/autoware_auto_geometry_msgs:/autoware/install/autoware_auto_control_msgs:/autoware/install/autoware_adapi_v1_msgs:${AMENT_PREFIX_PATH} CMAKE_PREFIX_PATH=/autoware/install/motion_utils:/autoware/install/vehicle_info_util:/autoware/install/interpolation:/autoware/install/tier4_autoware_utils:/autoware/install/tier4_vehicle_msgs:/autoware/install/component_interface_utils:/autoware/install/component_interface_specs:/autoware/install/autoware_auto_vehicle_msgs:/autoware/install/tier4_system_msgs:/autoware/install/tier4_control_msgs:/autoware/install/autoware_cmake:/autoware/install/autoware_auto_planning_msgs:/autoware/install/autoware_auto_perception_msgs:/autoware/install/tier4_debug_msgs:/autoware/install/autoware_lint_common:/autoware/install/autoware_common_msgs:/autoware/install/autoware_auto_system_msgs:/autoware/install/autoware_auto_mapping_msgs:/autoware/install/autoware_auto_geometry_msgs:/autoware/install/autoware_auto_control_msgs:/autoware/install/autoware_adapi_v1_msgs:/opt/ros/humble LD_LIBRARY_PATH=/autoware/install/motion_utils/lib:/autoware/install/vehicle_info_util/lib:/autoware/install/interpolation/lib:/autoware/install/tier4_autoware_utils/lib:/autoware/install/tier4_vehicle_msgs/lib:/autoware/install/autoware_auto_vehicle_msgs/lib:/autoware/install/tier4_system_msgs/lib:/autoware/install/tier4_control_msgs/lib:/autoware/install/autoware_auto_planning_msgs/lib:/autoware/install/autoware_auto_perception_msgs/lib:/autoware/install/tier4_debug_msgs/lib:/autoware/install/autoware_common_msgs/lib:/autoware/install/autoware_auto_system_msgs/lib:/autoware/install/autoware_auto_mapping_msgs/lib:/autoware/install/autoware_auto_geometry_msgs/lib:/autoware/install/autoware_auto_control_msgs/lib:/autoware/install/autoware_adapi_v1_msgs/lib:${LD_LIBRARY_PATH} PYTHONPATH=/autoware/install/tier4_vehicle_msgs/local/lib/python3.10/dist-packages:/autoware/install/autoware_auto_vehicle_msgs/local/lib/python3.10/dist-packages:/autoware/install/tier4_system_msgs/local/lib/python3.10/dist-packages:/autoware/install/tier4_control_msgs/local/lib/python3.10/dist-packages:/autoware/install/autoware_auto_planning_msgs/local/lib/python3.10/dist-packages:/autoware/install/autoware_auto_perception_msgs/local/lib/python3.10/dist-packages:/autoware/install/tier4_debug_msgs/local/lib/python3.10/dist-packages:/autoware/install/autoware_common_msgs/local/lib/python3.10/dist-packages:/autoware/install/autoware_auto_system_msgs/local/lib/python3.10/dist-packages:/autoware/install/autoware_auto_mapping_msgs/local/lib/python3.10/dist-packages:/autoware/install/autoware_auto_geometry_msgs/local/lib/python3.10/dist-packages:/autoware/install/autoware_auto_control_msgs/local/lib/python3.10/dist-packages:/autoware/install/autoware_adapi_v1_msgs/local/lib/python3.10/dist-packages:${PYTHONPATH} /usr/bin/cmake --install /autoware/build/operation_mode_transition_manager
[75.060s] -- Install configuration: "Release"
[75.060s] -- Execute custom install script
[75.061s] -- Symlinking: /autoware/install/operation_mode_transition_manager/lib/operation_mode_transition_manager/operation_mode_transition_manager_exe
[75.067s] -- Symlinking: /autoware/install/operation_mode_transition_manager/share/ament_index/resource_index/rosidl_interfaces/operation_mode_transition_manager
[75.075s] -- Symlinking: /autoware/install/operation_mode_transition_manager/include/operation_mode_transition_manager/operation_mode_transition_manager/msg/detail/operation_mode_transition_manager_debug__functions.h
[75.082s] -- Symlinking: /autoware/install/operation_mode_transition_manager/include/operation_mode_transition_manager/operation_mode_transition_manager/msg/detail/operation_mode_transition_manager_debug__struct.h
[75.089s] -- Symlinking: /autoware/install/operation_mode_transition_manager/include/operation_mode_transition_manager/operation_mode_transition_manager/msg/detail/operation_mode_transition_manager_debug__type_support.h
[75.095s] -- Symlinking: /autoware/install/operation_mode_transition_manager/include/operation_mode_transition_manager/operation_mode_transition_manager/msg/operation_mode_transition_manager_debug.h
[75.103s] -- Symlinking: /autoware/install/operation_mode_transition_manager/include/operation_mode_transition_manager/operation_mode_transition_manager/msg/rosidl_generator_c__visibility_control.h
[75.110s] -- Symlinking: /autoware/install/operation_mode_transition_manager/share/operation_mode_transition_manager/environment/library_path.sh
[75.117s] -- Symlinking: /autoware/install/operation_mode_transition_manager/share/operation_mode_transition_manager/environment/library_path.dsv
[75.125s] -- Symlinking: /autoware/install/operation_mode_transition_manager/include/operation_mode_transition_manager/operation_mode_transition_manager/msg/detail/operation_mode_transition_manager_debug__rosidl_typesupport_fastrtps_c.h
[75.131s] -- Symlinking: /autoware/install/operation_mode_transition_manager/include/operation_mode_transition_manager/operation_mode_transition_manager/msg/rosidl_typesupport_fastrtps_c__visibility_control.h
[75.139s] -- Symlinking: /autoware/install/operation_mode_transition_manager/include/operation_mode_transition_manager/operation_mode_transition_manager/msg/detail/operation_mode_transition_manager_debug__rosidl_typesupport_introspection_c.h
[75.145s] -- Symlinking: /autoware/install/operation_mode_transition_manager/include/operation_mode_transition_manager/operation_mode_transition_manager/msg/rosidl_typesupport_introspection_c__visibility_control.h
[75.152s] -- Symlinking: /autoware/install/operation_mode_transition_manager/include/operation_mode_transition_manager/operation_mode_transition_manager/msg/detail/operation_mode_transition_manager_debug__builder.hpp
[75.159s] -- Symlinking: /autoware/install/operation_mode_transition_manager/include/operation_mode_transition_manager/operation_mode_transition_manager/msg/detail/operation_mode_transition_manager_debug__struct.hpp
[75.166s] -- Symlinking: /autoware/install/operation_mode_transition_manager/include/operation_mode_transition_manager/operation_mode_transition_manager/msg/detail/operation_mode_transition_manager_debug__traits.hpp
[75.173s] -- Symlinking: /autoware/install/operation_mode_transition_manager/include/operation_mode_transition_manager/operation_mode_transition_manager/msg/operation_mode_transition_manager_debug.hpp
[75.180s] -- Symlinking: /autoware/install/operation_mode_transition_manager/include/operation_mode_transition_manager/operation_mode_transition_manager/msg/detail/operation_mode_transition_manager_debug__rosidl_typesupport_fastrtps_cpp.hpp
[75.187s] -- Symlinking: /autoware/install/operation_mode_transition_manager/include/operation_mode_transition_manager/operation_mode_transition_manager/msg/rosidl_typesupport_fastrtps_cpp__visibility_control.h
[75.194s] -- Symlinking: /autoware/install/operation_mode_transition_manager/include/operation_mode_transition_manager/operation_mode_transition_manager/msg/detail/operation_mode_transition_manager_debug__rosidl_typesupport_introspection_cpp.hpp
[75.201s] -- Symlinking: /autoware/install/operation_mode_transition_manager/share/operation_mode_transition_manager/environment/pythonpath.sh
[75.208s] -- Symlinking: /autoware/install/operation_mode_transition_manager/share/operation_mode_transition_manager/environment/pythonpath.dsv
[75.216s] -- Symlinking: /autoware/install/operation_mode_transition_manager/local/lib/python3.10/dist-packages/operation_mode_transition_manager-0.1.0-py3.10.egg-info/PKG-INFO
[75.222s] -- Symlinking: /autoware/install/operation_mode_transition_manager/local/lib/python3.10/dist-packages/operation_mode_transition_manager-0.1.0-py3.10.egg-info/SOURCES.txt
[75.229s] -- Symlinking: /autoware/install/operation_mode_transition_manager/local/lib/python3.10/dist-packages/operation_mode_transition_manager-0.1.0-py3.10.egg-info/dependency_links.txt
[75.236s] -- Symlinking: /autoware/install/operation_mode_transition_manager/local/lib/python3.10/dist-packages/operation_mode_transition_manager-0.1.0-py3.10.egg-info/top_level.txt
[75.245s] -- Symlinking: /autoware/install/operation_mode_transition_manager/local/lib/python3.10/dist-packages/operation_mode_transition_manager/__init__.py
[75.252s] -- Symlinking: /autoware/install/operation_mode_transition_manager/local/lib/python3.10/dist-packages/operation_mode_transition_manager/_operation_mode_transition_manager_s.ep.rosidl_typesupport_c.c
[75.259s] -- Symlinking: /autoware/install/operation_mode_transition_manager/local/lib/python3.10/dist-packages/operation_mode_transition_manager/_operation_mode_transition_manager_s.ep.rosidl_typesupport_fastrtps_c.c
[75.266s] -- Symlinking: /autoware/install/operation_mode_transition_manager/local/lib/python3.10/dist-packages/operation_mode_transition_manager/_operation_mode_transition_manager_s.ep.rosidl_typesupport_introspection_c.c
[75.272s] -- Symlinking: /autoware/install/operation_mode_transition_manager/local/lib/python3.10/dist-packages/operation_mode_transition_manager/liboperation_mode_transition_manager__rosidl_generator_py.so
[75.280s] -- Symlinking: /autoware/install/operation_mode_transition_manager/local/lib/python3.10/dist-packages/operation_mode_transition_manager/msg/__init__.py
[75.287s] -- Symlinking: /autoware/install/operation_mode_transition_manager/local/lib/python3.10/dist-packages/operation_mode_transition_manager/msg/_operation_mode_transition_manager_debug.py
[75.294s] -- Symlinking: /autoware/install/operation_mode_transition_manager/local/lib/python3.10/dist-packages/operation_mode_transition_manager/msg/_operation_mode_transition_manager_debug_s.c
[75.302s] -- Symlinking: /autoware/install/operation_mode_transition_manager/local/lib/python3.10/dist-packages/operation_mode_transition_manager/operation_mode_transition_manager_s__rosidl_typesupport_c.cpython-310-x86_64-linux-gnu.so
[75.309s] -- Symlinking: /autoware/install/operation_mode_transition_manager/local/lib/python3.10/dist-packages/operation_mode_transition_manager/operation_mode_transition_manager_s__rosidl_typesupport_fastrtps_c.cpython-310-x86_64-linux-gnu.so
[75.317s] -- Symlinking: /autoware/install/operation_mode_transition_manager/local/lib/python3.10/dist-packages/operation_mode_transition_manager/operation_mode_transition_manager_s__rosidl_typesupport_introspection_c.cpython-310-x86_64-linux-gnu.so
[75.325s] -- Up-to-date symlink: /autoware/install/operation_mode_transition_manager/local/lib/python3.10/dist-packages/operation_mode_transition_manager/operation_mode_transition_manager_s__rosidl_typesupport_fastrtps_c.cpython-310-x86_64-linux-gnu.so
[75.325s] -- Up-to-date symlink: /autoware/install/operation_mode_transition_manager/local/lib/python3.10/dist-packages/operation_mode_transition_manager/operation_mode_transition_manager_s__rosidl_typesupport_introspection_c.cpython-310-x86_64-linux-gnu.so
[75.325s] -- Up-to-date symlink: /autoware/install/operation_mode_transition_manager/local/lib/python3.10/dist-packages/operation_mode_transition_manager/operation_mode_transition_manager_s__rosidl_typesupport_c.cpython-310-x86_64-linux-gnu.so
[75.326s] -- Symlinking: /autoware/install/operation_mode_transition_manager/share/operation_mode_transition_manager/msg/OperationModeTransitionManagerDebug.idl
[75.333s] -- Symlinking: /autoware/install/operation_mode_transition_manager/share/operation_mode_transition_manager/msg/OperationModeTransitionManagerDebug.msg
[75.340s] -- Symlinking: /autoware/install/operation_mode_transition_manager/lib/liboperation_mode_transition_manager_node.so
[75.349s] -- Symlinking: /autoware/install/operation_mode_transition_manager/share/operation_mode_transition_manager/launch/operation_mode_transition_manager.launch.xml
[75.358s] -- Symlinking: /autoware/install/operation_mode_transition_manager/share/operation_mode_transition_manager/config/operation_mode_transition_manager.param.yaml
[75.366s] -- Symlinking: /autoware/install/operation_mode_transition_manager/share/ament_index/resource_index/package_run_dependencies/operation_mode_transition_manager
[75.375s] -- Symlinking: /autoware/install/operation_mode_transition_manager/share/ament_index/resource_index/parent_prefix_path/operation_mode_transition_manager
[75.383s] -- Symlinking: /autoware/install/operation_mode_transition_manager/share/operation_mode_transition_manager/environment/ament_prefix_path.sh
[75.392s] -- Symlinking: /autoware/install/operation_mode_transition_manager/share/operation_mode_transition_manager/environment/ament_prefix_path.dsv
[75.400s] -- Symlinking: /autoware/install/operation_mode_transition_manager/share/operation_mode_transition_manager/environment/path.sh
[75.408s] -- Symlinking: /autoware/install/operation_mode_transition_manager/share/operation_mode_transition_manager/environment/path.dsv
[75.416s] -- Symlinking: /autoware/install/operation_mode_transition_manager/share/operation_mode_transition_manager/local_setup.bash
[75.424s] -- Symlinking: /autoware/install/operation_mode_transition_manager/share/operation_mode_transition_manager/local_setup.sh
[75.432s] -- Symlinking: /autoware/install/operation_mode_transition_manager/share/operation_mode_transition_manager/local_setup.zsh
[75.440s] -- Symlinking: /autoware/install/operation_mode_transition_manager/share/operation_mode_transition_manager/local_setup.dsv
[75.449s] -- Symlinking: /autoware/install/operation_mode_transition_manager/share/operation_mode_transition_manager/package.dsv
[75.457s] -- Symlinking: /autoware/install/operation_mode_transition_manager/share/ament_index/resource_index/packages/operation_mode_transition_manager
[75.465s] -- Symlinking: /autoware/install/operation_mode_transition_manager/share/ament_index/resource_index/rclcpp_components/operation_mode_transition_manager
[75.473s] -- Symlinking: /autoware/install/operation_mode_transition_manager/share/operation_mode_transition_manager/cmake/rosidl_cmake-extras.cmake
[75.481s] -- Symlinking: /autoware/install/operation_mode_transition_manager/share/operation_mode_transition_manager/cmake/ament_cmake_export_dependencies-extras.cmake
[75.489s] -- Symlinking: /autoware/install/operation_mode_transition_manager/share/operation_mode_transition_manager/cmake/ament_cmake_export_include_directories-extras.cmake
[75.496s] -- Symlinking: /autoware/install/operation_mode_transition_manager/share/operation_mode_transition_manager/cmake/ament_cmake_export_libraries-extras.cmake
[75.502s] -- Symlinking: /autoware/install/operation_mode_transition_manager/share/operation_mode_transition_manager/cmake/ament_cmake_export_targets-extras.cmake
[75.509s] -- Symlinking: /autoware/install/operation_mode_transition_manager/share/operation_mode_transition_manager/cmake/rosidl_cmake_export_typesupport_targets-extras.cmake
[75.516s] -- Symlinking: /autoware/install/operation_mode_transition_manager/share/operation_mode_transition_manager/cmake/rosidl_cmake_export_typesupport_libraries-extras.cmake
[75.522s] -- Symlinking: /autoware/install/operation_mode_transition_manager/share/operation_mode_transition_manager/cmake/operation_mode_transition_managerConfig.cmake
[75.529s] -- Symlinking: /autoware/install/operation_mode_transition_manager/share/operation_mode_transition_manager/cmake/operation_mode_transition_managerConfig-version.cmake
[75.535s] -- Symlinking: /autoware/install/operation_mode_transition_manager/share/operation_mode_transition_manager/package.xml
[75.541s] -- Installing: /autoware/install/operation_mode_transition_manager/lib/liboperation_mode_transition_manager__rosidl_generator_c.so
[75.542s] -- Set runtime path of "/autoware/install/operation_mode_transition_manager/lib/liboperation_mode_transition_manager__rosidl_generator_c.so" to ""
[75.542s] -- Installing: /autoware/install/operation_mode_transition_manager/lib/liboperation_mode_transition_manager__rosidl_typesupport_fastrtps_c.so
[75.542s] -- Set runtime path of "/autoware/install/operation_mode_transition_manager/lib/liboperation_mode_transition_manager__rosidl_typesupport_fastrtps_c.so" to ""
[75.542s] -- Installing: /autoware/install/operation_mode_transition_manager/lib/liboperation_mode_transition_manager__rosidl_typesupport_introspection_c.so
[75.542s] -- Set runtime path of "/autoware/install/operation_mode_transition_manager/lib/liboperation_mode_transition_manager__rosidl_typesupport_introspection_c.so" to ""
[75.542s] -- Installing: /autoware/install/operation_mode_transition_manager/lib/liboperation_mode_transition_manager__rosidl_typesupport_c.so
[75.543s] -- Set runtime path of "/autoware/install/operation_mode_transition_manager/lib/liboperation_mode_transition_manager__rosidl_typesupport_c.so" to ""
[75.543s] -- Installing: /autoware/install/operation_mode_transition_manager/lib/liboperation_mode_transition_manager__rosidl_typesupport_fastrtps_cpp.so
[75.543s] -- Set runtime path of "/autoware/install/operation_mode_transition_manager/lib/liboperation_mode_transition_manager__rosidl_typesupport_fastrtps_cpp.so" to ""
[75.543s] -- Installing: /autoware/install/operation_mode_transition_manager/lib/liboperation_mode_transition_manager__rosidl_typesupport_introspection_cpp.so
[75.543s] -- Set runtime path of "/autoware/install/operation_mode_transition_manager/lib/liboperation_mode_transition_manager__rosidl_typesupport_introspection_cpp.so" to ""
[75.543s] -- Installing: /autoware/install/operation_mode_transition_manager/lib/liboperation_mode_transition_manager__rosidl_typesupport_cpp.so
[75.544s] -- Set runtime path of "/autoware/install/operation_mode_transition_manager/lib/liboperation_mode_transition_manager__rosidl_typesupport_cpp.so" to ""
[75.585s] Listing '/autoware/install/operation_mode_transition_manager/local/lib/python3.10/dist-packages/operation_mode_transition_manager'...
[75.585s] Compiling '/autoware/install/operation_mode_transition_manager/local/lib/python3.10/dist-packages/operation_mode_transition_manager/__init__.py'...
[75.585s] Listing '/autoware/install/operation_mode_transition_manager/local/lib/python3.10/dist-packages/operation_mode_transition_manager/msg'...
[75.585s] Compiling '/autoware/install/operation_mode_transition_manager/local/lib/python3.10/dist-packages/operation_mode_transition_manager/msg/__init__.py'...
[75.585s] Compiling '/autoware/install/operation_mode_transition_manager/local/lib/python3.10/dist-packages/operation_mode_transition_manager/msg/_operation_mode_transition_manager_debug.py'...
[75.589s] -- Installing: /autoware/install/operation_mode_transition_manager/lib/liboperation_mode_transition_manager__rosidl_generator_py.so
[75.589s] -- Set runtime path of "/autoware/install/operation_mode_transition_manager/lib/liboperation_mode_transition_manager__rosidl_generator_py.so" to ""
[75.589s] -- Installing: /autoware/install/operation_mode_transition_manager/share/operation_mode_transition_manager/cmake/export_operation_mode_transition_manager__rosidl_generator_cExport.cmake
[75.589s] -- Installing: /autoware/install/operation_mode_transition_manager/share/operation_mode_transition_manager/cmake/export_operation_mode_transition_manager__rosidl_generator_cExport-release.cmake
[75.590s] -- Installing: /autoware/install/operation_mode_transition_manager/share/operation_mode_transition_manager/cmake/export_operation_mode_transition_manager__rosidl_typesupport_fastrtps_cExport.cmake
[75.590s] -- Installing: /autoware/install/operation_mode_transition_manager/share/operation_mode_transition_manager/cmake/export_operation_mode_transition_manager__rosidl_typesupport_fastrtps_cExport-release.cmake
[75.590s] -- Installing: /autoware/install/operation_mode_transition_manager/share/operation_mode_transition_manager/cmake/operation_mode_transition_manager__rosidl_typesupport_introspection_cExport.cmake
[75.590s] -- Installing: /autoware/install/operation_mode_transition_manager/share/operation_mode_transition_manager/cmake/operation_mode_transition_manager__rosidl_typesupport_introspection_cExport-release.cmake
[75.590s] -- Installing: /autoware/install/operation_mode_transition_manager/share/operation_mode_transition_manager/cmake/operation_mode_transition_manager__rosidl_typesupport_cExport.cmake
[75.590s] -- Installing: /autoware/install/operation_mode_transition_manager/share/operation_mode_transition_manager/cmake/operation_mode_transition_manager__rosidl_typesupport_cExport-release.cmake
[75.591s] -- Installing: /autoware/install/operation_mode_transition_manager/share/operation_mode_transition_manager/cmake/export_operation_mode_transition_manager__rosidl_generator_cppExport.cmake
[75.591s] -- Installing: /autoware/install/operation_mode_transition_manager/share/operation_mode_transition_manager/cmake/export_operation_mode_transition_manager__rosidl_typesupport_fastrtps_cppExport.cmake
[75.591s] -- Installing: /autoware/install/operation_mode_transition_manager/share/operation_mode_transition_manager/cmake/export_operation_mode_transition_manager__rosidl_typesupport_fastrtps_cppExport-release.cmake
[75.591s] -- Installing: /autoware/install/operation_mode_transition_manager/share/operation_mode_transition_manager/cmake/operation_mode_transition_manager__rosidl_typesupport_introspection_cppExport.cmake
[75.591s] -- Installing: /autoware/install/operation_mode_transition_manager/share/operation_mode_transition_manager/cmake/operation_mode_transition_manager__rosidl_typesupport_introspection_cppExport-release.cmake
[75.591s] -- Installing: /autoware/install/operation_mode_transition_manager/share/operation_mode_transition_manager/cmake/operation_mode_transition_manager__rosidl_typesupport_cppExport.cmake
[75.592s] -- Installing: /autoware/install/operation_mode_transition_manager/share/operation_mode_transition_manager/cmake/operation_mode_transition_manager__rosidl_typesupport_cppExport-release.cmake
[75.592s] -- Installing: /autoware/install/operation_mode_transition_manager/share/operation_mode_transition_manager/cmake/export_operation_mode_transition_manager__rosidl_generator_pyExport.cmake
[75.592s] -- Installing: /autoware/install/operation_mode_transition_manager/share/operation_mode_transition_manager/cmake/export_operation_mode_transition_manager__rosidl_generator_pyExport-release.cmake
[75.601s] Invoked command in '/autoware/build/operation_mode_transition_manager' returned '0': AMENT_PREFIX_PATH=/autoware/install/motion_utils:/autoware/install/vehicle_info_util:/autoware/install/interpolation:/autoware/install/tier4_autoware_utils:/autoware/install/tier4_vehicle_msgs:/autoware/install/component_interface_utils:/autoware/install/component_interface_specs:/autoware/install/autoware_auto_vehicle_msgs:/autoware/install/tier4_system_msgs:/autoware/install/tier4_control_msgs:/autoware/install/autoware_cmake:/autoware/install/autoware_auto_planning_msgs:/autoware/install/autoware_auto_perception_msgs:/autoware/install/tier4_debug_msgs:/autoware/install/autoware_lint_common:/autoware/install/autoware_common_msgs:/autoware/install/autoware_auto_system_msgs:/autoware/install/autoware_auto_mapping_msgs:/autoware/install/autoware_auto_geometry_msgs:/autoware/install/autoware_auto_control_msgs:/autoware/install/autoware_adapi_v1_msgs:${AMENT_PREFIX_PATH} CMAKE_PREFIX_PATH=/autoware/install/motion_utils:/autoware/install/vehicle_info_util:/autoware/install/interpolation:/autoware/install/tier4_autoware_utils:/autoware/install/tier4_vehicle_msgs:/autoware/install/component_interface_utils:/autoware/install/component_interface_specs:/autoware/install/autoware_auto_vehicle_msgs:/autoware/install/tier4_system_msgs:/autoware/install/tier4_control_msgs:/autoware/install/autoware_cmake:/autoware/install/autoware_auto_planning_msgs:/autoware/install/autoware_auto_perception_msgs:/autoware/install/tier4_debug_msgs:/autoware/install/autoware_lint_common:/autoware/install/autoware_common_msgs:/autoware/install/autoware_auto_system_msgs:/autoware/install/autoware_auto_mapping_msgs:/autoware/install/autoware_auto_geometry_msgs:/autoware/install/autoware_auto_control_msgs:/autoware/install/autoware_adapi_v1_msgs:/opt/ros/humble LD_LIBRARY_PATH=/autoware/install/motion_utils/lib:/autoware/install/vehicle_info_util/lib:/autoware/install/interpolation/lib:/autoware/install/tier4_autoware_utils/lib:/autoware/install/tier4_vehicle_msgs/lib:/autoware/install/autoware_auto_vehicle_msgs/lib:/autoware/install/tier4_system_msgs/lib:/autoware/install/tier4_control_msgs/lib:/autoware/install/autoware_auto_planning_msgs/lib:/autoware/install/autoware_auto_perception_msgs/lib:/autoware/install/tier4_debug_msgs/lib:/autoware/install/autoware_common_msgs/lib:/autoware/install/autoware_auto_system_msgs/lib:/autoware/install/autoware_auto_mapping_msgs/lib:/autoware/install/autoware_auto_geometry_msgs/lib:/autoware/install/autoware_auto_control_msgs/lib:/autoware/install/autoware_adapi_v1_msgs/lib:${LD_LIBRARY_PATH} PYTHONPATH=/autoware/install/tier4_vehicle_msgs/local/lib/python3.10/dist-packages:/autoware/install/autoware_auto_vehicle_msgs/local/lib/python3.10/dist-packages:/autoware/install/tier4_system_msgs/local/lib/python3.10/dist-packages:/autoware/install/tier4_control_msgs/local/lib/python3.10/dist-packages:/autoware/install/autoware_auto_planning_msgs/local/lib/python3.10/dist-packages:/autoware/install/autoware_auto_perception_msgs/local/lib/python3.10/dist-packages:/autoware/install/tier4_debug_msgs/local/lib/python3.10/dist-packages:/autoware/install/autoware_common_msgs/local/lib/python3.10/dist-packages:/autoware/install/autoware_auto_system_msgs/local/lib/python3.10/dist-packages:/autoware/install/autoware_auto_mapping_msgs/local/lib/python3.10/dist-packages:/autoware/install/autoware_auto_geometry_msgs/local/lib/python3.10/dist-packages:/autoware/install/autoware_auto_control_msgs/local/lib/python3.10/dist-packages:/autoware/install/autoware_adapi_v1_msgs/local/lib/python3.10/dist-packages:${PYTHONPATH} /usr/bin/cmake --install /autoware/build/operation_mode_transition_manager
