[0.035s] Invoking command in '/autoware/build/autoware_auto_geometry': AMENT_PREFIX_PATH=/autoware/install/autoware_auto_vehicle_msgs:/autoware/install/autoware_auto_tf2:/autoware/install/autoware_auto_planning_msgs:/autoware/install/autoware_auto_perception_msgs:/autoware/install/autoware_auto_common:/autoware/install/autoware_cmake:/autoware/install/autoware_auto_system_msgs:/autoware/install/autoware_auto_mapping_msgs:/autoware/install/autoware_auto_geometry_msgs:/autoware/install/autoware_lint_common:/autoware/install/ament_cmake_auto:${AMENT_PREFIX_PATH} CMAKE_PREFIX_PATH=/autoware/install/autoware_auto_vehicle_msgs:/autoware/install/autoware_auto_tf2:/autoware/install/autoware_auto_planning_msgs:/autoware/install/autoware_auto_perception_msgs:/autoware/install/autoware_auto_common:/autoware/install/autoware_cmake:/autoware/install/autoware_auto_system_msgs:/autoware/install/autoware_auto_mapping_msgs:/autoware/install/autoware_auto_geometry_msgs:/autoware/install/autoware_lint_common:/autoware/install/ament_cmake_auto:/opt/ros/humble LD_LIBRARY_PATH=/autoware/install/autoware_auto_vehicle_msgs/lib:/autoware/install/autoware_auto_planning_msgs/lib:/autoware/install/autoware_auto_perception_msgs/lib:/autoware/install/autoware_auto_system_msgs/lib:/autoware/install/autoware_auto_mapping_msgs/lib:/autoware/install/autoware_auto_geometry_msgs/lib:${LD_LIBRARY_PATH} PYTHONPATH=/autoware/install/autoware_auto_vehicle_msgs/local/lib/python3.10/dist-packages:/autoware/install/autoware_auto_planning_msgs/local/lib/python3.10/dist-packages:/autoware/install/autoware_auto_perception_msgs/local/lib/python3.10/dist-packages:/autoware/install/autoware_auto_system_msgs/local/lib/python3.10/dist-packages:/autoware/install/autoware_auto_mapping_msgs/local/lib/python3.10/dist-packages:/autoware/install/autoware_auto_geometry_msgs/local/lib/python3.10/dist-packages:${PYTHONPATH} /usr/bin/cmake --build /autoware/build/autoware_auto_geometry -- -j64 -l64
[0.060s] -- Found autoware_cmake: 0.1.0 (/autoware/install/autoware_cmake/share/autoware_cmake/cmake)
[0.060s] -- Found ament_cmake_auto: 1.3.2 (/opt/ros/humble/share/ament_cmake_auto/cmake)
[0.201s] -- Override CMake install command with custom implementation using symlinks instead of copying resources
[0.296s] -- Found rosidl_generator_c: 3.1.3 (/opt/ros/humble/share/rosidl_generator_c/cmake)
[0.298s] -- Found rosidl_adapter: 3.1.3 (/opt/ros/humble/share/rosidl_adapter/cmake)
[0.303s] -- Found rosidl_generator_cpp: 3.1.3 (/opt/ros/humble/share/rosidl_generator_cpp/cmake)
[0.314s] -- Using all available rosidl_typesupport_c: rosidl_typesupport_fastrtps_c;rosidl_typesupport_introspection_c
[0.328s] -- Using all available rosidl_typesupport_cpp: rosidl_typesupport_fastrtps_cpp;rosidl_typesupport_introspection_cpp
[1.297s] -- Found eigen3_cmake_module: 0.1.1 (/opt/ros/humble/share/eigen3_cmake_module/cmake)
[1.298s] -- Ensuring Eigen3 include directory is part of orocos-kdl CMake target
[1.397s] -- Found rmw_implementation_cmake: 6.1.0 (/opt/ros/humble/share/rmw_implementation_cmake/cmake)
[1.398s] -- Found rmw_fastrtps_cpp: 6.2.1 (/opt/ros/humble/share/rmw_fastrtps_cpp/cmake)
[1.522s] -- Using RMW implementation 'rmw_fastrtps_cpp' as default
[2.082s] -- Found ament_lint_auto: 0.12.4 (/opt/ros/humble/share/ament_lint_auto/cmake)
[2.218s] -- Found gtest sources under '/opt/ros/humble/src/gtest_vendor': C++ tests using 'Google Test' will be built
[2.232s] -- Added test 'copyright' to check source files copyright and LICENSE
[2.235s] -- Added test 'cppcheck' to perform static code analysis on C / C++ code
[2.235s] -- Configured cppcheck include dirs: /autoware/src/universe/autoware.universe/common/autoware_auto_geometry/include;/autoware/src/universe/autoware.universe/common/autoware_auto_geometry/test/include
[2.236s] -- Configured cppcheck exclude dirs and/or files: 
[2.236s] -- Added test 'lint_cmake' to check CMake code style
[2.237s] -- Added test 'xmllint' to check XML markup files
[2.242s] -- Configuring done
[2.346s] -- Generating done
[2.346s] -- Build files have been written to: /autoware/build/autoware_auto_geometry
[2.346s] Consolidate compiler generated dependencies of target gtest_main
[2.348s] Consolidate compiler generated dependencies of target gtest
[2.352s] Consolidate compiler generated dependencies of target autoware_auto_geometry
[2.357s] [ 12%] Built target gtest_main
[2.359s] [ 25%] Built target gtest
[2.366s] [ 31%] Building CXX object CMakeFiles/autoware_auto_geometry.dir/src/spatial_hash.cpp.o
[2.387s] [ 37%] Building CXX object CMakeFiles/autoware_auto_geometry.dir/src/bounding_box.cpp.o
[5.804s] [ 43%] Linking CXX shared library libautoware_auto_geometry.so
[6.264s] [ 43%] Built target autoware_auto_geometry
[6.306s] Consolidate compiler generated dependencies of target geometry_gtest
[6.306s] [ 50%] Building CXX object CMakeFiles/geometry_gtest.dir/test/src/test_geometry.cpp.o
[6.307s] [ 56%] Building CXX object CMakeFiles/geometry_gtest.dir/test/src/test_convex_hull.cpp.o
[6.307s] [ 68%] Building CXX object CMakeFiles/geometry_gtest.dir/test/src/test_hull_pockets.cpp.o
[6.307s] [ 68%] Building CXX object CMakeFiles/geometry_gtest.dir/test/src/test_intersection.cpp.o
[6.307s] [ 75%] Building CXX object CMakeFiles/geometry_gtest.dir/test/src/test_area.cpp.o
[6.307s] [ 81%] Building CXX object CMakeFiles/geometry_gtest.dir/test/src/test_interval.cpp.o
[6.307s] [ 87%] Building CXX object CMakeFiles/geometry_gtest.dir/test/src/lookup_table.cpp.o
[6.307s] [ 93%] Building CXX object CMakeFiles/geometry_gtest.dir/test/src/test_common_2d.cpp.o
[13.582s] [100%] Linking CXX executable geometry_gtest
[13.797s] [100%] Built target geometry_gtest
[13.806s] Invoked command in '/autoware/build/autoware_auto_geometry' returned '0': AMENT_PREFIX_PATH=/autoware/install/autoware_auto_vehicle_msgs:/autoware/install/autoware_auto_tf2:/autoware/install/autoware_auto_planning_msgs:/autoware/install/autoware_auto_perception_msgs:/autoware/install/autoware_auto_common:/autoware/install/autoware_cmake:/autoware/install/autoware_auto_system_msgs:/autoware/install/autoware_auto_mapping_msgs:/autoware/install/autoware_auto_geometry_msgs:/autoware/install/autoware_lint_common:/autoware/install/ament_cmake_auto:${AMENT_PREFIX_PATH} CMAKE_PREFIX_PATH=/autoware/install/autoware_auto_vehicle_msgs:/autoware/install/autoware_auto_tf2:/autoware/install/autoware_auto_planning_msgs:/autoware/install/autoware_auto_perception_msgs:/autoware/install/autoware_auto_common:/autoware/install/autoware_cmake:/autoware/install/autoware_auto_system_msgs:/autoware/install/autoware_auto_mapping_msgs:/autoware/install/autoware_auto_geometry_msgs:/autoware/install/autoware_lint_common:/autoware/install/ament_cmake_auto:/opt/ros/humble LD_LIBRARY_PATH=/autoware/install/autoware_auto_vehicle_msgs/lib:/autoware/install/autoware_auto_planning_msgs/lib:/autoware/install/autoware_auto_perception_msgs/lib:/autoware/install/autoware_auto_system_msgs/lib:/autoware/install/autoware_auto_mapping_msgs/lib:/autoware/install/autoware_auto_geometry_msgs/lib:${LD_LIBRARY_PATH} PYTHONPATH=/autoware/install/autoware_auto_vehicle_msgs/local/lib/python3.10/dist-packages:/autoware/install/autoware_auto_planning_msgs/local/lib/python3.10/dist-packages:/autoware/install/autoware_auto_perception_msgs/local/lib/python3.10/dist-packages:/autoware/install/autoware_auto_system_msgs/local/lib/python3.10/dist-packages:/autoware/install/autoware_auto_mapping_msgs/local/lib/python3.10/dist-packages:/autoware/install/autoware_auto_geometry_msgs/local/lib/python3.10/dist-packages:${PYTHONPATH} /usr/bin/cmake --build /autoware/build/autoware_auto_geometry -- -j64 -l64
[13.837s] Invoking command in '/autoware/build/autoware_auto_geometry': AMENT_PREFIX_PATH=/autoware/install/autoware_auto_vehicle_msgs:/autoware/install/autoware_auto_tf2:/autoware/install/autoware_auto_planning_msgs:/autoware/install/autoware_auto_perception_msgs:/autoware/install/autoware_auto_common:/autoware/install/autoware_cmake:/autoware/install/autoware_auto_system_msgs:/autoware/install/autoware_auto_mapping_msgs:/autoware/install/autoware_auto_geometry_msgs:/autoware/install/autoware_lint_common:/autoware/install/ament_cmake_auto:${AMENT_PREFIX_PATH} CMAKE_PREFIX_PATH=/autoware/install/autoware_auto_vehicle_msgs:/autoware/install/autoware_auto_tf2:/autoware/install/autoware_auto_planning_msgs:/autoware/install/autoware_auto_perception_msgs:/autoware/install/autoware_auto_common:/autoware/install/autoware_cmake:/autoware/install/autoware_auto_system_msgs:/autoware/install/autoware_auto_mapping_msgs:/autoware/install/autoware_auto_geometry_msgs:/autoware/install/autoware_lint_common:/autoware/install/ament_cmake_auto:/opt/ros/humble LD_LIBRARY_PATH=/autoware/install/autoware_auto_vehicle_msgs/lib:/autoware/install/autoware_auto_planning_msgs/lib:/autoware/install/autoware_auto_perception_msgs/lib:/autoware/install/autoware_auto_system_msgs/lib:/autoware/install/autoware_auto_mapping_msgs/lib:/autoware/install/autoware_auto_geometry_msgs/lib:${LD_LIBRARY_PATH} PYTHONPATH=/autoware/install/autoware_auto_vehicle_msgs/local/lib/python3.10/dist-packages:/autoware/install/autoware_auto_planning_msgs/local/lib/python3.10/dist-packages:/autoware/install/autoware_auto_perception_msgs/local/lib/python3.10/dist-packages:/autoware/install/autoware_auto_system_msgs/local/lib/python3.10/dist-packages:/autoware/install/autoware_auto_mapping_msgs/local/lib/python3.10/dist-packages:/autoware/install/autoware_auto_geometry_msgs/local/lib/python3.10/dist-packages:${PYTHONPATH} /usr/bin/cmake --install /autoware/build/autoware_auto_geometry
[13.843s] -- Install configuration: "Release"
[13.844s] -- Execute custom install script
[13.845s] -- Up-to-date symlink: /autoware/install/autoware_auto_geometry/include/geometry/bounding_box/bounding_box_common.hpp
[13.846s] -- Up-to-date symlink: /autoware/install/autoware_auto_geometry/include/geometry/bounding_box/eigenbox_2d.hpp
[13.846s] -- Up-to-date symlink: /autoware/install/autoware_auto_geometry/include/geometry/bounding_box/lfit.hpp
[13.846s] -- Up-to-date symlink: /autoware/install/autoware_auto_geometry/include/geometry/bounding_box/rotating_calipers.hpp
[13.846s] -- Up-to-date symlink: /autoware/install/autoware_auto_geometry/include/geometry/bounding_box_2d.hpp
[13.847s] -- Up-to-date symlink: /autoware/install/autoware_auto_geometry/include/geometry/common_2d.hpp
[13.847s] -- Up-to-date symlink: /autoware/install/autoware_auto_geometry/include/geometry/common_3d.hpp
[13.847s] -- Up-to-date symlink: /autoware/install/autoware_auto_geometry/include/geometry/convex_hull.hpp
[13.848s] -- Up-to-date symlink: /autoware/install/autoware_auto_geometry/include/geometry/hull_pockets.hpp
[13.848s] -- Up-to-date symlink: /autoware/install/autoware_auto_geometry/include/geometry/intersection.hpp
[13.848s] -- Up-to-date symlink: /autoware/install/autoware_auto_geometry/include/geometry/interval.hpp
[13.848s] -- Up-to-date symlink: /autoware/install/autoware_auto_geometry/include/geometry/lookup_table.hpp
[13.848s] -- Up-to-date symlink: /autoware/install/autoware_auto_geometry/include/geometry/spatial_hash.hpp
[13.848s] -- Up-to-date symlink: /autoware/install/autoware_auto_geometry/include/geometry/spatial_hash_config.hpp
[13.848s] -- Up-to-date symlink: /autoware/install/autoware_auto_geometry/include/geometry/visibility_control.hpp
[13.848s] -- Up-to-date symlink: /autoware/install/autoware_auto_geometry/share/autoware_auto_geometry/environment/library_path.sh
[13.848s] -- Up-to-date symlink: /autoware/install/autoware_auto_geometry/share/autoware_auto_geometry/environment/library_path.dsv
[13.849s] -- Up-to-date symlink: /autoware/install/autoware_auto_geometry/lib/libautoware_auto_geometry.so
[13.849s] -- Up-to-date symlink: /autoware/install/autoware_auto_geometry/share/ament_index/resource_index/package_run_dependencies/autoware_auto_geometry
[13.849s] -- Up-to-date symlink: /autoware/install/autoware_auto_geometry/share/ament_index/resource_index/parent_prefix_path/autoware_auto_geometry
[13.849s] -- Up-to-date symlink: /autoware/install/autoware_auto_geometry/share/autoware_auto_geometry/environment/ament_prefix_path.sh
[13.849s] -- Up-to-date symlink: /autoware/install/autoware_auto_geometry/share/autoware_auto_geometry/environment/ament_prefix_path.dsv
[13.849s] -- Up-to-date symlink: /autoware/install/autoware_auto_geometry/share/autoware_auto_geometry/environment/path.sh
[13.849s] -- Up-to-date symlink: /autoware/install/autoware_auto_geometry/share/autoware_auto_geometry/environment/path.dsv
[13.849s] -- Up-to-date symlink: /autoware/install/autoware_auto_geometry/share/autoware_auto_geometry/local_setup.bash
[13.849s] -- Up-to-date symlink: /autoware/install/autoware_auto_geometry/share/autoware_auto_geometry/local_setup.sh
[13.849s] -- Up-to-date symlink: /autoware/install/autoware_auto_geometry/share/autoware_auto_geometry/local_setup.zsh
[13.850s] -- Up-to-date symlink: /autoware/install/autoware_auto_geometry/share/autoware_auto_geometry/local_setup.dsv
[13.850s] -- Symlinking: /autoware/install/autoware_auto_geometry/share/autoware_auto_geometry/package.dsv
[13.855s] -- Up-to-date symlink: /autoware/install/autoware_auto_geometry/share/ament_index/resource_index/packages/autoware_auto_geometry
[13.855s] -- Up-to-date symlink: /autoware/install/autoware_auto_geometry/share/autoware_auto_geometry/cmake/ament_cmake_export_dependencies-extras.cmake
[13.855s] -- Up-to-date symlink: /autoware/install/autoware_auto_geometry/share/autoware_auto_geometry/cmake/ament_cmake_export_include_directories-extras.cmake
[13.855s] -- Up-to-date symlink: /autoware/install/autoware_auto_geometry/share/autoware_auto_geometry/cmake/ament_cmake_export_libraries-extras.cmake
[13.856s] -- Up-to-date symlink: /autoware/install/autoware_auto_geometry/share/autoware_auto_geometry/cmake/autoware_auto_geometryConfig.cmake
[13.856s] -- Up-to-date symlink: /autoware/install/autoware_auto_geometry/share/autoware_auto_geometry/cmake/autoware_auto_geometryConfig-version.cmake
[13.856s] -- Up-to-date symlink: /autoware/install/autoware_auto_geometry/share/autoware_auto_geometry/package.xml
[13.867s] Invoked command in '/autoware/build/autoware_auto_geometry' returned '0': AMENT_PREFIX_PATH=/autoware/install/autoware_auto_vehicle_msgs:/autoware/install/autoware_auto_tf2:/autoware/install/autoware_auto_planning_msgs:/autoware/install/autoware_auto_perception_msgs:/autoware/install/autoware_auto_common:/autoware/install/autoware_cmake:/autoware/install/autoware_auto_system_msgs:/autoware/install/autoware_auto_mapping_msgs:/autoware/install/autoware_auto_geometry_msgs:/autoware/install/autoware_lint_common:/autoware/install/ament_cmake_auto:${AMENT_PREFIX_PATH} CMAKE_PREFIX_PATH=/autoware/install/autoware_auto_vehicle_msgs:/autoware/install/autoware_auto_tf2:/autoware/install/autoware_auto_planning_msgs:/autoware/install/autoware_auto_perception_msgs:/autoware/install/autoware_auto_common:/autoware/install/autoware_cmake:/autoware/install/autoware_auto_system_msgs:/autoware/install/autoware_auto_mapping_msgs:/autoware/install/autoware_auto_geometry_msgs:/autoware/install/autoware_lint_common:/autoware/install/ament_cmake_auto:/opt/ros/humble LD_LIBRARY_PATH=/autoware/install/autoware_auto_vehicle_msgs/lib:/autoware/install/autoware_auto_planning_msgs/lib:/autoware/install/autoware_auto_perception_msgs/lib:/autoware/install/autoware_auto_system_msgs/lib:/autoware/install/autoware_auto_mapping_msgs/lib:/autoware/install/autoware_auto_geometry_msgs/lib:${LD_LIBRARY_PATH} PYTHONPATH=/autoware/install/autoware_auto_vehicle_msgs/local/lib/python3.10/dist-packages:/autoware/install/autoware_auto_planning_msgs/local/lib/python3.10/dist-packages:/autoware/install/autoware_auto_perception_msgs/local/lib/python3.10/dist-packages:/autoware/install/autoware_auto_system_msgs/local/lib/python3.10/dist-packages:/autoware/install/autoware_auto_mapping_msgs/local/lib/python3.10/dist-packages:/autoware/install/autoware_auto_geometry_msgs/local/lib/python3.10/dist-packages:${PYTHONPATH} /usr/bin/cmake --install /autoware/build/autoware_auto_geometry
