[0.032s] Invoking command in '/autoware/build/object_merger': AMENT_PREFIX_PATH=/autoware/install/perception_utils:/autoware/install/interpolation:/autoware/install/tier4_autoware_utils:/autoware/install/tier4_perception_msgs:/autoware/install/autoware_auto_vehicle_msgs:/autoware/install/autoware_cmake:/autoware/install/autoware_auto_planning_msgs:/autoware/install/autoware_auto_perception_msgs:/autoware/install/tier4_debug_msgs:/autoware/install/mussp:/autoware/install/autoware_lint_common:/autoware/install/autoware_auto_mapping_msgs:/autoware/install/autoware_auto_geometry_msgs:${AMENT_PREFIX_PATH} CMAKE_PREFIX_PATH=/autoware/install/perception_utils:/autoware/install/interpolation:/autoware/install/tier4_autoware_utils:/autoware/install/tier4_perception_msgs:/autoware/install/autoware_auto_vehicle_msgs:/autoware/install/autoware_cmake:/autoware/install/autoware_auto_planning_msgs:/autoware/install/autoware_auto_perception_msgs:/autoware/install/tier4_debug_msgs:/autoware/install/mussp:/autoware/install/autoware_lint_common:/autoware/install/autoware_auto_mapping_msgs:/autoware/install/autoware_auto_geometry_msgs:/opt/ros/humble LD_LIBRARY_PATH=/autoware/install/perception_utils/lib:/autoware/install/interpolation/lib:/autoware/install/tier4_autoware_utils/lib:/autoware/install/tier4_perception_msgs/lib:/autoware/install/autoware_auto_vehicle_msgs/lib:/autoware/install/autoware_auto_planning_msgs/lib:/autoware/install/autoware_auto_perception_msgs/lib:/autoware/install/tier4_debug_msgs/lib:/autoware/install/mussp/lib:/autoware/install/autoware_auto_mapping_msgs/lib:/autoware/install/autoware_auto_geometry_msgs/lib:${LD_LIBRARY_PATH} PYTHONPATH=/autoware/install/tier4_perception_msgs/local/lib/python3.10/dist-packages:/autoware/install/autoware_auto_vehicle_msgs/local/lib/python3.10/dist-packages:/autoware/install/autoware_auto_planning_msgs/local/lib/python3.10/dist-packages:/autoware/install/autoware_auto_perception_msgs/local/lib/python3.10/dist-packages:/autoware/install/tier4_debug_msgs/local/lib/python3.10/dist-packages:/autoware/install/autoware_auto_mapping_msgs/local/lib/python3.10/dist-packages:/autoware/install/autoware_auto_geometry_msgs/local/lib/python3.10/dist-packages:${PYTHONPATH} /usr/bin/cmake /autoware/src/universe/autoware.universe/perception/object_merger -DCMAKE_BUILD_TYPE=Release -DAMENT_CMAKE_SYMLINK_INSTALL=1 -DCMAKE_INSTALL_PREFIX=/autoware/install/object_merger
[0.075s] -- The C compiler identification is GNU 11.3.0
[0.121s] -- The CXX compiler identification is GNU 11.3.0
[0.127s] -- Detecting C compiler ABI info
[0.183s] -- Detecting C compiler ABI info - done
[0.195s] -- Check for working C compiler: /usr/bin/cc - skipped
[0.195s] -- Detecting C compile features
[0.196s] -- Detecting C compile features - done
[0.201s] -- Detecting CXX compiler ABI info
[0.268s] -- Detecting CXX compiler ABI info - done
[0.281s] -- Check for working CXX compiler: /usr/bin/c++ - skipped
[0.281s] -- Detecting CXX compile features
[0.282s] -- Detecting CXX compile features - done
[0.284s] -- Found autoware_cmake: 0.1.0 (/autoware/install/autoware_cmake/share/autoware_cmake/cmake)
[0.503s] -- Found Python3: /usr/bin/python3.10 (found version "3.10.6") found components: Interpreter 
[0.606s] -- Override CMake install command with custom implementation using symlinks instead of copying resources
[0.884s] -- Found rosidl_generator_c: 3.1.3 (/opt/ros/humble/share/rosidl_generator_c/cmake)
[0.896s] -- Found rosidl_adapter: 3.1.3 (/opt/ros/humble/share/rosidl_adapter/cmake)
[0.915s] -- Found rosidl_generator_cpp: 3.1.3 (/opt/ros/humble/share/rosidl_generator_cpp/cmake)
[0.944s] -- Using all available rosidl_typesupport_c: rosidl_typesupport_fastrtps_c;rosidl_typesupport_introspection_c
[0.986s] -- Using all available rosidl_typesupport_cpp: rosidl_typesupport_fastrtps_cpp;rosidl_typesupport_introspection_cpp
[3.301s] -- Found rmw_implementation_cmake: 6.1.0 (/opt/ros/humble/share/rmw_implementation_cmake/cmake)
[3.305s] -- Found rmw_fastrtps_cpp: 6.2.1 (/opt/ros/humble/share/rmw_fastrtps_cpp/cmake)
[3.429s] -- Found OpenSSL: /usr/lib/x86_64-linux-gnu/libcrypto.so (found version "3.0.2")  
[3.471s] -- Found FastRTPS: /opt/ros/humble/include  
[3.547s] -- Using RMW implementation 'rmw_fastrtps_cpp' as default
[3.741s] -- Found eigen3_cmake_module: 0.1.1 (/opt/ros/humble/share/eigen3_cmake_module/cmake)
[3.742s] -- Found Eigen3: TRUE (found version "3.4.0") 
[3.742s] -- Ensuring Eigen3 include directory is part of orocos-kdl CMake target
[5.666s] -- Found ament_lint_auto: 0.12.4 (/opt/ros/humble/share/ament_lint_auto/cmake)
[7.943s] -- Added test 'copyright' to check source files copyright and LICENSE
[7.945s] -- Added test 'cppcheck' to perform static code analysis on C / C++ code
[7.946s] -- Configured cppcheck include dirs: /autoware/src/universe/autoware.universe/perception/object_merger/include
[7.946s] -- Configured cppcheck exclude dirs and/or files: 
[7.947s] -- Added test 'lint_cmake' to check CMake code style
[7.947s] -- Added test 'xmllint' to check XML markup files
[7.952s] -- Configuring done
[8.068s] -- Generating done
[8.070s] -- Build files have been written to: /autoware/build/object_merger
[8.082s] Invoked command in '/autoware/build/object_merger' returned '0': AMENT_PREFIX_PATH=/autoware/install/perception_utils:/autoware/install/interpolation:/autoware/install/tier4_autoware_utils:/autoware/install/tier4_perception_msgs:/autoware/install/autoware_auto_vehicle_msgs:/autoware/install/autoware_cmake:/autoware/install/autoware_auto_planning_msgs:/autoware/install/autoware_auto_perception_msgs:/autoware/install/tier4_debug_msgs:/autoware/install/mussp:/autoware/install/autoware_lint_common:/autoware/install/autoware_auto_mapping_msgs:/autoware/install/autoware_auto_geometry_msgs:${AMENT_PREFIX_PATH} CMAKE_PREFIX_PATH=/autoware/install/perception_utils:/autoware/install/interpolation:/autoware/install/tier4_autoware_utils:/autoware/install/tier4_perception_msgs:/autoware/install/autoware_auto_vehicle_msgs:/autoware/install/autoware_cmake:/autoware/install/autoware_auto_planning_msgs:/autoware/install/autoware_auto_perception_msgs:/autoware/install/tier4_debug_msgs:/autoware/install/mussp:/autoware/install/autoware_lint_common:/autoware/install/autoware_auto_mapping_msgs:/autoware/install/autoware_auto_geometry_msgs:/opt/ros/humble LD_LIBRARY_PATH=/autoware/install/perception_utils/lib:/autoware/install/interpolation/lib:/autoware/install/tier4_autoware_utils/lib:/autoware/install/tier4_perception_msgs/lib:/autoware/install/autoware_auto_vehicle_msgs/lib:/autoware/install/autoware_auto_planning_msgs/lib:/autoware/install/autoware_auto_perception_msgs/lib:/autoware/install/tier4_debug_msgs/lib:/autoware/install/mussp/lib:/autoware/install/autoware_auto_mapping_msgs/lib:/autoware/install/autoware_auto_geometry_msgs/lib:${LD_LIBRARY_PATH} PYTHONPATH=/autoware/install/tier4_perception_msgs/local/lib/python3.10/dist-packages:/autoware/install/autoware_auto_vehicle_msgs/local/lib/python3.10/dist-packages:/autoware/install/autoware_auto_planning_msgs/local/lib/python3.10/dist-packages:/autoware/install/autoware_auto_perception_msgs/local/lib/python3.10/dist-packages:/autoware/install/tier4_debug_msgs/local/lib/python3.10/dist-packages:/autoware/install/autoware_auto_mapping_msgs/local/lib/python3.10/dist-packages:/autoware/install/autoware_auto_geometry_msgs/local/lib/python3.10/dist-packages:${PYTHONPATH} /usr/bin/cmake /autoware/src/universe/autoware.universe/perception/object_merger -DCMAKE_BUILD_TYPE=Release -DAMENT_CMAKE_SYMLINK_INSTALL=1 -DCMAKE_INSTALL_PREFIX=/autoware/install/object_merger
[8.084s] Invoking command in '/autoware/build/object_merger': AMENT_PREFIX_PATH=/autoware/install/perception_utils:/autoware/install/interpolation:/autoware/install/tier4_autoware_utils:/autoware/install/tier4_perception_msgs:/autoware/install/autoware_auto_vehicle_msgs:/autoware/install/autoware_cmake:/autoware/install/autoware_auto_planning_msgs:/autoware/install/autoware_auto_perception_msgs:/autoware/install/tier4_debug_msgs:/autoware/install/mussp:/autoware/install/autoware_lint_common:/autoware/install/autoware_auto_mapping_msgs:/autoware/install/autoware_auto_geometry_msgs:${AMENT_PREFIX_PATH} CMAKE_PREFIX_PATH=/autoware/install/perception_utils:/autoware/install/interpolation:/autoware/install/tier4_autoware_utils:/autoware/install/tier4_perception_msgs:/autoware/install/autoware_auto_vehicle_msgs:/autoware/install/autoware_cmake:/autoware/install/autoware_auto_planning_msgs:/autoware/install/autoware_auto_perception_msgs:/autoware/install/tier4_debug_msgs:/autoware/install/mussp:/autoware/install/autoware_lint_common:/autoware/install/autoware_auto_mapping_msgs:/autoware/install/autoware_auto_geometry_msgs:/opt/ros/humble LD_LIBRARY_PATH=/autoware/install/perception_utils/lib:/autoware/install/interpolation/lib:/autoware/install/tier4_autoware_utils/lib:/autoware/install/tier4_perception_msgs/lib:/autoware/install/autoware_auto_vehicle_msgs/lib:/autoware/install/autoware_auto_planning_msgs/lib:/autoware/install/autoware_auto_perception_msgs/lib:/autoware/install/tier4_debug_msgs/lib:/autoware/install/mussp/lib:/autoware/install/autoware_auto_mapping_msgs/lib:/autoware/install/autoware_auto_geometry_msgs/lib:${LD_LIBRARY_PATH} PYTHONPATH=/autoware/install/tier4_perception_msgs/local/lib/python3.10/dist-packages:/autoware/install/autoware_auto_vehicle_msgs/local/lib/python3.10/dist-packages:/autoware/install/autoware_auto_planning_msgs/local/lib/python3.10/dist-packages:/autoware/install/autoware_auto_perception_msgs/local/lib/python3.10/dist-packages:/autoware/install/tier4_debug_msgs/local/lib/python3.10/dist-packages:/autoware/install/autoware_auto_mapping_msgs/local/lib/python3.10/dist-packages:/autoware/install/autoware_auto_geometry_msgs/local/lib/python3.10/dist-packages:${PYTHONPATH} /usr/bin/cmake --build /autoware/build/object_merger -- -j64 -l64
[8.140s] [ 14%] Building CXX object CMakeFiles/object_association_merger_node.dir/rclcpp_components/node_main_object_association_merger_node.cpp.o
[8.141s] [ 28%] Building CXX object CMakeFiles/mu_successive_shortest_path.dir/src/object_association_merger/data_association/mu_successive_shortest_path/mu_successive_shortest_path_wrapper.cpp.o
[8.608s] [ 42%] Linking CXX shared library libmu_successive_shortest_path.so
[9.850s] [ 42%] Built target mu_successive_shortest_path
[9.892s] [ 57%] Building CXX object CMakeFiles/object_association_merger.dir/src/object_association_merger/node.cpp.o
[9.892s] [ 71%] Building CXX object CMakeFiles/object_association_merger.dir/src/object_association_merger/data_association/data_association.cpp.o
[11.311s] [ 85%] Linking CXX executable object_association_merger_node
[11.447s] [ 85%] Built target object_association_merger_node
[38.329s] [100%] Linking CXX shared library libobject_association_merger.so
[38.649s] [100%] Built target object_association_merger
[38.659s] Invoked command in '/autoware/build/object_merger' returned '0': AMENT_PREFIX_PATH=/autoware/install/perception_utils:/autoware/install/interpolation:/autoware/install/tier4_autoware_utils:/autoware/install/tier4_perception_msgs:/autoware/install/autoware_auto_vehicle_msgs:/autoware/install/autoware_cmake:/autoware/install/autoware_auto_planning_msgs:/autoware/install/autoware_auto_perception_msgs:/autoware/install/tier4_debug_msgs:/autoware/install/mussp:/autoware/install/autoware_lint_common:/autoware/install/autoware_auto_mapping_msgs:/autoware/install/autoware_auto_geometry_msgs:${AMENT_PREFIX_PATH} CMAKE_PREFIX_PATH=/autoware/install/perception_utils:/autoware/install/interpolation:/autoware/install/tier4_autoware_utils:/autoware/install/tier4_perception_msgs:/autoware/install/autoware_auto_vehicle_msgs:/autoware/install/autoware_cmake:/autoware/install/autoware_auto_planning_msgs:/autoware/install/autoware_auto_perception_msgs:/autoware/install/tier4_debug_msgs:/autoware/install/mussp:/autoware/install/autoware_lint_common:/autoware/install/autoware_auto_mapping_msgs:/autoware/install/autoware_auto_geometry_msgs:/opt/ros/humble LD_LIBRARY_PATH=/autoware/install/perception_utils/lib:/autoware/install/interpolation/lib:/autoware/install/tier4_autoware_utils/lib:/autoware/install/tier4_perception_msgs/lib:/autoware/install/autoware_auto_vehicle_msgs/lib:/autoware/install/autoware_auto_planning_msgs/lib:/autoware/install/autoware_auto_perception_msgs/lib:/autoware/install/tier4_debug_msgs/lib:/autoware/install/mussp/lib:/autoware/install/autoware_auto_mapping_msgs/lib:/autoware/install/autoware_auto_geometry_msgs/lib:${LD_LIBRARY_PATH} PYTHONPATH=/autoware/install/tier4_perception_msgs/local/lib/python3.10/dist-packages:/autoware/install/autoware_auto_vehicle_msgs/local/lib/python3.10/dist-packages:/autoware/install/autoware_auto_planning_msgs/local/lib/python3.10/dist-packages:/autoware/install/autoware_auto_perception_msgs/local/lib/python3.10/dist-packages:/autoware/install/tier4_debug_msgs/local/lib/python3.10/dist-packages:/autoware/install/autoware_auto_mapping_msgs/local/lib/python3.10/dist-packages:/autoware/install/autoware_auto_geometry_msgs/local/lib/python3.10/dist-packages:${PYTHONPATH} /usr/bin/cmake --build /autoware/build/object_merger -- -j64 -l64
[38.681s] Invoking command in '/autoware/build/object_merger': AMENT_PREFIX_PATH=/autoware/install/perception_utils:/autoware/install/interpolation:/autoware/install/tier4_autoware_utils:/autoware/install/tier4_perception_msgs:/autoware/install/autoware_auto_vehicle_msgs:/autoware/install/autoware_cmake:/autoware/install/autoware_auto_planning_msgs:/autoware/install/autoware_auto_perception_msgs:/autoware/install/tier4_debug_msgs:/autoware/install/mussp:/autoware/install/autoware_lint_common:/autoware/install/autoware_auto_mapping_msgs:/autoware/install/autoware_auto_geometry_msgs:${AMENT_PREFIX_PATH} CMAKE_PREFIX_PATH=/autoware/install/perception_utils:/autoware/install/interpolation:/autoware/install/tier4_autoware_utils:/autoware/install/tier4_perception_msgs:/autoware/install/autoware_auto_vehicle_msgs:/autoware/install/autoware_cmake:/autoware/install/autoware_auto_planning_msgs:/autoware/install/autoware_auto_perception_msgs:/autoware/install/tier4_debug_msgs:/autoware/install/mussp:/autoware/install/autoware_lint_common:/autoware/install/autoware_auto_mapping_msgs:/autoware/install/autoware_auto_geometry_msgs:/opt/ros/humble LD_LIBRARY_PATH=/autoware/install/perception_utils/lib:/autoware/install/interpolation/lib:/autoware/install/tier4_autoware_utils/lib:/autoware/install/tier4_perception_msgs/lib:/autoware/install/autoware_auto_vehicle_msgs/lib:/autoware/install/autoware_auto_planning_msgs/lib:/autoware/install/autoware_auto_perception_msgs/lib:/autoware/install/tier4_debug_msgs/lib:/autoware/install/mussp/lib:/autoware/install/autoware_auto_mapping_msgs/lib:/autoware/install/autoware_auto_geometry_msgs/lib:${LD_LIBRARY_PATH} PYTHONPATH=/autoware/install/tier4_perception_msgs/local/lib/python3.10/dist-packages:/autoware/install/autoware_auto_vehicle_msgs/local/lib/python3.10/dist-packages:/autoware/install/autoware_auto_planning_msgs/local/lib/python3.10/dist-packages:/autoware/install/autoware_auto_perception_msgs/local/lib/python3.10/dist-packages:/autoware/install/tier4_debug_msgs/local/lib/python3.10/dist-packages:/autoware/install/autoware_auto_mapping_msgs/local/lib/python3.10/dist-packages:/autoware/install/autoware_auto_geometry_msgs/local/lib/python3.10/dist-packages:${PYTHONPATH} /usr/bin/cmake --install /autoware/build/object_merger
[38.687s] -- Install configuration: "Release"
[38.688s] -- Execute custom install script
[38.688s] -- Symlinking: /autoware/install/object_merger/lib/object_merger/object_association_merger_node
[38.695s] -- Symlinking: /autoware/install/object_merger/include/object_association_merger/data_association/data_association.hpp
[38.702s] -- Symlinking: /autoware/install/object_merger/include/object_association_merger/data_association/solver/gnn_solver.hpp
[38.708s] -- Symlinking: /autoware/install/object_merger/include/object_association_merger/data_association/solver/gnn_solver_interface.hpp
[38.715s] -- Symlinking: /autoware/install/object_merger/include/object_association_merger/data_association/solver/mu_successive_shortest_path.hpp
[38.721s] -- Symlinking: /autoware/install/object_merger/include/object_association_merger/data_association/solver/successive_shortest_path.hpp
[38.727s] -- Symlinking: /autoware/install/object_merger/include/object_association_merger/node.hpp
[38.735s] -- Symlinking: /autoware/install/object_merger/include/object_association_merger/utils/utils.hpp
[38.742s] -- Symlinking: /autoware/install/object_merger/share/object_merger/environment/library_path.sh
[38.749s] -- Symlinking: /autoware/install/object_merger/share/object_merger/environment/library_path.dsv
[38.756s] -- Symlinking: /autoware/install/object_merger/lib/libmu_successive_shortest_path.so
[38.763s] -- Symlinking: /autoware/install/object_merger/lib/libobject_association_merger.so
[38.770s] -- Symlinking: /autoware/install/object_merger/share/object_merger/launch/object_association_merger.launch.xml
[38.778s] -- Symlinking: /autoware/install/object_merger/share/object_merger/config/data_association_matrix.param.yaml
[38.784s] -- Symlinking: /autoware/install/object_merger/share/object_merger/config/overlapped_judge.param.yaml
[38.791s] -- Symlinking: /autoware/install/object_merger/share/ament_index/resource_index/package_run_dependencies/object_merger
[38.799s] -- Symlinking: /autoware/install/object_merger/share/ament_index/resource_index/parent_prefix_path/object_merger
[38.807s] -- Symlinking: /autoware/install/object_merger/share/object_merger/environment/ament_prefix_path.sh
[38.814s] -- Symlinking: /autoware/install/object_merger/share/object_merger/environment/ament_prefix_path.dsv
[38.821s] -- Symlinking: /autoware/install/object_merger/share/object_merger/environment/path.sh
[38.829s] -- Symlinking: /autoware/install/object_merger/share/object_merger/environment/path.dsv
[38.837s] -- Symlinking: /autoware/install/object_merger/share/object_merger/local_setup.bash
[38.844s] -- Symlinking: /autoware/install/object_merger/share/object_merger/local_setup.sh
[38.852s] -- Symlinking: /autoware/install/object_merger/share/object_merger/local_setup.zsh
[38.859s] -- Symlinking: /autoware/install/object_merger/share/object_merger/local_setup.dsv
[38.867s] -- Symlinking: /autoware/install/object_merger/share/object_merger/package.dsv
[38.874s] -- Symlinking: /autoware/install/object_merger/share/ament_index/resource_index/packages/object_merger
[38.882s] -- Symlinking: /autoware/install/object_merger/share/ament_index/resource_index/rclcpp_components/object_merger
[38.890s] -- Symlinking: /autoware/install/object_merger/share/object_merger/cmake/ament_cmake_export_dependencies-extras.cmake
[38.898s] -- Symlinking: /autoware/install/object_merger/share/object_merger/cmake/ament_cmake_export_include_directories-extras.cmake
[38.905s] -- Symlinking: /autoware/install/object_merger/share/object_merger/cmake/ament_cmake_export_libraries-extras.cmake
[38.912s] -- Symlinking: /autoware/install/object_merger/share/object_merger/cmake/object_mergerConfig.cmake
[38.919s] -- Symlinking: /autoware/install/object_merger/share/object_merger/cmake/object_mergerConfig-version.cmake
[38.927s] -- Symlinking: /autoware/install/object_merger/share/object_merger/package.xml
[38.943s] Invoked command in '/autoware/build/object_merger' returned '0': AMENT_PREFIX_PATH=/autoware/install/perception_utils:/autoware/install/interpolation:/autoware/install/tier4_autoware_utils:/autoware/install/tier4_perception_msgs:/autoware/install/autoware_auto_vehicle_msgs:/autoware/install/autoware_cmake:/autoware/install/autoware_auto_planning_msgs:/autoware/install/autoware_auto_perception_msgs:/autoware/install/tier4_debug_msgs:/autoware/install/mussp:/autoware/install/autoware_lint_common:/autoware/install/autoware_auto_mapping_msgs:/autoware/install/autoware_auto_geometry_msgs:${AMENT_PREFIX_PATH} CMAKE_PREFIX_PATH=/autoware/install/perception_utils:/autoware/install/interpolation:/autoware/install/tier4_autoware_utils:/autoware/install/tier4_perception_msgs:/autoware/install/autoware_auto_vehicle_msgs:/autoware/install/autoware_cmake:/autoware/install/autoware_auto_planning_msgs:/autoware/install/autoware_auto_perception_msgs:/autoware/install/tier4_debug_msgs:/autoware/install/mussp:/autoware/install/autoware_lint_common:/autoware/install/autoware_auto_mapping_msgs:/autoware/install/autoware_auto_geometry_msgs:/opt/ros/humble LD_LIBRARY_PATH=/autoware/install/perception_utils/lib:/autoware/install/interpolation/lib:/autoware/install/tier4_autoware_utils/lib:/autoware/install/tier4_perception_msgs/lib:/autoware/install/autoware_auto_vehicle_msgs/lib:/autoware/install/autoware_auto_planning_msgs/lib:/autoware/install/autoware_auto_perception_msgs/lib:/autoware/install/tier4_debug_msgs/lib:/autoware/install/mussp/lib:/autoware/install/autoware_auto_mapping_msgs/lib:/autoware/install/autoware_auto_geometry_msgs/lib:${LD_LIBRARY_PATH} PYTHONPATH=/autoware/install/tier4_perception_msgs/local/lib/python3.10/dist-packages:/autoware/install/autoware_auto_vehicle_msgs/local/lib/python3.10/dist-packages:/autoware/install/autoware_auto_planning_msgs/local/lib/python3.10/dist-packages:/autoware/install/autoware_auto_perception_msgs/local/lib/python3.10/dist-packages:/autoware/install/tier4_debug_msgs/local/lib/python3.10/dist-packages:/autoware/install/autoware_auto_mapping_msgs/local/lib/python3.10/dist-packages:/autoware/install/autoware_auto_geometry_msgs/local/lib/python3.10/dist-packages:${PYTHONPATH} /usr/bin/cmake --install /autoware/build/object_merger
