[0.056s] Invoking command in '/autoware/build/component_state_monitor': AMENT_PREFIX_PATH=/autoware/install/tier4_system_msgs:/autoware/install/autoware_common_msgs:/autoware/install/autoware_cmake:/autoware/install/autoware_lint_common:/autoware/install/ament_cmake_auto:${AMENT_PREFIX_PATH} CMAKE_PREFIX_PATH=/autoware/install/tier4_system_msgs:/autoware/install/autoware_common_msgs:/autoware/install/autoware_cmake:/autoware/install/autoware_lint_common:/autoware/install/ament_cmake_auto:/opt/ros/humble LD_LIBRARY_PATH=/autoware/install/tier4_system_msgs/lib:/autoware/install/autoware_common_msgs/lib:${LD_LIBRARY_PATH} PYTHONPATH=/autoware/install/tier4_system_msgs/local/lib/python3.10/dist-packages:/autoware/install/autoware_common_msgs/local/lib/python3.10/dist-packages:${PYTHONPATH} /usr/bin/cmake --build /autoware/build/component_state_monitor -- -j64 -l64
[0.093s] -- Found autoware_cmake: 0.1.0 (/autoware/install/autoware_cmake/share/autoware_cmake/cmake)
[0.093s] -- Found ament_cmake_auto: 1.3.2 (/opt/ros/humble/share/ament_cmake_auto/cmake)
[0.228s] -- Override CMake install command with custom implementation using symlinks instead of copying resources
[0.340s] -- Found rosidl_generator_c: 3.1.3 (/opt/ros/humble/share/rosidl_generator_c/cmake)
[0.341s] -- Found rosidl_adapter: 3.1.3 (/opt/ros/humble/share/rosidl_adapter/cmake)
[0.341s] -- Found rosidl_generator_cpp: 3.1.3 (/opt/ros/humble/share/rosidl_generator_cpp/cmake)
[0.341s] -- Using all available rosidl_typesupport_c: rosidl_typesupport_fastrtps_c;rosidl_typesupport_introspection_c
[0.361s] -- Using all available rosidl_typesupport_cpp: rosidl_typesupport_fastrtps_cpp;rosidl_typesupport_introspection_cpp
[0.608s] -- Found rmw_implementation_cmake: 6.1.0 (/opt/ros/humble/share/rmw_implementation_cmake/cmake)
[0.608s] -- Found rmw_fastrtps_cpp: 6.2.1 (/opt/ros/humble/share/rmw_fastrtps_cpp/cmake)
[0.832s] -- Using RMW implementation 'rmw_fastrtps_cpp' as default
[1.443s] -- Found ament_lint_auto: 0.12.4 (/opt/ros/humble/share/ament_lint_auto/cmake)
[1.443s] -- Added test 'copyright' to check source files copyright and LICENSE
[1.444s] -- Added test 'cppcheck' to perform static code analysis on C / C++ code
[1.444s] -- Configured cppcheck include dirs: 
[1.444s] -- Configured cppcheck exclude dirs and/or files: 
[1.445s] -- Added test 'lint_cmake' to check CMake code style
[1.445s] -- Added test 'xmllint' to check XML markup files
[1.446s] -- Configuring done
[1.451s] -- Generating done
[1.452s] -- Build files have been written to: /autoware/build/component_state_monitor
[1.483s] Consolidate compiler generated dependencies of target component_state_monitor
[1.483s] [100%] Built target component_state_monitor
[1.508s] Invoked command in '/autoware/build/component_state_monitor' returned '0': AMENT_PREFIX_PATH=/autoware/install/tier4_system_msgs:/autoware/install/autoware_common_msgs:/autoware/install/autoware_cmake:/autoware/install/autoware_lint_common:/autoware/install/ament_cmake_auto:${AMENT_PREFIX_PATH} CMAKE_PREFIX_PATH=/autoware/install/tier4_system_msgs:/autoware/install/autoware_common_msgs:/autoware/install/autoware_cmake:/autoware/install/autoware_lint_common:/autoware/install/ament_cmake_auto:/opt/ros/humble LD_LIBRARY_PATH=/autoware/install/tier4_system_msgs/lib:/autoware/install/autoware_common_msgs/lib:${LD_LIBRARY_PATH} PYTHONPATH=/autoware/install/tier4_system_msgs/local/lib/python3.10/dist-packages:/autoware/install/autoware_common_msgs/local/lib/python3.10/dist-packages:${PYTHONPATH} /usr/bin/cmake --build /autoware/build/component_state_monitor -- -j64 -l64
[1.535s] Invoking command in '/autoware/build/component_state_monitor': AMENT_PREFIX_PATH=/autoware/install/tier4_system_msgs:/autoware/install/autoware_common_msgs:/autoware/install/autoware_cmake:/autoware/install/autoware_lint_common:/autoware/install/ament_cmake_auto:${AMENT_PREFIX_PATH} CMAKE_PREFIX_PATH=/autoware/install/tier4_system_msgs:/autoware/install/autoware_common_msgs:/autoware/install/autoware_cmake:/autoware/install/autoware_lint_common:/autoware/install/ament_cmake_auto:/opt/ros/humble LD_LIBRARY_PATH=/autoware/install/tier4_system_msgs/lib:/autoware/install/autoware_common_msgs/lib:${LD_LIBRARY_PATH} PYTHONPATH=/autoware/install/tier4_system_msgs/local/lib/python3.10/dist-packages:/autoware/install/autoware_common_msgs/local/lib/python3.10/dist-packages:${PYTHONPATH} /usr/bin/cmake --install /autoware/build/component_state_monitor
[1.563s] -- Install configuration: "Release"
[1.564s] -- Execute custom install script
[1.564s] -- Up-to-date symlink: /autoware/install/component_state_monitor/share/component_state_monitor/environment/library_path.sh
[1.564s] -- Up-to-date symlink: /autoware/install/component_state_monitor/share/component_state_monitor/environment/library_path.dsv
[1.564s] -- Up-to-date symlink: /autoware/install/component_state_monitor/lib/libcomponent_state_monitor.so
[1.564s] -- Up-to-date symlink: /autoware/install/component_state_monitor/share/component_state_monitor/config/topics.yaml
[1.564s] -- Up-to-date symlink: /autoware/install/component_state_monitor/share/component_state_monitor/launch/component_state_monitor.launch.py
[1.564s] -- Up-to-date symlink: /autoware/install/component_state_monitor/share/ament_index/resource_index/package_run_dependencies/component_state_monitor
[1.568s] -- Up-to-date symlink: /autoware/install/component_state_monitor/share/ament_index/resource_index/parent_prefix_path/component_state_monitor
[1.568s] -- Up-to-date symlink: /autoware/install/component_state_monitor/share/component_state_monitor/environment/ament_prefix_path.sh
[1.568s] -- Up-to-date symlink: /autoware/install/component_state_monitor/share/component_state_monitor/environment/ament_prefix_path.dsv
[1.568s] -- Up-to-date symlink: /autoware/install/component_state_monitor/share/component_state_monitor/environment/path.sh
[1.568s] -- Up-to-date symlink: /autoware/install/component_state_monitor/share/component_state_monitor/environment/path.dsv
[1.568s] -- Up-to-date symlink: /autoware/install/component_state_monitor/share/component_state_monitor/local_setup.bash
[1.569s] -- Up-to-date symlink: /autoware/install/component_state_monitor/share/component_state_monitor/local_setup.sh
[1.569s] -- Up-to-date symlink: /autoware/install/component_state_monitor/share/component_state_monitor/local_setup.zsh
[1.569s] -- Up-to-date symlink: /autoware/install/component_state_monitor/share/component_state_monitor/local_setup.dsv
[1.569s] -- Symlinking: /autoware/install/component_state_monitor/share/component_state_monitor/package.dsv
[1.569s] -- Up-to-date symlink: /autoware/install/component_state_monitor/share/ament_index/resource_index/packages/component_state_monitor
[1.569s] -- Up-to-date symlink: /autoware/install/component_state_monitor/share/ament_index/resource_index/rclcpp_components/component_state_monitor
[1.569s] -- Up-to-date symlink: /autoware/install/component_state_monitor/share/component_state_monitor/cmake/ament_cmake_export_dependencies-extras.cmake
[1.569s] -- Up-to-date symlink: /autoware/install/component_state_monitor/share/component_state_monitor/cmake/ament_cmake_export_libraries-extras.cmake
[1.569s] -- Up-to-date symlink: /autoware/install/component_state_monitor/share/component_state_monitor/cmake/component_state_monitorConfig.cmake
[1.570s] -- Up-to-date symlink: /autoware/install/component_state_monitor/share/component_state_monitor/cmake/component_state_monitorConfig-version.cmake
[1.570s] -- Up-to-date symlink: /autoware/install/component_state_monitor/share/component_state_monitor/package.xml
[1.583s] Invoked command in '/autoware/build/component_state_monitor' returned '0': AMENT_PREFIX_PATH=/autoware/install/tier4_system_msgs:/autoware/install/autoware_common_msgs:/autoware/install/autoware_cmake:/autoware/install/autoware_lint_common:/autoware/install/ament_cmake_auto:${AMENT_PREFIX_PATH} CMAKE_PREFIX_PATH=/autoware/install/tier4_system_msgs:/autoware/install/autoware_common_msgs:/autoware/install/autoware_cmake:/autoware/install/autoware_lint_common:/autoware/install/ament_cmake_auto:/opt/ros/humble LD_LIBRARY_PATH=/autoware/install/tier4_system_msgs/lib:/autoware/install/autoware_common_msgs/lib:${LD_LIBRARY_PATH} PYTHONPATH=/autoware/install/tier4_system_msgs/local/lib/python3.10/dist-packages:/autoware/install/autoware_common_msgs/local/lib/python3.10/dist-packages:${PYTHONPATH} /usr/bin/cmake --install /autoware/build/component_state_monitor
