-- The C compiler identification is GNU 11.3.0
-- The CXX compiler identification is GNU 11.3.0
-- Detecting C compiler ABI info
-- Detecting C compiler ABI info - done
-- Check for working C compiler: /usr/bin/cc - skipped
-- Detecting C compile features
-- Detecting C compile features - done
-- Detecting CXX compiler ABI info
-- Detecting CXX compiler ABI info - done
-- Check for working CXX compiler: /usr/bin/c++ - skipped
-- Detecting CXX compile features
-- Detecting CXX compile features - done
-- Found OpenMP_C: -fopenmp (found version "4.5") 
-- Found OpenMP_CXX: -fopenmp (found version "4.5") 
-- Found OpenMP: TRUE (found version "4.5")  
-- Found ament_cmake_auto: 1.3.2 (/opt/ros/humble/share/ament_cmake_auto/cmake)
-- Found Python3: /usr/bin/python3.10 (found version "3.10.6") found components: Interpreter 
-- Override CMake install command with custom implementation using symlinks instead of copying resources
-- Configuring done
-- Generating done
-- Build files have been written to: /autoware/build/mussp
[ 20%] Building CXX object CMakeFiles/mussp.dir/muSSP/Node.cpp.o
[ 40%] Building CXX object CMakeFiles/mussp.dir/muSSP/Graph.cpp.o
[ 60%] Building CXX object CMakeFiles/mussp.dir/muSSP/mussp.cpp.o
[ 80%] Building CXX object CMakeFiles/mussp.dir/muSSP/Sink.cpp.o
[100%] Linking CXX shared library libmussp.so
[100%] Built target mussp
-- Install configuration: "Release"
-- Execute custom install script
-- Symlinking: /autoware/install/mussp/include/mussp/Graph.h
-- Symlinking: /autoware/install/mussp/include/mussp/Node.h
-- Symlinking: /autoware/install/mussp/include/mussp/Sink.h
-- Symlinking: /autoware/install/mussp/include/mussp/mussp.h
-- Symlinking: /autoware/install/mussp/share/mussp/environment/library_path.sh
-- Symlinking: /autoware/install/mussp/share/mussp/environment/library_path.dsv
-- Symlinking: /autoware/install/mussp/lib/libmussp.so
-- Symlinking: /autoware/install/mussp/share/ament_index/resource_index/package_run_dependencies/mussp
-- Symlinking: /autoware/install/mussp/share/ament_index/resource_index/parent_prefix_path/mussp
-- Symlinking: /autoware/install/mussp/share/mussp/environment/ament_prefix_path.sh
-- Symlinking: /autoware/install/mussp/share/mussp/environment/ament_prefix_path.dsv
-- Symlinking: /autoware/install/mussp/share/mussp/environment/path.sh
-- Symlinking: /autoware/install/mussp/share/mussp/environment/path.dsv
-- Symlinking: /autoware/install/mussp/share/mussp/local_setup.bash
-- Symlinking: /autoware/install/mussp/share/mussp/local_setup.sh
-- Symlinking: /autoware/install/mussp/share/mussp/local_setup.zsh
-- Symlinking: /autoware/install/mussp/share/mussp/local_setup.dsv
-- Symlinking: /autoware/install/mussp/share/mussp/package.dsv
-- Symlinking: /autoware/install/mussp/share/ament_index/resource_index/packages/mussp
-- Symlinking: /autoware/install/mussp/share/mussp/cmake/ament_cmake_export_include_directories-extras.cmake
-- Symlinking: /autoware/install/mussp/share/mussp/cmake/ament_cmake_export_libraries-extras.cmake
-- Symlinking: /autoware/install/mussp/share/mussp/cmake/musspConfig.cmake
-- Symlinking: /autoware/install/mussp/share/mussp/cmake/musspConfig-version.cmake
-- Symlinking: /autoware/install/mussp/share/mussp/package.xml
