[0.128s] Invoking command in '/autoware/build/mussp': CMAKE_PREFIX_PATH=/opt/ros/humble /usr/bin/cmake /autoware/src/universe/external/muSSP -DCMAKE_BUILD_TYPE=Release -DAMENT_CMAKE_SYMLINK_INSTALL=1 -DCMAKE_INSTALL_PREFIX=/autoware/install/mussp
[0.181s] -- The C compiler identification is GNU 11.3.0
[0.209s] -- The CXX compiler identification is GNU 11.3.0
[0.215s] -- Detecting C compiler ABI info
[0.269s] -- Detecting C compiler ABI info - done
[0.276s] -- Check for working C compiler: /usr/bin/cc - skipped
[0.277s] -- Detecting C compile features
[0.277s] -- Detecting C compile features - done
[0.280s] -- Detecting CXX compiler ABI info
[0.342s] -- Detecting CXX compiler ABI info - done
[0.349s] -- Check for working CXX compiler: /usr/bin/c++ - skipped
[0.350s] -- Detecting CXX compile features
[0.351s] -- Detecting CXX compile features - done
[0.548s] -- Found OpenMP_C: -fopenmp (found version "4.5") 
[0.617s] -- Found OpenMP_CXX: -fopenmp (found version "4.5") 
[0.618s] -- Found OpenMP: TRUE (found version "4.5")  
[0.620s] -- Found ament_cmake_auto: 1.3.2 (/opt/ros/humble/share/ament_cmake_auto/cmake)
[0.779s] -- Found Python3: /usr/bin/python3.10 (found version "3.10.6") found components: Interpreter 
[0.837s] -- Override CMake install command with custom implementation using symlinks instead of copying resources
[0.930s] -- Configuring done
[0.934s] -- Generating done
[0.935s] -- Build files have been written to: /autoware/build/mussp
[0.941s] Invoked command in '/autoware/build/mussp' returned '0': CMAKE_PREFIX_PATH=/opt/ros/humble /usr/bin/cmake /autoware/src/universe/external/muSSP -DCMAKE_BUILD_TYPE=Release -DAMENT_CMAKE_SYMLINK_INSTALL=1 -DCMAKE_INSTALL_PREFIX=/autoware/install/mussp
[0.942s] Invoking command in '/autoware/build/mussp': CMAKE_PREFIX_PATH=/opt/ros/humble /usr/bin/cmake --build /autoware/build/mussp -- -j64 -l64
[0.980s] [ 20%] Building CXX object CMakeFiles/mussp.dir/muSSP/Node.cpp.o
[0.980s] [ 40%] Building CXX object CMakeFiles/mussp.dir/muSSP/Graph.cpp.o
[0.980s] [ 60%] Building CXX object CMakeFiles/mussp.dir/muSSP/mussp.cpp.o
[0.981s] [ 80%] Building CXX object CMakeFiles/mussp.dir/muSSP/Sink.cpp.o
[3.863s] [100%] Linking CXX shared library libmussp.so
[4.188s] [100%] Built target mussp
[4.233s] Invoked command in '/autoware/build/mussp' returned '0': CMAKE_PREFIX_PATH=/opt/ros/humble /usr/bin/cmake --build /autoware/build/mussp -- -j64 -l64
[4.532s] Invoking command in '/autoware/build/mussp': CMAKE_PREFIX_PATH=/opt/ros/humble /usr/bin/cmake --install /autoware/build/mussp
[4.541s] -- Install configuration: "Release"
[4.542s] -- Execute custom install script
[4.542s] -- Symlinking: /autoware/install/mussp/include/mussp/Graph.h
[4.553s] -- Symlinking: /autoware/install/mussp/include/mussp/Node.h
[4.563s] -- Symlinking: /autoware/install/mussp/include/mussp/Sink.h
[4.575s] -- Symlinking: /autoware/install/mussp/include/mussp/mussp.h
[4.585s] -- Symlinking: /autoware/install/mussp/share/mussp/environment/library_path.sh
[4.612s] -- Symlinking: /autoware/install/mussp/share/mussp/environment/library_path.dsv
[4.625s] -- Symlinking: /autoware/install/mussp/lib/libmussp.so
[4.637s] -- Symlinking: /autoware/install/mussp/share/ament_index/resource_index/package_run_dependencies/mussp
[4.650s] -- Symlinking: /autoware/install/mussp/share/ament_index/resource_index/parent_prefix_path/mussp
[4.660s] -- Symlinking: /autoware/install/mussp/share/mussp/environment/ament_prefix_path.sh
[4.671s] -- Symlinking: /autoware/install/mussp/share/mussp/environment/ament_prefix_path.dsv
[4.701s] -- Symlinking: /autoware/install/mussp/share/mussp/environment/path.sh
[4.720s] -- Symlinking: /autoware/install/mussp/share/mussp/environment/path.dsv
[4.730s] -- Symlinking: /autoware/install/mussp/share/mussp/local_setup.bash
[4.739s] -- Symlinking: /autoware/install/mussp/share/mussp/local_setup.sh
[4.749s] -- Symlinking: /autoware/install/mussp/share/mussp/local_setup.zsh
[4.758s] -- Symlinking: /autoware/install/mussp/share/mussp/local_setup.dsv
[4.767s] -- Symlinking: /autoware/install/mussp/share/mussp/package.dsv
[4.779s] -- Symlinking: /autoware/install/mussp/share/ament_index/resource_index/packages/mussp
[4.792s] -- Symlinking: /autoware/install/mussp/share/mussp/cmake/ament_cmake_export_include_directories-extras.cmake
[4.805s] -- Symlinking: /autoware/install/mussp/share/mussp/cmake/ament_cmake_export_libraries-extras.cmake
[4.815s] -- Symlinking: /autoware/install/mussp/share/mussp/cmake/musspConfig.cmake
[4.825s] -- Symlinking: /autoware/install/mussp/share/mussp/cmake/musspConfig-version.cmake
[4.838s] -- Symlinking: /autoware/install/mussp/share/mussp/package.xml
[4.886s] Invoked command in '/autoware/build/mussp' returned '0': CMAKE_PREFIX_PATH=/opt/ros/humble /usr/bin/cmake --install /autoware/build/mussp
