-- The C compiler identification is GNU 11.3.0
-- The CXX compiler identification is GNU 11.3.0
-- Detecting C compiler ABI info
-- Detecting C compiler ABI info - done
-- Check for working C compiler: /usr/bin/cc - skipped
-- Detecting C compile features
-- Detecting C compile features - done
-- Detecting CXX compiler ABI info
-- Detecting CXX compiler ABI info - done
-- Check for working CXX compiler: /usr/bin/c++ - skipped
-- Detecting CXX compile features
-- Detecting CXX compile features - done
-- Found autoware_cmake: 0.1.0 (/autoware/install/autoware_cmake/share/autoware_cmake/cmake)
-- Found Python3: /usr/bin/python3.10 (found version "3.10.6") found components: Interpreter 
-- Override CMake install command with custom implementation using symlinks instead of copying resources
-- Found rosidl_generator_c: 3.1.3 (/opt/ros/humble/share/rosidl_generator_c/cmake)
-- Found rosidl_adapter: 3.1.3 (/opt/ros/humble/share/rosidl_adapter/cmake)
-- Found rosidl_generator_cpp: 3.1.3 (/opt/ros/humble/share/rosidl_generator_cpp/cmake)
-- Using all available rosidl_typesupport_c: rosidl_typesupport_fastrtps_c;rosidl_typesupport_introspection_c
-- Using all available rosidl_typesupport_cpp: rosidl_typesupport_fastrtps_cpp;rosidl_typesupport_introspection_cpp
-- Found rmw_implementation_cmake: 6.1.0 (/opt/ros/humble/share/rmw_implementation_cmake/cmake)
-- Found rmw_fastrtps_cpp: 6.2.1 (/opt/ros/humble/share/rmw_fastrtps_cpp/cmake)
-- Found OpenSSL: /usr/lib/x86_64-linux-gnu/libcrypto.so (found version "3.0.2")  
-- Found FastRTPS: /opt/ros/humble/include  
-- Using RMW implementation 'rmw_fastrtps_cpp' as default
-- Found mrt_cmake_modules: 1.0.9 (/opt/ros/humble/share/mrt_cmake_modules/cmake)
-- Found Boost: /usr/lib/x86_64-linux-gnu/cmake/Boost-1.74.0/BoostConfig.cmake (found version "1.74.0") found components: wserialization thread random serialization log_setup prg_exec_monitor wave system chrono filesystem locale timer date_time regex graph program_options unit_test_framework log atomic iostreams 
-- Found OpenMP_C: -fopenmp (found version "4.5") 
-- Found OpenMP_CXX: -fopenmp (found version "4.5") 
-- Found OpenMP: TRUE (found version "4.5")  
-- Found pugixml: /usr/lib/x86_64-linux-gnu/libpugixml.so  
-- Found PkgConfig: /usr/bin/pkg-config (found version "0.29.2") 
-- Found GeographicLib: /usr/lib/x86_64-linux-gnu/libGeographic.so  
-- Found eigen3_cmake_module: 0.1.1 (/opt/ros/humble/share/eigen3_cmake_module/cmake)
-- Found Eigen3: TRUE (found version "3.4.0") 
-- Ensuring Eigen3 include directory is part of orocos-kdl CMake target
-- Found ament_lint_auto: 0.12.4 (/opt/ros/humble/share/ament_lint_auto/cmake)
-- Found gtest sources under '/opt/ros/humble/src/gtest_vendor': C++ tests using 'Google Test' will be built
-- Found Threads: TRUE  
-- Found gtest sources under '/opt/ros/humble/src/gtest_vendor': C++ tests using 'Google Test' will be built
-- Found gtest sources under '/opt/ros/humble/src/gtest_vendor': C++ tests using 'Google Test' will be built
-- Found gtest sources under '/opt/ros/humble/src/gtest_vendor': C++ tests using 'Google Test' will be built
-- Found gtest sources under '/opt/ros/humble/src/gtest_vendor': C++ tests using 'Google Test' will be built
-- Found gtest sources under '/opt/ros/humble/src/gtest_vendor': C++ tests using 'Google Test' will be built
-- Configuring done
-- Generating done
-- Build files have been written to: /autoware/build/lanelet2_extension
[  2%] Building CXX object gtest/CMakeFiles/gtest_main.dir/src/gtest_main.cc.o
[  5%] Building CXX object gtest/CMakeFiles/gtest.dir/src/gtest-all.cc.o
[  8%] Building CXX object CMakeFiles/lanelet2_extension_lib.dir/lib/autoware_osm_parser.cpp.o
[ 11%] Building CXX object CMakeFiles/lanelet2_extension_lib.dir/lib/no_stopping_area.cpp.o
[ 13%] Building CXX object CMakeFiles/lanelet2_extension_lib.dir/lib/query.cpp.o
[ 19%] Building CXX object CMakeFiles/lanelet2_extension_lib.dir/lib/detection_area.cpp.o
[ 19%] Building CXX object CMakeFiles/lanelet2_extension_lib.dir/lib/utilities.cpp.o
[ 22%] Building CXX object CMakeFiles/lanelet2_extension_lib.dir/lib/message_conversion.cpp.o
[ 25%] Building CXX object CMakeFiles/lanelet2_extension_lib.dir/lib/mgrs_projector.cpp.o
[ 27%] Building CXX object CMakeFiles/lanelet2_extension_lib.dir/lib/autoware_traffic_light.cpp.o
[ 30%] Building CXX object CMakeFiles/lanelet2_extension_lib.dir/lib/virtual_traffic_light.cpp.o
[ 36%] Building CXX object CMakeFiles/lanelet2_extension_lib.dir/lib/road_marking.cpp.o
[ 38%] Building CXX object CMakeFiles/lanelet2_extension_lib.dir/lib/visualization.cpp.o
[ 38%] Building CXX object CMakeFiles/lanelet2_extension_lib.dir/lib/route_checker.cpp.o
[ 41%] Building CXX object CMakeFiles/lanelet2_extension_lib.dir/lib/speed_bump.cpp.o
[ 44%] Linking CXX static library libgtest_main.a
[ 44%] Built target gtest_main
[ 47%] Linking CXX static library libgtest.a
[ 47%] Built target gtest
[ 50%] Linking CXX shared library liblanelet2_extension_lib.so
[ 50%] Built target lanelet2_extension_lib
[ 52%] Building CXX object CMakeFiles/lanelet2_extension_sample.dir/src/sample_code.cpp.o
[ 55%] Building CXX object CMakeFiles/check_right_of_way.dir/src/check_right_of_way.cpp.o
[ 58%] Building CXX object CMakeFiles/regulatory_elements-test.dir/test/src/test_regulatory_elements.cpp.o
[ 63%] Building CXX object CMakeFiles/autoware_lanelet2_validation.dir/src/validation.cpp.o
[ 63%] Building CXX object CMakeFiles/message_conversion-test.dir/test/src/test_message_conversion.cpp.o
[ 66%] Building CXX object CMakeFiles/utilities-test.dir/test/src/test_utilities.cpp.o
[ 69%] Building CXX object CMakeFiles/projector-test.dir/test/src/test_projector.cpp.o
[ 72%] Building CXX object CMakeFiles/query-test.dir/test/src/test_query.cpp.o
[ 75%] Building CXX object CMakeFiles/route-test.dir/test/src/test_route_checker.cpp.o
[ 77%] Linking CXX executable projector-test
[ 77%] Built target projector-test
[ 80%] Linking CXX executable regulatory_elements-test
[ 80%] Built target regulatory_elements-test
[ 83%] Linking CXX executable query-test
[ 83%] Built target query-test
[ 86%] Linking CXX executable lanelet2_extension_sample
[ 86%] Built target lanelet2_extension_sample
[ 88%] Linking CXX executable message_conversion-test
[ 91%] Linking CXX executable autoware_lanelet2_validation
[ 91%] Built target message_conversion-test
[ 91%] Built target autoware_lanelet2_validation
[ 94%] Linking CXX executable route-test
[ 94%] Built target route-test
[ 97%] Linking CXX executable check_right_of_way
[ 97%] Built target check_right_of_way
[100%] Linking CXX executable utilities-test
[100%] Built target utilities-test
-- Install configuration: "Release"
-- Execute custom install script
-- Symlinking: /autoware/install/lanelet2_extension/include/lanelet2_extension/io/autoware_osm_parser.hpp
-- Symlinking: /autoware/install/lanelet2_extension/include/lanelet2_extension/projection/mgrs_projector.hpp
-- Symlinking: /autoware/install/lanelet2_extension/include/lanelet2_extension/regulatory_elements/autoware_traffic_light.hpp
-- Symlinking: /autoware/install/lanelet2_extension/include/lanelet2_extension/regulatory_elements/detection_area.hpp
-- Symlinking: /autoware/install/lanelet2_extension/include/lanelet2_extension/regulatory_elements/no_stopping_area.hpp
-- Symlinking: /autoware/install/lanelet2_extension/include/lanelet2_extension/regulatory_elements/road_marking.hpp
-- Symlinking: /autoware/install/lanelet2_extension/include/lanelet2_extension/regulatory_elements/speed_bump.hpp
-- Symlinking: /autoware/install/lanelet2_extension/include/lanelet2_extension/regulatory_elements/virtual_traffic_light.hpp
-- Symlinking: /autoware/install/lanelet2_extension/include/lanelet2_extension/utility/message_conversion.hpp
-- Symlinking: /autoware/install/lanelet2_extension/include/lanelet2_extension/utility/query.hpp
-- Symlinking: /autoware/install/lanelet2_extension/include/lanelet2_extension/utility/route_checker.hpp
-- Symlinking: /autoware/install/lanelet2_extension/include/lanelet2_extension/utility/utilities.hpp
-- Symlinking: /autoware/install/lanelet2_extension/include/lanelet2_extension/visualization/visualization.hpp
-- Symlinking: /autoware/install/lanelet2_extension/share/lanelet2_extension/environment/library_path.sh
-- Symlinking: /autoware/install/lanelet2_extension/share/lanelet2_extension/environment/library_path.dsv
-- Symlinking: /autoware/install/lanelet2_extension/lib/liblanelet2_extension_lib.so
-- Symlinking: /autoware/install/lanelet2_extension/lib/lanelet2_extension/lanelet2_extension_sample
-- Symlinking: /autoware/install/lanelet2_extension/lib/lanelet2_extension/autoware_lanelet2_validation
-- Symlinking: /autoware/install/lanelet2_extension/lib/lanelet2_extension/check_right_of_way
-- Symlinking: /autoware/install/lanelet2_extension/share/ament_index/resource_index/package_run_dependencies/lanelet2_extension
-- Symlinking: /autoware/install/lanelet2_extension/share/ament_index/resource_index/parent_prefix_path/lanelet2_extension
-- Symlinking: /autoware/install/lanelet2_extension/share/lanelet2_extension/environment/ament_prefix_path.sh
-- Symlinking: /autoware/install/lanelet2_extension/share/lanelet2_extension/environment/ament_prefix_path.dsv
-- Symlinking: /autoware/install/lanelet2_extension/share/lanelet2_extension/environment/path.sh
-- Symlinking: /autoware/install/lanelet2_extension/share/lanelet2_extension/environment/path.dsv
-- Symlinking: /autoware/install/lanelet2_extension/share/lanelet2_extension/local_setup.bash
-- Symlinking: /autoware/install/lanelet2_extension/share/lanelet2_extension/local_setup.sh
-- Symlinking: /autoware/install/lanelet2_extension/share/lanelet2_extension/local_setup.zsh
-- Symlinking: /autoware/install/lanelet2_extension/share/lanelet2_extension/local_setup.dsv
-- Symlinking: /autoware/install/lanelet2_extension/share/lanelet2_extension/package.dsv
-- Symlinking: /autoware/install/lanelet2_extension/share/ament_index/resource_index/packages/lanelet2_extension
-- Symlinking: /autoware/install/lanelet2_extension/share/lanelet2_extension/cmake/ament_cmake_export_dependencies-extras.cmake
-- Symlinking: /autoware/install/lanelet2_extension/share/lanelet2_extension/cmake/ament_cmake_export_include_directories-extras.cmake
-- Symlinking: /autoware/install/lanelet2_extension/share/lanelet2_extension/cmake/ament_cmake_export_libraries-extras.cmake
-- Symlinking: /autoware/install/lanelet2_extension/share/lanelet2_extension/cmake/lanelet2_extensionConfig.cmake
-- Symlinking: /autoware/install/lanelet2_extension/share/lanelet2_extension/cmake/lanelet2_extensionConfig-version.cmake
-- Symlinking: /autoware/install/lanelet2_extension/share/lanelet2_extension/package.xml
