[0.036s] Invoking command in '/autoware/build/lanelet2_extension': AMENT_PREFIX_PATH=/autoware/install/autoware_utils:/autoware/install/autoware_planning_msgs:/autoware/install/autoware_cmake:/autoware/install/autoware_auto_planning_msgs:/autoware/install/autoware_common_msgs:/autoware/install/autoware_auto_mapping_msgs:/autoware/install/autoware_auto_geometry_msgs:${AMENT_PREFIX_PATH} CMAKE_PREFIX_PATH=/autoware/install/autoware_utils:/autoware/install/autoware_planning_msgs:/autoware/install/autoware_cmake:/autoware/install/autoware_auto_planning_msgs:/autoware/install/autoware_common_msgs:/autoware/install/autoware_auto_mapping_msgs:/autoware/install/autoware_auto_geometry_msgs:/opt/ros/humble LD_LIBRARY_PATH=/autoware/install/autoware_utils/lib:/autoware/install/autoware_planning_msgs/lib:/autoware/install/autoware_auto_planning_msgs/lib:/autoware/install/autoware_common_msgs/lib:/autoware/install/autoware_auto_mapping_msgs/lib:/autoware/install/autoware_auto_geometry_msgs/lib:${LD_LIBRARY_PATH} PYTHONPATH=/autoware/install/autoware_planning_msgs/local/lib/python3.10/dist-packages:/autoware/install/autoware_auto_planning_msgs/local/lib/python3.10/dist-packages:/autoware/install/autoware_common_msgs/local/lib/python3.10/dist-packages:/autoware/install/autoware_auto_mapping_msgs/local/lib/python3.10/dist-packages:/autoware/install/autoware_auto_geometry_msgs/local/lib/python3.10/dist-packages:${PYTHONPATH} /usr/bin/cmake /autoware/src/core/autoware_common/tmp/lanelet2_extension -DCMAKE_BUILD_TYPE=Release -DAMENT_CMAKE_SYMLINK_INSTALL=1 -DCMAKE_INSTALL_PREFIX=/autoware/install/lanelet2_extension
[0.083s] -- The C compiler identification is GNU 11.3.0
[0.146s] -- The CXX compiler identification is GNU 11.3.0
[0.146s] -- Detecting C compiler ABI info
[0.188s] -- Detecting C compiler ABI info - done
[0.201s] -- Check for working C compiler: /usr/bin/cc - skipped
[0.201s] -- Detecting C compile features
[0.201s] -- Detecting C compile features - done
[0.205s] -- Detecting CXX compiler ABI info
[0.294s] -- Detecting CXX compiler ABI info - done
[0.294s] -- Check for working CXX compiler: /usr/bin/c++ - skipped
[0.295s] -- Detecting CXX compile features
[0.295s] -- Detecting CXX compile features - done
[0.295s] -- Found autoware_cmake: 0.1.0 (/autoware/install/autoware_cmake/share/autoware_cmake/cmake)
[0.510s] -- Found Python3: /usr/bin/python3.10 (found version "3.10.6") found components: Interpreter 
[0.610s] -- Override CMake install command with custom implementation using symlinks instead of copying resources
[0.736s] -- Found rosidl_generator_c: 3.1.3 (/opt/ros/humble/share/rosidl_generator_c/cmake)
[0.742s] -- Found rosidl_adapter: 3.1.3 (/opt/ros/humble/share/rosidl_adapter/cmake)
[0.751s] -- Found rosidl_generator_cpp: 3.1.3 (/opt/ros/humble/share/rosidl_generator_cpp/cmake)
[0.765s] -- Using all available rosidl_typesupport_c: rosidl_typesupport_fastrtps_c;rosidl_typesupport_introspection_c
[0.785s] -- Using all available rosidl_typesupport_cpp: rosidl_typesupport_fastrtps_cpp;rosidl_typesupport_introspection_cpp
[2.502s] -- Found rmw_implementation_cmake: 6.1.0 (/opt/ros/humble/share/rmw_implementation_cmake/cmake)
[2.506s] -- Found rmw_fastrtps_cpp: 6.2.1 (/opt/ros/humble/share/rmw_fastrtps_cpp/cmake)
[2.870s] -- Found OpenSSL: /usr/lib/x86_64-linux-gnu/libcrypto.so (found version "3.0.2")  
[2.927s] -- Found FastRTPS: /opt/ros/humble/include  
[3.090s] -- Using RMW implementation 'rmw_fastrtps_cpp' as default
[3.370s] -- Found mrt_cmake_modules: 1.0.9 (/opt/ros/humble/share/mrt_cmake_modules/cmake)
[3.814s] -- Found Boost: /usr/lib/x86_64-linux-gnu/cmake/Boost-1.74.0/BoostConfig.cmake (found version "1.74.0") found components: wserialization thread random serialization log_setup prg_exec_monitor wave system chrono filesystem locale timer date_time regex graph program_options unit_test_framework log atomic iostreams 
[4.542s] -- Found OpenMP_C: -fopenmp (found version "4.5") 
[4.681s] -- Found OpenMP_CXX: -fopenmp (found version "4.5") 
[4.681s] -- Found OpenMP: TRUE (found version "4.5")  
[4.691s] -- Found pugixml: /usr/lib/x86_64-linux-gnu/libpugixml.so  
[4.730s] -- Found PkgConfig: /usr/bin/pkg-config (found version "0.29.2") 
[4.734s] -- Found GeographicLib: /usr/lib/x86_64-linux-gnu/libGeographic.so  
[4.861s] -- Found eigen3_cmake_module: 0.1.1 (/opt/ros/humble/share/eigen3_cmake_module/cmake)
[4.863s] -- Found Eigen3: TRUE (found version "3.4.0") 
[4.863s] -- Ensuring Eigen3 include directory is part of orocos-kdl CMake target
[5.722s] -- Found ament_lint_auto: 0.12.4 (/opt/ros/humble/share/ament_lint_auto/cmake)
[5.834s] -- Found gtest sources under '/opt/ros/humble/src/gtest_vendor': C++ tests using 'Google Test' will be built
[5.834s] -- Found Threads: TRUE  
[5.834s] -- Found gtest sources under '/opt/ros/humble/src/gtest_vendor': C++ tests using 'Google Test' will be built
[5.834s] -- Found gtest sources under '/opt/ros/humble/src/gtest_vendor': C++ tests using 'Google Test' will be built
[5.834s] -- Found gtest sources under '/opt/ros/humble/src/gtest_vendor': C++ tests using 'Google Test' will be built
[5.834s] -- Found gtest sources under '/opt/ros/humble/src/gtest_vendor': C++ tests using 'Google Test' will be built
[5.834s] -- Found gtest sources under '/opt/ros/humble/src/gtest_vendor': C++ tests using 'Google Test' will be built
[5.857s] -- Configuring done
[6.097s] -- Generating done
[6.097s] -- Build files have been written to: /autoware/build/lanelet2_extension
[6.098s] Invoked command in '/autoware/build/lanelet2_extension' returned '0': AMENT_PREFIX_PATH=/autoware/install/autoware_utils:/autoware/install/autoware_planning_msgs:/autoware/install/autoware_cmake:/autoware/install/autoware_auto_planning_msgs:/autoware/install/autoware_common_msgs:/autoware/install/autoware_auto_mapping_msgs:/autoware/install/autoware_auto_geometry_msgs:${AMENT_PREFIX_PATH} CMAKE_PREFIX_PATH=/autoware/install/autoware_utils:/autoware/install/autoware_planning_msgs:/autoware/install/autoware_cmake:/autoware/install/autoware_auto_planning_msgs:/autoware/install/autoware_common_msgs:/autoware/install/autoware_auto_mapping_msgs:/autoware/install/autoware_auto_geometry_msgs:/opt/ros/humble LD_LIBRARY_PATH=/autoware/install/autoware_utils/lib:/autoware/install/autoware_planning_msgs/lib:/autoware/install/autoware_auto_planning_msgs/lib:/autoware/install/autoware_common_msgs/lib:/autoware/install/autoware_auto_mapping_msgs/lib:/autoware/install/autoware_auto_geometry_msgs/lib:${LD_LIBRARY_PATH} PYTHONPATH=/autoware/install/autoware_planning_msgs/local/lib/python3.10/dist-packages:/autoware/install/autoware_auto_planning_msgs/local/lib/python3.10/dist-packages:/autoware/install/autoware_common_msgs/local/lib/python3.10/dist-packages:/autoware/install/autoware_auto_mapping_msgs/local/lib/python3.10/dist-packages:/autoware/install/autoware_auto_geometry_msgs/local/lib/python3.10/dist-packages:${PYTHONPATH} /usr/bin/cmake /autoware/src/core/autoware_common/tmp/lanelet2_extension -DCMAKE_BUILD_TYPE=Release -DAMENT_CMAKE_SYMLINK_INSTALL=1 -DCMAKE_INSTALL_PREFIX=/autoware/install/lanelet2_extension
[6.099s] Invoking command in '/autoware/build/lanelet2_extension': AMENT_PREFIX_PATH=/autoware/install/autoware_utils:/autoware/install/autoware_planning_msgs:/autoware/install/autoware_cmake:/autoware/install/autoware_auto_planning_msgs:/autoware/install/autoware_common_msgs:/autoware/install/autoware_auto_mapping_msgs:/autoware/install/autoware_auto_geometry_msgs:${AMENT_PREFIX_PATH} CMAKE_PREFIX_PATH=/autoware/install/autoware_utils:/autoware/install/autoware_planning_msgs:/autoware/install/autoware_cmake:/autoware/install/autoware_auto_planning_msgs:/autoware/install/autoware_common_msgs:/autoware/install/autoware_auto_mapping_msgs:/autoware/install/autoware_auto_geometry_msgs:/opt/ros/humble LD_LIBRARY_PATH=/autoware/install/autoware_utils/lib:/autoware/install/autoware_planning_msgs/lib:/autoware/install/autoware_auto_planning_msgs/lib:/autoware/install/autoware_common_msgs/lib:/autoware/install/autoware_auto_mapping_msgs/lib:/autoware/install/autoware_auto_geometry_msgs/lib:${LD_LIBRARY_PATH} PYTHONPATH=/autoware/install/autoware_planning_msgs/local/lib/python3.10/dist-packages:/autoware/install/autoware_auto_planning_msgs/local/lib/python3.10/dist-packages:/autoware/install/autoware_common_msgs/local/lib/python3.10/dist-packages:/autoware/install/autoware_auto_mapping_msgs/local/lib/python3.10/dist-packages:/autoware/install/autoware_auto_geometry_msgs/local/lib/python3.10/dist-packages:${PYTHONPATH} /usr/bin/cmake --build /autoware/build/lanelet2_extension -- -j64 -l64
[6.142s] [  2%] Building CXX object gtest/CMakeFiles/gtest_main.dir/src/gtest_main.cc.o
[6.145s] [  5%] Building CXX object gtest/CMakeFiles/gtest.dir/src/gtest-all.cc.o
[6.145s] [  8%] Building CXX object CMakeFiles/lanelet2_extension_lib.dir/lib/autoware_osm_parser.cpp.o
[6.146s] [ 11%] Building CXX object CMakeFiles/lanelet2_extension_lib.dir/lib/no_stopping_area.cpp.o
[6.146s] [ 13%] Building CXX object CMakeFiles/lanelet2_extension_lib.dir/lib/query.cpp.o
[6.148s] [ 19%] Building CXX object CMakeFiles/lanelet2_extension_lib.dir/lib/detection_area.cpp.o
[6.148s] [ 19%] Building CXX object CMakeFiles/lanelet2_extension_lib.dir/lib/utilities.cpp.o
[6.149s] [ 22%] Building CXX object CMakeFiles/lanelet2_extension_lib.dir/lib/message_conversion.cpp.o
[6.149s] [ 25%] Building CXX object CMakeFiles/lanelet2_extension_lib.dir/lib/mgrs_projector.cpp.o
[6.149s] [ 27%] Building CXX object CMakeFiles/lanelet2_extension_lib.dir/lib/autoware_traffic_light.cpp.o
[6.150s] [ 30%] Building CXX object CMakeFiles/lanelet2_extension_lib.dir/lib/virtual_traffic_light.cpp.o
[6.150s] [ 36%] Building CXX object CMakeFiles/lanelet2_extension_lib.dir/lib/road_marking.cpp.o
[6.150s] [ 38%] Building CXX object CMakeFiles/lanelet2_extension_lib.dir/lib/visualization.cpp.o
[6.150s] [ 38%] Building CXX object CMakeFiles/lanelet2_extension_lib.dir/lib/route_checker.cpp.o
[6.151s] [ 41%] Building CXX object CMakeFiles/lanelet2_extension_lib.dir/lib/speed_bump.cpp.o
[7.432s] [ 44%] Linking CXX static library libgtest_main.a
[7.471s] [ 44%] Built target gtest_main
[15.176s] [ 47%] Linking CXX static library libgtest.a
[15.205s] [ 47%] Built target gtest
[24.397s] [ 50%] Linking CXX shared library liblanelet2_extension_lib.so
[24.663s] [ 50%] Built target lanelet2_extension_lib
[24.683s] [ 52%] Building CXX object CMakeFiles/lanelet2_extension_sample.dir/src/sample_code.cpp.o
[24.685s] [ 55%] Building CXX object CMakeFiles/check_right_of_way.dir/src/check_right_of_way.cpp.o
[24.685s] [ 58%] Building CXX object CMakeFiles/regulatory_elements-test.dir/test/src/test_regulatory_elements.cpp.o
[24.686s] [ 63%] Building CXX object CMakeFiles/autoware_lanelet2_validation.dir/src/validation.cpp.o
[24.687s] [ 63%] Building CXX object CMakeFiles/message_conversion-test.dir/test/src/test_message_conversion.cpp.o
[24.687s] [ 66%] Building CXX object CMakeFiles/utilities-test.dir/test/src/test_utilities.cpp.o
[24.688s] [ 69%] Building CXX object CMakeFiles/projector-test.dir/test/src/test_projector.cpp.o
[24.690s] [ 72%] Building CXX object CMakeFiles/query-test.dir/test/src/test_query.cpp.o
[24.692s] [ 75%] Building CXX object CMakeFiles/route-test.dir/test/src/test_route_checker.cpp.o
[27.160s] [ 77%] Linking CXX executable projector-test
[27.361s] [ 77%] Built target projector-test
[29.450s] [ 80%] Linking CXX executable regulatory_elements-test
[29.729s] [ 80%] Built target regulatory_elements-test
[30.406s] [ 83%] Linking CXX executable query-test
[30.597s] [ 83%] Built target query-test
[31.188s] [ 86%] Linking CXX executable lanelet2_extension_sample
[31.387s] [ 86%] Built target lanelet2_extension_sample
[31.493s] [ 88%] Linking CXX executable message_conversion-test
[31.523s] [ 91%] Linking CXX executable autoware_lanelet2_validation
[31.680s] [ 91%] Built target message_conversion-test
[31.729s] [ 91%] Built target autoware_lanelet2_validation
[32.652s] [ 94%] Linking CXX executable route-test
[32.837s] [ 94%] Built target route-test
[33.855s] [ 97%] Linking CXX executable check_right_of_way
[34.021s] [ 97%] Built target check_right_of_way
[34.899s] [100%] Linking CXX executable utilities-test
[35.080s] [100%] Built target utilities-test
[35.090s] Invoked command in '/autoware/build/lanelet2_extension' returned '0': AMENT_PREFIX_PATH=/autoware/install/autoware_utils:/autoware/install/autoware_planning_msgs:/autoware/install/autoware_cmake:/autoware/install/autoware_auto_planning_msgs:/autoware/install/autoware_common_msgs:/autoware/install/autoware_auto_mapping_msgs:/autoware/install/autoware_auto_geometry_msgs:${AMENT_PREFIX_PATH} CMAKE_PREFIX_PATH=/autoware/install/autoware_utils:/autoware/install/autoware_planning_msgs:/autoware/install/autoware_cmake:/autoware/install/autoware_auto_planning_msgs:/autoware/install/autoware_common_msgs:/autoware/install/autoware_auto_mapping_msgs:/autoware/install/autoware_auto_geometry_msgs:/opt/ros/humble LD_LIBRARY_PATH=/autoware/install/autoware_utils/lib:/autoware/install/autoware_planning_msgs/lib:/autoware/install/autoware_auto_planning_msgs/lib:/autoware/install/autoware_common_msgs/lib:/autoware/install/autoware_auto_mapping_msgs/lib:/autoware/install/autoware_auto_geometry_msgs/lib:${LD_LIBRARY_PATH} PYTHONPATH=/autoware/install/autoware_planning_msgs/local/lib/python3.10/dist-packages:/autoware/install/autoware_auto_planning_msgs/local/lib/python3.10/dist-packages:/autoware/install/autoware_common_msgs/local/lib/python3.10/dist-packages:/autoware/install/autoware_auto_mapping_msgs/local/lib/python3.10/dist-packages:/autoware/install/autoware_auto_geometry_msgs/local/lib/python3.10/dist-packages:${PYTHONPATH} /usr/bin/cmake --build /autoware/build/lanelet2_extension -- -j64 -l64
[35.139s] Invoking command in '/autoware/build/lanelet2_extension': AMENT_PREFIX_PATH=/autoware/install/autoware_utils:/autoware/install/autoware_planning_msgs:/autoware/install/autoware_cmake:/autoware/install/autoware_auto_planning_msgs:/autoware/install/autoware_common_msgs:/autoware/install/autoware_auto_mapping_msgs:/autoware/install/autoware_auto_geometry_msgs:${AMENT_PREFIX_PATH} CMAKE_PREFIX_PATH=/autoware/install/autoware_utils:/autoware/install/autoware_planning_msgs:/autoware/install/autoware_cmake:/autoware/install/autoware_auto_planning_msgs:/autoware/install/autoware_common_msgs:/autoware/install/autoware_auto_mapping_msgs:/autoware/install/autoware_auto_geometry_msgs:/opt/ros/humble LD_LIBRARY_PATH=/autoware/install/autoware_utils/lib:/autoware/install/autoware_planning_msgs/lib:/autoware/install/autoware_auto_planning_msgs/lib:/autoware/install/autoware_common_msgs/lib:/autoware/install/autoware_auto_mapping_msgs/lib:/autoware/install/autoware_auto_geometry_msgs/lib:${LD_LIBRARY_PATH} PYTHONPATH=/autoware/install/autoware_planning_msgs/local/lib/python3.10/dist-packages:/autoware/install/autoware_auto_planning_msgs/local/lib/python3.10/dist-packages:/autoware/install/autoware_common_msgs/local/lib/python3.10/dist-packages:/autoware/install/autoware_auto_mapping_msgs/local/lib/python3.10/dist-packages:/autoware/install/autoware_auto_geometry_msgs/local/lib/python3.10/dist-packages:${PYTHONPATH} /usr/bin/cmake --install /autoware/build/lanelet2_extension
[35.145s] -- Install configuration: "Release"
[35.145s] -- Execute custom install script
[35.146s] -- Symlinking: /autoware/install/lanelet2_extension/include/lanelet2_extension/io/autoware_osm_parser.hpp
[35.152s] -- Symlinking: /autoware/install/lanelet2_extension/include/lanelet2_extension/projection/mgrs_projector.hpp
[35.158s] -- Symlinking: /autoware/install/lanelet2_extension/include/lanelet2_extension/regulatory_elements/autoware_traffic_light.hpp
[35.187s] -- Symlinking: /autoware/install/lanelet2_extension/include/lanelet2_extension/regulatory_elements/detection_area.hpp
[35.187s] -- Symlinking: /autoware/install/lanelet2_extension/include/lanelet2_extension/regulatory_elements/no_stopping_area.hpp
[35.187s] -- Symlinking: /autoware/install/lanelet2_extension/include/lanelet2_extension/regulatory_elements/road_marking.hpp
[35.188s] -- Symlinking: /autoware/install/lanelet2_extension/include/lanelet2_extension/regulatory_elements/speed_bump.hpp
[35.192s] -- Symlinking: /autoware/install/lanelet2_extension/include/lanelet2_extension/regulatory_elements/virtual_traffic_light.hpp
[35.198s] -- Symlinking: /autoware/install/lanelet2_extension/include/lanelet2_extension/utility/message_conversion.hpp
[35.204s] -- Symlinking: /autoware/install/lanelet2_extension/include/lanelet2_extension/utility/query.hpp
[35.244s] -- Symlinking: /autoware/install/lanelet2_extension/include/lanelet2_extension/utility/route_checker.hpp
[35.245s] -- Symlinking: /autoware/install/lanelet2_extension/include/lanelet2_extension/utility/utilities.hpp
[35.245s] -- Symlinking: /autoware/install/lanelet2_extension/include/lanelet2_extension/visualization/visualization.hpp
[35.245s] -- Symlinking: /autoware/install/lanelet2_extension/share/lanelet2_extension/environment/library_path.sh
[35.245s] -- Symlinking: /autoware/install/lanelet2_extension/share/lanelet2_extension/environment/library_path.dsv
[35.245s] -- Symlinking: /autoware/install/lanelet2_extension/lib/liblanelet2_extension_lib.so
[35.248s] -- Symlinking: /autoware/install/lanelet2_extension/lib/lanelet2_extension/lanelet2_extension_sample
[35.254s] -- Symlinking: /autoware/install/lanelet2_extension/lib/lanelet2_extension/autoware_lanelet2_validation
[35.261s] -- Symlinking: /autoware/install/lanelet2_extension/lib/lanelet2_extension/check_right_of_way
[35.268s] -- Symlinking: /autoware/install/lanelet2_extension/share/ament_index/resource_index/package_run_dependencies/lanelet2_extension
[35.274s] -- Symlinking: /autoware/install/lanelet2_extension/share/ament_index/resource_index/parent_prefix_path/lanelet2_extension
[35.281s] -- Symlinking: /autoware/install/lanelet2_extension/share/lanelet2_extension/environment/ament_prefix_path.sh
[35.287s] -- Symlinking: /autoware/install/lanelet2_extension/share/lanelet2_extension/environment/ament_prefix_path.dsv
[35.293s] -- Symlinking: /autoware/install/lanelet2_extension/share/lanelet2_extension/environment/path.sh
[35.299s] -- Symlinking: /autoware/install/lanelet2_extension/share/lanelet2_extension/environment/path.dsv
[35.306s] -- Symlinking: /autoware/install/lanelet2_extension/share/lanelet2_extension/local_setup.bash
[35.312s] -- Symlinking: /autoware/install/lanelet2_extension/share/lanelet2_extension/local_setup.sh
[35.319s] -- Symlinking: /autoware/install/lanelet2_extension/share/lanelet2_extension/local_setup.zsh
[35.325s] -- Symlinking: /autoware/install/lanelet2_extension/share/lanelet2_extension/local_setup.dsv
[35.330s] -- Symlinking: /autoware/install/lanelet2_extension/share/lanelet2_extension/package.dsv
[35.337s] -- Symlinking: /autoware/install/lanelet2_extension/share/ament_index/resource_index/packages/lanelet2_extension
[35.343s] -- Symlinking: /autoware/install/lanelet2_extension/share/lanelet2_extension/cmake/ament_cmake_export_dependencies-extras.cmake
[35.349s] -- Symlinking: /autoware/install/lanelet2_extension/share/lanelet2_extension/cmake/ament_cmake_export_include_directories-extras.cmake
[35.354s] -- Symlinking: /autoware/install/lanelet2_extension/share/lanelet2_extension/cmake/ament_cmake_export_libraries-extras.cmake
[35.360s] -- Symlinking: /autoware/install/lanelet2_extension/share/lanelet2_extension/cmake/lanelet2_extensionConfig.cmake
[35.366s] -- Symlinking: /autoware/install/lanelet2_extension/share/lanelet2_extension/cmake/lanelet2_extensionConfig-version.cmake
[35.371s] -- Symlinking: /autoware/install/lanelet2_extension/share/lanelet2_extension/package.xml
[35.384s] Invoked command in '/autoware/build/lanelet2_extension' returned '0': AMENT_PREFIX_PATH=/autoware/install/autoware_utils:/autoware/install/autoware_planning_msgs:/autoware/install/autoware_cmake:/autoware/install/autoware_auto_planning_msgs:/autoware/install/autoware_common_msgs:/autoware/install/autoware_auto_mapping_msgs:/autoware/install/autoware_auto_geometry_msgs:${AMENT_PREFIX_PATH} CMAKE_PREFIX_PATH=/autoware/install/autoware_utils:/autoware/install/autoware_planning_msgs:/autoware/install/autoware_cmake:/autoware/install/autoware_auto_planning_msgs:/autoware/install/autoware_common_msgs:/autoware/install/autoware_auto_mapping_msgs:/autoware/install/autoware_auto_geometry_msgs:/opt/ros/humble LD_LIBRARY_PATH=/autoware/install/autoware_utils/lib:/autoware/install/autoware_planning_msgs/lib:/autoware/install/autoware_auto_planning_msgs/lib:/autoware/install/autoware_common_msgs/lib:/autoware/install/autoware_auto_mapping_msgs/lib:/autoware/install/autoware_auto_geometry_msgs/lib:${LD_LIBRARY_PATH} PYTHONPATH=/autoware/install/autoware_planning_msgs/local/lib/python3.10/dist-packages:/autoware/install/autoware_auto_planning_msgs/local/lib/python3.10/dist-packages:/autoware/install/autoware_common_msgs/local/lib/python3.10/dist-packages:/autoware/install/autoware_auto_mapping_msgs/local/lib/python3.10/dist-packages:/autoware/install/autoware_auto_geometry_msgs/local/lib/python3.10/dist-packages:${PYTHONPATH} /usr/bin/cmake --install /autoware/build/lanelet2_extension
