[0.010s] Invoking command in '/autoware/build/tier4_system_msgs': AMENT_PREFIX_PATH=/autoware/install/autoware_common_msgs:${AMENT_PREFIX_PATH} CMAKE_PREFIX_PATH=/autoware/install/autoware_common_msgs:/opt/ros/humble LD_LIBRARY_PATH=/autoware/install/autoware_common_msgs/lib:${LD_LIBRARY_PATH} PYTHONPATH=/autoware/install/autoware_common_msgs/local/lib/python3.10/dist-packages:${PYTHONPATH} /usr/bin/cmake /autoware/src/universe/external/tier4_autoware_msgs/tier4_system_msgs -DCMAKE_BUILD_TYPE=Release -DAMENT_CMAKE_SYMLINK_INSTALL=1 -DCMAKE_INSTALL_PREFIX=/autoware/install/tier4_system_msgs
[0.095s] -- The C compiler identification is GNU 11.3.0
[0.175s] -- The CXX compiler identification is GNU 11.3.0
[0.184s] -- Detecting C compiler ABI info
[0.283s] -- Detecting C compiler ABI info - done
[0.283s] -- Check for working C compiler: /usr/bin/cc - skipped
[0.283s] -- Detecting C compile features
[0.283s] -- Detecting C compile features - done
[0.284s] -- Detecting CXX compiler ABI info
[0.330s] -- Detecting CXX compiler ABI info - done
[0.337s] -- Check for working CXX compiler: /usr/bin/c++ - skipped
[0.338s] -- Detecting CXX compile features
[0.338s] -- Detecting CXX compile features - done
[0.341s] -- Found ament_cmake_auto: 1.3.2 (/opt/ros/humble/share/ament_cmake_auto/cmake)
[0.566s] -- Found Python3: /usr/bin/python3.10 (found version "3.10.6") found components: Interpreter 
[0.647s] -- Override CMake install command with custom implementation using symlinks instead of copying resources
[0.805s] -- Using all available rosidl_typesupport_c: rosidl_typesupport_fastrtps_c;rosidl_typesupport_introspection_c
[0.816s] -- Found rosidl_adapter: 3.1.3 (/opt/ros/humble/share/rosidl_adapter/cmake)
[0.886s] -- Using all available rosidl_typesupport_cpp: rosidl_typesupport_fastrtps_cpp;rosidl_typesupport_introspection_cpp
[1.614s] -- Found ament_cmake_ros: 0.10.0 (/opt/ros/humble/share/ament_cmake_ros/cmake)
[2.175s] -- Using all available rosidl_typesupport_c: rosidl_typesupport_fastrtps_c;rosidl_typesupport_introspection_c
[2.900s] -- Using all available rosidl_typesupport_cpp: rosidl_typesupport_fastrtps_cpp;rosidl_typesupport_introspection_cpp
[2.942s] -- Found PythonInterp: /usr/bin/python3 (found suitable version "3.10.6", minimum required is "3.6") 
[2.945s] -- Found python_cmake_module: 0.10.0 (/opt/ros/humble/share/python_cmake_module/cmake)
[3.037s] -- Found PythonLibs: /usr/lib/x86_64-linux-gnu/libpython3.10.so (found suitable version "3.10.6", minimum required is "3.5") 
[3.038s] -- Using PYTHON_EXECUTABLE: /usr/bin/python3
[3.038s] -- Using PYTHON_INCLUDE_DIRS: /usr/include/python3.10
[3.038s] -- Using PYTHON_LIBRARIES: /usr/lib/x86_64-linux-gnu/libpython3.10.so
[3.105s] -- Found PythonExtra: .so  
[3.239s] -- Found ament_lint_auto: 0.12.4 (/opt/ros/humble/share/ament_lint_auto/cmake)
[3.284s] -- Added test 'copyright' to check source files copyright and LICENSE
[3.290s] -- Added test 'lint_cmake' to check CMake code style
[3.294s] -- Added test 'xmllint' to check XML markup files
[3.306s] -- Configuring done
[3.435s] -- Generating done
[3.442s] -- Build files have been written to: /autoware/build/tier4_system_msgs
[3.460s] Invoked command in '/autoware/build/tier4_system_msgs' returned '0': AMENT_PREFIX_PATH=/autoware/install/autoware_common_msgs:${AMENT_PREFIX_PATH} CMAKE_PREFIX_PATH=/autoware/install/autoware_common_msgs:/opt/ros/humble LD_LIBRARY_PATH=/autoware/install/autoware_common_msgs/lib:${LD_LIBRARY_PATH} PYTHONPATH=/autoware/install/autoware_common_msgs/local/lib/python3.10/dist-packages:${PYTHONPATH} /usr/bin/cmake /autoware/src/universe/external/tier4_autoware_msgs/tier4_system_msgs -DCMAKE_BUILD_TYPE=Release -DAMENT_CMAKE_SYMLINK_INSTALL=1 -DCMAKE_INSTALL_PREFIX=/autoware/install/tier4_system_msgs
[3.461s] Invoking command in '/autoware/build/tier4_system_msgs': AMENT_PREFIX_PATH=/autoware/install/autoware_common_msgs:${AMENT_PREFIX_PATH} CMAKE_PREFIX_PATH=/autoware/install/autoware_common_msgs:/opt/ros/humble LD_LIBRARY_PATH=/autoware/install/autoware_common_msgs/lib:${LD_LIBRARY_PATH} PYTHONPATH=/autoware/install/autoware_common_msgs/local/lib/python3.10/dist-packages:${PYTHONPATH} /usr/bin/cmake --build /autoware/build/tier4_system_msgs -- -j64 -l64
[3.529s] [  1%] Generating C code for ROS interfaces
[3.539s] [  1%] Generating C++ code for ROS interfaces
[3.562s] [  1%] Built target ament_cmake_python_symlink_tier4_system_msgs
[4.076s] running egg_info
[4.077s] creating tier4_system_msgs.egg-info
[4.077s] writing tier4_system_msgs.egg-info/PKG-INFO
[4.077s] writing dependency_links to tier4_system_msgs.egg-info/dependency_links.txt
[4.077s] writing top-level names to tier4_system_msgs.egg-info/top_level.txt
[4.078s] writing manifest file 'tier4_system_msgs.egg-info/SOURCES.txt'
[4.080s] reading manifest file 'tier4_system_msgs.egg-info/SOURCES.txt'
[4.081s] writing manifest file 'tier4_system_msgs.egg-info/SOURCES.txt'
[4.109s] [  1%] Built target ament_cmake_python_build_tier4_system_msgs_egg
[5.117s] [  1%] Built target tier4_system_msgs__cpp
[5.129s] [  2%] Generating C++ introspection for ROS interfaces
[5.130s] [  3%] Generating C++ type support dispatch for ROS interfaces
[5.131s] [  3%] Generating C++ type support for eProsima Fast-RTPS
[5.429s] [  4%] Building C object CMakeFiles/tier4_system_msgs__rosidl_generator_c.dir/rosidl_generator_c/tier4_system_msgs/msg/detail/autoware_state__functions.c.o
[5.443s] [  5%] Building C object CMakeFiles/tier4_system_msgs__rosidl_generator_c.dir/rosidl_generator_c/tier4_system_msgs/msg/detail/emergency_state_stamped__functions.c.o
[5.443s] [  6%] Building C object CMakeFiles/tier4_system_msgs__rosidl_generator_c.dir/rosidl_generator_c/tier4_system_msgs/msg/detail/emergency_state__functions.c.o
[5.479s] [  7%] Building C object CMakeFiles/tier4_system_msgs__rosidl_generator_c.dir/rosidl_generator_c/tier4_system_msgs/msg/detail/hazard_status_stamped__functions.c.o
[5.480s] [  8%] Building C object CMakeFiles/tier4_system_msgs__rosidl_generator_c.dir/rosidl_generator_c/tier4_system_msgs/msg/detail/service_log__functions.c.o
[5.484s] [  9%] Building C object CMakeFiles/tier4_system_msgs__rosidl_generator_c.dir/rosidl_generator_c/tier4_system_msgs/msg/detail/hazard_status__functions.c.o
[5.502s] [ 10%] Building C object CMakeFiles/tier4_system_msgs__rosidl_generator_c.dir/rosidl_generator_c/tier4_system_msgs/msg/detail/mode_change_available__functions.c.o
[5.510s] [ 10%] Building C object CMakeFiles/tier4_system_msgs__rosidl_generator_c.dir/rosidl_generator_c/tier4_system_msgs/msg/detail/mrm_behavior_status__functions.c.o
[5.562s] [ 11%] Building C object CMakeFiles/tier4_system_msgs__rosidl_generator_c.dir/rosidl_generator_c/tier4_system_msgs/srv/detail/operate_mrm__functions.c.o
[5.585s] [ 12%] Building C object CMakeFiles/tier4_system_msgs__rosidl_generator_c.dir/rosidl_generator_c/tier4_system_msgs/srv/detail/change_operation_mode__functions.c.o
[5.600s] [ 13%] Building C object CMakeFiles/tier4_system_msgs__rosidl_generator_c.dir/rosidl_generator_c/tier4_system_msgs/srv/detail/change_autoware_control__functions.c.o
[5.787s] [ 14%] Linking C shared library libtier4_system_msgs__rosidl_generator_c.so
[5.830s] [ 14%] Built target tier4_system_msgs__rosidl_generator_c
[5.841s] [ 15%] Generating C type support dispatch for ROS interfaces
[5.844s] [ 16%] Generating C type support for eProsima Fast-RTPS
[5.845s] [ 17%] Generating C introspection for ROS interfaces
[6.136s] [ 18%] Building CXX object CMakeFiles/tier4_system_msgs__rosidl_typesupport_cpp.dir/rosidl_typesupport_cpp/tier4_system_msgs/msg/emergency_state__type_support.cpp.o
[6.139s] [ 19%] Building CXX object CMakeFiles/tier4_system_msgs__rosidl_typesupport_cpp.dir/rosidl_typesupport_cpp/tier4_system_msgs/msg/service_log__type_support.cpp.o
[6.139s] [ 19%] Building CXX object CMakeFiles/tier4_system_msgs__rosidl_typesupport_cpp.dir/rosidl_typesupport_cpp/tier4_system_msgs/msg/mrm_behavior_status__type_support.cpp.o
[6.139s] [ 20%] Building CXX object CMakeFiles/tier4_system_msgs__rosidl_typesupport_cpp.dir/rosidl_typesupport_cpp/tier4_system_msgs/msg/autoware_state__type_support.cpp.o
[6.140s] [ 22%] Building CXX object CMakeFiles/tier4_system_msgs__rosidl_typesupport_cpp.dir/rosidl_typesupport_cpp/tier4_system_msgs/msg/mode_change_available__type_support.cpp.o
[6.140s] [ 22%] Building CXX object CMakeFiles/tier4_system_msgs__rosidl_typesupport_cpp.dir/rosidl_typesupport_cpp/tier4_system_msgs/msg/hazard_status_stamped__type_support.cpp.o
[6.140s] [ 23%] Building CXX object CMakeFiles/tier4_system_msgs__rosidl_typesupport_cpp.dir/rosidl_typesupport_cpp/tier4_system_msgs/msg/hazard_status__type_support.cpp.o
[6.140s] [ 24%] Building CXX object CMakeFiles/tier4_system_msgs__rosidl_typesupport_cpp.dir/rosidl_typesupport_cpp/tier4_system_msgs/srv/operate_mrm__type_support.cpp.o
[6.141s] [ 25%] Building CXX object CMakeFiles/tier4_system_msgs__rosidl_typesupport_cpp.dir/rosidl_typesupport_cpp/tier4_system_msgs/msg/emergency_state_stamped__type_support.cpp.o
[6.141s] [ 27%] Building CXX object CMakeFiles/tier4_system_msgs__rosidl_typesupport_cpp.dir/rosidl_typesupport_cpp/tier4_system_msgs/srv/change_operation_mode__type_support.cpp.o
[6.141s] [ 26%] Building CXX object CMakeFiles/tier4_system_msgs__rosidl_typesupport_cpp.dir/rosidl_typesupport_cpp/tier4_system_msgs/srv/change_autoware_control__type_support.cpp.o
[6.347s] [ 28%] Building CXX object CMakeFiles/tier4_system_msgs__rosidl_typesupport_introspection_cpp.dir/rosidl_typesupport_introspection_cpp/tier4_system_msgs/msg/detail/emergency_state_stamped__type_support.cpp.o
[6.348s] [ 29%] Building CXX object CMakeFiles/tier4_system_msgs__rosidl_typesupport_introspection_cpp.dir/rosidl_typesupport_introspection_cpp/tier4_system_msgs/msg/detail/hazard_status__type_support.cpp.o
[6.349s] [ 29%] Building CXX object CMakeFiles/tier4_system_msgs__rosidl_typesupport_introspection_cpp.dir/rosidl_typesupport_introspection_cpp/tier4_system_msgs/msg/detail/emergency_state__type_support.cpp.o
[6.350s] [ 33%] Building CXX object CMakeFiles/tier4_system_msgs__rosidl_typesupport_introspection_cpp.dir/rosidl_typesupport_introspection_cpp/tier4_system_msgs/msg/detail/mrm_behavior_status__type_support.cpp.o
[6.350s] [ 33%] Building CXX object CMakeFiles/tier4_system_msgs__rosidl_typesupport_introspection_cpp.dir/rosidl_typesupport_introspection_cpp/tier4_system_msgs/msg/detail/hazard_status_stamped__type_support.cpp.o
[6.351s] [ 33%] Building CXX object CMakeFiles/tier4_system_msgs__rosidl_typesupport_introspection_cpp.dir/rosidl_typesupport_introspection_cpp/tier4_system_msgs/msg/detail/service_log__type_support.cpp.o
[6.351s] [ 34%] Building CXX object CMakeFiles/tier4_system_msgs__rosidl_typesupport_introspection_cpp.dir/rosidl_typesupport_introspection_cpp/tier4_system_msgs/msg/detail/autoware_state__type_support.cpp.o
[6.351s] [ 34%] Building CXX object CMakeFiles/tier4_system_msgs__rosidl_typesupport_introspection_cpp.dir/rosidl_typesupport_introspection_cpp/tier4_system_msgs/msg/detail/mode_change_available__type_support.cpp.o
[6.351s] [ 35%] Building CXX object CMakeFiles/tier4_system_msgs__rosidl_typesupport_introspection_cpp.dir/rosidl_typesupport_introspection_cpp/tier4_system_msgs/srv/detail/operate_mrm__type_support.cpp.o
[6.351s] [ 36%] Building CXX object CMakeFiles/tier4_system_msgs__rosidl_typesupport_introspection_cpp.dir/rosidl_typesupport_introspection_cpp/tier4_system_msgs/srv/detail/change_autoware_control__type_support.cpp.o
[6.352s] [ 37%] Building CXX object CMakeFiles/tier4_system_msgs__rosidl_typesupport_introspection_cpp.dir/rosidl_typesupport_introspection_cpp/tier4_system_msgs/srv/detail/change_operation_mode__type_support.cpp.o
[6.509s] [ 38%] Building CXX object CMakeFiles/tier4_system_msgs__rosidl_typesupport_fastrtps_cpp.dir/rosidl_typesupport_fastrtps_cpp/tier4_system_msgs/msg/detail/dds_fastrtps/hazard_status__type_support.cpp.o
[6.510s] [ 39%] Building CXX object CMakeFiles/tier4_system_msgs__rosidl_typesupport_fastrtps_cpp.dir/rosidl_typesupport_fastrtps_cpp/tier4_system_msgs/msg/detail/dds_fastrtps/hazard_status_stamped__type_support.cpp.o
[6.510s] [ 41%] Building CXX object CMakeFiles/tier4_system_msgs__rosidl_typesupport_fastrtps_cpp.dir/rosidl_typesupport_fastrtps_cpp/tier4_system_msgs/msg/detail/dds_fastrtps/mrm_behavior_status__type_support.cpp.o
[6.510s] [ 42%] Building CXX object CMakeFiles/tier4_system_msgs__rosidl_typesupport_fastrtps_cpp.dir/rosidl_typesupport_fastrtps_cpp/tier4_system_msgs/msg/detail/dds_fastrtps/emergency_state__type_support.cpp.o
[6.510s] [ 42%] Building CXX object CMakeFiles/tier4_system_msgs__rosidl_typesupport_fastrtps_cpp.dir/rosidl_typesupport_fastrtps_cpp/tier4_system_msgs/msg/detail/dds_fastrtps/emergency_state_stamped__type_support.cpp.o
[6.511s] [ 44%] Building CXX object CMakeFiles/tier4_system_msgs__rosidl_typesupport_fastrtps_cpp.dir/rosidl_typesupport_fastrtps_cpp/tier4_system_msgs/msg/detail/dds_fastrtps/mode_change_available__type_support.cpp.o
[6.511s] [ 44%] Building CXX object CMakeFiles/tier4_system_msgs__rosidl_typesupport_fastrtps_cpp.dir/rosidl_typesupport_fastrtps_cpp/tier4_system_msgs/msg/detail/dds_fastrtps/service_log__type_support.cpp.o
[6.511s] [ 45%] Building CXX object CMakeFiles/tier4_system_msgs__rosidl_typesupport_fastrtps_cpp.dir/rosidl_typesupport_fastrtps_cpp/tier4_system_msgs/msg/detail/dds_fastrtps/autoware_state__type_support.cpp.o
[6.513s] [ 46%] Building CXX object CMakeFiles/tier4_system_msgs__rosidl_typesupport_fastrtps_cpp.dir/rosidl_typesupport_fastrtps_cpp/tier4_system_msgs/srv/detail/dds_fastrtps/change_autoware_control__type_support.cpp.o
[6.514s] [ 46%] Building CXX object CMakeFiles/tier4_system_msgs__rosidl_typesupport_fastrtps_cpp.dir/rosidl_typesupport_fastrtps_cpp/tier4_system_msgs/srv/detail/dds_fastrtps/change_operation_mode__type_support.cpp.o
[6.519s] [ 47%] Building CXX object CMakeFiles/tier4_system_msgs__rosidl_typesupport_fastrtps_cpp.dir/rosidl_typesupport_fastrtps_cpp/tier4_system_msgs/srv/detail/dds_fastrtps/operate_mrm__type_support.cpp.o
[6.601s] [ 48%] Linking CXX shared library libtier4_system_msgs__rosidl_typesupport_cpp.so
[6.668s] [ 48%] Built target tier4_system_msgs__rosidl_typesupport_cpp
[6.930s] [ 49%] Building CXX object CMakeFiles/tier4_system_msgs__rosidl_typesupport_c.dir/rosidl_typesupport_c/tier4_system_msgs/msg/autoware_state__type_support.cpp.o
[6.932s] [ 49%] Building CXX object CMakeFiles/tier4_system_msgs__rosidl_typesupport_c.dir/rosidl_typesupport_c/tier4_system_msgs/msg/emergency_state_stamped__type_support.cpp.o
[6.933s] [ 50%] Building CXX object CMakeFiles/tier4_system_msgs__rosidl_typesupport_c.dir/rosidl_typesupport_c/tier4_system_msgs/msg/emergency_state__type_support.cpp.o
[6.937s] [ 51%] Building CXX object CMakeFiles/tier4_system_msgs__rosidl_typesupport_c.dir/rosidl_typesupport_c/tier4_system_msgs/msg/hazard_status__type_support.cpp.o
[6.963s] [ 52%] Building CXX object CMakeFiles/tier4_system_msgs__rosidl_typesupport_c.dir/rosidl_typesupport_c/tier4_system_msgs/msg/service_log__type_support.cpp.o
[6.963s] [ 53%] Building CXX object CMakeFiles/tier4_system_msgs__rosidl_typesupport_c.dir/rosidl_typesupport_c/tier4_system_msgs/msg/mrm_behavior_status__type_support.cpp.o
[6.963s] [ 54%] Building CXX object CMakeFiles/tier4_system_msgs__rosidl_typesupport_c.dir/rosidl_typesupport_c/tier4_system_msgs/msg/mode_change_available__type_support.cpp.o
[6.986s] [ 55%] Building CXX object CMakeFiles/tier4_system_msgs__rosidl_typesupport_c.dir/rosidl_typesupport_c/tier4_system_msgs/msg/hazard_status_stamped__type_support.cpp.o
[6.986s] [ 56%] Building CXX object CMakeFiles/tier4_system_msgs__rosidl_typesupport_c.dir/rosidl_typesupport_c/tier4_system_msgs/srv/operate_mrm__type_support.cpp.o
[6.989s] [ 57%] Building CXX object CMakeFiles/tier4_system_msgs__rosidl_typesupport_c.dir/rosidl_typesupport_c/tier4_system_msgs/srv/change_autoware_control__type_support.cpp.o
[6.999s] [ 58%] Building CXX object CMakeFiles/tier4_system_msgs__rosidl_typesupport_c.dir/rosidl_typesupport_c/tier4_system_msgs/srv/change_operation_mode__type_support.cpp.o
[7.049s] [ 59%] Linking CXX shared library libtier4_system_msgs__rosidl_typesupport_c.so
[7.112s] [ 59%] Built target tier4_system_msgs__rosidl_typesupport_c
[7.340s] [ 60%] Linking CXX shared library libtier4_system_msgs__rosidl_typesupport_fastrtps_cpp.so
[7.388s] [ 61%] Linking CXX shared library libtier4_system_msgs__rosidl_typesupport_introspection_cpp.so
[7.496s] [ 62%] Building C object CMakeFiles/tier4_system_msgs__rosidl_typesupport_introspection_c.dir/rosidl_typesupport_introspection_c/tier4_system_msgs/msg/detail/autoware_state__type_support.c.o
[7.504s] [ 62%] Built target tier4_system_msgs__rosidl_typesupport_fastrtps_cpp
[7.524s] [ 63%] Building C object CMakeFiles/tier4_system_msgs__rosidl_typesupport_introspection_c.dir/rosidl_typesupport_introspection_c/tier4_system_msgs/msg/detail/emergency_state__type_support.c.o
[7.546s] [ 64%] Building C object CMakeFiles/tier4_system_msgs__rosidl_typesupport_introspection_c.dir/rosidl_typesupport_introspection_c/tier4_system_msgs/msg/detail/emergency_state_stamped__type_support.c.o
[7.550s] [ 65%] Building C object CMakeFiles/tier4_system_msgs__rosidl_typesupport_introspection_c.dir/rosidl_typesupport_introspection_c/tier4_system_msgs/msg/detail/hazard_status__type_support.c.o
[7.572s] [ 66%] Building C object CMakeFiles/tier4_system_msgs__rosidl_typesupport_introspection_c.dir/rosidl_typesupport_introspection_c/tier4_system_msgs/msg/detail/service_log__type_support.c.o
[7.572s] [ 67%] Building C object CMakeFiles/tier4_system_msgs__rosidl_typesupport_introspection_c.dir/rosidl_typesupport_introspection_c/tier4_system_msgs/msg/detail/hazard_status_stamped__type_support.c.o
[7.580s] [ 67%] Building C object CMakeFiles/tier4_system_msgs__rosidl_typesupport_introspection_c.dir/rosidl_typesupport_introspection_c/tier4_system_msgs/msg/detail/mode_change_available__type_support.c.o
[7.591s] [ 68%] Building C object CMakeFiles/tier4_system_msgs__rosidl_typesupport_introspection_c.dir/rosidl_typesupport_introspection_c/tier4_system_msgs/msg/detail/mrm_behavior_status__type_support.c.o
[7.596s] [ 69%] Building CXX object CMakeFiles/tier4_system_msgs__rosidl_typesupport_fastrtps_c.dir/rosidl_typesupport_fastrtps_c/tier4_system_msgs/msg/detail/autoware_state__type_support_c.cpp.o
[7.606s] [ 70%] Building C object CMakeFiles/tier4_system_msgs__rosidl_typesupport_introspection_c.dir/rosidl_typesupport_introspection_c/tier4_system_msgs/srv/detail/operate_mrm__type_support.c.o
[7.611s] [ 71%] Building CXX object CMakeFiles/tier4_system_msgs__rosidl_typesupport_fastrtps_c.dir/rosidl_typesupport_fastrtps_c/tier4_system_msgs/msg/detail/emergency_state__type_support_c.cpp.o
[7.612s] [ 72%] Building CXX object CMakeFiles/tier4_system_msgs__rosidl_typesupport_fastrtps_c.dir/rosidl_typesupport_fastrtps_c/tier4_system_msgs/msg/detail/emergency_state_stamped__type_support_c.cpp.o
[7.616s] [ 73%] Building CXX object CMakeFiles/tier4_system_msgs__rosidl_typesupport_fastrtps_c.dir/rosidl_typesupport_fastrtps_c/tier4_system_msgs/msg/detail/hazard_status__type_support_c.cpp.o
[7.619s] [ 73%] Built target tier4_system_msgs__rosidl_typesupport_introspection_cpp
[7.622s] [ 73%] Building CXX object CMakeFiles/tier4_system_msgs__rosidl_typesupport_fastrtps_c.dir/rosidl_typesupport_fastrtps_c/tier4_system_msgs/msg/detail/hazard_status_stamped__type_support_c.cpp.o
[7.629s] [ 74%] Building CXX object CMakeFiles/tier4_system_msgs__rosidl_typesupport_fastrtps_c.dir/rosidl_typesupport_fastrtps_c/tier4_system_msgs/msg/detail/service_log__type_support_c.cpp.o
[7.648s] [ 75%] Building C object CMakeFiles/tier4_system_msgs__rosidl_typesupport_introspection_c.dir/rosidl_typesupport_introspection_c/tier4_system_msgs/srv/detail/change_operation_mode__type_support.c.o
[7.679s] [ 76%] Building C object CMakeFiles/tier4_system_msgs__rosidl_typesupport_introspection_c.dir/rosidl_typesupport_introspection_c/tier4_system_msgs/srv/detail/change_autoware_control__type_support.c.o
[7.733s] [ 77%] Building CXX object CMakeFiles/tier4_system_msgs__rosidl_typesupport_fastrtps_c.dir/rosidl_typesupport_fastrtps_c/tier4_system_msgs/msg/detail/mrm_behavior_status__type_support_c.cpp.o
[7.739s] [ 78%] Building CXX object CMakeFiles/tier4_system_msgs__rosidl_typesupport_fastrtps_c.dir/rosidl_typesupport_fastrtps_c/tier4_system_msgs/msg/detail/mode_change_available__type_support_c.cpp.o
[7.788s] [ 79%] Building CXX object CMakeFiles/tier4_system_msgs__rosidl_typesupport_fastrtps_c.dir/rosidl_typesupport_fastrtps_c/tier4_system_msgs/srv/detail/operate_mrm__type_support_c.cpp.o
[7.793s] [ 80%] Building CXX object CMakeFiles/tier4_system_msgs__rosidl_typesupport_fastrtps_c.dir/rosidl_typesupport_fastrtps_c/tier4_system_msgs/srv/detail/change_operation_mode__type_support_c.cpp.o
[7.827s] [ 81%] Building CXX object CMakeFiles/tier4_system_msgs__rosidl_typesupport_fastrtps_c.dir/rosidl_typesupport_fastrtps_c/tier4_system_msgs/srv/detail/change_autoware_control__type_support_c.cpp.o
[7.830s] [ 82%] Linking C shared library libtier4_system_msgs__rosidl_typesupport_introspection_c.so
[7.927s] [ 82%] Built target tier4_system_msgs__rosidl_typesupport_introspection_c
[8.498s] [ 83%] Linking CXX shared library libtier4_system_msgs__rosidl_typesupport_fastrtps_c.so
[8.701s] [ 83%] Built target tier4_system_msgs__rosidl_typesupport_fastrtps_c
[8.817s] [ 83%] Built target tier4_system_msgs
[8.924s] [ 84%] Generating Python code for ROS interfaces
[12.473s] [ 84%] Built target tier4_system_msgs__py
[12.579s] [ 85%] Building C object CMakeFiles/tier4_system_msgs__rosidl_generator_py.dir/rosidl_generator_py/tier4_system_msgs/msg/_autoware_state_s.c.o
[12.579s] [ 86%] Building C object CMakeFiles/tier4_system_msgs__rosidl_generator_py.dir/rosidl_generator_py/tier4_system_msgs/msg/_emergency_state_s.c.o
[12.579s] [ 87%] Building C object CMakeFiles/tier4_system_msgs__rosidl_generator_py.dir/rosidl_generator_py/tier4_system_msgs/msg/_emergency_state_stamped_s.c.o
[12.579s] [ 88%] Building C object CMakeFiles/tier4_system_msgs__rosidl_generator_py.dir/rosidl_generator_py/tier4_system_msgs/msg/_hazard_status_s.c.o
[12.579s] [ 89%] Building C object CMakeFiles/tier4_system_msgs__rosidl_generator_py.dir/rosidl_generator_py/tier4_system_msgs/msg/_hazard_status_stamped_s.c.o
[12.579s] [ 89%] Building C object CMakeFiles/tier4_system_msgs__rosidl_generator_py.dir/rosidl_generator_py/tier4_system_msgs/msg/_service_log_s.c.o
[12.579s] [ 90%] Building C object CMakeFiles/tier4_system_msgs__rosidl_generator_py.dir/rosidl_generator_py/tier4_system_msgs/msg/_mode_change_available_s.c.o
[12.579s] [ 91%] Building C object CMakeFiles/tier4_system_msgs__rosidl_generator_py.dir/rosidl_generator_py/tier4_system_msgs/srv/_operate_mrm_s.c.o
[12.579s] [ 92%] Building C object CMakeFiles/tier4_system_msgs__rosidl_generator_py.dir/rosidl_generator_py/tier4_system_msgs/msg/_mrm_behavior_status_s.c.o
[12.618s] [ 93%] Building C object CMakeFiles/tier4_system_msgs__rosidl_generator_py.dir/rosidl_generator_py/tier4_system_msgs/srv/_change_operation_mode_s.c.o
[12.618s] [ 94%] Building C object CMakeFiles/tier4_system_msgs__rosidl_generator_py.dir/rosidl_generator_py/tier4_system_msgs/srv/_change_autoware_control_s.c.o
[12.956s] [ 95%] Linking C shared library rosidl_generator_py/tier4_system_msgs/libtier4_system_msgs__rosidl_generator_py.so
[13.010s] [ 95%] Built target tier4_system_msgs__rosidl_generator_py
[13.031s] [ 96%] Building C object CMakeFiles/tier4_system_msgs__rosidl_typesupport_fastrtps_c__pyext.dir/rosidl_generator_py/tier4_system_msgs/_tier4_system_msgs_s.ep.rosidl_typesupport_fastrtps_c.c.o
[13.036s] [ 96%] Building C object CMakeFiles/tier4_system_msgs__rosidl_typesupport_c__pyext.dir/rosidl_generator_py/tier4_system_msgs/_tier4_system_msgs_s.ep.rosidl_typesupport_c.c.o
[13.038s] [ 97%] Building C object CMakeFiles/tier4_system_msgs__rosidl_typesupport_introspection_c__pyext.dir/rosidl_generator_py/tier4_system_msgs/_tier4_system_msgs_s.ep.rosidl_typesupport_introspection_c.c.o
[13.464s] [ 98%] Linking C shared library rosidl_generator_py/tier4_system_msgs/tier4_system_msgs_s__rosidl_typesupport_c.cpython-310-x86_64-linux-gnu.so
[13.471s] [ 99%] Linking C shared library rosidl_generator_py/tier4_system_msgs/tier4_system_msgs_s__rosidl_typesupport_introspection_c.cpython-310-x86_64-linux-gnu.so
[13.475s] [100%] Linking C shared library rosidl_generator_py/tier4_system_msgs/tier4_system_msgs_s__rosidl_typesupport_fastrtps_c.cpython-310-x86_64-linux-gnu.so
[13.591s] [100%] Built target tier4_system_msgs__rosidl_typesupport_fastrtps_c__pyext
[13.673s] [100%] Built target tier4_system_msgs__rosidl_typesupport_c__pyext
[13.673s] [100%] Built target tier4_system_msgs__rosidl_typesupport_introspection_c__pyext
[13.674s] Invoked command in '/autoware/build/tier4_system_msgs' returned '0': AMENT_PREFIX_PATH=/autoware/install/autoware_common_msgs:${AMENT_PREFIX_PATH} CMAKE_PREFIX_PATH=/autoware/install/autoware_common_msgs:/opt/ros/humble LD_LIBRARY_PATH=/autoware/install/autoware_common_msgs/lib:${LD_LIBRARY_PATH} PYTHONPATH=/autoware/install/autoware_common_msgs/local/lib/python3.10/dist-packages:${PYTHONPATH} /usr/bin/cmake --build /autoware/build/tier4_system_msgs -- -j64 -l64
[14.826s] Invoking command in '/autoware/build/tier4_system_msgs': AMENT_PREFIX_PATH=/autoware/install/autoware_common_msgs:${AMENT_PREFIX_PATH} CMAKE_PREFIX_PATH=/autoware/install/autoware_common_msgs:/opt/ros/humble LD_LIBRARY_PATH=/autoware/install/autoware_common_msgs/lib:${LD_LIBRARY_PATH} PYTHONPATH=/autoware/install/autoware_common_msgs/local/lib/python3.10/dist-packages:${PYTHONPATH} /usr/bin/cmake --install /autoware/build/tier4_system_msgs
[14.828s] -- Install configuration: "Release"
[14.829s] -- Execute custom install script
[14.829s] -- Symlinking: /autoware/install/tier4_system_msgs/share/ament_index/resource_index/rosidl_interfaces/tier4_system_msgs
[14.838s] -- Symlinking: /autoware/install/tier4_system_msgs/include/tier4_system_msgs/tier4_system_msgs/msg/autoware_state.h
[14.846s] -- Symlinking: /autoware/install/tier4_system_msgs/include/tier4_system_msgs/tier4_system_msgs/msg/detail/autoware_state__functions.h
[14.859s] -- Symlinking: /autoware/install/tier4_system_msgs/include/tier4_system_msgs/tier4_system_msgs/msg/detail/autoware_state__struct.h
[14.868s] -- Symlinking: /autoware/install/tier4_system_msgs/include/tier4_system_msgs/tier4_system_msgs/msg/detail/autoware_state__type_support.h
[14.879s] -- Symlinking: /autoware/install/tier4_system_msgs/include/tier4_system_msgs/tier4_system_msgs/msg/detail/emergency_state__functions.h
[14.890s] -- Symlinking: /autoware/install/tier4_system_msgs/include/tier4_system_msgs/tier4_system_msgs/msg/detail/emergency_state__struct.h
[14.900s] -- Symlinking: /autoware/install/tier4_system_msgs/include/tier4_system_msgs/tier4_system_msgs/msg/detail/emergency_state__type_support.h
[14.909s] -- Symlinking: /autoware/install/tier4_system_msgs/include/tier4_system_msgs/tier4_system_msgs/msg/detail/emergency_state_stamped__functions.h
[14.918s] -- Symlinking: /autoware/install/tier4_system_msgs/include/tier4_system_msgs/tier4_system_msgs/msg/detail/emergency_state_stamped__struct.h
[14.926s] -- Symlinking: /autoware/install/tier4_system_msgs/include/tier4_system_msgs/tier4_system_msgs/msg/detail/emergency_state_stamped__type_support.h
[14.932s] -- Symlinking: /autoware/install/tier4_system_msgs/include/tier4_system_msgs/tier4_system_msgs/msg/detail/hazard_status__functions.h
[14.939s] -- Symlinking: /autoware/install/tier4_system_msgs/include/tier4_system_msgs/tier4_system_msgs/msg/detail/hazard_status__struct.h
[14.945s] -- Symlinking: /autoware/install/tier4_system_msgs/include/tier4_system_msgs/tier4_system_msgs/msg/detail/hazard_status__type_support.h
[14.952s] -- Symlinking: /autoware/install/tier4_system_msgs/include/tier4_system_msgs/tier4_system_msgs/msg/detail/hazard_status_stamped__functions.h
[14.958s] -- Symlinking: /autoware/install/tier4_system_msgs/include/tier4_system_msgs/tier4_system_msgs/msg/detail/hazard_status_stamped__struct.h
[14.964s] -- Symlinking: /autoware/install/tier4_system_msgs/include/tier4_system_msgs/tier4_system_msgs/msg/detail/hazard_status_stamped__type_support.h
[14.972s] -- Symlinking: /autoware/install/tier4_system_msgs/include/tier4_system_msgs/tier4_system_msgs/msg/detail/mode_change_available__functions.h
[14.980s] -- Symlinking: /autoware/install/tier4_system_msgs/include/tier4_system_msgs/tier4_system_msgs/msg/detail/mode_change_available__struct.h
[14.988s] -- Symlinking: /autoware/install/tier4_system_msgs/include/tier4_system_msgs/tier4_system_msgs/msg/detail/mode_change_available__type_support.h
[14.995s] -- Symlinking: /autoware/install/tier4_system_msgs/include/tier4_system_msgs/tier4_system_msgs/msg/detail/mrm_behavior_status__functions.h
[15.001s] -- Symlinking: /autoware/install/tier4_system_msgs/include/tier4_system_msgs/tier4_system_msgs/msg/detail/mrm_behavior_status__struct.h
[15.008s] -- Symlinking: /autoware/install/tier4_system_msgs/include/tier4_system_msgs/tier4_system_msgs/msg/detail/mrm_behavior_status__type_support.h
[15.014s] -- Symlinking: /autoware/install/tier4_system_msgs/include/tier4_system_msgs/tier4_system_msgs/msg/detail/service_log__functions.h
[15.020s] -- Symlinking: /autoware/install/tier4_system_msgs/include/tier4_system_msgs/tier4_system_msgs/msg/detail/service_log__struct.h
[15.027s] -- Symlinking: /autoware/install/tier4_system_msgs/include/tier4_system_msgs/tier4_system_msgs/msg/detail/service_log__type_support.h
[15.033s] -- Symlinking: /autoware/install/tier4_system_msgs/include/tier4_system_msgs/tier4_system_msgs/msg/emergency_state.h
[15.039s] -- Symlinking: /autoware/install/tier4_system_msgs/include/tier4_system_msgs/tier4_system_msgs/msg/emergency_state_stamped.h
[15.048s] -- Symlinking: /autoware/install/tier4_system_msgs/include/tier4_system_msgs/tier4_system_msgs/msg/hazard_status.h
[15.063s] -- Symlinking: /autoware/install/tier4_system_msgs/include/tier4_system_msgs/tier4_system_msgs/msg/hazard_status_stamped.h
[15.072s] -- Symlinking: /autoware/install/tier4_system_msgs/include/tier4_system_msgs/tier4_system_msgs/msg/mode_change_available.h
[15.079s] -- Symlinking: /autoware/install/tier4_system_msgs/include/tier4_system_msgs/tier4_system_msgs/msg/mrm_behavior_status.h
[15.088s] -- Symlinking: /autoware/install/tier4_system_msgs/include/tier4_system_msgs/tier4_system_msgs/msg/rosidl_generator_c__visibility_control.h
[15.099s] -- Symlinking: /autoware/install/tier4_system_msgs/include/tier4_system_msgs/tier4_system_msgs/msg/service_log.h
[15.110s] -- Symlinking: /autoware/install/tier4_system_msgs/include/tier4_system_msgs/tier4_system_msgs/srv/change_autoware_control.h
[15.122s] -- Symlinking: /autoware/install/tier4_system_msgs/include/tier4_system_msgs/tier4_system_msgs/srv/change_operation_mode.h
[15.133s] -- Symlinking: /autoware/install/tier4_system_msgs/include/tier4_system_msgs/tier4_system_msgs/srv/detail/change_autoware_control__functions.h
[15.145s] -- Symlinking: /autoware/install/tier4_system_msgs/include/tier4_system_msgs/tier4_system_msgs/srv/detail/change_autoware_control__struct.h
[15.156s] -- Symlinking: /autoware/install/tier4_system_msgs/include/tier4_system_msgs/tier4_system_msgs/srv/detail/change_autoware_control__type_support.h
[15.164s] -- Symlinking: /autoware/install/tier4_system_msgs/include/tier4_system_msgs/tier4_system_msgs/srv/detail/change_operation_mode__functions.h
[15.171s] -- Symlinking: /autoware/install/tier4_system_msgs/include/tier4_system_msgs/tier4_system_msgs/srv/detail/change_operation_mode__struct.h
[15.182s] -- Symlinking: /autoware/install/tier4_system_msgs/include/tier4_system_msgs/tier4_system_msgs/srv/detail/change_operation_mode__type_support.h
[15.190s] -- Symlinking: /autoware/install/tier4_system_msgs/include/tier4_system_msgs/tier4_system_msgs/srv/detail/operate_mrm__functions.h
[15.198s] -- Symlinking: /autoware/install/tier4_system_msgs/include/tier4_system_msgs/tier4_system_msgs/srv/detail/operate_mrm__struct.h
[15.207s] -- Symlinking: /autoware/install/tier4_system_msgs/include/tier4_system_msgs/tier4_system_msgs/srv/detail/operate_mrm__type_support.h
[15.217s] -- Symlinking: /autoware/install/tier4_system_msgs/include/tier4_system_msgs/tier4_system_msgs/srv/operate_mrm.h
[15.225s] -- Symlinking: /autoware/install/tier4_system_msgs/share/tier4_system_msgs/environment/library_path.sh
[15.233s] -- Symlinking: /autoware/install/tier4_system_msgs/share/tier4_system_msgs/environment/library_path.dsv
[15.241s] -- Symlinking: /autoware/install/tier4_system_msgs/include/tier4_system_msgs/tier4_system_msgs/msg/detail/autoware_state__rosidl_typesupport_fastrtps_c.h
[15.250s] -- Symlinking: /autoware/install/tier4_system_msgs/include/tier4_system_msgs/tier4_system_msgs/msg/detail/emergency_state__rosidl_typesupport_fastrtps_c.h
[15.257s] -- Symlinking: /autoware/install/tier4_system_msgs/include/tier4_system_msgs/tier4_system_msgs/msg/detail/emergency_state_stamped__rosidl_typesupport_fastrtps_c.h
[15.264s] -- Symlinking: /autoware/install/tier4_system_msgs/include/tier4_system_msgs/tier4_system_msgs/msg/detail/hazard_status__rosidl_typesupport_fastrtps_c.h
[15.271s] -- Symlinking: /autoware/install/tier4_system_msgs/include/tier4_system_msgs/tier4_system_msgs/msg/detail/hazard_status_stamped__rosidl_typesupport_fastrtps_c.h
[15.278s] -- Symlinking: /autoware/install/tier4_system_msgs/include/tier4_system_msgs/tier4_system_msgs/msg/detail/mode_change_available__rosidl_typesupport_fastrtps_c.h
[15.286s] -- Symlinking: /autoware/install/tier4_system_msgs/include/tier4_system_msgs/tier4_system_msgs/msg/detail/mrm_behavior_status__rosidl_typesupport_fastrtps_c.h
[15.293s] -- Symlinking: /autoware/install/tier4_system_msgs/include/tier4_system_msgs/tier4_system_msgs/msg/detail/service_log__rosidl_typesupport_fastrtps_c.h
[15.299s] -- Symlinking: /autoware/install/tier4_system_msgs/include/tier4_system_msgs/tier4_system_msgs/msg/rosidl_typesupport_fastrtps_c__visibility_control.h
[15.306s] -- Symlinking: /autoware/install/tier4_system_msgs/include/tier4_system_msgs/tier4_system_msgs/srv/detail/change_autoware_control__rosidl_typesupport_fastrtps_c.h
[15.313s] -- Symlinking: /autoware/install/tier4_system_msgs/include/tier4_system_msgs/tier4_system_msgs/srv/detail/change_operation_mode__rosidl_typesupport_fastrtps_c.h
[15.319s] -- Symlinking: /autoware/install/tier4_system_msgs/include/tier4_system_msgs/tier4_system_msgs/srv/detail/operate_mrm__rosidl_typesupport_fastrtps_c.h
[15.327s] -- Symlinking: /autoware/install/tier4_system_msgs/include/tier4_system_msgs/tier4_system_msgs/msg/detail/autoware_state__rosidl_typesupport_introspection_c.h
[15.333s] -- Symlinking: /autoware/install/tier4_system_msgs/include/tier4_system_msgs/tier4_system_msgs/msg/detail/emergency_state__rosidl_typesupport_introspection_c.h
[15.343s] -- Symlinking: /autoware/install/tier4_system_msgs/include/tier4_system_msgs/tier4_system_msgs/msg/detail/emergency_state_stamped__rosidl_typesupport_introspection_c.h
[15.350s] -- Symlinking: /autoware/install/tier4_system_msgs/include/tier4_system_msgs/tier4_system_msgs/msg/detail/hazard_status__rosidl_typesupport_introspection_c.h
[15.356s] -- Symlinking: /autoware/install/tier4_system_msgs/include/tier4_system_msgs/tier4_system_msgs/msg/detail/hazard_status_stamped__rosidl_typesupport_introspection_c.h
[15.366s] -- Symlinking: /autoware/install/tier4_system_msgs/include/tier4_system_msgs/tier4_system_msgs/msg/detail/mode_change_available__rosidl_typesupport_introspection_c.h
[15.375s] -- Symlinking: /autoware/install/tier4_system_msgs/include/tier4_system_msgs/tier4_system_msgs/msg/detail/mrm_behavior_status__rosidl_typesupport_introspection_c.h
[15.385s] -- Symlinking: /autoware/install/tier4_system_msgs/include/tier4_system_msgs/tier4_system_msgs/msg/detail/service_log__rosidl_typesupport_introspection_c.h
[15.394s] -- Symlinking: /autoware/install/tier4_system_msgs/include/tier4_system_msgs/tier4_system_msgs/msg/rosidl_typesupport_introspection_c__visibility_control.h
[15.402s] -- Symlinking: /autoware/install/tier4_system_msgs/include/tier4_system_msgs/tier4_system_msgs/srv/detail/change_autoware_control__rosidl_typesupport_introspection_c.h
[15.410s] -- Symlinking: /autoware/install/tier4_system_msgs/include/tier4_system_msgs/tier4_system_msgs/srv/detail/change_operation_mode__rosidl_typesupport_introspection_c.h
[15.419s] -- Symlinking: /autoware/install/tier4_system_msgs/include/tier4_system_msgs/tier4_system_msgs/srv/detail/operate_mrm__rosidl_typesupport_introspection_c.h
[15.426s] -- Symlinking: /autoware/install/tier4_system_msgs/include/tier4_system_msgs/tier4_system_msgs/msg/autoware_state.hpp
[15.433s] -- Symlinking: /autoware/install/tier4_system_msgs/include/tier4_system_msgs/tier4_system_msgs/msg/detail/autoware_state__builder.hpp
[15.439s] -- Symlinking: /autoware/install/tier4_system_msgs/include/tier4_system_msgs/tier4_system_msgs/msg/detail/autoware_state__struct.hpp
[15.446s] -- Symlinking: /autoware/install/tier4_system_msgs/include/tier4_system_msgs/tier4_system_msgs/msg/detail/autoware_state__traits.hpp
[15.453s] -- Symlinking: /autoware/install/tier4_system_msgs/include/tier4_system_msgs/tier4_system_msgs/msg/detail/emergency_state__builder.hpp
[15.464s] -- Symlinking: /autoware/install/tier4_system_msgs/include/tier4_system_msgs/tier4_system_msgs/msg/detail/emergency_state__struct.hpp
[15.476s] -- Symlinking: /autoware/install/tier4_system_msgs/include/tier4_system_msgs/tier4_system_msgs/msg/detail/emergency_state__traits.hpp
[15.484s] -- Symlinking: /autoware/install/tier4_system_msgs/include/tier4_system_msgs/tier4_system_msgs/msg/detail/emergency_state_stamped__builder.hpp
[15.490s] -- Symlinking: /autoware/install/tier4_system_msgs/include/tier4_system_msgs/tier4_system_msgs/msg/detail/emergency_state_stamped__struct.hpp
[15.502s] -- Symlinking: /autoware/install/tier4_system_msgs/include/tier4_system_msgs/tier4_system_msgs/msg/detail/emergency_state_stamped__traits.hpp
[15.511s] -- Symlinking: /autoware/install/tier4_system_msgs/include/tier4_system_msgs/tier4_system_msgs/msg/detail/hazard_status__builder.hpp
[15.517s] -- Symlinking: /autoware/install/tier4_system_msgs/include/tier4_system_msgs/tier4_system_msgs/msg/detail/hazard_status__struct.hpp
[15.524s] -- Symlinking: /autoware/install/tier4_system_msgs/include/tier4_system_msgs/tier4_system_msgs/msg/detail/hazard_status__traits.hpp
[15.529s] -- Symlinking: /autoware/install/tier4_system_msgs/include/tier4_system_msgs/tier4_system_msgs/msg/detail/hazard_status_stamped__builder.hpp
[15.537s] -- Symlinking: /autoware/install/tier4_system_msgs/include/tier4_system_msgs/tier4_system_msgs/msg/detail/hazard_status_stamped__struct.hpp
[15.544s] -- Symlinking: /autoware/install/tier4_system_msgs/include/tier4_system_msgs/tier4_system_msgs/msg/detail/hazard_status_stamped__traits.hpp
[15.550s] -- Symlinking: /autoware/install/tier4_system_msgs/include/tier4_system_msgs/tier4_system_msgs/msg/detail/mode_change_available__builder.hpp
[15.558s] -- Symlinking: /autoware/install/tier4_system_msgs/include/tier4_system_msgs/tier4_system_msgs/msg/detail/mode_change_available__struct.hpp
[15.564s] -- Symlinking: /autoware/install/tier4_system_msgs/include/tier4_system_msgs/tier4_system_msgs/msg/detail/mode_change_available__traits.hpp
[15.571s] -- Symlinking: /autoware/install/tier4_system_msgs/include/tier4_system_msgs/tier4_system_msgs/msg/detail/mrm_behavior_status__builder.hpp
[15.578s] -- Symlinking: /autoware/install/tier4_system_msgs/include/tier4_system_msgs/tier4_system_msgs/msg/detail/mrm_behavior_status__struct.hpp
[15.585s] -- Symlinking: /autoware/install/tier4_system_msgs/include/tier4_system_msgs/tier4_system_msgs/msg/detail/mrm_behavior_status__traits.hpp
[15.591s] -- Symlinking: /autoware/install/tier4_system_msgs/include/tier4_system_msgs/tier4_system_msgs/msg/detail/service_log__builder.hpp
[15.598s] -- Symlinking: /autoware/install/tier4_system_msgs/include/tier4_system_msgs/tier4_system_msgs/msg/detail/service_log__struct.hpp
[15.604s] -- Symlinking: /autoware/install/tier4_system_msgs/include/tier4_system_msgs/tier4_system_msgs/msg/detail/service_log__traits.hpp
[15.611s] -- Symlinking: /autoware/install/tier4_system_msgs/include/tier4_system_msgs/tier4_system_msgs/msg/emergency_state.hpp
[15.617s] -- Symlinking: /autoware/install/tier4_system_msgs/include/tier4_system_msgs/tier4_system_msgs/msg/emergency_state_stamped.hpp
[15.623s] -- Symlinking: /autoware/install/tier4_system_msgs/include/tier4_system_msgs/tier4_system_msgs/msg/hazard_status.hpp
[15.629s] -- Symlinking: /autoware/install/tier4_system_msgs/include/tier4_system_msgs/tier4_system_msgs/msg/hazard_status_stamped.hpp
[15.635s] -- Symlinking: /autoware/install/tier4_system_msgs/include/tier4_system_msgs/tier4_system_msgs/msg/mode_change_available.hpp
[15.641s] -- Symlinking: /autoware/install/tier4_system_msgs/include/tier4_system_msgs/tier4_system_msgs/msg/mrm_behavior_status.hpp
[15.647s] -- Symlinking: /autoware/install/tier4_system_msgs/include/tier4_system_msgs/tier4_system_msgs/msg/service_log.hpp
[15.652s] -- Symlinking: /autoware/install/tier4_system_msgs/include/tier4_system_msgs/tier4_system_msgs/srv/change_autoware_control.hpp
[15.658s] -- Symlinking: /autoware/install/tier4_system_msgs/include/tier4_system_msgs/tier4_system_msgs/srv/change_operation_mode.hpp
[15.663s] -- Symlinking: /autoware/install/tier4_system_msgs/include/tier4_system_msgs/tier4_system_msgs/srv/detail/change_autoware_control__builder.hpp
[15.669s] -- Symlinking: /autoware/install/tier4_system_msgs/include/tier4_system_msgs/tier4_system_msgs/srv/detail/change_autoware_control__struct.hpp
[15.675s] -- Symlinking: /autoware/install/tier4_system_msgs/include/tier4_system_msgs/tier4_system_msgs/srv/detail/change_autoware_control__traits.hpp
[15.681s] -- Symlinking: /autoware/install/tier4_system_msgs/include/tier4_system_msgs/tier4_system_msgs/srv/detail/change_operation_mode__builder.hpp
[15.687s] -- Symlinking: /autoware/install/tier4_system_msgs/include/tier4_system_msgs/tier4_system_msgs/srv/detail/change_operation_mode__struct.hpp
[15.692s] -- Symlinking: /autoware/install/tier4_system_msgs/include/tier4_system_msgs/tier4_system_msgs/srv/detail/change_operation_mode__traits.hpp
[15.698s] -- Symlinking: /autoware/install/tier4_system_msgs/include/tier4_system_msgs/tier4_system_msgs/srv/detail/operate_mrm__builder.hpp
[15.704s] -- Symlinking: /autoware/install/tier4_system_msgs/include/tier4_system_msgs/tier4_system_msgs/srv/detail/operate_mrm__struct.hpp
[15.709s] -- Symlinking: /autoware/install/tier4_system_msgs/include/tier4_system_msgs/tier4_system_msgs/srv/detail/operate_mrm__traits.hpp
[15.745s] -- Symlinking: /autoware/install/tier4_system_msgs/include/tier4_system_msgs/tier4_system_msgs/srv/operate_mrm.hpp
[15.745s] -- Symlinking: /autoware/install/tier4_system_msgs/include/tier4_system_msgs/tier4_system_msgs/msg/detail/autoware_state__rosidl_typesupport_fastrtps_cpp.hpp
[15.745s] -- Symlinking: /autoware/install/tier4_system_msgs/include/tier4_system_msgs/tier4_system_msgs/msg/detail/emergency_state__rosidl_typesupport_fastrtps_cpp.hpp
[15.745s] -- Symlinking: /autoware/install/tier4_system_msgs/include/tier4_system_msgs/tier4_system_msgs/msg/detail/emergency_state_stamped__rosidl_typesupport_fastrtps_cpp.hpp
[15.745s] -- Symlinking: /autoware/install/tier4_system_msgs/include/tier4_system_msgs/tier4_system_msgs/msg/detail/hazard_status__rosidl_typesupport_fastrtps_cpp.hpp
[15.746s] -- Symlinking: /autoware/install/tier4_system_msgs/include/tier4_system_msgs/tier4_system_msgs/msg/detail/hazard_status_stamped__rosidl_typesupport_fastrtps_cpp.hpp
[15.751s] -- Symlinking: /autoware/install/tier4_system_msgs/include/tier4_system_msgs/tier4_system_msgs/msg/detail/mode_change_available__rosidl_typesupport_fastrtps_cpp.hpp
[15.772s] -- Symlinking: /autoware/install/tier4_system_msgs/include/tier4_system_msgs/tier4_system_msgs/msg/detail/mrm_behavior_status__rosidl_typesupport_fastrtps_cpp.hpp
[15.787s] -- Symlinking: /autoware/install/tier4_system_msgs/include/tier4_system_msgs/tier4_system_msgs/msg/detail/service_log__rosidl_typesupport_fastrtps_cpp.hpp
[15.801s] -- Symlinking: /autoware/install/tier4_system_msgs/include/tier4_system_msgs/tier4_system_msgs/msg/rosidl_typesupport_fastrtps_cpp__visibility_control.h
[15.810s] -- Symlinking: /autoware/install/tier4_system_msgs/include/tier4_system_msgs/tier4_system_msgs/srv/detail/change_autoware_control__rosidl_typesupport_fastrtps_cpp.hpp
[15.823s] -- Symlinking: /autoware/install/tier4_system_msgs/include/tier4_system_msgs/tier4_system_msgs/srv/detail/change_operation_mode__rosidl_typesupport_fastrtps_cpp.hpp
[15.836s] -- Symlinking: /autoware/install/tier4_system_msgs/include/tier4_system_msgs/tier4_system_msgs/srv/detail/operate_mrm__rosidl_typesupport_fastrtps_cpp.hpp
[15.848s] -- Symlinking: /autoware/install/tier4_system_msgs/include/tier4_system_msgs/tier4_system_msgs/msg/detail/autoware_state__rosidl_typesupport_introspection_cpp.hpp
[15.856s] -- Symlinking: /autoware/install/tier4_system_msgs/include/tier4_system_msgs/tier4_system_msgs/msg/detail/emergency_state__rosidl_typesupport_introspection_cpp.hpp
[15.899s] -- Symlinking: /autoware/install/tier4_system_msgs/include/tier4_system_msgs/tier4_system_msgs/msg/detail/emergency_state_stamped__rosidl_typesupport_introspection_cpp.hpp
[15.900s] -- Symlinking: /autoware/install/tier4_system_msgs/include/tier4_system_msgs/tier4_system_msgs/msg/detail/hazard_status__rosidl_typesupport_introspection_cpp.hpp
[15.900s] -- Symlinking: /autoware/install/tier4_system_msgs/include/tier4_system_msgs/tier4_system_msgs/msg/detail/hazard_status_stamped__rosidl_typesupport_introspection_cpp.hpp
[15.900s] -- Symlinking: /autoware/install/tier4_system_msgs/include/tier4_system_msgs/tier4_system_msgs/msg/detail/mode_change_available__rosidl_typesupport_introspection_cpp.hpp
[15.900s] -- Symlinking: /autoware/install/tier4_system_msgs/include/tier4_system_msgs/tier4_system_msgs/msg/detail/mrm_behavior_status__rosidl_typesupport_introspection_cpp.hpp
[15.902s] -- Symlinking: /autoware/install/tier4_system_msgs/include/tier4_system_msgs/tier4_system_msgs/msg/detail/service_log__rosidl_typesupport_introspection_cpp.hpp
[15.902s] -- Symlinking: /autoware/install/tier4_system_msgs/include/tier4_system_msgs/tier4_system_msgs/srv/detail/change_autoware_control__rosidl_typesupport_introspection_cpp.hpp
[15.905s] -- Symlinking: /autoware/install/tier4_system_msgs/include/tier4_system_msgs/tier4_system_msgs/srv/detail/change_operation_mode__rosidl_typesupport_introspection_cpp.hpp
[15.911s] -- Symlinking: /autoware/install/tier4_system_msgs/include/tier4_system_msgs/tier4_system_msgs/srv/detail/operate_mrm__rosidl_typesupport_introspection_cpp.hpp
[15.917s] -- Symlinking: /autoware/install/tier4_system_msgs/share/tier4_system_msgs/environment/pythonpath.sh
[15.923s] -- Symlinking: /autoware/install/tier4_system_msgs/share/tier4_system_msgs/environment/pythonpath.dsv
[15.930s] -- Symlinking: /autoware/install/tier4_system_msgs/local/lib/python3.10/dist-packages/tier4_system_msgs-0.1.0-py3.10.egg-info/PKG-INFO
[15.936s] -- Symlinking: /autoware/install/tier4_system_msgs/local/lib/python3.10/dist-packages/tier4_system_msgs-0.1.0-py3.10.egg-info/SOURCES.txt
[15.942s] -- Symlinking: /autoware/install/tier4_system_msgs/local/lib/python3.10/dist-packages/tier4_system_msgs-0.1.0-py3.10.egg-info/dependency_links.txt
[15.948s] -- Symlinking: /autoware/install/tier4_system_msgs/local/lib/python3.10/dist-packages/tier4_system_msgs-0.1.0-py3.10.egg-info/top_level.txt
[15.955s] -- Symlinking: /autoware/install/tier4_system_msgs/local/lib/python3.10/dist-packages/tier4_system_msgs/__init__.py
[15.962s] -- Symlinking: /autoware/install/tier4_system_msgs/local/lib/python3.10/dist-packages/tier4_system_msgs/_tier4_system_msgs_s.ep.rosidl_typesupport_c.c
[15.968s] -- Symlinking: /autoware/install/tier4_system_msgs/local/lib/python3.10/dist-packages/tier4_system_msgs/_tier4_system_msgs_s.ep.rosidl_typesupport_fastrtps_c.c
[15.974s] -- Symlinking: /autoware/install/tier4_system_msgs/local/lib/python3.10/dist-packages/tier4_system_msgs/_tier4_system_msgs_s.ep.rosidl_typesupport_introspection_c.c
[15.981s] -- Symlinking: /autoware/install/tier4_system_msgs/local/lib/python3.10/dist-packages/tier4_system_msgs/libtier4_system_msgs__rosidl_generator_py.so
[15.987s] -- Symlinking: /autoware/install/tier4_system_msgs/local/lib/python3.10/dist-packages/tier4_system_msgs/msg/__init__.py
[15.993s] -- Symlinking: /autoware/install/tier4_system_msgs/local/lib/python3.10/dist-packages/tier4_system_msgs/msg/_autoware_state.py
[15.999s] -- Symlinking: /autoware/install/tier4_system_msgs/local/lib/python3.10/dist-packages/tier4_system_msgs/msg/_autoware_state_s.c
[16.006s] -- Symlinking: /autoware/install/tier4_system_msgs/local/lib/python3.10/dist-packages/tier4_system_msgs/msg/_emergency_state.py
[16.012s] -- Symlinking: /autoware/install/tier4_system_msgs/local/lib/python3.10/dist-packages/tier4_system_msgs/msg/_emergency_state_s.c
[16.018s] -- Symlinking: /autoware/install/tier4_system_msgs/local/lib/python3.10/dist-packages/tier4_system_msgs/msg/_emergency_state_stamped.py
[16.025s] -- Symlinking: /autoware/install/tier4_system_msgs/local/lib/python3.10/dist-packages/tier4_system_msgs/msg/_emergency_state_stamped_s.c
[16.031s] -- Symlinking: /autoware/install/tier4_system_msgs/local/lib/python3.10/dist-packages/tier4_system_msgs/msg/_hazard_status.py
[16.037s] -- Symlinking: /autoware/install/tier4_system_msgs/local/lib/python3.10/dist-packages/tier4_system_msgs/msg/_hazard_status_s.c
[16.043s] -- Symlinking: /autoware/install/tier4_system_msgs/local/lib/python3.10/dist-packages/tier4_system_msgs/msg/_hazard_status_stamped.py
[16.049s] -- Symlinking: /autoware/install/tier4_system_msgs/local/lib/python3.10/dist-packages/tier4_system_msgs/msg/_hazard_status_stamped_s.c
[16.055s] -- Symlinking: /autoware/install/tier4_system_msgs/local/lib/python3.10/dist-packages/tier4_system_msgs/msg/_mode_change_available.py
[16.062s] -- Symlinking: /autoware/install/tier4_system_msgs/local/lib/python3.10/dist-packages/tier4_system_msgs/msg/_mode_change_available_s.c
[16.069s] -- Symlinking: /autoware/install/tier4_system_msgs/local/lib/python3.10/dist-packages/tier4_system_msgs/msg/_mrm_behavior_status.py
[16.075s] -- Symlinking: /autoware/install/tier4_system_msgs/local/lib/python3.10/dist-packages/tier4_system_msgs/msg/_mrm_behavior_status_s.c
[16.085s] -- Symlinking: /autoware/install/tier4_system_msgs/local/lib/python3.10/dist-packages/tier4_system_msgs/msg/_service_log.py
[16.096s] -- Symlinking: /autoware/install/tier4_system_msgs/local/lib/python3.10/dist-packages/tier4_system_msgs/msg/_service_log_s.c
[16.105s] -- Symlinking: /autoware/install/tier4_system_msgs/local/lib/python3.10/dist-packages/tier4_system_msgs/srv/__init__.py
[16.115s] -- Symlinking: /autoware/install/tier4_system_msgs/local/lib/python3.10/dist-packages/tier4_system_msgs/srv/_change_autoware_control.py
[16.171s] -- Symlinking: /autoware/install/tier4_system_msgs/local/lib/python3.10/dist-packages/tier4_system_msgs/srv/_change_autoware_control_s.c
[16.171s] -- Symlinking: /autoware/install/tier4_system_msgs/local/lib/python3.10/dist-packages/tier4_system_msgs/srv/_change_operation_mode.py
[16.172s] -- Symlinking: /autoware/install/tier4_system_msgs/local/lib/python3.10/dist-packages/tier4_system_msgs/srv/_change_operation_mode_s.c
[16.172s] -- Symlinking: /autoware/install/tier4_system_msgs/local/lib/python3.10/dist-packages/tier4_system_msgs/srv/_operate_mrm.py
[16.176s] -- Symlinking: /autoware/install/tier4_system_msgs/local/lib/python3.10/dist-packages/tier4_system_msgs/srv/_operate_mrm_s.c
[16.184s] -- Symlinking: /autoware/install/tier4_system_msgs/local/lib/python3.10/dist-packages/tier4_system_msgs/tier4_system_msgs_s__rosidl_typesupport_c.cpython-310-x86_64-linux-gnu.so
[16.227s] -- Symlinking: /autoware/install/tier4_system_msgs/local/lib/python3.10/dist-packages/tier4_system_msgs/tier4_system_msgs_s__rosidl_typesupport_fastrtps_c.cpython-310-x86_64-linux-gnu.so
[16.227s] -- Symlinking: /autoware/install/tier4_system_msgs/local/lib/python3.10/dist-packages/tier4_system_msgs/tier4_system_msgs_s__rosidl_typesupport_introspection_c.cpython-310-x86_64-linux-gnu.so
[16.227s] -- Up-to-date symlink: /autoware/install/tier4_system_msgs/local/lib/python3.10/dist-packages/tier4_system_msgs/tier4_system_msgs_s__rosidl_typesupport_fastrtps_c.cpython-310-x86_64-linux-gnu.so
[16.227s] -- Up-to-date symlink: /autoware/install/tier4_system_msgs/local/lib/python3.10/dist-packages/tier4_system_msgs/tier4_system_msgs_s__rosidl_typesupport_introspection_c.cpython-310-x86_64-linux-gnu.so
[16.227s] -- Up-to-date symlink: /autoware/install/tier4_system_msgs/local/lib/python3.10/dist-packages/tier4_system_msgs/tier4_system_msgs_s__rosidl_typesupport_c.cpython-310-x86_64-linux-gnu.so
[16.227s] -- Symlinking: /autoware/install/tier4_system_msgs/share/tier4_system_msgs/msg/AutowareState.idl
[16.227s] -- Symlinking: /autoware/install/tier4_system_msgs/share/tier4_system_msgs/msg/EmergencyState.idl
[16.228s] -- Symlinking: /autoware/install/tier4_system_msgs/share/tier4_system_msgs/msg/EmergencyStateStamped.idl
[16.228s] -- Symlinking: /autoware/install/tier4_system_msgs/share/tier4_system_msgs/msg/HazardStatus.idl
[16.230s] -- Symlinking: /autoware/install/tier4_system_msgs/share/tier4_system_msgs/msg/HazardStatusStamped.idl
[16.235s] -- Symlinking: /autoware/install/tier4_system_msgs/share/tier4_system_msgs/msg/ServiceLog.idl
[16.241s] -- Symlinking: /autoware/install/tier4_system_msgs/share/tier4_system_msgs/msg/ModeChangeAvailable.idl
[16.247s] -- Symlinking: /autoware/install/tier4_system_msgs/share/tier4_system_msgs/msg/MrmBehaviorStatus.idl
[16.253s] -- Symlinking: /autoware/install/tier4_system_msgs/share/tier4_system_msgs/srv/OperateMrm.idl
[16.260s] -- Symlinking: /autoware/install/tier4_system_msgs/share/tier4_system_msgs/srv/ChangeOperationMode.idl
[16.266s] -- Symlinking: /autoware/install/tier4_system_msgs/share/tier4_system_msgs/srv/ChangeAutowareControl.idl
[16.272s] -- Symlinking: /autoware/install/tier4_system_msgs/share/tier4_system_msgs/msg/AutowareState.msg
[16.279s] -- Symlinking: /autoware/install/tier4_system_msgs/share/tier4_system_msgs/msg/EmergencyState.msg
[16.286s] -- Symlinking: /autoware/install/tier4_system_msgs/share/tier4_system_msgs/msg/EmergencyStateStamped.msg
[16.292s] -- Symlinking: /autoware/install/tier4_system_msgs/share/tier4_system_msgs/msg/HazardStatus.msg
[16.299s] -- Symlinking: /autoware/install/tier4_system_msgs/share/tier4_system_msgs/msg/HazardStatusStamped.msg
[16.306s] -- Symlinking: /autoware/install/tier4_system_msgs/share/tier4_system_msgs/msg/ServiceLog.msg
[16.313s] -- Symlinking: /autoware/install/tier4_system_msgs/share/tier4_system_msgs/msg/ModeChangeAvailable.msg
[16.319s] -- Symlinking: /autoware/install/tier4_system_msgs/share/tier4_system_msgs/msg/MrmBehaviorStatus.msg
[16.326s] -- Symlinking: /autoware/install/tier4_system_msgs/share/tier4_system_msgs/srv/OperateMrm.srv
[16.333s] -- Symlinking: /autoware/install/tier4_system_msgs/share/tier4_system_msgs/srv/OperateMrm_Request.msg
[16.339s] -- Symlinking: /autoware/install/tier4_system_msgs/share/tier4_system_msgs/srv/OperateMrm_Response.msg
[16.346s] -- Symlinking: /autoware/install/tier4_system_msgs/share/tier4_system_msgs/srv/ChangeOperationMode.srv
[16.352s] -- Symlinking: /autoware/install/tier4_system_msgs/share/tier4_system_msgs/srv/ChangeOperationMode_Request.msg
[16.360s] -- Symlinking: /autoware/install/tier4_system_msgs/share/tier4_system_msgs/srv/ChangeOperationMode_Response.msg
[16.366s] -- Symlinking: /autoware/install/tier4_system_msgs/share/tier4_system_msgs/srv/ChangeAutowareControl.srv
[16.373s] -- Symlinking: /autoware/install/tier4_system_msgs/share/tier4_system_msgs/srv/ChangeAutowareControl_Request.msg
[16.379s] -- Symlinking: /autoware/install/tier4_system_msgs/share/tier4_system_msgs/srv/ChangeAutowareControl_Response.msg
[16.386s] -- Symlinking: /autoware/install/tier4_system_msgs/share/ament_index/resource_index/package_run_dependencies/tier4_system_msgs
[16.393s] -- Symlinking: /autoware/install/tier4_system_msgs/share/ament_index/resource_index/parent_prefix_path/tier4_system_msgs
[16.399s] -- Symlinking: /autoware/install/tier4_system_msgs/share/tier4_system_msgs/environment/ament_prefix_path.sh
[16.406s] -- Symlinking: /autoware/install/tier4_system_msgs/share/tier4_system_msgs/environment/ament_prefix_path.dsv
[16.412s] -- Symlinking: /autoware/install/tier4_system_msgs/share/tier4_system_msgs/environment/path.sh
[16.420s] -- Symlinking: /autoware/install/tier4_system_msgs/share/tier4_system_msgs/environment/path.dsv
[16.427s] -- Symlinking: /autoware/install/tier4_system_msgs/share/tier4_system_msgs/local_setup.bash
[16.434s] -- Symlinking: /autoware/install/tier4_system_msgs/share/tier4_system_msgs/local_setup.sh
[16.441s] -- Symlinking: /autoware/install/tier4_system_msgs/share/tier4_system_msgs/local_setup.zsh
[16.448s] -- Symlinking: /autoware/install/tier4_system_msgs/share/tier4_system_msgs/local_setup.dsv
[16.455s] -- Symlinking: /autoware/install/tier4_system_msgs/share/tier4_system_msgs/package.dsv
[16.461s] -- Symlinking: /autoware/install/tier4_system_msgs/share/ament_index/resource_index/packages/tier4_system_msgs
[16.468s] -- Symlinking: /autoware/install/tier4_system_msgs/share/tier4_system_msgs/cmake/rosidl_cmake-extras.cmake
[16.474s] -- Symlinking: /autoware/install/tier4_system_msgs/share/tier4_system_msgs/cmake/ament_cmake_export_dependencies-extras.cmake
[16.480s] -- Symlinking: /autoware/install/tier4_system_msgs/share/tier4_system_msgs/cmake/ament_cmake_export_include_directories-extras.cmake
[16.487s] -- Symlinking: /autoware/install/tier4_system_msgs/share/tier4_system_msgs/cmake/ament_cmake_export_libraries-extras.cmake
[16.493s] -- Symlinking: /autoware/install/tier4_system_msgs/share/tier4_system_msgs/cmake/ament_cmake_export_targets-extras.cmake
[16.499s] -- Symlinking: /autoware/install/tier4_system_msgs/share/tier4_system_msgs/cmake/rosidl_cmake_export_typesupport_targets-extras.cmake
[16.505s] -- Symlinking: /autoware/install/tier4_system_msgs/share/tier4_system_msgs/cmake/rosidl_cmake_export_typesupport_libraries-extras.cmake
[16.512s] -- Symlinking: /autoware/install/tier4_system_msgs/share/tier4_system_msgs/cmake/tier4_system_msgsConfig.cmake
[16.518s] -- Symlinking: /autoware/install/tier4_system_msgs/share/tier4_system_msgs/cmake/tier4_system_msgsConfig-version.cmake
[16.524s] -- Symlinking: /autoware/install/tier4_system_msgs/share/tier4_system_msgs/package.xml
[16.531s] -- Installing: /autoware/install/tier4_system_msgs/lib/libtier4_system_msgs__rosidl_generator_c.so
[16.531s] -- Set runtime path of "/autoware/install/tier4_system_msgs/lib/libtier4_system_msgs__rosidl_generator_c.so" to ""
[16.532s] -- Installing: /autoware/install/tier4_system_msgs/lib/libtier4_system_msgs__rosidl_typesupport_fastrtps_c.so
[16.532s] -- Set runtime path of "/autoware/install/tier4_system_msgs/lib/libtier4_system_msgs__rosidl_typesupport_fastrtps_c.so" to ""
[16.532s] -- Installing: /autoware/install/tier4_system_msgs/lib/libtier4_system_msgs__rosidl_typesupport_introspection_c.so
[16.533s] -- Set runtime path of "/autoware/install/tier4_system_msgs/lib/libtier4_system_msgs__rosidl_typesupport_introspection_c.so" to ""
[16.533s] -- Installing: /autoware/install/tier4_system_msgs/lib/libtier4_system_msgs__rosidl_typesupport_c.so
[16.533s] -- Set runtime path of "/autoware/install/tier4_system_msgs/lib/libtier4_system_msgs__rosidl_typesupport_c.so" to ""
[16.534s] -- Installing: /autoware/install/tier4_system_msgs/lib/libtier4_system_msgs__rosidl_typesupport_fastrtps_cpp.so
[16.534s] -- Set runtime path of "/autoware/install/tier4_system_msgs/lib/libtier4_system_msgs__rosidl_typesupport_fastrtps_cpp.so" to ""
[16.534s] -- Installing: /autoware/install/tier4_system_msgs/lib/libtier4_system_msgs__rosidl_typesupport_introspection_cpp.so
[16.535s] -- Set runtime path of "/autoware/install/tier4_system_msgs/lib/libtier4_system_msgs__rosidl_typesupport_introspection_cpp.so" to ""
[16.535s] -- Installing: /autoware/install/tier4_system_msgs/lib/libtier4_system_msgs__rosidl_typesupport_cpp.so
[16.535s] -- Set runtime path of "/autoware/install/tier4_system_msgs/lib/libtier4_system_msgs__rosidl_typesupport_cpp.so" to ""
[16.580s] Listing '/autoware/install/tier4_system_msgs/local/lib/python3.10/dist-packages/tier4_system_msgs'...
[16.580s] Compiling '/autoware/install/tier4_system_msgs/local/lib/python3.10/dist-packages/tier4_system_msgs/__init__.py'...
[16.580s] Listing '/autoware/install/tier4_system_msgs/local/lib/python3.10/dist-packages/tier4_system_msgs/msg'...
[16.580s] Compiling '/autoware/install/tier4_system_msgs/local/lib/python3.10/dist-packages/tier4_system_msgs/msg/__init__.py'...
[16.580s] Compiling '/autoware/install/tier4_system_msgs/local/lib/python3.10/dist-packages/tier4_system_msgs/msg/_autoware_state.py'...
[16.580s] Compiling '/autoware/install/tier4_system_msgs/local/lib/python3.10/dist-packages/tier4_system_msgs/msg/_emergency_state.py'...
[16.581s] Compiling '/autoware/install/tier4_system_msgs/local/lib/python3.10/dist-packages/tier4_system_msgs/msg/_emergency_state_stamped.py'...
[16.581s] Compiling '/autoware/install/tier4_system_msgs/local/lib/python3.10/dist-packages/tier4_system_msgs/msg/_hazard_status.py'...
[16.581s] Compiling '/autoware/install/tier4_system_msgs/local/lib/python3.10/dist-packages/tier4_system_msgs/msg/_hazard_status_stamped.py'...
[16.581s] Compiling '/autoware/install/tier4_system_msgs/local/lib/python3.10/dist-packages/tier4_system_msgs/msg/_mode_change_available.py'...
[16.581s] Compiling '/autoware/install/tier4_system_msgs/local/lib/python3.10/dist-packages/tier4_system_msgs/msg/_mrm_behavior_status.py'...
[16.581s] Compiling '/autoware/install/tier4_system_msgs/local/lib/python3.10/dist-packages/tier4_system_msgs/msg/_service_log.py'...
[16.581s] Listing '/autoware/install/tier4_system_msgs/local/lib/python3.10/dist-packages/tier4_system_msgs/srv'...
[16.581s] Compiling '/autoware/install/tier4_system_msgs/local/lib/python3.10/dist-packages/tier4_system_msgs/srv/__init__.py'...
[16.581s] Compiling '/autoware/install/tier4_system_msgs/local/lib/python3.10/dist-packages/tier4_system_msgs/srv/_change_autoware_control.py'...
[16.582s] Compiling '/autoware/install/tier4_system_msgs/local/lib/python3.10/dist-packages/tier4_system_msgs/srv/_change_operation_mode.py'...
[16.582s] Compiling '/autoware/install/tier4_system_msgs/local/lib/python3.10/dist-packages/tier4_system_msgs/srv/_operate_mrm.py'...
[16.585s] -- Installing: /autoware/install/tier4_system_msgs/lib/libtier4_system_msgs__rosidl_generator_py.so
[16.585s] -- Set runtime path of "/autoware/install/tier4_system_msgs/lib/libtier4_system_msgs__rosidl_generator_py.so" to ""
[16.585s] -- Installing: /autoware/install/tier4_system_msgs/share/tier4_system_msgs/cmake/export_tier4_system_msgs__rosidl_generator_cExport.cmake
[16.586s] -- Installing: /autoware/install/tier4_system_msgs/share/tier4_system_msgs/cmake/export_tier4_system_msgs__rosidl_generator_cExport-release.cmake
[16.586s] -- Installing: /autoware/install/tier4_system_msgs/share/tier4_system_msgs/cmake/export_tier4_system_msgs__rosidl_typesupport_fastrtps_cExport.cmake
[16.586s] -- Installing: /autoware/install/tier4_system_msgs/share/tier4_system_msgs/cmake/export_tier4_system_msgs__rosidl_typesupport_fastrtps_cExport-release.cmake
[16.586s] -- Installing: /autoware/install/tier4_system_msgs/share/tier4_system_msgs/cmake/tier4_system_msgs__rosidl_typesupport_introspection_cExport.cmake
[16.587s] -- Installing: /autoware/install/tier4_system_msgs/share/tier4_system_msgs/cmake/tier4_system_msgs__rosidl_typesupport_introspection_cExport-release.cmake
[16.587s] -- Installing: /autoware/install/tier4_system_msgs/share/tier4_system_msgs/cmake/tier4_system_msgs__rosidl_typesupport_cExport.cmake
[16.587s] -- Installing: /autoware/install/tier4_system_msgs/share/tier4_system_msgs/cmake/tier4_system_msgs__rosidl_typesupport_cExport-release.cmake
[16.587s] -- Installing: /autoware/install/tier4_system_msgs/share/tier4_system_msgs/cmake/export_tier4_system_msgs__rosidl_generator_cppExport.cmake
[16.588s] -- Installing: /autoware/install/tier4_system_msgs/share/tier4_system_msgs/cmake/export_tier4_system_msgs__rosidl_typesupport_fastrtps_cppExport.cmake
[16.588s] -- Installing: /autoware/install/tier4_system_msgs/share/tier4_system_msgs/cmake/export_tier4_system_msgs__rosidl_typesupport_fastrtps_cppExport-release.cmake
[16.588s] -- Installing: /autoware/install/tier4_system_msgs/share/tier4_system_msgs/cmake/tier4_system_msgs__rosidl_typesupport_introspection_cppExport.cmake
[16.588s] -- Installing: /autoware/install/tier4_system_msgs/share/tier4_system_msgs/cmake/tier4_system_msgs__rosidl_typesupport_introspection_cppExport-release.cmake
[16.589s] -- Installing: /autoware/install/tier4_system_msgs/share/tier4_system_msgs/cmake/tier4_system_msgs__rosidl_typesupport_cppExport.cmake
[16.589s] -- Installing: /autoware/install/tier4_system_msgs/share/tier4_system_msgs/cmake/tier4_system_msgs__rosidl_typesupport_cppExport-release.cmake
[16.589s] -- Installing: /autoware/install/tier4_system_msgs/share/tier4_system_msgs/cmake/export_tier4_system_msgs__rosidl_generator_pyExport.cmake
[16.589s] -- Installing: /autoware/install/tier4_system_msgs/share/tier4_system_msgs/cmake/export_tier4_system_msgs__rosidl_generator_pyExport-release.cmake
[16.597s] Invoked command in '/autoware/build/tier4_system_msgs' returned '0': AMENT_PREFIX_PATH=/autoware/install/autoware_common_msgs:${AMENT_PREFIX_PATH} CMAKE_PREFIX_PATH=/autoware/install/autoware_common_msgs:/opt/ros/humble LD_LIBRARY_PATH=/autoware/install/autoware_common_msgs/lib:${LD_LIBRARY_PATH} PYTHONPATH=/autoware/install/autoware_common_msgs/local/lib/python3.10/dist-packages:${PYTHONPATH} /usr/bin/cmake --install /autoware/build/tier4_system_msgs
