[0.011s] Invoking command in '/autoware/build/autoware_localization_msgs': CMAKE_PREFIX_PATH=/opt/ros/humble /usr/bin/cmake /autoware/src/core/autoware_msgs/autoware_localization_msgs -DCMAKE_BUILD_TYPE=Release -DAMENT_CMAKE_SYMLINK_INSTALL=1 -DCMAKE_INSTALL_PREFIX=/autoware/install/autoware_localization_msgs
[0.058s] -- The C compiler identification is GNU 11.3.0
[0.106s] -- The CXX compiler identification is GNU 11.3.0
[0.112s] -- Detecting C compiler ABI info
[0.165s] -- Detecting C compiler ABI info - done
[0.177s] -- Check for working C compiler: /usr/bin/cc - skipped
[0.178s] -- Detecting C compile features
[0.178s] -- Detecting C compile features - done
[0.183s] -- Detecting CXX compiler ABI info
[0.254s] -- Detecting CXX compiler ABI info - done
[0.266s] -- Check for working CXX compiler: /usr/bin/c++ - skipped
[0.267s] -- Detecting CXX compile features
[0.268s] -- Detecting CXX compile features - done
[0.271s] -- Found ament_cmake_auto: 1.3.2 (/opt/ros/humble/share/ament_cmake_auto/cmake)
[0.450s] -- Found Python3: /usr/bin/python3.10 (found version "3.10.6") found components: Interpreter 
[0.512s] -- Override CMake install command with custom implementation using symlinks instead of copying resources
[0.649s] -- Found rosidl_generator_c: 3.1.3 (/opt/ros/humble/share/rosidl_generator_c/cmake)
[0.654s] -- Found rosidl_adapter: 3.1.3 (/opt/ros/humble/share/rosidl_adapter/cmake)
[0.661s] -- Found rosidl_generator_cpp: 3.1.3 (/opt/ros/humble/share/rosidl_generator_cpp/cmake)
[0.677s] -- Using all available rosidl_typesupport_c: rosidl_typesupport_fastrtps_c;rosidl_typesupport_introspection_c
[0.708s] -- Using all available rosidl_typesupport_cpp: rosidl_typesupport_fastrtps_cpp;rosidl_typesupport_introspection_cpp
[1.214s] -- Found ament_cmake_cppcheck: 0.12.4 (/opt/ros/humble/share/ament_cmake_cppcheck/cmake)
[1.217s] -- Found ament_cmake_cpplint: 0.12.4 (/opt/ros/humble/share/ament_cmake_cpplint/cmake)
[1.220s] -- Found ament_cmake_uncrustify: 0.12.4 (/opt/ros/humble/share/ament_cmake_uncrustify/cmake)
[1.223s] -- Found ament_cmake_ros: 0.10.0 (/opt/ros/humble/share/ament_cmake_ros/cmake)
[1.665s] -- Using all available rosidl_typesupport_c: rosidl_typesupport_fastrtps_c;rosidl_typesupport_introspection_c
[1.967s] -- Using all available rosidl_typesupport_cpp: rosidl_typesupport_fastrtps_cpp;rosidl_typesupport_introspection_cpp
[1.996s] -- Found PythonInterp: /usr/bin/python3 (found suitable version "3.10.6", minimum required is "3.6") 
[1.998s] -- Found python_cmake_module: 0.10.0 (/opt/ros/humble/share/python_cmake_module/cmake)
[2.033s] -- Found PythonLibs: /usr/lib/x86_64-linux-gnu/libpython3.10.so (found suitable version "3.10.6", minimum required is "3.5") 
[2.033s] -- Using PYTHON_EXECUTABLE: /usr/bin/python3
[2.033s] -- Using PYTHON_INCLUDE_DIRS: /usr/include/python3.10
[2.033s] -- Using PYTHON_LIBRARIES: /usr/lib/x86_64-linux-gnu/libpython3.10.so
[2.066s] -- Found PythonExtra: .so  
[2.174s] -- Found ament_cmake_flake8: 0.12.4 (/opt/ros/humble/share/ament_cmake_flake8/cmake)
[2.177s] -- Found ament_cmake_pep257: 0.12.4 (/opt/ros/humble/share/ament_cmake_pep257/cmake)
[2.181s] -- Found ament_lint_auto: 0.12.4 (/opt/ros/humble/share/ament_lint_auto/cmake)
[2.209s] -- Added test 'copyright' to check source files copyright and LICENSE
[2.210s] -- Added test 'lint_cmake' to check CMake code style
[2.211s] -- Added test 'xmllint' to check XML markup files
[2.217s] -- Configuring done
[2.285s] -- Generating done
[2.291s] -- Build files have been written to: /autoware/build/autoware_localization_msgs
[2.304s] Invoked command in '/autoware/build/autoware_localization_msgs' returned '0': CMAKE_PREFIX_PATH=/opt/ros/humble /usr/bin/cmake /autoware/src/core/autoware_msgs/autoware_localization_msgs -DCMAKE_BUILD_TYPE=Release -DAMENT_CMAKE_SYMLINK_INSTALL=1 -DCMAKE_INSTALL_PREFIX=/autoware/install/autoware_localization_msgs
[2.305s] Invoking command in '/autoware/build/autoware_localization_msgs': CMAKE_PREFIX_PATH=/opt/ros/humble /usr/bin/cmake --build /autoware/build/autoware_localization_msgs -- -j64 -l64
[2.364s] [  3%] Generating C code for ROS interfaces
[2.380s] [  6%] Generating C++ code for ROS interfaces
[2.391s] [  6%] Built target ament_cmake_python_symlink_autoware_localization_msgs
[2.857s] [  6%] Built target autoware_localization_msgs__cpp
[2.874s] [  9%] Generating C++ introspection for ROS interfaces
[2.874s] running egg_info
[2.874s] [ 12%] Generating C++ type support for eProsima Fast-RTPS
[2.875s] [ 16%] Generating C++ type support dispatch for ROS interfaces
[2.875s] creating autoware_localization_msgs.egg-info
[2.875s] writing autoware_localization_msgs.egg-info/PKG-INFO
[2.875s] writing dependency_links to autoware_localization_msgs.egg-info/dependency_links.txt
[2.875s] writing top-level names to autoware_localization_msgs.egg-info/top_level.txt
[2.876s] writing manifest file 'autoware_localization_msgs.egg-info/SOURCES.txt'
[2.879s] reading manifest file 'autoware_localization_msgs.egg-info/SOURCES.txt'
[2.879s] writing manifest file 'autoware_localization_msgs.egg-info/SOURCES.txt'
[2.923s] [ 16%] Built target ament_cmake_python_build_autoware_localization_msgs_egg
[2.972s] [ 19%] Building C object CMakeFiles/autoware_localization_msgs__rosidl_generator_c.dir/rosidl_generator_c/autoware_localization_msgs/msg/detail/kinematic_state__functions.c.o
[3.111s] [ 22%] Linking C shared library libautoware_localization_msgs__rosidl_generator_c.so
[3.152s] [ 22%] Built target autoware_localization_msgs__rosidl_generator_c
[3.161s] [ 25%] Generating C introspection for ROS interfaces
[3.164s] [ 29%] Generating C type support for eProsima Fast-RTPS
[3.166s] [ 32%] Generating C type support dispatch for ROS interfaces
[3.316s] [ 35%] Building CXX object CMakeFiles/autoware_localization_msgs__rosidl_typesupport_introspection_cpp.dir/rosidl_typesupport_introspection_cpp/autoware_localization_msgs/msg/detail/kinematic_state__type_support.cpp.o
[3.336s] [ 38%] Building CXX object CMakeFiles/autoware_localization_msgs__rosidl_typesupport_cpp.dir/rosidl_typesupport_cpp/autoware_localization_msgs/msg/kinematic_state__type_support.cpp.o
[3.498s] [ 41%] Building CXX object CMakeFiles/autoware_localization_msgs__rosidl_typesupport_fastrtps_cpp.dir/rosidl_typesupport_fastrtps_cpp/autoware_localization_msgs/msg/detail/dds_fastrtps/kinematic_state__type_support.cpp.o
[3.558s] [ 45%] Building CXX object CMakeFiles/autoware_localization_msgs__rosidl_typesupport_c.dir/rosidl_typesupport_c/autoware_localization_msgs/msg/kinematic_state__type_support.cpp.o
[3.583s] [ 48%] Building C object CMakeFiles/autoware_localization_msgs__rosidl_typesupport_introspection_c.dir/rosidl_typesupport_introspection_c/autoware_localization_msgs/msg/detail/kinematic_state__type_support.c.o
[3.600s] [ 51%] Building CXX object CMakeFiles/autoware_localization_msgs__rosidl_typesupport_fastrtps_c.dir/rosidl_typesupport_fastrtps_c/autoware_localization_msgs/msg/detail/kinematic_state__type_support_c.cpp.o
[3.605s] [ 54%] Linking CXX shared library libautoware_localization_msgs__rosidl_typesupport_c.so
[3.673s] [ 58%] Linking C shared library libautoware_localization_msgs__rosidl_typesupport_introspection_c.so
[3.673s] [ 58%] Built target autoware_localization_msgs__rosidl_typesupport_c
[3.686s] [ 58%] Built target autoware_localization_msgs__rosidl_typesupport_introspection_c
[3.722s] [ 61%] Linking CXX shared library libautoware_localization_msgs__rosidl_typesupport_cpp.so
[3.756s] [ 61%] Built target autoware_localization_msgs__rosidl_typesupport_cpp
[3.977s] [ 64%] Linking CXX shared library libautoware_localization_msgs__rosidl_typesupport_introspection_cpp.so
[4.008s] [ 64%] Built target autoware_localization_msgs__rosidl_typesupport_introspection_cpp
[4.112s] [ 67%] Linking CXX shared library libautoware_localization_msgs__rosidl_typesupport_fastrtps_cpp.so
[4.112s] [ 70%] Linking CXX shared library libautoware_localization_msgs__rosidl_typesupport_fastrtps_c.so
[4.159s] [ 70%] Built target autoware_localization_msgs__rosidl_typesupport_fastrtps_cpp
[4.161s] [ 70%] Built target autoware_localization_msgs__rosidl_typesupport_fastrtps_c
[4.175s] [ 70%] Built target autoware_localization_msgs
[4.188s] [ 74%] Generating Python code for ROS interfaces
[4.823s] [ 74%] Built target autoware_localization_msgs__py
[4.836s] [ 77%] Building C object CMakeFiles/autoware_localization_msgs__rosidl_generator_py.dir/rosidl_generator_py/autoware_localization_msgs/msg/_kinematic_state_s.c.o
[5.003s] [ 80%] Linking C shared library rosidl_generator_py/autoware_localization_msgs/libautoware_localization_msgs__rosidl_generator_py.so
[5.041s] [ 80%] Built target autoware_localization_msgs__rosidl_generator_py
[5.062s] [ 83%] Building C object CMakeFiles/autoware_localization_msgs__rosidl_typesupport_c__pyext.dir/rosidl_generator_py/autoware_localization_msgs/_autoware_localization_msgs_s.ep.rosidl_typesupport_c.c.o
[5.064s] [ 87%] Building C object CMakeFiles/autoware_localization_msgs__rosidl_typesupport_fastrtps_c__pyext.dir/rosidl_generator_py/autoware_localization_msgs/_autoware_localization_msgs_s.ep.rosidl_typesupport_fastrtps_c.c.o
[5.065s] [ 90%] Building C object CMakeFiles/autoware_localization_msgs__rosidl_typesupport_introspection_c__pyext.dir/rosidl_generator_py/autoware_localization_msgs/_autoware_localization_msgs_s.ep.rosidl_typesupport_introspection_c.c.o
[5.217s] [ 93%] Linking C shared library rosidl_generator_py/autoware_localization_msgs/autoware_localization_msgs_s__rosidl_typesupport_c.cpython-310-x86_64-linux-gnu.so
[5.220s] [ 96%] Linking C shared library rosidl_generator_py/autoware_localization_msgs/autoware_localization_msgs_s__rosidl_typesupport_fastrtps_c.cpython-310-x86_64-linux-gnu.so
[5.228s] [100%] Linking C shared library rosidl_generator_py/autoware_localization_msgs/autoware_localization_msgs_s__rosidl_typesupport_introspection_c.cpython-310-x86_64-linux-gnu.so
[5.270s] [100%] Built target autoware_localization_msgs__rosidl_typesupport_fastrtps_c__pyext
[5.270s] [100%] Built target autoware_localization_msgs__rosidl_typesupport_c__pyext
[5.334s] [100%] Built target autoware_localization_msgs__rosidl_typesupport_introspection_c__pyext
[5.370s] Invoked command in '/autoware/build/autoware_localization_msgs' returned '0': CMAKE_PREFIX_PATH=/opt/ros/humble /usr/bin/cmake --build /autoware/build/autoware_localization_msgs -- -j64 -l64
[5.803s] Invoking command in '/autoware/build/autoware_localization_msgs': CMAKE_PREFIX_PATH=/opt/ros/humble /usr/bin/cmake --install /autoware/build/autoware_localization_msgs
[5.815s] -- Install configuration: "Release"
[5.816s] -- Execute custom install script
[5.816s] -- Symlinking: /autoware/install/autoware_localization_msgs/share/ament_index/resource_index/rosidl_interfaces/autoware_localization_msgs
[5.829s] -- Symlinking: /autoware/install/autoware_localization_msgs/include/autoware_localization_msgs/autoware_localization_msgs/msg/detail/kinematic_state__functions.h
[5.841s] -- Symlinking: /autoware/install/autoware_localization_msgs/include/autoware_localization_msgs/autoware_localization_msgs/msg/detail/kinematic_state__struct.h
[5.849s] -- Symlinking: /autoware/install/autoware_localization_msgs/include/autoware_localization_msgs/autoware_localization_msgs/msg/detail/kinematic_state__type_support.h
[5.883s] -- Symlinking: /autoware/install/autoware_localization_msgs/include/autoware_localization_msgs/autoware_localization_msgs/msg/kinematic_state.h
[5.884s] -- Symlinking: /autoware/install/autoware_localization_msgs/include/autoware_localization_msgs/autoware_localization_msgs/msg/rosidl_generator_c__visibility_control.h
[5.884s] -- Symlinking: /autoware/install/autoware_localization_msgs/share/autoware_localization_msgs/environment/library_path.sh
[5.893s] -- Symlinking: /autoware/install/autoware_localization_msgs/share/autoware_localization_msgs/environment/library_path.dsv
[5.951s] -- Symlinking: /autoware/install/autoware_localization_msgs/include/autoware_localization_msgs/autoware_localization_msgs/msg/detail/kinematic_state__rosidl_typesupport_fastrtps_c.h
[5.951s] -- Symlinking: /autoware/install/autoware_localization_msgs/include/autoware_localization_msgs/autoware_localization_msgs/msg/rosidl_typesupport_fastrtps_c__visibility_control.h
[5.951s] -- Symlinking: /autoware/install/autoware_localization_msgs/include/autoware_localization_msgs/autoware_localization_msgs/msg/detail/kinematic_state__builder.hpp
[5.952s] -- Symlinking: /autoware/install/autoware_localization_msgs/include/autoware_localization_msgs/autoware_localization_msgs/msg/detail/kinematic_state__struct.hpp
[5.952s] -- Symlinking: /autoware/install/autoware_localization_msgs/include/autoware_localization_msgs/autoware_localization_msgs/msg/detail/kinematic_state__traits.hpp
[5.953s] -- Symlinking: /autoware/install/autoware_localization_msgs/include/autoware_localization_msgs/autoware_localization_msgs/msg/kinematic_state.hpp
[5.961s] -- Symlinking: /autoware/install/autoware_localization_msgs/include/autoware_localization_msgs/autoware_localization_msgs/msg/detail/kinematic_state__rosidl_typesupport_fastrtps_cpp.hpp
[5.967s] -- Symlinking: /autoware/install/autoware_localization_msgs/include/autoware_localization_msgs/autoware_localization_msgs/msg/rosidl_typesupport_fastrtps_cpp__visibility_control.h
[5.974s] -- Symlinking: /autoware/install/autoware_localization_msgs/include/autoware_localization_msgs/autoware_localization_msgs/msg/detail/kinematic_state__rosidl_typesupport_introspection_c.h
[5.981s] -- Symlinking: /autoware/install/autoware_localization_msgs/include/autoware_localization_msgs/autoware_localization_msgs/msg/rosidl_typesupport_introspection_c__visibility_control.h
[5.989s] -- Symlinking: /autoware/install/autoware_localization_msgs/include/autoware_localization_msgs/autoware_localization_msgs/msg/detail/kinematic_state__rosidl_typesupport_introspection_cpp.hpp
[5.997s] -- Symlinking: /autoware/install/autoware_localization_msgs/share/autoware_localization_msgs/environment/pythonpath.sh
[6.005s] -- Symlinking: /autoware/install/autoware_localization_msgs/share/autoware_localization_msgs/environment/pythonpath.dsv
[6.015s] -- Symlinking: /autoware/install/autoware_localization_msgs/local/lib/python3.10/dist-packages/autoware_localization_msgs-1.0.0-py3.10.egg-info/PKG-INFO
[6.054s] -- Symlinking: /autoware/install/autoware_localization_msgs/local/lib/python3.10/dist-packages/autoware_localization_msgs-1.0.0-py3.10.egg-info/SOURCES.txt
[6.054s] -- Symlinking: /autoware/install/autoware_localization_msgs/local/lib/python3.10/dist-packages/autoware_localization_msgs-1.0.0-py3.10.egg-info/dependency_links.txt
[6.054s] -- Symlinking: /autoware/install/autoware_localization_msgs/local/lib/python3.10/dist-packages/autoware_localization_msgs-1.0.0-py3.10.egg-info/top_level.txt
[6.056s] -- Symlinking: /autoware/install/autoware_localization_msgs/local/lib/python3.10/dist-packages/autoware_localization_msgs/__init__.py
[6.067s] -- Symlinking: /autoware/install/autoware_localization_msgs/local/lib/python3.10/dist-packages/autoware_localization_msgs/_autoware_localization_msgs_s.ep.rosidl_typesupport_c.c
[6.074s] -- Symlinking: /autoware/install/autoware_localization_msgs/local/lib/python3.10/dist-packages/autoware_localization_msgs/_autoware_localization_msgs_s.ep.rosidl_typesupport_fastrtps_c.c
[6.134s] -- Symlinking: /autoware/install/autoware_localization_msgs/local/lib/python3.10/dist-packages/autoware_localization_msgs/_autoware_localization_msgs_s.ep.rosidl_typesupport_introspection_c.c
[6.134s] -- Symlinking: /autoware/install/autoware_localization_msgs/local/lib/python3.10/dist-packages/autoware_localization_msgs/autoware_localization_msgs_s__rosidl_typesupport_c.cpython-310-x86_64-linux-gnu.so
[6.134s] -- Symlinking: /autoware/install/autoware_localization_msgs/local/lib/python3.10/dist-packages/autoware_localization_msgs/autoware_localization_msgs_s__rosidl_typesupport_fastrtps_c.cpython-310-x86_64-linux-gnu.so
[6.135s] -- Symlinking: /autoware/install/autoware_localization_msgs/local/lib/python3.10/dist-packages/autoware_localization_msgs/autoware_localization_msgs_s__rosidl_typesupport_introspection_c.cpython-310-x86_64-linux-gnu.so
[6.135s] -- Symlinking: /autoware/install/autoware_localization_msgs/local/lib/python3.10/dist-packages/autoware_localization_msgs/libautoware_localization_msgs__rosidl_generator_py.so
[6.135s] -- Symlinking: /autoware/install/autoware_localization_msgs/local/lib/python3.10/dist-packages/autoware_localization_msgs/msg/__init__.py
[6.135s] -- Symlinking: /autoware/install/autoware_localization_msgs/local/lib/python3.10/dist-packages/autoware_localization_msgs/msg/_kinematic_state.py
[6.136s] -- Symlinking: /autoware/install/autoware_localization_msgs/local/lib/python3.10/dist-packages/autoware_localization_msgs/msg/_kinematic_state_s.c
[6.147s] -- Up-to-date symlink: /autoware/install/autoware_localization_msgs/local/lib/python3.10/dist-packages/autoware_localization_msgs/autoware_localization_msgs_s__rosidl_typesupport_fastrtps_c.cpython-310-x86_64-linux-gnu.so
[6.147s] -- Up-to-date symlink: /autoware/install/autoware_localization_msgs/local/lib/python3.10/dist-packages/autoware_localization_msgs/autoware_localization_msgs_s__rosidl_typesupport_introspection_c.cpython-310-x86_64-linux-gnu.so
[6.147s] -- Up-to-date symlink: /autoware/install/autoware_localization_msgs/local/lib/python3.10/dist-packages/autoware_localization_msgs/autoware_localization_msgs_s__rosidl_typesupport_c.cpython-310-x86_64-linux-gnu.so
[6.148s] -- Symlinking: /autoware/install/autoware_localization_msgs/share/autoware_localization_msgs/msg/KinematicState.idl
[6.161s] -- Symlinking: /autoware/install/autoware_localization_msgs/share/autoware_localization_msgs/msg/KinematicState.msg
[6.174s] -- Symlinking: /autoware/install/autoware_localization_msgs/share/ament_index/resource_index/package_run_dependencies/autoware_localization_msgs
[6.180s] -- Symlinking: /autoware/install/autoware_localization_msgs/share/ament_index/resource_index/parent_prefix_path/autoware_localization_msgs
[6.187s] -- Symlinking: /autoware/install/autoware_localization_msgs/share/autoware_localization_msgs/environment/ament_prefix_path.sh
[6.195s] -- Symlinking: /autoware/install/autoware_localization_msgs/share/autoware_localization_msgs/environment/ament_prefix_path.dsv
[6.208s] -- Symlinking: /autoware/install/autoware_localization_msgs/share/autoware_localization_msgs/environment/path.sh
[6.219s] -- Symlinking: /autoware/install/autoware_localization_msgs/share/autoware_localization_msgs/environment/path.dsv
[6.231s] -- Symlinking: /autoware/install/autoware_localization_msgs/share/autoware_localization_msgs/local_setup.bash
[6.245s] -- Symlinking: /autoware/install/autoware_localization_msgs/share/autoware_localization_msgs/local_setup.sh
[6.256s] -- Symlinking: /autoware/install/autoware_localization_msgs/share/autoware_localization_msgs/local_setup.zsh
[6.266s] -- Symlinking: /autoware/install/autoware_localization_msgs/share/autoware_localization_msgs/local_setup.dsv
[6.277s] -- Symlinking: /autoware/install/autoware_localization_msgs/share/autoware_localization_msgs/package.dsv
[6.286s] -- Symlinking: /autoware/install/autoware_localization_msgs/share/ament_index/resource_index/packages/autoware_localization_msgs
[6.292s] -- Symlinking: /autoware/install/autoware_localization_msgs/share/autoware_localization_msgs/cmake/rosidl_cmake-extras.cmake
[6.299s] -- Symlinking: /autoware/install/autoware_localization_msgs/share/autoware_localization_msgs/cmake/ament_cmake_export_dependencies-extras.cmake
[6.305s] -- Symlinking: /autoware/install/autoware_localization_msgs/share/autoware_localization_msgs/cmake/ament_cmake_export_include_directories-extras.cmake
[6.311s] -- Symlinking: /autoware/install/autoware_localization_msgs/share/autoware_localization_msgs/cmake/ament_cmake_export_libraries-extras.cmake
[6.317s] -- Symlinking: /autoware/install/autoware_localization_msgs/share/autoware_localization_msgs/cmake/ament_cmake_export_targets-extras.cmake
[6.323s] -- Symlinking: /autoware/install/autoware_localization_msgs/share/autoware_localization_msgs/cmake/rosidl_cmake_export_typesupport_targets-extras.cmake
[6.329s] -- Symlinking: /autoware/install/autoware_localization_msgs/share/autoware_localization_msgs/cmake/rosidl_cmake_export_typesupport_libraries-extras.cmake
[6.335s] -- Symlinking: /autoware/install/autoware_localization_msgs/share/autoware_localization_msgs/cmake/autoware_localization_msgsConfig.cmake
[6.343s] -- Symlinking: /autoware/install/autoware_localization_msgs/share/autoware_localization_msgs/cmake/autoware_localization_msgsConfig-version.cmake
[6.349s] -- Symlinking: /autoware/install/autoware_localization_msgs/share/autoware_localization_msgs/package.xml
[6.355s] -- Installing: /autoware/install/autoware_localization_msgs/lib/libautoware_localization_msgs__rosidl_generator_c.so
[6.355s] -- Set runtime path of "/autoware/install/autoware_localization_msgs/lib/libautoware_localization_msgs__rosidl_generator_c.so" to ""
[6.355s] -- Installing: /autoware/install/autoware_localization_msgs/lib/libautoware_localization_msgs__rosidl_typesupport_fastrtps_c.so
[6.356s] -- Set runtime path of "/autoware/install/autoware_localization_msgs/lib/libautoware_localization_msgs__rosidl_typesupport_fastrtps_c.so" to ""
[6.356s] -- Installing: /autoware/install/autoware_localization_msgs/lib/libautoware_localization_msgs__rosidl_typesupport_fastrtps_cpp.so
[6.356s] -- Set runtime path of "/autoware/install/autoware_localization_msgs/lib/libautoware_localization_msgs__rosidl_typesupport_fastrtps_cpp.so" to ""
[6.357s] -- Installing: /autoware/install/autoware_localization_msgs/lib/libautoware_localization_msgs__rosidl_typesupport_introspection_c.so
[6.357s] -- Set runtime path of "/autoware/install/autoware_localization_msgs/lib/libautoware_localization_msgs__rosidl_typesupport_introspection_c.so" to ""
[6.357s] -- Installing: /autoware/install/autoware_localization_msgs/lib/libautoware_localization_msgs__rosidl_typesupport_c.so
[6.357s] -- Set runtime path of "/autoware/install/autoware_localization_msgs/lib/libautoware_localization_msgs__rosidl_typesupport_c.so" to ""
[6.358s] -- Installing: /autoware/install/autoware_localization_msgs/lib/libautoware_localization_msgs__rosidl_typesupport_introspection_cpp.so
[6.358s] -- Set runtime path of "/autoware/install/autoware_localization_msgs/lib/libautoware_localization_msgs__rosidl_typesupport_introspection_cpp.so" to ""
[6.358s] -- Installing: /autoware/install/autoware_localization_msgs/lib/libautoware_localization_msgs__rosidl_typesupport_cpp.so
[6.358s] -- Set runtime path of "/autoware/install/autoware_localization_msgs/lib/libautoware_localization_msgs__rosidl_typesupport_cpp.so" to ""
[6.390s] Listing '/autoware/install/autoware_localization_msgs/local/lib/python3.10/dist-packages/autoware_localization_msgs'...
[6.390s] Compiling '/autoware/install/autoware_localization_msgs/local/lib/python3.10/dist-packages/autoware_localization_msgs/__init__.py'...
[6.390s] Listing '/autoware/install/autoware_localization_msgs/local/lib/python3.10/dist-packages/autoware_localization_msgs/msg'...
[6.390s] Compiling '/autoware/install/autoware_localization_msgs/local/lib/python3.10/dist-packages/autoware_localization_msgs/msg/__init__.py'...
[6.390s] Compiling '/autoware/install/autoware_localization_msgs/local/lib/python3.10/dist-packages/autoware_localization_msgs/msg/_kinematic_state.py'...
[6.394s] -- Installing: /autoware/install/autoware_localization_msgs/lib/libautoware_localization_msgs__rosidl_generator_py.so
[6.395s] -- Set runtime path of "/autoware/install/autoware_localization_msgs/lib/libautoware_localization_msgs__rosidl_generator_py.so" to ""
[6.395s] -- Installing: /autoware/install/autoware_localization_msgs/share/autoware_localization_msgs/cmake/export_autoware_localization_msgs__rosidl_generator_cExport.cmake
[6.395s] -- Installing: /autoware/install/autoware_localization_msgs/share/autoware_localization_msgs/cmake/export_autoware_localization_msgs__rosidl_generator_cExport-release.cmake
[6.395s] -- Installing: /autoware/install/autoware_localization_msgs/share/autoware_localization_msgs/cmake/export_autoware_localization_msgs__rosidl_typesupport_fastrtps_cExport.cmake
[6.396s] -- Installing: /autoware/install/autoware_localization_msgs/share/autoware_localization_msgs/cmake/export_autoware_localization_msgs__rosidl_typesupport_fastrtps_cExport-release.cmake
[6.396s] -- Installing: /autoware/install/autoware_localization_msgs/share/autoware_localization_msgs/cmake/export_autoware_localization_msgs__rosidl_generator_cppExport.cmake
[6.396s] -- Installing: /autoware/install/autoware_localization_msgs/share/autoware_localization_msgs/cmake/export_autoware_localization_msgs__rosidl_typesupport_fastrtps_cppExport.cmake
[6.396s] -- Installing: /autoware/install/autoware_localization_msgs/share/autoware_localization_msgs/cmake/export_autoware_localization_msgs__rosidl_typesupport_fastrtps_cppExport-release.cmake
[6.396s] -- Installing: /autoware/install/autoware_localization_msgs/share/autoware_localization_msgs/cmake/autoware_localization_msgs__rosidl_typesupport_introspection_cExport.cmake
[6.397s] -- Installing: /autoware/install/autoware_localization_msgs/share/autoware_localization_msgs/cmake/autoware_localization_msgs__rosidl_typesupport_introspection_cExport-release.cmake
[6.397s] -- Installing: /autoware/install/autoware_localization_msgs/share/autoware_localization_msgs/cmake/autoware_localization_msgs__rosidl_typesupport_cExport.cmake
[6.397s] -- Installing: /autoware/install/autoware_localization_msgs/share/autoware_localization_msgs/cmake/autoware_localization_msgs__rosidl_typesupport_cExport-release.cmake
[6.397s] -- Installing: /autoware/install/autoware_localization_msgs/share/autoware_localization_msgs/cmake/autoware_localization_msgs__rosidl_typesupport_introspection_cppExport.cmake
[6.397s] -- Installing: /autoware/install/autoware_localization_msgs/share/autoware_localization_msgs/cmake/autoware_localization_msgs__rosidl_typesupport_introspection_cppExport-release.cmake
[6.398s] -- Installing: /autoware/install/autoware_localization_msgs/share/autoware_localization_msgs/cmake/autoware_localization_msgs__rosidl_typesupport_cppExport.cmake
[6.398s] -- Installing: /autoware/install/autoware_localization_msgs/share/autoware_localization_msgs/cmake/autoware_localization_msgs__rosidl_typesupport_cppExport-release.cmake
[6.398s] -- Installing: /autoware/install/autoware_localization_msgs/share/autoware_localization_msgs/cmake/export_autoware_localization_msgs__rosidl_generator_pyExport.cmake
[6.398s] -- Installing: /autoware/install/autoware_localization_msgs/share/autoware_localization_msgs/cmake/export_autoware_localization_msgs__rosidl_generator_pyExport-release.cmake
[6.408s] Invoked command in '/autoware/build/autoware_localization_msgs' returned '0': CMAKE_PREFIX_PATH=/opt/ros/humble /usr/bin/cmake --install /autoware/build/autoware_localization_msgs
