[0.027s] Invoking command in '/autoware/build/tier4_perception_rviz_plugin': AMENT_PREFIX_PATH=/autoware/install/dummy_perception_publisher:/autoware/install/tier4_autoware_utils:/autoware/install/tier4_perception_msgs:/autoware/install/autoware_auto_vehicle_msgs:/autoware/install/autoware_cmake:/autoware/install/autoware_auto_planning_msgs:/autoware/install/autoware_auto_perception_msgs:/autoware/install/tier4_debug_msgs:/autoware/install/autoware_lint_common:/autoware/install/autoware_auto_mapping_msgs:/autoware/install/autoware_auto_geometry_msgs:${AMENT_PREFIX_PATH} CMAKE_PREFIX_PATH=/autoware/install/dummy_perception_publisher:/autoware/install/tier4_autoware_utils:/autoware/install/tier4_perception_msgs:/autoware/install/autoware_auto_vehicle_msgs:/autoware/install/autoware_cmake:/autoware/install/autoware_auto_planning_msgs:/autoware/install/autoware_auto_perception_msgs:/autoware/install/tier4_debug_msgs:/autoware/install/autoware_lint_common:/autoware/install/autoware_auto_mapping_msgs:/autoware/install/autoware_auto_geometry_msgs:/opt/ros/humble LD_LIBRARY_PATH=/autoware/install/dummy_perception_publisher/lib:/autoware/install/tier4_autoware_utils/lib:/autoware/install/tier4_perception_msgs/lib:/autoware/install/autoware_auto_vehicle_msgs/lib:/autoware/install/autoware_auto_planning_msgs/lib:/autoware/install/autoware_auto_perception_msgs/lib:/autoware/install/tier4_debug_msgs/lib:/autoware/install/autoware_auto_mapping_msgs/lib:/autoware/install/autoware_auto_geometry_msgs/lib:${LD_LIBRARY_PATH} PYTHONPATH=/autoware/install/dummy_perception_publisher/local/lib/python3.10/dist-packages:/autoware/install/tier4_perception_msgs/local/lib/python3.10/dist-packages:/autoware/install/autoware_auto_vehicle_msgs/local/lib/python3.10/dist-packages:/autoware/install/autoware_auto_planning_msgs/local/lib/python3.10/dist-packages:/autoware/install/autoware_auto_perception_msgs/local/lib/python3.10/dist-packages:/autoware/install/tier4_debug_msgs/local/lib/python3.10/dist-packages:/autoware/install/autoware_auto_mapping_msgs/local/lib/python3.10/dist-packages:/autoware/install/autoware_auto_geometry_msgs/local/lib/python3.10/dist-packages:${PYTHONPATH} /usr/bin/cmake /autoware/src/universe/autoware.universe/common/tier4_perception_rviz_plugin -DCMAKE_BUILD_TYPE=Release -DAMENT_CMAKE_SYMLINK_INSTALL=1 -DCMAKE_INSTALL_PREFIX=/autoware/install/tier4_perception_rviz_plugin
[0.073s] -- The C compiler identification is GNU 11.3.0
[0.120s] -- The CXX compiler identification is GNU 11.3.0
[0.126s] -- Detecting C compiler ABI info
[0.183s] -- Detecting C compiler ABI info - done
[0.189s] -- Check for working C compiler: /usr/bin/cc - skipped
[0.189s] -- Detecting C compile features
[0.190s] -- Detecting C compile features - done
[0.193s] -- Detecting CXX compiler ABI info
[0.260s] -- Detecting CXX compiler ABI info - done
[0.267s] -- Check for working CXX compiler: /usr/bin/c++ - skipped
[0.267s] -- Detecting CXX compile features
[0.268s] -- Detecting CXX compile features - done
[0.269s] -- Found autoware_cmake: 0.1.0 (/autoware/install/autoware_cmake/share/autoware_cmake/cmake)
[0.465s] -- Found Python3: /usr/bin/python3.10 (found version "3.10.6") found components: Interpreter 
[0.523s] -- Override CMake install command with custom implementation using symlinks instead of copying resources
[0.695s] -- Found rosidl_generator_c: 3.1.3 (/opt/ros/humble/share/rosidl_generator_c/cmake)
[0.703s] -- Found rosidl_adapter: 3.1.3 (/opt/ros/humble/share/rosidl_adapter/cmake)
[0.715s] -- Found rosidl_generator_cpp: 3.1.3 (/opt/ros/humble/share/rosidl_generator_cpp/cmake)
[0.732s] -- Using all available rosidl_typesupport_c: rosidl_typesupport_fastrtps_c;rosidl_typesupport_introspection_c
[0.756s] -- Using all available rosidl_typesupport_cpp: rosidl_typesupport_fastrtps_cpp;rosidl_typesupport_introspection_cpp
[1.936s] -- Found rmw_implementation_cmake: 6.1.0 (/opt/ros/humble/share/rmw_implementation_cmake/cmake)
[1.941s] -- Found rmw_fastrtps_cpp: 6.2.1 (/opt/ros/humble/share/rmw_fastrtps_cpp/cmake)
[2.044s] -- Found OpenSSL: /usr/lib/x86_64-linux-gnu/libcrypto.so (found version "3.0.2")  
[2.074s] -- Found FastRTPS: /opt/ros/humble/include  
[2.125s] -- Using RMW implementation 'rmw_fastrtps_cpp' as default
[2.559s] -- Found eigen3_cmake_module: 0.1.1 (/opt/ros/humble/share/eigen3_cmake_module/cmake)
[2.561s] -- Found Eigen3: TRUE (found version "3.4.0") 
[2.561s] -- Ensuring Eigen3 include directory is part of orocos-kdl CMake target
[4.339s] -- Setting OGRE_DIR to: '/opt/ros/humble/share/rviz_ogre_vendor/cmake/../../../opt/rviz_ogre_vendor/lib/OGRE/cmake'
[4.340s] -- Found OGRE
[4.340s] --   static     : OFF
[4.340s] --   components : HLMS;MeshLodGenerator;Overlay;Paging;Property;RTShaderSystem;Terrain;Volume
[4.340s] --   plugins    : Plugin_BSPSceneManager;Plugin_OctreeSceneManager;Plugin_PCZSceneManager;Plugin_ParticleFX;RenderSystem_GL;RenderSystem_GL3Plus;Codec_STBI
[4.341s] --   media      : /opt/ros/humble/opt/rviz_ogre_vendor/share/OGRE/Media
[4.341s] -- OGRE_LIBRARIES: OgreHLMS;OgreMeshLodGenerator;OgreOverlay;OgrePaging;OgreProperty;OgreRTShaderSystem;OgreTerrain;OgreVolume;OgreMain
[4.341s] -- OGRE_LIBRARY_DIRS: /opt/ros/humble/opt/rviz_ogre_vendor/lib
[4.341s] -- OGRE_PLUGINS: Plugin_BSPSceneManager;Plugin_OctreeSceneManager;Plugin_PCZSceneManager;Plugin_ParticleFX;RenderSystem_GL;RenderSystem_GL3Plus;Codec_STBI
[4.341s] -- OGRE_PLUGIN_DIR: /opt/ros/humble/opt/rviz_ogre_vendor/lib/OGRE
[4.341s] -- rviz_ogre_vendor::OgreOverlay for IMPORTED_LOCATION_RELEASE: /opt/ros/humble/opt/rviz_ogre_vendor/lib/libOgreOverlay.so
[4.341s] -- rviz_ogre_vendor::OgreOverlay for IMPORTED_LOCATION_DEBUG: /opt/ros/humble/opt/rviz_ogre_vendor/lib/libOgreOverlay.so
[4.341s] -- rviz_ogre_vendor::OgreMain for IMPORTED_LOCATION_RELEASE: /opt/ros/humble/opt/rviz_ogre_vendor/lib/libOgreMain.so
[4.341s] -- rviz_ogre_vendor::OgreMain for IMPORTED_LOCATION_DEBUG: /opt/ros/humble/opt/rviz_ogre_vendor/lib/libOgreMain.so
[4.342s] -- Could not find freeimage library
[4.359s] -- Found ZLIB: /usr/lib/x86_64-linux-gnu/libz.so (found version "1.2.11") 
[4.363s] -- Found OpenGL: /usr/lib/x86_64-linux-gnu/libOpenGL.so   
[4.434s] -- Found X11: /usr/include   
[4.434s] -- Looking for XOpenDisplay in /usr/lib/x86_64-linux-gnu/libX11.so;/usr/lib/x86_64-linux-gnu/libXext.so
[4.492s] -- Looking for XOpenDisplay in /usr/lib/x86_64-linux-gnu/libX11.so;/usr/lib/x86_64-linux-gnu/libXext.so - found
[4.492s] -- Looking for gethostbyname
[4.556s] -- Looking for gethostbyname - found
[4.556s] -- Looking for connect
[4.613s] -- Looking for connect - found
[4.613s] -- Looking for remove
[4.669s] -- Looking for remove - found
[4.670s] -- Looking for shmat
[4.726s] -- Looking for shmat - found
[4.726s] -- Looking for IceConnectionNumber in ICE
[4.782s] -- Looking for IceConnectionNumber in ICE - found
[4.784s] -- rviz_ogre_vendor::RenderSystem_GL for IMPORTED_LOCATION_RELEASE: _render_system_gl_static_library_abs-NOTFOUND
[4.785s] -- rviz_ogre_vendor::RenderSystem_GL for IMPORTED_LOCATION_DEBUG: _render_system_gl_static_library_abs-NOTFOUND
[4.853s] -- library: /usr/lib/x86_64-linux-gnu/libcurl.so
[5.278s] -- Found ament_lint_auto: 0.12.4 (/opt/ros/humble/share/ament_lint_auto/cmake)
[5.303s] -- Added test 'copyright' to check source files copyright and LICENSE
[5.305s] -- Added test 'cppcheck' to perform static code analysis on C / C++ code
[5.305s] -- Configured cppcheck include dirs: 
[5.305s] -- Configured cppcheck exclude dirs and/or files: 
[5.306s] -- Added test 'lint_cmake' to check CMake code style
[5.307s] -- Added test 'xmllint' to check XML markup files
[5.310s] -- Configuring done
[5.379s] -- Generating done
[5.381s] -- Build files have been written to: /autoware/build/tier4_perception_rviz_plugin
[5.394s] Invoked command in '/autoware/build/tier4_perception_rviz_plugin' returned '0': AMENT_PREFIX_PATH=/autoware/install/dummy_perception_publisher:/autoware/install/tier4_autoware_utils:/autoware/install/tier4_perception_msgs:/autoware/install/autoware_auto_vehicle_msgs:/autoware/install/autoware_cmake:/autoware/install/autoware_auto_planning_msgs:/autoware/install/autoware_auto_perception_msgs:/autoware/install/tier4_debug_msgs:/autoware/install/autoware_lint_common:/autoware/install/autoware_auto_mapping_msgs:/autoware/install/autoware_auto_geometry_msgs:${AMENT_PREFIX_PATH} CMAKE_PREFIX_PATH=/autoware/install/dummy_perception_publisher:/autoware/install/tier4_autoware_utils:/autoware/install/tier4_perception_msgs:/autoware/install/autoware_auto_vehicle_msgs:/autoware/install/autoware_cmake:/autoware/install/autoware_auto_planning_msgs:/autoware/install/autoware_auto_perception_msgs:/autoware/install/tier4_debug_msgs:/autoware/install/autoware_lint_common:/autoware/install/autoware_auto_mapping_msgs:/autoware/install/autoware_auto_geometry_msgs:/opt/ros/humble LD_LIBRARY_PATH=/autoware/install/dummy_perception_publisher/lib:/autoware/install/tier4_autoware_utils/lib:/autoware/install/tier4_perception_msgs/lib:/autoware/install/autoware_auto_vehicle_msgs/lib:/autoware/install/autoware_auto_planning_msgs/lib:/autoware/install/autoware_auto_perception_msgs/lib:/autoware/install/tier4_debug_msgs/lib:/autoware/install/autoware_auto_mapping_msgs/lib:/autoware/install/autoware_auto_geometry_msgs/lib:${LD_LIBRARY_PATH} PYTHONPATH=/autoware/install/dummy_perception_publisher/local/lib/python3.10/dist-packages:/autoware/install/tier4_perception_msgs/local/lib/python3.10/dist-packages:/autoware/install/autoware_auto_vehicle_msgs/local/lib/python3.10/dist-packages:/autoware/install/autoware_auto_planning_msgs/local/lib/python3.10/dist-packages:/autoware/install/autoware_auto_perception_msgs/local/lib/python3.10/dist-packages:/autoware/install/tier4_debug_msgs/local/lib/python3.10/dist-packages:/autoware/install/autoware_auto_mapping_msgs/local/lib/python3.10/dist-packages:/autoware/install/autoware_auto_geometry_msgs/local/lib/python3.10/dist-packages:${PYTHONPATH} /usr/bin/cmake /autoware/src/universe/autoware.universe/common/tier4_perception_rviz_plugin -DCMAKE_BUILD_TYPE=Release -DAMENT_CMAKE_SYMLINK_INSTALL=1 -DCMAKE_INSTALL_PREFIX=/autoware/install/tier4_perception_rviz_plugin
[5.396s] Invoking command in '/autoware/build/tier4_perception_rviz_plugin': AMENT_PREFIX_PATH=/autoware/install/dummy_perception_publisher:/autoware/install/tier4_autoware_utils:/autoware/install/tier4_perception_msgs:/autoware/install/autoware_auto_vehicle_msgs:/autoware/install/autoware_cmake:/autoware/install/autoware_auto_planning_msgs:/autoware/install/autoware_auto_perception_msgs:/autoware/install/tier4_debug_msgs:/autoware/install/autoware_lint_common:/autoware/install/autoware_auto_mapping_msgs:/autoware/install/autoware_auto_geometry_msgs:${AMENT_PREFIX_PATH} CMAKE_PREFIX_PATH=/autoware/install/dummy_perception_publisher:/autoware/install/tier4_autoware_utils:/autoware/install/tier4_perception_msgs:/autoware/install/autoware_auto_vehicle_msgs:/autoware/install/autoware_cmake:/autoware/install/autoware_auto_planning_msgs:/autoware/install/autoware_auto_perception_msgs:/autoware/install/tier4_debug_msgs:/autoware/install/autoware_lint_common:/autoware/install/autoware_auto_mapping_msgs:/autoware/install/autoware_auto_geometry_msgs:/opt/ros/humble LD_LIBRARY_PATH=/autoware/install/dummy_perception_publisher/lib:/autoware/install/tier4_autoware_utils/lib:/autoware/install/tier4_perception_msgs/lib:/autoware/install/autoware_auto_vehicle_msgs/lib:/autoware/install/autoware_auto_planning_msgs/lib:/autoware/install/autoware_auto_perception_msgs/lib:/autoware/install/tier4_debug_msgs/lib:/autoware/install/autoware_auto_mapping_msgs/lib:/autoware/install/autoware_auto_geometry_msgs/lib:${LD_LIBRARY_PATH} PYTHONPATH=/autoware/install/dummy_perception_publisher/local/lib/python3.10/dist-packages:/autoware/install/tier4_perception_msgs/local/lib/python3.10/dist-packages:/autoware/install/autoware_auto_vehicle_msgs/local/lib/python3.10/dist-packages:/autoware/install/autoware_auto_planning_msgs/local/lib/python3.10/dist-packages:/autoware/install/autoware_auto_perception_msgs/local/lib/python3.10/dist-packages:/autoware/install/tier4_debug_msgs/local/lib/python3.10/dist-packages:/autoware/install/autoware_auto_mapping_msgs/local/lib/python3.10/dist-packages:/autoware/install/autoware_auto_geometry_msgs/local/lib/python3.10/dist-packages:${PYTHONPATH} /usr/bin/cmake --build /autoware/build/tier4_perception_rviz_plugin -- -j64 -l64
[5.439s] [ 11%] Automatic MOC for target tier4_perception_rviz_plugin
[5.785s] [ 11%] Built target tier4_perception_rviz_plugin_autogen
[5.805s] [ 33%] Building CXX object CMakeFiles/tier4_perception_rviz_plugin.dir/src/tools/delete_all_objects.cpp.o
[5.805s] [ 33%] Building CXX object CMakeFiles/tier4_perception_rviz_plugin.dir/src/tools/unknown_pose.cpp.o
[5.807s] [ 44%] Building CXX object CMakeFiles/tier4_perception_rviz_plugin.dir/tier4_perception_rviz_plugin_autogen/mocs_compilation.cpp.o
[5.807s] [ 55%] Building CXX object CMakeFiles/tier4_perception_rviz_plugin.dir/src/tools/car_pose.cpp.o
[5.807s] [ 66%] Building CXX object CMakeFiles/tier4_perception_rviz_plugin.dir/src/tools/pedestrian_pose.cpp.o
[5.809s] [ 88%] Building CXX object CMakeFiles/tier4_perception_rviz_plugin.dir/src/tools/util.cpp.o
[5.809s] [ 88%] Building CXX object CMakeFiles/tier4_perception_rviz_plugin.dir/src/tools/interactive_object.cpp.o
[13.497s] [100%] Linking CXX shared library libtier4_perception_rviz_plugin.so
[14.042s] [100%] Built target tier4_perception_rviz_plugin
[14.052s] Invoked command in '/autoware/build/tier4_perception_rviz_plugin' returned '0': AMENT_PREFIX_PATH=/autoware/install/dummy_perception_publisher:/autoware/install/tier4_autoware_utils:/autoware/install/tier4_perception_msgs:/autoware/install/autoware_auto_vehicle_msgs:/autoware/install/autoware_cmake:/autoware/install/autoware_auto_planning_msgs:/autoware/install/autoware_auto_perception_msgs:/autoware/install/tier4_debug_msgs:/autoware/install/autoware_lint_common:/autoware/install/autoware_auto_mapping_msgs:/autoware/install/autoware_auto_geometry_msgs:${AMENT_PREFIX_PATH} CMAKE_PREFIX_PATH=/autoware/install/dummy_perception_publisher:/autoware/install/tier4_autoware_utils:/autoware/install/tier4_perception_msgs:/autoware/install/autoware_auto_vehicle_msgs:/autoware/install/autoware_cmake:/autoware/install/autoware_auto_planning_msgs:/autoware/install/autoware_auto_perception_msgs:/autoware/install/tier4_debug_msgs:/autoware/install/autoware_lint_common:/autoware/install/autoware_auto_mapping_msgs:/autoware/install/autoware_auto_geometry_msgs:/opt/ros/humble LD_LIBRARY_PATH=/autoware/install/dummy_perception_publisher/lib:/autoware/install/tier4_autoware_utils/lib:/autoware/install/tier4_perception_msgs/lib:/autoware/install/autoware_auto_vehicle_msgs/lib:/autoware/install/autoware_auto_planning_msgs/lib:/autoware/install/autoware_auto_perception_msgs/lib:/autoware/install/tier4_debug_msgs/lib:/autoware/install/autoware_auto_mapping_msgs/lib:/autoware/install/autoware_auto_geometry_msgs/lib:${LD_LIBRARY_PATH} PYTHONPATH=/autoware/install/dummy_perception_publisher/local/lib/python3.10/dist-packages:/autoware/install/tier4_perception_msgs/local/lib/python3.10/dist-packages:/autoware/install/autoware_auto_vehicle_msgs/local/lib/python3.10/dist-packages:/autoware/install/autoware_auto_planning_msgs/local/lib/python3.10/dist-packages:/autoware/install/autoware_auto_perception_msgs/local/lib/python3.10/dist-packages:/autoware/install/tier4_debug_msgs/local/lib/python3.10/dist-packages:/autoware/install/autoware_auto_mapping_msgs/local/lib/python3.10/dist-packages:/autoware/install/autoware_auto_geometry_msgs/local/lib/python3.10/dist-packages:${PYTHONPATH} /usr/bin/cmake --build /autoware/build/tier4_perception_rviz_plugin -- -j64 -l64
[14.085s] Invoking command in '/autoware/build/tier4_perception_rviz_plugin': AMENT_PREFIX_PATH=/autoware/install/dummy_perception_publisher:/autoware/install/tier4_autoware_utils:/autoware/install/tier4_perception_msgs:/autoware/install/autoware_auto_vehicle_msgs:/autoware/install/autoware_cmake:/autoware/install/autoware_auto_planning_msgs:/autoware/install/autoware_auto_perception_msgs:/autoware/install/tier4_debug_msgs:/autoware/install/autoware_lint_common:/autoware/install/autoware_auto_mapping_msgs:/autoware/install/autoware_auto_geometry_msgs:${AMENT_PREFIX_PATH} CMAKE_PREFIX_PATH=/autoware/install/dummy_perception_publisher:/autoware/install/tier4_autoware_utils:/autoware/install/tier4_perception_msgs:/autoware/install/autoware_auto_vehicle_msgs:/autoware/install/autoware_cmake:/autoware/install/autoware_auto_planning_msgs:/autoware/install/autoware_auto_perception_msgs:/autoware/install/tier4_debug_msgs:/autoware/install/autoware_lint_common:/autoware/install/autoware_auto_mapping_msgs:/autoware/install/autoware_auto_geometry_msgs:/opt/ros/humble LD_LIBRARY_PATH=/autoware/install/dummy_perception_publisher/lib:/autoware/install/tier4_autoware_utils/lib:/autoware/install/tier4_perception_msgs/lib:/autoware/install/autoware_auto_vehicle_msgs/lib:/autoware/install/autoware_auto_planning_msgs/lib:/autoware/install/autoware_auto_perception_msgs/lib:/autoware/install/tier4_debug_msgs/lib:/autoware/install/autoware_auto_mapping_msgs/lib:/autoware/install/autoware_auto_geometry_msgs/lib:${LD_LIBRARY_PATH} PYTHONPATH=/autoware/install/dummy_perception_publisher/local/lib/python3.10/dist-packages:/autoware/install/tier4_perception_msgs/local/lib/python3.10/dist-packages:/autoware/install/autoware_auto_vehicle_msgs/local/lib/python3.10/dist-packages:/autoware/install/autoware_auto_planning_msgs/local/lib/python3.10/dist-packages:/autoware/install/autoware_auto_perception_msgs/local/lib/python3.10/dist-packages:/autoware/install/tier4_debug_msgs/local/lib/python3.10/dist-packages:/autoware/install/autoware_auto_mapping_msgs/local/lib/python3.10/dist-packages:/autoware/install/autoware_auto_geometry_msgs/local/lib/python3.10/dist-packages:${PYTHONPATH} /usr/bin/cmake --install /autoware/build/tier4_perception_rviz_plugin
[14.093s] -- Install configuration: "Release"
[14.094s] -- Execute custom install script
[14.094s] -- Symlinking: /autoware/install/tier4_perception_rviz_plugin/share/tier4_perception_rviz_plugin/plugins/plugin_description.xml
[14.103s] -- Symlinking: /autoware/install/tier4_perception_rviz_plugin/share/tier4_perception_rviz_plugin/environment/library_path.sh
[14.112s] -- Symlinking: /autoware/install/tier4_perception_rviz_plugin/share/tier4_perception_rviz_plugin/environment/library_path.dsv
[14.121s] -- Symlinking: /autoware/install/tier4_perception_rviz_plugin/lib/libtier4_perception_rviz_plugin.so
[14.132s] -- Symlinking: /autoware/install/tier4_perception_rviz_plugin/share/tier4_perception_rviz_plugin/icons/classes/BusInitialPoseTool.png
[14.141s] -- Symlinking: /autoware/install/tier4_perception_rviz_plugin/share/tier4_perception_rviz_plugin/icons/classes/CarInitialPoseTool.png
[14.151s] -- Symlinking: /autoware/install/tier4_perception_rviz_plugin/share/tier4_perception_rviz_plugin/icons/classes/DeleteAllObjectsTool.png
[14.160s] -- Symlinking: /autoware/install/tier4_perception_rviz_plugin/share/tier4_perception_rviz_plugin/icons/classes/PedestrianInitialPoseTool.png
[14.169s] -- Symlinking: /autoware/install/tier4_perception_rviz_plugin/share/tier4_perception_rviz_plugin/icons/classes/UnknownInitialPoseTool.png
[14.178s] -- Up-to-date symlink: /autoware/install/tier4_perception_rviz_plugin/share/tier4_perception_rviz_plugin/plugins/plugin_description.xml
[14.178s] -- Symlinking: /autoware/install/tier4_perception_rviz_plugin/share/ament_index/resource_index/package_run_dependencies/tier4_perception_rviz_plugin
[14.187s] -- Symlinking: /autoware/install/tier4_perception_rviz_plugin/share/ament_index/resource_index/parent_prefix_path/tier4_perception_rviz_plugin
[14.195s] -- Symlinking: /autoware/install/tier4_perception_rviz_plugin/share/tier4_perception_rviz_plugin/environment/ament_prefix_path.sh
[14.203s] -- Symlinking: /autoware/install/tier4_perception_rviz_plugin/share/tier4_perception_rviz_plugin/environment/ament_prefix_path.dsv
[14.211s] -- Symlinking: /autoware/install/tier4_perception_rviz_plugin/share/tier4_perception_rviz_plugin/environment/path.sh
[14.219s] -- Symlinking: /autoware/install/tier4_perception_rviz_plugin/share/tier4_perception_rviz_plugin/environment/path.dsv
[14.227s] -- Symlinking: /autoware/install/tier4_perception_rviz_plugin/share/tier4_perception_rviz_plugin/local_setup.bash
[14.235s] -- Symlinking: /autoware/install/tier4_perception_rviz_plugin/share/tier4_perception_rviz_plugin/local_setup.sh
[14.245s] -- Symlinking: /autoware/install/tier4_perception_rviz_plugin/share/tier4_perception_rviz_plugin/local_setup.zsh
[14.253s] -- Symlinking: /autoware/install/tier4_perception_rviz_plugin/share/tier4_perception_rviz_plugin/local_setup.dsv
[14.262s] -- Symlinking: /autoware/install/tier4_perception_rviz_plugin/share/tier4_perception_rviz_plugin/package.dsv
[14.271s] -- Symlinking: /autoware/install/tier4_perception_rviz_plugin/share/ament_index/resource_index/packages/tier4_perception_rviz_plugin
[14.279s] -- Symlinking: /autoware/install/tier4_perception_rviz_plugin/share/ament_index/resource_index/rviz_common__pluginlib__plugin/tier4_perception_rviz_plugin
[14.287s] -- Symlinking: /autoware/install/tier4_perception_rviz_plugin/share/tier4_perception_rviz_plugin/cmake/ament_cmake_export_dependencies-extras.cmake
[14.297s] -- Symlinking: /autoware/install/tier4_perception_rviz_plugin/share/tier4_perception_rviz_plugin/cmake/ament_cmake_export_libraries-extras.cmake
[14.305s] -- Symlinking: /autoware/install/tier4_perception_rviz_plugin/share/tier4_perception_rviz_plugin/cmake/tier4_perception_rviz_pluginConfig.cmake
[14.314s] -- Symlinking: /autoware/install/tier4_perception_rviz_plugin/share/tier4_perception_rviz_plugin/cmake/tier4_perception_rviz_pluginConfig-version.cmake
[14.322s] -- Symlinking: /autoware/install/tier4_perception_rviz_plugin/share/tier4_perception_rviz_plugin/package.xml
[14.342s] Invoked command in '/autoware/build/tier4_perception_rviz_plugin' returned '0': AMENT_PREFIX_PATH=/autoware/install/dummy_perception_publisher:/autoware/install/tier4_autoware_utils:/autoware/install/tier4_perception_msgs:/autoware/install/autoware_auto_vehicle_msgs:/autoware/install/autoware_cmake:/autoware/install/autoware_auto_planning_msgs:/autoware/install/autoware_auto_perception_msgs:/autoware/install/tier4_debug_msgs:/autoware/install/autoware_lint_common:/autoware/install/autoware_auto_mapping_msgs:/autoware/install/autoware_auto_geometry_msgs:${AMENT_PREFIX_PATH} CMAKE_PREFIX_PATH=/autoware/install/dummy_perception_publisher:/autoware/install/tier4_autoware_utils:/autoware/install/tier4_perception_msgs:/autoware/install/autoware_auto_vehicle_msgs:/autoware/install/autoware_cmake:/autoware/install/autoware_auto_planning_msgs:/autoware/install/autoware_auto_perception_msgs:/autoware/install/tier4_debug_msgs:/autoware/install/autoware_lint_common:/autoware/install/autoware_auto_mapping_msgs:/autoware/install/autoware_auto_geometry_msgs:/opt/ros/humble LD_LIBRARY_PATH=/autoware/install/dummy_perception_publisher/lib:/autoware/install/tier4_autoware_utils/lib:/autoware/install/tier4_perception_msgs/lib:/autoware/install/autoware_auto_vehicle_msgs/lib:/autoware/install/autoware_auto_planning_msgs/lib:/autoware/install/autoware_auto_perception_msgs/lib:/autoware/install/tier4_debug_msgs/lib:/autoware/install/autoware_auto_mapping_msgs/lib:/autoware/install/autoware_auto_geometry_msgs/lib:${LD_LIBRARY_PATH} PYTHONPATH=/autoware/install/dummy_perception_publisher/local/lib/python3.10/dist-packages:/autoware/install/tier4_perception_msgs/local/lib/python3.10/dist-packages:/autoware/install/autoware_auto_vehicle_msgs/local/lib/python3.10/dist-packages:/autoware/install/autoware_auto_planning_msgs/local/lib/python3.10/dist-packages:/autoware/install/autoware_auto_perception_msgs/local/lib/python3.10/dist-packages:/autoware/install/tier4_debug_msgs/local/lib/python3.10/dist-packages:/autoware/install/autoware_auto_mapping_msgs/local/lib/python3.10/dist-packages:/autoware/install/autoware_auto_geometry_msgs/local/lib/python3.10/dist-packages:${PYTHONPATH} /usr/bin/cmake --install /autoware/build/tier4_perception_rviz_plugin
