-- Found autoware_cmake: 0.1.0 (/autoware/install/autoware_cmake/share/autoware_cmake/cmake)
-- Found ament_cmake_auto: 1.3.2 (/opt/ros/humble/share/ament_cmake_auto/cmake)
-- Override CMake install command with custom implementation using symlinks instead of copying resources
-- Found rosidl_generator_c: 3.1.3 (/opt/ros/humble/share/rosidl_generator_c/cmake)
-- Found rosidl_adapter: 3.1.3 (/opt/ros/humble/share/rosidl_adapter/cmake)
-- Found rosidl_generator_cpp: 3.1.3 (/opt/ros/humble/share/rosidl_generator_cpp/cmake)
-- Using all available rosidl_typesupport_c: rosidl_typesupport_fastrtps_c;rosidl_typesupport_introspection_c
-- Using all available rosidl_typesupport_cpp: rosidl_typesupport_fastrtps_cpp;rosidl_typesupport_introspection_cpp
-- Found rmw_implementation_cmake: 6.1.0 (/opt/ros/humble/share/rmw_implementation_cmake/cmake)
-- Found rmw_fastrtps_cpp: 6.2.1 (/opt/ros/humble/share/rmw_fastrtps_cpp/cmake)
-- Using RMW implementation 'rmw_fastrtps_cpp' as default
-- Found ament_lint_auto: 0.12.4 (/opt/ros/humble/share/ament_lint_auto/cmake)
CUDA_TOOLKIT_ROOT_DIR not found or specified
-- Could NOT find CUDA (missing: CUDA_TOOLKIT_ROOT_DIR CUDA_NVCC_EXECUTABLE CUDA_INCLUDE_DIRS CUDA_CUDART_LIBRARY) 
-- CUDA NOT FOUND
-- TensorRT is NOT Available
-- CUDNN is NOT Available
-- Checking and downloading mb2-ssd-lite-tlr.onnx
-- start mb2-ssd-lite-tlr.onnx
-- found mb2-ssd-lite-tlr.onnx
-- same mb2-ssd-lite-tlr.onnx
-- File already exists.
-- Download completed successfully!
-- Checking and downloading voc_labels_tl.txt
-- start voc_labels_tl.txt
-- found voc_labels_tl.txt
-- same voc_labels_tl.txt
-- File already exists.
-- Download completed successfully!
-- TrafficLightSSDFineDetector won't be built, CUDA and/or TensorRT were not found.
-- Added test 'copyright' to check source files copyright and LICENSE
-- Added test 'cppcheck' to perform static code analysis on C / C++ code
-- Configured cppcheck include dirs: 
-- Configured cppcheck exclude dirs and/or files: 
-- Added test 'lint_cmake' to check CMake code style
-- Added test 'xmllint' to check XML markup files
-- Configuring done
-- Generating done
-- Build files have been written to: /autoware/build/traffic_light_ssd_fine_detector
-- Install configuration: "Release"
-- Execute custom install script
-- Up-to-date symlink: /autoware/install/traffic_light_ssd_fine_detector/include/traffic_light_ssd_fine_detector/nodelet.hpp
-- Up-to-date symlink: /autoware/install/traffic_light_ssd_fine_detector/share/traffic_light_ssd_fine_detector/launch/traffic_light_ssd_fine_detector.launch.xml
-- Up-to-date symlink: /autoware/install/traffic_light_ssd_fine_detector/share/ament_index/resource_index/package_run_dependencies/traffic_light_ssd_fine_detector
-- Up-to-date symlink: /autoware/install/traffic_light_ssd_fine_detector/share/ament_index/resource_index/parent_prefix_path/traffic_light_ssd_fine_detector
-- Up-to-date symlink: /autoware/install/traffic_light_ssd_fine_detector/share/traffic_light_ssd_fine_detector/environment/ament_prefix_path.sh
-- Up-to-date symlink: /autoware/install/traffic_light_ssd_fine_detector/share/traffic_light_ssd_fine_detector/environment/ament_prefix_path.dsv
-- Up-to-date symlink: /autoware/install/traffic_light_ssd_fine_detector/share/traffic_light_ssd_fine_detector/environment/path.sh
-- Up-to-date symlink: /autoware/install/traffic_light_ssd_fine_detector/share/traffic_light_ssd_fine_detector/environment/path.dsv
-- Up-to-date symlink: /autoware/install/traffic_light_ssd_fine_detector/share/traffic_light_ssd_fine_detector/local_setup.bash
-- Up-to-date symlink: /autoware/install/traffic_light_ssd_fine_detector/share/traffic_light_ssd_fine_detector/local_setup.sh
-- Up-to-date symlink: /autoware/install/traffic_light_ssd_fine_detector/share/traffic_light_ssd_fine_detector/local_setup.zsh
-- Up-to-date symlink: /autoware/install/traffic_light_ssd_fine_detector/share/traffic_light_ssd_fine_detector/local_setup.dsv
-- Symlinking: /autoware/install/traffic_light_ssd_fine_detector/share/traffic_light_ssd_fine_detector/package.dsv
-- Up-to-date symlink: /autoware/install/traffic_light_ssd_fine_detector/share/ament_index/resource_index/packages/traffic_light_ssd_fine_detector
-- Up-to-date symlink: /autoware/install/traffic_light_ssd_fine_detector/share/traffic_light_ssd_fine_detector/cmake/ament_cmake_export_dependencies-extras.cmake
-- Up-to-date symlink: /autoware/install/traffic_light_ssd_fine_detector/share/traffic_light_ssd_fine_detector/cmake/ament_cmake_export_include_directories-extras.cmake
-- Up-to-date symlink: /autoware/install/traffic_light_ssd_fine_detector/share/traffic_light_ssd_fine_detector/cmake/traffic_light_ssd_fine_detectorConfig.cmake
-- Up-to-date symlink: /autoware/install/traffic_light_ssd_fine_detector/share/traffic_light_ssd_fine_detector/cmake/traffic_light_ssd_fine_detectorConfig-version.cmake
-- Up-to-date symlink: /autoware/install/traffic_light_ssd_fine_detector/share/traffic_light_ssd_fine_detector/package.xml
