[0.015s] Invoking command in '/autoware/build/component_state_monitor': AMENT_PREFIX_PATH=/autoware/install/tier4_system_msgs:/autoware/install/autoware_cmake:/autoware/install/autoware_lint_common:/autoware/install/autoware_common_msgs:${AMENT_PREFIX_PATH} CMAKE_PREFIX_PATH=/autoware/install/tier4_system_msgs:/autoware/install/autoware_cmake:/autoware/install/autoware_lint_common:/autoware/install/autoware_common_msgs:/opt/ros/humble LD_LIBRARY_PATH=/autoware/install/tier4_system_msgs/lib:/autoware/install/autoware_common_msgs/lib:${LD_LIBRARY_PATH} PYTHONPATH=/autoware/install/tier4_system_msgs/local/lib/python3.10/dist-packages:/autoware/install/autoware_common_msgs/local/lib/python3.10/dist-packages:${PYTHONPATH} /usr/bin/cmake /autoware/src/universe/autoware.universe/system/component_state_monitor -DCMAKE_BUILD_TYPE=Release -DAMENT_CMAKE_SYMLINK_INSTALL=1 -DCMAKE_INSTALL_PREFIX=/autoware/install/component_state_monitor
[0.057s] -- The C compiler identification is GNU 11.3.0
[0.102s] -- The CXX compiler identification is GNU 11.3.0
[0.108s] -- Detecting C compiler ABI info
[0.165s] -- Detecting C compiler ABI info - done
[0.172s] -- Check for working C compiler: /usr/bin/cc - skipped
[0.173s] -- Detecting C compile features
[0.173s] -- Detecting C compile features - done
[0.176s] -- Detecting CXX compiler ABI info
[0.251s] -- Detecting CXX compiler ABI info - done
[0.253s] -- Check for working CXX compiler: /usr/bin/c++ - skipped
[0.254s] -- Detecting CXX compile features
[0.254s] -- Detecting CXX compile features - done
[0.256s] -- Found autoware_cmake: 0.1.0 (/autoware/install/autoware_cmake/share/autoware_cmake/cmake)
[0.430s] -- Found Python3: /usr/bin/python3.10 (found version "3.10.6") found components: Interpreter 
[0.495s] -- Override CMake install command with custom implementation using symlinks instead of copying resources
[0.631s] -- Found rosidl_generator_c: 3.1.3 (/opt/ros/humble/share/rosidl_generator_c/cmake)
[0.636s] -- Found rosidl_adapter: 3.1.3 (/opt/ros/humble/share/rosidl_adapter/cmake)
[0.645s] -- Found rosidl_generator_cpp: 3.1.3 (/opt/ros/humble/share/rosidl_generator_cpp/cmake)
[0.659s] -- Using all available rosidl_typesupport_c: rosidl_typesupport_fastrtps_c;rosidl_typesupport_introspection_c
[0.679s] -- Using all available rosidl_typesupport_cpp: rosidl_typesupport_fastrtps_cpp;rosidl_typesupport_introspection_cpp
[0.880s] -- Found rmw_implementation_cmake: 6.1.0 (/opt/ros/humble/share/rmw_implementation_cmake/cmake)
[0.880s] -- Found rmw_fastrtps_cpp: 6.2.1 (/opt/ros/humble/share/rmw_fastrtps_cpp/cmake)
[0.947s] -- Found OpenSSL: /usr/lib/x86_64-linux-gnu/libcrypto.so (found version "3.0.2")  
[0.995s] -- Found FastRTPS: /opt/ros/humble/include  
[1.049s] -- Using RMW implementation 'rmw_fastrtps_cpp' as default
[1.437s] -- Found ament_lint_auto: 0.12.4 (/opt/ros/humble/share/ament_lint_auto/cmake)
[1.456s] -- Added test 'copyright' to check source files copyright and LICENSE
[1.457s] -- Added test 'cppcheck' to perform static code analysis on C / C++ code
[1.457s] -- Configured cppcheck include dirs: 
[1.457s] -- Configured cppcheck exclude dirs and/or files: 
[1.458s] -- Added test 'lint_cmake' to check CMake code style
[1.458s] -- Added test 'xmllint' to check XML markup files
[1.461s] -- Configuring done
[1.473s] -- Generating done
[1.474s] -- Build files have been written to: /autoware/build/component_state_monitor
[1.484s] Invoked command in '/autoware/build/component_state_monitor' returned '0': AMENT_PREFIX_PATH=/autoware/install/tier4_system_msgs:/autoware/install/autoware_cmake:/autoware/install/autoware_lint_common:/autoware/install/autoware_common_msgs:${AMENT_PREFIX_PATH} CMAKE_PREFIX_PATH=/autoware/install/tier4_system_msgs:/autoware/install/autoware_cmake:/autoware/install/autoware_lint_common:/autoware/install/autoware_common_msgs:/opt/ros/humble LD_LIBRARY_PATH=/autoware/install/tier4_system_msgs/lib:/autoware/install/autoware_common_msgs/lib:${LD_LIBRARY_PATH} PYTHONPATH=/autoware/install/tier4_system_msgs/local/lib/python3.10/dist-packages:/autoware/install/autoware_common_msgs/local/lib/python3.10/dist-packages:${PYTHONPATH} /usr/bin/cmake /autoware/src/universe/autoware.universe/system/component_state_monitor -DCMAKE_BUILD_TYPE=Release -DAMENT_CMAKE_SYMLINK_INSTALL=1 -DCMAKE_INSTALL_PREFIX=/autoware/install/component_state_monitor
[1.485s] Invoking command in '/autoware/build/component_state_monitor': AMENT_PREFIX_PATH=/autoware/install/tier4_system_msgs:/autoware/install/autoware_cmake:/autoware/install/autoware_lint_common:/autoware/install/autoware_common_msgs:${AMENT_PREFIX_PATH} CMAKE_PREFIX_PATH=/autoware/install/tier4_system_msgs:/autoware/install/autoware_cmake:/autoware/install/autoware_lint_common:/autoware/install/autoware_common_msgs:/opt/ros/humble LD_LIBRARY_PATH=/autoware/install/tier4_system_msgs/lib:/autoware/install/autoware_common_msgs/lib:${LD_LIBRARY_PATH} PYTHONPATH=/autoware/install/tier4_system_msgs/local/lib/python3.10/dist-packages:/autoware/install/autoware_common_msgs/local/lib/python3.10/dist-packages:${PYTHONPATH} /usr/bin/cmake --build /autoware/build/component_state_monitor -- -j64 -l64
[1.523s] [ 50%] Building CXX object CMakeFiles/component_state_monitor.dir/src/main.cpp.o
[15.432s] [100%] Linking CXX shared library libcomponent_state_monitor.so
[15.653s] [100%] Built target component_state_monitor
[15.671s] Invoked command in '/autoware/build/component_state_monitor' returned '0': AMENT_PREFIX_PATH=/autoware/install/tier4_system_msgs:/autoware/install/autoware_cmake:/autoware/install/autoware_lint_common:/autoware/install/autoware_common_msgs:${AMENT_PREFIX_PATH} CMAKE_PREFIX_PATH=/autoware/install/tier4_system_msgs:/autoware/install/autoware_cmake:/autoware/install/autoware_lint_common:/autoware/install/autoware_common_msgs:/opt/ros/humble LD_LIBRARY_PATH=/autoware/install/tier4_system_msgs/lib:/autoware/install/autoware_common_msgs/lib:${LD_LIBRARY_PATH} PYTHONPATH=/autoware/install/tier4_system_msgs/local/lib/python3.10/dist-packages:/autoware/install/autoware_common_msgs/local/lib/python3.10/dist-packages:${PYTHONPATH} /usr/bin/cmake --build /autoware/build/component_state_monitor -- -j64 -l64
[15.734s] Invoking command in '/autoware/build/component_state_monitor': AMENT_PREFIX_PATH=/autoware/install/tier4_system_msgs:/autoware/install/autoware_cmake:/autoware/install/autoware_lint_common:/autoware/install/autoware_common_msgs:${AMENT_PREFIX_PATH} CMAKE_PREFIX_PATH=/autoware/install/tier4_system_msgs:/autoware/install/autoware_cmake:/autoware/install/autoware_lint_common:/autoware/install/autoware_common_msgs:/opt/ros/humble LD_LIBRARY_PATH=/autoware/install/tier4_system_msgs/lib:/autoware/install/autoware_common_msgs/lib:${LD_LIBRARY_PATH} PYTHONPATH=/autoware/install/tier4_system_msgs/local/lib/python3.10/dist-packages:/autoware/install/autoware_common_msgs/local/lib/python3.10/dist-packages:${PYTHONPATH} /usr/bin/cmake --install /autoware/build/component_state_monitor
[15.746s] -- Install configuration: "Release"
[15.746s] -- Execute custom install script
[15.747s] -- Symlinking: /autoware/install/component_state_monitor/share/component_state_monitor/environment/library_path.sh
[15.767s] -- Symlinking: /autoware/install/component_state_monitor/share/component_state_monitor/environment/library_path.dsv
[15.778s] -- Symlinking: /autoware/install/component_state_monitor/lib/libcomponent_state_monitor.so
[15.790s] -- Symlinking: /autoware/install/component_state_monitor/share/component_state_monitor/config/topics.yaml
[15.803s] -- Symlinking: /autoware/install/component_state_monitor/share/component_state_monitor/launch/component_state_monitor.launch.py
[15.827s] -- Symlinking: /autoware/install/component_state_monitor/share/ament_index/resource_index/package_run_dependencies/component_state_monitor
[15.840s] -- Symlinking: /autoware/install/component_state_monitor/share/ament_index/resource_index/parent_prefix_path/component_state_monitor
[15.851s] -- Symlinking: /autoware/install/component_state_monitor/share/component_state_monitor/environment/ament_prefix_path.sh
[15.864s] -- Symlinking: /autoware/install/component_state_monitor/share/component_state_monitor/environment/ament_prefix_path.dsv
[15.873s] -- Symlinking: /autoware/install/component_state_monitor/share/component_state_monitor/environment/path.sh
[15.883s] -- Symlinking: /autoware/install/component_state_monitor/share/component_state_monitor/environment/path.dsv
[15.894s] -- Symlinking: /autoware/install/component_state_monitor/share/component_state_monitor/local_setup.bash
[15.905s] -- Symlinking: /autoware/install/component_state_monitor/share/component_state_monitor/local_setup.sh
[15.916s] -- Symlinking: /autoware/install/component_state_monitor/share/component_state_monitor/local_setup.zsh
[15.926s] -- Symlinking: /autoware/install/component_state_monitor/share/component_state_monitor/local_setup.dsv
[15.948s] -- Symlinking: /autoware/install/component_state_monitor/share/component_state_monitor/package.dsv
[15.968s] -- Symlinking: /autoware/install/component_state_monitor/share/ament_index/resource_index/packages/component_state_monitor
[15.992s] -- Symlinking: /autoware/install/component_state_monitor/share/ament_index/resource_index/rclcpp_components/component_state_monitor
[16.006s] -- Symlinking: /autoware/install/component_state_monitor/share/component_state_monitor/cmake/ament_cmake_export_dependencies-extras.cmake
[16.020s] -- Symlinking: /autoware/install/component_state_monitor/share/component_state_monitor/cmake/ament_cmake_export_libraries-extras.cmake
[16.033s] -- Symlinking: /autoware/install/component_state_monitor/share/component_state_monitor/cmake/component_state_monitorConfig.cmake
[16.046s] -- Symlinking: /autoware/install/component_state_monitor/share/component_state_monitor/cmake/component_state_monitorConfig-version.cmake
[16.061s] -- Symlinking: /autoware/install/component_state_monitor/share/component_state_monitor/package.xml
[16.085s] Invoked command in '/autoware/build/component_state_monitor' returned '0': AMENT_PREFIX_PATH=/autoware/install/tier4_system_msgs:/autoware/install/autoware_cmake:/autoware/install/autoware_lint_common:/autoware/install/autoware_common_msgs:${AMENT_PREFIX_PATH} CMAKE_PREFIX_PATH=/autoware/install/tier4_system_msgs:/autoware/install/autoware_cmake:/autoware/install/autoware_lint_common:/autoware/install/autoware_common_msgs:/opt/ros/humble LD_LIBRARY_PATH=/autoware/install/tier4_system_msgs/lib:/autoware/install/autoware_common_msgs/lib:${LD_LIBRARY_PATH} PYTHONPATH=/autoware/install/tier4_system_msgs/local/lib/python3.10/dist-packages:/autoware/install/autoware_common_msgs/local/lib/python3.10/dist-packages:${PYTHONPATH} /usr/bin/cmake --install /autoware/build/component_state_monitor
