[0.075s] Invoking command in '/autoware/build/autoware_auto_common': AMENT_PREFIX_PATH=/autoware/install/autoware_cmake:/autoware/install/autoware_lint_common:/autoware/install/ament_cmake_auto:${AMENT_PREFIX_PATH} CMAKE_PREFIX_PATH=/autoware/install/autoware_cmake:/autoware/install/autoware_lint_common:/autoware/install/ament_cmake_auto:/opt/ros/humble /usr/bin/cmake --build /autoware/build/autoware_auto_common -- -j64 -l64
[0.119s] -- Found autoware_cmake: 0.1.0 (/autoware/install/autoware_cmake/share/autoware_cmake/cmake)
[0.120s] -- Found ament_cmake_auto: 1.3.2 (/opt/ros/humble/share/ament_cmake_auto/cmake)
[0.486s] -- Override CMake install command with custom implementation using symlinks instead of copying resources
[0.488s] -- Found rosidl_generator_c: 3.1.3 (/opt/ros/humble/share/rosidl_generator_c/cmake)
[0.493s] -- Found rosidl_adapter: 3.1.3 (/opt/ros/humble/share/rosidl_adapter/cmake)
[0.493s] -- Found rosidl_generator_cpp: 3.1.3 (/opt/ros/humble/share/rosidl_generator_cpp/cmake)
[0.494s] -- Using all available rosidl_typesupport_c: rosidl_typesupport_fastrtps_c;rosidl_typesupport_introspection_c
[0.607s] -- Using all available rosidl_typesupport_cpp: rosidl_typesupport_fastrtps_cpp;rosidl_typesupport_introspection_cpp
[0.607s] -- Found ament_lint_auto: 0.12.4 (/opt/ros/humble/share/ament_lint_auto/cmake)
[0.607s] -- Found gtest sources under '/opt/ros/humble/src/gtest_vendor': C++ tests using 'Google Test' will be built
[0.607s] -- Added test 'copyright' to check source files copyright and LICENSE
[0.607s] -- Added test 'cppcheck' to perform static code analysis on C / C++ code
[0.607s] -- Configured cppcheck include dirs: /autoware/src/universe/autoware.universe/common/autoware_auto_common/include
[0.607s] -- Configured cppcheck exclude dirs and/or files: 
[0.607s] -- Added test 'lint_cmake' to check CMake code style
[0.607s] -- Added test 'xmllint' to check XML markup files
[0.608s] -- Configuring done
[0.608s] -- Generating done
[0.608s] -- Build files have been written to: /autoware/build/autoware_auto_common
[0.613s] Consolidate compiler generated dependencies of target gtest
[0.613s] Consolidate compiler generated dependencies of target gtest_main
[0.613s] [ 13%] Built target gtest
[0.613s] [ 26%] Built target gtest_main
[0.730s] Consolidate compiler generated dependencies of target test_common_gtest
[0.731s] [100%] Built target test_common_gtest
[0.847s] Invoked command in '/autoware/build/autoware_auto_common' returned '0': AMENT_PREFIX_PATH=/autoware/install/autoware_cmake:/autoware/install/autoware_lint_common:/autoware/install/ament_cmake_auto:${AMENT_PREFIX_PATH} CMAKE_PREFIX_PATH=/autoware/install/autoware_cmake:/autoware/install/autoware_lint_common:/autoware/install/ament_cmake_auto:/opt/ros/humble /usr/bin/cmake --build /autoware/build/autoware_auto_common -- -j64 -l64
[1.176s] Invoking command in '/autoware/build/autoware_auto_common': AMENT_PREFIX_PATH=/autoware/install/autoware_cmake:/autoware/install/autoware_lint_common:/autoware/install/ament_cmake_auto:${AMENT_PREFIX_PATH} CMAKE_PREFIX_PATH=/autoware/install/autoware_cmake:/autoware/install/autoware_lint_common:/autoware/install/ament_cmake_auto:/opt/ros/humble /usr/bin/cmake --install /autoware/build/autoware_auto_common
[1.312s] -- Install configuration: "Release"
[1.312s] -- Execute custom install script
[1.312s] -- Up-to-date symlink: /autoware/install/autoware_auto_common/include/common/type_traits.hpp
[1.312s] -- Up-to-date symlink: /autoware/install/autoware_auto_common/include/common/types.hpp
[1.313s] -- Up-to-date symlink: /autoware/install/autoware_auto_common/include/common/visibility_control.hpp
[1.313s] -- Up-to-date symlink: /autoware/install/autoware_auto_common/include/helper_functions/angle_utils.hpp
[1.313s] -- Up-to-date symlink: /autoware/install/autoware_auto_common/include/helper_functions/bool_comparisons.hpp
[1.313s] -- Up-to-date symlink: /autoware/install/autoware_auto_common/include/helper_functions/byte_reader.hpp
[1.313s] -- Up-to-date symlink: /autoware/install/autoware_auto_common/include/helper_functions/crtp.hpp
[1.313s] -- Up-to-date symlink: /autoware/install/autoware_auto_common/include/helper_functions/float_comparisons.hpp
[1.313s] -- Up-to-date symlink: /autoware/install/autoware_auto_common/include/helper_functions/mahalanobis_distance.hpp
[1.313s] -- Up-to-date symlink: /autoware/install/autoware_auto_common/include/helper_functions/message_adapters.hpp
[1.313s] -- Up-to-date symlink: /autoware/install/autoware_auto_common/include/helper_functions/template_utils.hpp
[1.313s] -- Up-to-date symlink: /autoware/install/autoware_auto_common/include/helper_functions/type_name.hpp
[1.314s] -- Up-to-date symlink: /autoware/install/autoware_auto_common/share/ament_index/resource_index/package_run_dependencies/autoware_auto_common
[1.314s] -- Up-to-date symlink: /autoware/install/autoware_auto_common/share/ament_index/resource_index/parent_prefix_path/autoware_auto_common
[1.314s] -- Up-to-date symlink: /autoware/install/autoware_auto_common/share/autoware_auto_common/environment/ament_prefix_path.sh
[1.314s] -- Up-to-date symlink: /autoware/install/autoware_auto_common/share/autoware_auto_common/environment/ament_prefix_path.dsv
[1.314s] -- Up-to-date symlink: /autoware/install/autoware_auto_common/share/autoware_auto_common/environment/path.sh
[1.314s] -- Up-to-date symlink: /autoware/install/autoware_auto_common/share/autoware_auto_common/environment/path.dsv
[1.314s] -- Up-to-date symlink: /autoware/install/autoware_auto_common/share/autoware_auto_common/local_setup.bash
[1.319s] -- Up-to-date symlink: /autoware/install/autoware_auto_common/share/autoware_auto_common/local_setup.sh
[1.320s] -- Up-to-date symlink: /autoware/install/autoware_auto_common/share/autoware_auto_common/local_setup.zsh
[1.320s] -- Up-to-date symlink: /autoware/install/autoware_auto_common/share/autoware_auto_common/local_setup.dsv
[1.320s] -- Symlinking: /autoware/install/autoware_auto_common/share/autoware_auto_common/package.dsv
[1.357s] -- Up-to-date symlink: /autoware/install/autoware_auto_common/share/ament_index/resource_index/packages/autoware_auto_common
[1.357s] -- Up-to-date symlink: /autoware/install/autoware_auto_common/share/autoware_auto_common/cmake/ament_cmake_export_dependencies-extras.cmake
[1.357s] -- Up-to-date symlink: /autoware/install/autoware_auto_common/share/autoware_auto_common/cmake/ament_cmake_export_include_directories-extras.cmake
[1.357s] -- Up-to-date symlink: /autoware/install/autoware_auto_common/share/autoware_auto_common/cmake/autoware_auto_commonConfig.cmake
[1.357s] -- Up-to-date symlink: /autoware/install/autoware_auto_common/share/autoware_auto_common/cmake/autoware_auto_commonConfig-version.cmake
[1.357s] -- Up-to-date symlink: /autoware/install/autoware_auto_common/share/autoware_auto_common/package.xml
[1.406s] Invoked command in '/autoware/build/autoware_auto_common' returned '0': AMENT_PREFIX_PATH=/autoware/install/autoware_cmake:/autoware/install/autoware_lint_common:/autoware/install/ament_cmake_auto:${AMENT_PREFIX_PATH} CMAKE_PREFIX_PATH=/autoware/install/autoware_cmake:/autoware/install/autoware_lint_common:/autoware/install/ament_cmake_auto:/opt/ros/humble /usr/bin/cmake --install /autoware/build/autoware_auto_common
