-- The C compiler identification is GNU 11.3.0
-- The CXX compiler identification is GNU 11.3.0
-- Detecting C compiler ABI info
-- Detecting C compiler ABI info - done
-- Check for working C compiler: /usr/bin/cc - skipped
-- Detecting C compile features
-- Detecting C compile features - done
-- Detecting CXX compiler ABI info
-- Detecting CXX compiler ABI info - done
-- Check for working CXX compiler: /usr/bin/c++ - skipped
-- Detecting CXX compile features
-- Detecting CXX compile features - done
-- Found autoware_cmake: 0.1.0 (/autoware/install/autoware_cmake/share/autoware_cmake/cmake)
-- Found Python3: /usr/bin/python3.10 (found version "3.10.6") found components: Interpreter 
-- Override CMake install command with custom implementation using symlinks instead of copying resources
-- Found rosidl_generator_c: 3.1.3 (/opt/ros/humble/share/rosidl_generator_c/cmake)
-- Found rosidl_adapter: 3.1.3 (/opt/ros/humble/share/rosidl_adapter/cmake)
-- Found rosidl_generator_cpp: 3.1.3 (/opt/ros/humble/share/rosidl_generator_cpp/cmake)
-- Using all available rosidl_typesupport_c: rosidl_typesupport_fastrtps_c;rosidl_typesupport_introspection_c
-- Using all available rosidl_typesupport_cpp: rosidl_typesupport_fastrtps_cpp;rosidl_typesupport_introspection_cpp
-- Found rmw_implementation_cmake: 6.1.0 (/opt/ros/humble/share/rmw_implementation_cmake/cmake)
-- Found rmw_fastrtps_cpp: 6.2.1 (/opt/ros/humble/share/rmw_fastrtps_cpp/cmake)
-- Found OpenSSL: /usr/lib/x86_64-linux-gnu/libcrypto.so (found version "3.0.2")  
-- Found FastRTPS: /opt/ros/humble/include  
-- Using RMW implementation 'rmw_fastrtps_cpp' as default
-- Found ament_lint_auto: 0.12.4 (/opt/ros/humble/share/ament_lint_auto/cmake)
-- Added test 'copyright' to check source files copyright and LICENSE
-- Added test 'cppcheck' to perform static code analysis on C / C++ code
-- Configured cppcheck include dirs: /autoware/src/universe/autoware.universe/system/dummy_infrastructure/include
-- Configured cppcheck exclude dirs and/or files: 
-- Added test 'lint_cmake' to check CMake code style
-- Added test 'xmllint' to check XML markup files
-- Configuring done
-- Generating done
-- Build files have been written to: /autoware/build/dummy_infrastructure
[ 25%] Building CXX object CMakeFiles/dummy_infrastructure_node.dir/rclcpp_components/node_main_dummy_infrastructure_node.cpp.o
[ 50%] Building CXX object CMakeFiles/dummy_infrastructure_node_component.dir/src/dummy_infrastructure_node/dummy_infrastructure_node.cpp.o
[ 75%] Linking CXX executable dummy_infrastructure_node
[ 75%] Built target dummy_infrastructure_node
[100%] Linking CXX shared library libdummy_infrastructure_node_component.so
[100%] Built target dummy_infrastructure_node_component
-- Install configuration: "Release"
-- Execute custom install script
-- Symlinking: /autoware/install/dummy_infrastructure/lib/dummy_infrastructure/dummy_infrastructure_node
-- Symlinking: /autoware/install/dummy_infrastructure/include/dummy_infrastructure/dummy_infrastructure_node.hpp
-- Symlinking: /autoware/install/dummy_infrastructure/share/dummy_infrastructure/environment/library_path.sh
-- Symlinking: /autoware/install/dummy_infrastructure/share/dummy_infrastructure/environment/library_path.dsv
-- Symlinking: /autoware/install/dummy_infrastructure/lib/libdummy_infrastructure_node_component.so
-- Symlinking: /autoware/install/dummy_infrastructure/share/dummy_infrastructure/config/dummy_infrastructure.param.yaml
-- Symlinking: /autoware/install/dummy_infrastructure/share/dummy_infrastructure/launch/dummy_infrastructure.launch.xml
-- Symlinking: /autoware/install/dummy_infrastructure/share/ament_index/resource_index/package_run_dependencies/dummy_infrastructure
-- Symlinking: /autoware/install/dummy_infrastructure/share/ament_index/resource_index/parent_prefix_path/dummy_infrastructure
-- Symlinking: /autoware/install/dummy_infrastructure/share/dummy_infrastructure/environment/ament_prefix_path.sh
-- Symlinking: /autoware/install/dummy_infrastructure/share/dummy_infrastructure/environment/ament_prefix_path.dsv
-- Symlinking: /autoware/install/dummy_infrastructure/share/dummy_infrastructure/environment/path.sh
-- Symlinking: /autoware/install/dummy_infrastructure/share/dummy_infrastructure/environment/path.dsv
-- Symlinking: /autoware/install/dummy_infrastructure/share/dummy_infrastructure/local_setup.bash
-- Symlinking: /autoware/install/dummy_infrastructure/share/dummy_infrastructure/local_setup.sh
-- Symlinking: /autoware/install/dummy_infrastructure/share/dummy_infrastructure/local_setup.zsh
-- Symlinking: /autoware/install/dummy_infrastructure/share/dummy_infrastructure/local_setup.dsv
-- Symlinking: /autoware/install/dummy_infrastructure/share/dummy_infrastructure/package.dsv
-- Symlinking: /autoware/install/dummy_infrastructure/share/ament_index/resource_index/packages/dummy_infrastructure
-- Symlinking: /autoware/install/dummy_infrastructure/share/ament_index/resource_index/rclcpp_components/dummy_infrastructure
-- Symlinking: /autoware/install/dummy_infrastructure/share/dummy_infrastructure/cmake/ament_cmake_export_dependencies-extras.cmake
-- Symlinking: /autoware/install/dummy_infrastructure/share/dummy_infrastructure/cmake/ament_cmake_export_include_directories-extras.cmake
-- Symlinking: /autoware/install/dummy_infrastructure/share/dummy_infrastructure/cmake/ament_cmake_export_libraries-extras.cmake
-- Symlinking: /autoware/install/dummy_infrastructure/share/dummy_infrastructure/cmake/dummy_infrastructureConfig.cmake
-- Symlinking: /autoware/install/dummy_infrastructure/share/dummy_infrastructure/cmake/dummy_infrastructureConfig-version.cmake
-- Symlinking: /autoware/install/dummy_infrastructure/share/dummy_infrastructure/package.xml
