-- The C compiler identification is GNU 11.3.0
-- The CXX compiler identification is GNU 11.3.0
-- Detecting C compiler ABI info
-- Detecting C compiler ABI info - done
-- Check for working C compiler: /usr/bin/cc - skipped
-- Detecting C compile features
-- Detecting C compile features - done
-- Detecting CXX compiler ABI info
-- Detecting CXX compiler ABI info - done
-- Check for working CXX compiler: /usr/bin/c++ - skipped
-- Detecting CXX compile features
-- Detecting CXX compile features - done
-- Found autoware_cmake: 0.1.0 (/autoware/install/autoware_cmake/share/autoware_cmake/cmake)
-- Found Python3: /usr/bin/python3.10 (found version "3.10.6") found components: Interpreter 
-- Override CMake install command with custom implementation using symlinks instead of copying resources
-- Found rosidl_generator_c: 3.1.3 (/opt/ros/humble/share/rosidl_generator_c/cmake)
-- Found rosidl_adapter: 3.1.3 (/opt/ros/humble/share/rosidl_adapter/cmake)
-- Found rosidl_generator_cpp: 3.1.3 (/opt/ros/humble/share/rosidl_generator_cpp/cmake)
-- Using all available rosidl_typesupport_c: rosidl_typesupport_fastrtps_c;rosidl_typesupport_introspection_c
-- Using all available rosidl_typesupport_cpp: rosidl_typesupport_fastrtps_cpp;rosidl_typesupport_introspection_cpp
-- Found rmw_implementation_cmake: 6.1.0 (/opt/ros/humble/share/rmw_implementation_cmake/cmake)
-- Found rmw_fastrtps_cpp: 6.2.1 (/opt/ros/humble/share/rmw_fastrtps_cpp/cmake)
-- Found OpenSSL: /usr/lib/x86_64-linux-gnu/libcrypto.so (found version "3.0.2")  
-- Found FastRTPS: /opt/ros/humble/include  
-- Using RMW implementation 'rmw_fastrtps_cpp' as default
-- Found ament_lint_auto: 0.12.4 (/opt/ros/humble/share/ament_lint_auto/cmake)
-- Found gtest sources under '/opt/ros/humble/src/gtest_vendor': C++ tests using 'Google Test' will be built
-- Looking for pthread.h
-- Looking for pthread.h - found
-- Performing Test CMAKE_HAVE_LIBC_PTHREAD
-- Performing Test CMAKE_HAVE_LIBC_PTHREAD - Success
-- Found Threads: TRUE  
-- Added test 'copyright' to check source files copyright and LICENSE
-- Added test 'cppcheck' to perform static code analysis on C / C++ code
-- Configured cppcheck include dirs: /autoware/src/universe/autoware.universe/common/signal_processing/include;/autoware/src/universe/autoware.universe/common/signal_processing/test/include
-- Configured cppcheck exclude dirs and/or files: 
-- Added test 'lint_cmake' to check CMake code style
-- Added test 'xmllint' to check XML markup files
-- Configuring done
-- Generating done
-- Build files have been written to: /autoware/build/signal_processing
[  8%] Building CXX object gtest/CMakeFiles/gtest.dir/src/gtest-all.cc.o
[ 16%] Building CXX object CMakeFiles/lowpass_filters.dir/src/lowpass_filter_1d.cpp.o
[ 25%] Building CXX object CMakeFiles/lowpass_filters.dir/src/lowpass_filter.cpp.o
[ 33%] Building CXX object CMakeFiles/lowpass_filters.dir/src/butterworth.cpp.o
[ 41%] Building CXX object gtest/CMakeFiles/gtest_main.dir/src/gtest_main.cc.o
[ 50%] Linking CXX static library libgtest_main.a
[ 50%] Built target gtest_main
[ 58%] Linking CXX shared library liblowpass_filters.so
[ 58%] Built target lowpass_filters
[ 66%] Linking CXX static library libgtest.a
[ 66%] Built target gtest
[ 75%] Building CXX object CMakeFiles/test_signal_processing.dir/test/src/butterworth_filter_test.cpp.o
[ 83%] Building CXX object CMakeFiles/test_signal_processing.dir/test/src/lowpass_filter_1d_test.cpp.o
[ 91%] Building CXX object CMakeFiles/test_signal_processing.dir/test/src/lowpass_filter_test.cpp.o
[100%] Linking CXX executable test_signal_processing
[100%] Built target test_signal_processing
-- Install configuration: "Release"
-- Execute custom install script
-- Symlinking: /autoware/install/signal_processing/include/signal_processing/butterworth.hpp
-- Symlinking: /autoware/install/signal_processing/include/signal_processing/lowpass_filter.hpp
-- Symlinking: /autoware/install/signal_processing/include/signal_processing/lowpass_filter_1d.hpp
-- Symlinking: /autoware/install/signal_processing/share/signal_processing/environment/library_path.sh
-- Symlinking: /autoware/install/signal_processing/share/signal_processing/environment/library_path.dsv
-- Symlinking: /autoware/install/signal_processing/lib/liblowpass_filters.so
-- Symlinking: /autoware/install/signal_processing/share/ament_index/resource_index/package_run_dependencies/signal_processing
-- Symlinking: /autoware/install/signal_processing/share/ament_index/resource_index/parent_prefix_path/signal_processing
-- Symlinking: /autoware/install/signal_processing/share/signal_processing/environment/ament_prefix_path.sh
-- Symlinking: /autoware/install/signal_processing/share/signal_processing/environment/ament_prefix_path.dsv
-- Symlinking: /autoware/install/signal_processing/share/signal_processing/environment/path.sh
-- Symlinking: /autoware/install/signal_processing/share/signal_processing/environment/path.dsv
-- Symlinking: /autoware/install/signal_processing/share/signal_processing/local_setup.bash
-- Symlinking: /autoware/install/signal_processing/share/signal_processing/local_setup.sh
-- Symlinking: /autoware/install/signal_processing/share/signal_processing/local_setup.zsh
-- Symlinking: /autoware/install/signal_processing/share/signal_processing/local_setup.dsv
-- Symlinking: /autoware/install/signal_processing/share/signal_processing/package.dsv
-- Symlinking: /autoware/install/signal_processing/share/ament_index/resource_index/packages/signal_processing
-- Symlinking: /autoware/install/signal_processing/share/signal_processing/cmake/ament_cmake_export_dependencies-extras.cmake
-- Symlinking: /autoware/install/signal_processing/share/signal_processing/cmake/ament_cmake_export_include_directories-extras.cmake
-- Symlinking: /autoware/install/signal_processing/share/signal_processing/cmake/ament_cmake_export_libraries-extras.cmake
-- Symlinking: /autoware/install/signal_processing/share/signal_processing/cmake/signal_processingConfig.cmake
-- Symlinking: /autoware/install/signal_processing/share/signal_processing/cmake/signal_processingConfig-version.cmake
-- Symlinking: /autoware/install/signal_processing/share/signal_processing/package.xml
