[0.124s] Invoking command in '/autoware/build/mussp': AMENT_PREFIX_PATH=/autoware/install/ament_cmake_auto:${AMENT_PREFIX_PATH} CMAKE_PREFIX_PATH=/autoware/install/ament_cmake_auto:/opt/ros/humble /usr/bin/cmake --build /autoware/build/mussp -- -j64 -l64
[0.231s] Consolidate compiler generated dependencies of target mussp
[0.231s] [100%] Built target mussp
[0.232s] Invoked command in '/autoware/build/mussp' returned '0': AMENT_PREFIX_PATH=/autoware/install/ament_cmake_auto:${AMENT_PREFIX_PATH} CMAKE_PREFIX_PATH=/autoware/install/ament_cmake_auto:/opt/ros/humble /usr/bin/cmake --build /autoware/build/mussp -- -j64 -l64
[0.250s] Invoking command in '/autoware/build/mussp': AMENT_PREFIX_PATH=/autoware/install/ament_cmake_auto:${AMENT_PREFIX_PATH} CMAKE_PREFIX_PATH=/autoware/install/ament_cmake_auto:/opt/ros/humble /usr/bin/cmake --install /autoware/build/mussp
[0.258s] -- Install configuration: "Release"
[0.258s] -- Execute custom install script
[0.259s] -- Up-to-date symlink: /autoware/install/mussp/include/mussp/Graph.h
[0.259s] -- Up-to-date symlink: /autoware/install/mussp/include/mussp/Node.h
[0.259s] -- Up-to-date symlink: /autoware/install/mussp/include/mussp/Sink.h
[0.259s] -- Up-to-date symlink: /autoware/install/mussp/include/mussp/mussp.h
[0.260s] -- Up-to-date symlink: /autoware/install/mussp/share/mussp/environment/library_path.sh
[0.260s] -- Up-to-date symlink: /autoware/install/mussp/share/mussp/environment/library_path.dsv
[0.260s] -- Up-to-date symlink: /autoware/install/mussp/lib/libmussp.so
[0.260s] -- Up-to-date symlink: /autoware/install/mussp/share/ament_index/resource_index/package_run_dependencies/mussp
[0.261s] -- Up-to-date symlink: /autoware/install/mussp/share/ament_index/resource_index/parent_prefix_path/mussp
[0.261s] -- Up-to-date symlink: /autoware/install/mussp/share/mussp/environment/ament_prefix_path.sh
[0.261s] -- Up-to-date symlink: /autoware/install/mussp/share/mussp/environment/ament_prefix_path.dsv
[0.261s] -- Up-to-date symlink: /autoware/install/mussp/share/mussp/environment/path.sh
[0.261s] -- Up-to-date symlink: /autoware/install/mussp/share/mussp/environment/path.dsv
[0.262s] -- Up-to-date symlink: /autoware/install/mussp/share/mussp/local_setup.bash
[0.262s] -- Up-to-date symlink: /autoware/install/mussp/share/mussp/local_setup.sh
[0.262s] -- Up-to-date symlink: /autoware/install/mussp/share/mussp/local_setup.zsh
[0.262s] -- Up-to-date symlink: /autoware/install/mussp/share/mussp/local_setup.dsv
[0.263s] -- Symlinking: /autoware/install/mussp/share/mussp/package.dsv
[0.272s] -- Up-to-date symlink: /autoware/install/mussp/share/ament_index/resource_index/packages/mussp
[0.272s] -- Up-to-date symlink: /autoware/install/mussp/share/mussp/cmake/ament_cmake_export_include_directories-extras.cmake
[0.273s] -- Up-to-date symlink: /autoware/install/mussp/share/mussp/cmake/ament_cmake_export_libraries-extras.cmake
[0.273s] -- Up-to-date symlink: /autoware/install/mussp/share/mussp/cmake/musspConfig.cmake
[0.273s] -- Up-to-date symlink: /autoware/install/mussp/share/mussp/cmake/musspConfig-version.cmake
[0.273s] -- Up-to-date symlink: /autoware/install/mussp/share/mussp/package.xml
[0.284s] Invoked command in '/autoware/build/mussp' returned '0': AMENT_PREFIX_PATH=/autoware/install/ament_cmake_auto:${AMENT_PREFIX_PATH} CMAKE_PREFIX_PATH=/autoware/install/ament_cmake_auto:/opt/ros/humble /usr/bin/cmake --install /autoware/build/mussp
