[0.028s] Invoking command in '/autoware/build/autoware_point_types': AMENT_PREFIX_PATH=/autoware/install/autoware_cmake:/autoware/install/autoware_lint_common:${AMENT_PREFIX_PATH} CMAKE_PREFIX_PATH=/autoware/install/autoware_cmake:/autoware/install/autoware_lint_common:/opt/ros/humble /usr/bin/cmake /autoware/src/universe/autoware.universe/common/autoware_point_types -DCMAKE_BUILD_TYPE=Release -DAMENT_CMAKE_SYMLINK_INSTALL=1 -DCMAKE_INSTALL_PREFIX=/autoware/install/autoware_point_types
[0.095s] -- The C compiler identification is GNU 11.3.0
[0.234s] -- The CXX compiler identification is GNU 11.3.0
[0.234s] -- Detecting C compiler ABI info
[0.311s] -- Detecting C compiler ABI info - done
[0.359s] -- Check for working C compiler: /usr/bin/cc - skipped
[0.359s] -- Detecting C compile features
[0.359s] -- Detecting C compile features - done
[0.359s] -- Detecting CXX compiler ABI info
[0.402s] -- Detecting CXX compiler ABI info - done
[0.414s] -- Check for working CXX compiler: /usr/bin/c++ - skipped
[0.415s] -- Detecting CXX compile features
[0.415s] -- Detecting CXX compile features - done
[0.416s] -- Found autoware_cmake: 0.1.0 (/autoware/install/autoware_cmake/share/autoware_cmake/cmake)
[0.649s] -- Found Python3: /usr/bin/python3.10 (found version "3.10.6") found components: Interpreter 
[0.695s] -- Override CMake install command with custom implementation using symlinks instead of copying resources
[0.870s] -- Found rosidl_generator_c: 3.1.3 (/opt/ros/humble/share/rosidl_generator_c/cmake)
[0.918s] -- Found rosidl_adapter: 3.1.3 (/opt/ros/humble/share/rosidl_adapter/cmake)
[0.918s] -- Found rosidl_generator_cpp: 3.1.3 (/opt/ros/humble/share/rosidl_generator_cpp/cmake)
[0.920s] -- Using all available rosidl_typesupport_c: rosidl_typesupport_fastrtps_c;rosidl_typesupport_introspection_c
[0.955s] -- Using all available rosidl_typesupport_cpp: rosidl_typesupport_fastrtps_cpp;rosidl_typesupport_introspection_cpp
[1.125s] -- Found rmw_implementation_cmake: 6.1.0 (/opt/ros/humble/share/rmw_implementation_cmake/cmake)
[1.125s] -- Found rmw_fastrtps_cpp: 6.2.1 (/opt/ros/humble/share/rmw_fastrtps_cpp/cmake)
[1.238s] -- Found OpenSSL: /usr/lib/x86_64-linux-gnu/libcrypto.so (found version "3.0.2")  
[1.280s] -- Found FastRTPS: /opt/ros/humble/include  
[1.357s] -- Using RMW implementation 'rmw_fastrtps_cpp' as default
[2.438s] -- Found eigen3_cmake_module: 0.1.1 (/opt/ros/humble/share/eigen3_cmake_module/cmake)
[2.440s] -- Found Eigen3: TRUE (found version "3.4.0") 
[2.441s] -- Ensuring Eigen3 include directory is part of orocos-kdl CMake target
[3.330s] -- Checking for module 'eigen3'
[3.423s] --   Found eigen3, version 3.4.0
[3.666s] -- Found Eigen: /usr/include/eigen3 (Required is at least version "3.1") 
[3.666s] -- Eigen found (include: /usr/include/eigen3, version: 3.4.0)
[3.767s] -- Checking for module 'flann'
[3.779s] --   Found flann, version 1.9.1
[3.845s] -- Found FLANN: /usr/lib/x86_64-linux-gnu/libflann_cpp.so  
[3.846s] -- FLANN found (include: /usr/include, lib: /usr/lib/x86_64-linux-gnu/libflann_cpp.so)
[5.322s] -- Checking for module 'libusb-1.0'
[5.340s] --   Found libusb-1.0, version 1.0.25
[5.398s] -- Found libusb: /usr/lib/x86_64-linux-gnu/libusb-1.0.so  
[5.398s] -- OpenNI found (version: 1.5.4.0, include: /usr/include/ni, lib: /usr/lib/libOpenNI.so;libusb::libusb)
[5.451s] -- OpenNI2 found (version: 2.2.0.33, include: /usr/include/openni2, lib: /usr/lib/x86_64-linux-gnu/libOpenNI2.so;libusb::libusb)
[5.680s] -- Eigen found (include: /usr/include/eigen3, version: 3.4.0)
[5.689s] -- OpenNI found (version: 1.5.4.0, include: /usr/include/ni, lib: /usr/lib/libOpenNI.so;libusb::libusb)
[5.712s] -- OpenNI2 found (version: 2.2.0.33, include: /usr/include/openni2, lib: /usr/lib/x86_64-linux-gnu/libOpenNI2.so;libusb::libusb)
[6.076s] -- Found Qhull version 8.0.2
[6.293s] -- OpenNI found (version: 1.5.4.0, include: /usr/include/ni, lib: /usr/lib/libOpenNI.so;libusb::libusb)
[6.493s] -- Found PCL_COMMON: /usr/lib/x86_64-linux-gnu/libpcl_common.so  
[6.494s] -- Found PCL_KDTREE: /usr/lib/x86_64-linux-gnu/libpcl_kdtree.so  
[6.495s] -- Found PCL_OCTREE: /usr/lib/x86_64-linux-gnu/libpcl_octree.so  
[6.496s] -- Found PCL_SEARCH: /usr/lib/x86_64-linux-gnu/libpcl_search.so  
[6.497s] -- Found PCL_SAMPLE_CONSENSUS: /usr/lib/x86_64-linux-gnu/libpcl_sample_consensus.so  
[6.498s] -- Found PCL_FILTERS: /usr/lib/x86_64-linux-gnu/libpcl_filters.so  
[6.499s] -- Found PCL_2D: /usr/include/pcl-1.12  
[6.500s] -- Found PCL_GEOMETRY: /usr/include/pcl-1.12  
[6.501s] -- Found PCL_IO: /usr/lib/x86_64-linux-gnu/libpcl_io.so  
[6.502s] -- Found PCL_FEATURES: /usr/lib/x86_64-linux-gnu/libpcl_features.so  
[6.504s] -- Found PCL_ML: /usr/lib/x86_64-linux-gnu/libpcl_ml.so  
[6.505s] -- Found PCL_SEGMENTATION: /usr/lib/x86_64-linux-gnu/libpcl_segmentation.so  
[6.506s] -- Found PCL_VISUALIZATION: /usr/lib/x86_64-linux-gnu/libpcl_visualization.so  
[6.507s] -- Found PCL_SURFACE: /usr/lib/x86_64-linux-gnu/libpcl_surface.so  
[6.509s] -- Found PCL_REGISTRATION: /usr/lib/x86_64-linux-gnu/libpcl_registration.so  
[6.510s] -- Found PCL_KEYPOINTS: /usr/lib/x86_64-linux-gnu/libpcl_keypoints.so  
[6.511s] -- Found PCL_TRACKING: /usr/lib/x86_64-linux-gnu/libpcl_tracking.so  
[6.513s] -- Found PCL_RECOGNITION: /usr/lib/x86_64-linux-gnu/libpcl_recognition.so  
[6.514s] -- Found PCL_STEREO: /usr/lib/x86_64-linux-gnu/libpcl_stereo.so  
[6.515s] -- Found PCL_APPS: /usr/lib/x86_64-linux-gnu/libpcl_apps.so  
[6.517s] -- Found PCL_IN_HAND_SCANNER: /usr/include/pcl-1.12  
[6.517s] -- Found PCL_MODELER: /usr/include/pcl-1.12  
[6.518s] -- Found PCL_POINT_CLOUD_EDITOR: /usr/include/pcl-1.12  
[6.519s] -- Found PCL_OUTOFCORE: /usr/lib/x86_64-linux-gnu/libpcl_outofcore.so  
[6.521s] -- Found PCL_PEOPLE: /usr/lib/x86_64-linux-gnu/libpcl_people.so  
[6.554s] -- Found ament_lint_auto: 0.12.4 (/opt/ros/humble/share/ament_lint_auto/cmake)
[6.575s] -- Found gtest sources under '/opt/ros/humble/src/gtest_vendor': C++ tests using 'Google Test' will be built
[6.581s] -- Found Threads: TRUE  
[6.594s] -- Added test 'copyright' to check source files copyright and LICENSE
[6.596s] -- Added test 'cppcheck' to perform static code analysis on C / C++ code
[6.596s] -- Configured cppcheck include dirs: /autoware/src/universe/autoware.universe/common/autoware_point_types/include
[6.596s] -- Configured cppcheck exclude dirs and/or files: 
[6.597s] -- Added test 'lint_cmake' to check CMake code style
[6.598s] -- Added test 'xmllint' to check XML markup files
[6.603s] -- Configuring done
[6.640s] -- Generating done
[6.644s] -- Build files have been written to: /autoware/build/autoware_point_types
[6.682s] Invoked command in '/autoware/build/autoware_point_types' returned '0': AMENT_PREFIX_PATH=/autoware/install/autoware_cmake:/autoware/install/autoware_lint_common:${AMENT_PREFIX_PATH} CMAKE_PREFIX_PATH=/autoware/install/autoware_cmake:/autoware/install/autoware_lint_common:/opt/ros/humble /usr/bin/cmake /autoware/src/universe/autoware.universe/common/autoware_point_types -DCMAKE_BUILD_TYPE=Release -DAMENT_CMAKE_SYMLINK_INSTALL=1 -DCMAKE_INSTALL_PREFIX=/autoware/install/autoware_point_types
[6.683s] Invoking command in '/autoware/build/autoware_point_types': AMENT_PREFIX_PATH=/autoware/install/autoware_cmake:/autoware/install/autoware_lint_common:${AMENT_PREFIX_PATH} CMAKE_PREFIX_PATH=/autoware/install/autoware_cmake:/autoware/install/autoware_lint_common:/opt/ros/humble /usr/bin/cmake --build /autoware/build/autoware_point_types -- -j64 -l64
[6.752s] [ 16%] Building CXX object gtest/CMakeFiles/gtest.dir/src/gtest-all.cc.o
[6.755s] [ 33%] Building CXX object gtest/CMakeFiles/gtest_main.dir/src/gtest_main.cc.o
[8.259s] [ 50%] Linking CXX static library libgtest_main.a
[8.370s] [ 50%] Built target gtest_main
[17.193s] [ 66%] Linking CXX static library libgtest.a
[17.193s] [ 66%] Built target gtest
[17.193s] [ 83%] Building CXX object CMakeFiles/test_autoware_point_types.dir/test/test_point_types.cpp.o
[20.376s] [100%] Linking CXX executable test_autoware_point_types
[20.448s] [100%] Built target test_autoware_point_types
[20.457s] Invoked command in '/autoware/build/autoware_point_types' returned '0': AMENT_PREFIX_PATH=/autoware/install/autoware_cmake:/autoware/install/autoware_lint_common:${AMENT_PREFIX_PATH} CMAKE_PREFIX_PATH=/autoware/install/autoware_cmake:/autoware/install/autoware_lint_common:/opt/ros/humble /usr/bin/cmake --build /autoware/build/autoware_point_types -- -j64 -l64
[20.477s] Invoking command in '/autoware/build/autoware_point_types': AMENT_PREFIX_PATH=/autoware/install/autoware_cmake:/autoware/install/autoware_lint_common:${AMENT_PREFIX_PATH} CMAKE_PREFIX_PATH=/autoware/install/autoware_cmake:/autoware/install/autoware_lint_common:/opt/ros/humble /usr/bin/cmake --install /autoware/build/autoware_point_types
[20.483s] -- Install configuration: "Release"
[20.484s] -- Execute custom install script
[20.484s] -- Symlinking: /autoware/install/autoware_point_types/include/autoware_point_types/types.hpp
[20.491s] -- Symlinking: /autoware/install/autoware_point_types/share/ament_index/resource_index/package_run_dependencies/autoware_point_types
[20.497s] -- Symlinking: /autoware/install/autoware_point_types/share/ament_index/resource_index/parent_prefix_path/autoware_point_types
[20.504s] -- Symlinking: /autoware/install/autoware_point_types/share/autoware_point_types/environment/ament_prefix_path.sh
[20.509s] -- Symlinking: /autoware/install/autoware_point_types/share/autoware_point_types/environment/ament_prefix_path.dsv
[20.516s] -- Symlinking: /autoware/install/autoware_point_types/share/autoware_point_types/environment/path.sh
[20.522s] -- Symlinking: /autoware/install/autoware_point_types/share/autoware_point_types/environment/path.dsv
[20.528s] -- Symlinking: /autoware/install/autoware_point_types/share/autoware_point_types/local_setup.bash
[20.534s] -- Symlinking: /autoware/install/autoware_point_types/share/autoware_point_types/local_setup.sh
[20.540s] -- Symlinking: /autoware/install/autoware_point_types/share/autoware_point_types/local_setup.zsh
[20.548s] -- Symlinking: /autoware/install/autoware_point_types/share/autoware_point_types/local_setup.dsv
[20.568s] -- Symlinking: /autoware/install/autoware_point_types/share/autoware_point_types/package.dsv
[20.580s] -- Symlinking: /autoware/install/autoware_point_types/share/ament_index/resource_index/packages/autoware_point_types
[20.593s] -- Symlinking: /autoware/install/autoware_point_types/share/autoware_point_types/cmake/ament_cmake_export_dependencies-extras.cmake
[20.643s] -- Symlinking: /autoware/install/autoware_point_types/share/autoware_point_types/cmake/ament_cmake_export_include_directories-extras.cmake
[20.643s] -- Symlinking: /autoware/install/autoware_point_types/share/autoware_point_types/cmake/autoware_point_typesConfig.cmake
[20.643s] -- Symlinking: /autoware/install/autoware_point_types/share/autoware_point_types/cmake/autoware_point_typesConfig-version.cmake
[20.645s] -- Symlinking: /autoware/install/autoware_point_types/share/autoware_point_types/package.xml
[20.652s] Invoked command in '/autoware/build/autoware_point_types' returned '0': AMENT_PREFIX_PATH=/autoware/install/autoware_cmake:/autoware/install/autoware_lint_common:${AMENT_PREFIX_PATH} CMAKE_PREFIX_PATH=/autoware/install/autoware_cmake:/autoware/install/autoware_lint_common:/opt/ros/humble /usr/bin/cmake --install /autoware/build/autoware_point_types
