[0.011s] Invoking command in '/autoware/build/tier4_datetime_rviz_plugin': AMENT_PREFIX_PATH=/autoware/install/autoware_cmake:/autoware/install/autoware_lint_common:${AMENT_PREFIX_PATH} CMAKE_PREFIX_PATH=/autoware/install/autoware_cmake:/autoware/install/autoware_lint_common:/opt/ros/humble /usr/bin/cmake /autoware/src/universe/autoware.universe/common/tier4_datetime_rviz_plugin -DCMAKE_BUILD_TYPE=Release -DAMENT_CMAKE_SYMLINK_INSTALL=1 -DCMAKE_INSTALL_PREFIX=/autoware/install/tier4_datetime_rviz_plugin
[0.059s] -- The C compiler identification is GNU 11.3.0
[0.112s] -- The CXX compiler identification is GNU 11.3.0
[0.121s] -- Detecting C compiler ABI info
[0.199s] -- Detecting C compiler ABI info - done
[0.199s] -- Check for working C compiler: /usr/bin/cc - skipped
[0.199s] -- Detecting C compile features
[0.199s] -- Detecting C compile features - done
[0.199s] -- Detecting CXX compiler ABI info
[0.270s] -- Detecting CXX compiler ABI info - done
[0.276s] -- Check for working CXX compiler: /usr/bin/c++ - skipped
[0.276s] -- Detecting CXX compile features
[0.276s] -- Detecting CXX compile features - done
[0.276s] -- Found autoware_cmake: 0.1.0 (/autoware/install/autoware_cmake/share/autoware_cmake/cmake)
[0.436s] -- Found Python3: /usr/bin/python3.10 (found version "3.10.6") found components: Interpreter 
[0.496s] -- Override CMake install command with custom implementation using symlinks instead of copying resources
[0.734s] -- Found rosidl_generator_c: 3.1.3 (/opt/ros/humble/share/rosidl_generator_c/cmake)
[0.735s] -- Found rosidl_adapter: 3.1.3 (/opt/ros/humble/share/rosidl_adapter/cmake)
[0.735s] -- Found rosidl_generator_cpp: 3.1.3 (/opt/ros/humble/share/rosidl_generator_cpp/cmake)
[0.737s] -- Using all available rosidl_typesupport_c: rosidl_typesupport_fastrtps_c;rosidl_typesupport_introspection_c
[0.738s] -- Using all available rosidl_typesupport_cpp: rosidl_typesupport_fastrtps_cpp;rosidl_typesupport_introspection_cpp
[0.804s] -- Found rmw_implementation_cmake: 6.1.0 (/opt/ros/humble/share/rmw_implementation_cmake/cmake)
[0.807s] -- Found rmw_fastrtps_cpp: 6.2.1 (/opt/ros/humble/share/rmw_fastrtps_cpp/cmake)
[0.905s] -- Found OpenSSL: /usr/lib/x86_64-linux-gnu/libcrypto.so (found version "3.0.2")  
[0.963s] -- Found FastRTPS: /opt/ros/humble/include  
[1.037s] -- Using RMW implementation 'rmw_fastrtps_cpp' as default
[1.162s] -- Setting OGRE_DIR to: '/opt/ros/humble/share/rviz_ogre_vendor/cmake/../../../opt/rviz_ogre_vendor/lib/OGRE/cmake'
[1.164s] -- Found OGRE
[1.164s] --   static     : OFF
[1.164s] --   components : HLMS;MeshLodGenerator;Overlay;Paging;Property;RTShaderSystem;Terrain;Volume
[1.164s] --   plugins    : Plugin_BSPSceneManager;Plugin_OctreeSceneManager;Plugin_PCZSceneManager;Plugin_ParticleFX;RenderSystem_GL;RenderSystem_GL3Plus;Codec_STBI
[1.164s] --   media      : /opt/ros/humble/opt/rviz_ogre_vendor/share/OGRE/Media
[1.164s] -- OGRE_LIBRARIES: OgreHLMS;OgreMeshLodGenerator;OgreOverlay;OgrePaging;OgreProperty;OgreRTShaderSystem;OgreTerrain;OgreVolume;OgreMain
[1.164s] -- OGRE_LIBRARY_DIRS: /opt/ros/humble/opt/rviz_ogre_vendor/lib
[1.165s] -- OGRE_PLUGINS: Plugin_BSPSceneManager;Plugin_OctreeSceneManager;Plugin_PCZSceneManager;Plugin_ParticleFX;RenderSystem_GL;RenderSystem_GL3Plus;Codec_STBI
[1.165s] -- OGRE_PLUGIN_DIR: /opt/ros/humble/opt/rviz_ogre_vendor/lib/OGRE
[1.165s] -- rviz_ogre_vendor::OgreOverlay for IMPORTED_LOCATION_RELEASE: /opt/ros/humble/opt/rviz_ogre_vendor/lib/libOgreOverlay.so
[1.165s] -- rviz_ogre_vendor::OgreOverlay for IMPORTED_LOCATION_DEBUG: /opt/ros/humble/opt/rviz_ogre_vendor/lib/libOgreOverlay.so
[1.165s] -- rviz_ogre_vendor::OgreMain for IMPORTED_LOCATION_RELEASE: /opt/ros/humble/opt/rviz_ogre_vendor/lib/libOgreMain.so
[1.165s] -- rviz_ogre_vendor::OgreMain for IMPORTED_LOCATION_DEBUG: /opt/ros/humble/opt/rviz_ogre_vendor/lib/libOgreMain.so
[1.165s] -- Could not find freeimage library
[1.180s] -- Found ZLIB: /usr/lib/x86_64-linux-gnu/libz.so (found version "1.2.11") 
[1.183s] -- Found OpenGL: /usr/lib/x86_64-linux-gnu/libOpenGL.so   
[1.254s] -- Found X11: /usr/include   
[1.254s] -- Looking for XOpenDisplay in /usr/lib/x86_64-linux-gnu/libX11.so;/usr/lib/x86_64-linux-gnu/libXext.so
[1.308s] -- Looking for XOpenDisplay in /usr/lib/x86_64-linux-gnu/libX11.so;/usr/lib/x86_64-linux-gnu/libXext.so - found
[1.308s] -- Looking for gethostbyname
[1.360s] -- Looking for gethostbyname - found
[1.360s] -- Looking for connect
[1.412s] -- Looking for connect - found
[1.412s] -- Looking for remove
[1.467s] -- Looking for remove - found
[1.467s] -- Looking for shmat
[1.521s] -- Looking for shmat - found
[1.521s] -- Looking for IceConnectionNumber in ICE
[1.577s] -- Looking for IceConnectionNumber in ICE - found
[1.579s] -- rviz_ogre_vendor::RenderSystem_GL for IMPORTED_LOCATION_RELEASE: _render_system_gl_static_library_abs-NOTFOUND
[1.579s] -- rviz_ogre_vendor::RenderSystem_GL for IMPORTED_LOCATION_DEBUG: _render_system_gl_static_library_abs-NOTFOUND
[1.655s] -- library: /usr/lib/x86_64-linux-gnu/libcurl.so
[1.867s] -- Found Eigen3: TRUE (found version "3.4.0") 
[1.867s] -- Ensuring Eigen3 include directory is part of orocos-kdl CMake target
[2.259s] -- Found ament_lint_auto: 0.12.4 (/opt/ros/humble/share/ament_lint_auto/cmake)
[2.276s] -- Added test 'copyright' to check source files copyright and LICENSE
[2.277s] -- Added test 'cppcheck' to perform static code analysis on C / C++ code
[2.277s] -- Configured cppcheck include dirs: 
[2.277s] -- Configured cppcheck exclude dirs and/or files: 
[2.278s] -- Added test 'lint_cmake' to check CMake code style
[2.278s] -- Added test 'xmllint' to check XML markup files
[2.281s] -- Configuring done
[2.351s] -- Generating done
[2.353s] -- Build files have been written to: /autoware/build/tier4_datetime_rviz_plugin
[2.365s] Invoked command in '/autoware/build/tier4_datetime_rviz_plugin' returned '0': AMENT_PREFIX_PATH=/autoware/install/autoware_cmake:/autoware/install/autoware_lint_common:${AMENT_PREFIX_PATH} CMAKE_PREFIX_PATH=/autoware/install/autoware_cmake:/autoware/install/autoware_lint_common:/opt/ros/humble /usr/bin/cmake /autoware/src/universe/autoware.universe/common/tier4_datetime_rviz_plugin -DCMAKE_BUILD_TYPE=Release -DAMENT_CMAKE_SYMLINK_INSTALL=1 -DCMAKE_INSTALL_PREFIX=/autoware/install/tier4_datetime_rviz_plugin
[2.367s] Invoking command in '/autoware/build/tier4_datetime_rviz_plugin': AMENT_PREFIX_PATH=/autoware/install/autoware_cmake:/autoware/install/autoware_lint_common:${AMENT_PREFIX_PATH} CMAKE_PREFIX_PATH=/autoware/install/autoware_cmake:/autoware/install/autoware_lint_common:/opt/ros/humble /usr/bin/cmake --build /autoware/build/tier4_datetime_rviz_plugin -- -j64 -l64
[2.406s] [ 25%] Automatic MOC for target tier4_datetime_rviz_plugin
[2.708s] [ 25%] Built target tier4_datetime_rviz_plugin_autogen
[2.723s] [ 50%] Building CXX object CMakeFiles/tier4_datetime_rviz_plugin.dir/src/autoware_datetime_panel.cpp.o
[2.724s] [ 75%] Building CXX object CMakeFiles/tier4_datetime_rviz_plugin.dir/tier4_datetime_rviz_plugin_autogen/mocs_compilation.cpp.o
[6.530s] [100%] Linking CXX shared library libtier4_datetime_rviz_plugin.so
[7.205s] [100%] Built target tier4_datetime_rviz_plugin
[7.219s] Invoked command in '/autoware/build/tier4_datetime_rviz_plugin' returned '0': AMENT_PREFIX_PATH=/autoware/install/autoware_cmake:/autoware/install/autoware_lint_common:${AMENT_PREFIX_PATH} CMAKE_PREFIX_PATH=/autoware/install/autoware_cmake:/autoware/install/autoware_lint_common:/opt/ros/humble /usr/bin/cmake --build /autoware/build/tier4_datetime_rviz_plugin -- -j64 -l64
[7.259s] Invoking command in '/autoware/build/tier4_datetime_rviz_plugin': AMENT_PREFIX_PATH=/autoware/install/autoware_cmake:/autoware/install/autoware_lint_common:${AMENT_PREFIX_PATH} CMAKE_PREFIX_PATH=/autoware/install/autoware_cmake:/autoware/install/autoware_lint_common:/opt/ros/humble /usr/bin/cmake --install /autoware/build/tier4_datetime_rviz_plugin
[7.269s] -- Install configuration: "Release"
[7.270s] -- Execute custom install script
[7.271s] -- Symlinking: /autoware/install/tier4_datetime_rviz_plugin/share/tier4_datetime_rviz_plugin/plugins/plugin_description.xml
[7.283s] -- Symlinking: /autoware/install/tier4_datetime_rviz_plugin/share/tier4_datetime_rviz_plugin/environment/library_path.sh
[7.296s] -- Symlinking: /autoware/install/tier4_datetime_rviz_plugin/share/tier4_datetime_rviz_plugin/environment/library_path.dsv
[7.308s] -- Symlinking: /autoware/install/tier4_datetime_rviz_plugin/lib/libtier4_datetime_rviz_plugin.so
[7.320s] -- Symlinking: /autoware/install/tier4_datetime_rviz_plugin/share/tier4_datetime_rviz_plugin/icons/classes/AutowareDateTimePanel.png
[7.329s] -- Up-to-date symlink: /autoware/install/tier4_datetime_rviz_plugin/share/tier4_datetime_rviz_plugin/plugins/plugin_description.xml
[7.329s] -- Symlinking: /autoware/install/tier4_datetime_rviz_plugin/share/ament_index/resource_index/package_run_dependencies/tier4_datetime_rviz_plugin
[7.343s] -- Symlinking: /autoware/install/tier4_datetime_rviz_plugin/share/ament_index/resource_index/parent_prefix_path/tier4_datetime_rviz_plugin
[7.355s] -- Symlinking: /autoware/install/tier4_datetime_rviz_plugin/share/tier4_datetime_rviz_plugin/environment/ament_prefix_path.sh
[7.364s] -- Symlinking: /autoware/install/tier4_datetime_rviz_plugin/share/tier4_datetime_rviz_plugin/environment/ament_prefix_path.dsv
[7.375s] -- Symlinking: /autoware/install/tier4_datetime_rviz_plugin/share/tier4_datetime_rviz_plugin/environment/path.sh
[7.386s] -- Symlinking: /autoware/install/tier4_datetime_rviz_plugin/share/tier4_datetime_rviz_plugin/environment/path.dsv
[7.397s] -- Symlinking: /autoware/install/tier4_datetime_rviz_plugin/share/tier4_datetime_rviz_plugin/local_setup.bash
[7.409s] -- Symlinking: /autoware/install/tier4_datetime_rviz_plugin/share/tier4_datetime_rviz_plugin/local_setup.sh
[7.420s] -- Symlinking: /autoware/install/tier4_datetime_rviz_plugin/share/tier4_datetime_rviz_plugin/local_setup.zsh
[7.431s] -- Symlinking: /autoware/install/tier4_datetime_rviz_plugin/share/tier4_datetime_rviz_plugin/local_setup.dsv
[7.441s] -- Symlinking: /autoware/install/tier4_datetime_rviz_plugin/share/tier4_datetime_rviz_plugin/package.dsv
[7.455s] -- Symlinking: /autoware/install/tier4_datetime_rviz_plugin/share/ament_index/resource_index/packages/tier4_datetime_rviz_plugin
[7.467s] -- Symlinking: /autoware/install/tier4_datetime_rviz_plugin/share/ament_index/resource_index/rviz_common__pluginlib__plugin/tier4_datetime_rviz_plugin
[7.478s] -- Symlinking: /autoware/install/tier4_datetime_rviz_plugin/share/tier4_datetime_rviz_plugin/cmake/ament_cmake_export_dependencies-extras.cmake
[7.490s] -- Symlinking: /autoware/install/tier4_datetime_rviz_plugin/share/tier4_datetime_rviz_plugin/cmake/ament_cmake_export_libraries-extras.cmake
[7.501s] -- Symlinking: /autoware/install/tier4_datetime_rviz_plugin/share/tier4_datetime_rviz_plugin/cmake/tier4_datetime_rviz_pluginConfig.cmake
[7.513s] -- Symlinking: /autoware/install/tier4_datetime_rviz_plugin/share/tier4_datetime_rviz_plugin/cmake/tier4_datetime_rviz_pluginConfig-version.cmake
[7.524s] -- Symlinking: /autoware/install/tier4_datetime_rviz_plugin/share/tier4_datetime_rviz_plugin/package.xml
[7.546s] Invoked command in '/autoware/build/tier4_datetime_rviz_plugin' returned '0': AMENT_PREFIX_PATH=/autoware/install/autoware_cmake:/autoware/install/autoware_lint_common:${AMENT_PREFIX_PATH} CMAKE_PREFIX_PATH=/autoware/install/autoware_cmake:/autoware/install/autoware_lint_common:/opt/ros/humble /usr/bin/cmake --install /autoware/build/tier4_datetime_rviz_plugin
