-- The C compiler identification is GNU 11.3.0
-- The CXX compiler identification is GNU 11.3.0
-- Detecting C compiler ABI info
-- Detecting C compiler ABI info - done
-- Check for working C compiler: /usr/bin/cc - skipped
-- Detecting C compile features
-- Detecting C compile features - done
-- Detecting CXX compiler ABI info
-- Detecting CXX compiler ABI info - done
-- Check for working CXX compiler: /usr/bin/c++ - skipped
-- Detecting CXX compile features
-- Detecting CXX compile features - done
-- Found autoware_cmake: 0.1.0 (/autoware/install/autoware_cmake/share/autoware_cmake/cmake)
-- Found Python3: /usr/bin/python3.10 (found version "3.10.6") found components: Interpreter 
-- Override CMake install command with custom implementation using symlinks instead of copying resources
-- Found rosidl_generator_c: 3.1.3 (/opt/ros/humble/share/rosidl_generator_c/cmake)
-- Found rosidl_adapter: 3.1.3 (/opt/ros/humble/share/rosidl_adapter/cmake)
-- Found rosidl_generator_cpp: 3.1.3 (/opt/ros/humble/share/rosidl_generator_cpp/cmake)
-- Using all available rosidl_typesupport_c: rosidl_typesupport_fastrtps_c;rosidl_typesupport_introspection_c
-- Using all available rosidl_typesupport_cpp: rosidl_typesupport_fastrtps_cpp;rosidl_typesupport_introspection_cpp
-- Found ament_lint_auto: 0.12.4 (/opt/ros/humble/share/ament_lint_auto/cmake)
-- Added test 'copyright' to check source files copyright and LICENSE
-- Added test 'cppcheck' to perform static code analysis on C / C++ code
-- Configured cppcheck include dirs: 
-- Configured cppcheck exclude dirs and/or files: 
-- Added test 'lint_cmake' to check CMake code style
-- Added test 'xmllint' to check XML markup files
-- Configuring done
-- Generating done
-- Build files have been written to: /autoware/build/component_interface_specs
-- Install configuration: "Release"
-- Execute custom install script
-- Symlinking: /autoware/install/component_interface_specs/include/component_interface_specs/control.hpp
-- Symlinking: /autoware/install/component_interface_specs/include/component_interface_specs/localization.hpp
-- Symlinking: /autoware/install/component_interface_specs/include/component_interface_specs/planning.hpp
-- Symlinking: /autoware/install/component_interface_specs/include/component_interface_specs/system.hpp
-- Symlinking: /autoware/install/component_interface_specs/share/ament_index/resource_index/package_run_dependencies/component_interface_specs
-- Symlinking: /autoware/install/component_interface_specs/share/ament_index/resource_index/parent_prefix_path/component_interface_specs
-- Symlinking: /autoware/install/component_interface_specs/share/component_interface_specs/environment/ament_prefix_path.sh
-- Symlinking: /autoware/install/component_interface_specs/share/component_interface_specs/environment/ament_prefix_path.dsv
-- Symlinking: /autoware/install/component_interface_specs/share/component_interface_specs/environment/path.sh
-- Symlinking: /autoware/install/component_interface_specs/share/component_interface_specs/environment/path.dsv
-- Symlinking: /autoware/install/component_interface_specs/share/component_interface_specs/local_setup.bash
-- Symlinking: /autoware/install/component_interface_specs/share/component_interface_specs/local_setup.sh
-- Symlinking: /autoware/install/component_interface_specs/share/component_interface_specs/local_setup.zsh
-- Symlinking: /autoware/install/component_interface_specs/share/component_interface_specs/local_setup.dsv
-- Symlinking: /autoware/install/component_interface_specs/share/component_interface_specs/package.dsv
-- Symlinking: /autoware/install/component_interface_specs/share/ament_index/resource_index/packages/component_interface_specs
-- Symlinking: /autoware/install/component_interface_specs/share/component_interface_specs/cmake/ament_cmake_export_dependencies-extras.cmake
-- Symlinking: /autoware/install/component_interface_specs/share/component_interface_specs/cmake/ament_cmake_export_include_directories-extras.cmake
-- Symlinking: /autoware/install/component_interface_specs/share/component_interface_specs/cmake/component_interface_specsConfig.cmake
-- Symlinking: /autoware/install/component_interface_specs/share/component_interface_specs/cmake/component_interface_specsConfig-version.cmake
-- Symlinking: /autoware/install/component_interface_specs/share/component_interface_specs/package.xml
