[0.119s] Invoking command in '/autoware/build/ndt_omp': AMENT_PREFIX_PATH=/autoware/install/ament_cmake_auto:${AMENT_PREFIX_PATH} CMAKE_PREFIX_PATH=/autoware/install/ament_cmake_auto:/opt/ros/humble /usr/bin/cmake --build /autoware/build/ndt_omp -- -j64 -l64
[0.223s] -- Found ament_cmake_auto: 1.3.2 (/opt/ros/humble/share/ament_cmake_auto/cmake)
[0.319s] -- Override CMake install command with custom implementation using symlinks instead of copying resources
[0.423s] -- Eigen found (include: /usr/include/eigen3, version: 3.4.0)
[0.470s] -- FLANN found (include: /usr/include, lib: /usr/lib/x86_64-linux-gnu/libflann_cpp.so)
[1.009s] -- OpenNI found (version: 1.5.4.0, include: /usr/include/ni, lib: /usr/lib/libOpenNI.so;libusb::libusb)
[1.009s] -- OpenNI2 found (version: 2.2.0.33, include: /usr/include/openni2, lib: /usr/lib/x86_64-linux-gnu/libOpenNI2.so;libusb::libusb)
[1.010s] ** WARNING ** io features related to pcap will be disabled
[1.132s] -- Eigen found (include: /usr/include/eigen3, version: 3.4.0)
[1.132s] -- OpenNI found (version: 1.5.4.0, include: /usr/include/ni, lib: /usr/lib/libOpenNI.so;libusb::libusb)
[1.132s] -- OpenNI2 found (version: 2.2.0.33, include: /usr/include/openni2, lib: /usr/lib/x86_64-linux-gnu/libOpenNI2.so;libusb::libusb)
[1.137s] -- Found Qhull version 8.0.2
[1.292s] -- OpenNI found (version: 1.5.4.0, include: /usr/include/ni, lib: /usr/lib/libOpenNI.so;libusb::libusb)
[1.550s] -- looking for PCL_COMMON
[1.550s] -- looking for PCL_KDTREE
[1.550s] -- looking for PCL_OCTREE
[1.550s] -- looking for PCL_SEARCH
[1.551s] -- looking for PCL_SAMPLE_CONSENSUS
[1.551s] -- looking for PCL_FILTERS
[1.551s] -- looking for PCL_2D
[1.551s] -- looking for PCL_GEOMETRY
[1.551s] -- looking for PCL_IO
[1.551s] -- looking for PCL_FEATURES
[1.551s] -- looking for PCL_ML
[1.551s] -- looking for PCL_SEGMENTATION
[1.551s] -- looking for PCL_VISUALIZATION
[1.551s] -- looking for PCL_SURFACE
[1.551s] -- looking for PCL_REGISTRATION
[1.552s] -- looking for PCL_KEYPOINTS
[1.552s] -- looking for PCL_TRACKING
[1.552s] -- looking for PCL_RECOGNITION
[1.552s] -- looking for PCL_STEREO
[1.552s] -- looking for PCL_APPS
[1.552s] -- looking for PCL_IN_HAND_SCANNER
[1.552s] -- looking for PCL_MODELER
[1.552s] -- looking for PCL_POINT_CLOUD_EDITOR
[1.552s] -- looking for PCL_OUTOFCORE
[1.552s] -- looking for PCL_PEOPLE
[1.552s] -- PCL_INCLUDE_DIRS:/usr/include/pcl-1.12/usr/include/eigen3/usr/include/usr/include/ni/usr/include/openni2
[1.552s] -- PCL_LIBRARY_DIRS:/usr/lib/x86_64-linux-gnu
[1.552s] -- PCL_DEFINITIONS:-DDISABLE_PCAP
[1.552s] -- Configuring done
[1.553s] -- Generating done
[1.553s] -- Build files have been written to: /autoware/build/ndt_omp
[1.657s] Consolidate compiler generated dependencies of target ndt_omp
[1.657s] [100%] Built target ndt_omp
[1.680s] Invoked command in '/autoware/build/ndt_omp' returned '0': AMENT_PREFIX_PATH=/autoware/install/ament_cmake_auto:${AMENT_PREFIX_PATH} CMAKE_PREFIX_PATH=/autoware/install/ament_cmake_auto:/opt/ros/humble /usr/bin/cmake --build /autoware/build/ndt_omp -- -j64 -l64
[1.887s] Invoking command in '/autoware/build/ndt_omp': AMENT_PREFIX_PATH=/autoware/install/ament_cmake_auto:${AMENT_PREFIX_PATH} CMAKE_PREFIX_PATH=/autoware/install/ament_cmake_auto:/opt/ros/humble /usr/bin/cmake --install /autoware/build/ndt_omp
[1.944s] -- Install configuration: "RELEASE"
[1.944s] -- Execute custom install script
[1.944s] -- Up-to-date symlink: /autoware/install/ndt_omp/include/pclomp/gicp_omp.h
[1.944s] -- Up-to-date symlink: /autoware/install/ndt_omp/include/pclomp/gicp_omp_impl.hpp
[1.944s] -- Up-to-date symlink: /autoware/install/ndt_omp/include/pclomp/ndt_omp.h
[1.944s] -- Up-to-date symlink: /autoware/install/ndt_omp/include/pclomp/ndt_omp_impl.hpp
[1.944s] -- Up-to-date symlink: /autoware/install/ndt_omp/include/pclomp/voxel_grid_covariance_omp.h
[1.944s] -- Up-to-date symlink: /autoware/install/ndt_omp/include/pclomp/voxel_grid_covariance_omp_impl.hpp
[1.944s] -- Up-to-date symlink: /autoware/install/ndt_omp/share/ndt_omp/environment/library_path.sh
[1.944s] -- Up-to-date symlink: /autoware/install/ndt_omp/share/ndt_omp/environment/library_path.dsv
[1.944s] -- Up-to-date symlink: /autoware/install/ndt_omp/lib/libndt_omp.so
[1.945s] -- Up-to-date symlink: /autoware/install/ndt_omp/share/ament_index/resource_index/package_run_dependencies/ndt_omp
[1.945s] -- Up-to-date symlink: /autoware/install/ndt_omp/share/ament_index/resource_index/parent_prefix_path/ndt_omp
[1.945s] -- Up-to-date symlink: /autoware/install/ndt_omp/share/ndt_omp/environment/ament_prefix_path.sh
[1.945s] -- Up-to-date symlink: /autoware/install/ndt_omp/share/ndt_omp/environment/ament_prefix_path.dsv
[1.945s] -- Up-to-date symlink: /autoware/install/ndt_omp/share/ndt_omp/environment/path.sh
[1.945s] -- Up-to-date symlink: /autoware/install/ndt_omp/share/ndt_omp/environment/path.dsv
[1.945s] -- Up-to-date symlink: /autoware/install/ndt_omp/share/ndt_omp/local_setup.bash
[1.945s] -- Up-to-date symlink: /autoware/install/ndt_omp/share/ndt_omp/local_setup.sh
[1.945s] -- Up-to-date symlink: /autoware/install/ndt_omp/share/ndt_omp/local_setup.zsh
[1.945s] -- Up-to-date symlink: /autoware/install/ndt_omp/share/ndt_omp/local_setup.dsv
[1.945s] -- Symlinking: /autoware/install/ndt_omp/share/ndt_omp/package.dsv
[1.945s] -- Up-to-date symlink: /autoware/install/ndt_omp/share/ament_index/resource_index/packages/ndt_omp
[1.945s] -- Up-to-date symlink: /autoware/install/ndt_omp/share/ndt_omp/cmake/ament_cmake_export_include_directories-extras.cmake
[1.946s] -- Up-to-date symlink: /autoware/install/ndt_omp/share/ndt_omp/cmake/ament_cmake_export_libraries-extras.cmake
[1.946s] -- Up-to-date symlink: /autoware/install/ndt_omp/share/ndt_omp/cmake/ndt_ompConfig.cmake
[1.946s] -- Up-to-date symlink: /autoware/install/ndt_omp/share/ndt_omp/cmake/ndt_ompConfig-version.cmake
[1.946s] -- Up-to-date symlink: /autoware/install/ndt_omp/share/ndt_omp/package.xml
[1.947s] Invoked command in '/autoware/build/ndt_omp' returned '0': AMENT_PREFIX_PATH=/autoware/install/ament_cmake_auto:${AMENT_PREFIX_PATH} CMAKE_PREFIX_PATH=/autoware/install/ament_cmake_auto:/opt/ros/humble /usr/bin/cmake --install /autoware/build/ndt_omp
