-- Found autoware_cmake: 0.1.0 (/autoware/install/autoware_cmake/share/autoware_cmake/cmake)
-- Found ament_cmake_auto: 1.3.2 (/opt/ros/humble/share/ament_cmake_auto/cmake)
-- Override CMake install command with custom implementation using symlinks instead of copying resources
-- Found rosidl_generator_c: 3.1.3 (/opt/ros/humble/share/rosidl_generator_c/cmake)
-- Found rosidl_adapter: 3.1.3 (/opt/ros/humble/share/rosidl_adapter/cmake)
-- Found rosidl_generator_cpp: 3.1.3 (/opt/ros/humble/share/rosidl_generator_cpp/cmake)
-- Using all available rosidl_typesupport_c: rosidl_typesupport_fastrtps_c;rosidl_typesupport_introspection_c
-- Using all available rosidl_typesupport_cpp: rosidl_typesupport_fastrtps_cpp;rosidl_typesupport_introspection_cpp
-- Found rmw_implementation_cmake: 6.1.0 (/opt/ros/humble/share/rmw_implementation_cmake/cmake)
-- Found rmw_fastrtps_cpp: 6.2.1 (/opt/ros/humble/share/rmw_fastrtps_cpp/cmake)
-- Using RMW implementation 'rmw_fastrtps_cpp' as default
-- Found mrt_cmake_modules: 1.0.9 (/opt/ros/humble/share/mrt_cmake_modules/cmake)
-- Found eigen3_cmake_module: 0.1.1 (/opt/ros/humble/share/eigen3_cmake_module/cmake)
-- Ensuring Eigen3 include directory is part of orocos-kdl CMake target
-- Found ament_lint_auto: 0.12.4 (/opt/ros/humble/share/ament_lint_auto/cmake)
-- Found gtest sources under '/opt/ros/humble/src/gtest_vendor': C++ tests using 'Google Test' will be built
-- Found gtest sources under '/opt/ros/humble/src/gtest_vendor': C++ tests using 'Google Test' will be built
-- Found gtest sources under '/opt/ros/humble/src/gtest_vendor': C++ tests using 'Google Test' will be built
-- Found gtest sources under '/opt/ros/humble/src/gtest_vendor': C++ tests using 'Google Test' will be built
-- Found gtest sources under '/opt/ros/humble/src/gtest_vendor': C++ tests using 'Google Test' will be built
-- Found gtest sources under '/opt/ros/humble/src/gtest_vendor': C++ tests using 'Google Test' will be built
-- Configuring done
-- Generating done
-- Build files have been written to: /autoware/build/lanelet2_extension
Consolidate compiler generated dependencies of target gtest
Consolidate compiler generated dependencies of target gtest_main
[  5%] Built target gtest
[ 11%] Built target gtest_main
Consolidate compiler generated dependencies of target lanelet2_extension_lib
[ 13%] Building CXX object CMakeFiles/lanelet2_extension_lib.dir/lib/autoware_osm_parser.cpp.o
[ 16%] Building CXX object CMakeFiles/lanelet2_extension_lib.dir/lib/no_stopping_area.cpp.o
[ 19%] Building CXX object CMakeFiles/lanelet2_extension_lib.dir/lib/autoware_traffic_light.cpp.o
[ 22%] Building CXX object CMakeFiles/lanelet2_extension_lib.dir/lib/detection_area.cpp.o
[ 25%] Building CXX object CMakeFiles/lanelet2_extension_lib.dir/lib/mgrs_projector.cpp.o
[ 27%] Building CXX object CMakeFiles/lanelet2_extension_lib.dir/lib/message_conversion.cpp.o
[ 30%] Building CXX object CMakeFiles/lanelet2_extension_lib.dir/lib/road_marking.cpp.o
[ 33%] Building CXX object CMakeFiles/lanelet2_extension_lib.dir/lib/speed_bump.cpp.o
[ 36%] Building CXX object CMakeFiles/lanelet2_extension_lib.dir/lib/query.cpp.o
[ 38%] Building CXX object CMakeFiles/lanelet2_extension_lib.dir/lib/utilities.cpp.o
[ 41%] Building CXX object CMakeFiles/lanelet2_extension_lib.dir/lib/virtual_traffic_light.cpp.o
[ 44%] Building CXX object CMakeFiles/lanelet2_extension_lib.dir/lib/route_checker.cpp.o
[ 47%] Building CXX object CMakeFiles/lanelet2_extension_lib.dir/lib/visualization.cpp.o
[ 50%] Linking CXX shared library liblanelet2_extension_lib.so
[ 50%] Built target lanelet2_extension_lib
Consolidate compiler generated dependencies of target projector-test
Consolidate compiler generated dependencies of target lanelet2_extension_sample
Consolidate compiler generated dependencies of target autoware_lanelet2_validation
Consolidate compiler generated dependencies of target query-test
Consolidate compiler generated dependencies of target regulatory_elements-test
Consolidate compiler generated dependencies of target message_conversion-test
Consolidate compiler generated dependencies of target route-test
Consolidate compiler generated dependencies of target check_right_of_way
Consolidate compiler generated dependencies of target utilities-test
[ 52%] Building CXX object CMakeFiles/projector-test.dir/test/src/test_projector.cpp.o
[ 55%] Building CXX object CMakeFiles/lanelet2_extension_sample.dir/src/sample_code.cpp.o
[ 58%] Building CXX object CMakeFiles/query-test.dir/test/src/test_query.cpp.o
[ 63%] Building CXX object CMakeFiles/regulatory_elements-test.dir/test/src/test_regulatory_elements.cpp.o
[ 63%] Building CXX object CMakeFiles/autoware_lanelet2_validation.dir/src/validation.cpp.o
[ 66%] Building CXX object CMakeFiles/message_conversion-test.dir/test/src/test_message_conversion.cpp.o
[ 69%] Building CXX object CMakeFiles/route-test.dir/test/src/test_route_checker.cpp.o
[ 72%] Building CXX object CMakeFiles/check_right_of_way.dir/src/check_right_of_way.cpp.o
[ 75%] Building CXX object CMakeFiles/utilities-test.dir/test/src/test_utilities.cpp.o
[ 77%] Linking CXX executable projector-test
[ 77%] Built target projector-test
[ 80%] Linking CXX executable regulatory_elements-test
[ 80%] Built target regulatory_elements-test
[ 83%] Linking CXX executable lanelet2_extension_sample
[ 86%] Linking CXX executable query-test
[ 86%] Built target lanelet2_extension_sample
[ 86%] Built target query-test
[ 88%] Linking CXX executable message_conversion-test
[ 88%] Built target message_conversion-test
[ 91%] Linking CXX executable check_right_of_way
[ 91%] Built target check_right_of_way
[ 94%] Linking CXX executable autoware_lanelet2_validation
[ 94%] Built target autoware_lanelet2_validation
[ 97%] Linking CXX executable route-test
[ 97%] Built target route-test
[100%] Linking CXX executable utilities-test
[100%] Built target utilities-test
-- Install configuration: "Release"
-- Execute custom install script
-- Up-to-date symlink: /autoware/install/lanelet2_extension/include/lanelet2_extension/io/autoware_osm_parser.hpp
-- Up-to-date symlink: /autoware/install/lanelet2_extension/include/lanelet2_extension/projection/mgrs_projector.hpp
-- Up-to-date symlink: /autoware/install/lanelet2_extension/include/lanelet2_extension/regulatory_elements/autoware_traffic_light.hpp
-- Up-to-date symlink: /autoware/install/lanelet2_extension/include/lanelet2_extension/regulatory_elements/detection_area.hpp
-- Up-to-date symlink: /autoware/install/lanelet2_extension/include/lanelet2_extension/regulatory_elements/no_stopping_area.hpp
-- Up-to-date symlink: /autoware/install/lanelet2_extension/include/lanelet2_extension/regulatory_elements/road_marking.hpp
-- Up-to-date symlink: /autoware/install/lanelet2_extension/include/lanelet2_extension/regulatory_elements/speed_bump.hpp
-- Up-to-date symlink: /autoware/install/lanelet2_extension/include/lanelet2_extension/regulatory_elements/virtual_traffic_light.hpp
-- Up-to-date symlink: /autoware/install/lanelet2_extension/include/lanelet2_extension/utility/message_conversion.hpp
-- Up-to-date symlink: /autoware/install/lanelet2_extension/include/lanelet2_extension/utility/query.hpp
-- Up-to-date symlink: /autoware/install/lanelet2_extension/include/lanelet2_extension/utility/route_checker.hpp
-- Up-to-date symlink: /autoware/install/lanelet2_extension/include/lanelet2_extension/utility/utilities.hpp
-- Up-to-date symlink: /autoware/install/lanelet2_extension/include/lanelet2_extension/visualization/visualization.hpp
-- Up-to-date symlink: /autoware/install/lanelet2_extension/share/lanelet2_extension/environment/library_path.sh
-- Up-to-date symlink: /autoware/install/lanelet2_extension/share/lanelet2_extension/environment/library_path.dsv
-- Up-to-date symlink: /autoware/install/lanelet2_extension/lib/liblanelet2_extension_lib.so
-- Up-to-date symlink: /autoware/install/lanelet2_extension/lib/lanelet2_extension/lanelet2_extension_sample
-- Up-to-date symlink: /autoware/install/lanelet2_extension/lib/lanelet2_extension/autoware_lanelet2_validation
-- Up-to-date symlink: /autoware/install/lanelet2_extension/lib/lanelet2_extension/check_right_of_way
-- Up-to-date symlink: /autoware/install/lanelet2_extension/share/ament_index/resource_index/package_run_dependencies/lanelet2_extension
-- Up-to-date symlink: /autoware/install/lanelet2_extension/share/ament_index/resource_index/parent_prefix_path/lanelet2_extension
-- Up-to-date symlink: /autoware/install/lanelet2_extension/share/lanelet2_extension/environment/ament_prefix_path.sh
-- Up-to-date symlink: /autoware/install/lanelet2_extension/share/lanelet2_extension/environment/ament_prefix_path.dsv
-- Up-to-date symlink: /autoware/install/lanelet2_extension/share/lanelet2_extension/environment/path.sh
-- Up-to-date symlink: /autoware/install/lanelet2_extension/share/lanelet2_extension/environment/path.dsv
-- Up-to-date symlink: /autoware/install/lanelet2_extension/share/lanelet2_extension/local_setup.bash
-- Up-to-date symlink: /autoware/install/lanelet2_extension/share/lanelet2_extension/local_setup.sh
-- Up-to-date symlink: /autoware/install/lanelet2_extension/share/lanelet2_extension/local_setup.zsh
-- Up-to-date symlink: /autoware/install/lanelet2_extension/share/lanelet2_extension/local_setup.dsv
-- Symlinking: /autoware/install/lanelet2_extension/share/lanelet2_extension/package.dsv
-- Up-to-date symlink: /autoware/install/lanelet2_extension/share/ament_index/resource_index/packages/lanelet2_extension
-- Up-to-date symlink: /autoware/install/lanelet2_extension/share/lanelet2_extension/cmake/ament_cmake_export_dependencies-extras.cmake
-- Up-to-date symlink: /autoware/install/lanelet2_extension/share/lanelet2_extension/cmake/ament_cmake_export_include_directories-extras.cmake
-- Up-to-date symlink: /autoware/install/lanelet2_extension/share/lanelet2_extension/cmake/ament_cmake_export_libraries-extras.cmake
-- Up-to-date symlink: /autoware/install/lanelet2_extension/share/lanelet2_extension/cmake/lanelet2_extensionConfig.cmake
-- Up-to-date symlink: /autoware/install/lanelet2_extension/share/lanelet2_extension/cmake/lanelet2_extensionConfig-version.cmake
-- Up-to-date symlink: /autoware/install/lanelet2_extension/share/lanelet2_extension/package.xml
