-- The C compiler identification is GNU 11.3.0
-- The CXX compiler identification is GNU 11.3.0
-- Detecting C compiler ABI info
-- Detecting C compiler ABI info - done
-- Check for working C compiler: /usr/bin/cc - skipped
-- Detecting C compile features
-- Detecting C compile features - done
-- Detecting CXX compiler ABI info
-- Detecting CXX compiler ABI info - done
-- Check for working CXX compiler: /usr/bin/c++ - skipped
-- Detecting CXX compile features
-- Detecting CXX compile features - done
-- Found autoware_cmake: 0.1.0 (/autoware/install/autoware_cmake/share/autoware_cmake/cmake)
-- Found Python3: /usr/bin/python3.10 (found version "3.10.6") found components: Interpreter 
-- Override CMake install command with custom implementation using symlinks instead of copying resources
-- Found rosidl_generator_c: 3.1.3 (/opt/ros/humble/share/rosidl_generator_c/cmake)
-- Found rosidl_adapter: 3.1.3 (/opt/ros/humble/share/rosidl_adapter/cmake)
-- Found rosidl_generator_cpp: 3.1.3 (/opt/ros/humble/share/rosidl_generator_cpp/cmake)
-- Using all available rosidl_typesupport_c: rosidl_typesupport_fastrtps_c;rosidl_typesupport_introspection_c
-- Using all available rosidl_typesupport_cpp: rosidl_typesupport_fastrtps_cpp;rosidl_typesupport_introspection_cpp
-- Found rmw_implementation_cmake: 6.1.0 (/opt/ros/humble/share/rmw_implementation_cmake/cmake)
-- Found rmw_fastrtps_cpp: 6.2.1 (/opt/ros/humble/share/rmw_fastrtps_cpp/cmake)
-- Found OpenSSL: /usr/lib/x86_64-linux-gnu/libcrypto.so (found version "3.0.2")  
-- Found FastRTPS: /opt/ros/humble/include  
-- Using RMW implementation 'rmw_fastrtps_cpp' as default
-- Found eigen3_cmake_module: 0.1.1 (/opt/ros/humble/share/eigen3_cmake_module/cmake)
-- Found Eigen3: TRUE (found version "3.4.0") 
-- Ensuring Eigen3 include directory is part of orocos-kdl CMake target
-- Found ament_lint_auto: 0.12.4 (/opt/ros/humble/share/ament_lint_auto/cmake)
-- Found gtest sources under '/opt/ros/humble/src/gtest_vendor': C++ tests using 'Google Test' will be built
-- Looking for pthread.h
-- Looking for pthread.h - found
-- Performing Test CMAKE_HAVE_LIBC_PTHREAD
-- Performing Test CMAKE_HAVE_LIBC_PTHREAD - Success
-- Found Threads: TRUE  
-- Added test 'copyright' to check source files copyright and LICENSE
-- Added test 'cppcheck' to perform static code analysis on C / C++ code
-- Configured cppcheck include dirs: /autoware/src/universe/autoware.universe/vehicle/raw_vehicle_cmd_converter/include
-- Configured cppcheck exclude dirs and/or files: 
-- Added test 'lint_cmake' to check CMake code style
-- Added test 'xmllint' to check XML markup files
-- Configuring done
-- Generating done
-- Build files have been written to: /autoware/build/raw_vehicle_cmd_converter
[ 12%] Building CXX object gtest/CMakeFiles/gtest.dir/src/gtest-all.cc.o
[ 12%] Building CXX object gtest/CMakeFiles/gtest_main.dir/src/gtest_main.cc.o
[ 18%] Building CXX object CMakeFiles/raw_vehicle_cmd_converter_node.dir/rclcpp_components/node_main_raw_vehicle_cmd_converter_node.cpp.o
[ 25%] Building CXX object CMakeFiles/actuation_map_converter.dir/src/steer_map.cpp.o
[ 37%] Building CXX object CMakeFiles/actuation_map_converter.dir/src/brake_map.cpp.o
[ 37%] Building CXX object CMakeFiles/actuation_map_converter.dir/src/csv_loader.cpp.o
[ 50%] Building CXX object CMakeFiles/actuation_map_converter.dir/src/pid.cpp.o
[ 50%] Building CXX object CMakeFiles/actuation_map_converter.dir/src/accel_map.cpp.o
[ 56%] Linking CXX static library libgtest_main.a
[ 56%] Built target gtest_main
[ 62%] Linking CXX executable raw_vehicle_cmd_converter_node
[ 62%] Built target raw_vehicle_cmd_converter_node
[ 68%] Linking CXX shared library libactuation_map_converter.so
[ 68%] Built target actuation_map_converter
[ 75%] Building CXX object CMakeFiles/raw_vehicle_cmd_converter_node_component.dir/src/node.cpp.o
[ 81%] Linking CXX static library libgtest.a
[ 81%] Built target gtest
[ 87%] Linking CXX shared library libraw_vehicle_cmd_converter_node_component.so
[ 87%] Built target raw_vehicle_cmd_converter_node_component
[ 93%] Building CXX object CMakeFiles/test_raw_vehicle_cmd_converter.dir/test/test_raw_vehicle_cmd_converter.cpp.o
[100%] Linking CXX executable test_raw_vehicle_cmd_converter
[100%] Built target test_raw_vehicle_cmd_converter
-- Install configuration: "Release"
-- Execute custom install script
-- Symlinking: /autoware/install/raw_vehicle_cmd_converter/lib/raw_vehicle_cmd_converter/raw_vehicle_cmd_converter_node
-- Symlinking: /autoware/install/raw_vehicle_cmd_converter/include/raw_vehicle_cmd_converter/accel_map.hpp
-- Symlinking: /autoware/install/raw_vehicle_cmd_converter/include/raw_vehicle_cmd_converter/brake_map.hpp
-- Symlinking: /autoware/install/raw_vehicle_cmd_converter/include/raw_vehicle_cmd_converter/csv_loader.hpp
-- Symlinking: /autoware/install/raw_vehicle_cmd_converter/include/raw_vehicle_cmd_converter/node.hpp
-- Symlinking: /autoware/install/raw_vehicle_cmd_converter/include/raw_vehicle_cmd_converter/pid.hpp
-- Symlinking: /autoware/install/raw_vehicle_cmd_converter/include/raw_vehicle_cmd_converter/steer_map.hpp
-- Symlinking: /autoware/install/raw_vehicle_cmd_converter/share/raw_vehicle_cmd_converter/environment/library_path.sh
-- Symlinking: /autoware/install/raw_vehicle_cmd_converter/share/raw_vehicle_cmd_converter/environment/library_path.dsv
-- Symlinking: /autoware/install/raw_vehicle_cmd_converter/lib/libactuation_map_converter.so
-- Symlinking: /autoware/install/raw_vehicle_cmd_converter/lib/libraw_vehicle_cmd_converter_node_component.so
-- Symlinking: /autoware/install/raw_vehicle_cmd_converter/share/raw_vehicle_cmd_converter/config/converter.param.yaml
-- Symlinking: /autoware/install/raw_vehicle_cmd_converter/share/raw_vehicle_cmd_converter/data/default/accel_map.csv
-- Symlinking: /autoware/install/raw_vehicle_cmd_converter/share/raw_vehicle_cmd_converter/data/default/brake_map.csv
-- Symlinking: /autoware/install/raw_vehicle_cmd_converter/share/raw_vehicle_cmd_converter/data/default/steer_map.csv
-- Symlinking: /autoware/install/raw_vehicle_cmd_converter/share/raw_vehicle_cmd_converter/launch/raw_vehicle_converter.launch.xml
-- Symlinking: /autoware/install/raw_vehicle_cmd_converter/share/raw_vehicle_cmd_converter/test/map_data/test_1col_map.csv
-- Symlinking: /autoware/install/raw_vehicle_cmd_converter/share/raw_vehicle_cmd_converter/test/map_data/test_accel_map.csv
-- Symlinking: /autoware/install/raw_vehicle_cmd_converter/share/raw_vehicle_cmd_converter/test/map_data/test_brake_map.csv
-- Symlinking: /autoware/install/raw_vehicle_cmd_converter/share/raw_vehicle_cmd_converter/test/map_data/test_inconsistent_rows_map.csv
-- Symlinking: /autoware/install/raw_vehicle_cmd_converter/share/raw_vehicle_cmd_converter/test/map_data/test_not_interpolatable.csv
-- Symlinking: /autoware/install/raw_vehicle_cmd_converter/share/raw_vehicle_cmd_converter/test/map_data/test_steer_map.csv
-- Symlinking: /autoware/install/raw_vehicle_cmd_converter/share/raw_vehicle_cmd_converter/test/test_raw_vehicle_cmd_converter.cpp
-- Symlinking: /autoware/install/raw_vehicle_cmd_converter/share/ament_index/resource_index/package_run_dependencies/raw_vehicle_cmd_converter
-- Symlinking: /autoware/install/raw_vehicle_cmd_converter/share/ament_index/resource_index/parent_prefix_path/raw_vehicle_cmd_converter
-- Symlinking: /autoware/install/raw_vehicle_cmd_converter/share/raw_vehicle_cmd_converter/environment/ament_prefix_path.sh
-- Symlinking: /autoware/install/raw_vehicle_cmd_converter/share/raw_vehicle_cmd_converter/environment/ament_prefix_path.dsv
-- Symlinking: /autoware/install/raw_vehicle_cmd_converter/share/raw_vehicle_cmd_converter/environment/path.sh
-- Symlinking: /autoware/install/raw_vehicle_cmd_converter/share/raw_vehicle_cmd_converter/environment/path.dsv
-- Symlinking: /autoware/install/raw_vehicle_cmd_converter/share/raw_vehicle_cmd_converter/local_setup.bash
-- Symlinking: /autoware/install/raw_vehicle_cmd_converter/share/raw_vehicle_cmd_converter/local_setup.sh
-- Symlinking: /autoware/install/raw_vehicle_cmd_converter/share/raw_vehicle_cmd_converter/local_setup.zsh
-- Symlinking: /autoware/install/raw_vehicle_cmd_converter/share/raw_vehicle_cmd_converter/local_setup.dsv
-- Symlinking: /autoware/install/raw_vehicle_cmd_converter/share/raw_vehicle_cmd_converter/package.dsv
-- Symlinking: /autoware/install/raw_vehicle_cmd_converter/share/ament_index/resource_index/packages/raw_vehicle_cmd_converter
-- Symlinking: /autoware/install/raw_vehicle_cmd_converter/share/ament_index/resource_index/rclcpp_components/raw_vehicle_cmd_converter
-- Symlinking: /autoware/install/raw_vehicle_cmd_converter/share/raw_vehicle_cmd_converter/cmake/ament_cmake_export_dependencies-extras.cmake
-- Symlinking: /autoware/install/raw_vehicle_cmd_converter/share/raw_vehicle_cmd_converter/cmake/ament_cmake_export_include_directories-extras.cmake
-- Symlinking: /autoware/install/raw_vehicle_cmd_converter/share/raw_vehicle_cmd_converter/cmake/ament_cmake_export_libraries-extras.cmake
-- Symlinking: /autoware/install/raw_vehicle_cmd_converter/share/raw_vehicle_cmd_converter/cmake/raw_vehicle_cmd_converterConfig.cmake
-- Symlinking: /autoware/install/raw_vehicle_cmd_converter/share/raw_vehicle_cmd_converter/cmake/raw_vehicle_cmd_converterConfig-version.cmake
-- Symlinking: /autoware/install/raw_vehicle_cmd_converter/share/raw_vehicle_cmd_converter/package.xml
-- Symlinking: /autoware/install/raw_vehicle_cmd_converter/lib/raw_vehicle_cmd_converter/plot_accel_brake_map.py
