[0.031s] Invoking command in '/autoware/build/raw_vehicle_cmd_converter': AMENT_PREFIX_PATH=/autoware/install/interpolation:/autoware/install/tier4_autoware_utils:/autoware/install/tier4_vehicle_msgs:/autoware/install/autoware_auto_vehicle_msgs:/autoware/install/tier4_control_msgs:/autoware/install/autoware_cmake:/autoware/install/autoware_auto_planning_msgs:/autoware/install/autoware_auto_perception_msgs:/autoware/install/tier4_debug_msgs:/autoware/install/autoware_lint_common:/autoware/install/autoware_common_msgs:/autoware/install/autoware_auto_mapping_msgs:/autoware/install/autoware_auto_geometry_msgs:/autoware/install/autoware_auto_control_msgs:${AMENT_PREFIX_PATH} CMAKE_PREFIX_PATH=/autoware/install/interpolation:/autoware/install/tier4_autoware_utils:/autoware/install/tier4_vehicle_msgs:/autoware/install/autoware_auto_vehicle_msgs:/autoware/install/tier4_control_msgs:/autoware/install/autoware_cmake:/autoware/install/autoware_auto_planning_msgs:/autoware/install/autoware_auto_perception_msgs:/autoware/install/tier4_debug_msgs:/autoware/install/autoware_lint_common:/autoware/install/autoware_common_msgs:/autoware/install/autoware_auto_mapping_msgs:/autoware/install/autoware_auto_geometry_msgs:/autoware/install/autoware_auto_control_msgs:/opt/ros/humble LD_LIBRARY_PATH=/autoware/install/interpolation/lib:/autoware/install/tier4_autoware_utils/lib:/autoware/install/tier4_vehicle_msgs/lib:/autoware/install/autoware_auto_vehicle_msgs/lib:/autoware/install/tier4_control_msgs/lib:/autoware/install/autoware_auto_planning_msgs/lib:/autoware/install/autoware_auto_perception_msgs/lib:/autoware/install/tier4_debug_msgs/lib:/autoware/install/autoware_common_msgs/lib:/autoware/install/autoware_auto_mapping_msgs/lib:/autoware/install/autoware_auto_geometry_msgs/lib:/autoware/install/autoware_auto_control_msgs/lib:${LD_LIBRARY_PATH} PYTHONPATH=/autoware/install/tier4_vehicle_msgs/local/lib/python3.10/dist-packages:/autoware/install/autoware_auto_vehicle_msgs/local/lib/python3.10/dist-packages:/autoware/install/tier4_control_msgs/local/lib/python3.10/dist-packages:/autoware/install/autoware_auto_planning_msgs/local/lib/python3.10/dist-packages:/autoware/install/autoware_auto_perception_msgs/local/lib/python3.10/dist-packages:/autoware/install/tier4_debug_msgs/local/lib/python3.10/dist-packages:/autoware/install/autoware_common_msgs/local/lib/python3.10/dist-packages:/autoware/install/autoware_auto_mapping_msgs/local/lib/python3.10/dist-packages:/autoware/install/autoware_auto_geometry_msgs/local/lib/python3.10/dist-packages:/autoware/install/autoware_auto_control_msgs/local/lib/python3.10/dist-packages:${PYTHONPATH} /usr/bin/cmake /autoware/src/universe/autoware.universe/vehicle/raw_vehicle_cmd_converter -DCMAKE_BUILD_TYPE=Release -DAMENT_CMAKE_SYMLINK_INSTALL=1 -DCMAKE_INSTALL_PREFIX=/autoware/install/raw_vehicle_cmd_converter
[0.082s] -- The C compiler identification is GNU 11.3.0
[0.132s] -- The CXX compiler identification is GNU 11.3.0
[0.140s] -- Detecting C compiler ABI info
[0.197s] -- Detecting C compiler ABI info - done
[0.204s] -- Check for working C compiler: /usr/bin/cc - skipped
[0.205s] -- Detecting C compile features
[0.205s] -- Detecting C compile features - done
[0.208s] -- Detecting CXX compiler ABI info
[0.272s] -- Detecting CXX compiler ABI info - done
[0.284s] -- Check for working CXX compiler: /usr/bin/c++ - skipped
[0.284s] -- Detecting CXX compile features
[0.285s] -- Detecting CXX compile features - done
[0.287s] -- Found autoware_cmake: 0.1.0 (/autoware/install/autoware_cmake/share/autoware_cmake/cmake)
[0.482s] -- Found Python3: /usr/bin/python3.10 (found version "3.10.6") found components: Interpreter 
[0.550s] -- Override CMake install command with custom implementation using symlinks instead of copying resources
[0.717s] -- Found rosidl_generator_c: 3.1.3 (/opt/ros/humble/share/rosidl_generator_c/cmake)
[0.724s] -- Found rosidl_adapter: 3.1.3 (/opt/ros/humble/share/rosidl_adapter/cmake)
[0.734s] -- Found rosidl_generator_cpp: 3.1.3 (/opt/ros/humble/share/rosidl_generator_cpp/cmake)
[0.750s] -- Using all available rosidl_typesupport_c: rosidl_typesupport_fastrtps_c;rosidl_typesupport_introspection_c
[0.773s] -- Using all available rosidl_typesupport_cpp: rosidl_typesupport_fastrtps_cpp;rosidl_typesupport_introspection_cpp
[2.456s] -- Found rmw_implementation_cmake: 6.1.0 (/opt/ros/humble/share/rmw_implementation_cmake/cmake)
[2.462s] -- Found rmw_fastrtps_cpp: 6.2.1 (/opt/ros/humble/share/rmw_fastrtps_cpp/cmake)
[2.617s] -- Found OpenSSL: /usr/lib/x86_64-linux-gnu/libcrypto.so (found version "3.0.2")  
[2.665s] -- Found FastRTPS: /opt/ros/humble/include  
[2.752s] -- Using RMW implementation 'rmw_fastrtps_cpp' as default
[3.078s] -- Found eigen3_cmake_module: 0.1.1 (/opt/ros/humble/share/eigen3_cmake_module/cmake)
[3.080s] -- Found Eigen3: TRUE (found version "3.4.0") 
[3.081s] -- Ensuring Eigen3 include directory is part of orocos-kdl CMake target
[5.114s] -- Found ament_lint_auto: 0.12.4 (/opt/ros/humble/share/ament_lint_auto/cmake)
[5.353s] -- Found gtest sources under '/opt/ros/humble/src/gtest_vendor': C++ tests using 'Google Test' will be built
[5.359s] -- Looking for pthread.h
[5.481s] -- Looking for pthread.h - found
[5.481s] -- Performing Test CMAKE_HAVE_LIBC_PTHREAD
[5.631s] -- Performing Test CMAKE_HAVE_LIBC_PTHREAD - Success
[5.631s] -- Found Threads: TRUE  
[5.632s] -- Added test 'copyright' to check source files copyright and LICENSE
[5.632s] -- Added test 'cppcheck' to perform static code analysis on C / C++ code
[5.632s] -- Configured cppcheck include dirs: /autoware/src/universe/autoware.universe/vehicle/raw_vehicle_cmd_converter/include
[5.632s] -- Configured cppcheck exclude dirs and/or files: 
[5.632s] -- Added test 'lint_cmake' to check CMake code style
[5.632s] -- Added test 'xmllint' to check XML markup files
[5.632s] -- Configuring done
[5.857s] -- Generating done
[5.861s] -- Build files have been written to: /autoware/build/raw_vehicle_cmd_converter
[5.879s] Invoked command in '/autoware/build/raw_vehicle_cmd_converter' returned '0': AMENT_PREFIX_PATH=/autoware/install/interpolation:/autoware/install/tier4_autoware_utils:/autoware/install/tier4_vehicle_msgs:/autoware/install/autoware_auto_vehicle_msgs:/autoware/install/tier4_control_msgs:/autoware/install/autoware_cmake:/autoware/install/autoware_auto_planning_msgs:/autoware/install/autoware_auto_perception_msgs:/autoware/install/tier4_debug_msgs:/autoware/install/autoware_lint_common:/autoware/install/autoware_common_msgs:/autoware/install/autoware_auto_mapping_msgs:/autoware/install/autoware_auto_geometry_msgs:/autoware/install/autoware_auto_control_msgs:${AMENT_PREFIX_PATH} CMAKE_PREFIX_PATH=/autoware/install/interpolation:/autoware/install/tier4_autoware_utils:/autoware/install/tier4_vehicle_msgs:/autoware/install/autoware_auto_vehicle_msgs:/autoware/install/tier4_control_msgs:/autoware/install/autoware_cmake:/autoware/install/autoware_auto_planning_msgs:/autoware/install/autoware_auto_perception_msgs:/autoware/install/tier4_debug_msgs:/autoware/install/autoware_lint_common:/autoware/install/autoware_common_msgs:/autoware/install/autoware_auto_mapping_msgs:/autoware/install/autoware_auto_geometry_msgs:/autoware/install/autoware_auto_control_msgs:/opt/ros/humble LD_LIBRARY_PATH=/autoware/install/interpolation/lib:/autoware/install/tier4_autoware_utils/lib:/autoware/install/tier4_vehicle_msgs/lib:/autoware/install/autoware_auto_vehicle_msgs/lib:/autoware/install/tier4_control_msgs/lib:/autoware/install/autoware_auto_planning_msgs/lib:/autoware/install/autoware_auto_perception_msgs/lib:/autoware/install/tier4_debug_msgs/lib:/autoware/install/autoware_common_msgs/lib:/autoware/install/autoware_auto_mapping_msgs/lib:/autoware/install/autoware_auto_geometry_msgs/lib:/autoware/install/autoware_auto_control_msgs/lib:${LD_LIBRARY_PATH} PYTHONPATH=/autoware/install/tier4_vehicle_msgs/local/lib/python3.10/dist-packages:/autoware/install/autoware_auto_vehicle_msgs/local/lib/python3.10/dist-packages:/autoware/install/tier4_control_msgs/local/lib/python3.10/dist-packages:/autoware/install/autoware_auto_planning_msgs/local/lib/python3.10/dist-packages:/autoware/install/autoware_auto_perception_msgs/local/lib/python3.10/dist-packages:/autoware/install/tier4_debug_msgs/local/lib/python3.10/dist-packages:/autoware/install/autoware_common_msgs/local/lib/python3.10/dist-packages:/autoware/install/autoware_auto_mapping_msgs/local/lib/python3.10/dist-packages:/autoware/install/autoware_auto_geometry_msgs/local/lib/python3.10/dist-packages:/autoware/install/autoware_auto_control_msgs/local/lib/python3.10/dist-packages:${PYTHONPATH} /usr/bin/cmake /autoware/src/universe/autoware.universe/vehicle/raw_vehicle_cmd_converter -DCMAKE_BUILD_TYPE=Release -DAMENT_CMAKE_SYMLINK_INSTALL=1 -DCMAKE_INSTALL_PREFIX=/autoware/install/raw_vehicle_cmd_converter
[5.881s] Invoking command in '/autoware/build/raw_vehicle_cmd_converter': AMENT_PREFIX_PATH=/autoware/install/interpolation:/autoware/install/tier4_autoware_utils:/autoware/install/tier4_vehicle_msgs:/autoware/install/autoware_auto_vehicle_msgs:/autoware/install/tier4_control_msgs:/autoware/install/autoware_cmake:/autoware/install/autoware_auto_planning_msgs:/autoware/install/autoware_auto_perception_msgs:/autoware/install/tier4_debug_msgs:/autoware/install/autoware_lint_common:/autoware/install/autoware_common_msgs:/autoware/install/autoware_auto_mapping_msgs:/autoware/install/autoware_auto_geometry_msgs:/autoware/install/autoware_auto_control_msgs:${AMENT_PREFIX_PATH} CMAKE_PREFIX_PATH=/autoware/install/interpolation:/autoware/install/tier4_autoware_utils:/autoware/install/tier4_vehicle_msgs:/autoware/install/autoware_auto_vehicle_msgs:/autoware/install/tier4_control_msgs:/autoware/install/autoware_cmake:/autoware/install/autoware_auto_planning_msgs:/autoware/install/autoware_auto_perception_msgs:/autoware/install/tier4_debug_msgs:/autoware/install/autoware_lint_common:/autoware/install/autoware_common_msgs:/autoware/install/autoware_auto_mapping_msgs:/autoware/install/autoware_auto_geometry_msgs:/autoware/install/autoware_auto_control_msgs:/opt/ros/humble LD_LIBRARY_PATH=/autoware/install/interpolation/lib:/autoware/install/tier4_autoware_utils/lib:/autoware/install/tier4_vehicle_msgs/lib:/autoware/install/autoware_auto_vehicle_msgs/lib:/autoware/install/tier4_control_msgs/lib:/autoware/install/autoware_auto_planning_msgs/lib:/autoware/install/autoware_auto_perception_msgs/lib:/autoware/install/tier4_debug_msgs/lib:/autoware/install/autoware_common_msgs/lib:/autoware/install/autoware_auto_mapping_msgs/lib:/autoware/install/autoware_auto_geometry_msgs/lib:/autoware/install/autoware_auto_control_msgs/lib:${LD_LIBRARY_PATH} PYTHONPATH=/autoware/install/tier4_vehicle_msgs/local/lib/python3.10/dist-packages:/autoware/install/autoware_auto_vehicle_msgs/local/lib/python3.10/dist-packages:/autoware/install/tier4_control_msgs/local/lib/python3.10/dist-packages:/autoware/install/autoware_auto_planning_msgs/local/lib/python3.10/dist-packages:/autoware/install/autoware_auto_perception_msgs/local/lib/python3.10/dist-packages:/autoware/install/tier4_debug_msgs/local/lib/python3.10/dist-packages:/autoware/install/autoware_common_msgs/local/lib/python3.10/dist-packages:/autoware/install/autoware_auto_mapping_msgs/local/lib/python3.10/dist-packages:/autoware/install/autoware_auto_geometry_msgs/local/lib/python3.10/dist-packages:/autoware/install/autoware_auto_control_msgs/local/lib/python3.10/dist-packages:${PYTHONPATH} /usr/bin/cmake --build /autoware/build/raw_vehicle_cmd_converter -- -j64 -l64
[5.973s] [ 12%] Building CXX object gtest/CMakeFiles/gtest.dir/src/gtest-all.cc.o
[5.973s] [ 12%] Building CXX object gtest/CMakeFiles/gtest_main.dir/src/gtest_main.cc.o
[5.974s] [ 18%] Building CXX object CMakeFiles/raw_vehicle_cmd_converter_node.dir/rclcpp_components/node_main_raw_vehicle_cmd_converter_node.cpp.o
[5.974s] [ 25%] Building CXX object CMakeFiles/actuation_map_converter.dir/src/steer_map.cpp.o
[5.976s] [ 37%] Building CXX object CMakeFiles/actuation_map_converter.dir/src/brake_map.cpp.o
[5.976s] [ 37%] Building CXX object CMakeFiles/actuation_map_converter.dir/src/csv_loader.cpp.o
[5.977s] [ 50%] Building CXX object CMakeFiles/actuation_map_converter.dir/src/pid.cpp.o
[5.977s] [ 50%] Building CXX object CMakeFiles/actuation_map_converter.dir/src/accel_map.cpp.o
[7.346s] [ 56%] Linking CXX static library libgtest_main.a
[7.393s] [ 56%] Built target gtest_main
[10.049s] [ 62%] Linking CXX executable raw_vehicle_cmd_converter_node
[10.181s] [ 62%] Built target raw_vehicle_cmd_converter_node
[10.472s] [ 68%] Linking CXX shared library libactuation_map_converter.so
[10.660s] [ 68%] Built target actuation_map_converter
[10.684s] [ 75%] Building CXX object CMakeFiles/raw_vehicle_cmd_converter_node_component.dir/src/node.cpp.o
[13.894s] [ 81%] Linking CXX static library libgtest.a
[13.929s] [ 81%] Built target gtest
[30.499s] [ 87%] Linking CXX shared library libraw_vehicle_cmd_converter_node_component.so
[31.408s] [ 87%] Built target raw_vehicle_cmd_converter_node_component
[31.568s] [ 93%] Building CXX object CMakeFiles/test_raw_vehicle_cmd_converter.dir/test/test_raw_vehicle_cmd_converter.cpp.o
[38.001s] [100%] Linking CXX executable test_raw_vehicle_cmd_converter
[38.276s] [100%] Built target test_raw_vehicle_cmd_converter
[38.290s] Invoked command in '/autoware/build/raw_vehicle_cmd_converter' returned '0': AMENT_PREFIX_PATH=/autoware/install/interpolation:/autoware/install/tier4_autoware_utils:/autoware/install/tier4_vehicle_msgs:/autoware/install/autoware_auto_vehicle_msgs:/autoware/install/tier4_control_msgs:/autoware/install/autoware_cmake:/autoware/install/autoware_auto_planning_msgs:/autoware/install/autoware_auto_perception_msgs:/autoware/install/tier4_debug_msgs:/autoware/install/autoware_lint_common:/autoware/install/autoware_common_msgs:/autoware/install/autoware_auto_mapping_msgs:/autoware/install/autoware_auto_geometry_msgs:/autoware/install/autoware_auto_control_msgs:${AMENT_PREFIX_PATH} CMAKE_PREFIX_PATH=/autoware/install/interpolation:/autoware/install/tier4_autoware_utils:/autoware/install/tier4_vehicle_msgs:/autoware/install/autoware_auto_vehicle_msgs:/autoware/install/tier4_control_msgs:/autoware/install/autoware_cmake:/autoware/install/autoware_auto_planning_msgs:/autoware/install/autoware_auto_perception_msgs:/autoware/install/tier4_debug_msgs:/autoware/install/autoware_lint_common:/autoware/install/autoware_common_msgs:/autoware/install/autoware_auto_mapping_msgs:/autoware/install/autoware_auto_geometry_msgs:/autoware/install/autoware_auto_control_msgs:/opt/ros/humble LD_LIBRARY_PATH=/autoware/install/interpolation/lib:/autoware/install/tier4_autoware_utils/lib:/autoware/install/tier4_vehicle_msgs/lib:/autoware/install/autoware_auto_vehicle_msgs/lib:/autoware/install/tier4_control_msgs/lib:/autoware/install/autoware_auto_planning_msgs/lib:/autoware/install/autoware_auto_perception_msgs/lib:/autoware/install/tier4_debug_msgs/lib:/autoware/install/autoware_common_msgs/lib:/autoware/install/autoware_auto_mapping_msgs/lib:/autoware/install/autoware_auto_geometry_msgs/lib:/autoware/install/autoware_auto_control_msgs/lib:${LD_LIBRARY_PATH} PYTHONPATH=/autoware/install/tier4_vehicle_msgs/local/lib/python3.10/dist-packages:/autoware/install/autoware_auto_vehicle_msgs/local/lib/python3.10/dist-packages:/autoware/install/tier4_control_msgs/local/lib/python3.10/dist-packages:/autoware/install/autoware_auto_planning_msgs/local/lib/python3.10/dist-packages:/autoware/install/autoware_auto_perception_msgs/local/lib/python3.10/dist-packages:/autoware/install/tier4_debug_msgs/local/lib/python3.10/dist-packages:/autoware/install/autoware_common_msgs/local/lib/python3.10/dist-packages:/autoware/install/autoware_auto_mapping_msgs/local/lib/python3.10/dist-packages:/autoware/install/autoware_auto_geometry_msgs/local/lib/python3.10/dist-packages:/autoware/install/autoware_auto_control_msgs/local/lib/python3.10/dist-packages:${PYTHONPATH} /usr/bin/cmake --build /autoware/build/raw_vehicle_cmd_converter -- -j64 -l64
[38.334s] Invoking command in '/autoware/build/raw_vehicle_cmd_converter': AMENT_PREFIX_PATH=/autoware/install/interpolation:/autoware/install/tier4_autoware_utils:/autoware/install/tier4_vehicle_msgs:/autoware/install/autoware_auto_vehicle_msgs:/autoware/install/tier4_control_msgs:/autoware/install/autoware_cmake:/autoware/install/autoware_auto_planning_msgs:/autoware/install/autoware_auto_perception_msgs:/autoware/install/tier4_debug_msgs:/autoware/install/autoware_lint_common:/autoware/install/autoware_common_msgs:/autoware/install/autoware_auto_mapping_msgs:/autoware/install/autoware_auto_geometry_msgs:/autoware/install/autoware_auto_control_msgs:${AMENT_PREFIX_PATH} CMAKE_PREFIX_PATH=/autoware/install/interpolation:/autoware/install/tier4_autoware_utils:/autoware/install/tier4_vehicle_msgs:/autoware/install/autoware_auto_vehicle_msgs:/autoware/install/tier4_control_msgs:/autoware/install/autoware_cmake:/autoware/install/autoware_auto_planning_msgs:/autoware/install/autoware_auto_perception_msgs:/autoware/install/tier4_debug_msgs:/autoware/install/autoware_lint_common:/autoware/install/autoware_common_msgs:/autoware/install/autoware_auto_mapping_msgs:/autoware/install/autoware_auto_geometry_msgs:/autoware/install/autoware_auto_control_msgs:/opt/ros/humble LD_LIBRARY_PATH=/autoware/install/interpolation/lib:/autoware/install/tier4_autoware_utils/lib:/autoware/install/tier4_vehicle_msgs/lib:/autoware/install/autoware_auto_vehicle_msgs/lib:/autoware/install/tier4_control_msgs/lib:/autoware/install/autoware_auto_planning_msgs/lib:/autoware/install/autoware_auto_perception_msgs/lib:/autoware/install/tier4_debug_msgs/lib:/autoware/install/autoware_common_msgs/lib:/autoware/install/autoware_auto_mapping_msgs/lib:/autoware/install/autoware_auto_geometry_msgs/lib:/autoware/install/autoware_auto_control_msgs/lib:${LD_LIBRARY_PATH} PYTHONPATH=/autoware/install/tier4_vehicle_msgs/local/lib/python3.10/dist-packages:/autoware/install/autoware_auto_vehicle_msgs/local/lib/python3.10/dist-packages:/autoware/install/tier4_control_msgs/local/lib/python3.10/dist-packages:/autoware/install/autoware_auto_planning_msgs/local/lib/python3.10/dist-packages:/autoware/install/autoware_auto_perception_msgs/local/lib/python3.10/dist-packages:/autoware/install/tier4_debug_msgs/local/lib/python3.10/dist-packages:/autoware/install/autoware_common_msgs/local/lib/python3.10/dist-packages:/autoware/install/autoware_auto_mapping_msgs/local/lib/python3.10/dist-packages:/autoware/install/autoware_auto_geometry_msgs/local/lib/python3.10/dist-packages:/autoware/install/autoware_auto_control_msgs/local/lib/python3.10/dist-packages:${PYTHONPATH} /usr/bin/cmake --install /autoware/build/raw_vehicle_cmd_converter
[38.345s] -- Install configuration: "Release"
[38.346s] -- Execute custom install script
[38.346s] -- Symlinking: /autoware/install/raw_vehicle_cmd_converter/lib/raw_vehicle_cmd_converter/raw_vehicle_cmd_converter_node
[38.359s] -- Symlinking: /autoware/install/raw_vehicle_cmd_converter/include/raw_vehicle_cmd_converter/accel_map.hpp
[38.370s] -- Symlinking: /autoware/install/raw_vehicle_cmd_converter/include/raw_vehicle_cmd_converter/brake_map.hpp
[38.379s] -- Symlinking: /autoware/install/raw_vehicle_cmd_converter/include/raw_vehicle_cmd_converter/csv_loader.hpp
[38.389s] -- Symlinking: /autoware/install/raw_vehicle_cmd_converter/include/raw_vehicle_cmd_converter/node.hpp
[38.398s] -- Symlinking: /autoware/install/raw_vehicle_cmd_converter/include/raw_vehicle_cmd_converter/pid.hpp
[38.408s] -- Symlinking: /autoware/install/raw_vehicle_cmd_converter/include/raw_vehicle_cmd_converter/steer_map.hpp
[38.419s] -- Symlinking: /autoware/install/raw_vehicle_cmd_converter/share/raw_vehicle_cmd_converter/environment/library_path.sh
[38.431s] -- Symlinking: /autoware/install/raw_vehicle_cmd_converter/share/raw_vehicle_cmd_converter/environment/library_path.dsv
[38.443s] -- Symlinking: /autoware/install/raw_vehicle_cmd_converter/lib/libactuation_map_converter.so
[38.454s] -- Symlinking: /autoware/install/raw_vehicle_cmd_converter/lib/libraw_vehicle_cmd_converter_node_component.so
[38.467s] -- Symlinking: /autoware/install/raw_vehicle_cmd_converter/share/raw_vehicle_cmd_converter/config/converter.param.yaml
[38.479s] -- Symlinking: /autoware/install/raw_vehicle_cmd_converter/share/raw_vehicle_cmd_converter/data/default/accel_map.csv
[38.490s] -- Symlinking: /autoware/install/raw_vehicle_cmd_converter/share/raw_vehicle_cmd_converter/data/default/brake_map.csv
[38.500s] -- Symlinking: /autoware/install/raw_vehicle_cmd_converter/share/raw_vehicle_cmd_converter/data/default/steer_map.csv
[38.511s] -- Symlinking: /autoware/install/raw_vehicle_cmd_converter/share/raw_vehicle_cmd_converter/launch/raw_vehicle_converter.launch.xml
[38.522s] -- Symlinking: /autoware/install/raw_vehicle_cmd_converter/share/raw_vehicle_cmd_converter/test/map_data/test_1col_map.csv
[38.533s] -- Symlinking: /autoware/install/raw_vehicle_cmd_converter/share/raw_vehicle_cmd_converter/test/map_data/test_accel_map.csv
[38.543s] -- Symlinking: /autoware/install/raw_vehicle_cmd_converter/share/raw_vehicle_cmd_converter/test/map_data/test_brake_map.csv
[38.554s] -- Symlinking: /autoware/install/raw_vehicle_cmd_converter/share/raw_vehicle_cmd_converter/test/map_data/test_inconsistent_rows_map.csv
[38.564s] -- Symlinking: /autoware/install/raw_vehicle_cmd_converter/share/raw_vehicle_cmd_converter/test/map_data/test_not_interpolatable.csv
[38.577s] -- Symlinking: /autoware/install/raw_vehicle_cmd_converter/share/raw_vehicle_cmd_converter/test/map_data/test_steer_map.csv
[38.588s] -- Symlinking: /autoware/install/raw_vehicle_cmd_converter/share/raw_vehicle_cmd_converter/test/test_raw_vehicle_cmd_converter.cpp
[38.599s] -- Symlinking: /autoware/install/raw_vehicle_cmd_converter/share/ament_index/resource_index/package_run_dependencies/raw_vehicle_cmd_converter
[38.611s] -- Symlinking: /autoware/install/raw_vehicle_cmd_converter/share/ament_index/resource_index/parent_prefix_path/raw_vehicle_cmd_converter
[38.623s] -- Symlinking: /autoware/install/raw_vehicle_cmd_converter/share/raw_vehicle_cmd_converter/environment/ament_prefix_path.sh
[38.636s] -- Symlinking: /autoware/install/raw_vehicle_cmd_converter/share/raw_vehicle_cmd_converter/environment/ament_prefix_path.dsv
[38.649s] -- Symlinking: /autoware/install/raw_vehicle_cmd_converter/share/raw_vehicle_cmd_converter/environment/path.sh
[38.661s] -- Symlinking: /autoware/install/raw_vehicle_cmd_converter/share/raw_vehicle_cmd_converter/environment/path.dsv
[38.672s] -- Symlinking: /autoware/install/raw_vehicle_cmd_converter/share/raw_vehicle_cmd_converter/local_setup.bash
[38.686s] -- Symlinking: /autoware/install/raw_vehicle_cmd_converter/share/raw_vehicle_cmd_converter/local_setup.sh
[38.694s] -- Symlinking: /autoware/install/raw_vehicle_cmd_converter/share/raw_vehicle_cmd_converter/local_setup.zsh
[38.705s] -- Symlinking: /autoware/install/raw_vehicle_cmd_converter/share/raw_vehicle_cmd_converter/local_setup.dsv
[38.713s] -- Symlinking: /autoware/install/raw_vehicle_cmd_converter/share/raw_vehicle_cmd_converter/package.dsv
[38.721s] -- Symlinking: /autoware/install/raw_vehicle_cmd_converter/share/ament_index/resource_index/packages/raw_vehicle_cmd_converter
[38.729s] -- Symlinking: /autoware/install/raw_vehicle_cmd_converter/share/ament_index/resource_index/rclcpp_components/raw_vehicle_cmd_converter
[38.741s] -- Symlinking: /autoware/install/raw_vehicle_cmd_converter/share/raw_vehicle_cmd_converter/cmake/ament_cmake_export_dependencies-extras.cmake
[38.753s] -- Symlinking: /autoware/install/raw_vehicle_cmd_converter/share/raw_vehicle_cmd_converter/cmake/ament_cmake_export_include_directories-extras.cmake
[38.762s] -- Symlinking: /autoware/install/raw_vehicle_cmd_converter/share/raw_vehicle_cmd_converter/cmake/ament_cmake_export_libraries-extras.cmake
[38.773s] -- Symlinking: /autoware/install/raw_vehicle_cmd_converter/share/raw_vehicle_cmd_converter/cmake/raw_vehicle_cmd_converterConfig.cmake
[38.781s] -- Symlinking: /autoware/install/raw_vehicle_cmd_converter/share/raw_vehicle_cmd_converter/cmake/raw_vehicle_cmd_converterConfig-version.cmake
[38.792s] -- Symlinking: /autoware/install/raw_vehicle_cmd_converter/share/raw_vehicle_cmd_converter/package.xml
[38.800s] -- Symlinking: /autoware/install/raw_vehicle_cmd_converter/lib/raw_vehicle_cmd_converter/plot_accel_brake_map.py
[38.821s] Invoked command in '/autoware/build/raw_vehicle_cmd_converter' returned '0': AMENT_PREFIX_PATH=/autoware/install/interpolation:/autoware/install/tier4_autoware_utils:/autoware/install/tier4_vehicle_msgs:/autoware/install/autoware_auto_vehicle_msgs:/autoware/install/tier4_control_msgs:/autoware/install/autoware_cmake:/autoware/install/autoware_auto_planning_msgs:/autoware/install/autoware_auto_perception_msgs:/autoware/install/tier4_debug_msgs:/autoware/install/autoware_lint_common:/autoware/install/autoware_common_msgs:/autoware/install/autoware_auto_mapping_msgs:/autoware/install/autoware_auto_geometry_msgs:/autoware/install/autoware_auto_control_msgs:${AMENT_PREFIX_PATH} CMAKE_PREFIX_PATH=/autoware/install/interpolation:/autoware/install/tier4_autoware_utils:/autoware/install/tier4_vehicle_msgs:/autoware/install/autoware_auto_vehicle_msgs:/autoware/install/tier4_control_msgs:/autoware/install/autoware_cmake:/autoware/install/autoware_auto_planning_msgs:/autoware/install/autoware_auto_perception_msgs:/autoware/install/tier4_debug_msgs:/autoware/install/autoware_lint_common:/autoware/install/autoware_common_msgs:/autoware/install/autoware_auto_mapping_msgs:/autoware/install/autoware_auto_geometry_msgs:/autoware/install/autoware_auto_control_msgs:/opt/ros/humble LD_LIBRARY_PATH=/autoware/install/interpolation/lib:/autoware/install/tier4_autoware_utils/lib:/autoware/install/tier4_vehicle_msgs/lib:/autoware/install/autoware_auto_vehicle_msgs/lib:/autoware/install/tier4_control_msgs/lib:/autoware/install/autoware_auto_planning_msgs/lib:/autoware/install/autoware_auto_perception_msgs/lib:/autoware/install/tier4_debug_msgs/lib:/autoware/install/autoware_common_msgs/lib:/autoware/install/autoware_auto_mapping_msgs/lib:/autoware/install/autoware_auto_geometry_msgs/lib:/autoware/install/autoware_auto_control_msgs/lib:${LD_LIBRARY_PATH} PYTHONPATH=/autoware/install/tier4_vehicle_msgs/local/lib/python3.10/dist-packages:/autoware/install/autoware_auto_vehicle_msgs/local/lib/python3.10/dist-packages:/autoware/install/tier4_control_msgs/local/lib/python3.10/dist-packages:/autoware/install/autoware_auto_planning_msgs/local/lib/python3.10/dist-packages:/autoware/install/autoware_auto_perception_msgs/local/lib/python3.10/dist-packages:/autoware/install/tier4_debug_msgs/local/lib/python3.10/dist-packages:/autoware/install/autoware_common_msgs/local/lib/python3.10/dist-packages:/autoware/install/autoware_auto_mapping_msgs/local/lib/python3.10/dist-packages:/autoware/install/autoware_auto_geometry_msgs/local/lib/python3.10/dist-packages:/autoware/install/autoware_auto_control_msgs/local/lib/python3.10/dist-packages:${PYTHONPATH} /usr/bin/cmake --install /autoware/build/raw_vehicle_cmd_converter
