[0.023s] Invoking command in '/autoware/build/traffic_light_visualization': AMENT_PREFIX_PATH=/autoware/install/lanelet2_extension:/autoware/install/autoware_utils:/autoware/install/autoware_planning_msgs:/autoware/install/autoware_auto_planning_msgs:/autoware/install/autoware_auto_perception_msgs:/autoware/install/autoware_common_msgs:/autoware/install/autoware_cmake:/autoware/install/autoware_auto_mapping_msgs:/autoware/install/autoware_auto_geometry_msgs:/autoware/install/autoware_lint_common:/autoware/install/ament_cmake_auto:${AMENT_PREFIX_PATH} CMAKE_PREFIX_PATH=/autoware/install/lanelet2_extension:/autoware/install/autoware_utils:/autoware/install/autoware_planning_msgs:/autoware/install/autoware_auto_planning_msgs:/autoware/install/autoware_auto_perception_msgs:/autoware/install/autoware_common_msgs:/autoware/install/autoware_cmake:/autoware/install/autoware_auto_mapping_msgs:/autoware/install/autoware_auto_geometry_msgs:/autoware/install/autoware_lint_common:/autoware/install/ament_cmake_auto:/opt/ros/humble LD_LIBRARY_PATH=/autoware/install/lanelet2_extension/lib:/autoware/install/autoware_utils/lib:/autoware/install/autoware_planning_msgs/lib:/autoware/install/autoware_auto_planning_msgs/lib:/autoware/install/autoware_auto_perception_msgs/lib:/autoware/install/autoware_common_msgs/lib:/autoware/install/autoware_auto_mapping_msgs/lib:/autoware/install/autoware_auto_geometry_msgs/lib:${LD_LIBRARY_PATH} PYTHONPATH=/autoware/install/autoware_planning_msgs/local/lib/python3.10/dist-packages:/autoware/install/autoware_auto_planning_msgs/local/lib/python3.10/dist-packages:/autoware/install/autoware_auto_perception_msgs/local/lib/python3.10/dist-packages:/autoware/install/autoware_common_msgs/local/lib/python3.10/dist-packages:/autoware/install/autoware_auto_mapping_msgs/local/lib/python3.10/dist-packages:/autoware/install/autoware_auto_geometry_msgs/local/lib/python3.10/dist-packages:${PYTHONPATH} /usr/bin/cmake --build /autoware/build/traffic_light_visualization -- -j64 -l64
[0.049s] -- Found autoware_cmake: 0.1.0 (/autoware/install/autoware_cmake/share/autoware_cmake/cmake)
[0.049s] -- Found ament_cmake_auto: 1.3.2 (/opt/ros/humble/share/ament_cmake_auto/cmake)
[0.193s] -- Override CMake install command with custom implementation using symlinks instead of copying resources
[0.299s] -- Found rosidl_generator_c: 3.1.3 (/opt/ros/humble/share/rosidl_generator_c/cmake)
[0.301s] -- Found rosidl_adapter: 3.1.3 (/opt/ros/humble/share/rosidl_adapter/cmake)
[0.306s] -- Found rosidl_generator_cpp: 3.1.3 (/opt/ros/humble/share/rosidl_generator_cpp/cmake)
[0.317s] -- Using all available rosidl_typesupport_c: rosidl_typesupport_fastrtps_c;rosidl_typesupport_introspection_c
[0.331s] -- Using all available rosidl_typesupport_cpp: rosidl_typesupport_fastrtps_cpp;rosidl_typesupport_introspection_cpp
[0.867s] -- Found rmw_implementation_cmake: 6.1.0 (/opt/ros/humble/share/rmw_implementation_cmake/cmake)
[0.868s] -- Found rmw_fastrtps_cpp: 6.2.1 (/opt/ros/humble/share/rmw_fastrtps_cpp/cmake)
[0.989s] -- Using RMW implementation 'rmw_fastrtps_cpp' as default
[1.710s] -- Found mrt_cmake_modules: 1.0.9 (/opt/ros/humble/share/mrt_cmake_modules/cmake)
[1.838s] -- Found eigen3_cmake_module: 0.1.1 (/opt/ros/humble/share/eigen3_cmake_module/cmake)
[1.839s] -- Ensuring Eigen3 include directory is part of orocos-kdl CMake target
[2.264s] -- Found ament_lint_auto: 0.12.4 (/opt/ros/humble/share/ament_lint_auto/cmake)
[3.286s] -- Added test 'copyright' to check source files copyright and LICENSE
[3.288s] -- Added test 'cppcheck' to perform static code analysis on C / C++ code
[3.289s] -- Configured cppcheck include dirs: /autoware/src/universe/autoware.universe/perception/traffic_light_visualization/include
[3.289s] -- Configured cppcheck exclude dirs and/or files: 
[3.289s] -- Added test 'lint_cmake' to check CMake code style
[3.289s] -- Added test 'xmllint' to check XML markup files
[3.324s] -- Configuring done
[3.396s] -- Generating done
[3.399s] -- Build files have been written to: /autoware/build/traffic_light_visualization
[3.430s] Consolidate compiler generated dependencies of target traffic_light_visualization_node
[3.433s] Consolidate compiler generated dependencies of target traffic_light_roi_visualizer_nodelet
[3.443s] [ 28%] Built target traffic_light_visualization_node
[3.449s] [ 42%] Linking CXX shared library libtraffic_light_roi_visualizer_nodelet.so
[3.746s] [ 57%] Built target traffic_light_roi_visualizer_nodelet
[3.768s] Consolidate compiler generated dependencies of target traffic_light_map_visualizer_node
[3.785s] [ 71%] Linking CXX executable traffic_light_map_visualizer_node
[4.099s] [100%] Built target traffic_light_map_visualizer_node
[4.109s] Invoked command in '/autoware/build/traffic_light_visualization' returned '0': AMENT_PREFIX_PATH=/autoware/install/lanelet2_extension:/autoware/install/autoware_utils:/autoware/install/autoware_planning_msgs:/autoware/install/autoware_auto_planning_msgs:/autoware/install/autoware_auto_perception_msgs:/autoware/install/autoware_common_msgs:/autoware/install/autoware_cmake:/autoware/install/autoware_auto_mapping_msgs:/autoware/install/autoware_auto_geometry_msgs:/autoware/install/autoware_lint_common:/autoware/install/ament_cmake_auto:${AMENT_PREFIX_PATH} CMAKE_PREFIX_PATH=/autoware/install/lanelet2_extension:/autoware/install/autoware_utils:/autoware/install/autoware_planning_msgs:/autoware/install/autoware_auto_planning_msgs:/autoware/install/autoware_auto_perception_msgs:/autoware/install/autoware_common_msgs:/autoware/install/autoware_cmake:/autoware/install/autoware_auto_mapping_msgs:/autoware/install/autoware_auto_geometry_msgs:/autoware/install/autoware_lint_common:/autoware/install/ament_cmake_auto:/opt/ros/humble LD_LIBRARY_PATH=/autoware/install/lanelet2_extension/lib:/autoware/install/autoware_utils/lib:/autoware/install/autoware_planning_msgs/lib:/autoware/install/autoware_auto_planning_msgs/lib:/autoware/install/autoware_auto_perception_msgs/lib:/autoware/install/autoware_common_msgs/lib:/autoware/install/autoware_auto_mapping_msgs/lib:/autoware/install/autoware_auto_geometry_msgs/lib:${LD_LIBRARY_PATH} PYTHONPATH=/autoware/install/autoware_planning_msgs/local/lib/python3.10/dist-packages:/autoware/install/autoware_auto_planning_msgs/local/lib/python3.10/dist-packages:/autoware/install/autoware_auto_perception_msgs/local/lib/python3.10/dist-packages:/autoware/install/autoware_common_msgs/local/lib/python3.10/dist-packages:/autoware/install/autoware_auto_mapping_msgs/local/lib/python3.10/dist-packages:/autoware/install/autoware_auto_geometry_msgs/local/lib/python3.10/dist-packages:${PYTHONPATH} /usr/bin/cmake --build /autoware/build/traffic_light_visualization -- -j64 -l64
[4.136s] Invoking command in '/autoware/build/traffic_light_visualization': AMENT_PREFIX_PATH=/autoware/install/lanelet2_extension:/autoware/install/autoware_utils:/autoware/install/autoware_planning_msgs:/autoware/install/autoware_auto_planning_msgs:/autoware/install/autoware_auto_perception_msgs:/autoware/install/autoware_common_msgs:/autoware/install/autoware_cmake:/autoware/install/autoware_auto_mapping_msgs:/autoware/install/autoware_auto_geometry_msgs:/autoware/install/autoware_lint_common:/autoware/install/ament_cmake_auto:${AMENT_PREFIX_PATH} CMAKE_PREFIX_PATH=/autoware/install/lanelet2_extension:/autoware/install/autoware_utils:/autoware/install/autoware_planning_msgs:/autoware/install/autoware_auto_planning_msgs:/autoware/install/autoware_auto_perception_msgs:/autoware/install/autoware_common_msgs:/autoware/install/autoware_cmake:/autoware/install/autoware_auto_mapping_msgs:/autoware/install/autoware_auto_geometry_msgs:/autoware/install/autoware_lint_common:/autoware/install/ament_cmake_auto:/opt/ros/humble LD_LIBRARY_PATH=/autoware/install/lanelet2_extension/lib:/autoware/install/autoware_utils/lib:/autoware/install/autoware_planning_msgs/lib:/autoware/install/autoware_auto_planning_msgs/lib:/autoware/install/autoware_auto_perception_msgs/lib:/autoware/install/autoware_common_msgs/lib:/autoware/install/autoware_auto_mapping_msgs/lib:/autoware/install/autoware_auto_geometry_msgs/lib:${LD_LIBRARY_PATH} PYTHONPATH=/autoware/install/autoware_planning_msgs/local/lib/python3.10/dist-packages:/autoware/install/autoware_auto_planning_msgs/local/lib/python3.10/dist-packages:/autoware/install/autoware_auto_perception_msgs/local/lib/python3.10/dist-packages:/autoware/install/autoware_common_msgs/local/lib/python3.10/dist-packages:/autoware/install/autoware_auto_mapping_msgs/local/lib/python3.10/dist-packages:/autoware/install/autoware_auto_geometry_msgs/local/lib/python3.10/dist-packages:${PYTHONPATH} /usr/bin/cmake --install /autoware/build/traffic_light_visualization
[4.143s] -- Install configuration: "Release"
[4.143s] -- Execute custom install script
[4.143s] -- Up-to-date symlink: /autoware/install/traffic_light_visualization/lib/traffic_light_visualization/traffic_light_visualization_node
[4.144s] -- Up-to-date symlink: /autoware/install/traffic_light_visualization/include/traffic_light_map_visualizer/node.hpp
[4.144s] -- Up-to-date symlink: /autoware/install/traffic_light_visualization/include/traffic_light_roi_visualizer/nodelet.hpp
[4.144s] -- Up-to-date symlink: /autoware/install/traffic_light_visualization/share/traffic_light_visualization/environment/library_path.sh
[4.144s] -- Up-to-date symlink: /autoware/install/traffic_light_visualization/share/traffic_light_visualization/environment/library_path.dsv
[4.144s] -- Up-to-date symlink: /autoware/install/traffic_light_visualization/lib/libtraffic_light_roi_visualizer_nodelet.so
[4.145s] -- Up-to-date symlink: /autoware/install/traffic_light_visualization/lib/traffic_light_visualization/traffic_light_map_visualizer_node
[4.145s] -- Up-to-date symlink: /autoware/install/traffic_light_visualization/share/traffic_light_visualization/launch/traffic_light_map_visualizer.launch.xml
[4.145s] -- Up-to-date symlink: /autoware/install/traffic_light_visualization/share/traffic_light_visualization/launch/traffic_light_roi_visualizer.launch.xml
[4.145s] -- Up-to-date symlink: /autoware/install/traffic_light_visualization/share/ament_index/resource_index/package_run_dependencies/traffic_light_visualization
[4.145s] -- Up-to-date symlink: /autoware/install/traffic_light_visualization/share/ament_index/resource_index/parent_prefix_path/traffic_light_visualization
[4.146s] -- Up-to-date symlink: /autoware/install/traffic_light_visualization/share/traffic_light_visualization/environment/ament_prefix_path.sh
[4.146s] -- Up-to-date symlink: /autoware/install/traffic_light_visualization/share/traffic_light_visualization/environment/ament_prefix_path.dsv
[4.146s] -- Up-to-date symlink: /autoware/install/traffic_light_visualization/share/traffic_light_visualization/environment/path.sh
[4.146s] -- Up-to-date symlink: /autoware/install/traffic_light_visualization/share/traffic_light_visualization/environment/path.dsv
[4.146s] -- Up-to-date symlink: /autoware/install/traffic_light_visualization/share/traffic_light_visualization/local_setup.bash
[4.146s] -- Up-to-date symlink: /autoware/install/traffic_light_visualization/share/traffic_light_visualization/local_setup.sh
[4.147s] -- Up-to-date symlink: /autoware/install/traffic_light_visualization/share/traffic_light_visualization/local_setup.zsh
[4.147s] -- Up-to-date symlink: /autoware/install/traffic_light_visualization/share/traffic_light_visualization/local_setup.dsv
[4.147s] -- Symlinking: /autoware/install/traffic_light_visualization/share/traffic_light_visualization/package.dsv
[4.154s] -- Up-to-date symlink: /autoware/install/traffic_light_visualization/share/ament_index/resource_index/packages/traffic_light_visualization
[4.154s] -- Up-to-date symlink: /autoware/install/traffic_light_visualization/share/ament_index/resource_index/rclcpp_components/traffic_light_visualization
[4.154s] -- Up-to-date symlink: /autoware/install/traffic_light_visualization/share/traffic_light_visualization/cmake/ament_cmake_export_dependencies-extras.cmake
[4.154s] -- Up-to-date symlink: /autoware/install/traffic_light_visualization/share/traffic_light_visualization/cmake/ament_cmake_export_include_directories-extras.cmake
[4.155s] -- Up-to-date symlink: /autoware/install/traffic_light_visualization/share/traffic_light_visualization/cmake/ament_cmake_export_libraries-extras.cmake
[4.155s] -- Up-to-date symlink: /autoware/install/traffic_light_visualization/share/traffic_light_visualization/cmake/traffic_light_visualizationConfig.cmake
[4.155s] -- Up-to-date symlink: /autoware/install/traffic_light_visualization/share/traffic_light_visualization/cmake/traffic_light_visualizationConfig-version.cmake
[4.155s] -- Up-to-date symlink: /autoware/install/traffic_light_visualization/share/traffic_light_visualization/package.xml
[4.162s] Invoked command in '/autoware/build/traffic_light_visualization' returned '0': AMENT_PREFIX_PATH=/autoware/install/lanelet2_extension:/autoware/install/autoware_utils:/autoware/install/autoware_planning_msgs:/autoware/install/autoware_auto_planning_msgs:/autoware/install/autoware_auto_perception_msgs:/autoware/install/autoware_common_msgs:/autoware/install/autoware_cmake:/autoware/install/autoware_auto_mapping_msgs:/autoware/install/autoware_auto_geometry_msgs:/autoware/install/autoware_lint_common:/autoware/install/ament_cmake_auto:${AMENT_PREFIX_PATH} CMAKE_PREFIX_PATH=/autoware/install/lanelet2_extension:/autoware/install/autoware_utils:/autoware/install/autoware_planning_msgs:/autoware/install/autoware_auto_planning_msgs:/autoware/install/autoware_auto_perception_msgs:/autoware/install/autoware_common_msgs:/autoware/install/autoware_cmake:/autoware/install/autoware_auto_mapping_msgs:/autoware/install/autoware_auto_geometry_msgs:/autoware/install/autoware_lint_common:/autoware/install/ament_cmake_auto:/opt/ros/humble LD_LIBRARY_PATH=/autoware/install/lanelet2_extension/lib:/autoware/install/autoware_utils/lib:/autoware/install/autoware_planning_msgs/lib:/autoware/install/autoware_auto_planning_msgs/lib:/autoware/install/autoware_auto_perception_msgs/lib:/autoware/install/autoware_common_msgs/lib:/autoware/install/autoware_auto_mapping_msgs/lib:/autoware/install/autoware_auto_geometry_msgs/lib:${LD_LIBRARY_PATH} PYTHONPATH=/autoware/install/autoware_planning_msgs/local/lib/python3.10/dist-packages:/autoware/install/autoware_auto_planning_msgs/local/lib/python3.10/dist-packages:/autoware/install/autoware_auto_perception_msgs/local/lib/python3.10/dist-packages:/autoware/install/autoware_common_msgs/local/lib/python3.10/dist-packages:/autoware/install/autoware_auto_mapping_msgs/local/lib/python3.10/dist-packages:/autoware/install/autoware_auto_geometry_msgs/local/lib/python3.10/dist-packages:${PYTHONPATH} /usr/bin/cmake --install /autoware/build/traffic_light_visualization
