[0.007s] Invoking command in '/autoware/build/autoware_control_msgs': CMAKE_PREFIX_PATH=/opt/ros/humble /usr/bin/cmake /autoware/src/core/autoware_msgs/autoware_control_msgs -DCMAKE_BUILD_TYPE=Release -DAMENT_CMAKE_SYMLINK_INSTALL=1 -DCMAKE_INSTALL_PREFIX=/autoware/install/autoware_control_msgs
[0.048s] -- The C compiler identification is GNU 11.3.0
[0.093s] -- The CXX compiler identification is GNU 11.3.0
[0.130s] -- Detecting C compiler ABI info
[0.152s] -- Detecting C compiler ABI info - done
[0.212s] -- Check for working C compiler: /usr/bin/cc - skipped
[0.212s] -- Detecting C compile features
[0.213s] -- Detecting C compile features - done
[0.213s] -- Detecting CXX compiler ABI info
[0.223s] -- Detecting CXX compiler ABI info - done
[0.230s] -- Check for working CXX compiler: /usr/bin/c++ - skipped
[0.230s] -- Detecting CXX compile features
[0.230s] -- Detecting CXX compile features - done
[0.233s] -- Found ament_cmake_auto: 1.3.2 (/opt/ros/humble/share/ament_cmake_auto/cmake)
[0.394s] -- Found Python3: /usr/bin/python3.10 (found version "3.10.6") found components: Interpreter 
[0.466s] -- Override CMake install command with custom implementation using symlinks instead of copying resources
[0.639s] -- Found rosidl_generator_c: 3.1.3 (/opt/ros/humble/share/rosidl_generator_c/cmake)
[0.647s] -- Found rosidl_adapter: 3.1.3 (/opt/ros/humble/share/rosidl_adapter/cmake)
[0.659s] -- Found rosidl_generator_cpp: 3.1.3 (/opt/ros/humble/share/rosidl_generator_cpp/cmake)
[0.680s] -- Using all available rosidl_typesupport_c: rosidl_typesupport_fastrtps_c;rosidl_typesupport_introspection_c
[0.697s] -- Using all available rosidl_typesupport_cpp: rosidl_typesupport_fastrtps_cpp;rosidl_typesupport_introspection_cpp
[0.965s] -- Found ament_cmake_cppcheck: 0.12.4 (/opt/ros/humble/share/ament_cmake_cppcheck/cmake)
[0.968s] -- Found ament_cmake_cpplint: 0.12.4 (/opt/ros/humble/share/ament_cmake_cpplint/cmake)
[0.972s] -- Found ament_cmake_uncrustify: 0.12.4 (/opt/ros/humble/share/ament_cmake_uncrustify/cmake)
[0.976s] -- Found ament_cmake_ros: 0.10.0 (/opt/ros/humble/share/ament_cmake_ros/cmake)
[1.404s] -- Using all available rosidl_typesupport_c: rosidl_typesupport_fastrtps_c;rosidl_typesupport_introspection_c
[1.524s] -- Using all available rosidl_typesupport_cpp: rosidl_typesupport_fastrtps_cpp;rosidl_typesupport_introspection_cpp
[1.546s] -- Found PythonInterp: /usr/bin/python3 (found suitable version "3.10.6", minimum required is "3.6") 
[1.548s] -- Found python_cmake_module: 0.10.0 (/opt/ros/humble/share/python_cmake_module/cmake)
[1.572s] -- Found PythonLibs: /usr/lib/x86_64-linux-gnu/libpython3.10.so (found suitable version "3.10.6", minimum required is "3.5") 
[1.572s] -- Using PYTHON_EXECUTABLE: /usr/bin/python3
[1.572s] -- Using PYTHON_INCLUDE_DIRS: /usr/include/python3.10
[1.572s] -- Using PYTHON_LIBRARIES: /usr/lib/x86_64-linux-gnu/libpython3.10.so
[1.592s] -- Found PythonExtra: .so  
[1.627s] -- Found ament_cmake_flake8: 0.12.4 (/opt/ros/humble/share/ament_cmake_flake8/cmake)
[1.629s] -- Found ament_cmake_pep257: 0.12.4 (/opt/ros/humble/share/ament_cmake_pep257/cmake)
[1.632s] -- Found ament_lint_auto: 0.12.4 (/opt/ros/humble/share/ament_lint_auto/cmake)
[1.648s] -- Added test 'copyright' to check source files copyright and LICENSE
[1.648s] -- Added test 'lint_cmake' to check CMake code style
[1.649s] -- Added test 'xmllint' to check XML markup files
[1.652s] -- Configuring done
[1.688s] -- Generating done
[1.691s] -- Build files have been written to: /autoware/build/autoware_control_msgs
[1.701s] Invoked command in '/autoware/build/autoware_control_msgs' returned '0': CMAKE_PREFIX_PATH=/opt/ros/humble /usr/bin/cmake /autoware/src/core/autoware_msgs/autoware_control_msgs -DCMAKE_BUILD_TYPE=Release -DAMENT_CMAKE_SYMLINK_INSTALL=1 -DCMAKE_INSTALL_PREFIX=/autoware/install/autoware_control_msgs
[1.702s] Invoking command in '/autoware/build/autoware_control_msgs': CMAKE_PREFIX_PATH=/opt/ros/humble /usr/bin/cmake --build /autoware/build/autoware_control_msgs -- -j64 -l64
[1.739s] [  1%] Generating C code for ROS interfaces
[1.740s] [  3%] Generating C++ code for ROS interfaces
[1.752s] [  3%] Built target ament_cmake_python_symlink_autoware_control_msgs
[2.217s] running egg_info
[2.218s] creating autoware_control_msgs.egg-info
[2.218s] writing autoware_control_msgs.egg-info/PKG-INFO
[2.219s] writing dependency_links to autoware_control_msgs.egg-info/dependency_links.txt
[2.220s] writing top-level names to autoware_control_msgs.egg-info/top_level.txt
[2.220s] writing manifest file 'autoware_control_msgs.egg-info/SOURCES.txt'
[2.223s] reading manifest file 'autoware_control_msgs.egg-info/SOURCES.txt'
[2.224s] writing manifest file 'autoware_control_msgs.egg-info/SOURCES.txt'
[2.267s] [  3%] Built target ament_cmake_python_build_autoware_control_msgs_egg
[2.759s] [  3%] Built target autoware_control_msgs__cpp
[2.771s] [  5%] Generating C++ type support dispatch for ROS interfaces
[2.772s] [  7%] Generating C++ introspection for ROS interfaces
[2.772s] [  9%] Generating C++ type support for eProsima Fast-RTPS
[2.941s] [ 10%] Building C object CMakeFiles/autoware_control_msgs__rosidl_generator_c.dir/rosidl_generator_c/autoware_control_msgs/msg/detail/control__functions.c.o
[2.942s] [ 12%] Building C object CMakeFiles/autoware_control_msgs__rosidl_generator_c.dir/rosidl_generator_c/autoware_control_msgs/msg/detail/lateral__functions.c.o
[2.943s] [ 14%] Building C object CMakeFiles/autoware_control_msgs__rosidl_generator_c.dir/rosidl_generator_c/autoware_control_msgs/msg/detail/longitudinal__functions.c.o
[2.943s] [ 16%] Building C object CMakeFiles/autoware_control_msgs__rosidl_generator_c.dir/rosidl_generator_c/autoware_control_msgs/msg/detail/control_horizon__functions.c.o
[3.074s] [ 18%] Linking C shared library libautoware_control_msgs__rosidl_generator_c.so
[3.143s] [ 18%] Built target autoware_control_msgs__rosidl_generator_c
[3.166s] [ 20%] Generating C type support for eProsima Fast-RTPS
[3.169s] [ 21%] Generating C introspection for ROS interfaces
[3.172s] [ 23%] Generating C type support dispatch for ROS interfaces
[3.693s] [ 25%] Building CXX object CMakeFiles/autoware_control_msgs__rosidl_typesupport_cpp.dir/rosidl_typesupport_cpp/autoware_control_msgs/msg/control__type_support.cpp.o
[3.698s] [ 27%] Building CXX object CMakeFiles/autoware_control_msgs__rosidl_typesupport_cpp.dir/rosidl_typesupport_cpp/autoware_control_msgs/msg/longitudinal__type_support.cpp.o
[3.703s] [ 30%] Building CXX object CMakeFiles/autoware_control_msgs__rosidl_typesupport_cpp.dir/rosidl_typesupport_cpp/autoware_control_msgs/msg/control_horizon__type_support.cpp.o
[3.703s] [ 30%] Building CXX object CMakeFiles/autoware_control_msgs__rosidl_typesupport_cpp.dir/rosidl_typesupport_cpp/autoware_control_msgs/msg/lateral__type_support.cpp.o
[3.729s] [ 34%] Building CXX object CMakeFiles/autoware_control_msgs__rosidl_typesupport_introspection_cpp.dir/rosidl_typesupport_introspection_cpp/autoware_control_msgs/msg/detail/control_horizon__type_support.cpp.o
[3.729s] [ 34%] Building CXX object CMakeFiles/autoware_control_msgs__rosidl_typesupport_introspection_cpp.dir/rosidl_typesupport_introspection_cpp/autoware_control_msgs/msg/detail/lateral__type_support.cpp.o
[3.730s] [ 36%] Building CXX object CMakeFiles/autoware_control_msgs__rosidl_typesupport_introspection_cpp.dir/rosidl_typesupport_introspection_cpp/autoware_control_msgs/msg/detail/longitudinal__type_support.cpp.o
[3.730s] [ 38%] Building CXX object CMakeFiles/autoware_control_msgs__rosidl_typesupport_introspection_cpp.dir/rosidl_typesupport_introspection_cpp/autoware_control_msgs/msg/detail/control__type_support.cpp.o
[3.763s] [ 40%] Building CXX object CMakeFiles/autoware_control_msgs__rosidl_typesupport_fastrtps_cpp.dir/rosidl_typesupport_fastrtps_cpp/autoware_control_msgs/msg/detail/dds_fastrtps/control_horizon__type_support.cpp.o
[3.766s] [ 41%] Building CXX object CMakeFiles/autoware_control_msgs__rosidl_typesupport_fastrtps_cpp.dir/rosidl_typesupport_fastrtps_cpp/autoware_control_msgs/msg/detail/dds_fastrtps/longitudinal__type_support.cpp.o
[3.767s] [ 43%] Building CXX object CMakeFiles/autoware_control_msgs__rosidl_typesupport_fastrtps_cpp.dir/rosidl_typesupport_fastrtps_cpp/autoware_control_msgs/msg/detail/dds_fastrtps/control__type_support.cpp.o
[3.767s] [ 45%] Building CXX object CMakeFiles/autoware_control_msgs__rosidl_typesupport_fastrtps_cpp.dir/rosidl_typesupport_fastrtps_cpp/autoware_control_msgs/msg/detail/dds_fastrtps/lateral__type_support.cpp.o
[4.077s] [ 47%] Building CXX object CMakeFiles/autoware_control_msgs__rosidl_typesupport_c.dir/rosidl_typesupport_c/autoware_control_msgs/msg/lateral__type_support.cpp.o
[4.077s] [ 49%] Building CXX object CMakeFiles/autoware_control_msgs__rosidl_typesupport_c.dir/rosidl_typesupport_c/autoware_control_msgs/msg/control__type_support.cpp.o
[4.078s] [ 50%] Building CXX object CMakeFiles/autoware_control_msgs__rosidl_typesupport_c.dir/rosidl_typesupport_c/autoware_control_msgs/msg/longitudinal__type_support.cpp.o
[4.079s] [ 52%] Building CXX object CMakeFiles/autoware_control_msgs__rosidl_typesupport_c.dir/rosidl_typesupport_c/autoware_control_msgs/msg/control_horizon__type_support.cpp.o
[4.098s] [ 54%] Linking CXX shared library libautoware_control_msgs__rosidl_typesupport_cpp.so
[4.116s] [ 56%] Linking CXX shared library libautoware_control_msgs__rosidl_typesupport_c.so
[4.181s] [ 58%] Building CXX object CMakeFiles/autoware_control_msgs__rosidl_typesupport_fastrtps_c.dir/rosidl_typesupport_fastrtps_c/autoware_control_msgs/msg/detail/lateral__type_support_c.cpp.o
[4.182s] [ 60%] Building CXX object CMakeFiles/autoware_control_msgs__rosidl_typesupport_fastrtps_c.dir/rosidl_typesupport_fastrtps_c/autoware_control_msgs/msg/detail/control__type_support_c.cpp.o
[4.182s] [ 61%] Building CXX object CMakeFiles/autoware_control_msgs__rosidl_typesupport_fastrtps_c.dir/rosidl_typesupport_fastrtps_c/autoware_control_msgs/msg/detail/control_horizon__type_support_c.cpp.o
[4.182s] [ 63%] Building CXX object CMakeFiles/autoware_control_msgs__rosidl_typesupport_fastrtps_c.dir/rosidl_typesupport_fastrtps_c/autoware_control_msgs/msg/detail/longitudinal__type_support_c.cpp.o
[4.182s] [ 63%] Built target autoware_control_msgs__rosidl_typesupport_cpp
[4.182s] [ 63%] Built target autoware_control_msgs__rosidl_typesupport_c
[4.226s] [ 65%] Building C object CMakeFiles/autoware_control_msgs__rosidl_typesupport_introspection_c.dir/rosidl_typesupport_introspection_c/autoware_control_msgs/msg/detail/longitudinal__type_support.c.o
[4.227s] [ 69%] Building C object CMakeFiles/autoware_control_msgs__rosidl_typesupport_introspection_c.dir/rosidl_typesupport_introspection_c/autoware_control_msgs/msg/detail/control__type_support.c.o
[4.227s] [ 69%] Building C object CMakeFiles/autoware_control_msgs__rosidl_typesupport_introspection_c.dir/rosidl_typesupport_introspection_c/autoware_control_msgs/msg/detail/control_horizon__type_support.c.o
[4.227s] [ 70%] Building C object CMakeFiles/autoware_control_msgs__rosidl_typesupport_introspection_c.dir/rosidl_typesupport_introspection_c/autoware_control_msgs/msg/detail/lateral__type_support.c.o
[4.315s] [ 72%] Linking C shared library libautoware_control_msgs__rosidl_typesupport_introspection_c.so
[4.315s] [ 74%] Linking CXX shared library libautoware_control_msgs__rosidl_typesupport_introspection_cpp.so
[4.315s] [ 74%] Built target autoware_control_msgs__rosidl_typesupport_introspection_c
[4.327s] [ 74%] Built target autoware_control_msgs__rosidl_typesupport_introspection_cpp
[4.366s] [ 76%] Linking CXX shared library libautoware_control_msgs__rosidl_typesupport_fastrtps_cpp.so
[4.442s] [ 76%] Built target autoware_control_msgs__rosidl_typesupport_fastrtps_cpp
[4.651s] [ 78%] Linking CXX shared library libautoware_control_msgs__rosidl_typesupport_fastrtps_c.so
[4.677s] [ 78%] Built target autoware_control_msgs__rosidl_typesupport_fastrtps_c
[4.692s] [ 78%] Built target autoware_control_msgs
[4.726s] [ 80%] Generating Python code for ROS interfaces
[6.791s] [ 80%] Built target autoware_control_msgs__py
[6.791s] [ 81%] Building C object CMakeFiles/autoware_control_msgs__rosidl_generator_py.dir/rosidl_generator_py/autoware_control_msgs/msg/_control_horizon_s.c.o
[6.792s] [ 83%] Building C object CMakeFiles/autoware_control_msgs__rosidl_generator_py.dir/rosidl_generator_py/autoware_control_msgs/msg/_lateral_s.c.o
[6.792s] [ 87%] Building C object CMakeFiles/autoware_control_msgs__rosidl_generator_py.dir/rosidl_generator_py/autoware_control_msgs/msg/_control_s.c.o
[6.792s] [ 87%] Building C object CMakeFiles/autoware_control_msgs__rosidl_generator_py.dir/rosidl_generator_py/autoware_control_msgs/msg/_longitudinal_s.c.o
[6.996s] [ 89%] Linking C shared library rosidl_generator_py/autoware_control_msgs/libautoware_control_msgs__rosidl_generator_py.so
[7.180s] [ 89%] Built target autoware_control_msgs__rosidl_generator_py
[7.272s] [ 90%] Building C object CMakeFiles/autoware_control_msgs__rosidl_typesupport_fastrtps_c__pyext.dir/rosidl_generator_py/autoware_control_msgs/_autoware_control_msgs_s.ep.rosidl_typesupport_fastrtps_c.c.o
[7.308s] [ 92%] Building C object CMakeFiles/autoware_control_msgs__rosidl_typesupport_introspection_c__pyext.dir/rosidl_generator_py/autoware_control_msgs/_autoware_control_msgs_s.ep.rosidl_typesupport_introspection_c.c.o
[7.337s] [ 94%] Building C object CMakeFiles/autoware_control_msgs__rosidl_typesupport_c__pyext.dir/rosidl_generator_py/autoware_control_msgs/_autoware_control_msgs_s.ep.rosidl_typesupport_c.c.o
[7.580s] [ 96%] Linking C shared library rosidl_generator_py/autoware_control_msgs/autoware_control_msgs_s__rosidl_typesupport_introspection_c.cpython-310-x86_64-linux-gnu.so
[7.618s] [ 98%] Linking C shared library rosidl_generator_py/autoware_control_msgs/autoware_control_msgs_s__rosidl_typesupport_c.cpython-310-x86_64-linux-gnu.so
[7.629s] [ 98%] Built target autoware_control_msgs__rosidl_typesupport_introspection_c__pyext
[7.640s] [100%] Linking C shared library rosidl_generator_py/autoware_control_msgs/autoware_control_msgs_s__rosidl_typesupport_fastrtps_c.cpython-310-x86_64-linux-gnu.so
[7.661s] [100%] Built target autoware_control_msgs__rosidl_typesupport_c__pyext
[7.687s] [100%] Built target autoware_control_msgs__rosidl_typesupport_fastrtps_c__pyext
[7.699s] Invoked command in '/autoware/build/autoware_control_msgs' returned '0': CMAKE_PREFIX_PATH=/opt/ros/humble /usr/bin/cmake --build /autoware/build/autoware_control_msgs -- -j64 -l64
[7.804s] Invoking command in '/autoware/build/autoware_control_msgs': CMAKE_PREFIX_PATH=/opt/ros/humble /usr/bin/cmake --install /autoware/build/autoware_control_msgs
[7.809s] -- Install configuration: "Release"
[7.810s] -- Execute custom install script
[7.810s] -- Symlinking: /autoware/install/autoware_control_msgs/share/ament_index/resource_index/rosidl_interfaces/autoware_control_msgs
[7.818s] -- Symlinking: /autoware/install/autoware_control_msgs/include/autoware_control_msgs/autoware_control_msgs/msg/control.h
[7.831s] -- Symlinking: /autoware/install/autoware_control_msgs/include/autoware_control_msgs/autoware_control_msgs/msg/control_horizon.h
[7.842s] -- Symlinking: /autoware/install/autoware_control_msgs/include/autoware_control_msgs/autoware_control_msgs/msg/detail/control__functions.h
[7.853s] -- Symlinking: /autoware/install/autoware_control_msgs/include/autoware_control_msgs/autoware_control_msgs/msg/detail/control__struct.h
[7.863s] -- Symlinking: /autoware/install/autoware_control_msgs/include/autoware_control_msgs/autoware_control_msgs/msg/detail/control__type_support.h
[7.873s] -- Symlinking: /autoware/install/autoware_control_msgs/include/autoware_control_msgs/autoware_control_msgs/msg/detail/control_horizon__functions.h
[7.898s] -- Symlinking: /autoware/install/autoware_control_msgs/include/autoware_control_msgs/autoware_control_msgs/msg/detail/control_horizon__struct.h
[7.914s] -- Symlinking: /autoware/install/autoware_control_msgs/include/autoware_control_msgs/autoware_control_msgs/msg/detail/control_horizon__type_support.h
[7.941s] -- Symlinking: /autoware/install/autoware_control_msgs/include/autoware_control_msgs/autoware_control_msgs/msg/detail/lateral__functions.h
[7.966s] -- Symlinking: /autoware/install/autoware_control_msgs/include/autoware_control_msgs/autoware_control_msgs/msg/detail/lateral__struct.h
[7.978s] -- Symlinking: /autoware/install/autoware_control_msgs/include/autoware_control_msgs/autoware_control_msgs/msg/detail/lateral__type_support.h
[7.996s] -- Symlinking: /autoware/install/autoware_control_msgs/include/autoware_control_msgs/autoware_control_msgs/msg/detail/longitudinal__functions.h
[8.011s] -- Symlinking: /autoware/install/autoware_control_msgs/include/autoware_control_msgs/autoware_control_msgs/msg/detail/longitudinal__struct.h
[8.056s] -- Symlinking: /autoware/install/autoware_control_msgs/include/autoware_control_msgs/autoware_control_msgs/msg/detail/longitudinal__type_support.h
[8.088s] -- Symlinking: /autoware/install/autoware_control_msgs/include/autoware_control_msgs/autoware_control_msgs/msg/lateral.h
[8.123s] -- Symlinking: /autoware/install/autoware_control_msgs/include/autoware_control_msgs/autoware_control_msgs/msg/longitudinal.h
[8.158s] -- Symlinking: /autoware/install/autoware_control_msgs/include/autoware_control_msgs/autoware_control_msgs/msg/rosidl_generator_c__visibility_control.h
[8.172s] -- Symlinking: /autoware/install/autoware_control_msgs/share/autoware_control_msgs/environment/library_path.sh
[8.190s] -- Symlinking: /autoware/install/autoware_control_msgs/share/autoware_control_msgs/environment/library_path.dsv
[8.217s] -- Symlinking: /autoware/install/autoware_control_msgs/include/autoware_control_msgs/autoware_control_msgs/msg/detail/control__rosidl_typesupport_fastrtps_c.h
[8.243s] -- Symlinking: /autoware/install/autoware_control_msgs/include/autoware_control_msgs/autoware_control_msgs/msg/detail/control_horizon__rosidl_typesupport_fastrtps_c.h
[8.281s] -- Symlinking: /autoware/install/autoware_control_msgs/include/autoware_control_msgs/autoware_control_msgs/msg/detail/lateral__rosidl_typesupport_fastrtps_c.h
[8.319s] -- Symlinking: /autoware/install/autoware_control_msgs/include/autoware_control_msgs/autoware_control_msgs/msg/detail/longitudinal__rosidl_typesupport_fastrtps_c.h
[8.370s] -- Symlinking: /autoware/install/autoware_control_msgs/include/autoware_control_msgs/autoware_control_msgs/msg/rosidl_typesupport_fastrtps_c__visibility_control.h
[8.415s] -- Symlinking: /autoware/install/autoware_control_msgs/include/autoware_control_msgs/autoware_control_msgs/msg/control.hpp
[8.442s] -- Symlinking: /autoware/install/autoware_control_msgs/include/autoware_control_msgs/autoware_control_msgs/msg/control_horizon.hpp
[8.464s] -- Symlinking: /autoware/install/autoware_control_msgs/include/autoware_control_msgs/autoware_control_msgs/msg/detail/control__builder.hpp
[8.497s] -- Symlinking: /autoware/install/autoware_control_msgs/include/autoware_control_msgs/autoware_control_msgs/msg/detail/control__struct.hpp
[8.537s] -- Symlinking: /autoware/install/autoware_control_msgs/include/autoware_control_msgs/autoware_control_msgs/msg/detail/control__traits.hpp
[8.583s] -- Symlinking: /autoware/install/autoware_control_msgs/include/autoware_control_msgs/autoware_control_msgs/msg/detail/control_horizon__builder.hpp
[8.598s] -- Symlinking: /autoware/install/autoware_control_msgs/include/autoware_control_msgs/autoware_control_msgs/msg/detail/control_horizon__struct.hpp
[8.620s] -- Symlinking: /autoware/install/autoware_control_msgs/include/autoware_control_msgs/autoware_control_msgs/msg/detail/control_horizon__traits.hpp
[8.640s] -- Symlinking: /autoware/install/autoware_control_msgs/include/autoware_control_msgs/autoware_control_msgs/msg/detail/lateral__builder.hpp
[8.658s] -- Symlinking: /autoware/install/autoware_control_msgs/include/autoware_control_msgs/autoware_control_msgs/msg/detail/lateral__struct.hpp
[8.670s] -- Symlinking: /autoware/install/autoware_control_msgs/include/autoware_control_msgs/autoware_control_msgs/msg/detail/lateral__traits.hpp
[8.682s] -- Symlinking: /autoware/install/autoware_control_msgs/include/autoware_control_msgs/autoware_control_msgs/msg/detail/longitudinal__builder.hpp
[8.698s] -- Symlinking: /autoware/install/autoware_control_msgs/include/autoware_control_msgs/autoware_control_msgs/msg/detail/longitudinal__struct.hpp
[8.710s] -- Symlinking: /autoware/install/autoware_control_msgs/include/autoware_control_msgs/autoware_control_msgs/msg/detail/longitudinal__traits.hpp
[8.738s] -- Symlinking: /autoware/install/autoware_control_msgs/include/autoware_control_msgs/autoware_control_msgs/msg/lateral.hpp
[8.749s] -- Symlinking: /autoware/install/autoware_control_msgs/include/autoware_control_msgs/autoware_control_msgs/msg/longitudinal.hpp
[8.762s] -- Symlinking: /autoware/install/autoware_control_msgs/include/autoware_control_msgs/autoware_control_msgs/msg/detail/control__rosidl_typesupport_fastrtps_cpp.hpp
[8.774s] -- Symlinking: /autoware/install/autoware_control_msgs/include/autoware_control_msgs/autoware_control_msgs/msg/detail/control_horizon__rosidl_typesupport_fastrtps_cpp.hpp
[8.786s] -- Symlinking: /autoware/install/autoware_control_msgs/include/autoware_control_msgs/autoware_control_msgs/msg/detail/lateral__rosidl_typesupport_fastrtps_cpp.hpp
[8.798s] -- Symlinking: /autoware/install/autoware_control_msgs/include/autoware_control_msgs/autoware_control_msgs/msg/detail/longitudinal__rosidl_typesupport_fastrtps_cpp.hpp
[8.808s] -- Symlinking: /autoware/install/autoware_control_msgs/include/autoware_control_msgs/autoware_control_msgs/msg/rosidl_typesupport_fastrtps_cpp__visibility_control.h
[8.819s] -- Symlinking: /autoware/install/autoware_control_msgs/include/autoware_control_msgs/autoware_control_msgs/msg/detail/control__rosidl_typesupport_introspection_c.h
[8.831s] -- Symlinking: /autoware/install/autoware_control_msgs/include/autoware_control_msgs/autoware_control_msgs/msg/detail/control_horizon__rosidl_typesupport_introspection_c.h
[8.852s] -- Symlinking: /autoware/install/autoware_control_msgs/include/autoware_control_msgs/autoware_control_msgs/msg/detail/lateral__rosidl_typesupport_introspection_c.h
[8.862s] -- Symlinking: /autoware/install/autoware_control_msgs/include/autoware_control_msgs/autoware_control_msgs/msg/detail/longitudinal__rosidl_typesupport_introspection_c.h
[8.873s] -- Symlinking: /autoware/install/autoware_control_msgs/include/autoware_control_msgs/autoware_control_msgs/msg/rosidl_typesupport_introspection_c__visibility_control.h
[8.884s] -- Symlinking: /autoware/install/autoware_control_msgs/include/autoware_control_msgs/autoware_control_msgs/msg/detail/control__rosidl_typesupport_introspection_cpp.hpp
[8.894s] -- Symlinking: /autoware/install/autoware_control_msgs/include/autoware_control_msgs/autoware_control_msgs/msg/detail/control_horizon__rosidl_typesupport_introspection_cpp.hpp
[8.906s] -- Symlinking: /autoware/install/autoware_control_msgs/include/autoware_control_msgs/autoware_control_msgs/msg/detail/lateral__rosidl_typesupport_introspection_cpp.hpp
[8.915s] -- Symlinking: /autoware/install/autoware_control_msgs/include/autoware_control_msgs/autoware_control_msgs/msg/detail/longitudinal__rosidl_typesupport_introspection_cpp.hpp
[8.936s] -- Symlinking: /autoware/install/autoware_control_msgs/share/autoware_control_msgs/environment/pythonpath.sh
[8.948s] -- Symlinking: /autoware/install/autoware_control_msgs/share/autoware_control_msgs/environment/pythonpath.dsv
[8.960s] -- Symlinking: /autoware/install/autoware_control_msgs/local/lib/python3.10/dist-packages/autoware_control_msgs-1.0.0-py3.10.egg-info/PKG-INFO
[8.972s] -- Symlinking: /autoware/install/autoware_control_msgs/local/lib/python3.10/dist-packages/autoware_control_msgs-1.0.0-py3.10.egg-info/SOURCES.txt
[8.986s] -- Symlinking: /autoware/install/autoware_control_msgs/local/lib/python3.10/dist-packages/autoware_control_msgs-1.0.0-py3.10.egg-info/dependency_links.txt
[8.999s] -- Symlinking: /autoware/install/autoware_control_msgs/local/lib/python3.10/dist-packages/autoware_control_msgs-1.0.0-py3.10.egg-info/top_level.txt
[9.022s] -- Symlinking: /autoware/install/autoware_control_msgs/local/lib/python3.10/dist-packages/autoware_control_msgs/__init__.py
[9.033s] -- Symlinking: /autoware/install/autoware_control_msgs/local/lib/python3.10/dist-packages/autoware_control_msgs/_autoware_control_msgs_s.ep.rosidl_typesupport_c.c
[9.046s] -- Symlinking: /autoware/install/autoware_control_msgs/local/lib/python3.10/dist-packages/autoware_control_msgs/_autoware_control_msgs_s.ep.rosidl_typesupport_fastrtps_c.c
[9.072s] -- Symlinking: /autoware/install/autoware_control_msgs/local/lib/python3.10/dist-packages/autoware_control_msgs/_autoware_control_msgs_s.ep.rosidl_typesupport_introspection_c.c
[9.084s] -- Symlinking: /autoware/install/autoware_control_msgs/local/lib/python3.10/dist-packages/autoware_control_msgs/autoware_control_msgs_s__rosidl_typesupport_c.cpython-310-x86_64-linux-gnu.so
[9.121s] -- Symlinking: /autoware/install/autoware_control_msgs/local/lib/python3.10/dist-packages/autoware_control_msgs/autoware_control_msgs_s__rosidl_typesupport_fastrtps_c.cpython-310-x86_64-linux-gnu.so
[9.139s] -- Symlinking: /autoware/install/autoware_control_msgs/local/lib/python3.10/dist-packages/autoware_control_msgs/autoware_control_msgs_s__rosidl_typesupport_introspection_c.cpython-310-x86_64-linux-gnu.so
[9.152s] -- Symlinking: /autoware/install/autoware_control_msgs/local/lib/python3.10/dist-packages/autoware_control_msgs/libautoware_control_msgs__rosidl_generator_py.so
[9.176s] -- Symlinking: /autoware/install/autoware_control_msgs/local/lib/python3.10/dist-packages/autoware_control_msgs/msg/__init__.py
[9.188s] -- Symlinking: /autoware/install/autoware_control_msgs/local/lib/python3.10/dist-packages/autoware_control_msgs/msg/_control.py
[9.207s] -- Symlinking: /autoware/install/autoware_control_msgs/local/lib/python3.10/dist-packages/autoware_control_msgs/msg/_control_horizon.py
[9.230s] -- Symlinking: /autoware/install/autoware_control_msgs/local/lib/python3.10/dist-packages/autoware_control_msgs/msg/_control_horizon_s.c
[9.274s] -- Symlinking: /autoware/install/autoware_control_msgs/local/lib/python3.10/dist-packages/autoware_control_msgs/msg/_control_s.c
[9.286s] -- Symlinking: /autoware/install/autoware_control_msgs/local/lib/python3.10/dist-packages/autoware_control_msgs/msg/_lateral.py
[9.297s] -- Symlinking: /autoware/install/autoware_control_msgs/local/lib/python3.10/dist-packages/autoware_control_msgs/msg/_lateral_s.c
[9.316s] -- Symlinking: /autoware/install/autoware_control_msgs/local/lib/python3.10/dist-packages/autoware_control_msgs/msg/_longitudinal.py
[9.383s] -- Symlinking: /autoware/install/autoware_control_msgs/local/lib/python3.10/dist-packages/autoware_control_msgs/msg/_longitudinal_s.c
[9.420s] -- Up-to-date symlink: /autoware/install/autoware_control_msgs/local/lib/python3.10/dist-packages/autoware_control_msgs/autoware_control_msgs_s__rosidl_typesupport_fastrtps_c.cpython-310-x86_64-linux-gnu.so
[9.420s] -- Up-to-date symlink: /autoware/install/autoware_control_msgs/local/lib/python3.10/dist-packages/autoware_control_msgs/autoware_control_msgs_s__rosidl_typesupport_introspection_c.cpython-310-x86_64-linux-gnu.so
[9.420s] -- Up-to-date symlink: /autoware/install/autoware_control_msgs/local/lib/python3.10/dist-packages/autoware_control_msgs/autoware_control_msgs_s__rosidl_typesupport_c.cpython-310-x86_64-linux-gnu.so
[9.420s] -- Symlinking: /autoware/install/autoware_control_msgs/share/autoware_control_msgs/msg/Control.idl
[9.453s] -- Symlinking: /autoware/install/autoware_control_msgs/share/autoware_control_msgs/msg/ControlHorizon.idl
[9.473s] -- Symlinking: /autoware/install/autoware_control_msgs/share/autoware_control_msgs/msg/Lateral.idl
[9.506s] -- Symlinking: /autoware/install/autoware_control_msgs/share/autoware_control_msgs/msg/Longitudinal.idl
[9.517s] -- Symlinking: /autoware/install/autoware_control_msgs/share/autoware_control_msgs/msg/Control.msg
[9.529s] -- Symlinking: /autoware/install/autoware_control_msgs/share/autoware_control_msgs/msg/ControlHorizon.msg
[9.550s] -- Symlinking: /autoware/install/autoware_control_msgs/share/autoware_control_msgs/msg/Lateral.msg
[9.570s] -- Symlinking: /autoware/install/autoware_control_msgs/share/autoware_control_msgs/msg/Longitudinal.msg
[9.585s] -- Symlinking: /autoware/install/autoware_control_msgs/share/ament_index/resource_index/package_run_dependencies/autoware_control_msgs
[9.605s] -- Symlinking: /autoware/install/autoware_control_msgs/share/ament_index/resource_index/parent_prefix_path/autoware_control_msgs
[9.626s] -- Symlinking: /autoware/install/autoware_control_msgs/share/autoware_control_msgs/environment/ament_prefix_path.sh
[9.639s] -- Symlinking: /autoware/install/autoware_control_msgs/share/autoware_control_msgs/environment/ament_prefix_path.dsv
[9.662s] -- Symlinking: /autoware/install/autoware_control_msgs/share/autoware_control_msgs/environment/path.sh
[9.675s] -- Symlinking: /autoware/install/autoware_control_msgs/share/autoware_control_msgs/environment/path.dsv
[9.687s] -- Symlinking: /autoware/install/autoware_control_msgs/share/autoware_control_msgs/local_setup.bash
[9.703s] -- Symlinking: /autoware/install/autoware_control_msgs/share/autoware_control_msgs/local_setup.sh
[9.716s] -- Symlinking: /autoware/install/autoware_control_msgs/share/autoware_control_msgs/local_setup.zsh
[9.726s] -- Symlinking: /autoware/install/autoware_control_msgs/share/autoware_control_msgs/local_setup.dsv
[9.738s] -- Symlinking: /autoware/install/autoware_control_msgs/share/autoware_control_msgs/package.dsv
[9.752s] -- Symlinking: /autoware/install/autoware_control_msgs/share/ament_index/resource_index/packages/autoware_control_msgs
[9.765s] -- Symlinking: /autoware/install/autoware_control_msgs/share/autoware_control_msgs/cmake/rosidl_cmake-extras.cmake
[9.777s] -- Symlinking: /autoware/install/autoware_control_msgs/share/autoware_control_msgs/cmake/ament_cmake_export_dependencies-extras.cmake
[9.788s] -- Symlinking: /autoware/install/autoware_control_msgs/share/autoware_control_msgs/cmake/ament_cmake_export_include_directories-extras.cmake
[9.799s] -- Symlinking: /autoware/install/autoware_control_msgs/share/autoware_control_msgs/cmake/ament_cmake_export_libraries-extras.cmake
[9.807s] -- Symlinking: /autoware/install/autoware_control_msgs/share/autoware_control_msgs/cmake/ament_cmake_export_targets-extras.cmake
[9.817s] -- Symlinking: /autoware/install/autoware_control_msgs/share/autoware_control_msgs/cmake/rosidl_cmake_export_typesupport_targets-extras.cmake
[9.829s] -- Symlinking: /autoware/install/autoware_control_msgs/share/autoware_control_msgs/cmake/rosidl_cmake_export_typesupport_libraries-extras.cmake
[9.839s] -- Symlinking: /autoware/install/autoware_control_msgs/share/autoware_control_msgs/cmake/autoware_control_msgsConfig.cmake
[9.849s] -- Symlinking: /autoware/install/autoware_control_msgs/share/autoware_control_msgs/cmake/autoware_control_msgsConfig-version.cmake
[9.860s] -- Symlinking: /autoware/install/autoware_control_msgs/share/autoware_control_msgs/package.xml
[9.870s] -- Installing: /autoware/install/autoware_control_msgs/lib/libautoware_control_msgs__rosidl_generator_c.so
[9.870s] -- Set runtime path of "/autoware/install/autoware_control_msgs/lib/libautoware_control_msgs__rosidl_generator_c.so" to ""
[9.874s] -- Installing: /autoware/install/autoware_control_msgs/lib/libautoware_control_msgs__rosidl_typesupport_fastrtps_c.so
[9.874s] -- Set runtime path of "/autoware/install/autoware_control_msgs/lib/libautoware_control_msgs__rosidl_typesupport_fastrtps_c.so" to ""
[9.874s] -- Installing: /autoware/install/autoware_control_msgs/lib/libautoware_control_msgs__rosidl_typesupport_fastrtps_cpp.so
[9.875s] -- Set runtime path of "/autoware/install/autoware_control_msgs/lib/libautoware_control_msgs__rosidl_typesupport_fastrtps_cpp.so" to ""
[9.875s] -- Installing: /autoware/install/autoware_control_msgs/lib/libautoware_control_msgs__rosidl_typesupport_introspection_c.so
[9.875s] -- Set runtime path of "/autoware/install/autoware_control_msgs/lib/libautoware_control_msgs__rosidl_typesupport_introspection_c.so" to ""
[9.875s] -- Installing: /autoware/install/autoware_control_msgs/lib/libautoware_control_msgs__rosidl_typesupport_c.so
[9.875s] -- Set runtime path of "/autoware/install/autoware_control_msgs/lib/libautoware_control_msgs__rosidl_typesupport_c.so" to ""
[9.875s] -- Installing: /autoware/install/autoware_control_msgs/lib/libautoware_control_msgs__rosidl_typesupport_introspection_cpp.so
[9.875s] -- Set runtime path of "/autoware/install/autoware_control_msgs/lib/libautoware_control_msgs__rosidl_typesupport_introspection_cpp.so" to ""
[9.875s] -- Installing: /autoware/install/autoware_control_msgs/lib/libautoware_control_msgs__rosidl_typesupport_cpp.so
[9.875s] -- Set runtime path of "/autoware/install/autoware_control_msgs/lib/libautoware_control_msgs__rosidl_typesupport_cpp.so" to ""
[9.918s] Listing '/autoware/install/autoware_control_msgs/local/lib/python3.10/dist-packages/autoware_control_msgs'...
[9.918s] Compiling '/autoware/install/autoware_control_msgs/local/lib/python3.10/dist-packages/autoware_control_msgs/__init__.py'...
[9.918s] Listing '/autoware/install/autoware_control_msgs/local/lib/python3.10/dist-packages/autoware_control_msgs/msg'...
[9.918s] Compiling '/autoware/install/autoware_control_msgs/local/lib/python3.10/dist-packages/autoware_control_msgs/msg/__init__.py'...
[9.918s] Compiling '/autoware/install/autoware_control_msgs/local/lib/python3.10/dist-packages/autoware_control_msgs/msg/_control.py'...
[9.918s] Compiling '/autoware/install/autoware_control_msgs/local/lib/python3.10/dist-packages/autoware_control_msgs/msg/_control_horizon.py'...
[9.918s] Compiling '/autoware/install/autoware_control_msgs/local/lib/python3.10/dist-packages/autoware_control_msgs/msg/_lateral.py'...
[9.918s] Compiling '/autoware/install/autoware_control_msgs/local/lib/python3.10/dist-packages/autoware_control_msgs/msg/_longitudinal.py'...
[9.923s] -- Installing: /autoware/install/autoware_control_msgs/lib/libautoware_control_msgs__rosidl_generator_py.so
[9.923s] -- Set runtime path of "/autoware/install/autoware_control_msgs/lib/libautoware_control_msgs__rosidl_generator_py.so" to ""
[9.924s] -- Installing: /autoware/install/autoware_control_msgs/share/autoware_control_msgs/cmake/export_autoware_control_msgs__rosidl_generator_cExport.cmake
[9.924s] -- Installing: /autoware/install/autoware_control_msgs/share/autoware_control_msgs/cmake/export_autoware_control_msgs__rosidl_generator_cExport-release.cmake
[9.924s] -- Installing: /autoware/install/autoware_control_msgs/share/autoware_control_msgs/cmake/export_autoware_control_msgs__rosidl_typesupport_fastrtps_cExport.cmake
[9.925s] -- Installing: /autoware/install/autoware_control_msgs/share/autoware_control_msgs/cmake/export_autoware_control_msgs__rosidl_typesupport_fastrtps_cExport-release.cmake
[9.925s] -- Installing: /autoware/install/autoware_control_msgs/share/autoware_control_msgs/cmake/export_autoware_control_msgs__rosidl_generator_cppExport.cmake
[9.925s] -- Installing: /autoware/install/autoware_control_msgs/share/autoware_control_msgs/cmake/export_autoware_control_msgs__rosidl_typesupport_fastrtps_cppExport.cmake
[9.925s] -- Installing: /autoware/install/autoware_control_msgs/share/autoware_control_msgs/cmake/export_autoware_control_msgs__rosidl_typesupport_fastrtps_cppExport-release.cmake
[9.926s] -- Installing: /autoware/install/autoware_control_msgs/share/autoware_control_msgs/cmake/autoware_control_msgs__rosidl_typesupport_introspection_cExport.cmake
[9.926s] -- Installing: /autoware/install/autoware_control_msgs/share/autoware_control_msgs/cmake/autoware_control_msgs__rosidl_typesupport_introspection_cExport-release.cmake
[9.926s] -- Installing: /autoware/install/autoware_control_msgs/share/autoware_control_msgs/cmake/autoware_control_msgs__rosidl_typesupport_cExport.cmake
[9.927s] -- Installing: /autoware/install/autoware_control_msgs/share/autoware_control_msgs/cmake/autoware_control_msgs__rosidl_typesupport_cExport-release.cmake
[9.927s] -- Installing: /autoware/install/autoware_control_msgs/share/autoware_control_msgs/cmake/autoware_control_msgs__rosidl_typesupport_introspection_cppExport.cmake
[9.927s] -- Installing: /autoware/install/autoware_control_msgs/share/autoware_control_msgs/cmake/autoware_control_msgs__rosidl_typesupport_introspection_cppExport-release.cmake
[9.928s] -- Installing: /autoware/install/autoware_control_msgs/share/autoware_control_msgs/cmake/autoware_control_msgs__rosidl_typesupport_cppExport.cmake
[9.928s] -- Installing: /autoware/install/autoware_control_msgs/share/autoware_control_msgs/cmake/autoware_control_msgs__rosidl_typesupport_cppExport-release.cmake
[9.928s] -- Installing: /autoware/install/autoware_control_msgs/share/autoware_control_msgs/cmake/export_autoware_control_msgs__rosidl_generator_pyExport.cmake
[9.928s] -- Installing: /autoware/install/autoware_control_msgs/share/autoware_control_msgs/cmake/export_autoware_control_msgs__rosidl_generator_pyExport-release.cmake
[9.931s] Invoked command in '/autoware/build/autoware_control_msgs' returned '0': CMAKE_PREFIX_PATH=/opt/ros/humble /usr/bin/cmake --install /autoware/build/autoware_control_msgs
