[0.030s] Invoking command in '/autoware/build/pointcloud_preprocessor': AMENT_PREFIX_PATH=/autoware/install/tier4_autoware_utils:/autoware/install/lanelet2_extension:/autoware/install/tier4_pcl_extensions:/autoware/install/autoware_utils:/autoware/install/autoware_point_types:/autoware/install/autoware_auto_vehicle_msgs:/autoware/install/autoware_planning_msgs:/autoware/install/autoware_cmake:/autoware/install/autoware_auto_planning_msgs:/autoware/install/autoware_auto_perception_msgs:/autoware/install/tier4_debug_msgs:/autoware/install/autoware_lint_common:/autoware/install/autoware_common_msgs:/autoware/install/autoware_auto_mapping_msgs:/autoware/install/autoware_auto_geometry_msgs:${AMENT_PREFIX_PATH} CMAKE_PREFIX_PATH=/autoware/install/tier4_autoware_utils:/autoware/install/lanelet2_extension:/autoware/install/tier4_pcl_extensions:/autoware/install/autoware_utils:/autoware/install/autoware_point_types:/autoware/install/autoware_auto_vehicle_msgs:/autoware/install/autoware_planning_msgs:/autoware/install/autoware_cmake:/autoware/install/autoware_auto_planning_msgs:/autoware/install/autoware_auto_perception_msgs:/autoware/install/tier4_debug_msgs:/autoware/install/autoware_lint_common:/autoware/install/autoware_common_msgs:/autoware/install/autoware_auto_mapping_msgs:/autoware/install/autoware_auto_geometry_msgs:/opt/ros/humble LD_LIBRARY_PATH=/autoware/install/tier4_autoware_utils/lib:/autoware/install/lanelet2_extension/lib:/autoware/install/tier4_pcl_extensions/lib:/autoware/install/autoware_utils/lib:/autoware/install/autoware_auto_vehicle_msgs/lib:/autoware/install/autoware_planning_msgs/lib:/autoware/install/autoware_auto_planning_msgs/lib:/autoware/install/autoware_auto_perception_msgs/lib:/autoware/install/tier4_debug_msgs/lib:/autoware/install/autoware_common_msgs/lib:/autoware/install/autoware_auto_mapping_msgs/lib:/autoware/install/autoware_auto_geometry_msgs/lib:${LD_LIBRARY_PATH} PYTHONPATH=/autoware/install/autoware_auto_vehicle_msgs/local/lib/python3.10/dist-packages:/autoware/install/autoware_planning_msgs/local/lib/python3.10/dist-packages:/autoware/install/autoware_auto_planning_msgs/local/lib/python3.10/dist-packages:/autoware/install/autoware_auto_perception_msgs/local/lib/python3.10/dist-packages:/autoware/install/tier4_debug_msgs/local/lib/python3.10/dist-packages:/autoware/install/autoware_common_msgs/local/lib/python3.10/dist-packages:/autoware/install/autoware_auto_mapping_msgs/local/lib/python3.10/dist-packages:/autoware/install/autoware_auto_geometry_msgs/local/lib/python3.10/dist-packages:${PYTHONPATH} /usr/bin/cmake /autoware/src/universe/autoware.universe/sensing/pointcloud_preprocessor -DCMAKE_BUILD_TYPE=Release -DAMENT_CMAKE_SYMLINK_INSTALL=1 -DCMAKE_INSTALL_PREFIX=/autoware/install/pointcloud_preprocessor
[0.080s] -- The C compiler identification is GNU 11.3.0
[0.130s] -- The CXX compiler identification is GNU 11.3.0
[0.139s] -- Detecting C compiler ABI info
[0.200s] -- Detecting C compiler ABI info - done
[0.211s] -- Check for working C compiler: /usr/bin/cc - skipped
[0.211s] -- Detecting C compile features
[0.212s] -- Detecting C compile features - done
[0.216s] -- Detecting CXX compiler ABI info
[0.284s] -- Detecting CXX compiler ABI info - done
[0.296s] -- Check for working CXX compiler: /usr/bin/c++ - skipped
[0.297s] -- Detecting CXX compile features
[0.297s] -- Detecting CXX compile features - done
[0.300s] -- Found autoware_cmake: 0.1.0 (/autoware/install/autoware_cmake/share/autoware_cmake/cmake)
[0.495s] -- Found Python3: /usr/bin/python3.10 (found version "3.10.6") found components: Interpreter 
[0.561s] -- Override CMake install command with custom implementation using symlinks instead of copying resources
[0.797s] -- Found rosidl_generator_c: 3.1.3 (/opt/ros/humble/share/rosidl_generator_c/cmake)
[0.809s] -- Found rosidl_adapter: 3.1.3 (/opt/ros/humble/share/rosidl_adapter/cmake)
[0.828s] -- Found rosidl_generator_cpp: 3.1.3 (/opt/ros/humble/share/rosidl_generator_cpp/cmake)
[0.856s] -- Using all available rosidl_typesupport_c: rosidl_typesupport_fastrtps_c;rosidl_typesupport_introspection_c
[0.896s] -- Using all available rosidl_typesupport_cpp: rosidl_typesupport_fastrtps_cpp;rosidl_typesupport_introspection_cpp
[2.086s] -- Found rmw_implementation_cmake: 6.1.0 (/opt/ros/humble/share/rmw_implementation_cmake/cmake)
[2.091s] -- Found rmw_fastrtps_cpp: 6.2.1 (/opt/ros/humble/share/rmw_fastrtps_cpp/cmake)
[2.187s] -- Found OpenSSL: /usr/lib/x86_64-linux-gnu/libcrypto.so (found version "3.0.2")  
[2.214s] -- Found FastRTPS: /opt/ros/humble/include  
[2.267s] -- Using RMW implementation 'rmw_fastrtps_cpp' as default
[2.896s] -- Found eigen3_cmake_module: 0.1.1 (/opt/ros/humble/share/eigen3_cmake_module/cmake)
[2.897s] -- Found Eigen3: TRUE (found version "3.4.0") 
[2.897s] -- Ensuring Eigen3 include directory is part of orocos-kdl CMake target
[3.237s] -- Checking for module 'eigen3'
[3.251s] --   Found eigen3, version 3.4.0
[3.278s] -- Found Eigen: /usr/include/eigen3 (Required is at least version "3.1") 
[3.278s] -- Eigen found (include: /usr/include/eigen3, version: 3.4.0)
[3.328s] -- Checking for module 'flann'
[3.338s] --   Found flann, version 1.9.1
[3.373s] -- Found FLANN: /usr/lib/x86_64-linux-gnu/libflann_cpp.so  
[3.373s] -- FLANN found (include: /usr/include, lib: /usr/lib/x86_64-linux-gnu/libflann_cpp.so)
[4.423s] -- Checking for module 'libusb-1.0'
[4.433s] --   Found libusb-1.0, version 1.0.25
[4.458s] -- Found libusb: /usr/lib/x86_64-linux-gnu/libusb-1.0.so  
[4.459s] -- OpenNI found (version: 1.5.4.0, include: /usr/include/ni, lib: /usr/lib/libOpenNI.so;libusb::libusb)
[4.498s] -- OpenNI2 found (version: 2.2.0.33, include: /usr/include/openni2, lib: /usr/lib/x86_64-linux-gnu/libOpenNI2.so;libusb::libusb)
[4.648s] -- Eigen found (include: /usr/include/eigen3, version: 3.4.0)
[4.654s] -- OpenNI found (version: 1.5.4.0, include: /usr/include/ni, lib: /usr/lib/libOpenNI.so;libusb::libusb)
[4.661s] -- OpenNI2 found (version: 2.2.0.33, include: /usr/include/openni2, lib: /usr/lib/x86_64-linux-gnu/libOpenNI2.so;libusb::libusb)
[4.812s] -- Found Qhull version 8.0.2
[4.968s] -- OpenNI found (version: 1.5.4.0, include: /usr/include/ni, lib: /usr/lib/libOpenNI.so;libusb::libusb)
[5.117s] -- Found PCL_COMMON: /usr/lib/x86_64-linux-gnu/libpcl_common.so  
[5.118s] -- Found PCL_KDTREE: /usr/lib/x86_64-linux-gnu/libpcl_kdtree.so  
[5.118s] -- Found PCL_OCTREE: /usr/lib/x86_64-linux-gnu/libpcl_octree.so  
[5.119s] -- Found PCL_SEARCH: /usr/lib/x86_64-linux-gnu/libpcl_search.so  
[5.120s] -- Found PCL_SAMPLE_CONSENSUS: /usr/lib/x86_64-linux-gnu/libpcl_sample_consensus.so  
[5.120s] -- Found PCL_FILTERS: /usr/lib/x86_64-linux-gnu/libpcl_filters.so  
[5.121s] -- Found PCL_2D: /usr/include/pcl-1.12  
[5.121s] -- Found PCL_GEOMETRY: /usr/include/pcl-1.12  
[5.122s] -- Found PCL_IO: /usr/lib/x86_64-linux-gnu/libpcl_io.so  
[5.123s] -- Found PCL_FEATURES: /usr/lib/x86_64-linux-gnu/libpcl_features.so  
[5.124s] -- Found PCL_ML: /usr/lib/x86_64-linux-gnu/libpcl_ml.so  
[5.125s] -- Found PCL_SEGMENTATION: /usr/lib/x86_64-linux-gnu/libpcl_segmentation.so  
[5.126s] -- Found PCL_VISUALIZATION: /usr/lib/x86_64-linux-gnu/libpcl_visualization.so  
[5.126s] -- Found PCL_SURFACE: /usr/lib/x86_64-linux-gnu/libpcl_surface.so  
[5.127s] -- Found PCL_REGISTRATION: /usr/lib/x86_64-linux-gnu/libpcl_registration.so  
[5.128s] -- Found PCL_KEYPOINTS: /usr/lib/x86_64-linux-gnu/libpcl_keypoints.so  
[5.129s] -- Found PCL_TRACKING: /usr/lib/x86_64-linux-gnu/libpcl_tracking.so  
[5.129s] -- Found PCL_RECOGNITION: /usr/lib/x86_64-linux-gnu/libpcl_recognition.so  
[5.130s] -- Found PCL_STEREO: /usr/lib/x86_64-linux-gnu/libpcl_stereo.so  
[5.131s] -- Found PCL_APPS: /usr/lib/x86_64-linux-gnu/libpcl_apps.so  
[5.132s] -- Found PCL_IN_HAND_SCANNER: /usr/include/pcl-1.12  
[5.132s] -- Found PCL_MODELER: /usr/include/pcl-1.12  
[5.132s] -- Found PCL_POINT_CLOUD_EDITOR: /usr/include/pcl-1.12  
[5.133s] -- Found PCL_OUTOFCORE: /usr/lib/x86_64-linux-gnu/libpcl_outofcore.so  
[5.134s] -- Found PCL_PEOPLE: /usr/lib/x86_64-linux-gnu/libpcl_people.so  
[5.564s] -- Found mrt_cmake_modules: 1.0.9 (/opt/ros/humble/share/mrt_cmake_modules/cmake)
[5.637s] -- Found Boost: /usr/lib/x86_64-linux-gnu/cmake/Boost-1.74.0/BoostConfig.cmake (found version "1.74.0") found components: wserialization thread random serialization log_setup prg_exec_monitor wave system chrono filesystem locale timer date_time regex graph program_options unit_test_framework log atomic iostreams 
[5.836s] -- Found OpenMP_C: -fopenmp (found version "4.5") 
[5.910s] -- Found OpenMP_CXX: -fopenmp (found version "4.5") 
[5.910s] -- Found OpenMP: TRUE (found version "4.5")  
[5.920s] -- Found pugixml: /usr/lib/x86_64-linux-gnu/libpugixml.so  
[5.940s] -- Found PkgConfig: /usr/bin/pkg-config (found version "0.29.2") 
[5.943s] -- Found GeographicLib: /usr/lib/x86_64-linux-gnu/libGeographic.so  
[6.609s] -- Found ament_lint_auto: 0.12.4 (/opt/ros/humble/share/ament_lint_auto/cmake)
[6.615s] -- Found OpenCV: /usr (found version "4.5.4") 
[6.620s] -- Found Boost: /usr/lib/x86_64-linux-gnu/cmake/Boost-1.74.0/BoostConfig.cmake (found version "1.74.0")  
[6.629s] -- Found OpenMP_C: -fopenmp (found version "4.5") 
[6.629s] -- Found OpenMP_CXX: -fopenmp (found version "4.5") 
[6.635s] -- Using header-only CGAL
[6.637s] -- Targetting Unix Makefiles
[6.637s] -- Using /usr/bin/c++ compiler.
[6.640s] -- Found GMP: /usr/lib/x86_64-linux-gnu/libgmp.so  
[6.641s] -- Found MPFR: /usr/lib/x86_64-linux-gnu/libmpfr.so  
[6.648s] -- Found Boost: /usr/lib/x86_64-linux-gnu/cmake/Boost-1.74.0/BoostConfig.cmake (found suitable version "1.74.0", minimum required is "1.48")  
[6.648s] -- Boost include dirs: /usr/include
[6.648s] -- Boost libraries:    
[6.649s] -- Using gcc version 4 or later. Adding -frounding-math
[12.589s] -- Added test 'copyright' to check source files copyright and LICENSE
[12.597s] -- Added test 'cppcheck' to perform static code analysis on C / C++ code
[12.599s] -- Configured cppcheck include dirs: /autoware/src/universe/autoware.universe/sensing/pointcloud_preprocessor/include;$<BUILD_INTERFACE:/autoware/src/universe/autoware.universe/sensing/pointcloud_preprocessor/include>
[12.599s] -- Configured cppcheck exclude dirs and/or files: 
[12.601s] -- Added test 'lint_cmake' to check CMake code style
[12.603s] -- Added test 'xmllint' to check XML markup files
[12.608s] -- Configuring done
[12.817s] -- Generating done
[12.822s] -- Build files have been written to: /autoware/build/pointcloud_preprocessor
[12.847s] Invoked command in '/autoware/build/pointcloud_preprocessor' returned '0': AMENT_PREFIX_PATH=/autoware/install/tier4_autoware_utils:/autoware/install/lanelet2_extension:/autoware/install/tier4_pcl_extensions:/autoware/install/autoware_utils:/autoware/install/autoware_point_types:/autoware/install/autoware_auto_vehicle_msgs:/autoware/install/autoware_planning_msgs:/autoware/install/autoware_cmake:/autoware/install/autoware_auto_planning_msgs:/autoware/install/autoware_auto_perception_msgs:/autoware/install/tier4_debug_msgs:/autoware/install/autoware_lint_common:/autoware/install/autoware_common_msgs:/autoware/install/autoware_auto_mapping_msgs:/autoware/install/autoware_auto_geometry_msgs:${AMENT_PREFIX_PATH} CMAKE_PREFIX_PATH=/autoware/install/tier4_autoware_utils:/autoware/install/lanelet2_extension:/autoware/install/tier4_pcl_extensions:/autoware/install/autoware_utils:/autoware/install/autoware_point_types:/autoware/install/autoware_auto_vehicle_msgs:/autoware/install/autoware_planning_msgs:/autoware/install/autoware_cmake:/autoware/install/autoware_auto_planning_msgs:/autoware/install/autoware_auto_perception_msgs:/autoware/install/tier4_debug_msgs:/autoware/install/autoware_lint_common:/autoware/install/autoware_common_msgs:/autoware/install/autoware_auto_mapping_msgs:/autoware/install/autoware_auto_geometry_msgs:/opt/ros/humble LD_LIBRARY_PATH=/autoware/install/tier4_autoware_utils/lib:/autoware/install/lanelet2_extension/lib:/autoware/install/tier4_pcl_extensions/lib:/autoware/install/autoware_utils/lib:/autoware/install/autoware_auto_vehicle_msgs/lib:/autoware/install/autoware_planning_msgs/lib:/autoware/install/autoware_auto_planning_msgs/lib:/autoware/install/autoware_auto_perception_msgs/lib:/autoware/install/tier4_debug_msgs/lib:/autoware/install/autoware_common_msgs/lib:/autoware/install/autoware_auto_mapping_msgs/lib:/autoware/install/autoware_auto_geometry_msgs/lib:${LD_LIBRARY_PATH} PYTHONPATH=/autoware/install/autoware_auto_vehicle_msgs/local/lib/python3.10/dist-packages:/autoware/install/autoware_planning_msgs/local/lib/python3.10/dist-packages:/autoware/install/autoware_auto_planning_msgs/local/lib/python3.10/dist-packages:/autoware/install/autoware_auto_perception_msgs/local/lib/python3.10/dist-packages:/autoware/install/tier4_debug_msgs/local/lib/python3.10/dist-packages:/autoware/install/autoware_common_msgs/local/lib/python3.10/dist-packages:/autoware/install/autoware_auto_mapping_msgs/local/lib/python3.10/dist-packages:/autoware/install/autoware_auto_geometry_msgs/local/lib/python3.10/dist-packages:${PYTHONPATH} /usr/bin/cmake /autoware/src/universe/autoware.universe/sensing/pointcloud_preprocessor -DCMAKE_BUILD_TYPE=Release -DAMENT_CMAKE_SYMLINK_INSTALL=1 -DCMAKE_INSTALL_PREFIX=/autoware/install/pointcloud_preprocessor
[12.848s] Invoking command in '/autoware/build/pointcloud_preprocessor': AMENT_PREFIX_PATH=/autoware/install/tier4_autoware_utils:/autoware/install/lanelet2_extension:/autoware/install/tier4_pcl_extensions:/autoware/install/autoware_utils:/autoware/install/autoware_point_types:/autoware/install/autoware_auto_vehicle_msgs:/autoware/install/autoware_planning_msgs:/autoware/install/autoware_cmake:/autoware/install/autoware_auto_planning_msgs:/autoware/install/autoware_auto_perception_msgs:/autoware/install/tier4_debug_msgs:/autoware/install/autoware_lint_common:/autoware/install/autoware_common_msgs:/autoware/install/autoware_auto_mapping_msgs:/autoware/install/autoware_auto_geometry_msgs:${AMENT_PREFIX_PATH} CMAKE_PREFIX_PATH=/autoware/install/tier4_autoware_utils:/autoware/install/lanelet2_extension:/autoware/install/tier4_pcl_extensions:/autoware/install/autoware_utils:/autoware/install/autoware_point_types:/autoware/install/autoware_auto_vehicle_msgs:/autoware/install/autoware_planning_msgs:/autoware/install/autoware_cmake:/autoware/install/autoware_auto_planning_msgs:/autoware/install/autoware_auto_perception_msgs:/autoware/install/tier4_debug_msgs:/autoware/install/autoware_lint_common:/autoware/install/autoware_common_msgs:/autoware/install/autoware_auto_mapping_msgs:/autoware/install/autoware_auto_geometry_msgs:/opt/ros/humble LD_LIBRARY_PATH=/autoware/install/tier4_autoware_utils/lib:/autoware/install/lanelet2_extension/lib:/autoware/install/tier4_pcl_extensions/lib:/autoware/install/autoware_utils/lib:/autoware/install/autoware_auto_vehicle_msgs/lib:/autoware/install/autoware_planning_msgs/lib:/autoware/install/autoware_auto_planning_msgs/lib:/autoware/install/autoware_auto_perception_msgs/lib:/autoware/install/tier4_debug_msgs/lib:/autoware/install/autoware_common_msgs/lib:/autoware/install/autoware_auto_mapping_msgs/lib:/autoware/install/autoware_auto_geometry_msgs/lib:${LD_LIBRARY_PATH} PYTHONPATH=/autoware/install/autoware_auto_vehicle_msgs/local/lib/python3.10/dist-packages:/autoware/install/autoware_planning_msgs/local/lib/python3.10/dist-packages:/autoware/install/autoware_auto_planning_msgs/local/lib/python3.10/dist-packages:/autoware/install/autoware_auto_perception_msgs/local/lib/python3.10/dist-packages:/autoware/install/tier4_debug_msgs/local/lib/python3.10/dist-packages:/autoware/install/autoware_common_msgs/local/lib/python3.10/dist-packages:/autoware/install/autoware_auto_mapping_msgs/local/lib/python3.10/dist-packages:/autoware/install/autoware_auto_geometry_msgs/local/lib/python3.10/dist-packages:${PYTHONPATH} /usr/bin/cmake --build /autoware/build/pointcloud_preprocessor -- -j64 -l64
[12.916s] [  1%] Building CXX object CMakeFiles/voxel_grid_downsample_filter_node.dir/rclcpp_components/node_main_voxel_grid_downsample_filter_node.cpp.o
[12.917s] [  3%] Building CXX object CMakeFiles/concatenate_data_node.dir/rclcpp_components/node_main_concatenate_data_node.cpp.o
[12.917s] [  5%] Building CXX object CMakeFiles/random_downsample_filter_node.dir/rclcpp_components/node_main_random_downsample_filter_node.cpp.o
[12.924s] [  7%] Building CXX object CMakeFiles/dual_return_outlier_filter_node.dir/rclcpp_components/node_main_dual_return_outlier_filter_node.cpp.o
[12.925s] [  8%] Building CXX object CMakeFiles/polygon_remover_node.dir/rclcpp_components/node_main_polygon_remover_node.cpp.o
[12.926s] [ 10%] Building CXX object CMakeFiles/pointcloud_preprocessor_filter_base.dir/src/filter.cpp.o
[12.926s] [ 12%] Building CXX object CMakeFiles/voxel_grid_outlier_filter_node.dir/rclcpp_components/node_main_voxel_grid_outlier_filter_node.cpp.o
[12.927s] [ 14%] Building CXX object CMakeFiles/pointcloud_accumulator_node.dir/rclcpp_components/node_main_pointcloud_accumulator_node.cpp.o
[12.927s] [ 16%] Building CXX object CMakeFiles/approximate_downsample_filter_node.dir/rclcpp_components/node_main_approximate_downsample_filter_node.cpp.o
[12.927s] [ 17%] Building CXX object CMakeFiles/passthrough_filter_node.dir/rclcpp_components/node_main_passthrough_filter_node.cpp.o
[12.928s] [ 19%] Building CXX object CMakeFiles/vector_map_inside_area_filter_node.dir/rclcpp_components/node_main_vector_map_inside_area_filter_node.cpp.o
[12.928s] [ 21%] Building CXX object CMakeFiles/crop_box_filter_node.dir/rclcpp_components/node_main_crop_box_filter_node.cpp.o
[12.929s] [ 23%] Building CXX object CMakeFiles/ring_outlier_filter_node.dir/rclcpp_components/node_main_ring_outlier_filter_node.cpp.o
[12.929s] [ 25%] Building CXX object CMakeFiles/distortion_corrector_node.dir/rclcpp_components/node_main_distortion_corrector_node.cpp.o
[12.929s] [ 26%] Building CXX object CMakeFiles/vector_map_filter_node.dir/rclcpp_components/node_main_vector_map_filter_node.cpp.o
[12.930s] [ 28%] Building CXX object CMakeFiles/passthrough_filter_uint16_node.dir/rclcpp_components/node_main_passthrough_filter_uint16_node.cpp.o
[12.931s] [ 30%] Building CXX object CMakeFiles/radius_search_2d_outlier_filter_node.dir/rclcpp_components/node_main_radius_search_2d_outlier_filter_node.cpp.o
[12.931s] [ 32%] Building CXX object CMakeFiles/blockage_diag_node.dir/rclcpp_components/node_main_blockage_diag_node.cpp.o
[16.258s] [ 33%] Linking CXX executable passthrough_filter_node
[16.281s] [ 35%] Linking CXX executable voxel_grid_downsample_filter_node
[16.348s] [ 35%] Built target passthrough_filter_node
[16.372s] [ 37%] Linking CXX executable distortion_corrector_node
[16.373s] [ 37%] Built target voxel_grid_downsample_filter_node
[16.472s] [ 37%] Built target distortion_corrector_node
[16.700s] [ 39%] Linking CXX executable random_downsample_filter_node
[16.726s] [ 41%] Linking CXX executable concatenate_data_node
[16.804s] [ 41%] Built target random_downsample_filter_node
[16.864s] [ 41%] Built target concatenate_data_node
[17.037s] [ 42%] Linking CXX executable crop_box_filter_node
[17.044s] [ 44%] Linking CXX executable approximate_downsample_filter_node
[17.135s] [ 44%] Built target crop_box_filter_node
[17.146s] [ 46%] Linking CXX executable pointcloud_accumulator_node
[17.155s] [ 48%] Linking CXX executable passthrough_filter_uint16_node
[17.156s] [ 50%] Linking CXX executable radius_search_2d_outlier_filter_node
[17.176s] [ 50%] Built target approximate_downsample_filter_node
[17.248s] [ 50%] Built target pointcloud_accumulator_node
[17.250s] [ 50%] Built target radius_search_2d_outlier_filter_node
[17.266s] [ 51%] Linking CXX executable blockage_diag_node
[17.300s] [ 51%] Built target passthrough_filter_uint16_node
[17.304s] [ 53%] Linking CXX executable voxel_grid_outlier_filter_node
[17.316s] [ 55%] Linking CXX executable polygon_remover_node
[17.360s] [ 55%] Built target blockage_diag_node
[17.436s] [ 55%] Built target voxel_grid_outlier_filter_node
[17.445s] [ 55%] Built target polygon_remover_node
[17.621s] [ 57%] Linking CXX executable vector_map_filter_node
[17.622s] [ 58%] Linking CXX executable dual_return_outlier_filter_node
[17.722s] [ 60%] Linking CXX executable vector_map_inside_area_filter_node
[17.723s] [ 60%] Built target vector_map_filter_node
[17.759s] [ 60%] Built target dual_return_outlier_filter_node
[17.820s] [ 62%] Linking CXX executable ring_outlier_filter_node
[17.851s] [ 62%] Built target vector_map_inside_area_filter_node
[17.953s] [ 62%] Built target ring_outlier_filter_node
[40.358s] [ 64%] Linking CXX shared library libpointcloud_preprocessor_filter_base.so
[40.780s] [ 64%] Built target pointcloud_preprocessor_filter_base
[40.809s] [ 67%] Building CXX object CMakeFiles/pointcloud_preprocessor_filter.dir/src/crop_box_filter/crop_box_filter_nodelet.cpp.o
[40.809s] [ 67%] Building CXX object CMakeFiles/pointcloud_preprocessor_filter.dir/src/utility/utilities.cpp.o
[40.810s] [ 69%] Building CXX object CMakeFiles/pointcloud_preprocessor_filter.dir/src/downsample_filter/random_downsample_filter_nodelet.cpp.o
[40.810s] [ 71%] Building CXX object CMakeFiles/pointcloud_preprocessor_filter.dir/src/outlier_filter/ring_outlier_filter_nodelet.cpp.o
[40.810s] [ 73%] Building CXX object CMakeFiles/pointcloud_preprocessor_filter.dir/src/concatenate_data/concatenate_data_nodelet.cpp.o
[40.811s] [ 75%] Building CXX object CMakeFiles/pointcloud_preprocessor_filter.dir/src/passthrough_filter/passthrough_filter_nodelet.cpp.o
[40.812s] [ 82%] Building CXX object CMakeFiles/pointcloud_preprocessor_filter.dir/src/blockage_diag/blockage_diag_nodelet.cpp.o
[40.812s] [ 82%] Building CXX object CMakeFiles/pointcloud_preprocessor_filter.dir/src/downsample_filter/approximate_downsample_filter_nodelet.cpp.o
[40.812s] [ 82%] Building CXX object CMakeFiles/pointcloud_preprocessor_filter.dir/src/vector_map_filter/lanelet2_map_filter_nodelet.cpp.o
[40.812s] [ 82%] Building CXX object CMakeFiles/pointcloud_preprocessor_filter.dir/src/downsample_filter/voxel_grid_downsample_filter_nodelet.cpp.o
[40.812s] [ 85%] Building CXX object CMakeFiles/pointcloud_preprocessor_filter.dir/src/distortion_corrector/distortion_corrector.cpp.o
[40.812s] [ 85%] Building CXX object CMakeFiles/pointcloud_preprocessor_filter.dir/src/passthrough_filter/passthrough_filter_uint16_nodelet.cpp.o
[40.813s] [ 87%] Building CXX object CMakeFiles/pointcloud_preprocessor_filter.dir/src/outlier_filter/dual_return_outlier_filter_nodelet.cpp.o
[40.813s] [ 89%] Building CXX object CMakeFiles/pointcloud_preprocessor_filter.dir/src/outlier_filter/radius_search_2d_outlier_filter_nodelet.cpp.o
[40.813s] [ 91%] Building CXX object CMakeFiles/pointcloud_preprocessor_filter.dir/src/pointcloud_accumulator/pointcloud_accumulator_nodelet.cpp.o
[40.814s] [ 92%] Building CXX object CMakeFiles/pointcloud_preprocessor_filter.dir/src/passthrough_filter/passthrough_uint16.cpp.o
[40.814s] [ 94%] Building CXX object CMakeFiles/pointcloud_preprocessor_filter.dir/src/outlier_filter/voxel_grid_outlier_filter_nodelet.cpp.o
[40.814s] [ 96%] Building CXX object CMakeFiles/pointcloud_preprocessor_filter.dir/src/polygon_remover/polygon_remover.cpp.o
[40.815s] [ 98%] Building CXX object CMakeFiles/pointcloud_preprocessor_filter.dir/src/vector_map_filter/vector_map_inside_area_filter.cpp.o
[73.179s] [100%] Linking CXX shared library libpointcloud_preprocessor_filter.so
[75.388s] [100%] Built target pointcloud_preprocessor_filter
[75.398s] Invoked command in '/autoware/build/pointcloud_preprocessor' returned '0': AMENT_PREFIX_PATH=/autoware/install/tier4_autoware_utils:/autoware/install/lanelet2_extension:/autoware/install/tier4_pcl_extensions:/autoware/install/autoware_utils:/autoware/install/autoware_point_types:/autoware/install/autoware_auto_vehicle_msgs:/autoware/install/autoware_planning_msgs:/autoware/install/autoware_cmake:/autoware/install/autoware_auto_planning_msgs:/autoware/install/autoware_auto_perception_msgs:/autoware/install/tier4_debug_msgs:/autoware/install/autoware_lint_common:/autoware/install/autoware_common_msgs:/autoware/install/autoware_auto_mapping_msgs:/autoware/install/autoware_auto_geometry_msgs:${AMENT_PREFIX_PATH} CMAKE_PREFIX_PATH=/autoware/install/tier4_autoware_utils:/autoware/install/lanelet2_extension:/autoware/install/tier4_pcl_extensions:/autoware/install/autoware_utils:/autoware/install/autoware_point_types:/autoware/install/autoware_auto_vehicle_msgs:/autoware/install/autoware_planning_msgs:/autoware/install/autoware_cmake:/autoware/install/autoware_auto_planning_msgs:/autoware/install/autoware_auto_perception_msgs:/autoware/install/tier4_debug_msgs:/autoware/install/autoware_lint_common:/autoware/install/autoware_common_msgs:/autoware/install/autoware_auto_mapping_msgs:/autoware/install/autoware_auto_geometry_msgs:/opt/ros/humble LD_LIBRARY_PATH=/autoware/install/tier4_autoware_utils/lib:/autoware/install/lanelet2_extension/lib:/autoware/install/tier4_pcl_extensions/lib:/autoware/install/autoware_utils/lib:/autoware/install/autoware_auto_vehicle_msgs/lib:/autoware/install/autoware_planning_msgs/lib:/autoware/install/autoware_auto_planning_msgs/lib:/autoware/install/autoware_auto_perception_msgs/lib:/autoware/install/tier4_debug_msgs/lib:/autoware/install/autoware_common_msgs/lib:/autoware/install/autoware_auto_mapping_msgs/lib:/autoware/install/autoware_auto_geometry_msgs/lib:${LD_LIBRARY_PATH} PYTHONPATH=/autoware/install/autoware_auto_vehicle_msgs/local/lib/python3.10/dist-packages:/autoware/install/autoware_planning_msgs/local/lib/python3.10/dist-packages:/autoware/install/autoware_auto_planning_msgs/local/lib/python3.10/dist-packages:/autoware/install/autoware_auto_perception_msgs/local/lib/python3.10/dist-packages:/autoware/install/tier4_debug_msgs/local/lib/python3.10/dist-packages:/autoware/install/autoware_common_msgs/local/lib/python3.10/dist-packages:/autoware/install/autoware_auto_mapping_msgs/local/lib/python3.10/dist-packages:/autoware/install/autoware_auto_geometry_msgs/local/lib/python3.10/dist-packages:${PYTHONPATH} /usr/bin/cmake --build /autoware/build/pointcloud_preprocessor -- -j64 -l64
[75.471s] Invoking command in '/autoware/build/pointcloud_preprocessor': AMENT_PREFIX_PATH=/autoware/install/tier4_autoware_utils:/autoware/install/lanelet2_extension:/autoware/install/tier4_pcl_extensions:/autoware/install/autoware_utils:/autoware/install/autoware_point_types:/autoware/install/autoware_auto_vehicle_msgs:/autoware/install/autoware_planning_msgs:/autoware/install/autoware_cmake:/autoware/install/autoware_auto_planning_msgs:/autoware/install/autoware_auto_perception_msgs:/autoware/install/tier4_debug_msgs:/autoware/install/autoware_lint_common:/autoware/install/autoware_common_msgs:/autoware/install/autoware_auto_mapping_msgs:/autoware/install/autoware_auto_geometry_msgs:${AMENT_PREFIX_PATH} CMAKE_PREFIX_PATH=/autoware/install/tier4_autoware_utils:/autoware/install/lanelet2_extension:/autoware/install/tier4_pcl_extensions:/autoware/install/autoware_utils:/autoware/install/autoware_point_types:/autoware/install/autoware_auto_vehicle_msgs:/autoware/install/autoware_planning_msgs:/autoware/install/autoware_cmake:/autoware/install/autoware_auto_planning_msgs:/autoware/install/autoware_auto_perception_msgs:/autoware/install/tier4_debug_msgs:/autoware/install/autoware_lint_common:/autoware/install/autoware_common_msgs:/autoware/install/autoware_auto_mapping_msgs:/autoware/install/autoware_auto_geometry_msgs:/opt/ros/humble LD_LIBRARY_PATH=/autoware/install/tier4_autoware_utils/lib:/autoware/install/lanelet2_extension/lib:/autoware/install/tier4_pcl_extensions/lib:/autoware/install/autoware_utils/lib:/autoware/install/autoware_auto_vehicle_msgs/lib:/autoware/install/autoware_planning_msgs/lib:/autoware/install/autoware_auto_planning_msgs/lib:/autoware/install/autoware_auto_perception_msgs/lib:/autoware/install/tier4_debug_msgs/lib:/autoware/install/autoware_common_msgs/lib:/autoware/install/autoware_auto_mapping_msgs/lib:/autoware/install/autoware_auto_geometry_msgs/lib:${LD_LIBRARY_PATH} PYTHONPATH=/autoware/install/autoware_auto_vehicle_msgs/local/lib/python3.10/dist-packages:/autoware/install/autoware_planning_msgs/local/lib/python3.10/dist-packages:/autoware/install/autoware_auto_planning_msgs/local/lib/python3.10/dist-packages:/autoware/install/autoware_auto_perception_msgs/local/lib/python3.10/dist-packages:/autoware/install/tier4_debug_msgs/local/lib/python3.10/dist-packages:/autoware/install/autoware_common_msgs/local/lib/python3.10/dist-packages:/autoware/install/autoware_auto_mapping_msgs/local/lib/python3.10/dist-packages:/autoware/install/autoware_auto_geometry_msgs/local/lib/python3.10/dist-packages:${PYTHONPATH} /usr/bin/cmake --install /autoware/build/pointcloud_preprocessor
[75.479s] -- Install configuration: "Release"
[75.479s] -- Execute custom install script
[75.480s] -- Symlinking: /autoware/install/pointcloud_preprocessor/lib/pointcloud_preprocessor/concatenate_data_node
[75.488s] -- Symlinking: /autoware/install/pointcloud_preprocessor/lib/pointcloud_preprocessor/crop_box_filter_node
[75.495s] -- Symlinking: /autoware/install/pointcloud_preprocessor/lib/pointcloud_preprocessor/voxel_grid_downsample_filter_node
[75.503s] -- Symlinking: /autoware/install/pointcloud_preprocessor/lib/pointcloud_preprocessor/random_downsample_filter_node
[75.511s] -- Symlinking: /autoware/install/pointcloud_preprocessor/lib/pointcloud_preprocessor/approximate_downsample_filter_node
[75.518s] -- Symlinking: /autoware/install/pointcloud_preprocessor/lib/pointcloud_preprocessor/ring_outlier_filter_node
[75.525s] -- Symlinking: /autoware/install/pointcloud_preprocessor/lib/pointcloud_preprocessor/voxel_grid_outlier_filter_node
[75.533s] -- Symlinking: /autoware/install/pointcloud_preprocessor/lib/pointcloud_preprocessor/radius_search_2d_outlier_filter_node
[75.540s] -- Symlinking: /autoware/install/pointcloud_preprocessor/lib/pointcloud_preprocessor/dual_return_outlier_filter_node
[75.547s] -- Symlinking: /autoware/install/pointcloud_preprocessor/lib/pointcloud_preprocessor/passthrough_filter_node
[75.554s] -- Symlinking: /autoware/install/pointcloud_preprocessor/lib/pointcloud_preprocessor/passthrough_filter_uint16_node
[75.561s] -- Symlinking: /autoware/install/pointcloud_preprocessor/lib/pointcloud_preprocessor/pointcloud_accumulator_node
[75.568s] -- Symlinking: /autoware/install/pointcloud_preprocessor/lib/pointcloud_preprocessor/vector_map_filter_node
[75.576s] -- Symlinking: /autoware/install/pointcloud_preprocessor/lib/pointcloud_preprocessor/distortion_corrector_node
[75.583s] -- Symlinking: /autoware/install/pointcloud_preprocessor/lib/pointcloud_preprocessor/blockage_diag_node
[75.591s] -- Symlinking: /autoware/install/pointcloud_preprocessor/lib/pointcloud_preprocessor/polygon_remover_node
[75.598s] -- Symlinking: /autoware/install/pointcloud_preprocessor/lib/pointcloud_preprocessor/vector_map_inside_area_filter_node
[75.607s] -- Symlinking: /autoware/install/pointcloud_preprocessor/include/pointcloud_preprocessor/pointcloud_preprocessor/blockage_diag/blockage_diag_nodelet.hpp
[75.613s] -- Symlinking: /autoware/install/pointcloud_preprocessor/include/pointcloud_preprocessor/pointcloud_preprocessor/concatenate_data/concatenate_data_nodelet.hpp
[75.622s] -- Symlinking: /autoware/install/pointcloud_preprocessor/include/pointcloud_preprocessor/pointcloud_preprocessor/crop_box_filter/crop_box_filter_nodelet.hpp
[75.629s] -- Symlinking: /autoware/install/pointcloud_preprocessor/include/pointcloud_preprocessor/pointcloud_preprocessor/distortion_corrector/distortion_corrector.hpp
[75.636s] -- Symlinking: /autoware/install/pointcloud_preprocessor/include/pointcloud_preprocessor/pointcloud_preprocessor/downsample_filter/approximate_downsample_filter_nodelet.hpp
[75.645s] -- Symlinking: /autoware/install/pointcloud_preprocessor/include/pointcloud_preprocessor/pointcloud_preprocessor/downsample_filter/random_downsample_filter_nodelet.hpp
[75.654s] -- Symlinking: /autoware/install/pointcloud_preprocessor/include/pointcloud_preprocessor/pointcloud_preprocessor/downsample_filter/voxel_grid_downsample_filter_nodelet.hpp
[75.662s] -- Symlinking: /autoware/install/pointcloud_preprocessor/include/pointcloud_preprocessor/pointcloud_preprocessor/filter.hpp
[75.670s] -- Symlinking: /autoware/install/pointcloud_preprocessor/include/pointcloud_preprocessor/pointcloud_preprocessor/outlier_filter/dual_return_outlier_filter_nodelet.hpp
[75.678s] -- Symlinking: /autoware/install/pointcloud_preprocessor/include/pointcloud_preprocessor/pointcloud_preprocessor/outlier_filter/radius_search_2d_outlier_filter_nodelet.hpp
[75.685s] -- Symlinking: /autoware/install/pointcloud_preprocessor/include/pointcloud_preprocessor/pointcloud_preprocessor/outlier_filter/ring_outlier_filter_nodelet.hpp
[75.693s] -- Symlinking: /autoware/install/pointcloud_preprocessor/include/pointcloud_preprocessor/pointcloud_preprocessor/outlier_filter/voxel_grid_outlier_filter_nodelet.hpp
[75.701s] -- Symlinking: /autoware/install/pointcloud_preprocessor/include/pointcloud_preprocessor/pointcloud_preprocessor/passthrough_filter/passthrough_filter_nodelet.hpp
[75.708s] -- Symlinking: /autoware/install/pointcloud_preprocessor/include/pointcloud_preprocessor/pointcloud_preprocessor/passthrough_filter/passthrough_filter_uint16_nodelet.hpp
[75.716s] -- Symlinking: /autoware/install/pointcloud_preprocessor/include/pointcloud_preprocessor/pointcloud_preprocessor/passthrough_filter/passthrough_uint16.hpp
[75.724s] -- Symlinking: /autoware/install/pointcloud_preprocessor/include/pointcloud_preprocessor/pointcloud_preprocessor/pointcloud_accumulator/pointcloud_accumulator_nodelet.hpp
[75.733s] -- Symlinking: /autoware/install/pointcloud_preprocessor/include/pointcloud_preprocessor/pointcloud_preprocessor/polygon_remover/polygon_remover.hpp
[75.742s] -- Symlinking: /autoware/install/pointcloud_preprocessor/include/pointcloud_preprocessor/pointcloud_preprocessor/utility/utilities.hpp
[75.751s] -- Symlinking: /autoware/install/pointcloud_preprocessor/include/pointcloud_preprocessor/pointcloud_preprocessor/vector_map_filter/lanelet2_map_filter_nodelet.hpp
[75.759s] -- Symlinking: /autoware/install/pointcloud_preprocessor/include/pointcloud_preprocessor/pointcloud_preprocessor/vector_map_filter/vector_map_inside_area_filter.hpp
[75.769s] -- Symlinking: /autoware/install/pointcloud_preprocessor/include/pointcloud_preprocessor/blockage_diag/blockage_diag_nodelet.hpp
[75.777s] -- Symlinking: /autoware/install/pointcloud_preprocessor/include/pointcloud_preprocessor/concatenate_data/concatenate_data_nodelet.hpp
[75.785s] -- Symlinking: /autoware/install/pointcloud_preprocessor/include/pointcloud_preprocessor/crop_box_filter/crop_box_filter_nodelet.hpp
[75.793s] -- Symlinking: /autoware/install/pointcloud_preprocessor/include/pointcloud_preprocessor/distortion_corrector/distortion_corrector.hpp
[75.802s] -- Symlinking: /autoware/install/pointcloud_preprocessor/include/pointcloud_preprocessor/downsample_filter/approximate_downsample_filter_nodelet.hpp
[75.810s] -- Symlinking: /autoware/install/pointcloud_preprocessor/include/pointcloud_preprocessor/downsample_filter/random_downsample_filter_nodelet.hpp
[75.818s] -- Symlinking: /autoware/install/pointcloud_preprocessor/include/pointcloud_preprocessor/downsample_filter/voxel_grid_downsample_filter_nodelet.hpp
[75.827s] -- Symlinking: /autoware/install/pointcloud_preprocessor/include/pointcloud_preprocessor/filter.hpp
[75.835s] -- Symlinking: /autoware/install/pointcloud_preprocessor/include/pointcloud_preprocessor/outlier_filter/dual_return_outlier_filter_nodelet.hpp
[75.842s] -- Symlinking: /autoware/install/pointcloud_preprocessor/include/pointcloud_preprocessor/outlier_filter/radius_search_2d_outlier_filter_nodelet.hpp
[75.851s] -- Symlinking: /autoware/install/pointcloud_preprocessor/include/pointcloud_preprocessor/outlier_filter/ring_outlier_filter_nodelet.hpp
[75.859s] -- Symlinking: /autoware/install/pointcloud_preprocessor/include/pointcloud_preprocessor/outlier_filter/voxel_grid_outlier_filter_nodelet.hpp
[75.868s] -- Symlinking: /autoware/install/pointcloud_preprocessor/include/pointcloud_preprocessor/passthrough_filter/passthrough_filter_nodelet.hpp
[75.876s] -- Symlinking: /autoware/install/pointcloud_preprocessor/include/pointcloud_preprocessor/passthrough_filter/passthrough_filter_uint16_nodelet.hpp
[75.884s] -- Symlinking: /autoware/install/pointcloud_preprocessor/include/pointcloud_preprocessor/passthrough_filter/passthrough_uint16.hpp
[75.893s] -- Symlinking: /autoware/install/pointcloud_preprocessor/include/pointcloud_preprocessor/pointcloud_accumulator/pointcloud_accumulator_nodelet.hpp
[75.902s] -- Symlinking: /autoware/install/pointcloud_preprocessor/include/pointcloud_preprocessor/polygon_remover/polygon_remover.hpp
[75.911s] -- Symlinking: /autoware/install/pointcloud_preprocessor/include/pointcloud_preprocessor/utility/utilities.hpp
[75.919s] -- Symlinking: /autoware/install/pointcloud_preprocessor/include/pointcloud_preprocessor/vector_map_filter/lanelet2_map_filter_nodelet.hpp
[75.928s] -- Symlinking: /autoware/install/pointcloud_preprocessor/include/pointcloud_preprocessor/vector_map_filter/vector_map_inside_area_filter.hpp
[75.937s] -- Symlinking: /autoware/install/pointcloud_preprocessor/share/pointcloud_preprocessor/environment/library_path.sh
[75.946s] -- Symlinking: /autoware/install/pointcloud_preprocessor/share/pointcloud_preprocessor/environment/library_path.dsv
[75.955s] -- Symlinking: /autoware/install/pointcloud_preprocessor/lib/libpointcloud_preprocessor_filter.so
[75.964s] -- Symlinking: /autoware/install/pointcloud_preprocessor/share/pointcloud_preprocessor/launch/blockage_diag.launch.xml
[75.972s] -- Symlinking: /autoware/install/pointcloud_preprocessor/share/pointcloud_preprocessor/launch/dual_return_outlier_filter.launch.xml
[75.981s] -- Symlinking: /autoware/install/pointcloud_preprocessor/share/pointcloud_preprocessor/launch/polygon_remover.launch.py
[75.991s] -- Symlinking: /autoware/install/pointcloud_preprocessor/share/pointcloud_preprocessor/launch/preprocessor.launch.py
[75.998s] -- Symlinking: /autoware/install/pointcloud_preprocessor/share/pointcloud_preprocessor/launch/preprocessor.launch.xml
[76.005s] -- Symlinking: /autoware/install/pointcloud_preprocessor/share/pointcloud_preprocessor/launch/random_downsample_filter.launch.xml
[76.013s] -- Symlinking: /autoware/install/pointcloud_preprocessor/share/pointcloud_preprocessor/launch/ring_passthrough_filter.launch.xml
[76.022s] -- Symlinking: /autoware/install/pointcloud_preprocessor/share/ament_index/resource_index/package_run_dependencies/pointcloud_preprocessor
[76.028s] -- Symlinking: /autoware/install/pointcloud_preprocessor/share/ament_index/resource_index/parent_prefix_path/pointcloud_preprocessor
[76.037s] -- Symlinking: /autoware/install/pointcloud_preprocessor/share/pointcloud_preprocessor/environment/ament_prefix_path.sh
[76.045s] -- Symlinking: /autoware/install/pointcloud_preprocessor/share/pointcloud_preprocessor/environment/ament_prefix_path.dsv
[76.053s] -- Symlinking: /autoware/install/pointcloud_preprocessor/share/pointcloud_preprocessor/environment/path.sh
[76.060s] -- Symlinking: /autoware/install/pointcloud_preprocessor/share/pointcloud_preprocessor/environment/path.dsv
[76.068s] -- Symlinking: /autoware/install/pointcloud_preprocessor/share/pointcloud_preprocessor/local_setup.bash
[76.076s] -- Symlinking: /autoware/install/pointcloud_preprocessor/share/pointcloud_preprocessor/local_setup.sh
[76.084s] -- Symlinking: /autoware/install/pointcloud_preprocessor/share/pointcloud_preprocessor/local_setup.zsh
[76.092s] -- Symlinking: /autoware/install/pointcloud_preprocessor/share/pointcloud_preprocessor/local_setup.dsv
[76.100s] -- Symlinking: /autoware/install/pointcloud_preprocessor/share/pointcloud_preprocessor/package.dsv
[76.108s] -- Symlinking: /autoware/install/pointcloud_preprocessor/share/ament_index/resource_index/packages/pointcloud_preprocessor
[76.115s] -- Symlinking: /autoware/install/pointcloud_preprocessor/share/ament_index/resource_index/rclcpp_components/pointcloud_preprocessor
[76.123s] -- Symlinking: /autoware/install/pointcloud_preprocessor/share/pointcloud_preprocessor/cmake/ament_cmake_export_targets-extras.cmake
[76.130s] -- Symlinking: /autoware/install/pointcloud_preprocessor/share/pointcloud_preprocessor/cmake/ament_cmake_export_dependencies-extras.cmake
[76.138s] -- Symlinking: /autoware/install/pointcloud_preprocessor/share/pointcloud_preprocessor/cmake/ament_cmake_export_include_directories-extras.cmake
[76.145s] -- Symlinking: /autoware/install/pointcloud_preprocessor/share/pointcloud_preprocessor/cmake/ament_cmake_export_libraries-extras.cmake
[76.153s] -- Symlinking: /autoware/install/pointcloud_preprocessor/share/pointcloud_preprocessor/cmake/pointcloud_preprocessorConfig.cmake
[76.160s] -- Symlinking: /autoware/install/pointcloud_preprocessor/share/pointcloud_preprocessor/cmake/pointcloud_preprocessorConfig-version.cmake
[76.168s] -- Symlinking: /autoware/install/pointcloud_preprocessor/share/pointcloud_preprocessor/package.xml
[76.175s] -- Installing: /autoware/install/pointcloud_preprocessor/lib/libpointcloud_preprocessor_filter_base.so
[76.179s] -- Set runtime path of "/autoware/install/pointcloud_preprocessor/lib/libpointcloud_preprocessor_filter_base.so" to ""
[76.179s] -- Installing: /autoware/install/pointcloud_preprocessor/share/pointcloud_preprocessor/cmake/export_pointcloud_preprocessorExport.cmake
[76.179s] -- Installing: /autoware/install/pointcloud_preprocessor/share/pointcloud_preprocessor/cmake/export_pointcloud_preprocessorExport-release.cmake
[76.190s] Invoked command in '/autoware/build/pointcloud_preprocessor' returned '0': AMENT_PREFIX_PATH=/autoware/install/tier4_autoware_utils:/autoware/install/lanelet2_extension:/autoware/install/tier4_pcl_extensions:/autoware/install/autoware_utils:/autoware/install/autoware_point_types:/autoware/install/autoware_auto_vehicle_msgs:/autoware/install/autoware_planning_msgs:/autoware/install/autoware_cmake:/autoware/install/autoware_auto_planning_msgs:/autoware/install/autoware_auto_perception_msgs:/autoware/install/tier4_debug_msgs:/autoware/install/autoware_lint_common:/autoware/install/autoware_common_msgs:/autoware/install/autoware_auto_mapping_msgs:/autoware/install/autoware_auto_geometry_msgs:${AMENT_PREFIX_PATH} CMAKE_PREFIX_PATH=/autoware/install/tier4_autoware_utils:/autoware/install/lanelet2_extension:/autoware/install/tier4_pcl_extensions:/autoware/install/autoware_utils:/autoware/install/autoware_point_types:/autoware/install/autoware_auto_vehicle_msgs:/autoware/install/autoware_planning_msgs:/autoware/install/autoware_cmake:/autoware/install/autoware_auto_planning_msgs:/autoware/install/autoware_auto_perception_msgs:/autoware/install/tier4_debug_msgs:/autoware/install/autoware_lint_common:/autoware/install/autoware_common_msgs:/autoware/install/autoware_auto_mapping_msgs:/autoware/install/autoware_auto_geometry_msgs:/opt/ros/humble LD_LIBRARY_PATH=/autoware/install/tier4_autoware_utils/lib:/autoware/install/lanelet2_extension/lib:/autoware/install/tier4_pcl_extensions/lib:/autoware/install/autoware_utils/lib:/autoware/install/autoware_auto_vehicle_msgs/lib:/autoware/install/autoware_planning_msgs/lib:/autoware/install/autoware_auto_planning_msgs/lib:/autoware/install/autoware_auto_perception_msgs/lib:/autoware/install/tier4_debug_msgs/lib:/autoware/install/autoware_common_msgs/lib:/autoware/install/autoware_auto_mapping_msgs/lib:/autoware/install/autoware_auto_geometry_msgs/lib:${LD_LIBRARY_PATH} PYTHONPATH=/autoware/install/autoware_auto_vehicle_msgs/local/lib/python3.10/dist-packages:/autoware/install/autoware_planning_msgs/local/lib/python3.10/dist-packages:/autoware/install/autoware_auto_planning_msgs/local/lib/python3.10/dist-packages:/autoware/install/autoware_auto_perception_msgs/local/lib/python3.10/dist-packages:/autoware/install/tier4_debug_msgs/local/lib/python3.10/dist-packages:/autoware/install/autoware_common_msgs/local/lib/python3.10/dist-packages:/autoware/install/autoware_auto_mapping_msgs/local/lib/python3.10/dist-packages:/autoware/install/autoware_auto_geometry_msgs/local/lib/python3.10/dist-packages:${PYTHONPATH} /usr/bin/cmake --install /autoware/build/pointcloud_preprocessor
