-- Found autoware_cmake: 0.1.0 (/autoware/install/autoware_cmake/share/autoware_cmake/cmake)
-- Found ament_cmake_auto: 1.3.2 (/opt/ros/humble/share/ament_cmake_auto/cmake)
-- Override CMake install command with custom implementation using symlinks instead of copying resources
-- Found rosidl_generator_c: 3.1.3 (/opt/ros/humble/share/rosidl_generator_c/cmake)
-- Found rosidl_adapter: 3.1.3 (/opt/ros/humble/share/rosidl_adapter/cmake)
-- Found rosidl_generator_cpp: 3.1.3 (/opt/ros/humble/share/rosidl_generator_cpp/cmake)
-- Using all available rosidl_typesupport_c: rosidl_typesupport_fastrtps_c;rosidl_typesupport_introspection_c
-- Using all available rosidl_typesupport_cpp: rosidl_typesupport_fastrtps_cpp;rosidl_typesupport_introspection_cpp
-- Found rmw_implementation_cmake: 6.1.0 (/opt/ros/humble/share/rmw_implementation_cmake/cmake)
-- Found rmw_fastrtps_cpp: 6.2.1 (/opt/ros/humble/share/rmw_fastrtps_cpp/cmake)
-- Using RMW implementation 'rmw_fastrtps_cpp' as default
-- Found eigen3_cmake_module: 0.1.1 (/opt/ros/humble/share/eigen3_cmake_module/cmake)
-- Ensuring Eigen3 include directory is part of orocos-kdl CMake target
-- Found ament_lint_auto: 0.12.4 (/opt/ros/humble/share/ament_lint_auto/cmake)
-- Found gtest sources under '/opt/ros/humble/src/gtest_vendor': C++ tests using 'Google Test' will be built
-- Added test 'copyright' to check source files copyright and LICENSE
-- Added test 'cppcheck' to perform static code analysis on C / C++ code
-- Configured cppcheck include dirs: /autoware/src/universe/autoware.universe/common/perception_utils/include
-- Configured cppcheck exclude dirs and/or files: 
-- Added test 'lint_cmake' to check CMake code style
-- Added test 'xmllint' to check XML markup files
-- Configuring done
-- Generating done
-- Build files have been written to: /autoware/build/perception_utils
Consolidate compiler generated dependencies of target gtest
Consolidate compiler generated dependencies of target gtest_main
Consolidate compiler generated dependencies of target perception_utils
[ 23%] Built target gtest
[ 30%] Built target gtest_main
[ 38%] Building CXX object CMakeFiles/perception_utils.dir/src/predicted_path_utils.cpp.o
[ 46%] Building CXX object CMakeFiles/perception_utils.dir/src/conversion.cpp.o
[ 53%] Linking CXX shared library libperception_utils.so
[ 53%] Built target perception_utils
Consolidate compiler generated dependencies of target test_perception_utils
[ 61%] Building CXX object CMakeFiles/test_perception_utils.dir/test/src/test_conversion.cpp.o
[ 69%] Building CXX object CMakeFiles/test_perception_utils.dir/test/src/test_geometry.cpp.o
[ 76%] Building CXX object CMakeFiles/test_perception_utils.dir/test/src/test_object_classification.cpp.o
[ 84%] Building CXX object CMakeFiles/test_perception_utils.dir/test/src/test_matching.cpp.o
[ 92%] Building CXX object CMakeFiles/test_perception_utils.dir/test/src/test_predicted_path_utils.cpp.o
[100%] Linking CXX executable test_perception_utils
[100%] Built target test_perception_utils
-- Install configuration: "Release"
-- Execute custom install script
-- Up-to-date symlink: /autoware/install/perception_utils/include/perception_utils/conversion.hpp
-- Up-to-date symlink: /autoware/install/perception_utils/include/perception_utils/geometry.hpp
-- Up-to-date symlink: /autoware/install/perception_utils/include/perception_utils/matching.hpp
-- Up-to-date symlink: /autoware/install/perception_utils/include/perception_utils/object_classification.hpp
-- Up-to-date symlink: /autoware/install/perception_utils/include/perception_utils/perception_utils.hpp
-- Up-to-date symlink: /autoware/install/perception_utils/include/perception_utils/predicted_path_utils.hpp
-- Up-to-date symlink: /autoware/install/perception_utils/include/perception_utils/transform.hpp
-- Up-to-date symlink: /autoware/install/perception_utils/share/perception_utils/environment/library_path.sh
-- Up-to-date symlink: /autoware/install/perception_utils/share/perception_utils/environment/library_path.dsv
-- Up-to-date symlink: /autoware/install/perception_utils/lib/libperception_utils.so
-- Up-to-date symlink: /autoware/install/perception_utils/share/ament_index/resource_index/package_run_dependencies/perception_utils
-- Up-to-date symlink: /autoware/install/perception_utils/share/ament_index/resource_index/parent_prefix_path/perception_utils
-- Up-to-date symlink: /autoware/install/perception_utils/share/perception_utils/environment/ament_prefix_path.sh
-- Up-to-date symlink: /autoware/install/perception_utils/share/perception_utils/environment/ament_prefix_path.dsv
-- Up-to-date symlink: /autoware/install/perception_utils/share/perception_utils/environment/path.sh
-- Up-to-date symlink: /autoware/install/perception_utils/share/perception_utils/environment/path.dsv
-- Up-to-date symlink: /autoware/install/perception_utils/share/perception_utils/local_setup.bash
-- Up-to-date symlink: /autoware/install/perception_utils/share/perception_utils/local_setup.sh
-- Up-to-date symlink: /autoware/install/perception_utils/share/perception_utils/local_setup.zsh
-- Up-to-date symlink: /autoware/install/perception_utils/share/perception_utils/local_setup.dsv
-- Symlinking: /autoware/install/perception_utils/share/perception_utils/package.dsv
-- Up-to-date symlink: /autoware/install/perception_utils/share/ament_index/resource_index/packages/perception_utils
-- Up-to-date symlink: /autoware/install/perception_utils/share/perception_utils/cmake/ament_cmake_export_dependencies-extras.cmake
-- Up-to-date symlink: /autoware/install/perception_utils/share/perception_utils/cmake/ament_cmake_export_include_directories-extras.cmake
-- Up-to-date symlink: /autoware/install/perception_utils/share/perception_utils/cmake/ament_cmake_export_libraries-extras.cmake
-- Up-to-date symlink: /autoware/install/perception_utils/share/perception_utils/cmake/perception_utilsConfig.cmake
-- Up-to-date symlink: /autoware/install/perception_utils/share/perception_utils/cmake/perception_utilsConfig-version.cmake
-- Up-to-date symlink: /autoware/install/perception_utils/share/perception_utils/package.xml
