[0.082s] Invoking command in '/autoware/build/obstacle_cruise_planner': AMENT_PREFIX_PATH=/autoware/install/perception_utils:/autoware/install/motion_utils:/autoware/install/vehicle_info_util:/autoware/install/interpolation:/autoware/install/tier4_autoware_utils:/autoware/install/lanelet2_extension:/autoware/install/autoware_auto_vehicle_msgs:/autoware/install/signal_processing:/autoware/install/osqp_interface:/autoware/install/autoware_utils:/autoware/install/autoware_planning_msgs:/autoware/install/autoware_auto_planning_msgs:/autoware/install/autoware_auto_perception_msgs:/autoware/install/tier4_planning_msgs:/autoware/install/tier4_debug_msgs:/autoware/install/autoware_common_msgs:/autoware/install/autoware_cmake:/autoware/install/autoware_auto_mapping_msgs:/autoware/install/autoware_auto_geometry_msgs:/autoware/install/autoware_adapi_v1_msgs:/autoware/install/autoware_lint_common:/autoware/install/ament_cmake_auto:${AMENT_PREFIX_PATH} CMAKE_PREFIX_PATH=/autoware/install/perception_utils:/autoware/install/motion_utils:/autoware/install/vehicle_info_util:/autoware/install/interpolation:/autoware/install/tier4_autoware_utils:/autoware/install/lanelet2_extension:/autoware/install/autoware_auto_vehicle_msgs:/autoware/install/signal_processing:/autoware/install/osqp_interface:/autoware/install/autoware_utils:/autoware/install/autoware_planning_msgs:/autoware/install/autoware_auto_planning_msgs:/autoware/install/autoware_auto_perception_msgs:/autoware/install/tier4_planning_msgs:/autoware/install/tier4_debug_msgs:/autoware/install/autoware_common_msgs:/autoware/install/autoware_cmake:/autoware/install/autoware_auto_mapping_msgs:/autoware/install/autoware_auto_geometry_msgs:/autoware/install/autoware_adapi_v1_msgs:/autoware/install/autoware_lint_common:/autoware/install/ament_cmake_auto:/opt/ros/humble LD_LIBRARY_PATH=/autoware/install/perception_utils/lib:/autoware/install/motion_utils/lib:/autoware/install/vehicle_info_util/lib:/autoware/install/interpolation/lib:/autoware/install/tier4_autoware_utils/lib:/autoware/install/lanelet2_extension/lib:/autoware/install/autoware_auto_vehicle_msgs/lib:/autoware/install/signal_processing/lib:/autoware/install/osqp_interface/lib:/autoware/install/autoware_utils/lib:/autoware/install/autoware_planning_msgs/lib:/autoware/install/autoware_auto_planning_msgs/lib:/autoware/install/autoware_auto_perception_msgs/lib:/autoware/install/tier4_planning_msgs/lib:/autoware/install/tier4_debug_msgs/lib:/autoware/install/autoware_common_msgs/lib:/autoware/install/autoware_auto_mapping_msgs/lib:/autoware/install/autoware_auto_geometry_msgs/lib:/autoware/install/autoware_adapi_v1_msgs/lib:${LD_LIBRARY_PATH} PYTHONPATH=/autoware/install/autoware_auto_vehicle_msgs/local/lib/python3.10/dist-packages:/autoware/install/autoware_planning_msgs/local/lib/python3.10/dist-packages:/autoware/install/autoware_auto_planning_msgs/local/lib/python3.10/dist-packages:/autoware/install/autoware_auto_perception_msgs/local/lib/python3.10/dist-packages:/autoware/install/tier4_planning_msgs/local/lib/python3.10/dist-packages:/autoware/install/tier4_debug_msgs/local/lib/python3.10/dist-packages:/autoware/install/autoware_common_msgs/local/lib/python3.10/dist-packages:/autoware/install/autoware_auto_mapping_msgs/local/lib/python3.10/dist-packages:/autoware/install/autoware_auto_geometry_msgs/local/lib/python3.10/dist-packages:/autoware/install/autoware_adapi_v1_msgs/local/lib/python3.10/dist-packages:${PYTHONPATH} /usr/bin/cmake --build /autoware/build/obstacle_cruise_planner -- -j64 -l64
[0.134s] -- Found autoware_cmake: 0.1.0 (/autoware/install/autoware_cmake/share/autoware_cmake/cmake)
[0.162s] -- Found ament_cmake_auto: 1.3.2 (/opt/ros/humble/share/ament_cmake_auto/cmake)
[0.285s] -- Override CMake install command with custom implementation using symlinks instead of copying resources
[0.392s] -- Found rosidl_generator_c: 3.1.3 (/opt/ros/humble/share/rosidl_generator_c/cmake)
[0.395s] -- Found rosidl_adapter: 3.1.3 (/opt/ros/humble/share/rosidl_adapter/cmake)
[0.400s] -- Found rosidl_generator_cpp: 3.1.3 (/opt/ros/humble/share/rosidl_generator_cpp/cmake)
[0.411s] -- Using all available rosidl_typesupport_c: rosidl_typesupport_fastrtps_c;rosidl_typesupport_introspection_c
[0.425s] -- Using all available rosidl_typesupport_cpp: rosidl_typesupport_fastrtps_cpp;rosidl_typesupport_introspection_cpp
[1.581s] -- Found rmw_implementation_cmake: 6.1.0 (/opt/ros/humble/share/rmw_implementation_cmake/cmake)
[1.583s] -- Found rmw_fastrtps_cpp: 6.2.1 (/opt/ros/humble/share/rmw_fastrtps_cpp/cmake)
[1.728s] -- Using RMW implementation 'rmw_fastrtps_cpp' as default
[1.871s] -- Found eigen3_cmake_module: 0.1.1 (/opt/ros/humble/share/eigen3_cmake_module/cmake)
[1.872s] -- Ensuring Eigen3 include directory is part of orocos-kdl CMake target
[2.793s] -- Found mrt_cmake_modules: 1.0.9 (/opt/ros/humble/share/mrt_cmake_modules/cmake)
[4.523s] -- Found ament_lint_auto: 0.12.4 (/opt/ros/humble/share/ament_lint_auto/cmake)
[13.484s] -- Added test 'copyright' to check source files copyright and LICENSE
[13.490s] -- Added test 'cppcheck' to perform static code analysis on C / C++ code
[13.490s] -- Configured cppcheck include dirs: /autoware/src/universe/autoware.universe/planning/obstacle_cruise_planner/include
[13.490s] -- Configured cppcheck exclude dirs and/or files: 
[13.492s] -- Added test 'lint_cmake' to check CMake code style
[13.493s] -- Added test 'xmllint' to check XML markup files
[13.499s] -- Configuring done
[13.605s] -- Generating done
[13.608s] -- Build files have been written to: /autoware/build/obstacle_cruise_planner
[13.668s] Consolidate compiler generated dependencies of target obstacle_cruise_planner
[13.696s] [ 20%] Built target obstacle_cruise_planner
[13.732s] Consolidate compiler generated dependencies of target obstacle_cruise_planner_core
[13.785s] [ 30%] Building CXX object CMakeFiles/obstacle_cruise_planner_core.dir/src/node.cpp.o
[13.790s] [ 40%] Building CXX object CMakeFiles/obstacle_cruise_planner_core.dir/src/utils.cpp.o
[13.794s] [ 50%] Building CXX object CMakeFiles/obstacle_cruise_planner_core.dir/src/polygon_utils.cpp.o
[13.796s] [ 60%] Building CXX object CMakeFiles/obstacle_cruise_planner_core.dir/src/optimization_based_planner/velocity_optimizer.cpp.o
[13.798s] [ 70%] Building CXX object CMakeFiles/obstacle_cruise_planner_core.dir/src/optimization_based_planner/optimization_based_planner.cpp.o
[13.799s] [ 90%] Building CXX object CMakeFiles/obstacle_cruise_planner_core.dir/src/pid_based_planner/pid_based_planner.cpp.o
[13.799s] [ 90%] Building CXX object CMakeFiles/obstacle_cruise_planner_core.dir/src/planner_interface.cpp.o
[47.731s] [100%] Linking CXX shared library libobstacle_cruise_planner_core.so
[48.125s] [100%] Built target obstacle_cruise_planner_core
[48.136s] Invoked command in '/autoware/build/obstacle_cruise_planner' returned '0': AMENT_PREFIX_PATH=/autoware/install/perception_utils:/autoware/install/motion_utils:/autoware/install/vehicle_info_util:/autoware/install/interpolation:/autoware/install/tier4_autoware_utils:/autoware/install/lanelet2_extension:/autoware/install/autoware_auto_vehicle_msgs:/autoware/install/signal_processing:/autoware/install/osqp_interface:/autoware/install/autoware_utils:/autoware/install/autoware_planning_msgs:/autoware/install/autoware_auto_planning_msgs:/autoware/install/autoware_auto_perception_msgs:/autoware/install/tier4_planning_msgs:/autoware/install/tier4_debug_msgs:/autoware/install/autoware_common_msgs:/autoware/install/autoware_cmake:/autoware/install/autoware_auto_mapping_msgs:/autoware/install/autoware_auto_geometry_msgs:/autoware/install/autoware_adapi_v1_msgs:/autoware/install/autoware_lint_common:/autoware/install/ament_cmake_auto:${AMENT_PREFIX_PATH} CMAKE_PREFIX_PATH=/autoware/install/perception_utils:/autoware/install/motion_utils:/autoware/install/vehicle_info_util:/autoware/install/interpolation:/autoware/install/tier4_autoware_utils:/autoware/install/lanelet2_extension:/autoware/install/autoware_auto_vehicle_msgs:/autoware/install/signal_processing:/autoware/install/osqp_interface:/autoware/install/autoware_utils:/autoware/install/autoware_planning_msgs:/autoware/install/autoware_auto_planning_msgs:/autoware/install/autoware_auto_perception_msgs:/autoware/install/tier4_planning_msgs:/autoware/install/tier4_debug_msgs:/autoware/install/autoware_common_msgs:/autoware/install/autoware_cmake:/autoware/install/autoware_auto_mapping_msgs:/autoware/install/autoware_auto_geometry_msgs:/autoware/install/autoware_adapi_v1_msgs:/autoware/install/autoware_lint_common:/autoware/install/ament_cmake_auto:/opt/ros/humble LD_LIBRARY_PATH=/autoware/install/perception_utils/lib:/autoware/install/motion_utils/lib:/autoware/install/vehicle_info_util/lib:/autoware/install/interpolation/lib:/autoware/install/tier4_autoware_utils/lib:/autoware/install/lanelet2_extension/lib:/autoware/install/autoware_auto_vehicle_msgs/lib:/autoware/install/signal_processing/lib:/autoware/install/osqp_interface/lib:/autoware/install/autoware_utils/lib:/autoware/install/autoware_planning_msgs/lib:/autoware/install/autoware_auto_planning_msgs/lib:/autoware/install/autoware_auto_perception_msgs/lib:/autoware/install/tier4_planning_msgs/lib:/autoware/install/tier4_debug_msgs/lib:/autoware/install/autoware_common_msgs/lib:/autoware/install/autoware_auto_mapping_msgs/lib:/autoware/install/autoware_auto_geometry_msgs/lib:/autoware/install/autoware_adapi_v1_msgs/lib:${LD_LIBRARY_PATH} PYTHONPATH=/autoware/install/autoware_auto_vehicle_msgs/local/lib/python3.10/dist-packages:/autoware/install/autoware_planning_msgs/local/lib/python3.10/dist-packages:/autoware/install/autoware_auto_planning_msgs/local/lib/python3.10/dist-packages:/autoware/install/autoware_auto_perception_msgs/local/lib/python3.10/dist-packages:/autoware/install/tier4_planning_msgs/local/lib/python3.10/dist-packages:/autoware/install/tier4_debug_msgs/local/lib/python3.10/dist-packages:/autoware/install/autoware_common_msgs/local/lib/python3.10/dist-packages:/autoware/install/autoware_auto_mapping_msgs/local/lib/python3.10/dist-packages:/autoware/install/autoware_auto_geometry_msgs/local/lib/python3.10/dist-packages:/autoware/install/autoware_adapi_v1_msgs/local/lib/python3.10/dist-packages:${PYTHONPATH} /usr/bin/cmake --build /autoware/build/obstacle_cruise_planner -- -j64 -l64
[48.162s] Invoking command in '/autoware/build/obstacle_cruise_planner': AMENT_PREFIX_PATH=/autoware/install/perception_utils:/autoware/install/motion_utils:/autoware/install/vehicle_info_util:/autoware/install/interpolation:/autoware/install/tier4_autoware_utils:/autoware/install/lanelet2_extension:/autoware/install/autoware_auto_vehicle_msgs:/autoware/install/signal_processing:/autoware/install/osqp_interface:/autoware/install/autoware_utils:/autoware/install/autoware_planning_msgs:/autoware/install/autoware_auto_planning_msgs:/autoware/install/autoware_auto_perception_msgs:/autoware/install/tier4_planning_msgs:/autoware/install/tier4_debug_msgs:/autoware/install/autoware_common_msgs:/autoware/install/autoware_cmake:/autoware/install/autoware_auto_mapping_msgs:/autoware/install/autoware_auto_geometry_msgs:/autoware/install/autoware_adapi_v1_msgs:/autoware/install/autoware_lint_common:/autoware/install/ament_cmake_auto:${AMENT_PREFIX_PATH} CMAKE_PREFIX_PATH=/autoware/install/perception_utils:/autoware/install/motion_utils:/autoware/install/vehicle_info_util:/autoware/install/interpolation:/autoware/install/tier4_autoware_utils:/autoware/install/lanelet2_extension:/autoware/install/autoware_auto_vehicle_msgs:/autoware/install/signal_processing:/autoware/install/osqp_interface:/autoware/install/autoware_utils:/autoware/install/autoware_planning_msgs:/autoware/install/autoware_auto_planning_msgs:/autoware/install/autoware_auto_perception_msgs:/autoware/install/tier4_planning_msgs:/autoware/install/tier4_debug_msgs:/autoware/install/autoware_common_msgs:/autoware/install/autoware_cmake:/autoware/install/autoware_auto_mapping_msgs:/autoware/install/autoware_auto_geometry_msgs:/autoware/install/autoware_adapi_v1_msgs:/autoware/install/autoware_lint_common:/autoware/install/ament_cmake_auto:/opt/ros/humble LD_LIBRARY_PATH=/autoware/install/perception_utils/lib:/autoware/install/motion_utils/lib:/autoware/install/vehicle_info_util/lib:/autoware/install/interpolation/lib:/autoware/install/tier4_autoware_utils/lib:/autoware/install/lanelet2_extension/lib:/autoware/install/autoware_auto_vehicle_msgs/lib:/autoware/install/signal_processing/lib:/autoware/install/osqp_interface/lib:/autoware/install/autoware_utils/lib:/autoware/install/autoware_planning_msgs/lib:/autoware/install/autoware_auto_planning_msgs/lib:/autoware/install/autoware_auto_perception_msgs/lib:/autoware/install/tier4_planning_msgs/lib:/autoware/install/tier4_debug_msgs/lib:/autoware/install/autoware_common_msgs/lib:/autoware/install/autoware_auto_mapping_msgs/lib:/autoware/install/autoware_auto_geometry_msgs/lib:/autoware/install/autoware_adapi_v1_msgs/lib:${LD_LIBRARY_PATH} PYTHONPATH=/autoware/install/autoware_auto_vehicle_msgs/local/lib/python3.10/dist-packages:/autoware/install/autoware_planning_msgs/local/lib/python3.10/dist-packages:/autoware/install/autoware_auto_planning_msgs/local/lib/python3.10/dist-packages:/autoware/install/autoware_auto_perception_msgs/local/lib/python3.10/dist-packages:/autoware/install/tier4_planning_msgs/local/lib/python3.10/dist-packages:/autoware/install/tier4_debug_msgs/local/lib/python3.10/dist-packages:/autoware/install/autoware_common_msgs/local/lib/python3.10/dist-packages:/autoware/install/autoware_auto_mapping_msgs/local/lib/python3.10/dist-packages:/autoware/install/autoware_auto_geometry_msgs/local/lib/python3.10/dist-packages:/autoware/install/autoware_adapi_v1_msgs/local/lib/python3.10/dist-packages:${PYTHONPATH} /usr/bin/cmake --install /autoware/build/obstacle_cruise_planner
[48.170s] -- Install configuration: "Release"
[48.170s] -- Execute custom install script
[48.171s] -- Up-to-date symlink: /autoware/install/obstacle_cruise_planner/lib/obstacle_cruise_planner/obstacle_cruise_planner
[48.171s] -- Up-to-date symlink: /autoware/install/obstacle_cruise_planner/include/obstacle_cruise_planner/common_structs.hpp
[48.172s] -- Up-to-date symlink: /autoware/install/obstacle_cruise_planner/include/obstacle_cruise_planner/node.hpp
[48.172s] -- Up-to-date symlink: /autoware/install/obstacle_cruise_planner/include/obstacle_cruise_planner/optimization_based_planner/optimization_based_planner.hpp
[48.172s] -- Up-to-date symlink: /autoware/install/obstacle_cruise_planner/include/obstacle_cruise_planner/optimization_based_planner/s_boundary.hpp
[48.172s] -- Up-to-date symlink: /autoware/install/obstacle_cruise_planner/include/obstacle_cruise_planner/optimization_based_planner/velocity_optimizer.hpp
[48.172s] -- Up-to-date symlink: /autoware/install/obstacle_cruise_planner/include/obstacle_cruise_planner/pid_based_planner/cruise_planning_debug_info.hpp
[48.173s] -- Up-to-date symlink: /autoware/install/obstacle_cruise_planner/include/obstacle_cruise_planner/pid_based_planner/pid_based_planner.hpp
[48.173s] -- Up-to-date symlink: /autoware/install/obstacle_cruise_planner/include/obstacle_cruise_planner/pid_based_planner/pid_controller.hpp
[48.173s] -- Up-to-date symlink: /autoware/install/obstacle_cruise_planner/include/obstacle_cruise_planner/planner_interface.hpp
[48.173s] -- Up-to-date symlink: /autoware/install/obstacle_cruise_planner/include/obstacle_cruise_planner/polygon_utils.hpp
[48.173s] -- Up-to-date symlink: /autoware/install/obstacle_cruise_planner/include/obstacle_cruise_planner/stop_planning_debug_info.hpp
[48.173s] -- Up-to-date symlink: /autoware/install/obstacle_cruise_planner/include/obstacle_cruise_planner/type_alias.hpp
[48.173s] -- Up-to-date symlink: /autoware/install/obstacle_cruise_planner/include/obstacle_cruise_planner/utils.hpp
[48.174s] -- Up-to-date symlink: /autoware/install/obstacle_cruise_planner/share/obstacle_cruise_planner/environment/library_path.sh
[48.174s] -- Up-to-date symlink: /autoware/install/obstacle_cruise_planner/share/obstacle_cruise_planner/environment/library_path.dsv
[48.174s] -- Up-to-date symlink: /autoware/install/obstacle_cruise_planner/lib/libobstacle_cruise_planner_core.so
[48.174s] -- Up-to-date symlink: /autoware/install/obstacle_cruise_planner/share/obstacle_cruise_planner/launch/obstacle_cruise_planner.launch.xml
[48.174s] -- Up-to-date symlink: /autoware/install/obstacle_cruise_planner/share/obstacle_cruise_planner/config/obstacle_cruise_planner.param.yaml
[48.174s] -- Up-to-date symlink: /autoware/install/obstacle_cruise_planner/share/obstacle_cruise_planner/config/plot_juggler_obstacle_cruise_planner.xml
[48.175s] -- Up-to-date symlink: /autoware/install/obstacle_cruise_planner/share/ament_index/resource_index/package_run_dependencies/obstacle_cruise_planner
[48.175s] -- Up-to-date symlink: /autoware/install/obstacle_cruise_planner/share/ament_index/resource_index/parent_prefix_path/obstacle_cruise_planner
[48.175s] -- Up-to-date symlink: /autoware/install/obstacle_cruise_planner/share/obstacle_cruise_planner/environment/ament_prefix_path.sh
[48.175s] -- Up-to-date symlink: /autoware/install/obstacle_cruise_planner/share/obstacle_cruise_planner/environment/ament_prefix_path.dsv
[48.175s] -- Up-to-date symlink: /autoware/install/obstacle_cruise_planner/share/obstacle_cruise_planner/environment/path.sh
[48.175s] -- Up-to-date symlink: /autoware/install/obstacle_cruise_planner/share/obstacle_cruise_planner/environment/path.dsv
[48.176s] -- Up-to-date symlink: /autoware/install/obstacle_cruise_planner/share/obstacle_cruise_planner/local_setup.bash
[48.176s] -- Up-to-date symlink: /autoware/install/obstacle_cruise_planner/share/obstacle_cruise_planner/local_setup.sh
[48.176s] -- Up-to-date symlink: /autoware/install/obstacle_cruise_planner/share/obstacle_cruise_planner/local_setup.zsh
[48.176s] -- Up-to-date symlink: /autoware/install/obstacle_cruise_planner/share/obstacle_cruise_planner/local_setup.dsv
[48.176s] -- Symlinking: /autoware/install/obstacle_cruise_planner/share/obstacle_cruise_planner/package.dsv
[48.185s] -- Up-to-date symlink: /autoware/install/obstacle_cruise_planner/share/ament_index/resource_index/packages/obstacle_cruise_planner
[48.185s] -- Up-to-date symlink: /autoware/install/obstacle_cruise_planner/share/ament_index/resource_index/rclcpp_components/obstacle_cruise_planner
[48.185s] -- Up-to-date symlink: /autoware/install/obstacle_cruise_planner/share/obstacle_cruise_planner/cmake/ament_cmake_export_dependencies-extras.cmake
[48.185s] -- Up-to-date symlink: /autoware/install/obstacle_cruise_planner/share/obstacle_cruise_planner/cmake/ament_cmake_export_include_directories-extras.cmake
[48.185s] -- Up-to-date symlink: /autoware/install/obstacle_cruise_planner/share/obstacle_cruise_planner/cmake/ament_cmake_export_libraries-extras.cmake
[48.185s] -- Up-to-date symlink: /autoware/install/obstacle_cruise_planner/share/obstacle_cruise_planner/cmake/obstacle_cruise_plannerConfig.cmake
[48.186s] -- Up-to-date symlink: /autoware/install/obstacle_cruise_planner/share/obstacle_cruise_planner/cmake/obstacle_cruise_plannerConfig-version.cmake
[48.186s] -- Up-to-date symlink: /autoware/install/obstacle_cruise_planner/share/obstacle_cruise_planner/package.xml
[48.186s] -- Up-to-date symlink: /autoware/install/obstacle_cruise_planner/lib/obstacle_cruise_planner/trajectory_visualizer.py
[48.194s] Invoked command in '/autoware/build/obstacle_cruise_planner' returned '0': AMENT_PREFIX_PATH=/autoware/install/perception_utils:/autoware/install/motion_utils:/autoware/install/vehicle_info_util:/autoware/install/interpolation:/autoware/install/tier4_autoware_utils:/autoware/install/lanelet2_extension:/autoware/install/autoware_auto_vehicle_msgs:/autoware/install/signal_processing:/autoware/install/osqp_interface:/autoware/install/autoware_utils:/autoware/install/autoware_planning_msgs:/autoware/install/autoware_auto_planning_msgs:/autoware/install/autoware_auto_perception_msgs:/autoware/install/tier4_planning_msgs:/autoware/install/tier4_debug_msgs:/autoware/install/autoware_common_msgs:/autoware/install/autoware_cmake:/autoware/install/autoware_auto_mapping_msgs:/autoware/install/autoware_auto_geometry_msgs:/autoware/install/autoware_adapi_v1_msgs:/autoware/install/autoware_lint_common:/autoware/install/ament_cmake_auto:${AMENT_PREFIX_PATH} CMAKE_PREFIX_PATH=/autoware/install/perception_utils:/autoware/install/motion_utils:/autoware/install/vehicle_info_util:/autoware/install/interpolation:/autoware/install/tier4_autoware_utils:/autoware/install/lanelet2_extension:/autoware/install/autoware_auto_vehicle_msgs:/autoware/install/signal_processing:/autoware/install/osqp_interface:/autoware/install/autoware_utils:/autoware/install/autoware_planning_msgs:/autoware/install/autoware_auto_planning_msgs:/autoware/install/autoware_auto_perception_msgs:/autoware/install/tier4_planning_msgs:/autoware/install/tier4_debug_msgs:/autoware/install/autoware_common_msgs:/autoware/install/autoware_cmake:/autoware/install/autoware_auto_mapping_msgs:/autoware/install/autoware_auto_geometry_msgs:/autoware/install/autoware_adapi_v1_msgs:/autoware/install/autoware_lint_common:/autoware/install/ament_cmake_auto:/opt/ros/humble LD_LIBRARY_PATH=/autoware/install/perception_utils/lib:/autoware/install/motion_utils/lib:/autoware/install/vehicle_info_util/lib:/autoware/install/interpolation/lib:/autoware/install/tier4_autoware_utils/lib:/autoware/install/lanelet2_extension/lib:/autoware/install/autoware_auto_vehicle_msgs/lib:/autoware/install/signal_processing/lib:/autoware/install/osqp_interface/lib:/autoware/install/autoware_utils/lib:/autoware/install/autoware_planning_msgs/lib:/autoware/install/autoware_auto_planning_msgs/lib:/autoware/install/autoware_auto_perception_msgs/lib:/autoware/install/tier4_planning_msgs/lib:/autoware/install/tier4_debug_msgs/lib:/autoware/install/autoware_common_msgs/lib:/autoware/install/autoware_auto_mapping_msgs/lib:/autoware/install/autoware_auto_geometry_msgs/lib:/autoware/install/autoware_adapi_v1_msgs/lib:${LD_LIBRARY_PATH} PYTHONPATH=/autoware/install/autoware_auto_vehicle_msgs/local/lib/python3.10/dist-packages:/autoware/install/autoware_planning_msgs/local/lib/python3.10/dist-packages:/autoware/install/autoware_auto_planning_msgs/local/lib/python3.10/dist-packages:/autoware/install/autoware_auto_perception_msgs/local/lib/python3.10/dist-packages:/autoware/install/tier4_planning_msgs/local/lib/python3.10/dist-packages:/autoware/install/tier4_debug_msgs/local/lib/python3.10/dist-packages:/autoware/install/autoware_common_msgs/local/lib/python3.10/dist-packages:/autoware/install/autoware_auto_mapping_msgs/local/lib/python3.10/dist-packages:/autoware/install/autoware_auto_geometry_msgs/local/lib/python3.10/dist-packages:/autoware/install/autoware_adapi_v1_msgs/local/lib/python3.10/dist-packages:${PYTHONPATH} /usr/bin/cmake --install /autoware/build/obstacle_cruise_planner
