[0.050s] Invoking command in '/autoware/build/raw_vehicle_cmd_converter': AMENT_PREFIX_PATH=/autoware/install/interpolation:/autoware/install/tier4_autoware_utils:/autoware/install/tier4_vehicle_msgs:/autoware/install/autoware_auto_vehicle_msgs:/autoware/install/tier4_control_msgs:/autoware/install/autoware_auto_planning_msgs:/autoware/install/autoware_auto_perception_msgs:/autoware/install/tier4_debug_msgs:/autoware/install/autoware_common_msgs:/autoware/install/autoware_cmake:/autoware/install/autoware_auto_mapping_msgs:/autoware/install/autoware_auto_geometry_msgs:/autoware/install/autoware_auto_control_msgs:/autoware/install/autoware_lint_common:/autoware/install/ament_cmake_auto:${AMENT_PREFIX_PATH} CMAKE_PREFIX_PATH=/autoware/install/interpolation:/autoware/install/tier4_autoware_utils:/autoware/install/tier4_vehicle_msgs:/autoware/install/autoware_auto_vehicle_msgs:/autoware/install/tier4_control_msgs:/autoware/install/autoware_auto_planning_msgs:/autoware/install/autoware_auto_perception_msgs:/autoware/install/tier4_debug_msgs:/autoware/install/autoware_common_msgs:/autoware/install/autoware_cmake:/autoware/install/autoware_auto_mapping_msgs:/autoware/install/autoware_auto_geometry_msgs:/autoware/install/autoware_auto_control_msgs:/autoware/install/autoware_lint_common:/autoware/install/ament_cmake_auto:/opt/ros/humble LD_LIBRARY_PATH=/autoware/install/interpolation/lib:/autoware/install/tier4_autoware_utils/lib:/autoware/install/tier4_vehicle_msgs/lib:/autoware/install/autoware_auto_vehicle_msgs/lib:/autoware/install/tier4_control_msgs/lib:/autoware/install/autoware_auto_planning_msgs/lib:/autoware/install/autoware_auto_perception_msgs/lib:/autoware/install/tier4_debug_msgs/lib:/autoware/install/autoware_common_msgs/lib:/autoware/install/autoware_auto_mapping_msgs/lib:/autoware/install/autoware_auto_geometry_msgs/lib:/autoware/install/autoware_auto_control_msgs/lib:${LD_LIBRARY_PATH} PYTHONPATH=/autoware/install/tier4_vehicle_msgs/local/lib/python3.10/dist-packages:/autoware/install/autoware_auto_vehicle_msgs/local/lib/python3.10/dist-packages:/autoware/install/tier4_control_msgs/local/lib/python3.10/dist-packages:/autoware/install/autoware_auto_planning_msgs/local/lib/python3.10/dist-packages:/autoware/install/autoware_auto_perception_msgs/local/lib/python3.10/dist-packages:/autoware/install/tier4_debug_msgs/local/lib/python3.10/dist-packages:/autoware/install/autoware_common_msgs/local/lib/python3.10/dist-packages:/autoware/install/autoware_auto_mapping_msgs/local/lib/python3.10/dist-packages:/autoware/install/autoware_auto_geometry_msgs/local/lib/python3.10/dist-packages:/autoware/install/autoware_auto_control_msgs/local/lib/python3.10/dist-packages:${PYTHONPATH} /usr/bin/cmake --build /autoware/build/raw_vehicle_cmd_converter -- -j64 -l64
[0.088s] -- Found autoware_cmake: 0.1.0 (/autoware/install/autoware_cmake/share/autoware_cmake/cmake)
[0.089s] -- Found ament_cmake_auto: 1.3.2 (/opt/ros/humble/share/ament_cmake_auto/cmake)
[0.290s] -- Override CMake install command with custom implementation using symlinks instead of copying resources
[0.437s] -- Found rosidl_generator_c: 3.1.3 (/opt/ros/humble/share/rosidl_generator_c/cmake)
[0.441s] -- Found rosidl_adapter: 3.1.3 (/opt/ros/humble/share/rosidl_adapter/cmake)
[0.449s] -- Found rosidl_generator_cpp: 3.1.3 (/opt/ros/humble/share/rosidl_generator_cpp/cmake)
[0.465s] -- Using all available rosidl_typesupport_c: rosidl_typesupport_fastrtps_c;rosidl_typesupport_introspection_c
[0.488s] -- Using all available rosidl_typesupport_cpp: rosidl_typesupport_fastrtps_cpp;rosidl_typesupport_introspection_cpp
[3.143s] -- Found rmw_implementation_cmake: 6.1.0 (/opt/ros/humble/share/rmw_implementation_cmake/cmake)
[3.146s] -- Found rmw_fastrtps_cpp: 6.2.1 (/opt/ros/humble/share/rmw_fastrtps_cpp/cmake)
[3.353s] -- Using RMW implementation 'rmw_fastrtps_cpp' as default
[3.604s] -- Found eigen3_cmake_module: 0.1.1 (/opt/ros/humble/share/eigen3_cmake_module/cmake)
[3.606s] -- Ensuring Eigen3 include directory is part of orocos-kdl CMake target
[5.501s] -- Found ament_lint_auto: 0.12.4 (/opt/ros/humble/share/ament_lint_auto/cmake)
[5.680s] -- Found gtest sources under '/opt/ros/humble/src/gtest_vendor': C++ tests using 'Google Test' will be built
[5.700s] -- Added test 'copyright' to check source files copyright and LICENSE
[5.705s] -- Added test 'cppcheck' to perform static code analysis on C / C++ code
[5.706s] -- Configured cppcheck include dirs: /autoware/src/universe/autoware.universe/vehicle/raw_vehicle_cmd_converter/include
[5.706s] -- Configured cppcheck exclude dirs and/or files: 
[5.708s] -- Added test 'lint_cmake' to check CMake code style
[5.708s] -- Added test 'xmllint' to check XML markup files
[5.717s] -- Configuring done
[5.985s] -- Generating done
[5.989s] -- Build files have been written to: /autoware/build/raw_vehicle_cmd_converter
[6.037s] Consolidate compiler generated dependencies of target gtest_main
[6.039s] Consolidate compiler generated dependencies of target gtest
[6.041s] Consolidate compiler generated dependencies of target raw_vehicle_cmd_converter_node
[6.053s] Consolidate compiler generated dependencies of target actuation_map_converter
[6.056s] [ 12%] Built target gtest_main
[6.059s] [ 25%] Built target gtest
[6.063s] [ 37%] Built target raw_vehicle_cmd_converter_node
[6.081s] [ 43%] Linking CXX shared library libactuation_map_converter.so
[6.338s] [ 75%] Built target actuation_map_converter
[6.364s] Consolidate compiler generated dependencies of target raw_vehicle_cmd_converter_node_component
[6.392s] [ 81%] Linking CXX shared library libraw_vehicle_cmd_converter_node_component.so
[6.818s] [ 87%] Built target raw_vehicle_cmd_converter_node_component
[6.843s] Consolidate compiler generated dependencies of target test_raw_vehicle_cmd_converter
[6.867s] [ 93%] Building CXX object CMakeFiles/test_raw_vehicle_cmd_converter.dir/test/test_raw_vehicle_cmd_converter.cpp.o
[11.037s] [100%] Linking CXX executable test_raw_vehicle_cmd_converter
[11.292s] [100%] Built target test_raw_vehicle_cmd_converter
[11.307s] Invoked command in '/autoware/build/raw_vehicle_cmd_converter' returned '0': AMENT_PREFIX_PATH=/autoware/install/interpolation:/autoware/install/tier4_autoware_utils:/autoware/install/tier4_vehicle_msgs:/autoware/install/autoware_auto_vehicle_msgs:/autoware/install/tier4_control_msgs:/autoware/install/autoware_auto_planning_msgs:/autoware/install/autoware_auto_perception_msgs:/autoware/install/tier4_debug_msgs:/autoware/install/autoware_common_msgs:/autoware/install/autoware_cmake:/autoware/install/autoware_auto_mapping_msgs:/autoware/install/autoware_auto_geometry_msgs:/autoware/install/autoware_auto_control_msgs:/autoware/install/autoware_lint_common:/autoware/install/ament_cmake_auto:${AMENT_PREFIX_PATH} CMAKE_PREFIX_PATH=/autoware/install/interpolation:/autoware/install/tier4_autoware_utils:/autoware/install/tier4_vehicle_msgs:/autoware/install/autoware_auto_vehicle_msgs:/autoware/install/tier4_control_msgs:/autoware/install/autoware_auto_planning_msgs:/autoware/install/autoware_auto_perception_msgs:/autoware/install/tier4_debug_msgs:/autoware/install/autoware_common_msgs:/autoware/install/autoware_cmake:/autoware/install/autoware_auto_mapping_msgs:/autoware/install/autoware_auto_geometry_msgs:/autoware/install/autoware_auto_control_msgs:/autoware/install/autoware_lint_common:/autoware/install/ament_cmake_auto:/opt/ros/humble LD_LIBRARY_PATH=/autoware/install/interpolation/lib:/autoware/install/tier4_autoware_utils/lib:/autoware/install/tier4_vehicle_msgs/lib:/autoware/install/autoware_auto_vehicle_msgs/lib:/autoware/install/tier4_control_msgs/lib:/autoware/install/autoware_auto_planning_msgs/lib:/autoware/install/autoware_auto_perception_msgs/lib:/autoware/install/tier4_debug_msgs/lib:/autoware/install/autoware_common_msgs/lib:/autoware/install/autoware_auto_mapping_msgs/lib:/autoware/install/autoware_auto_geometry_msgs/lib:/autoware/install/autoware_auto_control_msgs/lib:${LD_LIBRARY_PATH} PYTHONPATH=/autoware/install/tier4_vehicle_msgs/local/lib/python3.10/dist-packages:/autoware/install/autoware_auto_vehicle_msgs/local/lib/python3.10/dist-packages:/autoware/install/tier4_control_msgs/local/lib/python3.10/dist-packages:/autoware/install/autoware_auto_planning_msgs/local/lib/python3.10/dist-packages:/autoware/install/autoware_auto_perception_msgs/local/lib/python3.10/dist-packages:/autoware/install/tier4_debug_msgs/local/lib/python3.10/dist-packages:/autoware/install/autoware_common_msgs/local/lib/python3.10/dist-packages:/autoware/install/autoware_auto_mapping_msgs/local/lib/python3.10/dist-packages:/autoware/install/autoware_auto_geometry_msgs/local/lib/python3.10/dist-packages:/autoware/install/autoware_auto_control_msgs/local/lib/python3.10/dist-packages:${PYTHONPATH} /usr/bin/cmake --build /autoware/build/raw_vehicle_cmd_converter -- -j64 -l64
[11.350s] Invoking command in '/autoware/build/raw_vehicle_cmd_converter': AMENT_PREFIX_PATH=/autoware/install/interpolation:/autoware/install/tier4_autoware_utils:/autoware/install/tier4_vehicle_msgs:/autoware/install/autoware_auto_vehicle_msgs:/autoware/install/tier4_control_msgs:/autoware/install/autoware_auto_planning_msgs:/autoware/install/autoware_auto_perception_msgs:/autoware/install/tier4_debug_msgs:/autoware/install/autoware_common_msgs:/autoware/install/autoware_cmake:/autoware/install/autoware_auto_mapping_msgs:/autoware/install/autoware_auto_geometry_msgs:/autoware/install/autoware_auto_control_msgs:/autoware/install/autoware_lint_common:/autoware/install/ament_cmake_auto:${AMENT_PREFIX_PATH} CMAKE_PREFIX_PATH=/autoware/install/interpolation:/autoware/install/tier4_autoware_utils:/autoware/install/tier4_vehicle_msgs:/autoware/install/autoware_auto_vehicle_msgs:/autoware/install/tier4_control_msgs:/autoware/install/autoware_auto_planning_msgs:/autoware/install/autoware_auto_perception_msgs:/autoware/install/tier4_debug_msgs:/autoware/install/autoware_common_msgs:/autoware/install/autoware_cmake:/autoware/install/autoware_auto_mapping_msgs:/autoware/install/autoware_auto_geometry_msgs:/autoware/install/autoware_auto_control_msgs:/autoware/install/autoware_lint_common:/autoware/install/ament_cmake_auto:/opt/ros/humble LD_LIBRARY_PATH=/autoware/install/interpolation/lib:/autoware/install/tier4_autoware_utils/lib:/autoware/install/tier4_vehicle_msgs/lib:/autoware/install/autoware_auto_vehicle_msgs/lib:/autoware/install/tier4_control_msgs/lib:/autoware/install/autoware_auto_planning_msgs/lib:/autoware/install/autoware_auto_perception_msgs/lib:/autoware/install/tier4_debug_msgs/lib:/autoware/install/autoware_common_msgs/lib:/autoware/install/autoware_auto_mapping_msgs/lib:/autoware/install/autoware_auto_geometry_msgs/lib:/autoware/install/autoware_auto_control_msgs/lib:${LD_LIBRARY_PATH} PYTHONPATH=/autoware/install/tier4_vehicle_msgs/local/lib/python3.10/dist-packages:/autoware/install/autoware_auto_vehicle_msgs/local/lib/python3.10/dist-packages:/autoware/install/tier4_control_msgs/local/lib/python3.10/dist-packages:/autoware/install/autoware_auto_planning_msgs/local/lib/python3.10/dist-packages:/autoware/install/autoware_auto_perception_msgs/local/lib/python3.10/dist-packages:/autoware/install/tier4_debug_msgs/local/lib/python3.10/dist-packages:/autoware/install/autoware_common_msgs/local/lib/python3.10/dist-packages:/autoware/install/autoware_auto_mapping_msgs/local/lib/python3.10/dist-packages:/autoware/install/autoware_auto_geometry_msgs/local/lib/python3.10/dist-packages:/autoware/install/autoware_auto_control_msgs/local/lib/python3.10/dist-packages:${PYTHONPATH} /usr/bin/cmake --install /autoware/build/raw_vehicle_cmd_converter
[11.362s] -- Install configuration: "Release"
[11.362s] -- Execute custom install script
[11.363s] -- Up-to-date symlink: /autoware/install/raw_vehicle_cmd_converter/lib/raw_vehicle_cmd_converter/raw_vehicle_cmd_converter_node
[11.364s] -- Up-to-date symlink: /autoware/install/raw_vehicle_cmd_converter/include/raw_vehicle_cmd_converter/accel_map.hpp
[11.364s] -- Up-to-date symlink: /autoware/install/raw_vehicle_cmd_converter/include/raw_vehicle_cmd_converter/brake_map.hpp
[11.364s] -- Up-to-date symlink: /autoware/install/raw_vehicle_cmd_converter/include/raw_vehicle_cmd_converter/csv_loader.hpp
[11.365s] -- Up-to-date symlink: /autoware/install/raw_vehicle_cmd_converter/include/raw_vehicle_cmd_converter/node.hpp
[11.365s] -- Up-to-date symlink: /autoware/install/raw_vehicle_cmd_converter/include/raw_vehicle_cmd_converter/pid.hpp
[11.365s] -- Up-to-date symlink: /autoware/install/raw_vehicle_cmd_converter/include/raw_vehicle_cmd_converter/steer_map.hpp
[11.365s] -- Up-to-date symlink: /autoware/install/raw_vehicle_cmd_converter/share/raw_vehicle_cmd_converter/environment/library_path.sh
[11.365s] -- Up-to-date symlink: /autoware/install/raw_vehicle_cmd_converter/share/raw_vehicle_cmd_converter/environment/library_path.dsv
[11.366s] -- Up-to-date symlink: /autoware/install/raw_vehicle_cmd_converter/lib/libactuation_map_converter.so
[11.366s] -- Up-to-date symlink: /autoware/install/raw_vehicle_cmd_converter/lib/libraw_vehicle_cmd_converter_node_component.so
[11.366s] -- Up-to-date symlink: /autoware/install/raw_vehicle_cmd_converter/share/raw_vehicle_cmd_converter/config/converter.param.yaml
[11.367s] -- Up-to-date symlink: /autoware/install/raw_vehicle_cmd_converter/share/raw_vehicle_cmd_converter/data/default/accel_map.csv
[11.367s] -- Up-to-date symlink: /autoware/install/raw_vehicle_cmd_converter/share/raw_vehicle_cmd_converter/data/default/brake_map.csv
[11.367s] -- Up-to-date symlink: /autoware/install/raw_vehicle_cmd_converter/share/raw_vehicle_cmd_converter/data/default/steer_map.csv
[11.368s] -- Up-to-date symlink: /autoware/install/raw_vehicle_cmd_converter/share/raw_vehicle_cmd_converter/launch/raw_vehicle_converter.launch.xml
[11.368s] -- Up-to-date symlink: /autoware/install/raw_vehicle_cmd_converter/share/raw_vehicle_cmd_converter/test/map_data/test_1col_map.csv
[11.369s] -- Up-to-date symlink: /autoware/install/raw_vehicle_cmd_converter/share/raw_vehicle_cmd_converter/test/map_data/test_accel_map.csv
[11.369s] -- Up-to-date symlink: /autoware/install/raw_vehicle_cmd_converter/share/raw_vehicle_cmd_converter/test/map_data/test_brake_map.csv
[11.369s] -- Up-to-date symlink: /autoware/install/raw_vehicle_cmd_converter/share/raw_vehicle_cmd_converter/test/map_data/test_inconsistent_rows_map.csv
[11.369s] -- Up-to-date symlink: /autoware/install/raw_vehicle_cmd_converter/share/raw_vehicle_cmd_converter/test/map_data/test_not_interpolatable.csv
[11.369s] -- Up-to-date symlink: /autoware/install/raw_vehicle_cmd_converter/share/raw_vehicle_cmd_converter/test/map_data/test_steer_map.csv
[11.370s] -- Up-to-date symlink: /autoware/install/raw_vehicle_cmd_converter/share/raw_vehicle_cmd_converter/test/test_raw_vehicle_cmd_converter.cpp
[11.370s] -- Up-to-date symlink: /autoware/install/raw_vehicle_cmd_converter/share/ament_index/resource_index/package_run_dependencies/raw_vehicle_cmd_converter
[11.370s] -- Up-to-date symlink: /autoware/install/raw_vehicle_cmd_converter/share/ament_index/resource_index/parent_prefix_path/raw_vehicle_cmd_converter
[11.370s] -- Up-to-date symlink: /autoware/install/raw_vehicle_cmd_converter/share/raw_vehicle_cmd_converter/environment/ament_prefix_path.sh
[11.370s] -- Up-to-date symlink: /autoware/install/raw_vehicle_cmd_converter/share/raw_vehicle_cmd_converter/environment/ament_prefix_path.dsv
[11.371s] -- Up-to-date symlink: /autoware/install/raw_vehicle_cmd_converter/share/raw_vehicle_cmd_converter/environment/path.sh
[11.371s] -- Up-to-date symlink: /autoware/install/raw_vehicle_cmd_converter/share/raw_vehicle_cmd_converter/environment/path.dsv
[11.371s] -- Up-to-date symlink: /autoware/install/raw_vehicle_cmd_converter/share/raw_vehicle_cmd_converter/local_setup.bash
[11.371s] -- Up-to-date symlink: /autoware/install/raw_vehicle_cmd_converter/share/raw_vehicle_cmd_converter/local_setup.sh
[11.371s] -- Up-to-date symlink: /autoware/install/raw_vehicle_cmd_converter/share/raw_vehicle_cmd_converter/local_setup.zsh
[11.372s] -- Up-to-date symlink: /autoware/install/raw_vehicle_cmd_converter/share/raw_vehicle_cmd_converter/local_setup.dsv
[11.372s] -- Symlinking: /autoware/install/raw_vehicle_cmd_converter/share/raw_vehicle_cmd_converter/package.dsv
[11.383s] -- Up-to-date symlink: /autoware/install/raw_vehicle_cmd_converter/share/ament_index/resource_index/packages/raw_vehicle_cmd_converter
[11.383s] -- Up-to-date symlink: /autoware/install/raw_vehicle_cmd_converter/share/ament_index/resource_index/rclcpp_components/raw_vehicle_cmd_converter
[11.384s] -- Up-to-date symlink: /autoware/install/raw_vehicle_cmd_converter/share/raw_vehicle_cmd_converter/cmake/ament_cmake_export_dependencies-extras.cmake
[11.384s] -- Up-to-date symlink: /autoware/install/raw_vehicle_cmd_converter/share/raw_vehicle_cmd_converter/cmake/ament_cmake_export_include_directories-extras.cmake
[11.384s] -- Up-to-date symlink: /autoware/install/raw_vehicle_cmd_converter/share/raw_vehicle_cmd_converter/cmake/ament_cmake_export_libraries-extras.cmake
[11.384s] -- Up-to-date symlink: /autoware/install/raw_vehicle_cmd_converter/share/raw_vehicle_cmd_converter/cmake/raw_vehicle_cmd_converterConfig.cmake
[11.385s] -- Up-to-date symlink: /autoware/install/raw_vehicle_cmd_converter/share/raw_vehicle_cmd_converter/cmake/raw_vehicle_cmd_converterConfig-version.cmake
[11.385s] -- Up-to-date symlink: /autoware/install/raw_vehicle_cmd_converter/share/raw_vehicle_cmd_converter/package.xml
[11.385s] -- Up-to-date symlink: /autoware/install/raw_vehicle_cmd_converter/lib/raw_vehicle_cmd_converter/plot_accel_brake_map.py
[11.396s] Invoked command in '/autoware/build/raw_vehicle_cmd_converter' returned '0': AMENT_PREFIX_PATH=/autoware/install/interpolation:/autoware/install/tier4_autoware_utils:/autoware/install/tier4_vehicle_msgs:/autoware/install/autoware_auto_vehicle_msgs:/autoware/install/tier4_control_msgs:/autoware/install/autoware_auto_planning_msgs:/autoware/install/autoware_auto_perception_msgs:/autoware/install/tier4_debug_msgs:/autoware/install/autoware_common_msgs:/autoware/install/autoware_cmake:/autoware/install/autoware_auto_mapping_msgs:/autoware/install/autoware_auto_geometry_msgs:/autoware/install/autoware_auto_control_msgs:/autoware/install/autoware_lint_common:/autoware/install/ament_cmake_auto:${AMENT_PREFIX_PATH} CMAKE_PREFIX_PATH=/autoware/install/interpolation:/autoware/install/tier4_autoware_utils:/autoware/install/tier4_vehicle_msgs:/autoware/install/autoware_auto_vehicle_msgs:/autoware/install/tier4_control_msgs:/autoware/install/autoware_auto_planning_msgs:/autoware/install/autoware_auto_perception_msgs:/autoware/install/tier4_debug_msgs:/autoware/install/autoware_common_msgs:/autoware/install/autoware_cmake:/autoware/install/autoware_auto_mapping_msgs:/autoware/install/autoware_auto_geometry_msgs:/autoware/install/autoware_auto_control_msgs:/autoware/install/autoware_lint_common:/autoware/install/ament_cmake_auto:/opt/ros/humble LD_LIBRARY_PATH=/autoware/install/interpolation/lib:/autoware/install/tier4_autoware_utils/lib:/autoware/install/tier4_vehicle_msgs/lib:/autoware/install/autoware_auto_vehicle_msgs/lib:/autoware/install/tier4_control_msgs/lib:/autoware/install/autoware_auto_planning_msgs/lib:/autoware/install/autoware_auto_perception_msgs/lib:/autoware/install/tier4_debug_msgs/lib:/autoware/install/autoware_common_msgs/lib:/autoware/install/autoware_auto_mapping_msgs/lib:/autoware/install/autoware_auto_geometry_msgs/lib:/autoware/install/autoware_auto_control_msgs/lib:${LD_LIBRARY_PATH} PYTHONPATH=/autoware/install/tier4_vehicle_msgs/local/lib/python3.10/dist-packages:/autoware/install/autoware_auto_vehicle_msgs/local/lib/python3.10/dist-packages:/autoware/install/tier4_control_msgs/local/lib/python3.10/dist-packages:/autoware/install/autoware_auto_planning_msgs/local/lib/python3.10/dist-packages:/autoware/install/autoware_auto_perception_msgs/local/lib/python3.10/dist-packages:/autoware/install/tier4_debug_msgs/local/lib/python3.10/dist-packages:/autoware/install/autoware_common_msgs/local/lib/python3.10/dist-packages:/autoware/install/autoware_auto_mapping_msgs/local/lib/python3.10/dist-packages:/autoware/install/autoware_auto_geometry_msgs/local/lib/python3.10/dist-packages:/autoware/install/autoware_auto_control_msgs/local/lib/python3.10/dist-packages:${PYTHONPATH} /usr/bin/cmake --install /autoware/build/raw_vehicle_cmd_converter
