-- The C compiler identification is GNU 11.3.0
-- The CXX compiler identification is GNU 11.3.0
-- Detecting C compiler ABI info
-- Detecting C compiler ABI info - done
-- Check for working C compiler: /usr/bin/cc - skipped
-- Detecting C compile features
-- Detecting C compile features - done
-- Detecting CXX compiler ABI info
-- Detecting CXX compiler ABI info - done
-- Check for working CXX compiler: /usr/bin/c++ - skipped
-- Detecting CXX compile features
-- Detecting CXX compile features - done
-- Found ament_cmake_auto: 1.3.2 (/opt/ros/humble/share/ament_cmake_auto/cmake)
-- Found Python3: /usr/bin/python3.10 (found version "3.10.6") found components: Interpreter 
-- Override CMake install command with custom implementation using symlinks instead of copying resources
-- Found rosidl_generator_c: 3.1.3 (/opt/ros/humble/share/rosidl_generator_c/cmake)
-- Found rosidl_adapter: 3.1.3 (/opt/ros/humble/share/rosidl_adapter/cmake)
-- Found rosidl_generator_cpp: 3.1.3 (/opt/ros/humble/share/rosidl_generator_cpp/cmake)
-- Using all available rosidl_typesupport_c: rosidl_typesupport_fastrtps_c;rosidl_typesupport_introspection_c
-- Using all available rosidl_typesupport_cpp: rosidl_typesupport_fastrtps_cpp;rosidl_typesupport_introspection_cpp
-- Found ament_cmake_ros: 0.10.0 (/opt/ros/humble/share/ament_cmake_ros/cmake)
-- Using all available rosidl_typesupport_c: rosidl_typesupport_fastrtps_c;rosidl_typesupport_introspection_c
-- Using all available rosidl_typesupport_cpp: rosidl_typesupport_fastrtps_cpp;rosidl_typesupport_introspection_cpp
-- Found PythonInterp: /usr/bin/python3 (found suitable version "3.10.6", minimum required is "3.6") 
-- Found python_cmake_module: 0.10.0 (/opt/ros/humble/share/python_cmake_module/cmake)
-- Found PythonLibs: /usr/lib/x86_64-linux-gnu/libpython3.10.so (found suitable version "3.10.6", minimum required is "3.5") 
-- Using PYTHON_EXECUTABLE: /usr/bin/python3
-- Using PYTHON_INCLUDE_DIRS: /usr/include/python3.10
-- Using PYTHON_LIBRARIES: /usr/lib/x86_64-linux-gnu/libpython3.10.so
-- Found PythonExtra: .so  
-- Configuring done
-- Generating done
-- Build files have been written to: /autoware/build/autoware_perception_msgs
[  1%] Generating C code for ROS interfaces
[  3%] Generating C++ code for ROS interfaces
[  3%] Built target ament_cmake_python_symlink_autoware_perception_msgs
running egg_info
creating autoware_perception_msgs.egg-info
writing autoware_perception_msgs.egg-info/PKG-INFO
writing dependency_links to autoware_perception_msgs.egg-info/dependency_links.txt
writing top-level names to autoware_perception_msgs.egg-info/top_level.txt
writing manifest file 'autoware_perception_msgs.egg-info/SOURCES.txt'
reading manifest file 'autoware_perception_msgs.egg-info/SOURCES.txt'
writing manifest file 'autoware_perception_msgs.egg-info/SOURCES.txt'
[  3%] Built target ament_cmake_python_build_autoware_perception_msgs_egg
[  4%] Building C object CMakeFiles/autoware_perception_msgs__rosidl_generator_c.dir/rosidl_generator_c/autoware_perception_msgs/msg/detail/traffic_light__functions.c.o
[  6%] Building C object CMakeFiles/autoware_perception_msgs__rosidl_generator_c.dir/rosidl_generator_c/autoware_perception_msgs/msg/detail/traffic_signal__functions.c.o
[  7%] Building C object CMakeFiles/autoware_perception_msgs__rosidl_generator_c.dir/rosidl_generator_c/autoware_perception_msgs/msg/detail/traffic_light_array__functions.c.o
[  9%] Building C object CMakeFiles/autoware_perception_msgs__rosidl_generator_c.dir/rosidl_generator_c/autoware_perception_msgs/msg/detail/traffic_light_element__functions.c.o
[ 11%] Building C object CMakeFiles/autoware_perception_msgs__rosidl_generator_c.dir/rosidl_generator_c/autoware_perception_msgs/msg/detail/traffic_signal_array__functions.c.o
[ 12%] Linking C shared library libautoware_perception_msgs__rosidl_generator_c.so
[ 12%] Built target autoware_perception_msgs__rosidl_generator_c
[ 14%] Generating C introspection for ROS interfaces
[ 15%] Generating C type support dispatch for ROS interfaces
[ 17%] Generating C type support for eProsima Fast-RTPS
[ 17%] Built target autoware_perception_msgs__cpp
[ 19%] Generating C++ type support dispatch for ROS interfaces
[ 20%] Generating C++ introspection for ROS interfaces
[ 22%] Generating C++ type support for eProsima Fast-RTPS
[ 23%] Building CXX object CMakeFiles/autoware_perception_msgs__rosidl_typesupport_c.dir/rosidl_typesupport_c/autoware_perception_msgs/msg/traffic_light_array__type_support.cpp.o
[ 25%] Building CXX object CMakeFiles/autoware_perception_msgs__rosidl_typesupport_c.dir/rosidl_typesupport_c/autoware_perception_msgs/msg/traffic_light_element__type_support.cpp.o
[ 26%] Building CXX object CMakeFiles/autoware_perception_msgs__rosidl_typesupport_c.dir/rosidl_typesupport_c/autoware_perception_msgs/msg/traffic_signal_array__type_support.cpp.o
[ 28%] Building CXX object CMakeFiles/autoware_perception_msgs__rosidl_typesupport_c.dir/rosidl_typesupport_c/autoware_perception_msgs/msg/traffic_light__type_support.cpp.o
[ 30%] Building CXX object CMakeFiles/autoware_perception_msgs__rosidl_typesupport_c.dir/rosidl_typesupport_c/autoware_perception_msgs/msg/traffic_signal__type_support.cpp.o
[ 31%] Linking CXX shared library libautoware_perception_msgs__rosidl_typesupport_c.so
[ 31%] Built target autoware_perception_msgs__rosidl_typesupport_c
[ 33%] Building C object CMakeFiles/autoware_perception_msgs__rosidl_typesupport_introspection_c.dir/rosidl_typesupport_introspection_c/autoware_perception_msgs/msg/detail/traffic_light_element__type_support.c.o
[ 36%] Building C object CMakeFiles/autoware_perception_msgs__rosidl_typesupport_introspection_c.dir/rosidl_typesupport_introspection_c/autoware_perception_msgs/msg/detail/traffic_light_array__type_support.c.o
[ 36%] Building C object CMakeFiles/autoware_perception_msgs__rosidl_typesupport_introspection_c.dir/rosidl_typesupport_introspection_c/autoware_perception_msgs/msg/detail/traffic_light__type_support.c.o
[ 38%] Building C object CMakeFiles/autoware_perception_msgs__rosidl_typesupport_introspection_c.dir/rosidl_typesupport_introspection_c/autoware_perception_msgs/msg/detail/traffic_signal__type_support.c.o
[ 39%] Building C object CMakeFiles/autoware_perception_msgs__rosidl_typesupport_introspection_c.dir/rosidl_typesupport_introspection_c/autoware_perception_msgs/msg/detail/traffic_signal_array__type_support.c.o
[ 41%] Linking C shared library libautoware_perception_msgs__rosidl_typesupport_introspection_c.so
[ 42%] Building CXX object CMakeFiles/autoware_perception_msgs__rosidl_typesupport_cpp.dir/rosidl_typesupport_cpp/autoware_perception_msgs/msg/traffic_light_element__type_support.cpp.o
[ 44%] Building CXX object CMakeFiles/autoware_perception_msgs__rosidl_typesupport_cpp.dir/rosidl_typesupport_cpp/autoware_perception_msgs/msg/traffic_light_array__type_support.cpp.o
[ 46%] Building CXX object CMakeFiles/autoware_perception_msgs__rosidl_typesupport_cpp.dir/rosidl_typesupport_cpp/autoware_perception_msgs/msg/traffic_light__type_support.cpp.o
[ 47%] Building CXX object CMakeFiles/autoware_perception_msgs__rosidl_typesupport_cpp.dir/rosidl_typesupport_cpp/autoware_perception_msgs/msg/traffic_signal_array__type_support.cpp.o
[ 49%] Building CXX object CMakeFiles/autoware_perception_msgs__rosidl_typesupport_cpp.dir/rosidl_typesupport_cpp/autoware_perception_msgs/msg/traffic_signal__type_support.cpp.o
[ 49%] Built target autoware_perception_msgs__rosidl_typesupport_introspection_c
[ 52%] Building CXX object CMakeFiles/autoware_perception_msgs__rosidl_typesupport_fastrtps_c.dir/rosidl_typesupport_fastrtps_c/autoware_perception_msgs/msg/detail/traffic_signal_array__type_support_c.cpp.o
[ 52%] Building CXX object CMakeFiles/autoware_perception_msgs__rosidl_typesupport_fastrtps_c.dir/rosidl_typesupport_fastrtps_c/autoware_perception_msgs/msg/detail/traffic_light_element__type_support_c.cpp.o
[ 55%] Building CXX object CMakeFiles/autoware_perception_msgs__rosidl_typesupport_fastrtps_c.dir/rosidl_typesupport_fastrtps_c/autoware_perception_msgs/msg/detail/traffic_light_array__type_support_c.cpp.o
[ 55%] Building CXX object CMakeFiles/autoware_perception_msgs__rosidl_typesupport_fastrtps_c.dir/rosidl_typesupport_fastrtps_c/autoware_perception_msgs/msg/detail/traffic_light__type_support_c.cpp.o
[ 57%] Building CXX object CMakeFiles/autoware_perception_msgs__rosidl_typesupport_fastrtps_c.dir/rosidl_typesupport_fastrtps_c/autoware_perception_msgs/msg/detail/traffic_signal__type_support_c.cpp.o
[ 58%] Building CXX object CMakeFiles/autoware_perception_msgs__rosidl_typesupport_introspection_cpp.dir/rosidl_typesupport_introspection_cpp/autoware_perception_msgs/msg/detail/traffic_light__type_support.cpp.o
[ 60%] Building CXX object CMakeFiles/autoware_perception_msgs__rosidl_typesupport_introspection_cpp.dir/rosidl_typesupport_introspection_cpp/autoware_perception_msgs/msg/detail/traffic_signal__type_support.cpp.o
[ 61%] Building CXX object CMakeFiles/autoware_perception_msgs__rosidl_typesupport_introspection_cpp.dir/rosidl_typesupport_introspection_cpp/autoware_perception_msgs/msg/detail/traffic_light_element__type_support.cpp.o
[ 63%] Building CXX object CMakeFiles/autoware_perception_msgs__rosidl_typesupport_introspection_cpp.dir/rosidl_typesupport_introspection_cpp/autoware_perception_msgs/msg/detail/traffic_signal_array__type_support.cpp.o
[ 65%] Building CXX object CMakeFiles/autoware_perception_msgs__rosidl_typesupport_introspection_cpp.dir/rosidl_typesupport_introspection_cpp/autoware_perception_msgs/msg/detail/traffic_light_array__type_support.cpp.o
[ 66%] Building CXX object CMakeFiles/autoware_perception_msgs__rosidl_typesupport_fastrtps_cpp.dir/rosidl_typesupport_fastrtps_cpp/autoware_perception_msgs/msg/detail/dds_fastrtps/traffic_light__type_support.cpp.o
[ 68%] Building CXX object CMakeFiles/autoware_perception_msgs__rosidl_typesupport_fastrtps_cpp.dir/rosidl_typesupport_fastrtps_cpp/autoware_perception_msgs/msg/detail/dds_fastrtps/traffic_signal_array__type_support.cpp.o
[ 69%] Building CXX object CMakeFiles/autoware_perception_msgs__rosidl_typesupport_fastrtps_cpp.dir/rosidl_typesupport_fastrtps_cpp/autoware_perception_msgs/msg/detail/dds_fastrtps/traffic_light_array__type_support.cpp.o
[ 71%] Building CXX object CMakeFiles/autoware_perception_msgs__rosidl_typesupport_fastrtps_cpp.dir/rosidl_typesupport_fastrtps_cpp/autoware_perception_msgs/msg/detail/dds_fastrtps/traffic_signal__type_support.cpp.o
[ 73%] Building CXX object CMakeFiles/autoware_perception_msgs__rosidl_typesupport_fastrtps_cpp.dir/rosidl_typesupport_fastrtps_cpp/autoware_perception_msgs/msg/detail/dds_fastrtps/traffic_light_element__type_support.cpp.o
[ 74%] Linking CXX shared library libautoware_perception_msgs__rosidl_typesupport_cpp.so
[ 74%] Built target autoware_perception_msgs__rosidl_typesupport_cpp
[ 76%] Linking CXX shared library libautoware_perception_msgs__rosidl_typesupport_fastrtps_c.so
[ 76%] Built target autoware_perception_msgs__rosidl_typesupport_fastrtps_c
[ 77%] Linking CXX shared library libautoware_perception_msgs__rosidl_typesupport_introspection_cpp.so
[ 79%] Linking CXX shared library libautoware_perception_msgs__rosidl_typesupport_fastrtps_cpp.so
[ 79%] Built target autoware_perception_msgs__rosidl_typesupport_introspection_cpp
[ 79%] Built target autoware_perception_msgs__rosidl_typesupport_fastrtps_cpp
[ 79%] Built target autoware_perception_msgs
[ 80%] Generating Python code for ROS interfaces
[ 80%] Built target autoware_perception_msgs__py
[ 85%] Building C object CMakeFiles/autoware_perception_msgs__rosidl_generator_py.dir/rosidl_generator_py/autoware_perception_msgs/msg/_traffic_light_array_s.c.o
[ 85%] Building C object CMakeFiles/autoware_perception_msgs__rosidl_generator_py.dir/rosidl_generator_py/autoware_perception_msgs/msg/_traffic_light_s.c.o
[ 85%] Building C object CMakeFiles/autoware_perception_msgs__rosidl_generator_py.dir/rosidl_generator_py/autoware_perception_msgs/msg/_traffic_signal_s.c.o
[ 87%] Building C object CMakeFiles/autoware_perception_msgs__rosidl_generator_py.dir/rosidl_generator_py/autoware_perception_msgs/msg/_traffic_light_element_s.c.o
[ 88%] Building C object CMakeFiles/autoware_perception_msgs__rosidl_generator_py.dir/rosidl_generator_py/autoware_perception_msgs/msg/_traffic_signal_array_s.c.o
[ 90%] Linking C shared library rosidl_generator_py/autoware_perception_msgs/libautoware_perception_msgs__rosidl_generator_py.so
[ 90%] Built target autoware_perception_msgs__rosidl_generator_py
[ 92%] Building C object CMakeFiles/autoware_perception_msgs__rosidl_typesupport_introspection_c__pyext.dir/rosidl_generator_py/autoware_perception_msgs/_autoware_perception_msgs_s.ep.rosidl_typesupport_introspection_c.c.o
[ 93%] Building C object CMakeFiles/autoware_perception_msgs__rosidl_typesupport_fastrtps_c__pyext.dir/rosidl_generator_py/autoware_perception_msgs/_autoware_perception_msgs_s.ep.rosidl_typesupport_fastrtps_c.c.o
[ 95%] Building C object CMakeFiles/autoware_perception_msgs__rosidl_typesupport_c__pyext.dir/rosidl_generator_py/autoware_perception_msgs/_autoware_perception_msgs_s.ep.rosidl_typesupport_c.c.o
[ 96%] Linking C shared library rosidl_generator_py/autoware_perception_msgs/autoware_perception_msgs_s__rosidl_typesupport_introspection_c.cpython-310-x86_64-linux-gnu.so
[ 98%] Linking C shared library rosidl_generator_py/autoware_perception_msgs/autoware_perception_msgs_s__rosidl_typesupport_fastrtps_c.cpython-310-x86_64-linux-gnu.so
[100%] Linking C shared library rosidl_generator_py/autoware_perception_msgs/autoware_perception_msgs_s__rosidl_typesupport_c.cpython-310-x86_64-linux-gnu.so
[100%] Built target autoware_perception_msgs__rosidl_typesupport_introspection_c__pyext
[100%] Built target autoware_perception_msgs__rosidl_typesupport_c__pyext
[100%] Built target autoware_perception_msgs__rosidl_typesupport_fastrtps_c__pyext
-- Install configuration: "Release"
-- Execute custom install script
-- Symlinking: /autoware/install/autoware_perception_msgs/share/ament_index/resource_index/rosidl_interfaces/autoware_perception_msgs
-- Symlinking: /autoware/install/autoware_perception_msgs/include/autoware_perception_msgs/autoware_perception_msgs/msg/detail/traffic_light__functions.h
-- Symlinking: /autoware/install/autoware_perception_msgs/include/autoware_perception_msgs/autoware_perception_msgs/msg/detail/traffic_light__struct.h
-- Symlinking: /autoware/install/autoware_perception_msgs/include/autoware_perception_msgs/autoware_perception_msgs/msg/detail/traffic_light__type_support.h
-- Symlinking: /autoware/install/autoware_perception_msgs/include/autoware_perception_msgs/autoware_perception_msgs/msg/detail/traffic_light_array__functions.h
-- Symlinking: /autoware/install/autoware_perception_msgs/include/autoware_perception_msgs/autoware_perception_msgs/msg/detail/traffic_light_array__struct.h
-- Symlinking: /autoware/install/autoware_perception_msgs/include/autoware_perception_msgs/autoware_perception_msgs/msg/detail/traffic_light_array__type_support.h
-- Symlinking: /autoware/install/autoware_perception_msgs/include/autoware_perception_msgs/autoware_perception_msgs/msg/detail/traffic_light_element__functions.h
-- Symlinking: /autoware/install/autoware_perception_msgs/include/autoware_perception_msgs/autoware_perception_msgs/msg/detail/traffic_light_element__struct.h
-- Symlinking: /autoware/install/autoware_perception_msgs/include/autoware_perception_msgs/autoware_perception_msgs/msg/detail/traffic_light_element__type_support.h
-- Symlinking: /autoware/install/autoware_perception_msgs/include/autoware_perception_msgs/autoware_perception_msgs/msg/detail/traffic_signal__functions.h
-- Symlinking: /autoware/install/autoware_perception_msgs/include/autoware_perception_msgs/autoware_perception_msgs/msg/detail/traffic_signal__struct.h
-- Symlinking: /autoware/install/autoware_perception_msgs/include/autoware_perception_msgs/autoware_perception_msgs/msg/detail/traffic_signal__type_support.h
-- Symlinking: /autoware/install/autoware_perception_msgs/include/autoware_perception_msgs/autoware_perception_msgs/msg/detail/traffic_signal_array__functions.h
-- Symlinking: /autoware/install/autoware_perception_msgs/include/autoware_perception_msgs/autoware_perception_msgs/msg/detail/traffic_signal_array__struct.h
-- Symlinking: /autoware/install/autoware_perception_msgs/include/autoware_perception_msgs/autoware_perception_msgs/msg/detail/traffic_signal_array__type_support.h
-- Symlinking: /autoware/install/autoware_perception_msgs/include/autoware_perception_msgs/autoware_perception_msgs/msg/rosidl_generator_c__visibility_control.h
-- Symlinking: /autoware/install/autoware_perception_msgs/include/autoware_perception_msgs/autoware_perception_msgs/msg/traffic_light.h
-- Symlinking: /autoware/install/autoware_perception_msgs/include/autoware_perception_msgs/autoware_perception_msgs/msg/traffic_light_array.h
-- Symlinking: /autoware/install/autoware_perception_msgs/include/autoware_perception_msgs/autoware_perception_msgs/msg/traffic_light_element.h
-- Symlinking: /autoware/install/autoware_perception_msgs/include/autoware_perception_msgs/autoware_perception_msgs/msg/traffic_signal.h
-- Symlinking: /autoware/install/autoware_perception_msgs/include/autoware_perception_msgs/autoware_perception_msgs/msg/traffic_signal_array.h
-- Symlinking: /autoware/install/autoware_perception_msgs/share/autoware_perception_msgs/environment/library_path.sh
-- Symlinking: /autoware/install/autoware_perception_msgs/share/autoware_perception_msgs/environment/library_path.dsv
-- Symlinking: /autoware/install/autoware_perception_msgs/include/autoware_perception_msgs/autoware_perception_msgs/msg/detail/traffic_light__rosidl_typesupport_fastrtps_c.h
-- Symlinking: /autoware/install/autoware_perception_msgs/include/autoware_perception_msgs/autoware_perception_msgs/msg/detail/traffic_light_array__rosidl_typesupport_fastrtps_c.h
-- Symlinking: /autoware/install/autoware_perception_msgs/include/autoware_perception_msgs/autoware_perception_msgs/msg/detail/traffic_light_element__rosidl_typesupport_fastrtps_c.h
-- Symlinking: /autoware/install/autoware_perception_msgs/include/autoware_perception_msgs/autoware_perception_msgs/msg/detail/traffic_signal__rosidl_typesupport_fastrtps_c.h
-- Symlinking: /autoware/install/autoware_perception_msgs/include/autoware_perception_msgs/autoware_perception_msgs/msg/detail/traffic_signal_array__rosidl_typesupport_fastrtps_c.h
-- Symlinking: /autoware/install/autoware_perception_msgs/include/autoware_perception_msgs/autoware_perception_msgs/msg/rosidl_typesupport_fastrtps_c__visibility_control.h
-- Symlinking: /autoware/install/autoware_perception_msgs/include/autoware_perception_msgs/autoware_perception_msgs/msg/detail/traffic_light__builder.hpp
-- Symlinking: /autoware/install/autoware_perception_msgs/include/autoware_perception_msgs/autoware_perception_msgs/msg/detail/traffic_light__struct.hpp
-- Symlinking: /autoware/install/autoware_perception_msgs/include/autoware_perception_msgs/autoware_perception_msgs/msg/detail/traffic_light__traits.hpp
-- Symlinking: /autoware/install/autoware_perception_msgs/include/autoware_perception_msgs/autoware_perception_msgs/msg/detail/traffic_light_array__builder.hpp
-- Symlinking: /autoware/install/autoware_perception_msgs/include/autoware_perception_msgs/autoware_perception_msgs/msg/detail/traffic_light_array__struct.hpp
-- Symlinking: /autoware/install/autoware_perception_msgs/include/autoware_perception_msgs/autoware_perception_msgs/msg/detail/traffic_light_array__traits.hpp
-- Symlinking: /autoware/install/autoware_perception_msgs/include/autoware_perception_msgs/autoware_perception_msgs/msg/detail/traffic_light_element__builder.hpp
-- Symlinking: /autoware/install/autoware_perception_msgs/include/autoware_perception_msgs/autoware_perception_msgs/msg/detail/traffic_light_element__struct.hpp
-- Symlinking: /autoware/install/autoware_perception_msgs/include/autoware_perception_msgs/autoware_perception_msgs/msg/detail/traffic_light_element__traits.hpp
-- Symlinking: /autoware/install/autoware_perception_msgs/include/autoware_perception_msgs/autoware_perception_msgs/msg/detail/traffic_signal__builder.hpp
-- Symlinking: /autoware/install/autoware_perception_msgs/include/autoware_perception_msgs/autoware_perception_msgs/msg/detail/traffic_signal__struct.hpp
-- Symlinking: /autoware/install/autoware_perception_msgs/include/autoware_perception_msgs/autoware_perception_msgs/msg/detail/traffic_signal__traits.hpp
-- Symlinking: /autoware/install/autoware_perception_msgs/include/autoware_perception_msgs/autoware_perception_msgs/msg/detail/traffic_signal_array__builder.hpp
-- Symlinking: /autoware/install/autoware_perception_msgs/include/autoware_perception_msgs/autoware_perception_msgs/msg/detail/traffic_signal_array__struct.hpp
-- Symlinking: /autoware/install/autoware_perception_msgs/include/autoware_perception_msgs/autoware_perception_msgs/msg/detail/traffic_signal_array__traits.hpp
-- Symlinking: /autoware/install/autoware_perception_msgs/include/autoware_perception_msgs/autoware_perception_msgs/msg/traffic_light.hpp
-- Symlinking: /autoware/install/autoware_perception_msgs/include/autoware_perception_msgs/autoware_perception_msgs/msg/traffic_light_array.hpp
-- Symlinking: /autoware/install/autoware_perception_msgs/include/autoware_perception_msgs/autoware_perception_msgs/msg/traffic_light_element.hpp
-- Symlinking: /autoware/install/autoware_perception_msgs/include/autoware_perception_msgs/autoware_perception_msgs/msg/traffic_signal.hpp
-- Symlinking: /autoware/install/autoware_perception_msgs/include/autoware_perception_msgs/autoware_perception_msgs/msg/traffic_signal_array.hpp
-- Symlinking: /autoware/install/autoware_perception_msgs/include/autoware_perception_msgs/autoware_perception_msgs/msg/detail/traffic_light__rosidl_typesupport_fastrtps_cpp.hpp
-- Symlinking: /autoware/install/autoware_perception_msgs/include/autoware_perception_msgs/autoware_perception_msgs/msg/detail/traffic_light_array__rosidl_typesupport_fastrtps_cpp.hpp
-- Symlinking: /autoware/install/autoware_perception_msgs/include/autoware_perception_msgs/autoware_perception_msgs/msg/detail/traffic_light_element__rosidl_typesupport_fastrtps_cpp.hpp
-- Symlinking: /autoware/install/autoware_perception_msgs/include/autoware_perception_msgs/autoware_perception_msgs/msg/detail/traffic_signal__rosidl_typesupport_fastrtps_cpp.hpp
-- Symlinking: /autoware/install/autoware_perception_msgs/include/autoware_perception_msgs/autoware_perception_msgs/msg/detail/traffic_signal_array__rosidl_typesupport_fastrtps_cpp.hpp
-- Symlinking: /autoware/install/autoware_perception_msgs/include/autoware_perception_msgs/autoware_perception_msgs/msg/rosidl_typesupport_fastrtps_cpp__visibility_control.h
-- Symlinking: /autoware/install/autoware_perception_msgs/include/autoware_perception_msgs/autoware_perception_msgs/msg/detail/traffic_light__rosidl_typesupport_introspection_c.h
-- Symlinking: /autoware/install/autoware_perception_msgs/include/autoware_perception_msgs/autoware_perception_msgs/msg/detail/traffic_light_array__rosidl_typesupport_introspection_c.h
-- Symlinking: /autoware/install/autoware_perception_msgs/include/autoware_perception_msgs/autoware_perception_msgs/msg/detail/traffic_light_element__rosidl_typesupport_introspection_c.h
-- Symlinking: /autoware/install/autoware_perception_msgs/include/autoware_perception_msgs/autoware_perception_msgs/msg/detail/traffic_signal__rosidl_typesupport_introspection_c.h
-- Symlinking: /autoware/install/autoware_perception_msgs/include/autoware_perception_msgs/autoware_perception_msgs/msg/detail/traffic_signal_array__rosidl_typesupport_introspection_c.h
-- Symlinking: /autoware/install/autoware_perception_msgs/include/autoware_perception_msgs/autoware_perception_msgs/msg/rosidl_typesupport_introspection_c__visibility_control.h
-- Symlinking: /autoware/install/autoware_perception_msgs/include/autoware_perception_msgs/autoware_perception_msgs/msg/detail/traffic_light__rosidl_typesupport_introspection_cpp.hpp
-- Symlinking: /autoware/install/autoware_perception_msgs/include/autoware_perception_msgs/autoware_perception_msgs/msg/detail/traffic_light_array__rosidl_typesupport_introspection_cpp.hpp
-- Symlinking: /autoware/install/autoware_perception_msgs/include/autoware_perception_msgs/autoware_perception_msgs/msg/detail/traffic_light_element__rosidl_typesupport_introspection_cpp.hpp
-- Symlinking: /autoware/install/autoware_perception_msgs/include/autoware_perception_msgs/autoware_perception_msgs/msg/detail/traffic_signal__rosidl_typesupport_introspection_cpp.hpp
-- Symlinking: /autoware/install/autoware_perception_msgs/include/autoware_perception_msgs/autoware_perception_msgs/msg/detail/traffic_signal_array__rosidl_typesupport_introspection_cpp.hpp
-- Symlinking: /autoware/install/autoware_perception_msgs/share/autoware_perception_msgs/environment/pythonpath.sh
-- Symlinking: /autoware/install/autoware_perception_msgs/share/autoware_perception_msgs/environment/pythonpath.dsv
-- Symlinking: /autoware/install/autoware_perception_msgs/local/lib/python3.10/dist-packages/autoware_perception_msgs-1.0.0-py3.10.egg-info/PKG-INFO
-- Symlinking: /autoware/install/autoware_perception_msgs/local/lib/python3.10/dist-packages/autoware_perception_msgs-1.0.0-py3.10.egg-info/SOURCES.txt
-- Symlinking: /autoware/install/autoware_perception_msgs/local/lib/python3.10/dist-packages/autoware_perception_msgs-1.0.0-py3.10.egg-info/dependency_links.txt
-- Symlinking: /autoware/install/autoware_perception_msgs/local/lib/python3.10/dist-packages/autoware_perception_msgs-1.0.0-py3.10.egg-info/top_level.txt
-- Symlinking: /autoware/install/autoware_perception_msgs/local/lib/python3.10/dist-packages/autoware_perception_msgs/__init__.py
-- Symlinking: /autoware/install/autoware_perception_msgs/local/lib/python3.10/dist-packages/autoware_perception_msgs/_autoware_perception_msgs_s.ep.rosidl_typesupport_c.c
-- Symlinking: /autoware/install/autoware_perception_msgs/local/lib/python3.10/dist-packages/autoware_perception_msgs/_autoware_perception_msgs_s.ep.rosidl_typesupport_fastrtps_c.c
-- Symlinking: /autoware/install/autoware_perception_msgs/local/lib/python3.10/dist-packages/autoware_perception_msgs/_autoware_perception_msgs_s.ep.rosidl_typesupport_introspection_c.c
-- Symlinking: /autoware/install/autoware_perception_msgs/local/lib/python3.10/dist-packages/autoware_perception_msgs/autoware_perception_msgs_s__rosidl_typesupport_c.cpython-310-x86_64-linux-gnu.so
-- Symlinking: /autoware/install/autoware_perception_msgs/local/lib/python3.10/dist-packages/autoware_perception_msgs/autoware_perception_msgs_s__rosidl_typesupport_fastrtps_c.cpython-310-x86_64-linux-gnu.so
-- Symlinking: /autoware/install/autoware_perception_msgs/local/lib/python3.10/dist-packages/autoware_perception_msgs/autoware_perception_msgs_s__rosidl_typesupport_introspection_c.cpython-310-x86_64-linux-gnu.so
-- Symlinking: /autoware/install/autoware_perception_msgs/local/lib/python3.10/dist-packages/autoware_perception_msgs/libautoware_perception_msgs__rosidl_generator_py.so
-- Symlinking: /autoware/install/autoware_perception_msgs/local/lib/python3.10/dist-packages/autoware_perception_msgs/msg/__init__.py
-- Symlinking: /autoware/install/autoware_perception_msgs/local/lib/python3.10/dist-packages/autoware_perception_msgs/msg/_traffic_light.py
-- Symlinking: /autoware/install/autoware_perception_msgs/local/lib/python3.10/dist-packages/autoware_perception_msgs/msg/_traffic_light_array.py
-- Symlinking: /autoware/install/autoware_perception_msgs/local/lib/python3.10/dist-packages/autoware_perception_msgs/msg/_traffic_light_array_s.c
-- Symlinking: /autoware/install/autoware_perception_msgs/local/lib/python3.10/dist-packages/autoware_perception_msgs/msg/_traffic_light_element.py
-- Symlinking: /autoware/install/autoware_perception_msgs/local/lib/python3.10/dist-packages/autoware_perception_msgs/msg/_traffic_light_element_s.c
-- Symlinking: /autoware/install/autoware_perception_msgs/local/lib/python3.10/dist-packages/autoware_perception_msgs/msg/_traffic_light_s.c
-- Symlinking: /autoware/install/autoware_perception_msgs/local/lib/python3.10/dist-packages/autoware_perception_msgs/msg/_traffic_signal.py
-- Symlinking: /autoware/install/autoware_perception_msgs/local/lib/python3.10/dist-packages/autoware_perception_msgs/msg/_traffic_signal_array.py
-- Symlinking: /autoware/install/autoware_perception_msgs/local/lib/python3.10/dist-packages/autoware_perception_msgs/msg/_traffic_signal_array_s.c
-- Symlinking: /autoware/install/autoware_perception_msgs/local/lib/python3.10/dist-packages/autoware_perception_msgs/msg/_traffic_signal_s.c
-- Up-to-date symlink: /autoware/install/autoware_perception_msgs/local/lib/python3.10/dist-packages/autoware_perception_msgs/autoware_perception_msgs_s__rosidl_typesupport_fastrtps_c.cpython-310-x86_64-linux-gnu.so
-- Up-to-date symlink: /autoware/install/autoware_perception_msgs/local/lib/python3.10/dist-packages/autoware_perception_msgs/autoware_perception_msgs_s__rosidl_typesupport_introspection_c.cpython-310-x86_64-linux-gnu.so
-- Up-to-date symlink: /autoware/install/autoware_perception_msgs/local/lib/python3.10/dist-packages/autoware_perception_msgs/autoware_perception_msgs_s__rosidl_typesupport_c.cpython-310-x86_64-linux-gnu.so
-- Symlinking: /autoware/install/autoware_perception_msgs/share/autoware_perception_msgs/msg/TrafficLight.idl
-- Symlinking: /autoware/install/autoware_perception_msgs/share/autoware_perception_msgs/msg/TrafficLightArray.idl
-- Symlinking: /autoware/install/autoware_perception_msgs/share/autoware_perception_msgs/msg/TrafficLightElement.idl
-- Symlinking: /autoware/install/autoware_perception_msgs/share/autoware_perception_msgs/msg/TrafficSignal.idl
-- Symlinking: /autoware/install/autoware_perception_msgs/share/autoware_perception_msgs/msg/TrafficSignalArray.idl
-- Symlinking: /autoware/install/autoware_perception_msgs/share/autoware_perception_msgs/msg/TrafficLight.msg
-- Symlinking: /autoware/install/autoware_perception_msgs/share/autoware_perception_msgs/msg/TrafficLightArray.msg
-- Symlinking: /autoware/install/autoware_perception_msgs/share/autoware_perception_msgs/msg/TrafficLightElement.msg
-- Symlinking: /autoware/install/autoware_perception_msgs/share/autoware_perception_msgs/msg/TrafficSignal.msg
-- Symlinking: /autoware/install/autoware_perception_msgs/share/autoware_perception_msgs/msg/TrafficSignalArray.msg
-- Symlinking: /autoware/install/autoware_perception_msgs/share/ament_index/resource_index/package_run_dependencies/autoware_perception_msgs
-- Symlinking: /autoware/install/autoware_perception_msgs/share/ament_index/resource_index/parent_prefix_path/autoware_perception_msgs
-- Symlinking: /autoware/install/autoware_perception_msgs/share/autoware_perception_msgs/environment/ament_prefix_path.sh
-- Symlinking: /autoware/install/autoware_perception_msgs/share/autoware_perception_msgs/environment/ament_prefix_path.dsv
-- Symlinking: /autoware/install/autoware_perception_msgs/share/autoware_perception_msgs/environment/path.sh
-- Symlinking: /autoware/install/autoware_perception_msgs/share/autoware_perception_msgs/environment/path.dsv
-- Symlinking: /autoware/install/autoware_perception_msgs/share/autoware_perception_msgs/local_setup.bash
-- Symlinking: /autoware/install/autoware_perception_msgs/share/autoware_perception_msgs/local_setup.sh
-- Symlinking: /autoware/install/autoware_perception_msgs/share/autoware_perception_msgs/local_setup.zsh
-- Symlinking: /autoware/install/autoware_perception_msgs/share/autoware_perception_msgs/local_setup.dsv
-- Symlinking: /autoware/install/autoware_perception_msgs/share/autoware_perception_msgs/package.dsv
-- Symlinking: /autoware/install/autoware_perception_msgs/share/ament_index/resource_index/packages/autoware_perception_msgs
-- Symlinking: /autoware/install/autoware_perception_msgs/share/autoware_perception_msgs/cmake/rosidl_cmake-extras.cmake
-- Symlinking: /autoware/install/autoware_perception_msgs/share/autoware_perception_msgs/cmake/ament_cmake_export_dependencies-extras.cmake
-- Symlinking: /autoware/install/autoware_perception_msgs/share/autoware_perception_msgs/cmake/ament_cmake_export_include_directories-extras.cmake
-- Symlinking: /autoware/install/autoware_perception_msgs/share/autoware_perception_msgs/cmake/ament_cmake_export_libraries-extras.cmake
-- Symlinking: /autoware/install/autoware_perception_msgs/share/autoware_perception_msgs/cmake/ament_cmake_export_targets-extras.cmake
-- Symlinking: /autoware/install/autoware_perception_msgs/share/autoware_perception_msgs/cmake/rosidl_cmake_export_typesupport_targets-extras.cmake
-- Symlinking: /autoware/install/autoware_perception_msgs/share/autoware_perception_msgs/cmake/rosidl_cmake_export_typesupport_libraries-extras.cmake
-- Symlinking: /autoware/install/autoware_perception_msgs/share/autoware_perception_msgs/cmake/autoware_perception_msgsConfig.cmake
-- Symlinking: /autoware/install/autoware_perception_msgs/share/autoware_perception_msgs/cmake/autoware_perception_msgsConfig-version.cmake
-- Symlinking: /autoware/install/autoware_perception_msgs/share/autoware_perception_msgs/package.xml
-- Installing: /autoware/install/autoware_perception_msgs/lib/libautoware_perception_msgs__rosidl_generator_c.so
-- Set runtime path of "/autoware/install/autoware_perception_msgs/lib/libautoware_perception_msgs__rosidl_generator_c.so" to ""
-- Installing: /autoware/install/autoware_perception_msgs/lib/libautoware_perception_msgs__rosidl_typesupport_fastrtps_c.so
-- Set runtime path of "/autoware/install/autoware_perception_msgs/lib/libautoware_perception_msgs__rosidl_typesupport_fastrtps_c.so" to ""
-- Installing: /autoware/install/autoware_perception_msgs/lib/libautoware_perception_msgs__rosidl_typesupport_fastrtps_cpp.so
-- Set runtime path of "/autoware/install/autoware_perception_msgs/lib/libautoware_perception_msgs__rosidl_typesupport_fastrtps_cpp.so" to ""
-- Installing: /autoware/install/autoware_perception_msgs/lib/libautoware_perception_msgs__rosidl_typesupport_introspection_c.so
-- Set runtime path of "/autoware/install/autoware_perception_msgs/lib/libautoware_perception_msgs__rosidl_typesupport_introspection_c.so" to ""
-- Installing: /autoware/install/autoware_perception_msgs/lib/libautoware_perception_msgs__rosidl_typesupport_c.so
-- Set runtime path of "/autoware/install/autoware_perception_msgs/lib/libautoware_perception_msgs__rosidl_typesupport_c.so" to ""
-- Installing: /autoware/install/autoware_perception_msgs/lib/libautoware_perception_msgs__rosidl_typesupport_introspection_cpp.so
-- Set runtime path of "/autoware/install/autoware_perception_msgs/lib/libautoware_perception_msgs__rosidl_typesupport_introspection_cpp.so" to ""
-- Installing: /autoware/install/autoware_perception_msgs/lib/libautoware_perception_msgs__rosidl_typesupport_cpp.so
-- Set runtime path of "/autoware/install/autoware_perception_msgs/lib/libautoware_perception_msgs__rosidl_typesupport_cpp.so" to ""
Listing '/autoware/install/autoware_perception_msgs/local/lib/python3.10/dist-packages/autoware_perception_msgs'...
Compiling '/autoware/install/autoware_perception_msgs/local/lib/python3.10/dist-packages/autoware_perception_msgs/__init__.py'...
Listing '/autoware/install/autoware_perception_msgs/local/lib/python3.10/dist-packages/autoware_perception_msgs/msg'...
Compiling '/autoware/install/autoware_perception_msgs/local/lib/python3.10/dist-packages/autoware_perception_msgs/msg/__init__.py'...
Compiling '/autoware/install/autoware_perception_msgs/local/lib/python3.10/dist-packages/autoware_perception_msgs/msg/_traffic_light.py'...
Compiling '/autoware/install/autoware_perception_msgs/local/lib/python3.10/dist-packages/autoware_perception_msgs/msg/_traffic_light_array.py'...
Compiling '/autoware/install/autoware_perception_msgs/local/lib/python3.10/dist-packages/autoware_perception_msgs/msg/_traffic_light_element.py'...
Compiling '/autoware/install/autoware_perception_msgs/local/lib/python3.10/dist-packages/autoware_perception_msgs/msg/_traffic_signal.py'...
Compiling '/autoware/install/autoware_perception_msgs/local/lib/python3.10/dist-packages/autoware_perception_msgs/msg/_traffic_signal_array.py'...
-- Installing: /autoware/install/autoware_perception_msgs/lib/libautoware_perception_msgs__rosidl_generator_py.so
-- Set runtime path of "/autoware/install/autoware_perception_msgs/lib/libautoware_perception_msgs__rosidl_generator_py.so" to ""
-- Installing: /autoware/install/autoware_perception_msgs/share/autoware_perception_msgs/cmake/export_autoware_perception_msgs__rosidl_generator_cExport.cmake
-- Installing: /autoware/install/autoware_perception_msgs/share/autoware_perception_msgs/cmake/export_autoware_perception_msgs__rosidl_generator_cExport-release.cmake
-- Installing: /autoware/install/autoware_perception_msgs/share/autoware_perception_msgs/cmake/export_autoware_perception_msgs__rosidl_typesupport_fastrtps_cExport.cmake
-- Installing: /autoware/install/autoware_perception_msgs/share/autoware_perception_msgs/cmake/export_autoware_perception_msgs__rosidl_typesupport_fastrtps_cExport-release.cmake
-- Installing: /autoware/install/autoware_perception_msgs/share/autoware_perception_msgs/cmake/export_autoware_perception_msgs__rosidl_generator_cppExport.cmake
-- Installing: /autoware/install/autoware_perception_msgs/share/autoware_perception_msgs/cmake/export_autoware_perception_msgs__rosidl_typesupport_fastrtps_cppExport.cmake
-- Installing: /autoware/install/autoware_perception_msgs/share/autoware_perception_msgs/cmake/export_autoware_perception_msgs__rosidl_typesupport_fastrtps_cppExport-release.cmake
-- Installing: /autoware/install/autoware_perception_msgs/share/autoware_perception_msgs/cmake/autoware_perception_msgs__rosidl_typesupport_introspection_cExport.cmake
-- Installing: /autoware/install/autoware_perception_msgs/share/autoware_perception_msgs/cmake/autoware_perception_msgs__rosidl_typesupport_introspection_cExport-release.cmake
-- Installing: /autoware/install/autoware_perception_msgs/share/autoware_perception_msgs/cmake/autoware_perception_msgs__rosidl_typesupport_cExport.cmake
-- Installing: /autoware/install/autoware_perception_msgs/share/autoware_perception_msgs/cmake/autoware_perception_msgs__rosidl_typesupport_cExport-release.cmake
-- Installing: /autoware/install/autoware_perception_msgs/share/autoware_perception_msgs/cmake/autoware_perception_msgs__rosidl_typesupport_introspection_cppExport.cmake
-- Installing: /autoware/install/autoware_perception_msgs/share/autoware_perception_msgs/cmake/autoware_perception_msgs__rosidl_typesupport_introspection_cppExport-release.cmake
-- Installing: /autoware/install/autoware_perception_msgs/share/autoware_perception_msgs/cmake/autoware_perception_msgs__rosidl_typesupport_cppExport.cmake
-- Installing: /autoware/install/autoware_perception_msgs/share/autoware_perception_msgs/cmake/autoware_perception_msgs__rosidl_typesupport_cppExport-release.cmake
-- Installing: /autoware/install/autoware_perception_msgs/share/autoware_perception_msgs/cmake/export_autoware_perception_msgs__rosidl_generator_pyExport.cmake
-- Installing: /autoware/install/autoware_perception_msgs/share/autoware_perception_msgs/cmake/export_autoware_perception_msgs__rosidl_generator_pyExport-release.cmake
