[0.007s] Invoking command in '/autoware/build/tier4_pcl_extensions': AMENT_PREFIX_PATH=/autoware/install/autoware_cmake:/autoware/install/autoware_lint_common:${AMENT_PREFIX_PATH} CMAKE_PREFIX_PATH=/autoware/install/autoware_cmake:/autoware/install/autoware_lint_common:/opt/ros/humble /usr/bin/cmake /autoware/src/universe/autoware.universe/sensing/tier4_pcl_extensions -DCMAKE_BUILD_TYPE=Release -DAMENT_CMAKE_SYMLINK_INSTALL=1 -DCMAKE_INSTALL_PREFIX=/autoware/install/tier4_pcl_extensions
[0.056s] -- The C compiler identification is GNU 11.3.0
[0.113s] -- The CXX compiler identification is GNU 11.3.0
[0.123s] -- Detecting C compiler ABI info
[0.270s] -- Detecting C compiler ABI info - done
[0.270s] -- Check for working C compiler: /usr/bin/cc - skipped
[0.270s] -- Detecting C compile features
[0.270s] -- Detecting C compile features - done
[0.270s] -- Detecting CXX compiler ABI info
[0.556s] -- Detecting CXX compiler ABI info - done
[0.562s] -- Check for working CXX compiler: /usr/bin/c++ - skipped
[0.562s] -- Detecting CXX compile features
[0.563s] -- Detecting CXX compile features - done
[0.565s] -- Found autoware_cmake: 0.1.0 (/autoware/install/autoware_cmake/share/autoware_cmake/cmake)
[1.118s] -- Found Python3: /usr/bin/python3.10 (found version "3.10.6") found components: Interpreter 
[1.245s] -- Override CMake install command with custom implementation using symlinks instead of copying resources
[1.575s] -- Found ament_lint_auto: 0.12.4 (/opt/ros/humble/share/ament_lint_auto/cmake)
[1.577s] -- Checking for module 'eigen3'
[1.726s] --   Found eigen3, version 3.4.0
[1.865s] -- Found Eigen: /usr/include/eigen3 (Required is at least version "3.1") 
[1.865s] -- Eigen found (include: /usr/include/eigen3, version: 3.4.0)
[1.923s] -- Found Boost: /usr/lib/x86_64-linux-gnu/cmake/Boost-1.74.0/BoostConfig.cmake (found suitable version "1.74.0", minimum required is "1.65.0") found components: system filesystem date_time iostreams serialization 
[1.925s] -- looking for PCL_COMMON
[1.930s] -- Found PCL_COMMON: /usr/lib/x86_64-linux-gnu/libpcl_common.so  
[1.931s] -- Found PCL: pcl_common;Boost::system;Boost::filesystem;Boost::date_time;Boost::iostreams;Boost::serialization  
[1.947s] -- Found Eigen3: TRUE (found version "3.4.0") 
[1.974s] -- Added test 'copyright' to check source files copyright and LICENSE
[1.977s] -- Added test 'cppcheck' to perform static code analysis on C / C++ code
[1.977s] -- Configured cppcheck include dirs: /autoware/src/universe/autoware.universe/sensing/tier4_pcl_extensions/include
[1.977s] -- Configured cppcheck exclude dirs and/or files: 
[1.978s] -- Added test 'lint_cmake' to check CMake code style
[1.979s] -- Added test 'xmllint' to check XML markup files
[1.985s] -- Configuring done
[2.011s] -- Generating done
[2.013s] -- Build files have been written to: /autoware/build/tier4_pcl_extensions
[2.037s] Invoked command in '/autoware/build/tier4_pcl_extensions' returned '0': AMENT_PREFIX_PATH=/autoware/install/autoware_cmake:/autoware/install/autoware_lint_common:${AMENT_PREFIX_PATH} CMAKE_PREFIX_PATH=/autoware/install/autoware_cmake:/autoware/install/autoware_lint_common:/opt/ros/humble /usr/bin/cmake /autoware/src/universe/autoware.universe/sensing/tier4_pcl_extensions -DCMAKE_BUILD_TYPE=Release -DAMENT_CMAKE_SYMLINK_INSTALL=1 -DCMAKE_INSTALL_PREFIX=/autoware/install/tier4_pcl_extensions
[2.038s] Invoking command in '/autoware/build/tier4_pcl_extensions': AMENT_PREFIX_PATH=/autoware/install/autoware_cmake:/autoware/install/autoware_lint_common:${AMENT_PREFIX_PATH} CMAKE_PREFIX_PATH=/autoware/install/autoware_cmake:/autoware/install/autoware_lint_common:/opt/ros/humble /usr/bin/cmake --build /autoware/build/tier4_pcl_extensions -- -j64 -l64
[2.252s] [ 50%] Building CXX object CMakeFiles/tier4_pcl_extensions.dir/src/voxel_grid_nearest_centroid.cpp.o
[39.140s] [100%] Linking CXX shared library libtier4_pcl_extensions.so
[39.228s] [100%] Built target tier4_pcl_extensions
[39.237s] Invoked command in '/autoware/build/tier4_pcl_extensions' returned '0': AMENT_PREFIX_PATH=/autoware/install/autoware_cmake:/autoware/install/autoware_lint_common:${AMENT_PREFIX_PATH} CMAKE_PREFIX_PATH=/autoware/install/autoware_cmake:/autoware/install/autoware_lint_common:/opt/ros/humble /usr/bin/cmake --build /autoware/build/tier4_pcl_extensions -- -j64 -l64
[39.255s] Invoking command in '/autoware/build/tier4_pcl_extensions': AMENT_PREFIX_PATH=/autoware/install/autoware_cmake:/autoware/install/autoware_lint_common:${AMENT_PREFIX_PATH} CMAKE_PREFIX_PATH=/autoware/install/autoware_cmake:/autoware/install/autoware_lint_common:/opt/ros/humble /usr/bin/cmake --install /autoware/build/tier4_pcl_extensions
[39.260s] -- Install configuration: "Release"
[39.261s] -- Execute custom install script
[39.261s] -- Symlinking: /autoware/install/tier4_pcl_extensions/include/tier4_pcl_extensions/voxel_grid_nearest_centroid.hpp
[39.267s] -- Symlinking: /autoware/install/tier4_pcl_extensions/include/tier4_pcl_extensions/voxel_grid_nearest_centroid_impl.hpp
[39.276s] -- Symlinking: /autoware/install/tier4_pcl_extensions/share/tier4_pcl_extensions/environment/library_path.sh
[39.282s] -- Symlinking: /autoware/install/tier4_pcl_extensions/share/tier4_pcl_extensions/environment/library_path.dsv
[39.289s] -- Symlinking: /autoware/install/tier4_pcl_extensions/lib/libtier4_pcl_extensions.so
[39.296s] -- Symlinking: /autoware/install/tier4_pcl_extensions/share/ament_index/resource_index/package_run_dependencies/tier4_pcl_extensions
[39.302s] -- Symlinking: /autoware/install/tier4_pcl_extensions/share/ament_index/resource_index/parent_prefix_path/tier4_pcl_extensions
[39.309s] -- Symlinking: /autoware/install/tier4_pcl_extensions/share/tier4_pcl_extensions/environment/ament_prefix_path.sh
[39.315s] -- Symlinking: /autoware/install/tier4_pcl_extensions/share/tier4_pcl_extensions/environment/ament_prefix_path.dsv
[39.321s] -- Symlinking: /autoware/install/tier4_pcl_extensions/share/tier4_pcl_extensions/environment/path.sh
[39.327s] -- Symlinking: /autoware/install/tier4_pcl_extensions/share/tier4_pcl_extensions/environment/path.dsv
[39.333s] -- Symlinking: /autoware/install/tier4_pcl_extensions/share/tier4_pcl_extensions/local_setup.bash
[39.339s] -- Symlinking: /autoware/install/tier4_pcl_extensions/share/tier4_pcl_extensions/local_setup.sh
[39.345s] -- Symlinking: /autoware/install/tier4_pcl_extensions/share/tier4_pcl_extensions/local_setup.zsh
[39.352s] -- Symlinking: /autoware/install/tier4_pcl_extensions/share/tier4_pcl_extensions/local_setup.dsv
[39.358s] -- Symlinking: /autoware/install/tier4_pcl_extensions/share/tier4_pcl_extensions/package.dsv
[39.364s] -- Symlinking: /autoware/install/tier4_pcl_extensions/share/ament_index/resource_index/packages/tier4_pcl_extensions
[39.370s] -- Symlinking: /autoware/install/tier4_pcl_extensions/share/tier4_pcl_extensions/cmake/ament_cmake_export_dependencies-extras.cmake
[39.377s] -- Symlinking: /autoware/install/tier4_pcl_extensions/share/tier4_pcl_extensions/cmake/ament_cmake_export_include_directories-extras.cmake
[39.383s] -- Symlinking: /autoware/install/tier4_pcl_extensions/share/tier4_pcl_extensions/cmake/ament_cmake_export_libraries-extras.cmake
[39.390s] -- Symlinking: /autoware/install/tier4_pcl_extensions/share/tier4_pcl_extensions/cmake/tier4_pcl_extensionsConfig.cmake
[39.396s] -- Symlinking: /autoware/install/tier4_pcl_extensions/share/tier4_pcl_extensions/cmake/tier4_pcl_extensionsConfig-version.cmake
[39.403s] -- Symlinking: /autoware/install/tier4_pcl_extensions/share/tier4_pcl_extensions/package.xml
[39.419s] Invoked command in '/autoware/build/tier4_pcl_extensions' returned '0': AMENT_PREFIX_PATH=/autoware/install/autoware_cmake:/autoware/install/autoware_lint_common:${AMENT_PREFIX_PATH} CMAKE_PREFIX_PATH=/autoware/install/autoware_cmake:/autoware/install/autoware_lint_common:/opt/ros/humble /usr/bin/cmake --install /autoware/build/tier4_pcl_extensions
