-- Found autoware_cmake: 0.1.0 (/autoware/install/autoware_cmake/share/autoware_cmake/cmake)
-- Found ament_cmake_auto: 1.3.2 (/opt/ros/humble/share/ament_cmake_auto/cmake)
-- Override CMake install command with custom implementation using symlinks instead of copying resources
-- Found rosidl_generator_c: 3.1.3 (/opt/ros/humble/share/rosidl_generator_c/cmake)
-- Found rosidl_adapter: 3.1.3 (/opt/ros/humble/share/rosidl_adapter/cmake)
-- Found rosidl_generator_cpp: 3.1.3 (/opt/ros/humble/share/rosidl_generator_cpp/cmake)
-- Using all available rosidl_typesupport_c: rosidl_typesupport_fastrtps_c;rosidl_typesupport_introspection_c
-- Using all available rosidl_typesupport_cpp: rosidl_typesupport_fastrtps_cpp;rosidl_typesupport_introspection_cpp
-- Found rmw_implementation_cmake: 6.1.0 (/opt/ros/humble/share/rmw_implementation_cmake/cmake)
-- Found rmw_fastrtps_cpp: 6.2.1 (/opt/ros/humble/share/rmw_fastrtps_cpp/cmake)
-- Using RMW implementation 'rmw_fastrtps_cpp' as default
-- Found eigen3_cmake_module: 0.1.1 (/opt/ros/humble/share/eigen3_cmake_module/cmake)
-- Ensuring Eigen3 include directory is part of orocos-kdl CMake target
-- Eigen found (include: /usr/include/eigen3, version: 3.4.0)
-- FLANN found (include: /usr/include, lib: /usr/lib/x86_64-linux-gnu/libflann_cpp.so)
-- OpenNI found (version: 1.5.4.0, include: /usr/include/ni, lib: /usr/lib/libOpenNI.so;libusb::libusb)
-- OpenNI2 found (version: 2.2.0.33, include: /usr/include/openni2, lib: /usr/lib/x86_64-linux-gnu/libOpenNI2.so;libusb::libusb)
-- Eigen found (include: /usr/include/eigen3, version: 3.4.0)
-- OpenNI found (version: 1.5.4.0, include: /usr/include/ni, lib: /usr/lib/libOpenNI.so;libusb::libusb)
-- OpenNI2 found (version: 2.2.0.33, include: /usr/include/openni2, lib: /usr/lib/x86_64-linux-gnu/libOpenNI2.so;libusb::libusb)
-- Found Qhull version 8.0.2
-- OpenNI found (version: 1.5.4.0, include: /usr/include/ni, lib: /usr/lib/libOpenNI.so;libusb::libusb)
-- Found ament_lint_auto: 0.12.4 (/opt/ros/humble/share/ament_lint_auto/cmake)
CUDA_TOOLKIT_ROOT_DIR not found or specified
-- Could NOT find CUDA (missing: CUDA_TOOLKIT_ROOT_DIR CUDA_NVCC_EXECUTABLE CUDA_INCLUDE_DIRS CUDA_CUDART_LIBRARY) 
CUDA NOT FOUND
TensorRT is NOT Available
CUDNN is NOT Available
-- start to download
-- Added test 'copyright' to check source files copyright and LICENSE
-- Added test 'cppcheck' to perform static code analysis on C / C++ code
-- Configured cppcheck include dirs: 
-- Configured cppcheck exclude dirs and/or files: 
-- Added test 'lint_cmake' to check CMake code style
-- Added test 'xmllint' to check XML markup files
-- Configuring done
-- Generating done
-- Build files have been written to: /autoware/build/lidar_centerpoint
-- Install configuration: "Release"
-- Execute custom install script
-- Up-to-date symlink: /autoware/install/lidar_centerpoint/include/lidar_centerpoint/centerpoint_config.hpp
-- Up-to-date symlink: /autoware/install/lidar_centerpoint/include/lidar_centerpoint/centerpoint_trt.hpp
-- Up-to-date symlink: /autoware/install/lidar_centerpoint/include/lidar_centerpoint/cuda_utils.hpp
-- Up-to-date symlink: /autoware/install/lidar_centerpoint/include/lidar_centerpoint/detection_class_remapper.hpp
-- Up-to-date symlink: /autoware/install/lidar_centerpoint/include/lidar_centerpoint/network/network_trt.hpp
-- Up-to-date symlink: /autoware/install/lidar_centerpoint/include/lidar_centerpoint/network/scatter_kernel.hpp
-- Up-to-date symlink: /autoware/install/lidar_centerpoint/include/lidar_centerpoint/network/tensorrt_wrapper.hpp
-- Up-to-date symlink: /autoware/install/lidar_centerpoint/include/lidar_centerpoint/node.hpp
-- Up-to-date symlink: /autoware/install/lidar_centerpoint/include/lidar_centerpoint/postprocess/circle_nms_kernel.hpp
-- Up-to-date symlink: /autoware/install/lidar_centerpoint/include/lidar_centerpoint/postprocess/non_maximum_suppression.hpp
-- Up-to-date symlink: /autoware/install/lidar_centerpoint/include/lidar_centerpoint/postprocess/postprocess_kernel.hpp
-- Up-to-date symlink: /autoware/install/lidar_centerpoint/include/lidar_centerpoint/preprocess/pointcloud_densification.hpp
-- Up-to-date symlink: /autoware/install/lidar_centerpoint/include/lidar_centerpoint/preprocess/preprocess_kernel.hpp
-- Up-to-date symlink: /autoware/install/lidar_centerpoint/include/lidar_centerpoint/preprocess/voxel_generator.hpp
-- Up-to-date symlink: /autoware/install/lidar_centerpoint/include/lidar_centerpoint/ros_utils.hpp
-- Up-to-date symlink: /autoware/install/lidar_centerpoint/include/lidar_centerpoint/single_inference_node.hpp
-- Up-to-date symlink: /autoware/install/lidar_centerpoint/include/lidar_centerpoint/utils.hpp
-- Up-to-date symlink: /autoware/install/lidar_centerpoint/share/lidar_centerpoint/launch/centerpoint_vs_centerpoint-tiny/README.md
-- Up-to-date symlink: /autoware/install/lidar_centerpoint/share/lidar_centerpoint/launch/centerpoint_vs_centerpoint-tiny/centerpoint_vs_centerpoint-tiny.launch.xml
-- Up-to-date symlink: /autoware/install/lidar_centerpoint/share/lidar_centerpoint/launch/centerpoint_vs_centerpoint-tiny/rviz/centerpoint.rviz
-- Up-to-date symlink: /autoware/install/lidar_centerpoint/share/lidar_centerpoint/launch/centerpoint_vs_centerpoint-tiny/rviz/centerpoint_tiny.rviz
-- Up-to-date symlink: /autoware/install/lidar_centerpoint/share/lidar_centerpoint/launch/lidar_centerpoint.launch.xml
-- Up-to-date symlink: /autoware/install/lidar_centerpoint/share/lidar_centerpoint/launch/single_inference_lidar_centerpoint.launch.xml
-- Up-to-date symlink: /autoware/install/lidar_centerpoint/share/ament_index/resource_index/package_run_dependencies/lidar_centerpoint
-- Up-to-date symlink: /autoware/install/lidar_centerpoint/share/ament_index/resource_index/parent_prefix_path/lidar_centerpoint
-- Up-to-date symlink: /autoware/install/lidar_centerpoint/share/lidar_centerpoint/environment/ament_prefix_path.sh
-- Up-to-date symlink: /autoware/install/lidar_centerpoint/share/lidar_centerpoint/environment/ament_prefix_path.dsv
-- Up-to-date symlink: /autoware/install/lidar_centerpoint/share/lidar_centerpoint/environment/path.sh
-- Up-to-date symlink: /autoware/install/lidar_centerpoint/share/lidar_centerpoint/environment/path.dsv
-- Up-to-date symlink: /autoware/install/lidar_centerpoint/share/lidar_centerpoint/local_setup.bash
-- Up-to-date symlink: /autoware/install/lidar_centerpoint/share/lidar_centerpoint/local_setup.sh
-- Up-to-date symlink: /autoware/install/lidar_centerpoint/share/lidar_centerpoint/local_setup.zsh
-- Up-to-date symlink: /autoware/install/lidar_centerpoint/share/lidar_centerpoint/local_setup.dsv
-- Symlinking: /autoware/install/lidar_centerpoint/share/lidar_centerpoint/package.dsv
-- Up-to-date symlink: /autoware/install/lidar_centerpoint/share/ament_index/resource_index/packages/lidar_centerpoint
-- Up-to-date symlink: /autoware/install/lidar_centerpoint/share/lidar_centerpoint/cmake/ament_cmake_export_dependencies-extras.cmake
-- Up-to-date symlink: /autoware/install/lidar_centerpoint/share/lidar_centerpoint/cmake/ament_cmake_export_include_directories-extras.cmake
-- Up-to-date symlink: /autoware/install/lidar_centerpoint/share/lidar_centerpoint/cmake/lidar_centerpointConfig.cmake
-- Up-to-date symlink: /autoware/install/lidar_centerpoint/share/lidar_centerpoint/cmake/lidar_centerpointConfig-version.cmake
-- Up-to-date symlink: /autoware/install/lidar_centerpoint/share/lidar_centerpoint/package.xml
