-- Found autoware_cmake: 0.1.0 (/autoware/install/autoware_cmake/share/autoware_cmake/cmake)
-- Found ament_cmake_auto: 1.3.2 (/opt/ros/humble/share/ament_cmake_auto/cmake)
-- Override CMake install command with custom implementation using symlinks instead of copying resources
-- Found rosidl_generator_c: 3.1.3 (/opt/ros/humble/share/rosidl_generator_c/cmake)
-- Found rosidl_adapter: 3.1.3 (/opt/ros/humble/share/rosidl_adapter/cmake)
-- Found rosidl_generator_cpp: 3.1.3 (/opt/ros/humble/share/rosidl_generator_cpp/cmake)
-- Using all available rosidl_typesupport_c: rosidl_typesupport_fastrtps_c;rosidl_typesupport_introspection_c
-- Using all available rosidl_typesupport_cpp: rosidl_typesupport_fastrtps_cpp;rosidl_typesupport_introspection_cpp
-- Found rmw_implementation_cmake: 6.1.0 (/opt/ros/humble/share/rmw_implementation_cmake/cmake)
-- Found rmw_fastrtps_cpp: 6.2.1 (/opt/ros/humble/share/rmw_fastrtps_cpp/cmake)
-- Using RMW implementation 'rmw_fastrtps_cpp' as default
-- Found mrt_cmake_modules: 1.0.9 (/opt/ros/humble/share/mrt_cmake_modules/cmake)
-- Found eigen3_cmake_module: 0.1.1 (/opt/ros/humble/share/eigen3_cmake_module/cmake)
-- Ensuring Eigen3 include directory is part of orocos-kdl CMake target
-- Found ament_lint_auto: 0.12.4 (/opt/ros/humble/share/ament_lint_auto/cmake)
-- Added test 'copyright' to check source files copyright and LICENSE
-- Added test 'cppcheck' to perform static code analysis on C / C++ code
-- Configured cppcheck include dirs: /autoware/src/universe/autoware.universe/planning/mission_planner/include
-- Configured cppcheck exclude dirs and/or files: 
-- Added test 'lint_cmake' to check CMake code style
-- Added test 'xmllint' to check XML markup files
-- Configuring done
-- Generating done
-- Build files have been written to: /autoware/build/mission_planner
Consolidate compiler generated dependencies of target mission_planner
Consolidate compiler generated dependencies of target goal_pose_visualizer
Consolidate compiler generated dependencies of target goal_pose_visualizer_component
[ 16%] Built target mission_planner
[ 33%] Built target goal_pose_visualizer
[ 41%] Building CXX object CMakeFiles/goal_pose_visualizer_component.dir/src/goal_pose_visualizer/goal_pose_visualizer.cpp.o
[ 50%] Linking CXX shared library libgoal_pose_visualizer_component.so
[ 50%] Built target goal_pose_visualizer_component
Consolidate compiler generated dependencies of target mission_planner_component
[ 58%] Building CXX object CMakeFiles/mission_planner_component.dir/src/mission_planner/mission_planner.cpp.o
[ 66%] Building CXX object CMakeFiles/mission_planner_component.dir/src/mission_planner/arrival_checker.cpp.o
[ 75%] Linking CXX shared library libmission_planner_component.so
[ 75%] Built target mission_planner_component
Consolidate compiler generated dependencies of target mission_planner_lanelet2_plugins
[ 83%] Building CXX object CMakeFiles/mission_planner_lanelet2_plugins.dir/src/lanelet2_plugins/default_planner.cpp.o
[ 91%] Building CXX object CMakeFiles/mission_planner_lanelet2_plugins.dir/src/lanelet2_plugins/utility_functions.cpp.o
[100%] Linking CXX shared library libmission_planner_lanelet2_plugins.so
[100%] Built target mission_planner_lanelet2_plugins
-- Install configuration: "Release"
-- Execute custom install script
-- Up-to-date symlink: /autoware/install/mission_planner/lib/mission_planner/goal_pose_visualizer
-- Up-to-date symlink: /autoware/install/mission_planner/lib/mission_planner/mission_planner
-- Up-to-date symlink: /autoware/install/mission_planner/share/mission_planner/plugins/plugin_description.xml
-- Up-to-date symlink: /autoware/install/mission_planner/include/mission_planner/mission_planner_plugin.hpp
-- Up-to-date symlink: /autoware/install/mission_planner/share/mission_planner/environment/library_path.sh
-- Up-to-date symlink: /autoware/install/mission_planner/share/mission_planner/environment/library_path.dsv
-- Up-to-date symlink: /autoware/install/mission_planner/lib/libgoal_pose_visualizer_component.so
-- Up-to-date symlink: /autoware/install/mission_planner/lib/libmission_planner_component.so
-- Up-to-date symlink: /autoware/install/mission_planner/lib/libmission_planner_lanelet2_plugins.so
-- Up-to-date symlink: /autoware/install/mission_planner/share/mission_planner/launch/goal_pose_visualizer.launch.xml
-- Up-to-date symlink: /autoware/install/mission_planner/share/mission_planner/launch/mission_planner.launch.xml
-- Up-to-date symlink: /autoware/install/mission_planner/share/ament_index/resource_index/package_run_dependencies/mission_planner
-- Up-to-date symlink: /autoware/install/mission_planner/share/ament_index/resource_index/parent_prefix_path/mission_planner
-- Up-to-date symlink: /autoware/install/mission_planner/share/mission_planner/environment/ament_prefix_path.sh
-- Up-to-date symlink: /autoware/install/mission_planner/share/mission_planner/environment/ament_prefix_path.dsv
-- Up-to-date symlink: /autoware/install/mission_planner/share/mission_planner/environment/path.sh
-- Up-to-date symlink: /autoware/install/mission_planner/share/mission_planner/environment/path.dsv
-- Up-to-date symlink: /autoware/install/mission_planner/share/mission_planner/local_setup.bash
-- Up-to-date symlink: /autoware/install/mission_planner/share/mission_planner/local_setup.sh
-- Up-to-date symlink: /autoware/install/mission_planner/share/mission_planner/local_setup.zsh
-- Up-to-date symlink: /autoware/install/mission_planner/share/mission_planner/local_setup.dsv
-- Symlinking: /autoware/install/mission_planner/share/mission_planner/package.dsv
-- Up-to-date symlink: /autoware/install/mission_planner/share/ament_index/resource_index/packages/mission_planner
-- Up-to-date symlink: /autoware/install/mission_planner/share/ament_index/resource_index/mission_planner__pluginlib__plugin/mission_planner
-- Up-to-date symlink: /autoware/install/mission_planner/share/ament_index/resource_index/rclcpp_components/mission_planner
-- Up-to-date symlink: /autoware/install/mission_planner/share/mission_planner/cmake/ament_cmake_export_dependencies-extras.cmake
-- Up-to-date symlink: /autoware/install/mission_planner/share/mission_planner/cmake/ament_cmake_export_include_directories-extras.cmake
-- Up-to-date symlink: /autoware/install/mission_planner/share/mission_planner/cmake/ament_cmake_export_libraries-extras.cmake
-- Up-to-date symlink: /autoware/install/mission_planner/share/mission_planner/cmake/mission_plannerConfig.cmake
-- Up-to-date symlink: /autoware/install/mission_planner/share/mission_planner/cmake/mission_plannerConfig-version.cmake
-- Up-to-date symlink: /autoware/install/mission_planner/share/mission_planner/package.xml
