[0.061s] Invoking command in '/autoware/build/static_centerline_optimizer': AMENT_PREFIX_PATH=/autoware/install/mission_planner:/autoware/install/behavior_path_planner:/autoware/install/route_handler:/autoware/install/obstacle_avoidance_planner:/autoware/install/lane_departure_checker:/autoware/install/motion_utils:/autoware/install/global_parameter_loader:/autoware/install/vehicle_info_util:/autoware/install/map_loader:/autoware/install/interpolation:/autoware/install/tier4_autoware_utils:/autoware/install/lanelet2_extension:/autoware/install/autoware_auto_tf2:/autoware/install/osqp_interface:/autoware/install/component_interface_utils:/autoware/install/component_interface_specs:/autoware/install/autoware_utils:/autoware/install/autoware_auto_vehicle_msgs:/autoware/install/autoware_auto_common:/autoware/install/tier4_system_msgs:/autoware/install/rtc_interface:/autoware/install/autoware_planning_msgs:/autoware/install/autoware_cmake:/autoware/install/autoware_auto_planning_msgs:/autoware/install/autoware_auto_perception_msgs:/autoware/install/tier4_rtc_msgs:/autoware/install/tier4_planning_msgs:/autoware/install/tier4_debug_msgs:/autoware/install/autoware_map_msgs:/autoware/install/autoware_lint_common:/autoware/install/autoware_common_msgs:/autoware/install/autoware_auto_system_msgs:/autoware/install/autoware_auto_mapping_msgs:/autoware/install/autoware_auto_geometry_msgs:/autoware/install/autoware_adapi_v1_msgs:${AMENT_PREFIX_PATH} CMAKE_PREFIX_PATH=/autoware/install/mission_planner:/autoware/install/behavior_path_planner:/autoware/install/route_handler:/autoware/install/obstacle_avoidance_planner:/autoware/install/lane_departure_checker:/autoware/install/motion_utils:/autoware/install/global_parameter_loader:/autoware/install/vehicle_info_util:/autoware/install/map_loader:/autoware/install/interpolation:/autoware/install/tier4_autoware_utils:/autoware/install/lanelet2_extension:/autoware/install/autoware_auto_tf2:/autoware/install/osqp_interface:/autoware/install/component_interface_utils:/autoware/install/component_interface_specs:/autoware/install/autoware_utils:/autoware/install/autoware_auto_vehicle_msgs:/autoware/install/autoware_auto_common:/autoware/install/tier4_system_msgs:/autoware/install/rtc_interface:/autoware/install/autoware_planning_msgs:/autoware/install/autoware_cmake:/autoware/install/autoware_auto_planning_msgs:/autoware/install/autoware_auto_perception_msgs:/autoware/install/tier4_rtc_msgs:/autoware/install/tier4_planning_msgs:/autoware/install/tier4_debug_msgs:/autoware/install/autoware_map_msgs:/autoware/install/autoware_lint_common:/autoware/install/autoware_common_msgs:/autoware/install/autoware_auto_system_msgs:/autoware/install/autoware_auto_mapping_msgs:/autoware/install/autoware_auto_geometry_msgs:/autoware/install/autoware_adapi_v1_msgs:/opt/ros/humble LD_LIBRARY_PATH=/autoware/install/mission_planner/lib:/autoware/install/behavior_path_planner/lib:/autoware/install/route_handler/lib:/autoware/install/obstacle_avoidance_planner/lib:/autoware/install/lane_departure_checker/lib:/autoware/install/motion_utils/lib:/autoware/install/vehicle_info_util/lib:/autoware/install/map_loader/lib:/autoware/install/interpolation/lib:/autoware/install/tier4_autoware_utils/lib:/autoware/install/lanelet2_extension/lib:/autoware/install/osqp_interface/lib:/autoware/install/autoware_utils/lib:/autoware/install/autoware_auto_vehicle_msgs/lib:/autoware/install/tier4_system_msgs/lib:/autoware/install/rtc_interface/lib:/autoware/install/autoware_planning_msgs/lib:/autoware/install/autoware_auto_planning_msgs/lib:/autoware/install/autoware_auto_perception_msgs/lib:/autoware/install/tier4_rtc_msgs/lib:/autoware/install/tier4_planning_msgs/lib:/autoware/install/tier4_debug_msgs/lib:/autoware/install/autoware_map_msgs/lib:/autoware/install/autoware_common_msgs/lib:/autoware/install/autoware_auto_system_msgs/lib:/autoware/install/autoware_auto_mapping_msgs/lib:/autoware/install/autoware_auto_geometry_msgs/lib:/autoware/install/autoware_adapi_v1_msgs/lib:${LD_LIBRARY_PATH} PYTHONPATH=/autoware/install/autoware_auto_vehicle_msgs/local/lib/python3.10/dist-packages:/autoware/install/tier4_system_msgs/local/lib/python3.10/dist-packages:/autoware/install/autoware_planning_msgs/local/lib/python3.10/dist-packages:/autoware/install/autoware_auto_planning_msgs/local/lib/python3.10/dist-packages:/autoware/install/autoware_auto_perception_msgs/local/lib/python3.10/dist-packages:/autoware/install/tier4_rtc_msgs/local/lib/python3.10/dist-packages:/autoware/install/tier4_planning_msgs/local/lib/python3.10/dist-packages:/autoware/install/tier4_debug_msgs/local/lib/python3.10/dist-packages:/autoware/install/autoware_map_msgs/local/lib/python3.10/dist-packages:/autoware/install/autoware_common_msgs/local/lib/python3.10/dist-packages:/autoware/install/autoware_auto_system_msgs/local/lib/python3.10/dist-packages:/autoware/install/autoware_auto_mapping_msgs/local/lib/python3.10/dist-packages:/autoware/install/autoware_auto_geometry_msgs/local/lib/python3.10/dist-packages:/autoware/install/autoware_adapi_v1_msgs/local/lib/python3.10/dist-packages:${PYTHONPATH} /usr/bin/cmake /autoware/src/universe/autoware.universe/planning/static_centerline_optimizer -DCMAKE_BUILD_TYPE=Release -DAMENT_CMAKE_SYMLINK_INSTALL=1 -DCMAKE_INSTALL_PREFIX=/autoware/install/static_centerline_optimizer
[0.108s] -- The C compiler identification is GNU 11.3.0
[0.152s] -- The CXX compiler identification is GNU 11.3.0
[0.159s] -- Detecting C compiler ABI info
[0.218s] -- Detecting C compiler ABI info - done
[0.224s] -- Check for working C compiler: /usr/bin/cc - skipped
[0.225s] -- Detecting C compile features
[0.225s] -- Detecting C compile features - done
[0.228s] -- Detecting CXX compiler ABI info
[0.292s] -- Detecting CXX compiler ABI info - done
[0.298s] -- Check for working CXX compiler: /usr/bin/c++ - skipped
[0.299s] -- Detecting CXX compile features
[0.299s] -- Detecting CXX compile features - done
[0.302s] -- Found autoware_cmake: 0.1.0 (/autoware/install/autoware_cmake/share/autoware_cmake/cmake)
[0.495s] -- Found Python3: /usr/bin/python3.10 (found version "3.10.6") found components: Interpreter 
[0.562s] -- Override CMake install command with custom implementation using symlinks instead of copying resources
[0.644s] -- Found builtin_interfaces: 1.2.0 (/opt/ros/humble/share/builtin_interfaces/cmake)
[0.700s] -- Found rosidl_generator_c: 3.1.3 (/opt/ros/humble/share/rosidl_generator_c/cmake)
[0.710s] -- Found rosidl_adapter: 3.1.3 (/opt/ros/humble/share/rosidl_adapter/cmake)
[0.723s] -- Found rosidl_generator_cpp: 3.1.3 (/opt/ros/humble/share/rosidl_generator_cpp/cmake)
[0.743s] -- Using all available rosidl_typesupport_c: rosidl_typesupport_fastrtps_c;rosidl_typesupport_introspection_c
[0.771s] -- Using all available rosidl_typesupport_cpp: rosidl_typesupport_fastrtps_cpp;rosidl_typesupport_introspection_cpp
[0.797s] -- Found geometry_msgs: 4.2.2 (/opt/ros/humble/share/geometry_msgs/cmake)
[0.889s] -- Found rosidl_default_generators: 1.2.0 (/opt/ros/humble/share/rosidl_default_generators/cmake)
[0.921s] -- Found OpenCV: /usr (found version "4.5.4") 
[1.261s] -- Found ament_cmake_ros: 0.10.0 (/opt/ros/humble/share/ament_cmake_ros/cmake)
[1.712s] -- Using all available rosidl_typesupport_c: rosidl_typesupport_fastrtps_c;rosidl_typesupport_introspection_c
[1.898s] -- Using all available rosidl_typesupport_cpp: rosidl_typesupport_fastrtps_cpp;rosidl_typesupport_introspection_cpp
[1.924s] -- Found PythonInterp: /usr/bin/python3 (found suitable version "3.10.6", minimum required is "3.6") 
[1.931s] -- Found python_cmake_module: 0.10.0 (/opt/ros/humble/share/python_cmake_module/cmake)
[1.960s] -- Found PythonLibs: /usr/lib/x86_64-linux-gnu/libpython3.10.so (found suitable version "3.10.6", minimum required is "3.5") 
[1.960s] -- Using PYTHON_EXECUTABLE: /usr/bin/python3
[1.960s] -- Using PYTHON_INCLUDE_DIRS: /usr/include/python3.10
[1.960s] -- Using PYTHON_LIBRARIES: /usr/lib/x86_64-linux-gnu/libpython3.10.so
[1.984s] -- Found PythonExtra: .so  
[3.064s] -- Found eigen3_cmake_module: 0.1.1 (/opt/ros/humble/share/eigen3_cmake_module/cmake)
[3.066s] -- Found Eigen3: TRUE (found version "3.4.0") 
[3.066s] -- Ensuring Eigen3 include directory is part of orocos-kdl CMake target
[3.215s] -- Found rmw_implementation_cmake: 6.1.0 (/opt/ros/humble/share/rmw_implementation_cmake/cmake)
[3.220s] -- Found rmw_fastrtps_cpp: 6.2.1 (/opt/ros/humble/share/rmw_fastrtps_cpp/cmake)
[3.345s] -- Found OpenSSL: /usr/lib/x86_64-linux-gnu/libcrypto.so (found version "3.0.2")  
[3.375s] -- Found FastRTPS: /opt/ros/humble/include  
[3.428s] -- Using RMW implementation 'rmw_fastrtps_cpp' as default
[5.311s] -- Found mrt_cmake_modules: 1.0.9 (/opt/ros/humble/share/mrt_cmake_modules/cmake)
[5.574s] -- Found Boost: /usr/lib/x86_64-linux-gnu/cmake/Boost-1.74.0/BoostConfig.cmake (found version "1.74.0") found components: wserialization thread random serialization log_setup prg_exec_monitor wave system chrono filesystem locale timer date_time regex graph program_options unit_test_framework log atomic iostreams 
[5.801s] -- Found OpenMP_C: -fopenmp (found version "4.5") 
[5.878s] -- Found OpenMP_CXX: -fopenmp (found version "4.5") 
[5.878s] -- Found OpenMP: TRUE (found version "4.5")  
[5.895s] -- Found pugixml: /usr/lib/x86_64-linux-gnu/libpugixml.so  
[5.922s] -- Found PkgConfig: /usr/bin/pkg-config (found version "0.29.2") 
[5.925s] -- Found GeographicLib: /usr/lib/x86_64-linux-gnu/libGeographic.so  
[18.454s] -- Checking for module 'eigen3'
[18.467s] --   Found eigen3, version 3.4.0
[18.498s] -- Found Eigen: /usr/include/eigen3 (Required is at least version "3.1") 
[18.498s] -- Eigen found (include: /usr/include/eigen3, version: 3.4.0)
[18.520s] -- Checking for module 'flann'
[18.533s] --   Found flann, version 1.9.1
[18.565s] -- Found FLANN: /usr/lib/x86_64-linux-gnu/libflann_cpp.so  
[19.398s] -- Checking for module 'libusb-1.0'
[19.411s] --   Found libusb-1.0, version 1.0.25
[19.441s] -- Found libusb: /usr/lib/x86_64-linux-gnu/libusb-1.0.so  
[19.442s] -- OpenNI found (version: 1.5.4.0, include: /usr/include/ni, lib: /usr/lib/libOpenNI.so;libusb::libusb)
[19.491s] -- OpenNI2 found (version: 2.2.0.33, include: /usr/include/openni2, lib: /usr/lib/x86_64-linux-gnu/libOpenNI2.so;libusb::libusb)
[19.641s] -- Eigen found (include: /usr/include/eigen3, version: 3.4.0)
[19.645s] -- OpenNI found (version: 1.5.4.0, include: /usr/include/ni, lib: /usr/lib/libOpenNI.so;libusb::libusb)
[19.651s] -- OpenNI2 found (version: 2.2.0.33, include: /usr/include/openni2, lib: /usr/lib/x86_64-linux-gnu/libOpenNI2.so;libusb::libusb)
[19.797s] -- Found Qhull version 8.0.2
[19.939s] -- OpenNI found (version: 1.5.4.0, include: /usr/include/ni, lib: /usr/lib/libOpenNI.so;libusb::libusb)
[20.078s] -- Found PCL_COMMON: /usr/lib/x86_64-linux-gnu/libpcl_common.so  
[20.079s] -- Found PCL_KDTREE: /usr/lib/x86_64-linux-gnu/libpcl_kdtree.so  
[20.079s] -- Found PCL_OCTREE: /usr/lib/x86_64-linux-gnu/libpcl_octree.so  
[20.080s] -- Found PCL_SEARCH: /usr/lib/x86_64-linux-gnu/libpcl_search.so  
[20.080s] -- Found PCL_SAMPLE_CONSENSUS: /usr/lib/x86_64-linux-gnu/libpcl_sample_consensus.so  
[20.081s] -- Found PCL_FILTERS: /usr/lib/x86_64-linux-gnu/libpcl_filters.so  
[20.081s] -- Found PCL_2D: /usr/include/pcl-1.12  
[20.082s] -- Found PCL_GEOMETRY: /usr/include/pcl-1.12  
[20.082s] -- Found PCL_IO: /usr/lib/x86_64-linux-gnu/libpcl_io.so  
[20.083s] -- Found PCL_FEATURES: /usr/lib/x86_64-linux-gnu/libpcl_features.so  
[20.084s] -- Found PCL_ML: /usr/lib/x86_64-linux-gnu/libpcl_ml.so  
[20.084s] -- Found PCL_SEGMENTATION: /usr/lib/x86_64-linux-gnu/libpcl_segmentation.so  
[20.085s] -- Found PCL_VISUALIZATION: /usr/lib/x86_64-linux-gnu/libpcl_visualization.so  
[20.086s] -- Found PCL_SURFACE: /usr/lib/x86_64-linux-gnu/libpcl_surface.so  
[20.087s] -- Found PCL_REGISTRATION: /usr/lib/x86_64-linux-gnu/libpcl_registration.so  
[20.087s] -- Found PCL_KEYPOINTS: /usr/lib/x86_64-linux-gnu/libpcl_keypoints.so  
[20.088s] -- Found PCL_TRACKING: /usr/lib/x86_64-linux-gnu/libpcl_tracking.so  
[20.089s] -- Found PCL_RECOGNITION: /usr/lib/x86_64-linux-gnu/libpcl_recognition.so  
[20.089s] -- Found PCL_STEREO: /usr/lib/x86_64-linux-gnu/libpcl_stereo.so  
[20.090s] -- Found PCL_APPS: /usr/lib/x86_64-linux-gnu/libpcl_apps.so  
[20.091s] -- Found PCL_IN_HAND_SCANNER: /usr/include/pcl-1.12  
[20.091s] -- Found PCL_MODELER: /usr/include/pcl-1.12  
[20.091s] -- Found PCL_POINT_CLOUD_EDITOR: /usr/include/pcl-1.12  
[20.092s] -- Found PCL_OUTOFCORE: /usr/lib/x86_64-linux-gnu/libpcl_outofcore.so  
[20.093s] -- Found PCL_PEOPLE: /usr/lib/x86_64-linux-gnu/libpcl_people.so  
[26.813s] -- Found ament_lint_auto: 0.12.4 (/opt/ros/humble/share/ament_lint_auto/cmake)
[104.296s] -- Added test 'copyright' to check source files copyright and LICENSE
[104.298s] -- Added test 'cppcheck' to perform static code analysis on C / C++ code
[104.299s] -- Configured cppcheck include dirs: /autoware/src/universe/autoware.universe/planning/static_centerline_optimizer/include
[104.300s] -- Configured cppcheck exclude dirs and/or files: 
[104.301s] -- Added test 'lint_cmake' to check CMake code style
[104.301s] -- Added test 'xmllint' to check XML markup files
[104.305s] -- Configuring done
[104.454s] -- Generating done
[104.458s] -- Build files have been written to: /autoware/build/static_centerline_optimizer
[104.483s] Invoked command in '/autoware/build/static_centerline_optimizer' returned '0': AMENT_PREFIX_PATH=/autoware/install/mission_planner:/autoware/install/behavior_path_planner:/autoware/install/route_handler:/autoware/install/obstacle_avoidance_planner:/autoware/install/lane_departure_checker:/autoware/install/motion_utils:/autoware/install/global_parameter_loader:/autoware/install/vehicle_info_util:/autoware/install/map_loader:/autoware/install/interpolation:/autoware/install/tier4_autoware_utils:/autoware/install/lanelet2_extension:/autoware/install/autoware_auto_tf2:/autoware/install/osqp_interface:/autoware/install/component_interface_utils:/autoware/install/component_interface_specs:/autoware/install/autoware_utils:/autoware/install/autoware_auto_vehicle_msgs:/autoware/install/autoware_auto_common:/autoware/install/tier4_system_msgs:/autoware/install/rtc_interface:/autoware/install/autoware_planning_msgs:/autoware/install/autoware_cmake:/autoware/install/autoware_auto_planning_msgs:/autoware/install/autoware_auto_perception_msgs:/autoware/install/tier4_rtc_msgs:/autoware/install/tier4_planning_msgs:/autoware/install/tier4_debug_msgs:/autoware/install/autoware_map_msgs:/autoware/install/autoware_lint_common:/autoware/install/autoware_common_msgs:/autoware/install/autoware_auto_system_msgs:/autoware/install/autoware_auto_mapping_msgs:/autoware/install/autoware_auto_geometry_msgs:/autoware/install/autoware_adapi_v1_msgs:${AMENT_PREFIX_PATH} CMAKE_PREFIX_PATH=/autoware/install/mission_planner:/autoware/install/behavior_path_planner:/autoware/install/route_handler:/autoware/install/obstacle_avoidance_planner:/autoware/install/lane_departure_checker:/autoware/install/motion_utils:/autoware/install/global_parameter_loader:/autoware/install/vehicle_info_util:/autoware/install/map_loader:/autoware/install/interpolation:/autoware/install/tier4_autoware_utils:/autoware/install/lanelet2_extension:/autoware/install/autoware_auto_tf2:/autoware/install/osqp_interface:/autoware/install/component_interface_utils:/autoware/install/component_interface_specs:/autoware/install/autoware_utils:/autoware/install/autoware_auto_vehicle_msgs:/autoware/install/autoware_auto_common:/autoware/install/tier4_system_msgs:/autoware/install/rtc_interface:/autoware/install/autoware_planning_msgs:/autoware/install/autoware_cmake:/autoware/install/autoware_auto_planning_msgs:/autoware/install/autoware_auto_perception_msgs:/autoware/install/tier4_rtc_msgs:/autoware/install/tier4_planning_msgs:/autoware/install/tier4_debug_msgs:/autoware/install/autoware_map_msgs:/autoware/install/autoware_lint_common:/autoware/install/autoware_common_msgs:/autoware/install/autoware_auto_system_msgs:/autoware/install/autoware_auto_mapping_msgs:/autoware/install/autoware_auto_geometry_msgs:/autoware/install/autoware_adapi_v1_msgs:/opt/ros/humble LD_LIBRARY_PATH=/autoware/install/mission_planner/lib:/autoware/install/behavior_path_planner/lib:/autoware/install/route_handler/lib:/autoware/install/obstacle_avoidance_planner/lib:/autoware/install/lane_departure_checker/lib:/autoware/install/motion_utils/lib:/autoware/install/vehicle_info_util/lib:/autoware/install/map_loader/lib:/autoware/install/interpolation/lib:/autoware/install/tier4_autoware_utils/lib:/autoware/install/lanelet2_extension/lib:/autoware/install/osqp_interface/lib:/autoware/install/autoware_utils/lib:/autoware/install/autoware_auto_vehicle_msgs/lib:/autoware/install/tier4_system_msgs/lib:/autoware/install/rtc_interface/lib:/autoware/install/autoware_planning_msgs/lib:/autoware/install/autoware_auto_planning_msgs/lib:/autoware/install/autoware_auto_perception_msgs/lib:/autoware/install/tier4_rtc_msgs/lib:/autoware/install/tier4_planning_msgs/lib:/autoware/install/tier4_debug_msgs/lib:/autoware/install/autoware_map_msgs/lib:/autoware/install/autoware_common_msgs/lib:/autoware/install/autoware_auto_system_msgs/lib:/autoware/install/autoware_auto_mapping_msgs/lib:/autoware/install/autoware_auto_geometry_msgs/lib:/autoware/install/autoware_adapi_v1_msgs/lib:${LD_LIBRARY_PATH} PYTHONPATH=/autoware/install/autoware_auto_vehicle_msgs/local/lib/python3.10/dist-packages:/autoware/install/tier4_system_msgs/local/lib/python3.10/dist-packages:/autoware/install/autoware_planning_msgs/local/lib/python3.10/dist-packages:/autoware/install/autoware_auto_planning_msgs/local/lib/python3.10/dist-packages:/autoware/install/autoware_auto_perception_msgs/local/lib/python3.10/dist-packages:/autoware/install/tier4_rtc_msgs/local/lib/python3.10/dist-packages:/autoware/install/tier4_planning_msgs/local/lib/python3.10/dist-packages:/autoware/install/tier4_debug_msgs/local/lib/python3.10/dist-packages:/autoware/install/autoware_map_msgs/local/lib/python3.10/dist-packages:/autoware/install/autoware_common_msgs/local/lib/python3.10/dist-packages:/autoware/install/autoware_auto_system_msgs/local/lib/python3.10/dist-packages:/autoware/install/autoware_auto_mapping_msgs/local/lib/python3.10/dist-packages:/autoware/install/autoware_auto_geometry_msgs/local/lib/python3.10/dist-packages:/autoware/install/autoware_adapi_v1_msgs/local/lib/python3.10/dist-packages:${PYTHONPATH} /usr/bin/cmake /autoware/src/universe/autoware.universe/planning/static_centerline_optimizer -DCMAKE_BUILD_TYPE=Release -DAMENT_CMAKE_SYMLINK_INSTALL=1 -DCMAKE_INSTALL_PREFIX=/autoware/install/static_centerline_optimizer
[104.486s] Invoking command in '/autoware/build/static_centerline_optimizer': AMENT_PREFIX_PATH=/autoware/install/mission_planner:/autoware/install/behavior_path_planner:/autoware/install/route_handler:/autoware/install/obstacle_avoidance_planner:/autoware/install/lane_departure_checker:/autoware/install/motion_utils:/autoware/install/global_parameter_loader:/autoware/install/vehicle_info_util:/autoware/install/map_loader:/autoware/install/interpolation:/autoware/install/tier4_autoware_utils:/autoware/install/lanelet2_extension:/autoware/install/autoware_auto_tf2:/autoware/install/osqp_interface:/autoware/install/component_interface_utils:/autoware/install/component_interface_specs:/autoware/install/autoware_utils:/autoware/install/autoware_auto_vehicle_msgs:/autoware/install/autoware_auto_common:/autoware/install/tier4_system_msgs:/autoware/install/rtc_interface:/autoware/install/autoware_planning_msgs:/autoware/install/autoware_cmake:/autoware/install/autoware_auto_planning_msgs:/autoware/install/autoware_auto_perception_msgs:/autoware/install/tier4_rtc_msgs:/autoware/install/tier4_planning_msgs:/autoware/install/tier4_debug_msgs:/autoware/install/autoware_map_msgs:/autoware/install/autoware_lint_common:/autoware/install/autoware_common_msgs:/autoware/install/autoware_auto_system_msgs:/autoware/install/autoware_auto_mapping_msgs:/autoware/install/autoware_auto_geometry_msgs:/autoware/install/autoware_adapi_v1_msgs:${AMENT_PREFIX_PATH} CMAKE_PREFIX_PATH=/autoware/install/mission_planner:/autoware/install/behavior_path_planner:/autoware/install/route_handler:/autoware/install/obstacle_avoidance_planner:/autoware/install/lane_departure_checker:/autoware/install/motion_utils:/autoware/install/global_parameter_loader:/autoware/install/vehicle_info_util:/autoware/install/map_loader:/autoware/install/interpolation:/autoware/install/tier4_autoware_utils:/autoware/install/lanelet2_extension:/autoware/install/autoware_auto_tf2:/autoware/install/osqp_interface:/autoware/install/component_interface_utils:/autoware/install/component_interface_specs:/autoware/install/autoware_utils:/autoware/install/autoware_auto_vehicle_msgs:/autoware/install/autoware_auto_common:/autoware/install/tier4_system_msgs:/autoware/install/rtc_interface:/autoware/install/autoware_planning_msgs:/autoware/install/autoware_cmake:/autoware/install/autoware_auto_planning_msgs:/autoware/install/autoware_auto_perception_msgs:/autoware/install/tier4_rtc_msgs:/autoware/install/tier4_planning_msgs:/autoware/install/tier4_debug_msgs:/autoware/install/autoware_map_msgs:/autoware/install/autoware_lint_common:/autoware/install/autoware_common_msgs:/autoware/install/autoware_auto_system_msgs:/autoware/install/autoware_auto_mapping_msgs:/autoware/install/autoware_auto_geometry_msgs:/autoware/install/autoware_adapi_v1_msgs:/opt/ros/humble LD_LIBRARY_PATH=/autoware/install/mission_planner/lib:/autoware/install/behavior_path_planner/lib:/autoware/install/route_handler/lib:/autoware/install/obstacle_avoidance_planner/lib:/autoware/install/lane_departure_checker/lib:/autoware/install/motion_utils/lib:/autoware/install/vehicle_info_util/lib:/autoware/install/map_loader/lib:/autoware/install/interpolation/lib:/autoware/install/tier4_autoware_utils/lib:/autoware/install/lanelet2_extension/lib:/autoware/install/osqp_interface/lib:/autoware/install/autoware_utils/lib:/autoware/install/autoware_auto_vehicle_msgs/lib:/autoware/install/tier4_system_msgs/lib:/autoware/install/rtc_interface/lib:/autoware/install/autoware_planning_msgs/lib:/autoware/install/autoware_auto_planning_msgs/lib:/autoware/install/autoware_auto_perception_msgs/lib:/autoware/install/tier4_rtc_msgs/lib:/autoware/install/tier4_planning_msgs/lib:/autoware/install/tier4_debug_msgs/lib:/autoware/install/autoware_map_msgs/lib:/autoware/install/autoware_common_msgs/lib:/autoware/install/autoware_auto_system_msgs/lib:/autoware/install/autoware_auto_mapping_msgs/lib:/autoware/install/autoware_auto_geometry_msgs/lib:/autoware/install/autoware_adapi_v1_msgs/lib:${LD_LIBRARY_PATH} PYTHONPATH=/autoware/install/autoware_auto_vehicle_msgs/local/lib/python3.10/dist-packages:/autoware/install/tier4_system_msgs/local/lib/python3.10/dist-packages:/autoware/install/autoware_planning_msgs/local/lib/python3.10/dist-packages:/autoware/install/autoware_auto_planning_msgs/local/lib/python3.10/dist-packages:/autoware/install/autoware_auto_perception_msgs/local/lib/python3.10/dist-packages:/autoware/install/tier4_rtc_msgs/local/lib/python3.10/dist-packages:/autoware/install/tier4_planning_msgs/local/lib/python3.10/dist-packages:/autoware/install/tier4_debug_msgs/local/lib/python3.10/dist-packages:/autoware/install/autoware_map_msgs/local/lib/python3.10/dist-packages:/autoware/install/autoware_common_msgs/local/lib/python3.10/dist-packages:/autoware/install/autoware_auto_system_msgs/local/lib/python3.10/dist-packages:/autoware/install/autoware_auto_mapping_msgs/local/lib/python3.10/dist-packages:/autoware/install/autoware_auto_geometry_msgs/local/lib/python3.10/dist-packages:/autoware/install/autoware_adapi_v1_msgs/local/lib/python3.10/dist-packages:${PYTHONPATH} /usr/bin/cmake --build /autoware/build/static_centerline_optimizer -- -j64 -l64
[104.545s] [  1%] Generating C code for ROS interfaces
[104.559s] [  3%] Generating C++ code for ROS interfaces
[104.569s] [  3%] Built target ament_cmake_python_symlink_static_centerline_optimizer
[104.845s] running egg_info
[104.846s] creating static_centerline_optimizer.egg-info
[104.846s] writing static_centerline_optimizer.egg-info/PKG-INFO
[104.846s] writing dependency_links to static_centerline_optimizer.egg-info/dependency_links.txt
[104.846s] writing top-level names to static_centerline_optimizer.egg-info/top_level.txt
[104.846s] writing manifest file 'static_centerline_optimizer.egg-info/SOURCES.txt'
[104.848s] reading manifest file 'static_centerline_optimizer.egg-info/SOURCES.txt'
[104.849s] writing manifest file 'static_centerline_optimizer.egg-info/SOURCES.txt'
[104.872s] [  3%] Built target ament_cmake_python_build_static_centerline_optimizer_egg
[105.069s] [  3%] Built target static_centerline_optimizer__cpp
[105.080s] [  6%] Generating C++ type support for eProsima Fast-RTPS
[105.080s] [  6%] Generating C++ type support dispatch for ROS interfaces
[105.080s] [  8%] Generating C++ introspection for ROS interfaces
[105.088s] [ 10%] Building C object CMakeFiles/static_centerline_optimizer__rosidl_generator_c.dir/rosidl_generator_c/static_centerline_optimizer/srv/detail/load_map__functions.c.o
[105.089s] [ 11%] Building C object CMakeFiles/static_centerline_optimizer__rosidl_generator_c.dir/rosidl_generator_c/static_centerline_optimizer/srv/detail/plan_route__functions.c.o
[105.089s] [ 15%] Building C object CMakeFiles/static_centerline_optimizer__rosidl_generator_c.dir/rosidl_generator_c/static_centerline_optimizer/srv/detail/plan_path__functions.c.o
[105.089s] [ 15%] Building C object CMakeFiles/static_centerline_optimizer__rosidl_generator_c.dir/rosidl_generator_c/static_centerline_optimizer/msg/detail/points_with_lane_id__functions.c.o
[105.208s] [ 16%] Linking C shared library libstatic_centerline_optimizer__rosidl_generator_c.so
[105.243s] [ 16%] Built target static_centerline_optimizer__rosidl_generator_c
[105.254s] [ 18%] Generating C type support for eProsima Fast-RTPS
[105.256s] [ 20%] Generating C type support dispatch for ROS interfaces
[105.257s] [ 21%] Generating C introspection for ROS interfaces
[105.448s] [ 23%] Building CXX object CMakeFiles/static_centerline_optimizer__rosidl_typesupport_cpp.dir/rosidl_typesupport_cpp/static_centerline_optimizer/srv/load_map__type_support.cpp.o
[105.449s] [ 26%] Building CXX object CMakeFiles/static_centerline_optimizer__rosidl_typesupport_cpp.dir/rosidl_typesupport_cpp/static_centerline_optimizer/msg/points_with_lane_id__type_support.cpp.o
[105.449s] [ 26%] Building CXX object CMakeFiles/static_centerline_optimizer__rosidl_typesupport_cpp.dir/rosidl_typesupport_cpp/static_centerline_optimizer/srv/plan_path__type_support.cpp.o
[105.449s] [ 28%] Building CXX object CMakeFiles/static_centerline_optimizer__rosidl_typesupport_cpp.dir/rosidl_typesupport_cpp/static_centerline_optimizer/srv/plan_route__type_support.cpp.o
[105.515s] [ 30%] Building CXX object CMakeFiles/static_centerline_optimizer__rosidl_typesupport_introspection_cpp.dir/rosidl_typesupport_introspection_cpp/static_centerline_optimizer/srv/detail/load_map__type_support.cpp.o
[105.515s] [ 31%] Building CXX object CMakeFiles/static_centerline_optimizer__rosidl_typesupport_introspection_cpp.dir/rosidl_typesupport_introspection_cpp/static_centerline_optimizer/srv/detail/plan_path__type_support.cpp.o
[105.516s] [ 33%] Building CXX object CMakeFiles/static_centerline_optimizer__rosidl_typesupport_introspection_cpp.dir/rosidl_typesupport_introspection_cpp/static_centerline_optimizer/msg/detail/points_with_lane_id__type_support.cpp.o
[105.517s] [ 35%] Building CXX object CMakeFiles/static_centerline_optimizer__rosidl_typesupport_introspection_cpp.dir/rosidl_typesupport_introspection_cpp/static_centerline_optimizer/srv/detail/plan_route__type_support.cpp.o
[105.569s] [ 38%] Building CXX object CMakeFiles/static_centerline_optimizer__rosidl_typesupport_fastrtps_cpp.dir/rosidl_typesupport_fastrtps_cpp/static_centerline_optimizer/srv/detail/dds_fastrtps/load_map__type_support.cpp.o
[105.569s] [ 38%] Building CXX object CMakeFiles/static_centerline_optimizer__rosidl_typesupport_fastrtps_cpp.dir/rosidl_typesupport_fastrtps_cpp/static_centerline_optimizer/srv/detail/dds_fastrtps/plan_route__type_support.cpp.o
[105.570s] [ 41%] Building CXX object CMakeFiles/static_centerline_optimizer__rosidl_typesupport_fastrtps_cpp.dir/rosidl_typesupport_fastrtps_cpp/static_centerline_optimizer/srv/detail/dds_fastrtps/plan_path__type_support.cpp.o
[105.570s] [ 41%] Building CXX object CMakeFiles/static_centerline_optimizer__rosidl_typesupport_fastrtps_cpp.dir/rosidl_typesupport_fastrtps_cpp/static_centerline_optimizer/msg/detail/dds_fastrtps/points_with_lane_id__type_support.cpp.o
[105.622s] [ 43%] Building CXX object CMakeFiles/static_centerline_optimizer__rosidl_typesupport_c.dir/rosidl_typesupport_c/static_centerline_optimizer/srv/load_map__type_support.cpp.o
[105.622s] [ 45%] Building CXX object CMakeFiles/static_centerline_optimizer__rosidl_typesupport_c.dir/rosidl_typesupport_c/static_centerline_optimizer/msg/points_with_lane_id__type_support.cpp.o
[105.623s] [ 46%] Building CXX object CMakeFiles/static_centerline_optimizer__rosidl_typesupport_c.dir/rosidl_typesupport_c/static_centerline_optimizer/srv/plan_path__type_support.cpp.o
[105.623s] [ 48%] Building CXX object CMakeFiles/static_centerline_optimizer__rosidl_typesupport_c.dir/rosidl_typesupport_c/static_centerline_optimizer/srv/plan_route__type_support.cpp.o
[105.658s] [ 50%] Linking CXX shared library libstatic_centerline_optimizer__rosidl_typesupport_c.so
[105.691s] [ 51%] Linking CXX shared library libstatic_centerline_optimizer__rosidl_typesupport_cpp.so
[105.699s] [ 51%] Built target static_centerline_optimizer__rosidl_typesupport_c
[105.724s] [ 53%] Building C object CMakeFiles/static_centerline_optimizer__rosidl_typesupport_introspection_c.dir/rosidl_typesupport_introspection_c/static_centerline_optimizer/srv/detail/load_map__type_support.c.o
[105.724s] [ 55%] Building C object CMakeFiles/static_centerline_optimizer__rosidl_typesupport_introspection_c.dir/rosidl_typesupport_introspection_c/static_centerline_optimizer/srv/detail/plan_route__type_support.c.o
[105.725s] [ 56%] Building C object CMakeFiles/static_centerline_optimizer__rosidl_typesupport_introspection_c.dir/rosidl_typesupport_introspection_c/static_centerline_optimizer/srv/detail/plan_path__type_support.c.o
[105.725s] [ 58%] Building C object CMakeFiles/static_centerline_optimizer__rosidl_typesupport_introspection_c.dir/rosidl_typesupport_introspection_c/static_centerline_optimizer/msg/detail/points_with_lane_id__type_support.c.o
[105.728s] [ 60%] Building CXX object CMakeFiles/static_centerline_optimizer__rosidl_typesupport_fastrtps_c.dir/rosidl_typesupport_fastrtps_c/static_centerline_optimizer/srv/detail/load_map__type_support_c.cpp.o
[105.728s] [ 61%] Building CXX object CMakeFiles/static_centerline_optimizer__rosidl_typesupport_fastrtps_c.dir/rosidl_typesupport_fastrtps_c/static_centerline_optimizer/srv/detail/plan_route__type_support_c.cpp.o
[105.729s] [ 65%] Building CXX object CMakeFiles/static_centerline_optimizer__rosidl_typesupport_fastrtps_c.dir/rosidl_typesupport_fastrtps_c/static_centerline_optimizer/msg/detail/points_with_lane_id__type_support_c.cpp.o
[105.729s] [ 65%] Building CXX object CMakeFiles/static_centerline_optimizer__rosidl_typesupport_fastrtps_c.dir/rosidl_typesupport_fastrtps_c/static_centerline_optimizer/srv/detail/plan_path__type_support_c.cpp.o
[105.735s] [ 65%] Built target static_centerline_optimizer__rosidl_typesupport_cpp
[105.764s] [ 66%] Building CXX object CMakeFiles/main.dir/src/utils.cpp.o
[105.764s] [ 68%] Building CXX object CMakeFiles/main.dir/src/static_centerline_optimizer_node.cpp.o
[105.765s] [ 70%] Building CXX object CMakeFiles/main.dir/src/main.cpp.o
[105.765s] [ 71%] Building CXX object CMakeFiles/main.dir/src/collision_free_optimizer_node.cpp.o
[105.790s] [ 73%] Linking C shared library libstatic_centerline_optimizer__rosidl_typesupport_introspection_c.so
[105.826s] [ 73%] Built target static_centerline_optimizer__rosidl_typesupport_introspection_c
[105.996s] [ 75%] Linking CXX shared library libstatic_centerline_optimizer__rosidl_typesupport_introspection_cpp.so
[106.057s] [ 75%] Built target static_centerline_optimizer__rosidl_typesupport_introspection_cpp
[106.065s] [ 76%] Linking CXX shared library libstatic_centerline_optimizer__rosidl_typesupport_fastrtps_cpp.so
[106.111s] [ 78%] Linking CXX shared library libstatic_centerline_optimizer__rosidl_typesupport_fastrtps_c.so
[106.128s] [ 78%] Built target static_centerline_optimizer__rosidl_typesupport_fastrtps_cpp
[106.174s] [ 78%] Built target static_centerline_optimizer__rosidl_typesupport_fastrtps_c
[106.197s] [ 78%] Built target static_centerline_optimizer
[106.221s] [ 80%] Generating Python code for ROS interfaces
[107.184s] [ 80%] Built target static_centerline_optimizer__py
[107.205s] [ 81%] Building C object CMakeFiles/static_centerline_optimizer__rosidl_generator_py.dir/rosidl_generator_py/static_centerline_optimizer/srv/_load_map_s.c.o
[107.206s] [ 83%] Building C object CMakeFiles/static_centerline_optimizer__rosidl_generator_py.dir/rosidl_generator_py/static_centerline_optimizer/srv/_plan_route_s.c.o
[107.206s] [ 86%] Building C object CMakeFiles/static_centerline_optimizer__rosidl_generator_py.dir/rosidl_generator_py/static_centerline_optimizer/srv/_plan_path_s.c.o
[107.207s] [ 86%] Building C object CMakeFiles/static_centerline_optimizer__rosidl_generator_py.dir/rosidl_generator_py/static_centerline_optimizer/msg/_points_with_lane_id_s.c.o
[107.389s] [ 88%] Linking C shared library rosidl_generator_py/static_centerline_optimizer/libstatic_centerline_optimizer__rosidl_generator_py.so
[107.432s] [ 88%] Built target static_centerline_optimizer__rosidl_generator_py
[107.459s] [ 90%] Building C object CMakeFiles/static_centerline_optimizer__rosidl_typesupport_c__pyext.dir/rosidl_generator_py/static_centerline_optimizer/_static_centerline_optimizer_s.ep.rosidl_typesupport_c.c.o
[107.459s] [ 91%] Building C object CMakeFiles/static_centerline_optimizer__rosidl_typesupport_introspection_c__pyext.dir/rosidl_generator_py/static_centerline_optimizer/_static_centerline_optimizer_s.ep.rosidl_typesupport_introspection_c.c.o
[107.460s] [ 93%] Building C object CMakeFiles/static_centerline_optimizer__rosidl_typesupport_fastrtps_c__pyext.dir/rosidl_generator_py/static_centerline_optimizer/_static_centerline_optimizer_s.ep.rosidl_typesupport_fastrtps_c.c.o
[107.633s] [ 95%] Linking C shared library rosidl_generator_py/static_centerline_optimizer/static_centerline_optimizer_s__rosidl_typesupport_introspection_c.cpython-310-x86_64-linux-gnu.so
[107.633s] [ 96%] Linking C shared library rosidl_generator_py/static_centerline_optimizer/static_centerline_optimizer_s__rosidl_typesupport_c.cpython-310-x86_64-linux-gnu.so
[107.633s] [ 98%] Linking C shared library rosidl_generator_py/static_centerline_optimizer/static_centerline_optimizer_s__rosidl_typesupport_fastrtps_c.cpython-310-x86_64-linux-gnu.so
[107.674s] [ 98%] Built target static_centerline_optimizer__rosidl_typesupport_c__pyext
[107.675s] [ 98%] Built target static_centerline_optimizer__rosidl_typesupport_fastrtps_c__pyext
[107.675s] [ 98%] Built target static_centerline_optimizer__rosidl_typesupport_introspection_c__pyext
[131.977s] [100%] Linking CXX executable main
[132.846s] [100%] Built target main
[132.859s] Invoked command in '/autoware/build/static_centerline_optimizer' returned '0': AMENT_PREFIX_PATH=/autoware/install/mission_planner:/autoware/install/behavior_path_planner:/autoware/install/route_handler:/autoware/install/obstacle_avoidance_planner:/autoware/install/lane_departure_checker:/autoware/install/motion_utils:/autoware/install/global_parameter_loader:/autoware/install/vehicle_info_util:/autoware/install/map_loader:/autoware/install/interpolation:/autoware/install/tier4_autoware_utils:/autoware/install/lanelet2_extension:/autoware/install/autoware_auto_tf2:/autoware/install/osqp_interface:/autoware/install/component_interface_utils:/autoware/install/component_interface_specs:/autoware/install/autoware_utils:/autoware/install/autoware_auto_vehicle_msgs:/autoware/install/autoware_auto_common:/autoware/install/tier4_system_msgs:/autoware/install/rtc_interface:/autoware/install/autoware_planning_msgs:/autoware/install/autoware_cmake:/autoware/install/autoware_auto_planning_msgs:/autoware/install/autoware_auto_perception_msgs:/autoware/install/tier4_rtc_msgs:/autoware/install/tier4_planning_msgs:/autoware/install/tier4_debug_msgs:/autoware/install/autoware_map_msgs:/autoware/install/autoware_lint_common:/autoware/install/autoware_common_msgs:/autoware/install/autoware_auto_system_msgs:/autoware/install/autoware_auto_mapping_msgs:/autoware/install/autoware_auto_geometry_msgs:/autoware/install/autoware_adapi_v1_msgs:${AMENT_PREFIX_PATH} CMAKE_PREFIX_PATH=/autoware/install/mission_planner:/autoware/install/behavior_path_planner:/autoware/install/route_handler:/autoware/install/obstacle_avoidance_planner:/autoware/install/lane_departure_checker:/autoware/install/motion_utils:/autoware/install/global_parameter_loader:/autoware/install/vehicle_info_util:/autoware/install/map_loader:/autoware/install/interpolation:/autoware/install/tier4_autoware_utils:/autoware/install/lanelet2_extension:/autoware/install/autoware_auto_tf2:/autoware/install/osqp_interface:/autoware/install/component_interface_utils:/autoware/install/component_interface_specs:/autoware/install/autoware_utils:/autoware/install/autoware_auto_vehicle_msgs:/autoware/install/autoware_auto_common:/autoware/install/tier4_system_msgs:/autoware/install/rtc_interface:/autoware/install/autoware_planning_msgs:/autoware/install/autoware_cmake:/autoware/install/autoware_auto_planning_msgs:/autoware/install/autoware_auto_perception_msgs:/autoware/install/tier4_rtc_msgs:/autoware/install/tier4_planning_msgs:/autoware/install/tier4_debug_msgs:/autoware/install/autoware_map_msgs:/autoware/install/autoware_lint_common:/autoware/install/autoware_common_msgs:/autoware/install/autoware_auto_system_msgs:/autoware/install/autoware_auto_mapping_msgs:/autoware/install/autoware_auto_geometry_msgs:/autoware/install/autoware_adapi_v1_msgs:/opt/ros/humble LD_LIBRARY_PATH=/autoware/install/mission_planner/lib:/autoware/install/behavior_path_planner/lib:/autoware/install/route_handler/lib:/autoware/install/obstacle_avoidance_planner/lib:/autoware/install/lane_departure_checker/lib:/autoware/install/motion_utils/lib:/autoware/install/vehicle_info_util/lib:/autoware/install/map_loader/lib:/autoware/install/interpolation/lib:/autoware/install/tier4_autoware_utils/lib:/autoware/install/lanelet2_extension/lib:/autoware/install/osqp_interface/lib:/autoware/install/autoware_utils/lib:/autoware/install/autoware_auto_vehicle_msgs/lib:/autoware/install/tier4_system_msgs/lib:/autoware/install/rtc_interface/lib:/autoware/install/autoware_planning_msgs/lib:/autoware/install/autoware_auto_planning_msgs/lib:/autoware/install/autoware_auto_perception_msgs/lib:/autoware/install/tier4_rtc_msgs/lib:/autoware/install/tier4_planning_msgs/lib:/autoware/install/tier4_debug_msgs/lib:/autoware/install/autoware_map_msgs/lib:/autoware/install/autoware_common_msgs/lib:/autoware/install/autoware_auto_system_msgs/lib:/autoware/install/autoware_auto_mapping_msgs/lib:/autoware/install/autoware_auto_geometry_msgs/lib:/autoware/install/autoware_adapi_v1_msgs/lib:${LD_LIBRARY_PATH} PYTHONPATH=/autoware/install/autoware_auto_vehicle_msgs/local/lib/python3.10/dist-packages:/autoware/install/tier4_system_msgs/local/lib/python3.10/dist-packages:/autoware/install/autoware_planning_msgs/local/lib/python3.10/dist-packages:/autoware/install/autoware_auto_planning_msgs/local/lib/python3.10/dist-packages:/autoware/install/autoware_auto_perception_msgs/local/lib/python3.10/dist-packages:/autoware/install/tier4_rtc_msgs/local/lib/python3.10/dist-packages:/autoware/install/tier4_planning_msgs/local/lib/python3.10/dist-packages:/autoware/install/tier4_debug_msgs/local/lib/python3.10/dist-packages:/autoware/install/autoware_map_msgs/local/lib/python3.10/dist-packages:/autoware/install/autoware_common_msgs/local/lib/python3.10/dist-packages:/autoware/install/autoware_auto_system_msgs/local/lib/python3.10/dist-packages:/autoware/install/autoware_auto_mapping_msgs/local/lib/python3.10/dist-packages:/autoware/install/autoware_auto_geometry_msgs/local/lib/python3.10/dist-packages:/autoware/install/autoware_adapi_v1_msgs/local/lib/python3.10/dist-packages:${PYTHONPATH} /usr/bin/cmake --build /autoware/build/static_centerline_optimizer -- -j64 -l64
[132.967s] Invoking command in '/autoware/build/static_centerline_optimizer': AMENT_PREFIX_PATH=/autoware/install/mission_planner:/autoware/install/behavior_path_planner:/autoware/install/route_handler:/autoware/install/obstacle_avoidance_planner:/autoware/install/lane_departure_checker:/autoware/install/motion_utils:/autoware/install/global_parameter_loader:/autoware/install/vehicle_info_util:/autoware/install/map_loader:/autoware/install/interpolation:/autoware/install/tier4_autoware_utils:/autoware/install/lanelet2_extension:/autoware/install/autoware_auto_tf2:/autoware/install/osqp_interface:/autoware/install/component_interface_utils:/autoware/install/component_interface_specs:/autoware/install/autoware_utils:/autoware/install/autoware_auto_vehicle_msgs:/autoware/install/autoware_auto_common:/autoware/install/tier4_system_msgs:/autoware/install/rtc_interface:/autoware/install/autoware_planning_msgs:/autoware/install/autoware_cmake:/autoware/install/autoware_auto_planning_msgs:/autoware/install/autoware_auto_perception_msgs:/autoware/install/tier4_rtc_msgs:/autoware/install/tier4_planning_msgs:/autoware/install/tier4_debug_msgs:/autoware/install/autoware_map_msgs:/autoware/install/autoware_lint_common:/autoware/install/autoware_common_msgs:/autoware/install/autoware_auto_system_msgs:/autoware/install/autoware_auto_mapping_msgs:/autoware/install/autoware_auto_geometry_msgs:/autoware/install/autoware_adapi_v1_msgs:${AMENT_PREFIX_PATH} CMAKE_PREFIX_PATH=/autoware/install/mission_planner:/autoware/install/behavior_path_planner:/autoware/install/route_handler:/autoware/install/obstacle_avoidance_planner:/autoware/install/lane_departure_checker:/autoware/install/motion_utils:/autoware/install/global_parameter_loader:/autoware/install/vehicle_info_util:/autoware/install/map_loader:/autoware/install/interpolation:/autoware/install/tier4_autoware_utils:/autoware/install/lanelet2_extension:/autoware/install/autoware_auto_tf2:/autoware/install/osqp_interface:/autoware/install/component_interface_utils:/autoware/install/component_interface_specs:/autoware/install/autoware_utils:/autoware/install/autoware_auto_vehicle_msgs:/autoware/install/autoware_auto_common:/autoware/install/tier4_system_msgs:/autoware/install/rtc_interface:/autoware/install/autoware_planning_msgs:/autoware/install/autoware_cmake:/autoware/install/autoware_auto_planning_msgs:/autoware/install/autoware_auto_perception_msgs:/autoware/install/tier4_rtc_msgs:/autoware/install/tier4_planning_msgs:/autoware/install/tier4_debug_msgs:/autoware/install/autoware_map_msgs:/autoware/install/autoware_lint_common:/autoware/install/autoware_common_msgs:/autoware/install/autoware_auto_system_msgs:/autoware/install/autoware_auto_mapping_msgs:/autoware/install/autoware_auto_geometry_msgs:/autoware/install/autoware_adapi_v1_msgs:/opt/ros/humble LD_LIBRARY_PATH=/autoware/install/mission_planner/lib:/autoware/install/behavior_path_planner/lib:/autoware/install/route_handler/lib:/autoware/install/obstacle_avoidance_planner/lib:/autoware/install/lane_departure_checker/lib:/autoware/install/motion_utils/lib:/autoware/install/vehicle_info_util/lib:/autoware/install/map_loader/lib:/autoware/install/interpolation/lib:/autoware/install/tier4_autoware_utils/lib:/autoware/install/lanelet2_extension/lib:/autoware/install/osqp_interface/lib:/autoware/install/autoware_utils/lib:/autoware/install/autoware_auto_vehicle_msgs/lib:/autoware/install/tier4_system_msgs/lib:/autoware/install/rtc_interface/lib:/autoware/install/autoware_planning_msgs/lib:/autoware/install/autoware_auto_planning_msgs/lib:/autoware/install/autoware_auto_perception_msgs/lib:/autoware/install/tier4_rtc_msgs/lib:/autoware/install/tier4_planning_msgs/lib:/autoware/install/tier4_debug_msgs/lib:/autoware/install/autoware_map_msgs/lib:/autoware/install/autoware_common_msgs/lib:/autoware/install/autoware_auto_system_msgs/lib:/autoware/install/autoware_auto_mapping_msgs/lib:/autoware/install/autoware_auto_geometry_msgs/lib:/autoware/install/autoware_adapi_v1_msgs/lib:${LD_LIBRARY_PATH} PYTHONPATH=/autoware/install/autoware_auto_vehicle_msgs/local/lib/python3.10/dist-packages:/autoware/install/tier4_system_msgs/local/lib/python3.10/dist-packages:/autoware/install/autoware_planning_msgs/local/lib/python3.10/dist-packages:/autoware/install/autoware_auto_planning_msgs/local/lib/python3.10/dist-packages:/autoware/install/autoware_auto_perception_msgs/local/lib/python3.10/dist-packages:/autoware/install/tier4_rtc_msgs/local/lib/python3.10/dist-packages:/autoware/install/tier4_planning_msgs/local/lib/python3.10/dist-packages:/autoware/install/tier4_debug_msgs/local/lib/python3.10/dist-packages:/autoware/install/autoware_map_msgs/local/lib/python3.10/dist-packages:/autoware/install/autoware_common_msgs/local/lib/python3.10/dist-packages:/autoware/install/autoware_auto_system_msgs/local/lib/python3.10/dist-packages:/autoware/install/autoware_auto_mapping_msgs/local/lib/python3.10/dist-packages:/autoware/install/autoware_auto_geometry_msgs/local/lib/python3.10/dist-packages:/autoware/install/autoware_adapi_v1_msgs/local/lib/python3.10/dist-packages:${PYTHONPATH} /usr/bin/cmake --install /autoware/build/static_centerline_optimizer
[132.973s] -- Install configuration: "Release"
[132.974s] -- Execute custom install script
[132.974s] -- Symlinking: /autoware/install/static_centerline_optimizer/share/ament_index/resource_index/rosidl_interfaces/static_centerline_optimizer
[132.984s] -- Symlinking: /autoware/install/static_centerline_optimizer/include/static_centerline_optimizer/static_centerline_optimizer/msg/detail/points_with_lane_id__functions.h
[132.992s] -- Symlinking: /autoware/install/static_centerline_optimizer/include/static_centerline_optimizer/static_centerline_optimizer/msg/detail/points_with_lane_id__struct.h
[132.999s] -- Symlinking: /autoware/install/static_centerline_optimizer/include/static_centerline_optimizer/static_centerline_optimizer/msg/detail/points_with_lane_id__type_support.h
[133.006s] -- Symlinking: /autoware/install/static_centerline_optimizer/include/static_centerline_optimizer/static_centerline_optimizer/msg/points_with_lane_id.h
[133.015s] -- Symlinking: /autoware/install/static_centerline_optimizer/include/static_centerline_optimizer/static_centerline_optimizer/msg/rosidl_generator_c__visibility_control.h
[133.023s] -- Symlinking: /autoware/install/static_centerline_optimizer/include/static_centerline_optimizer/static_centerline_optimizer/srv/detail/load_map__functions.h
[133.030s] -- Symlinking: /autoware/install/static_centerline_optimizer/include/static_centerline_optimizer/static_centerline_optimizer/srv/detail/load_map__struct.h
[133.038s] -- Symlinking: /autoware/install/static_centerline_optimizer/include/static_centerline_optimizer/static_centerline_optimizer/srv/detail/load_map__type_support.h
[133.046s] -- Symlinking: /autoware/install/static_centerline_optimizer/include/static_centerline_optimizer/static_centerline_optimizer/srv/detail/plan_path__functions.h
[133.055s] -- Symlinking: /autoware/install/static_centerline_optimizer/include/static_centerline_optimizer/static_centerline_optimizer/srv/detail/plan_path__struct.h
[133.062s] -- Symlinking: /autoware/install/static_centerline_optimizer/include/static_centerline_optimizer/static_centerline_optimizer/srv/detail/plan_path__type_support.h
[133.069s] -- Symlinking: /autoware/install/static_centerline_optimizer/include/static_centerline_optimizer/static_centerline_optimizer/srv/detail/plan_route__functions.h
[133.077s] -- Symlinking: /autoware/install/static_centerline_optimizer/include/static_centerline_optimizer/static_centerline_optimizer/srv/detail/plan_route__struct.h
[133.085s] -- Symlinking: /autoware/install/static_centerline_optimizer/include/static_centerline_optimizer/static_centerline_optimizer/srv/detail/plan_route__type_support.h
[133.092s] -- Symlinking: /autoware/install/static_centerline_optimizer/include/static_centerline_optimizer/static_centerline_optimizer/srv/load_map.h
[133.100s] -- Symlinking: /autoware/install/static_centerline_optimizer/include/static_centerline_optimizer/static_centerline_optimizer/srv/plan_path.h
[133.108s] -- Symlinking: /autoware/install/static_centerline_optimizer/include/static_centerline_optimizer/static_centerline_optimizer/srv/plan_route.h
[133.115s] -- Symlinking: /autoware/install/static_centerline_optimizer/share/static_centerline_optimizer/environment/library_path.sh
[133.123s] -- Symlinking: /autoware/install/static_centerline_optimizer/share/static_centerline_optimizer/environment/library_path.dsv
[133.131s] -- Symlinking: /autoware/install/static_centerline_optimizer/include/static_centerline_optimizer/static_centerline_optimizer/msg/detail/points_with_lane_id__rosidl_typesupport_fastrtps_c.h
[133.139s] -- Symlinking: /autoware/install/static_centerline_optimizer/include/static_centerline_optimizer/static_centerline_optimizer/msg/rosidl_typesupport_fastrtps_c__visibility_control.h
[133.146s] -- Symlinking: /autoware/install/static_centerline_optimizer/include/static_centerline_optimizer/static_centerline_optimizer/srv/detail/load_map__rosidl_typesupport_fastrtps_c.h
[133.154s] -- Symlinking: /autoware/install/static_centerline_optimizer/include/static_centerline_optimizer/static_centerline_optimizer/srv/detail/plan_path__rosidl_typesupport_fastrtps_c.h
[133.161s] -- Symlinking: /autoware/install/static_centerline_optimizer/include/static_centerline_optimizer/static_centerline_optimizer/srv/detail/plan_route__rosidl_typesupport_fastrtps_c.h
[133.170s] -- Symlinking: /autoware/install/static_centerline_optimizer/include/static_centerline_optimizer/static_centerline_optimizer/msg/detail/points_with_lane_id__builder.hpp
[133.178s] -- Symlinking: /autoware/install/static_centerline_optimizer/include/static_centerline_optimizer/static_centerline_optimizer/msg/detail/points_with_lane_id__struct.hpp
[133.185s] -- Symlinking: /autoware/install/static_centerline_optimizer/include/static_centerline_optimizer/static_centerline_optimizer/msg/detail/points_with_lane_id__traits.hpp
[133.193s] -- Symlinking: /autoware/install/static_centerline_optimizer/include/static_centerline_optimizer/static_centerline_optimizer/msg/points_with_lane_id.hpp
[133.200s] -- Symlinking: /autoware/install/static_centerline_optimizer/include/static_centerline_optimizer/static_centerline_optimizer/srv/detail/load_map__builder.hpp
[133.207s] -- Symlinking: /autoware/install/static_centerline_optimizer/include/static_centerline_optimizer/static_centerline_optimizer/srv/detail/load_map__struct.hpp
[133.215s] -- Symlinking: /autoware/install/static_centerline_optimizer/include/static_centerline_optimizer/static_centerline_optimizer/srv/detail/load_map__traits.hpp
[133.222s] -- Symlinking: /autoware/install/static_centerline_optimizer/include/static_centerline_optimizer/static_centerline_optimizer/srv/detail/plan_path__builder.hpp
[133.229s] -- Symlinking: /autoware/install/static_centerline_optimizer/include/static_centerline_optimizer/static_centerline_optimizer/srv/detail/plan_path__struct.hpp
[133.236s] -- Symlinking: /autoware/install/static_centerline_optimizer/include/static_centerline_optimizer/static_centerline_optimizer/srv/detail/plan_path__traits.hpp
[133.244s] -- Symlinking: /autoware/install/static_centerline_optimizer/include/static_centerline_optimizer/static_centerline_optimizer/srv/detail/plan_route__builder.hpp
[133.252s] -- Symlinking: /autoware/install/static_centerline_optimizer/include/static_centerline_optimizer/static_centerline_optimizer/srv/detail/plan_route__struct.hpp
[133.259s] -- Symlinking: /autoware/install/static_centerline_optimizer/include/static_centerline_optimizer/static_centerline_optimizer/srv/detail/plan_route__traits.hpp
[133.266s] -- Symlinking: /autoware/install/static_centerline_optimizer/include/static_centerline_optimizer/static_centerline_optimizer/srv/load_map.hpp
[133.273s] -- Symlinking: /autoware/install/static_centerline_optimizer/include/static_centerline_optimizer/static_centerline_optimizer/srv/plan_path.hpp
[133.282s] -- Symlinking: /autoware/install/static_centerline_optimizer/include/static_centerline_optimizer/static_centerline_optimizer/srv/plan_route.hpp
[133.290s] -- Symlinking: /autoware/install/static_centerline_optimizer/include/static_centerline_optimizer/static_centerline_optimizer/msg/detail/points_with_lane_id__rosidl_typesupport_fastrtps_cpp.hpp
[133.299s] -- Symlinking: /autoware/install/static_centerline_optimizer/include/static_centerline_optimizer/static_centerline_optimizer/msg/rosidl_typesupport_fastrtps_cpp__visibility_control.h
[133.306s] -- Symlinking: /autoware/install/static_centerline_optimizer/include/static_centerline_optimizer/static_centerline_optimizer/srv/detail/load_map__rosidl_typesupport_fastrtps_cpp.hpp
[133.314s] -- Symlinking: /autoware/install/static_centerline_optimizer/include/static_centerline_optimizer/static_centerline_optimizer/srv/detail/plan_path__rosidl_typesupport_fastrtps_cpp.hpp
[133.321s] -- Symlinking: /autoware/install/static_centerline_optimizer/include/static_centerline_optimizer/static_centerline_optimizer/srv/detail/plan_route__rosidl_typesupport_fastrtps_cpp.hpp
[133.330s] -- Symlinking: /autoware/install/static_centerline_optimizer/include/static_centerline_optimizer/static_centerline_optimizer/msg/detail/points_with_lane_id__rosidl_typesupport_introspection_c.h
[133.337s] -- Symlinking: /autoware/install/static_centerline_optimizer/include/static_centerline_optimizer/static_centerline_optimizer/msg/rosidl_typesupport_introspection_c__visibility_control.h
[133.344s] -- Symlinking: /autoware/install/static_centerline_optimizer/include/static_centerline_optimizer/static_centerline_optimizer/srv/detail/load_map__rosidl_typesupport_introspection_c.h
[133.352s] -- Symlinking: /autoware/install/static_centerline_optimizer/include/static_centerline_optimizer/static_centerline_optimizer/srv/detail/plan_path__rosidl_typesupport_introspection_c.h
[133.360s] -- Symlinking: /autoware/install/static_centerline_optimizer/include/static_centerline_optimizer/static_centerline_optimizer/srv/detail/plan_route__rosidl_typesupport_introspection_c.h
[133.368s] -- Symlinking: /autoware/install/static_centerline_optimizer/include/static_centerline_optimizer/static_centerline_optimizer/msg/detail/points_with_lane_id__rosidl_typesupport_introspection_cpp.hpp
[133.376s] -- Symlinking: /autoware/install/static_centerline_optimizer/include/static_centerline_optimizer/static_centerline_optimizer/srv/detail/load_map__rosidl_typesupport_introspection_cpp.hpp
[133.383s] -- Symlinking: /autoware/install/static_centerline_optimizer/include/static_centerline_optimizer/static_centerline_optimizer/srv/detail/plan_path__rosidl_typesupport_introspection_cpp.hpp
[133.390s] -- Symlinking: /autoware/install/static_centerline_optimizer/include/static_centerline_optimizer/static_centerline_optimizer/srv/detail/plan_route__rosidl_typesupport_introspection_cpp.hpp
[133.398s] -- Symlinking: /autoware/install/static_centerline_optimizer/share/static_centerline_optimizer/environment/pythonpath.sh
[133.406s] -- Symlinking: /autoware/install/static_centerline_optimizer/share/static_centerline_optimizer/environment/pythonpath.dsv
[133.414s] -- Symlinking: /autoware/install/static_centerline_optimizer/local/lib/python3.10/dist-packages/static_centerline_optimizer-0.1.0-py3.10.egg-info/PKG-INFO
[133.422s] -- Symlinking: /autoware/install/static_centerline_optimizer/local/lib/python3.10/dist-packages/static_centerline_optimizer-0.1.0-py3.10.egg-info/SOURCES.txt
[133.430s] -- Symlinking: /autoware/install/static_centerline_optimizer/local/lib/python3.10/dist-packages/static_centerline_optimizer-0.1.0-py3.10.egg-info/dependency_links.txt
[133.437s] -- Symlinking: /autoware/install/static_centerline_optimizer/local/lib/python3.10/dist-packages/static_centerline_optimizer-0.1.0-py3.10.egg-info/top_level.txt
[133.446s] -- Symlinking: /autoware/install/static_centerline_optimizer/local/lib/python3.10/dist-packages/static_centerline_optimizer/__init__.py
[133.454s] -- Symlinking: /autoware/install/static_centerline_optimizer/local/lib/python3.10/dist-packages/static_centerline_optimizer/_static_centerline_optimizer_s.ep.rosidl_typesupport_c.c
[133.462s] -- Symlinking: /autoware/install/static_centerline_optimizer/local/lib/python3.10/dist-packages/static_centerline_optimizer/_static_centerline_optimizer_s.ep.rosidl_typesupport_fastrtps_c.c
[133.472s] -- Symlinking: /autoware/install/static_centerline_optimizer/local/lib/python3.10/dist-packages/static_centerline_optimizer/_static_centerline_optimizer_s.ep.rosidl_typesupport_introspection_c.c
[133.480s] -- Symlinking: /autoware/install/static_centerline_optimizer/local/lib/python3.10/dist-packages/static_centerline_optimizer/libstatic_centerline_optimizer__rosidl_generator_py.so
[133.487s] -- Symlinking: /autoware/install/static_centerline_optimizer/local/lib/python3.10/dist-packages/static_centerline_optimizer/msg/__init__.py
[133.495s] -- Symlinking: /autoware/install/static_centerline_optimizer/local/lib/python3.10/dist-packages/static_centerline_optimizer/msg/_points_with_lane_id.py
[133.503s] -- Symlinking: /autoware/install/static_centerline_optimizer/local/lib/python3.10/dist-packages/static_centerline_optimizer/msg/_points_with_lane_id_s.c
[133.510s] -- Symlinking: /autoware/install/static_centerline_optimizer/local/lib/python3.10/dist-packages/static_centerline_optimizer/srv/__init__.py
[133.518s] -- Symlinking: /autoware/install/static_centerline_optimizer/local/lib/python3.10/dist-packages/static_centerline_optimizer/srv/_load_map.py
[133.525s] -- Symlinking: /autoware/install/static_centerline_optimizer/local/lib/python3.10/dist-packages/static_centerline_optimizer/srv/_load_map_s.c
[133.533s] -- Symlinking: /autoware/install/static_centerline_optimizer/local/lib/python3.10/dist-packages/static_centerline_optimizer/srv/_plan_path.py
[133.541s] -- Symlinking: /autoware/install/static_centerline_optimizer/local/lib/python3.10/dist-packages/static_centerline_optimizer/srv/_plan_path_s.c
[133.550s] -- Symlinking: /autoware/install/static_centerline_optimizer/local/lib/python3.10/dist-packages/static_centerline_optimizer/srv/_plan_route.py
[133.557s] -- Symlinking: /autoware/install/static_centerline_optimizer/local/lib/python3.10/dist-packages/static_centerline_optimizer/srv/_plan_route_s.c
[133.565s] -- Symlinking: /autoware/install/static_centerline_optimizer/local/lib/python3.10/dist-packages/static_centerline_optimizer/static_centerline_optimizer_s__rosidl_typesupport_c.cpython-310-x86_64-linux-gnu.so
[133.573s] -- Symlinking: /autoware/install/static_centerline_optimizer/local/lib/python3.10/dist-packages/static_centerline_optimizer/static_centerline_optimizer_s__rosidl_typesupport_fastrtps_c.cpython-310-x86_64-linux-gnu.so
[133.580s] -- Symlinking: /autoware/install/static_centerline_optimizer/local/lib/python3.10/dist-packages/static_centerline_optimizer/static_centerline_optimizer_s__rosidl_typesupport_introspection_c.cpython-310-x86_64-linux-gnu.so
[133.589s] -- Up-to-date symlink: /autoware/install/static_centerline_optimizer/local/lib/python3.10/dist-packages/static_centerline_optimizer/static_centerline_optimizer_s__rosidl_typesupport_fastrtps_c.cpython-310-x86_64-linux-gnu.so
[133.589s] -- Up-to-date symlink: /autoware/install/static_centerline_optimizer/local/lib/python3.10/dist-packages/static_centerline_optimizer/static_centerline_optimizer_s__rosidl_typesupport_introspection_c.cpython-310-x86_64-linux-gnu.so
[133.590s] -- Up-to-date symlink: /autoware/install/static_centerline_optimizer/local/lib/python3.10/dist-packages/static_centerline_optimizer/static_centerline_optimizer_s__rosidl_typesupport_c.cpython-310-x86_64-linux-gnu.so
[133.590s] -- Symlinking: /autoware/install/static_centerline_optimizer/share/static_centerline_optimizer/srv/LoadMap.idl
[133.598s] -- Symlinking: /autoware/install/static_centerline_optimizer/share/static_centerline_optimizer/srv/PlanRoute.idl
[133.605s] -- Symlinking: /autoware/install/static_centerline_optimizer/share/static_centerline_optimizer/srv/PlanPath.idl
[133.613s] -- Symlinking: /autoware/install/static_centerline_optimizer/share/static_centerline_optimizer/msg/PointsWithLaneId.idl
[133.622s] -- Symlinking: /autoware/install/static_centerline_optimizer/share/static_centerline_optimizer/srv/LoadMap.srv
[133.630s] -- Symlinking: /autoware/install/static_centerline_optimizer/share/static_centerline_optimizer/srv/LoadMap_Request.msg
[133.637s] -- Symlinking: /autoware/install/static_centerline_optimizer/share/static_centerline_optimizer/srv/LoadMap_Response.msg
[133.645s] -- Symlinking: /autoware/install/static_centerline_optimizer/share/static_centerline_optimizer/srv/PlanRoute.srv
[133.653s] -- Symlinking: /autoware/install/static_centerline_optimizer/share/static_centerline_optimizer/srv/PlanRoute_Request.msg
[133.660s] -- Symlinking: /autoware/install/static_centerline_optimizer/share/static_centerline_optimizer/srv/PlanRoute_Response.msg
[133.668s] -- Symlinking: /autoware/install/static_centerline_optimizer/share/static_centerline_optimizer/srv/PlanPath.srv
[133.676s] -- Symlinking: /autoware/install/static_centerline_optimizer/share/static_centerline_optimizer/srv/PlanPath_Request.msg
[133.684s] -- Symlinking: /autoware/install/static_centerline_optimizer/share/static_centerline_optimizer/srv/PlanPath_Response.msg
[133.693s] -- Symlinking: /autoware/install/static_centerline_optimizer/share/static_centerline_optimizer/msg/PointsWithLaneId.msg
[133.701s] -- Symlinking: /autoware/install/static_centerline_optimizer/include/static_centerline_optimizer/collision_free_optimizer_node.hpp
[133.709s] -- Symlinking: /autoware/install/static_centerline_optimizer/include/static_centerline_optimizer/static_centerline_optimizer_node.hpp
[133.717s] -- Symlinking: /autoware/install/static_centerline_optimizer/include/static_centerline_optimizer/type_alias.hpp
[133.725s] -- Symlinking: /autoware/install/static_centerline_optimizer/include/static_centerline_optimizer/utils.hpp
[133.733s] -- Symlinking: /autoware/install/static_centerline_optimizer/lib/static_centerline_optimizer/main
[133.741s] -- Symlinking: /autoware/install/static_centerline_optimizer/share/static_centerline_optimizer/launch/run_planning_server.launch.xml
[133.750s] -- Symlinking: /autoware/install/static_centerline_optimizer/share/static_centerline_optimizer/launch/static_centerline_optimizer.launch.xml
[133.758s] -- Symlinking: /autoware/install/static_centerline_optimizer/share/static_centerline_optimizer/config/static_centerline_optimizer.param.yaml
[133.765s] -- Symlinking: /autoware/install/static_centerline_optimizer/share/static_centerline_optimizer/rviz/static_centerline_optimizer.rviz
[133.774s] -- Symlinking: /autoware/install/static_centerline_optimizer/share/ament_index/resource_index/package_run_dependencies/static_centerline_optimizer
[133.782s] -- Symlinking: /autoware/install/static_centerline_optimizer/share/ament_index/resource_index/parent_prefix_path/static_centerline_optimizer
[133.790s] -- Symlinking: /autoware/install/static_centerline_optimizer/share/static_centerline_optimizer/environment/ament_prefix_path.sh
[133.797s] -- Symlinking: /autoware/install/static_centerline_optimizer/share/static_centerline_optimizer/environment/ament_prefix_path.dsv
[133.805s] -- Symlinking: /autoware/install/static_centerline_optimizer/share/static_centerline_optimizer/environment/path.sh
[133.813s] -- Symlinking: /autoware/install/static_centerline_optimizer/share/static_centerline_optimizer/environment/path.dsv
[133.821s] -- Symlinking: /autoware/install/static_centerline_optimizer/share/static_centerline_optimizer/local_setup.bash
[133.828s] -- Symlinking: /autoware/install/static_centerline_optimizer/share/static_centerline_optimizer/local_setup.sh
[133.836s] -- Symlinking: /autoware/install/static_centerline_optimizer/share/static_centerline_optimizer/local_setup.zsh
[133.844s] -- Symlinking: /autoware/install/static_centerline_optimizer/share/static_centerline_optimizer/local_setup.dsv
[133.851s] -- Symlinking: /autoware/install/static_centerline_optimizer/share/static_centerline_optimizer/package.dsv
[133.859s] -- Symlinking: /autoware/install/static_centerline_optimizer/share/ament_index/resource_index/packages/static_centerline_optimizer
[133.866s] -- Symlinking: /autoware/install/static_centerline_optimizer/share/static_centerline_optimizer/cmake/rosidl_cmake-extras.cmake
[133.874s] -- Symlinking: /autoware/install/static_centerline_optimizer/share/static_centerline_optimizer/cmake/ament_cmake_export_dependencies-extras.cmake
[133.881s] -- Symlinking: /autoware/install/static_centerline_optimizer/share/static_centerline_optimizer/cmake/ament_cmake_export_include_directories-extras.cmake
[133.889s] -- Symlinking: /autoware/install/static_centerline_optimizer/share/static_centerline_optimizer/cmake/ament_cmake_export_libraries-extras.cmake
[133.897s] -- Symlinking: /autoware/install/static_centerline_optimizer/share/static_centerline_optimizer/cmake/ament_cmake_export_targets-extras.cmake
[133.906s] -- Symlinking: /autoware/install/static_centerline_optimizer/share/static_centerline_optimizer/cmake/rosidl_cmake_export_typesupport_targets-extras.cmake
[133.913s] -- Symlinking: /autoware/install/static_centerline_optimizer/share/static_centerline_optimizer/cmake/rosidl_cmake_export_typesupport_libraries-extras.cmake
[133.922s] -- Symlinking: /autoware/install/static_centerline_optimizer/share/static_centerline_optimizer/cmake/static_centerline_optimizerConfig.cmake
[133.930s] -- Symlinking: /autoware/install/static_centerline_optimizer/share/static_centerline_optimizer/cmake/static_centerline_optimizerConfig-version.cmake
[133.937s] -- Symlinking: /autoware/install/static_centerline_optimizer/share/static_centerline_optimizer/package.xml
[133.945s] -- Symlinking: /autoware/install/static_centerline_optimizer/lib/static_centerline_optimizer/app.py
[133.953s] -- Installing: /autoware/install/static_centerline_optimizer/lib/libstatic_centerline_optimizer__rosidl_generator_c.so
[133.954s] -- Set runtime path of "/autoware/install/static_centerline_optimizer/lib/libstatic_centerline_optimizer__rosidl_generator_c.so" to ""
[133.954s] -- Installing: /autoware/install/static_centerline_optimizer/lib/libstatic_centerline_optimizer__rosidl_typesupport_fastrtps_c.so
[133.954s] -- Set runtime path of "/autoware/install/static_centerline_optimizer/lib/libstatic_centerline_optimizer__rosidl_typesupport_fastrtps_c.so" to ""
[133.954s] -- Installing: /autoware/install/static_centerline_optimizer/lib/libstatic_centerline_optimizer__rosidl_typesupport_fastrtps_cpp.so
[133.955s] -- Set runtime path of "/autoware/install/static_centerline_optimizer/lib/libstatic_centerline_optimizer__rosidl_typesupport_fastrtps_cpp.so" to ""
[133.955s] -- Installing: /autoware/install/static_centerline_optimizer/lib/libstatic_centerline_optimizer__rosidl_typesupport_introspection_c.so
[133.956s] -- Set runtime path of "/autoware/install/static_centerline_optimizer/lib/libstatic_centerline_optimizer__rosidl_typesupport_introspection_c.so" to ""
[133.956s] -- Installing: /autoware/install/static_centerline_optimizer/lib/libstatic_centerline_optimizer__rosidl_typesupport_c.so
[133.957s] -- Set runtime path of "/autoware/install/static_centerline_optimizer/lib/libstatic_centerline_optimizer__rosidl_typesupport_c.so" to ""
[133.957s] -- Installing: /autoware/install/static_centerline_optimizer/lib/libstatic_centerline_optimizer__rosidl_typesupport_introspection_cpp.so
[133.957s] -- Set runtime path of "/autoware/install/static_centerline_optimizer/lib/libstatic_centerline_optimizer__rosidl_typesupport_introspection_cpp.so" to ""
[133.958s] -- Installing: /autoware/install/static_centerline_optimizer/lib/libstatic_centerline_optimizer__rosidl_typesupport_cpp.so
[133.958s] -- Set runtime path of "/autoware/install/static_centerline_optimizer/lib/libstatic_centerline_optimizer__rosidl_typesupport_cpp.so" to ""
[134.001s] Listing '/autoware/install/static_centerline_optimizer/local/lib/python3.10/dist-packages/static_centerline_optimizer'...
[134.001s] Compiling '/autoware/install/static_centerline_optimizer/local/lib/python3.10/dist-packages/static_centerline_optimizer/__init__.py'...
[134.001s] Listing '/autoware/install/static_centerline_optimizer/local/lib/python3.10/dist-packages/static_centerline_optimizer/msg'...
[134.001s] Compiling '/autoware/install/static_centerline_optimizer/local/lib/python3.10/dist-packages/static_centerline_optimizer/msg/__init__.py'...
[134.002s] Compiling '/autoware/install/static_centerline_optimizer/local/lib/python3.10/dist-packages/static_centerline_optimizer/msg/_points_with_lane_id.py'...
[134.002s] Listing '/autoware/install/static_centerline_optimizer/local/lib/python3.10/dist-packages/static_centerline_optimizer/srv'...
[134.002s] Compiling '/autoware/install/static_centerline_optimizer/local/lib/python3.10/dist-packages/static_centerline_optimizer/srv/__init__.py'...
[134.002s] Compiling '/autoware/install/static_centerline_optimizer/local/lib/python3.10/dist-packages/static_centerline_optimizer/srv/_load_map.py'...
[134.002s] Compiling '/autoware/install/static_centerline_optimizer/local/lib/python3.10/dist-packages/static_centerline_optimizer/srv/_plan_path.py'...
[134.002s] Compiling '/autoware/install/static_centerline_optimizer/local/lib/python3.10/dist-packages/static_centerline_optimizer/srv/_plan_route.py'...
[134.005s] -- Installing: /autoware/install/static_centerline_optimizer/lib/libstatic_centerline_optimizer__rosidl_generator_py.so
[134.005s] -- Set runtime path of "/autoware/install/static_centerline_optimizer/lib/libstatic_centerline_optimizer__rosidl_generator_py.so" to ""
[134.006s] -- Installing: /autoware/install/static_centerline_optimizer/share/static_centerline_optimizer/cmake/export_static_centerline_optimizer__rosidl_generator_cExport.cmake
[134.006s] -- Installing: /autoware/install/static_centerline_optimizer/share/static_centerline_optimizer/cmake/export_static_centerline_optimizer__rosidl_generator_cExport-release.cmake
[134.006s] -- Installing: /autoware/install/static_centerline_optimizer/share/static_centerline_optimizer/cmake/export_static_centerline_optimizer__rosidl_typesupport_fastrtps_cExport.cmake
[134.006s] -- Installing: /autoware/install/static_centerline_optimizer/share/static_centerline_optimizer/cmake/export_static_centerline_optimizer__rosidl_typesupport_fastrtps_cExport-release.cmake
[134.007s] -- Installing: /autoware/install/static_centerline_optimizer/share/static_centerline_optimizer/cmake/export_static_centerline_optimizer__rosidl_generator_cppExport.cmake
[134.007s] -- Installing: /autoware/install/static_centerline_optimizer/share/static_centerline_optimizer/cmake/export_static_centerline_optimizer__rosidl_typesupport_fastrtps_cppExport.cmake
[134.007s] -- Installing: /autoware/install/static_centerline_optimizer/share/static_centerline_optimizer/cmake/export_static_centerline_optimizer__rosidl_typesupport_fastrtps_cppExport-release.cmake
[134.007s] -- Installing: /autoware/install/static_centerline_optimizer/share/static_centerline_optimizer/cmake/static_centerline_optimizer__rosidl_typesupport_introspection_cExport.cmake
[134.007s] -- Installing: /autoware/install/static_centerline_optimizer/share/static_centerline_optimizer/cmake/static_centerline_optimizer__rosidl_typesupport_introspection_cExport-release.cmake
[134.008s] -- Installing: /autoware/install/static_centerline_optimizer/share/static_centerline_optimizer/cmake/static_centerline_optimizer__rosidl_typesupport_cExport.cmake
[134.008s] -- Installing: /autoware/install/static_centerline_optimizer/share/static_centerline_optimizer/cmake/static_centerline_optimizer__rosidl_typesupport_cExport-release.cmake
[134.008s] -- Installing: /autoware/install/static_centerline_optimizer/share/static_centerline_optimizer/cmake/static_centerline_optimizer__rosidl_typesupport_introspection_cppExport.cmake
[134.008s] -- Installing: /autoware/install/static_centerline_optimizer/share/static_centerline_optimizer/cmake/static_centerline_optimizer__rosidl_typesupport_introspection_cppExport-release.cmake
[134.009s] -- Installing: /autoware/install/static_centerline_optimizer/share/static_centerline_optimizer/cmake/static_centerline_optimizer__rosidl_typesupport_cppExport.cmake
[134.009s] -- Installing: /autoware/install/static_centerline_optimizer/share/static_centerline_optimizer/cmake/static_centerline_optimizer__rosidl_typesupport_cppExport-release.cmake
[134.009s] -- Installing: /autoware/install/static_centerline_optimizer/share/static_centerline_optimizer/cmake/export_static_centerline_optimizer__rosidl_generator_pyExport.cmake
[134.009s] -- Installing: /autoware/install/static_centerline_optimizer/share/static_centerline_optimizer/cmake/export_static_centerline_optimizer__rosidl_generator_pyExport-release.cmake
[134.022s] Invoked command in '/autoware/build/static_centerline_optimizer' returned '0': AMENT_PREFIX_PATH=/autoware/install/mission_planner:/autoware/install/behavior_path_planner:/autoware/install/route_handler:/autoware/install/obstacle_avoidance_planner:/autoware/install/lane_departure_checker:/autoware/install/motion_utils:/autoware/install/global_parameter_loader:/autoware/install/vehicle_info_util:/autoware/install/map_loader:/autoware/install/interpolation:/autoware/install/tier4_autoware_utils:/autoware/install/lanelet2_extension:/autoware/install/autoware_auto_tf2:/autoware/install/osqp_interface:/autoware/install/component_interface_utils:/autoware/install/component_interface_specs:/autoware/install/autoware_utils:/autoware/install/autoware_auto_vehicle_msgs:/autoware/install/autoware_auto_common:/autoware/install/tier4_system_msgs:/autoware/install/rtc_interface:/autoware/install/autoware_planning_msgs:/autoware/install/autoware_cmake:/autoware/install/autoware_auto_planning_msgs:/autoware/install/autoware_auto_perception_msgs:/autoware/install/tier4_rtc_msgs:/autoware/install/tier4_planning_msgs:/autoware/install/tier4_debug_msgs:/autoware/install/autoware_map_msgs:/autoware/install/autoware_lint_common:/autoware/install/autoware_common_msgs:/autoware/install/autoware_auto_system_msgs:/autoware/install/autoware_auto_mapping_msgs:/autoware/install/autoware_auto_geometry_msgs:/autoware/install/autoware_adapi_v1_msgs:${AMENT_PREFIX_PATH} CMAKE_PREFIX_PATH=/autoware/install/mission_planner:/autoware/install/behavior_path_planner:/autoware/install/route_handler:/autoware/install/obstacle_avoidance_planner:/autoware/install/lane_departure_checker:/autoware/install/motion_utils:/autoware/install/global_parameter_loader:/autoware/install/vehicle_info_util:/autoware/install/map_loader:/autoware/install/interpolation:/autoware/install/tier4_autoware_utils:/autoware/install/lanelet2_extension:/autoware/install/autoware_auto_tf2:/autoware/install/osqp_interface:/autoware/install/component_interface_utils:/autoware/install/component_interface_specs:/autoware/install/autoware_utils:/autoware/install/autoware_auto_vehicle_msgs:/autoware/install/autoware_auto_common:/autoware/install/tier4_system_msgs:/autoware/install/rtc_interface:/autoware/install/autoware_planning_msgs:/autoware/install/autoware_cmake:/autoware/install/autoware_auto_planning_msgs:/autoware/install/autoware_auto_perception_msgs:/autoware/install/tier4_rtc_msgs:/autoware/install/tier4_planning_msgs:/autoware/install/tier4_debug_msgs:/autoware/install/autoware_map_msgs:/autoware/install/autoware_lint_common:/autoware/install/autoware_common_msgs:/autoware/install/autoware_auto_system_msgs:/autoware/install/autoware_auto_mapping_msgs:/autoware/install/autoware_auto_geometry_msgs:/autoware/install/autoware_adapi_v1_msgs:/opt/ros/humble LD_LIBRARY_PATH=/autoware/install/mission_planner/lib:/autoware/install/behavior_path_planner/lib:/autoware/install/route_handler/lib:/autoware/install/obstacle_avoidance_planner/lib:/autoware/install/lane_departure_checker/lib:/autoware/install/motion_utils/lib:/autoware/install/vehicle_info_util/lib:/autoware/install/map_loader/lib:/autoware/install/interpolation/lib:/autoware/install/tier4_autoware_utils/lib:/autoware/install/lanelet2_extension/lib:/autoware/install/osqp_interface/lib:/autoware/install/autoware_utils/lib:/autoware/install/autoware_auto_vehicle_msgs/lib:/autoware/install/tier4_system_msgs/lib:/autoware/install/rtc_interface/lib:/autoware/install/autoware_planning_msgs/lib:/autoware/install/autoware_auto_planning_msgs/lib:/autoware/install/autoware_auto_perception_msgs/lib:/autoware/install/tier4_rtc_msgs/lib:/autoware/install/tier4_planning_msgs/lib:/autoware/install/tier4_debug_msgs/lib:/autoware/install/autoware_map_msgs/lib:/autoware/install/autoware_common_msgs/lib:/autoware/install/autoware_auto_system_msgs/lib:/autoware/install/autoware_auto_mapping_msgs/lib:/autoware/install/autoware_auto_geometry_msgs/lib:/autoware/install/autoware_adapi_v1_msgs/lib:${LD_LIBRARY_PATH} PYTHONPATH=/autoware/install/autoware_auto_vehicle_msgs/local/lib/python3.10/dist-packages:/autoware/install/tier4_system_msgs/local/lib/python3.10/dist-packages:/autoware/install/autoware_planning_msgs/local/lib/python3.10/dist-packages:/autoware/install/autoware_auto_planning_msgs/local/lib/python3.10/dist-packages:/autoware/install/autoware_auto_perception_msgs/local/lib/python3.10/dist-packages:/autoware/install/tier4_rtc_msgs/local/lib/python3.10/dist-packages:/autoware/install/tier4_planning_msgs/local/lib/python3.10/dist-packages:/autoware/install/tier4_debug_msgs/local/lib/python3.10/dist-packages:/autoware/install/autoware_map_msgs/local/lib/python3.10/dist-packages:/autoware/install/autoware_common_msgs/local/lib/python3.10/dist-packages:/autoware/install/autoware_auto_system_msgs/local/lib/python3.10/dist-packages:/autoware/install/autoware_auto_mapping_msgs/local/lib/python3.10/dist-packages:/autoware/install/autoware_auto_geometry_msgs/local/lib/python3.10/dist-packages:/autoware/install/autoware_adapi_v1_msgs/local/lib/python3.10/dist-packages:${PYTHONPATH} /usr/bin/cmake --install /autoware/build/static_centerline_optimizer
