-- The C compiler identification is GNU 11.3.0
-- The CXX compiler identification is GNU 11.3.0
-- Detecting C compiler ABI info
-- Detecting C compiler ABI info - done
-- Check for working C compiler: /usr/bin/cc - skipped
-- Detecting C compile features
-- Detecting C compile features - done
-- Detecting CXX compiler ABI info
-- Detecting CXX compiler ABI info - done
-- Check for working CXX compiler: /usr/bin/c++ - skipped
-- Detecting CXX compile features
-- Detecting CXX compile features - done
-- Found ament_cmake_auto: 1.3.2 (/opt/ros/humble/share/ament_cmake_auto/cmake)
-- Found Python3: /usr/bin/python3.10 (found version "3.10.6") found components: Interpreter 
-- Override CMake install command with custom implementation using symlinks instead of copying resources
-- Using all available rosidl_typesupport_c: rosidl_typesupport_fastrtps_c;rosidl_typesupport_introspection_c
-- Found rosidl_adapter: 3.1.3 (/opt/ros/humble/share/rosidl_adapter/cmake)
-- Using all available rosidl_typesupport_cpp: rosidl_typesupport_fastrtps_cpp;rosidl_typesupport_introspection_cpp
-- Found ament_cmake_ros: 0.10.0 (/opt/ros/humble/share/ament_cmake_ros/cmake)
-- Using all available rosidl_typesupport_c: rosidl_typesupport_fastrtps_c;rosidl_typesupport_introspection_c
-- Using all available rosidl_typesupport_cpp: rosidl_typesupport_fastrtps_cpp;rosidl_typesupport_introspection_cpp
-- Found PythonInterp: /usr/bin/python3 (found suitable version "3.10.6", minimum required is "3.6") 
-- Found python_cmake_module: 0.10.0 (/opt/ros/humble/share/python_cmake_module/cmake)
-- Found PythonLibs: /usr/lib/x86_64-linux-gnu/libpython3.10.so (found suitable version "3.10.6", minimum required is "3.5") 
-- Using PYTHON_EXECUTABLE: /usr/bin/python3
-- Using PYTHON_INCLUDE_DIRS: /usr/include/python3.10
-- Using PYTHON_LIBRARIES: /usr/lib/x86_64-linux-gnu/libpython3.10.so
-- Found PythonExtra: .so  
-- Found ament_lint_auto: 0.12.4 (/opt/ros/humble/share/ament_lint_auto/cmake)
-- Added test 'copyright' to check source files copyright and LICENSE
-- Added test 'lint_cmake' to check CMake code style
-- Added test 'xmllint' to check XML markup files
-- Configuring done
-- Generating done
-- Build files have been written to: /autoware/build/tier4_control_msgs
[  1%] Generating C code for ROS interfaces
[  2%] Generating C++ code for ROS interfaces
[  2%] Built target ament_cmake_python_symlink_tier4_control_msgs
running egg_info
creating tier4_control_msgs.egg-info
writing tier4_control_msgs.egg-info/PKG-INFO
writing dependency_links to tier4_control_msgs.egg-info/dependency_links.txt
writing top-level names to tier4_control_msgs.egg-info/top_level.txt
writing manifest file 'tier4_control_msgs.egg-info/SOURCES.txt'
reading manifest file 'tier4_control_msgs.egg-info/SOURCES.txt'
writing manifest file 'tier4_control_msgs.egg-info/SOURCES.txt'
[  2%] Built target ament_cmake_python_build_tier4_control_msgs_egg
[  2%] Built target tier4_control_msgs__cpp
[  4%] Generating C++ type support for eProsima Fast-RTPS
[  5%] Generating C++ type support dispatch for ROS interfaces
[  7%] Generating C++ introspection for ROS interfaces
[  8%] Building C object CMakeFiles/tier4_control_msgs__rosidl_generator_c.dir/rosidl_generator_c/tier4_control_msgs/msg/detail/gate_mode__functions.c.o
[  9%] Building C object CMakeFiles/tier4_control_msgs__rosidl_generator_c.dir/rosidl_generator_c/tier4_control_msgs/msg/detail/is_paused__functions.c.o
[ 11%] Building C object CMakeFiles/tier4_control_msgs__rosidl_generator_c.dir/rosidl_generator_c/tier4_control_msgs/msg/detail/external_command_selector_mode__functions.c.o
[ 12%] Building C object CMakeFiles/tier4_control_msgs__rosidl_generator_c.dir/rosidl_generator_c/tier4_control_msgs/msg/detail/is_start_requested__functions.c.o
[ 14%] Building C object CMakeFiles/tier4_control_msgs__rosidl_generator_c.dir/rosidl_generator_c/tier4_control_msgs/srv/detail/external_command_select__functions.c.o
[ 15%] Building C object CMakeFiles/tier4_control_msgs__rosidl_generator_c.dir/rosidl_generator_c/tier4_control_msgs/srv/detail/set_pause__functions.c.o
[ 16%] Linking C shared library libtier4_control_msgs__rosidl_generator_c.so
[ 16%] Built target tier4_control_msgs__rosidl_generator_c
[ 18%] Generating C type support for eProsima Fast-RTPS
[ 19%] Generating C introspection for ROS interfaces
[ 21%] Generating C type support dispatch for ROS interfaces
[ 22%] Building CXX object CMakeFiles/tier4_control_msgs__rosidl_typesupport_introspection_cpp.dir/rosidl_typesupport_introspection_cpp/tier4_control_msgs/msg/detail/gate_mode__type_support.cpp.o
[ 23%] Building CXX object CMakeFiles/tier4_control_msgs__rosidl_typesupport_introspection_cpp.dir/rosidl_typesupport_introspection_cpp/tier4_control_msgs/msg/detail/external_command_selector_mode__type_support.cpp.o
[ 25%] Building CXX object CMakeFiles/tier4_control_msgs__rosidl_typesupport_introspection_cpp.dir/rosidl_typesupport_introspection_cpp/tier4_control_msgs/msg/detail/is_start_requested__type_support.cpp.o
[ 26%] Building CXX object CMakeFiles/tier4_control_msgs__rosidl_typesupport_introspection_cpp.dir/rosidl_typesupport_introspection_cpp/tier4_control_msgs/msg/detail/is_paused__type_support.cpp.o
[ 28%] Building CXX object CMakeFiles/tier4_control_msgs__rosidl_typesupport_introspection_cpp.dir/rosidl_typesupport_introspection_cpp/tier4_control_msgs/srv/detail/set_pause__type_support.cpp.o
[ 29%] Building CXX object CMakeFiles/tier4_control_msgs__rosidl_typesupport_introspection_cpp.dir/rosidl_typesupport_introspection_cpp/tier4_control_msgs/srv/detail/external_command_select__type_support.cpp.o
[ 30%] Building CXX object CMakeFiles/tier4_control_msgs__rosidl_typesupport_cpp.dir/rosidl_typesupport_cpp/tier4_control_msgs/msg/external_command_selector_mode__type_support.cpp.o
[ 35%] Building CXX object CMakeFiles/tier4_control_msgs__rosidl_typesupport_cpp.dir/rosidl_typesupport_cpp/tier4_control_msgs/msg/gate_mode__type_support.cpp.o
[ 36%] Building CXX object CMakeFiles/tier4_control_msgs__rosidl_typesupport_cpp.dir/rosidl_typesupport_cpp/tier4_control_msgs/msg/is_start_requested__type_support.cpp.o
[ 36%] Building CXX object CMakeFiles/tier4_control_msgs__rosidl_typesupport_cpp.dir/rosidl_typesupport_cpp/tier4_control_msgs/msg/is_paused__type_support.cpp.o
[ 36%] Building CXX object CMakeFiles/tier4_control_msgs__rosidl_typesupport_cpp.dir/rosidl_typesupport_cpp/tier4_control_msgs/srv/set_pause__type_support.cpp.o
[ 38%] Building CXX object CMakeFiles/tier4_control_msgs__rosidl_typesupport_cpp.dir/rosidl_typesupport_cpp/tier4_control_msgs/srv/external_command_select__type_support.cpp.o
[ 39%] Building CXX object CMakeFiles/tier4_control_msgs__rosidl_typesupport_fastrtps_cpp.dir/rosidl_typesupport_fastrtps_cpp/tier4_control_msgs/msg/detail/dds_fastrtps/external_command_selector_mode__type_support.cpp.o
[ 40%] Building CXX object CMakeFiles/tier4_control_msgs__rosidl_typesupport_fastrtps_cpp.dir/rosidl_typesupport_fastrtps_cpp/tier4_control_msgs/msg/detail/dds_fastrtps/gate_mode__type_support.cpp.o
[ 42%] Building CXX object CMakeFiles/tier4_control_msgs__rosidl_typesupport_fastrtps_cpp.dir/rosidl_typesupport_fastrtps_cpp/tier4_control_msgs/srv/detail/dds_fastrtps/external_command_select__type_support.cpp.o
[ 43%] Building CXX object CMakeFiles/tier4_control_msgs__rosidl_typesupport_fastrtps_cpp.dir/rosidl_typesupport_fastrtps_cpp/tier4_control_msgs/msg/detail/dds_fastrtps/is_start_requested__type_support.cpp.o
[ 45%] Building CXX object CMakeFiles/tier4_control_msgs__rosidl_typesupport_fastrtps_cpp.dir/rosidl_typesupport_fastrtps_cpp/tier4_control_msgs/msg/detail/dds_fastrtps/is_paused__type_support.cpp.o
[ 46%] Building CXX object CMakeFiles/tier4_control_msgs__rosidl_typesupport_fastrtps_cpp.dir/rosidl_typesupport_fastrtps_cpp/tier4_control_msgs/srv/detail/dds_fastrtps/set_pause__type_support.cpp.o
[ 47%] Building CXX object CMakeFiles/tier4_control_msgs__rosidl_typesupport_c.dir/rosidl_typesupport_c/tier4_control_msgs/msg/gate_mode__type_support.cpp.o
[ 49%] Building CXX object CMakeFiles/tier4_control_msgs__rosidl_typesupport_c.dir/rosidl_typesupport_c/tier4_control_msgs/msg/external_command_selector_mode__type_support.cpp.o
[ 50%] Building CXX object CMakeFiles/tier4_control_msgs__rosidl_typesupport_c.dir/rosidl_typesupport_c/tier4_control_msgs/msg/is_start_requested__type_support.cpp.o
[ 52%] Building CXX object CMakeFiles/tier4_control_msgs__rosidl_typesupport_c.dir/rosidl_typesupport_c/tier4_control_msgs/msg/is_paused__type_support.cpp.o
[ 53%] Building CXX object CMakeFiles/tier4_control_msgs__rosidl_typesupport_c.dir/rosidl_typesupport_c/tier4_control_msgs/srv/external_command_select__type_support.cpp.o
[ 54%] Building CXX object CMakeFiles/tier4_control_msgs__rosidl_typesupport_c.dir/rosidl_typesupport_c/tier4_control_msgs/srv/set_pause__type_support.cpp.o
[ 56%] Linking CXX shared library libtier4_control_msgs__rosidl_typesupport_cpp.so
[ 57%] Linking CXX shared library libtier4_control_msgs__rosidl_typesupport_c.so
[ 59%] Building C object CMakeFiles/tier4_control_msgs__rosidl_typesupport_introspection_c.dir/rosidl_typesupport_introspection_c/tier4_control_msgs/msg/detail/gate_mode__type_support.c.o
[ 60%] Building C object CMakeFiles/tier4_control_msgs__rosidl_typesupport_introspection_c.dir/rosidl_typesupport_introspection_c/tier4_control_msgs/msg/detail/is_start_requested__type_support.c.o
[ 61%] Building C object CMakeFiles/tier4_control_msgs__rosidl_typesupport_introspection_c.dir/rosidl_typesupport_introspection_c/tier4_control_msgs/msg/detail/is_paused__type_support.c.o
[ 63%] Building C object CMakeFiles/tier4_control_msgs__rosidl_typesupport_introspection_c.dir/rosidl_typesupport_introspection_c/tier4_control_msgs/srv/detail/set_pause__type_support.c.o
[ 64%] Building C object CMakeFiles/tier4_control_msgs__rosidl_typesupport_introspection_c.dir/rosidl_typesupport_introspection_c/tier4_control_msgs/msg/detail/external_command_selector_mode__type_support.c.o
[ 66%] Building C object CMakeFiles/tier4_control_msgs__rosidl_typesupport_introspection_c.dir/rosidl_typesupport_introspection_c/tier4_control_msgs/srv/detail/external_command_select__type_support.c.o
[ 66%] Built target tier4_control_msgs__rosidl_typesupport_cpp
[ 66%] Built target tier4_control_msgs__rosidl_typesupport_c
[ 67%] Linking C shared library libtier4_control_msgs__rosidl_typesupport_introspection_c.so
[ 69%] Building CXX object CMakeFiles/tier4_control_msgs__rosidl_typesupport_fastrtps_c.dir/rosidl_typesupport_fastrtps_c/tier4_control_msgs/srv/detail/set_pause__type_support_c.cpp.o
[ 70%] Building CXX object CMakeFiles/tier4_control_msgs__rosidl_typesupport_fastrtps_c.dir/rosidl_typesupport_fastrtps_c/tier4_control_msgs/msg/detail/gate_mode__type_support_c.cpp.o
[ 71%] Building CXX object CMakeFiles/tier4_control_msgs__rosidl_typesupport_fastrtps_c.dir/rosidl_typesupport_fastrtps_c/tier4_control_msgs/msg/detail/external_command_selector_mode__type_support_c.cpp.o
[ 73%] Building CXX object CMakeFiles/tier4_control_msgs__rosidl_typesupport_fastrtps_c.dir/rosidl_typesupport_fastrtps_c/tier4_control_msgs/msg/detail/is_paused__type_support_c.cpp.o
[ 74%] Building CXX object CMakeFiles/tier4_control_msgs__rosidl_typesupport_fastrtps_c.dir/rosidl_typesupport_fastrtps_c/tier4_control_msgs/srv/detail/external_command_select__type_support_c.cpp.o
[ 76%] Building CXX object CMakeFiles/tier4_control_msgs__rosidl_typesupport_fastrtps_c.dir/rosidl_typesupport_fastrtps_c/tier4_control_msgs/msg/detail/is_start_requested__type_support_c.cpp.o
[ 77%] Linking CXX shared library libtier4_control_msgs__rosidl_typesupport_introspection_cpp.so
[ 77%] Built target tier4_control_msgs__rosidl_typesupport_introspection_c
[ 77%] Built target tier4_control_msgs__rosidl_typesupport_introspection_cpp
[ 78%] Linking CXX shared library libtier4_control_msgs__rosidl_typesupport_fastrtps_cpp.so
[ 78%] Built target tier4_control_msgs__rosidl_typesupport_fastrtps_cpp
[ 80%] Linking CXX shared library libtier4_control_msgs__rosidl_typesupport_fastrtps_c.so
[ 80%] Built target tier4_control_msgs__rosidl_typesupport_fastrtps_c
[ 80%] Built target tier4_control_msgs
[ 81%] Generating Python code for ROS interfaces
[ 81%] Built target tier4_control_msgs__py
[ 83%] Building C object CMakeFiles/tier4_control_msgs__rosidl_generator_py.dir/rosidl_generator_py/tier4_control_msgs/msg/_external_command_selector_mode_s.c.o
[ 84%] Building C object CMakeFiles/tier4_control_msgs__rosidl_generator_py.dir/rosidl_generator_py/tier4_control_msgs/msg/_gate_mode_s.c.o
[ 85%] Building C object CMakeFiles/tier4_control_msgs__rosidl_generator_py.dir/rosidl_generator_py/tier4_control_msgs/srv/_external_command_select_s.c.o
[ 87%] Building C object CMakeFiles/tier4_control_msgs__rosidl_generator_py.dir/rosidl_generator_py/tier4_control_msgs/msg/_is_start_requested_s.c.o
[ 88%] Building C object CMakeFiles/tier4_control_msgs__rosidl_generator_py.dir/rosidl_generator_py/tier4_control_msgs/msg/_is_paused_s.c.o
[ 90%] Building C object CMakeFiles/tier4_control_msgs__rosidl_generator_py.dir/rosidl_generator_py/tier4_control_msgs/srv/_set_pause_s.c.o
[ 91%] Linking C shared library rosidl_generator_py/tier4_control_msgs/libtier4_control_msgs__rosidl_generator_py.so
[ 91%] Built target tier4_control_msgs__rosidl_generator_py
[ 92%] Building C object CMakeFiles/tier4_control_msgs__rosidl_typesupport_fastrtps_c__pyext.dir/rosidl_generator_py/tier4_control_msgs/_tier4_control_msgs_s.ep.rosidl_typesupport_fastrtps_c.c.o
[ 94%] Building C object CMakeFiles/tier4_control_msgs__rosidl_typesupport_introspection_c__pyext.dir/rosidl_generator_py/tier4_control_msgs/_tier4_control_msgs_s.ep.rosidl_typesupport_introspection_c.c.o
[ 95%] Building C object CMakeFiles/tier4_control_msgs__rosidl_typesupport_c__pyext.dir/rosidl_generator_py/tier4_control_msgs/_tier4_control_msgs_s.ep.rosidl_typesupport_c.c.o
[ 97%] Linking C shared library rosidl_generator_py/tier4_control_msgs/tier4_control_msgs_s__rosidl_typesupport_c.cpython-310-x86_64-linux-gnu.so
[ 98%] Linking C shared library rosidl_generator_py/tier4_control_msgs/tier4_control_msgs_s__rosidl_typesupport_introspection_c.cpython-310-x86_64-linux-gnu.so
[100%] Linking C shared library rosidl_generator_py/tier4_control_msgs/tier4_control_msgs_s__rosidl_typesupport_fastrtps_c.cpython-310-x86_64-linux-gnu.so
[100%] Built target tier4_control_msgs__rosidl_typesupport_c__pyext
[100%] Built target tier4_control_msgs__rosidl_typesupport_introspection_c__pyext
[100%] Built target tier4_control_msgs__rosidl_typesupport_fastrtps_c__pyext
-- Install configuration: "Release"
-- Execute custom install script
-- Symlinking: /autoware/install/tier4_control_msgs/share/ament_index/resource_index/rosidl_interfaces/tier4_control_msgs
-- Symlinking: /autoware/install/tier4_control_msgs/include/tier4_control_msgs/tier4_control_msgs/msg/detail/external_command_selector_mode__functions.h
-- Symlinking: /autoware/install/tier4_control_msgs/include/tier4_control_msgs/tier4_control_msgs/msg/detail/external_command_selector_mode__struct.h
-- Symlinking: /autoware/install/tier4_control_msgs/include/tier4_control_msgs/tier4_control_msgs/msg/detail/external_command_selector_mode__type_support.h
-- Symlinking: /autoware/install/tier4_control_msgs/include/tier4_control_msgs/tier4_control_msgs/msg/detail/gate_mode__functions.h
-- Symlinking: /autoware/install/tier4_control_msgs/include/tier4_control_msgs/tier4_control_msgs/msg/detail/gate_mode__struct.h
-- Symlinking: /autoware/install/tier4_control_msgs/include/tier4_control_msgs/tier4_control_msgs/msg/detail/gate_mode__type_support.h
-- Symlinking: /autoware/install/tier4_control_msgs/include/tier4_control_msgs/tier4_control_msgs/msg/detail/is_paused__functions.h
-- Symlinking: /autoware/install/tier4_control_msgs/include/tier4_control_msgs/tier4_control_msgs/msg/detail/is_paused__struct.h
-- Symlinking: /autoware/install/tier4_control_msgs/include/tier4_control_msgs/tier4_control_msgs/msg/detail/is_paused__type_support.h
-- Symlinking: /autoware/install/tier4_control_msgs/include/tier4_control_msgs/tier4_control_msgs/msg/detail/is_start_requested__functions.h
-- Symlinking: /autoware/install/tier4_control_msgs/include/tier4_control_msgs/tier4_control_msgs/msg/detail/is_start_requested__struct.h
-- Symlinking: /autoware/install/tier4_control_msgs/include/tier4_control_msgs/tier4_control_msgs/msg/detail/is_start_requested__type_support.h
-- Symlinking: /autoware/install/tier4_control_msgs/include/tier4_control_msgs/tier4_control_msgs/msg/external_command_selector_mode.h
-- Symlinking: /autoware/install/tier4_control_msgs/include/tier4_control_msgs/tier4_control_msgs/msg/gate_mode.h
-- Symlinking: /autoware/install/tier4_control_msgs/include/tier4_control_msgs/tier4_control_msgs/msg/is_paused.h
-- Symlinking: /autoware/install/tier4_control_msgs/include/tier4_control_msgs/tier4_control_msgs/msg/is_start_requested.h
-- Symlinking: /autoware/install/tier4_control_msgs/include/tier4_control_msgs/tier4_control_msgs/msg/rosidl_generator_c__visibility_control.h
-- Symlinking: /autoware/install/tier4_control_msgs/include/tier4_control_msgs/tier4_control_msgs/srv/detail/external_command_select__functions.h
-- Symlinking: /autoware/install/tier4_control_msgs/include/tier4_control_msgs/tier4_control_msgs/srv/detail/external_command_select__struct.h
-- Symlinking: /autoware/install/tier4_control_msgs/include/tier4_control_msgs/tier4_control_msgs/srv/detail/external_command_select__type_support.h
-- Symlinking: /autoware/install/tier4_control_msgs/include/tier4_control_msgs/tier4_control_msgs/srv/detail/set_pause__functions.h
-- Symlinking: /autoware/install/tier4_control_msgs/include/tier4_control_msgs/tier4_control_msgs/srv/detail/set_pause__struct.h
-- Symlinking: /autoware/install/tier4_control_msgs/include/tier4_control_msgs/tier4_control_msgs/srv/detail/set_pause__type_support.h
-- Symlinking: /autoware/install/tier4_control_msgs/include/tier4_control_msgs/tier4_control_msgs/srv/external_command_select.h
-- Symlinking: /autoware/install/tier4_control_msgs/include/tier4_control_msgs/tier4_control_msgs/srv/set_pause.h
-- Symlinking: /autoware/install/tier4_control_msgs/share/tier4_control_msgs/environment/library_path.sh
-- Symlinking: /autoware/install/tier4_control_msgs/share/tier4_control_msgs/environment/library_path.dsv
-- Symlinking: /autoware/install/tier4_control_msgs/include/tier4_control_msgs/tier4_control_msgs/msg/detail/external_command_selector_mode__rosidl_typesupport_fastrtps_c.h
-- Symlinking: /autoware/install/tier4_control_msgs/include/tier4_control_msgs/tier4_control_msgs/msg/detail/gate_mode__rosidl_typesupport_fastrtps_c.h
-- Symlinking: /autoware/install/tier4_control_msgs/include/tier4_control_msgs/tier4_control_msgs/msg/detail/is_paused__rosidl_typesupport_fastrtps_c.h
-- Symlinking: /autoware/install/tier4_control_msgs/include/tier4_control_msgs/tier4_control_msgs/msg/detail/is_start_requested__rosidl_typesupport_fastrtps_c.h
-- Symlinking: /autoware/install/tier4_control_msgs/include/tier4_control_msgs/tier4_control_msgs/msg/rosidl_typesupport_fastrtps_c__visibility_control.h
-- Symlinking: /autoware/install/tier4_control_msgs/include/tier4_control_msgs/tier4_control_msgs/srv/detail/external_command_select__rosidl_typesupport_fastrtps_c.h
-- Symlinking: /autoware/install/tier4_control_msgs/include/tier4_control_msgs/tier4_control_msgs/srv/detail/set_pause__rosidl_typesupport_fastrtps_c.h
-- Symlinking: /autoware/install/tier4_control_msgs/include/tier4_control_msgs/tier4_control_msgs/msg/detail/external_command_selector_mode__rosidl_typesupport_introspection_c.h
-- Symlinking: /autoware/install/tier4_control_msgs/include/tier4_control_msgs/tier4_control_msgs/msg/detail/gate_mode__rosidl_typesupport_introspection_c.h
-- Symlinking: /autoware/install/tier4_control_msgs/include/tier4_control_msgs/tier4_control_msgs/msg/detail/is_paused__rosidl_typesupport_introspection_c.h
-- Symlinking: /autoware/install/tier4_control_msgs/include/tier4_control_msgs/tier4_control_msgs/msg/detail/is_start_requested__rosidl_typesupport_introspection_c.h
-- Symlinking: /autoware/install/tier4_control_msgs/include/tier4_control_msgs/tier4_control_msgs/msg/rosidl_typesupport_introspection_c__visibility_control.h
-- Symlinking: /autoware/install/tier4_control_msgs/include/tier4_control_msgs/tier4_control_msgs/srv/detail/external_command_select__rosidl_typesupport_introspection_c.h
-- Symlinking: /autoware/install/tier4_control_msgs/include/tier4_control_msgs/tier4_control_msgs/srv/detail/set_pause__rosidl_typesupport_introspection_c.h
-- Symlinking: /autoware/install/tier4_control_msgs/include/tier4_control_msgs/tier4_control_msgs/msg/detail/external_command_selector_mode__builder.hpp
-- Symlinking: /autoware/install/tier4_control_msgs/include/tier4_control_msgs/tier4_control_msgs/msg/detail/external_command_selector_mode__struct.hpp
-- Symlinking: /autoware/install/tier4_control_msgs/include/tier4_control_msgs/tier4_control_msgs/msg/detail/external_command_selector_mode__traits.hpp
-- Symlinking: /autoware/install/tier4_control_msgs/include/tier4_control_msgs/tier4_control_msgs/msg/detail/gate_mode__builder.hpp
-- Symlinking: /autoware/install/tier4_control_msgs/include/tier4_control_msgs/tier4_control_msgs/msg/detail/gate_mode__struct.hpp
-- Symlinking: /autoware/install/tier4_control_msgs/include/tier4_control_msgs/tier4_control_msgs/msg/detail/gate_mode__traits.hpp
-- Symlinking: /autoware/install/tier4_control_msgs/include/tier4_control_msgs/tier4_control_msgs/msg/detail/is_paused__builder.hpp
-- Symlinking: /autoware/install/tier4_control_msgs/include/tier4_control_msgs/tier4_control_msgs/msg/detail/is_paused__struct.hpp
-- Symlinking: /autoware/install/tier4_control_msgs/include/tier4_control_msgs/tier4_control_msgs/msg/detail/is_paused__traits.hpp
-- Symlinking: /autoware/install/tier4_control_msgs/include/tier4_control_msgs/tier4_control_msgs/msg/detail/is_start_requested__builder.hpp
-- Symlinking: /autoware/install/tier4_control_msgs/include/tier4_control_msgs/tier4_control_msgs/msg/detail/is_start_requested__struct.hpp
-- Symlinking: /autoware/install/tier4_control_msgs/include/tier4_control_msgs/tier4_control_msgs/msg/detail/is_start_requested__traits.hpp
-- Symlinking: /autoware/install/tier4_control_msgs/include/tier4_control_msgs/tier4_control_msgs/msg/external_command_selector_mode.hpp
-- Symlinking: /autoware/install/tier4_control_msgs/include/tier4_control_msgs/tier4_control_msgs/msg/gate_mode.hpp
-- Symlinking: /autoware/install/tier4_control_msgs/include/tier4_control_msgs/tier4_control_msgs/msg/is_paused.hpp
-- Symlinking: /autoware/install/tier4_control_msgs/include/tier4_control_msgs/tier4_control_msgs/msg/is_start_requested.hpp
-- Symlinking: /autoware/install/tier4_control_msgs/include/tier4_control_msgs/tier4_control_msgs/srv/detail/external_command_select__builder.hpp
-- Symlinking: /autoware/install/tier4_control_msgs/include/tier4_control_msgs/tier4_control_msgs/srv/detail/external_command_select__struct.hpp
-- Symlinking: /autoware/install/tier4_control_msgs/include/tier4_control_msgs/tier4_control_msgs/srv/detail/external_command_select__traits.hpp
-- Symlinking: /autoware/install/tier4_control_msgs/include/tier4_control_msgs/tier4_control_msgs/srv/detail/set_pause__builder.hpp
-- Symlinking: /autoware/install/tier4_control_msgs/include/tier4_control_msgs/tier4_control_msgs/srv/detail/set_pause__struct.hpp
-- Symlinking: /autoware/install/tier4_control_msgs/include/tier4_control_msgs/tier4_control_msgs/srv/detail/set_pause__traits.hpp
-- Symlinking: /autoware/install/tier4_control_msgs/include/tier4_control_msgs/tier4_control_msgs/srv/external_command_select.hpp
-- Symlinking: /autoware/install/tier4_control_msgs/include/tier4_control_msgs/tier4_control_msgs/srv/set_pause.hpp
-- Symlinking: /autoware/install/tier4_control_msgs/include/tier4_control_msgs/tier4_control_msgs/msg/detail/external_command_selector_mode__rosidl_typesupport_fastrtps_cpp.hpp
-- Symlinking: /autoware/install/tier4_control_msgs/include/tier4_control_msgs/tier4_control_msgs/msg/detail/gate_mode__rosidl_typesupport_fastrtps_cpp.hpp
-- Symlinking: /autoware/install/tier4_control_msgs/include/tier4_control_msgs/tier4_control_msgs/msg/detail/is_paused__rosidl_typesupport_fastrtps_cpp.hpp
-- Symlinking: /autoware/install/tier4_control_msgs/include/tier4_control_msgs/tier4_control_msgs/msg/detail/is_start_requested__rosidl_typesupport_fastrtps_cpp.hpp
-- Symlinking: /autoware/install/tier4_control_msgs/include/tier4_control_msgs/tier4_control_msgs/msg/rosidl_typesupport_fastrtps_cpp__visibility_control.h
-- Symlinking: /autoware/install/tier4_control_msgs/include/tier4_control_msgs/tier4_control_msgs/srv/detail/external_command_select__rosidl_typesupport_fastrtps_cpp.hpp
-- Symlinking: /autoware/install/tier4_control_msgs/include/tier4_control_msgs/tier4_control_msgs/srv/detail/set_pause__rosidl_typesupport_fastrtps_cpp.hpp
-- Symlinking: /autoware/install/tier4_control_msgs/include/tier4_control_msgs/tier4_control_msgs/msg/detail/external_command_selector_mode__rosidl_typesupport_introspection_cpp.hpp
-- Symlinking: /autoware/install/tier4_control_msgs/include/tier4_control_msgs/tier4_control_msgs/msg/detail/gate_mode__rosidl_typesupport_introspection_cpp.hpp
-- Symlinking: /autoware/install/tier4_control_msgs/include/tier4_control_msgs/tier4_control_msgs/msg/detail/is_paused__rosidl_typesupport_introspection_cpp.hpp
-- Symlinking: /autoware/install/tier4_control_msgs/include/tier4_control_msgs/tier4_control_msgs/msg/detail/is_start_requested__rosidl_typesupport_introspection_cpp.hpp
-- Symlinking: /autoware/install/tier4_control_msgs/include/tier4_control_msgs/tier4_control_msgs/srv/detail/external_command_select__rosidl_typesupport_introspection_cpp.hpp
-- Symlinking: /autoware/install/tier4_control_msgs/include/tier4_control_msgs/tier4_control_msgs/srv/detail/set_pause__rosidl_typesupport_introspection_cpp.hpp
-- Symlinking: /autoware/install/tier4_control_msgs/share/tier4_control_msgs/environment/pythonpath.sh
-- Symlinking: /autoware/install/tier4_control_msgs/share/tier4_control_msgs/environment/pythonpath.dsv
-- Symlinking: /autoware/install/tier4_control_msgs/local/lib/python3.10/dist-packages/tier4_control_msgs-0.1.0-py3.10.egg-info/PKG-INFO
-- Symlinking: /autoware/install/tier4_control_msgs/local/lib/python3.10/dist-packages/tier4_control_msgs-0.1.0-py3.10.egg-info/SOURCES.txt
-- Symlinking: /autoware/install/tier4_control_msgs/local/lib/python3.10/dist-packages/tier4_control_msgs-0.1.0-py3.10.egg-info/dependency_links.txt
-- Symlinking: /autoware/install/tier4_control_msgs/local/lib/python3.10/dist-packages/tier4_control_msgs-0.1.0-py3.10.egg-info/top_level.txt
-- Symlinking: /autoware/install/tier4_control_msgs/local/lib/python3.10/dist-packages/tier4_control_msgs/__init__.py
-- Symlinking: /autoware/install/tier4_control_msgs/local/lib/python3.10/dist-packages/tier4_control_msgs/_tier4_control_msgs_s.ep.rosidl_typesupport_c.c
-- Symlinking: /autoware/install/tier4_control_msgs/local/lib/python3.10/dist-packages/tier4_control_msgs/_tier4_control_msgs_s.ep.rosidl_typesupport_fastrtps_c.c
-- Symlinking: /autoware/install/tier4_control_msgs/local/lib/python3.10/dist-packages/tier4_control_msgs/_tier4_control_msgs_s.ep.rosidl_typesupport_introspection_c.c
-- Symlinking: /autoware/install/tier4_control_msgs/local/lib/python3.10/dist-packages/tier4_control_msgs/libtier4_control_msgs__rosidl_generator_py.so
-- Symlinking: /autoware/install/tier4_control_msgs/local/lib/python3.10/dist-packages/tier4_control_msgs/msg/__init__.py
-- Symlinking: /autoware/install/tier4_control_msgs/local/lib/python3.10/dist-packages/tier4_control_msgs/msg/_external_command_selector_mode.py
-- Symlinking: /autoware/install/tier4_control_msgs/local/lib/python3.10/dist-packages/tier4_control_msgs/msg/_external_command_selector_mode_s.c
-- Symlinking: /autoware/install/tier4_control_msgs/local/lib/python3.10/dist-packages/tier4_control_msgs/msg/_gate_mode.py
-- Symlinking: /autoware/install/tier4_control_msgs/local/lib/python3.10/dist-packages/tier4_control_msgs/msg/_gate_mode_s.c
-- Symlinking: /autoware/install/tier4_control_msgs/local/lib/python3.10/dist-packages/tier4_control_msgs/msg/_is_paused.py
-- Symlinking: /autoware/install/tier4_control_msgs/local/lib/python3.10/dist-packages/tier4_control_msgs/msg/_is_paused_s.c
-- Symlinking: /autoware/install/tier4_control_msgs/local/lib/python3.10/dist-packages/tier4_control_msgs/msg/_is_start_requested.py
-- Symlinking: /autoware/install/tier4_control_msgs/local/lib/python3.10/dist-packages/tier4_control_msgs/msg/_is_start_requested_s.c
-- Symlinking: /autoware/install/tier4_control_msgs/local/lib/python3.10/dist-packages/tier4_control_msgs/srv/__init__.py
-- Symlinking: /autoware/install/tier4_control_msgs/local/lib/python3.10/dist-packages/tier4_control_msgs/srv/_external_command_select.py
-- Symlinking: /autoware/install/tier4_control_msgs/local/lib/python3.10/dist-packages/tier4_control_msgs/srv/_external_command_select_s.c
-- Symlinking: /autoware/install/tier4_control_msgs/local/lib/python3.10/dist-packages/tier4_control_msgs/srv/_set_pause.py
-- Symlinking: /autoware/install/tier4_control_msgs/local/lib/python3.10/dist-packages/tier4_control_msgs/srv/_set_pause_s.c
-- Symlinking: /autoware/install/tier4_control_msgs/local/lib/python3.10/dist-packages/tier4_control_msgs/tier4_control_msgs_s__rosidl_typesupport_c.cpython-310-x86_64-linux-gnu.so
-- Symlinking: /autoware/install/tier4_control_msgs/local/lib/python3.10/dist-packages/tier4_control_msgs/tier4_control_msgs_s__rosidl_typesupport_fastrtps_c.cpython-310-x86_64-linux-gnu.so
-- Symlinking: /autoware/install/tier4_control_msgs/local/lib/python3.10/dist-packages/tier4_control_msgs/tier4_control_msgs_s__rosidl_typesupport_introspection_c.cpython-310-x86_64-linux-gnu.so
-- Up-to-date symlink: /autoware/install/tier4_control_msgs/local/lib/python3.10/dist-packages/tier4_control_msgs/tier4_control_msgs_s__rosidl_typesupport_fastrtps_c.cpython-310-x86_64-linux-gnu.so
-- Up-to-date symlink: /autoware/install/tier4_control_msgs/local/lib/python3.10/dist-packages/tier4_control_msgs/tier4_control_msgs_s__rosidl_typesupport_introspection_c.cpython-310-x86_64-linux-gnu.so
-- Up-to-date symlink: /autoware/install/tier4_control_msgs/local/lib/python3.10/dist-packages/tier4_control_msgs/tier4_control_msgs_s__rosidl_typesupport_c.cpython-310-x86_64-linux-gnu.so
-- Symlinking: /autoware/install/tier4_control_msgs/share/tier4_control_msgs/msg/GateMode.idl
-- Symlinking: /autoware/install/tier4_control_msgs/share/tier4_control_msgs/msg/ExternalCommandSelectorMode.idl
-- Symlinking: /autoware/install/tier4_control_msgs/share/tier4_control_msgs/srv/ExternalCommandSelect.idl
-- Symlinking: /autoware/install/tier4_control_msgs/share/tier4_control_msgs/msg/IsStartRequested.idl
-- Symlinking: /autoware/install/tier4_control_msgs/share/tier4_control_msgs/msg/IsPaused.idl
-- Symlinking: /autoware/install/tier4_control_msgs/share/tier4_control_msgs/srv/SetPause.idl
-- Symlinking: /autoware/install/tier4_control_msgs/share/tier4_control_msgs/msg/GateMode.msg
-- Symlinking: /autoware/install/tier4_control_msgs/share/tier4_control_msgs/msg/ExternalCommandSelectorMode.msg
-- Symlinking: /autoware/install/tier4_control_msgs/share/tier4_control_msgs/srv/ExternalCommandSelect.srv
-- Symlinking: /autoware/install/tier4_control_msgs/share/tier4_control_msgs/srv/ExternalCommandSelect_Request.msg
-- Symlinking: /autoware/install/tier4_control_msgs/share/tier4_control_msgs/srv/ExternalCommandSelect_Response.msg
-- Symlinking: /autoware/install/tier4_control_msgs/share/tier4_control_msgs/msg/IsStartRequested.msg
-- Symlinking: /autoware/install/tier4_control_msgs/share/tier4_control_msgs/msg/IsPaused.msg
-- Symlinking: /autoware/install/tier4_control_msgs/share/tier4_control_msgs/srv/SetPause.srv
-- Symlinking: /autoware/install/tier4_control_msgs/share/tier4_control_msgs/srv/SetPause_Request.msg
-- Symlinking: /autoware/install/tier4_control_msgs/share/tier4_control_msgs/srv/SetPause_Response.msg
-- Symlinking: /autoware/install/tier4_control_msgs/share/ament_index/resource_index/package_run_dependencies/tier4_control_msgs
-- Symlinking: /autoware/install/tier4_control_msgs/share/ament_index/resource_index/parent_prefix_path/tier4_control_msgs
-- Symlinking: /autoware/install/tier4_control_msgs/share/tier4_control_msgs/environment/ament_prefix_path.sh
-- Symlinking: /autoware/install/tier4_control_msgs/share/tier4_control_msgs/environment/ament_prefix_path.dsv
-- Symlinking: /autoware/install/tier4_control_msgs/share/tier4_control_msgs/environment/path.sh
-- Symlinking: /autoware/install/tier4_control_msgs/share/tier4_control_msgs/environment/path.dsv
-- Symlinking: /autoware/install/tier4_control_msgs/share/tier4_control_msgs/local_setup.bash
-- Symlinking: /autoware/install/tier4_control_msgs/share/tier4_control_msgs/local_setup.sh
-- Symlinking: /autoware/install/tier4_control_msgs/share/tier4_control_msgs/local_setup.zsh
-- Symlinking: /autoware/install/tier4_control_msgs/share/tier4_control_msgs/local_setup.dsv
-- Symlinking: /autoware/install/tier4_control_msgs/share/tier4_control_msgs/package.dsv
-- Symlinking: /autoware/install/tier4_control_msgs/share/ament_index/resource_index/packages/tier4_control_msgs
-- Symlinking: /autoware/install/tier4_control_msgs/share/tier4_control_msgs/cmake/rosidl_cmake-extras.cmake
-- Symlinking: /autoware/install/tier4_control_msgs/share/tier4_control_msgs/cmake/ament_cmake_export_dependencies-extras.cmake
-- Symlinking: /autoware/install/tier4_control_msgs/share/tier4_control_msgs/cmake/ament_cmake_export_include_directories-extras.cmake
-- Symlinking: /autoware/install/tier4_control_msgs/share/tier4_control_msgs/cmake/ament_cmake_export_libraries-extras.cmake
-- Symlinking: /autoware/install/tier4_control_msgs/share/tier4_control_msgs/cmake/ament_cmake_export_targets-extras.cmake
-- Symlinking: /autoware/install/tier4_control_msgs/share/tier4_control_msgs/cmake/rosidl_cmake_export_typesupport_targets-extras.cmake
-- Symlinking: /autoware/install/tier4_control_msgs/share/tier4_control_msgs/cmake/rosidl_cmake_export_typesupport_libraries-extras.cmake
-- Symlinking: /autoware/install/tier4_control_msgs/share/tier4_control_msgs/cmake/tier4_control_msgsConfig.cmake
-- Symlinking: /autoware/install/tier4_control_msgs/share/tier4_control_msgs/cmake/tier4_control_msgsConfig-version.cmake
-- Symlinking: /autoware/install/tier4_control_msgs/share/tier4_control_msgs/package.xml
-- Installing: /autoware/install/tier4_control_msgs/lib/libtier4_control_msgs__rosidl_generator_c.so
-- Set runtime path of "/autoware/install/tier4_control_msgs/lib/libtier4_control_msgs__rosidl_generator_c.so" to ""
-- Installing: /autoware/install/tier4_control_msgs/lib/libtier4_control_msgs__rosidl_typesupport_fastrtps_c.so
-- Set runtime path of "/autoware/install/tier4_control_msgs/lib/libtier4_control_msgs__rosidl_typesupport_fastrtps_c.so" to ""
-- Installing: /autoware/install/tier4_control_msgs/lib/libtier4_control_msgs__rosidl_typesupport_introspection_c.so
-- Set runtime path of "/autoware/install/tier4_control_msgs/lib/libtier4_control_msgs__rosidl_typesupport_introspection_c.so" to ""
-- Installing: /autoware/install/tier4_control_msgs/lib/libtier4_control_msgs__rosidl_typesupport_c.so
-- Set runtime path of "/autoware/install/tier4_control_msgs/lib/libtier4_control_msgs__rosidl_typesupport_c.so" to ""
-- Installing: /autoware/install/tier4_control_msgs/lib/libtier4_control_msgs__rosidl_typesupport_fastrtps_cpp.so
-- Set runtime path of "/autoware/install/tier4_control_msgs/lib/libtier4_control_msgs__rosidl_typesupport_fastrtps_cpp.so" to ""
-- Installing: /autoware/install/tier4_control_msgs/lib/libtier4_control_msgs__rosidl_typesupport_introspection_cpp.so
-- Set runtime path of "/autoware/install/tier4_control_msgs/lib/libtier4_control_msgs__rosidl_typesupport_introspection_cpp.so" to ""
-- Installing: /autoware/install/tier4_control_msgs/lib/libtier4_control_msgs__rosidl_typesupport_cpp.so
-- Set runtime path of "/autoware/install/tier4_control_msgs/lib/libtier4_control_msgs__rosidl_typesupport_cpp.so" to ""
Listing '/autoware/install/tier4_control_msgs/local/lib/python3.10/dist-packages/tier4_control_msgs'...
Compiling '/autoware/install/tier4_control_msgs/local/lib/python3.10/dist-packages/tier4_control_msgs/__init__.py'...
Listing '/autoware/install/tier4_control_msgs/local/lib/python3.10/dist-packages/tier4_control_msgs/msg'...
Compiling '/autoware/install/tier4_control_msgs/local/lib/python3.10/dist-packages/tier4_control_msgs/msg/__init__.py'...
Compiling '/autoware/install/tier4_control_msgs/local/lib/python3.10/dist-packages/tier4_control_msgs/msg/_external_command_selector_mode.py'...
Compiling '/autoware/install/tier4_control_msgs/local/lib/python3.10/dist-packages/tier4_control_msgs/msg/_gate_mode.py'...
Compiling '/autoware/install/tier4_control_msgs/local/lib/python3.10/dist-packages/tier4_control_msgs/msg/_is_paused.py'...
Compiling '/autoware/install/tier4_control_msgs/local/lib/python3.10/dist-packages/tier4_control_msgs/msg/_is_start_requested.py'...
Listing '/autoware/install/tier4_control_msgs/local/lib/python3.10/dist-packages/tier4_control_msgs/srv'...
Compiling '/autoware/install/tier4_control_msgs/local/lib/python3.10/dist-packages/tier4_control_msgs/srv/__init__.py'...
Compiling '/autoware/install/tier4_control_msgs/local/lib/python3.10/dist-packages/tier4_control_msgs/srv/_external_command_select.py'...
Compiling '/autoware/install/tier4_control_msgs/local/lib/python3.10/dist-packages/tier4_control_msgs/srv/_set_pause.py'...
-- Installing: /autoware/install/tier4_control_msgs/lib/libtier4_control_msgs__rosidl_generator_py.so
-- Set runtime path of "/autoware/install/tier4_control_msgs/lib/libtier4_control_msgs__rosidl_generator_py.so" to ""
-- Installing: /autoware/install/tier4_control_msgs/share/tier4_control_msgs/cmake/export_tier4_control_msgs__rosidl_generator_cExport.cmake
-- Installing: /autoware/install/tier4_control_msgs/share/tier4_control_msgs/cmake/export_tier4_control_msgs__rosidl_generator_cExport-release.cmake
-- Installing: /autoware/install/tier4_control_msgs/share/tier4_control_msgs/cmake/export_tier4_control_msgs__rosidl_typesupport_fastrtps_cExport.cmake
-- Installing: /autoware/install/tier4_control_msgs/share/tier4_control_msgs/cmake/export_tier4_control_msgs__rosidl_typesupport_fastrtps_cExport-release.cmake
-- Installing: /autoware/install/tier4_control_msgs/share/tier4_control_msgs/cmake/tier4_control_msgs__rosidl_typesupport_introspection_cExport.cmake
-- Installing: /autoware/install/tier4_control_msgs/share/tier4_control_msgs/cmake/tier4_control_msgs__rosidl_typesupport_introspection_cExport-release.cmake
-- Installing: /autoware/install/tier4_control_msgs/share/tier4_control_msgs/cmake/tier4_control_msgs__rosidl_typesupport_cExport.cmake
-- Installing: /autoware/install/tier4_control_msgs/share/tier4_control_msgs/cmake/tier4_control_msgs__rosidl_typesupport_cExport-release.cmake
-- Installing: /autoware/install/tier4_control_msgs/share/tier4_control_msgs/cmake/export_tier4_control_msgs__rosidl_generator_cppExport.cmake
-- Installing: /autoware/install/tier4_control_msgs/share/tier4_control_msgs/cmake/export_tier4_control_msgs__rosidl_typesupport_fastrtps_cppExport.cmake
-- Installing: /autoware/install/tier4_control_msgs/share/tier4_control_msgs/cmake/export_tier4_control_msgs__rosidl_typesupport_fastrtps_cppExport-release.cmake
-- Installing: /autoware/install/tier4_control_msgs/share/tier4_control_msgs/cmake/tier4_control_msgs__rosidl_typesupport_introspection_cppExport.cmake
-- Installing: /autoware/install/tier4_control_msgs/share/tier4_control_msgs/cmake/tier4_control_msgs__rosidl_typesupport_introspection_cppExport-release.cmake
-- Installing: /autoware/install/tier4_control_msgs/share/tier4_control_msgs/cmake/tier4_control_msgs__rosidl_typesupport_cppExport.cmake
-- Installing: /autoware/install/tier4_control_msgs/share/tier4_control_msgs/cmake/tier4_control_msgs__rosidl_typesupport_cppExport-release.cmake
-- Installing: /autoware/install/tier4_control_msgs/share/tier4_control_msgs/cmake/export_tier4_control_msgs__rosidl_generator_pyExport.cmake
-- Installing: /autoware/install/tier4_control_msgs/share/tier4_control_msgs/cmake/export_tier4_control_msgs__rosidl_generator_pyExport-release.cmake
