[0.030s] Invoking command in '/autoware/build/tier4_control_msgs': AMENT_PREFIX_PATH=/autoware/install/autoware_common_msgs:${AMENT_PREFIX_PATH} CMAKE_PREFIX_PATH=/autoware/install/autoware_common_msgs:/opt/ros/humble LD_LIBRARY_PATH=/autoware/install/autoware_common_msgs/lib:${LD_LIBRARY_PATH} PYTHONPATH=/autoware/install/autoware_common_msgs/local/lib/python3.10/dist-packages:${PYTHONPATH} /usr/bin/cmake /autoware/src/universe/external/tier4_autoware_msgs/tier4_control_msgs -DCMAKE_BUILD_TYPE=Release -DAMENT_CMAKE_SYMLINK_INSTALL=1 -DCMAKE_INSTALL_PREFIX=/autoware/install/tier4_control_msgs
[0.064s] -- The C compiler identification is GNU 11.3.0
[0.128s] -- The CXX compiler identification is GNU 11.3.0
[0.177s] -- Detecting C compiler ABI info
[0.181s] -- Detecting C compiler ABI info - done
[0.193s] -- Check for working C compiler: /usr/bin/cc - skipped
[0.194s] -- Detecting C compile features
[0.194s] -- Detecting C compile features - done
[0.199s] -- Detecting CXX compiler ABI info
[0.300s] -- Detecting CXX compiler ABI info - done
[0.308s] -- Check for working CXX compiler: /usr/bin/c++ - skipped
[0.308s] -- Detecting CXX compile features
[0.309s] -- Detecting CXX compile features - done
[0.313s] -- Found ament_cmake_auto: 1.3.2 (/opt/ros/humble/share/ament_cmake_auto/cmake)
[0.591s] -- Found Python3: /usr/bin/python3.10 (found version "3.10.6") found components: Interpreter 
[0.685s] -- Override CMake install command with custom implementation using symlinks instead of copying resources
[0.839s] -- Using all available rosidl_typesupport_c: rosidl_typesupport_fastrtps_c;rosidl_typesupport_introspection_c
[0.839s] -- Found rosidl_adapter: 3.1.3 (/opt/ros/humble/share/rosidl_adapter/cmake)
[0.869s] -- Using all available rosidl_typesupport_cpp: rosidl_typesupport_fastrtps_cpp;rosidl_typesupport_introspection_cpp
[1.526s] -- Found ament_cmake_ros: 0.10.0 (/opt/ros/humble/share/ament_cmake_ros/cmake)
[2.093s] -- Using all available rosidl_typesupport_c: rosidl_typesupport_fastrtps_c;rosidl_typesupport_introspection_c
[2.872s] -- Using all available rosidl_typesupport_cpp: rosidl_typesupport_fastrtps_cpp;rosidl_typesupport_introspection_cpp
[2.927s] -- Found PythonInterp: /usr/bin/python3 (found suitable version "3.10.6", minimum required is "3.6") 
[2.930s] -- Found python_cmake_module: 0.10.0 (/opt/ros/humble/share/python_cmake_module/cmake)
[2.974s] -- Found PythonLibs: /usr/lib/x86_64-linux-gnu/libpython3.10.so (found suitable version "3.10.6", minimum required is "3.5") 
[2.975s] -- Using PYTHON_EXECUTABLE: /usr/bin/python3
[2.975s] -- Using PYTHON_INCLUDE_DIRS: /usr/include/python3.10
[2.975s] -- Using PYTHON_LIBRARIES: /usr/lib/x86_64-linux-gnu/libpython3.10.so
[3.066s] -- Found PythonExtra: .so  
[3.179s] -- Found ament_lint_auto: 0.12.4 (/opt/ros/humble/share/ament_lint_auto/cmake)
[3.224s] -- Added test 'copyright' to check source files copyright and LICENSE
[3.225s] -- Added test 'lint_cmake' to check CMake code style
[3.228s] -- Added test 'xmllint' to check XML markup files
[3.235s] -- Configuring done
[3.313s] -- Generating done
[3.318s] -- Build files have been written to: /autoware/build/tier4_control_msgs
[3.333s] Invoked command in '/autoware/build/tier4_control_msgs' returned '0': AMENT_PREFIX_PATH=/autoware/install/autoware_common_msgs:${AMENT_PREFIX_PATH} CMAKE_PREFIX_PATH=/autoware/install/autoware_common_msgs:/opt/ros/humble LD_LIBRARY_PATH=/autoware/install/autoware_common_msgs/lib:${LD_LIBRARY_PATH} PYTHONPATH=/autoware/install/autoware_common_msgs/local/lib/python3.10/dist-packages:${PYTHONPATH} /usr/bin/cmake /autoware/src/universe/external/tier4_autoware_msgs/tier4_control_msgs -DCMAKE_BUILD_TYPE=Release -DAMENT_CMAKE_SYMLINK_INSTALL=1 -DCMAKE_INSTALL_PREFIX=/autoware/install/tier4_control_msgs
[3.334s] Invoking command in '/autoware/build/tier4_control_msgs': AMENT_PREFIX_PATH=/autoware/install/autoware_common_msgs:${AMENT_PREFIX_PATH} CMAKE_PREFIX_PATH=/autoware/install/autoware_common_msgs:/opt/ros/humble LD_LIBRARY_PATH=/autoware/install/autoware_common_msgs/lib:${LD_LIBRARY_PATH} PYTHONPATH=/autoware/install/autoware_common_msgs/local/lib/python3.10/dist-packages:${PYTHONPATH} /usr/bin/cmake --build /autoware/build/tier4_control_msgs -- -j64 -l64
[3.392s] [  1%] Generating C code for ROS interfaces
[3.410s] [  2%] Generating C++ code for ROS interfaces
[3.420s] [  2%] Built target ament_cmake_python_symlink_tier4_control_msgs
[3.850s] running egg_info
[3.851s] creating tier4_control_msgs.egg-info
[3.852s] writing tier4_control_msgs.egg-info/PKG-INFO
[3.852s] writing dependency_links to tier4_control_msgs.egg-info/dependency_links.txt
[3.852s] writing top-level names to tier4_control_msgs.egg-info/top_level.txt
[3.852s] writing manifest file 'tier4_control_msgs.egg-info/SOURCES.txt'
[3.854s] reading manifest file 'tier4_control_msgs.egg-info/SOURCES.txt'
[3.855s] writing manifest file 'tier4_control_msgs.egg-info/SOURCES.txt'
[3.882s] [  2%] Built target ament_cmake_python_build_tier4_control_msgs_egg
[4.236s] [  2%] Built target tier4_control_msgs__cpp
[4.238s] [  4%] Generating C++ type support for eProsima Fast-RTPS
[4.239s] [  5%] Generating C++ type support dispatch for ROS interfaces
[4.245s] [  7%] Generating C++ introspection for ROS interfaces
[4.362s] [  8%] Building C object CMakeFiles/tier4_control_msgs__rosidl_generator_c.dir/rosidl_generator_c/tier4_control_msgs/msg/detail/gate_mode__functions.c.o
[4.363s] [  9%] Building C object CMakeFiles/tier4_control_msgs__rosidl_generator_c.dir/rosidl_generator_c/tier4_control_msgs/msg/detail/is_paused__functions.c.o
[4.365s] [ 11%] Building C object CMakeFiles/tier4_control_msgs__rosidl_generator_c.dir/rosidl_generator_c/tier4_control_msgs/msg/detail/external_command_selector_mode__functions.c.o
[4.365s] [ 12%] Building C object CMakeFiles/tier4_control_msgs__rosidl_generator_c.dir/rosidl_generator_c/tier4_control_msgs/msg/detail/is_start_requested__functions.c.o
[4.365s] [ 14%] Building C object CMakeFiles/tier4_control_msgs__rosidl_generator_c.dir/rosidl_generator_c/tier4_control_msgs/srv/detail/external_command_select__functions.c.o
[4.366s] [ 15%] Building C object CMakeFiles/tier4_control_msgs__rosidl_generator_c.dir/rosidl_generator_c/tier4_control_msgs/srv/detail/set_pause__functions.c.o
[4.499s] [ 16%] Linking C shared library libtier4_control_msgs__rosidl_generator_c.so
[4.543s] [ 16%] Built target tier4_control_msgs__rosidl_generator_c
[4.554s] [ 18%] Generating C type support for eProsima Fast-RTPS
[4.555s] [ 19%] Generating C introspection for ROS interfaces
[4.556s] [ 21%] Generating C type support dispatch for ROS interfaces
[4.865s] [ 22%] Building CXX object CMakeFiles/tier4_control_msgs__rosidl_typesupport_introspection_cpp.dir/rosidl_typesupport_introspection_cpp/tier4_control_msgs/msg/detail/gate_mode__type_support.cpp.o
[4.865s] [ 23%] Building CXX object CMakeFiles/tier4_control_msgs__rosidl_typesupport_introspection_cpp.dir/rosidl_typesupport_introspection_cpp/tier4_control_msgs/msg/detail/external_command_selector_mode__type_support.cpp.o
[4.866s] [ 25%] Building CXX object CMakeFiles/tier4_control_msgs__rosidl_typesupport_introspection_cpp.dir/rosidl_typesupport_introspection_cpp/tier4_control_msgs/msg/detail/is_start_requested__type_support.cpp.o
[4.867s] [ 26%] Building CXX object CMakeFiles/tier4_control_msgs__rosidl_typesupport_introspection_cpp.dir/rosidl_typesupport_introspection_cpp/tier4_control_msgs/msg/detail/is_paused__type_support.cpp.o
[4.867s] [ 28%] Building CXX object CMakeFiles/tier4_control_msgs__rosidl_typesupport_introspection_cpp.dir/rosidl_typesupport_introspection_cpp/tier4_control_msgs/srv/detail/set_pause__type_support.cpp.o
[4.868s] [ 29%] Building CXX object CMakeFiles/tier4_control_msgs__rosidl_typesupport_introspection_cpp.dir/rosidl_typesupport_introspection_cpp/tier4_control_msgs/srv/detail/external_command_select__type_support.cpp.o
[4.897s] [ 30%] Building CXX object CMakeFiles/tier4_control_msgs__rosidl_typesupport_cpp.dir/rosidl_typesupport_cpp/tier4_control_msgs/msg/external_command_selector_mode__type_support.cpp.o
[4.899s] [ 35%] Building CXX object CMakeFiles/tier4_control_msgs__rosidl_typesupport_cpp.dir/rosidl_typesupport_cpp/tier4_control_msgs/msg/gate_mode__type_support.cpp.o
[4.900s] [ 36%] Building CXX object CMakeFiles/tier4_control_msgs__rosidl_typesupport_cpp.dir/rosidl_typesupport_cpp/tier4_control_msgs/msg/is_start_requested__type_support.cpp.o
[4.900s] [ 36%] Building CXX object CMakeFiles/tier4_control_msgs__rosidl_typesupport_cpp.dir/rosidl_typesupport_cpp/tier4_control_msgs/msg/is_paused__type_support.cpp.o
[4.900s] [ 36%] Building CXX object CMakeFiles/tier4_control_msgs__rosidl_typesupport_cpp.dir/rosidl_typesupport_cpp/tier4_control_msgs/srv/set_pause__type_support.cpp.o
[4.905s] [ 38%] Building CXX object CMakeFiles/tier4_control_msgs__rosidl_typesupport_cpp.dir/rosidl_typesupport_cpp/tier4_control_msgs/srv/external_command_select__type_support.cpp.o
[5.018s] [ 39%] Building CXX object CMakeFiles/tier4_control_msgs__rosidl_typesupport_fastrtps_cpp.dir/rosidl_typesupport_fastrtps_cpp/tier4_control_msgs/msg/detail/dds_fastrtps/external_command_selector_mode__type_support.cpp.o
[5.018s] [ 40%] Building CXX object CMakeFiles/tier4_control_msgs__rosidl_typesupport_fastrtps_cpp.dir/rosidl_typesupport_fastrtps_cpp/tier4_control_msgs/msg/detail/dds_fastrtps/gate_mode__type_support.cpp.o
[5.018s] [ 42%] Building CXX object CMakeFiles/tier4_control_msgs__rosidl_typesupport_fastrtps_cpp.dir/rosidl_typesupport_fastrtps_cpp/tier4_control_msgs/srv/detail/dds_fastrtps/external_command_select__type_support.cpp.o
[5.018s] [ 43%] Building CXX object CMakeFiles/tier4_control_msgs__rosidl_typesupport_fastrtps_cpp.dir/rosidl_typesupport_fastrtps_cpp/tier4_control_msgs/msg/detail/dds_fastrtps/is_start_requested__type_support.cpp.o
[5.018s] [ 45%] Building CXX object CMakeFiles/tier4_control_msgs__rosidl_typesupport_fastrtps_cpp.dir/rosidl_typesupport_fastrtps_cpp/tier4_control_msgs/msg/detail/dds_fastrtps/is_paused__type_support.cpp.o
[5.018s] [ 46%] Building CXX object CMakeFiles/tier4_control_msgs__rosidl_typesupport_fastrtps_cpp.dir/rosidl_typesupport_fastrtps_cpp/tier4_control_msgs/srv/detail/dds_fastrtps/set_pause__type_support.cpp.o
[5.252s] [ 47%] Building CXX object CMakeFiles/tier4_control_msgs__rosidl_typesupport_c.dir/rosidl_typesupport_c/tier4_control_msgs/msg/gate_mode__type_support.cpp.o
[5.293s] [ 49%] Building CXX object CMakeFiles/tier4_control_msgs__rosidl_typesupport_c.dir/rosidl_typesupport_c/tier4_control_msgs/msg/external_command_selector_mode__type_support.cpp.o
[5.320s] [ 50%] Building CXX object CMakeFiles/tier4_control_msgs__rosidl_typesupport_c.dir/rosidl_typesupport_c/tier4_control_msgs/msg/is_start_requested__type_support.cpp.o
[5.321s] [ 52%] Building CXX object CMakeFiles/tier4_control_msgs__rosidl_typesupport_c.dir/rosidl_typesupport_c/tier4_control_msgs/msg/is_paused__type_support.cpp.o
[5.325s] [ 53%] Building CXX object CMakeFiles/tier4_control_msgs__rosidl_typesupport_c.dir/rosidl_typesupport_c/tier4_control_msgs/srv/external_command_select__type_support.cpp.o
[5.332s] [ 54%] Building CXX object CMakeFiles/tier4_control_msgs__rosidl_typesupport_c.dir/rosidl_typesupport_c/tier4_control_msgs/srv/set_pause__type_support.cpp.o
[5.358s] [ 56%] Linking CXX shared library libtier4_control_msgs__rosidl_typesupport_cpp.so
[5.381s] [ 57%] Linking CXX shared library libtier4_control_msgs__rosidl_typesupport_c.so
[5.388s] [ 59%] Building C object CMakeFiles/tier4_control_msgs__rosidl_typesupport_introspection_c.dir/rosidl_typesupport_introspection_c/tier4_control_msgs/msg/detail/gate_mode__type_support.c.o
[5.389s] [ 60%] Building C object CMakeFiles/tier4_control_msgs__rosidl_typesupport_introspection_c.dir/rosidl_typesupport_introspection_c/tier4_control_msgs/msg/detail/is_start_requested__type_support.c.o
[5.390s] [ 61%] Building C object CMakeFiles/tier4_control_msgs__rosidl_typesupport_introspection_c.dir/rosidl_typesupport_introspection_c/tier4_control_msgs/msg/detail/is_paused__type_support.c.o
[5.390s] [ 63%] Building C object CMakeFiles/tier4_control_msgs__rosidl_typesupport_introspection_c.dir/rosidl_typesupport_introspection_c/tier4_control_msgs/srv/detail/set_pause__type_support.c.o
[5.390s] [ 64%] Building C object CMakeFiles/tier4_control_msgs__rosidl_typesupport_introspection_c.dir/rosidl_typesupport_introspection_c/tier4_control_msgs/msg/detail/external_command_selector_mode__type_support.c.o
[5.390s] [ 66%] Building C object CMakeFiles/tier4_control_msgs__rosidl_typesupport_introspection_c.dir/rosidl_typesupport_introspection_c/tier4_control_msgs/srv/detail/external_command_select__type_support.c.o
[5.454s] [ 66%] Built target tier4_control_msgs__rosidl_typesupport_cpp
[5.454s] [ 66%] Built target tier4_control_msgs__rosidl_typesupport_c
[5.454s] [ 67%] Linking C shared library libtier4_control_msgs__rosidl_typesupport_introspection_c.so
[5.464s] [ 69%] Building CXX object CMakeFiles/tier4_control_msgs__rosidl_typesupport_fastrtps_c.dir/rosidl_typesupport_fastrtps_c/tier4_control_msgs/srv/detail/set_pause__type_support_c.cpp.o
[5.465s] [ 70%] Building CXX object CMakeFiles/tier4_control_msgs__rosidl_typesupport_fastrtps_c.dir/rosidl_typesupport_fastrtps_c/tier4_control_msgs/msg/detail/gate_mode__type_support_c.cpp.o
[5.465s] [ 71%] Building CXX object CMakeFiles/tier4_control_msgs__rosidl_typesupport_fastrtps_c.dir/rosidl_typesupport_fastrtps_c/tier4_control_msgs/msg/detail/external_command_selector_mode__type_support_c.cpp.o
[5.466s] [ 73%] Building CXX object CMakeFiles/tier4_control_msgs__rosidl_typesupport_fastrtps_c.dir/rosidl_typesupport_fastrtps_c/tier4_control_msgs/msg/detail/is_paused__type_support_c.cpp.o
[5.466s] [ 74%] Building CXX object CMakeFiles/tier4_control_msgs__rosidl_typesupport_fastrtps_c.dir/rosidl_typesupport_fastrtps_c/tier4_control_msgs/srv/detail/external_command_select__type_support_c.cpp.o
[5.468s] [ 76%] Building CXX object CMakeFiles/tier4_control_msgs__rosidl_typesupport_fastrtps_c.dir/rosidl_typesupport_fastrtps_c/tier4_control_msgs/msg/detail/is_start_requested__type_support_c.cpp.o
[5.485s] [ 77%] Linking CXX shared library libtier4_control_msgs__rosidl_typesupport_introspection_cpp.so
[5.491s] [ 77%] Built target tier4_control_msgs__rosidl_typesupport_introspection_c
[5.552s] [ 77%] Built target tier4_control_msgs__rosidl_typesupport_introspection_cpp
[5.708s] [ 78%] Linking CXX shared library libtier4_control_msgs__rosidl_typesupport_fastrtps_cpp.so
[5.782s] [ 78%] Built target tier4_control_msgs__rosidl_typesupport_fastrtps_cpp
[5.989s] [ 80%] Linking CXX shared library libtier4_control_msgs__rosidl_typesupport_fastrtps_c.so
[6.110s] [ 80%] Built target tier4_control_msgs__rosidl_typesupport_fastrtps_c
[6.138s] [ 80%] Built target tier4_control_msgs
[6.166s] [ 81%] Generating Python code for ROS interfaces
[8.340s] [ 81%] Built target tier4_control_msgs__py
[8.445s] [ 83%] Building C object CMakeFiles/tier4_control_msgs__rosidl_generator_py.dir/rosidl_generator_py/tier4_control_msgs/msg/_external_command_selector_mode_s.c.o
[8.464s] [ 84%] Building C object CMakeFiles/tier4_control_msgs__rosidl_generator_py.dir/rosidl_generator_py/tier4_control_msgs/msg/_gate_mode_s.c.o
[8.476s] [ 85%] Building C object CMakeFiles/tier4_control_msgs__rosidl_generator_py.dir/rosidl_generator_py/tier4_control_msgs/srv/_external_command_select_s.c.o
[8.486s] [ 87%] Building C object CMakeFiles/tier4_control_msgs__rosidl_generator_py.dir/rosidl_generator_py/tier4_control_msgs/msg/_is_start_requested_s.c.o
[8.519s] [ 88%] Building C object CMakeFiles/tier4_control_msgs__rosidl_generator_py.dir/rosidl_generator_py/tier4_control_msgs/msg/_is_paused_s.c.o
[8.590s] [ 90%] Building C object CMakeFiles/tier4_control_msgs__rosidl_generator_py.dir/rosidl_generator_py/tier4_control_msgs/srv/_set_pause_s.c.o
[8.820s] [ 91%] Linking C shared library rosidl_generator_py/tier4_control_msgs/libtier4_control_msgs__rosidl_generator_py.so
[8.874s] [ 91%] Built target tier4_control_msgs__rosidl_generator_py
[8.903s] [ 92%] Building C object CMakeFiles/tier4_control_msgs__rosidl_typesupport_fastrtps_c__pyext.dir/rosidl_generator_py/tier4_control_msgs/_tier4_control_msgs_s.ep.rosidl_typesupport_fastrtps_c.c.o
[8.904s] [ 94%] Building C object CMakeFiles/tier4_control_msgs__rosidl_typesupport_introspection_c__pyext.dir/rosidl_generator_py/tier4_control_msgs/_tier4_control_msgs_s.ep.rosidl_typesupport_introspection_c.c.o
[8.908s] [ 95%] Building C object CMakeFiles/tier4_control_msgs__rosidl_typesupport_c__pyext.dir/rosidl_generator_py/tier4_control_msgs/_tier4_control_msgs_s.ep.rosidl_typesupport_c.c.o
[9.220s] [ 97%] Linking C shared library rosidl_generator_py/tier4_control_msgs/tier4_control_msgs_s__rosidl_typesupport_c.cpython-310-x86_64-linux-gnu.so
[9.250s] [ 98%] Linking C shared library rosidl_generator_py/tier4_control_msgs/tier4_control_msgs_s__rosidl_typesupport_introspection_c.cpython-310-x86_64-linux-gnu.so
[9.262s] [100%] Linking C shared library rosidl_generator_py/tier4_control_msgs/tier4_control_msgs_s__rosidl_typesupport_fastrtps_c.cpython-310-x86_64-linux-gnu.so
[9.368s] [100%] Built target tier4_control_msgs__rosidl_typesupport_c__pyext
[9.401s] [100%] Built target tier4_control_msgs__rosidl_typesupport_introspection_c__pyext
[9.405s] [100%] Built target tier4_control_msgs__rosidl_typesupport_fastrtps_c__pyext
[9.435s] Invoked command in '/autoware/build/tier4_control_msgs' returned '0': AMENT_PREFIX_PATH=/autoware/install/autoware_common_msgs:${AMENT_PREFIX_PATH} CMAKE_PREFIX_PATH=/autoware/install/autoware_common_msgs:/opt/ros/humble LD_LIBRARY_PATH=/autoware/install/autoware_common_msgs/lib:${LD_LIBRARY_PATH} PYTHONPATH=/autoware/install/autoware_common_msgs/local/lib/python3.10/dist-packages:${PYTHONPATH} /usr/bin/cmake --build /autoware/build/tier4_control_msgs -- -j64 -l64
[10.529s] Invoking command in '/autoware/build/tier4_control_msgs': AMENT_PREFIX_PATH=/autoware/install/autoware_common_msgs:${AMENT_PREFIX_PATH} CMAKE_PREFIX_PATH=/autoware/install/autoware_common_msgs:/opt/ros/humble LD_LIBRARY_PATH=/autoware/install/autoware_common_msgs/lib:${LD_LIBRARY_PATH} PYTHONPATH=/autoware/install/autoware_common_msgs/local/lib/python3.10/dist-packages:${PYTHONPATH} /usr/bin/cmake --install /autoware/build/tier4_control_msgs
[10.554s] -- Install configuration: "Release"
[10.556s] -- Execute custom install script
[10.557s] -- Symlinking: /autoware/install/tier4_control_msgs/share/ament_index/resource_index/rosidl_interfaces/tier4_control_msgs
[10.570s] -- Symlinking: /autoware/install/tier4_control_msgs/include/tier4_control_msgs/tier4_control_msgs/msg/detail/external_command_selector_mode__functions.h
[10.610s] -- Symlinking: /autoware/install/tier4_control_msgs/include/tier4_control_msgs/tier4_control_msgs/msg/detail/external_command_selector_mode__struct.h
[10.647s] -- Symlinking: /autoware/install/tier4_control_msgs/include/tier4_control_msgs/tier4_control_msgs/msg/detail/external_command_selector_mode__type_support.h
[10.683s] -- Symlinking: /autoware/install/tier4_control_msgs/include/tier4_control_msgs/tier4_control_msgs/msg/detail/gate_mode__functions.h
[10.684s] -- Symlinking: /autoware/install/tier4_control_msgs/include/tier4_control_msgs/tier4_control_msgs/msg/detail/gate_mode__struct.h
[10.702s] -- Symlinking: /autoware/install/tier4_control_msgs/include/tier4_control_msgs/tier4_control_msgs/msg/detail/gate_mode__type_support.h
[10.723s] -- Symlinking: /autoware/install/tier4_control_msgs/include/tier4_control_msgs/tier4_control_msgs/msg/detail/is_paused__functions.h
[10.748s] -- Symlinking: /autoware/install/tier4_control_msgs/include/tier4_control_msgs/tier4_control_msgs/msg/detail/is_paused__struct.h
[10.780s] -- Symlinking: /autoware/install/tier4_control_msgs/include/tier4_control_msgs/tier4_control_msgs/msg/detail/is_paused__type_support.h
[10.812s] -- Symlinking: /autoware/install/tier4_control_msgs/include/tier4_control_msgs/tier4_control_msgs/msg/detail/is_start_requested__functions.h
[10.835s] -- Symlinking: /autoware/install/tier4_control_msgs/include/tier4_control_msgs/tier4_control_msgs/msg/detail/is_start_requested__struct.h
[10.883s] -- Symlinking: /autoware/install/tier4_control_msgs/include/tier4_control_msgs/tier4_control_msgs/msg/detail/is_start_requested__type_support.h
[10.928s] -- Symlinking: /autoware/install/tier4_control_msgs/include/tier4_control_msgs/tier4_control_msgs/msg/external_command_selector_mode.h
[10.956s] -- Symlinking: /autoware/install/tier4_control_msgs/include/tier4_control_msgs/tier4_control_msgs/msg/gate_mode.h
[10.984s] -- Symlinking: /autoware/install/tier4_control_msgs/include/tier4_control_msgs/tier4_control_msgs/msg/is_paused.h
[11.004s] -- Symlinking: /autoware/install/tier4_control_msgs/include/tier4_control_msgs/tier4_control_msgs/msg/is_start_requested.h
[11.028s] -- Symlinking: /autoware/install/tier4_control_msgs/include/tier4_control_msgs/tier4_control_msgs/msg/rosidl_generator_c__visibility_control.h
[11.052s] -- Symlinking: /autoware/install/tier4_control_msgs/include/tier4_control_msgs/tier4_control_msgs/srv/detail/external_command_select__functions.h
[11.096s] -- Symlinking: /autoware/install/tier4_control_msgs/include/tier4_control_msgs/tier4_control_msgs/srv/detail/external_command_select__struct.h
[11.118s] -- Symlinking: /autoware/install/tier4_control_msgs/include/tier4_control_msgs/tier4_control_msgs/srv/detail/external_command_select__type_support.h
[11.153s] -- Symlinking: /autoware/install/tier4_control_msgs/include/tier4_control_msgs/tier4_control_msgs/srv/detail/set_pause__functions.h
[11.203s] -- Symlinking: /autoware/install/tier4_control_msgs/include/tier4_control_msgs/tier4_control_msgs/srv/detail/set_pause__struct.h
[11.230s] -- Symlinking: /autoware/install/tier4_control_msgs/include/tier4_control_msgs/tier4_control_msgs/srv/detail/set_pause__type_support.h
[11.266s] -- Symlinking: /autoware/install/tier4_control_msgs/include/tier4_control_msgs/tier4_control_msgs/srv/external_command_select.h
[11.302s] -- Symlinking: /autoware/install/tier4_control_msgs/include/tier4_control_msgs/tier4_control_msgs/srv/set_pause.h
[11.324s] -- Symlinking: /autoware/install/tier4_control_msgs/share/tier4_control_msgs/environment/library_path.sh
[11.338s] -- Symlinking: /autoware/install/tier4_control_msgs/share/tier4_control_msgs/environment/library_path.dsv
[11.371s] -- Symlinking: /autoware/install/tier4_control_msgs/include/tier4_control_msgs/tier4_control_msgs/msg/detail/external_command_selector_mode__rosidl_typesupport_fastrtps_c.h
[11.394s] -- Symlinking: /autoware/install/tier4_control_msgs/include/tier4_control_msgs/tier4_control_msgs/msg/detail/gate_mode__rosidl_typesupport_fastrtps_c.h
[11.421s] -- Symlinking: /autoware/install/tier4_control_msgs/include/tier4_control_msgs/tier4_control_msgs/msg/detail/is_paused__rosidl_typesupport_fastrtps_c.h
[11.433s] -- Symlinking: /autoware/install/tier4_control_msgs/include/tier4_control_msgs/tier4_control_msgs/msg/detail/is_start_requested__rosidl_typesupport_fastrtps_c.h
[11.458s] -- Symlinking: /autoware/install/tier4_control_msgs/include/tier4_control_msgs/tier4_control_msgs/msg/rosidl_typesupport_fastrtps_c__visibility_control.h
[11.479s] -- Symlinking: /autoware/install/tier4_control_msgs/include/tier4_control_msgs/tier4_control_msgs/srv/detail/external_command_select__rosidl_typesupport_fastrtps_c.h
[11.531s] -- Symlinking: /autoware/install/tier4_control_msgs/include/tier4_control_msgs/tier4_control_msgs/srv/detail/set_pause__rosidl_typesupport_fastrtps_c.h
[11.532s] -- Symlinking: /autoware/install/tier4_control_msgs/include/tier4_control_msgs/tier4_control_msgs/msg/detail/external_command_selector_mode__rosidl_typesupport_introspection_c.h
[11.551s] -- Symlinking: /autoware/install/tier4_control_msgs/include/tier4_control_msgs/tier4_control_msgs/msg/detail/gate_mode__rosidl_typesupport_introspection_c.h
[11.582s] -- Symlinking: /autoware/install/tier4_control_msgs/include/tier4_control_msgs/tier4_control_msgs/msg/detail/is_paused__rosidl_typesupport_introspection_c.h
[11.594s] -- Symlinking: /autoware/install/tier4_control_msgs/include/tier4_control_msgs/tier4_control_msgs/msg/detail/is_start_requested__rosidl_typesupport_introspection_c.h
[11.606s] -- Symlinking: /autoware/install/tier4_control_msgs/include/tier4_control_msgs/tier4_control_msgs/msg/rosidl_typesupport_introspection_c__visibility_control.h
[11.633s] -- Symlinking: /autoware/install/tier4_control_msgs/include/tier4_control_msgs/tier4_control_msgs/srv/detail/external_command_select__rosidl_typesupport_introspection_c.h
[11.642s] -- Symlinking: /autoware/install/tier4_control_msgs/include/tier4_control_msgs/tier4_control_msgs/srv/detail/set_pause__rosidl_typesupport_introspection_c.h
[11.656s] -- Symlinking: /autoware/install/tier4_control_msgs/include/tier4_control_msgs/tier4_control_msgs/msg/detail/external_command_selector_mode__builder.hpp
[11.667s] -- Symlinking: /autoware/install/tier4_control_msgs/include/tier4_control_msgs/tier4_control_msgs/msg/detail/external_command_selector_mode__struct.hpp
[11.685s] -- Symlinking: /autoware/install/tier4_control_msgs/include/tier4_control_msgs/tier4_control_msgs/msg/detail/external_command_selector_mode__traits.hpp
[11.696s] -- Symlinking: /autoware/install/tier4_control_msgs/include/tier4_control_msgs/tier4_control_msgs/msg/detail/gate_mode__builder.hpp
[11.704s] -- Symlinking: /autoware/install/tier4_control_msgs/include/tier4_control_msgs/tier4_control_msgs/msg/detail/gate_mode__struct.hpp
[11.718s] -- Symlinking: /autoware/install/tier4_control_msgs/include/tier4_control_msgs/tier4_control_msgs/msg/detail/gate_mode__traits.hpp
[11.731s] -- Symlinking: /autoware/install/tier4_control_msgs/include/tier4_control_msgs/tier4_control_msgs/msg/detail/is_paused__builder.hpp
[11.757s] -- Symlinking: /autoware/install/tier4_control_msgs/include/tier4_control_msgs/tier4_control_msgs/msg/detail/is_paused__struct.hpp
[11.771s] -- Symlinking: /autoware/install/tier4_control_msgs/include/tier4_control_msgs/tier4_control_msgs/msg/detail/is_paused__traits.hpp
[11.793s] -- Symlinking: /autoware/install/tier4_control_msgs/include/tier4_control_msgs/tier4_control_msgs/msg/detail/is_start_requested__builder.hpp
[11.835s] -- Symlinking: /autoware/install/tier4_control_msgs/include/tier4_control_msgs/tier4_control_msgs/msg/detail/is_start_requested__struct.hpp
[11.835s] -- Symlinking: /autoware/install/tier4_control_msgs/include/tier4_control_msgs/tier4_control_msgs/msg/detail/is_start_requested__traits.hpp
[11.835s] -- Symlinking: /autoware/install/tier4_control_msgs/include/tier4_control_msgs/tier4_control_msgs/msg/external_command_selector_mode.hpp
[11.836s] -- Symlinking: /autoware/install/tier4_control_msgs/include/tier4_control_msgs/tier4_control_msgs/msg/gate_mode.hpp
[11.847s] -- Symlinking: /autoware/install/tier4_control_msgs/include/tier4_control_msgs/tier4_control_msgs/msg/is_paused.hpp
[11.859s] -- Symlinking: /autoware/install/tier4_control_msgs/include/tier4_control_msgs/tier4_control_msgs/msg/is_start_requested.hpp
[11.873s] -- Symlinking: /autoware/install/tier4_control_msgs/include/tier4_control_msgs/tier4_control_msgs/srv/detail/external_command_select__builder.hpp
[11.886s] -- Symlinking: /autoware/install/tier4_control_msgs/include/tier4_control_msgs/tier4_control_msgs/srv/detail/external_command_select__struct.hpp
[11.900s] -- Symlinking: /autoware/install/tier4_control_msgs/include/tier4_control_msgs/tier4_control_msgs/srv/detail/external_command_select__traits.hpp
[11.910s] -- Symlinking: /autoware/install/tier4_control_msgs/include/tier4_control_msgs/tier4_control_msgs/srv/detail/set_pause__builder.hpp
[11.937s] -- Symlinking: /autoware/install/tier4_control_msgs/include/tier4_control_msgs/tier4_control_msgs/srv/detail/set_pause__struct.hpp
[11.960s] -- Symlinking: /autoware/install/tier4_control_msgs/include/tier4_control_msgs/tier4_control_msgs/srv/detail/set_pause__traits.hpp
[11.973s] -- Symlinking: /autoware/install/tier4_control_msgs/include/tier4_control_msgs/tier4_control_msgs/srv/external_command_select.hpp
[12.025s] -- Symlinking: /autoware/install/tier4_control_msgs/include/tier4_control_msgs/tier4_control_msgs/srv/set_pause.hpp
[12.025s] -- Symlinking: /autoware/install/tier4_control_msgs/include/tier4_control_msgs/tier4_control_msgs/msg/detail/external_command_selector_mode__rosidl_typesupport_fastrtps_cpp.hpp
[12.025s] -- Symlinking: /autoware/install/tier4_control_msgs/include/tier4_control_msgs/tier4_control_msgs/msg/detail/gate_mode__rosidl_typesupport_fastrtps_cpp.hpp
[12.035s] -- Symlinking: /autoware/install/tier4_control_msgs/include/tier4_control_msgs/tier4_control_msgs/msg/detail/is_paused__rosidl_typesupport_fastrtps_cpp.hpp
[12.060s] -- Symlinking: /autoware/install/tier4_control_msgs/include/tier4_control_msgs/tier4_control_msgs/msg/detail/is_start_requested__rosidl_typesupport_fastrtps_cpp.hpp
[12.073s] -- Symlinking: /autoware/install/tier4_control_msgs/include/tier4_control_msgs/tier4_control_msgs/msg/rosidl_typesupport_fastrtps_cpp__visibility_control.h
[12.158s] -- Symlinking: /autoware/install/tier4_control_msgs/include/tier4_control_msgs/tier4_control_msgs/srv/detail/external_command_select__rosidl_typesupport_fastrtps_cpp.hpp
[12.158s] -- Symlinking: /autoware/install/tier4_control_msgs/include/tier4_control_msgs/tier4_control_msgs/srv/detail/set_pause__rosidl_typesupport_fastrtps_cpp.hpp
[12.158s] -- Symlinking: /autoware/install/tier4_control_msgs/include/tier4_control_msgs/tier4_control_msgs/msg/detail/external_command_selector_mode__rosidl_typesupport_introspection_cpp.hpp
[12.158s] -- Symlinking: /autoware/install/tier4_control_msgs/include/tier4_control_msgs/tier4_control_msgs/msg/detail/gate_mode__rosidl_typesupport_introspection_cpp.hpp
[12.162s] -- Symlinking: /autoware/install/tier4_control_msgs/include/tier4_control_msgs/tier4_control_msgs/msg/detail/is_paused__rosidl_typesupport_introspection_cpp.hpp
[12.179s] -- Symlinking: /autoware/install/tier4_control_msgs/include/tier4_control_msgs/tier4_control_msgs/msg/detail/is_start_requested__rosidl_typesupport_introspection_cpp.hpp
[12.190s] -- Symlinking: /autoware/install/tier4_control_msgs/include/tier4_control_msgs/tier4_control_msgs/srv/detail/external_command_select__rosidl_typesupport_introspection_cpp.hpp
[12.201s] -- Symlinking: /autoware/install/tier4_control_msgs/include/tier4_control_msgs/tier4_control_msgs/srv/detail/set_pause__rosidl_typesupport_introspection_cpp.hpp
[12.210s] -- Symlinking: /autoware/install/tier4_control_msgs/share/tier4_control_msgs/environment/pythonpath.sh
[12.312s] -- Symlinking: /autoware/install/tier4_control_msgs/share/tier4_control_msgs/environment/pythonpath.dsv
[12.312s] -- Symlinking: /autoware/install/tier4_control_msgs/local/lib/python3.10/dist-packages/tier4_control_msgs-0.1.0-py3.10.egg-info/PKG-INFO
[12.312s] -- Symlinking: /autoware/install/tier4_control_msgs/local/lib/python3.10/dist-packages/tier4_control_msgs-0.1.0-py3.10.egg-info/SOURCES.txt
[12.312s] -- Symlinking: /autoware/install/tier4_control_msgs/local/lib/python3.10/dist-packages/tier4_control_msgs-0.1.0-py3.10.egg-info/dependency_links.txt
[12.313s] -- Symlinking: /autoware/install/tier4_control_msgs/local/lib/python3.10/dist-packages/tier4_control_msgs-0.1.0-py3.10.egg-info/top_level.txt
[12.313s] -- Symlinking: /autoware/install/tier4_control_msgs/local/lib/python3.10/dist-packages/tier4_control_msgs/__init__.py
[12.314s] -- Symlinking: /autoware/install/tier4_control_msgs/local/lib/python3.10/dist-packages/tier4_control_msgs/_tier4_control_msgs_s.ep.rosidl_typesupport_c.c
[12.352s] -- Symlinking: /autoware/install/tier4_control_msgs/local/lib/python3.10/dist-packages/tier4_control_msgs/_tier4_control_msgs_s.ep.rosidl_typesupport_fastrtps_c.c
[12.352s] -- Symlinking: /autoware/install/tier4_control_msgs/local/lib/python3.10/dist-packages/tier4_control_msgs/_tier4_control_msgs_s.ep.rosidl_typesupport_introspection_c.c
[12.366s] -- Symlinking: /autoware/install/tier4_control_msgs/local/lib/python3.10/dist-packages/tier4_control_msgs/libtier4_control_msgs__rosidl_generator_py.so
[12.393s] -- Symlinking: /autoware/install/tier4_control_msgs/local/lib/python3.10/dist-packages/tier4_control_msgs/msg/__init__.py
[12.406s] -- Symlinking: /autoware/install/tier4_control_msgs/local/lib/python3.10/dist-packages/tier4_control_msgs/msg/_external_command_selector_mode.py
[12.439s] -- Symlinking: /autoware/install/tier4_control_msgs/local/lib/python3.10/dist-packages/tier4_control_msgs/msg/_external_command_selector_mode_s.c
[12.467s] -- Symlinking: /autoware/install/tier4_control_msgs/local/lib/python3.10/dist-packages/tier4_control_msgs/msg/_gate_mode.py
[12.483s] -- Symlinking: /autoware/install/tier4_control_msgs/local/lib/python3.10/dist-packages/tier4_control_msgs/msg/_gate_mode_s.c
[12.494s] -- Symlinking: /autoware/install/tier4_control_msgs/local/lib/python3.10/dist-packages/tier4_control_msgs/msg/_is_paused.py
[12.504s] -- Symlinking: /autoware/install/tier4_control_msgs/local/lib/python3.10/dist-packages/tier4_control_msgs/msg/_is_paused_s.c
[12.516s] -- Symlinking: /autoware/install/tier4_control_msgs/local/lib/python3.10/dist-packages/tier4_control_msgs/msg/_is_start_requested.py
[12.620s] -- Symlinking: /autoware/install/tier4_control_msgs/local/lib/python3.10/dist-packages/tier4_control_msgs/msg/_is_start_requested_s.c
[12.620s] -- Symlinking: /autoware/install/tier4_control_msgs/local/lib/python3.10/dist-packages/tier4_control_msgs/srv/__init__.py
[12.620s] -- Symlinking: /autoware/install/tier4_control_msgs/local/lib/python3.10/dist-packages/tier4_control_msgs/srv/_external_command_select.py
[12.620s] -- Symlinking: /autoware/install/tier4_control_msgs/local/lib/python3.10/dist-packages/tier4_control_msgs/srv/_external_command_select_s.c
[12.621s] -- Symlinking: /autoware/install/tier4_control_msgs/local/lib/python3.10/dist-packages/tier4_control_msgs/srv/_set_pause.py
[12.621s] -- Symlinking: /autoware/install/tier4_control_msgs/local/lib/python3.10/dist-packages/tier4_control_msgs/srv/_set_pause_s.c
[12.631s] -- Symlinking: /autoware/install/tier4_control_msgs/local/lib/python3.10/dist-packages/tier4_control_msgs/tier4_control_msgs_s__rosidl_typesupport_c.cpython-310-x86_64-linux-gnu.so
[12.666s] -- Symlinking: /autoware/install/tier4_control_msgs/local/lib/python3.10/dist-packages/tier4_control_msgs/tier4_control_msgs_s__rosidl_typesupport_fastrtps_c.cpython-310-x86_64-linux-gnu.so
[12.680s] -- Symlinking: /autoware/install/tier4_control_msgs/local/lib/python3.10/dist-packages/tier4_control_msgs/tier4_control_msgs_s__rosidl_typesupport_introspection_c.cpython-310-x86_64-linux-gnu.so
[12.693s] -- Up-to-date symlink: /autoware/install/tier4_control_msgs/local/lib/python3.10/dist-packages/tier4_control_msgs/tier4_control_msgs_s__rosidl_typesupport_fastrtps_c.cpython-310-x86_64-linux-gnu.so
[12.693s] -- Up-to-date symlink: /autoware/install/tier4_control_msgs/local/lib/python3.10/dist-packages/tier4_control_msgs/tier4_control_msgs_s__rosidl_typesupport_introspection_c.cpython-310-x86_64-linux-gnu.so
[12.694s] -- Up-to-date symlink: /autoware/install/tier4_control_msgs/local/lib/python3.10/dist-packages/tier4_control_msgs/tier4_control_msgs_s__rosidl_typesupport_c.cpython-310-x86_64-linux-gnu.so
[12.694s] -- Symlinking: /autoware/install/tier4_control_msgs/share/tier4_control_msgs/msg/GateMode.idl
[12.709s] -- Symlinking: /autoware/install/tier4_control_msgs/share/tier4_control_msgs/msg/ExternalCommandSelectorMode.idl
[12.721s] -- Symlinking: /autoware/install/tier4_control_msgs/share/tier4_control_msgs/srv/ExternalCommandSelect.idl
[12.733s] -- Symlinking: /autoware/install/tier4_control_msgs/share/tier4_control_msgs/msg/IsStartRequested.idl
[12.745s] -- Symlinking: /autoware/install/tier4_control_msgs/share/tier4_control_msgs/msg/IsPaused.idl
[12.755s] -- Symlinking: /autoware/install/tier4_control_msgs/share/tier4_control_msgs/srv/SetPause.idl
[12.767s] -- Symlinking: /autoware/install/tier4_control_msgs/share/tier4_control_msgs/msg/GateMode.msg
[12.776s] -- Symlinking: /autoware/install/tier4_control_msgs/share/tier4_control_msgs/msg/ExternalCommandSelectorMode.msg
[12.788s] -- Symlinking: /autoware/install/tier4_control_msgs/share/tier4_control_msgs/srv/ExternalCommandSelect.srv
[12.798s] -- Symlinking: /autoware/install/tier4_control_msgs/share/tier4_control_msgs/srv/ExternalCommandSelect_Request.msg
[12.809s] -- Symlinking: /autoware/install/tier4_control_msgs/share/tier4_control_msgs/srv/ExternalCommandSelect_Response.msg
[12.820s] -- Symlinking: /autoware/install/tier4_control_msgs/share/tier4_control_msgs/msg/IsStartRequested.msg
[12.835s] -- Symlinking: /autoware/install/tier4_control_msgs/share/tier4_control_msgs/msg/IsPaused.msg
[12.851s] -- Symlinking: /autoware/install/tier4_control_msgs/share/tier4_control_msgs/srv/SetPause.srv
[12.862s] -- Symlinking: /autoware/install/tier4_control_msgs/share/tier4_control_msgs/srv/SetPause_Request.msg
[12.874s] -- Symlinking: /autoware/install/tier4_control_msgs/share/tier4_control_msgs/srv/SetPause_Response.msg
[12.886s] -- Symlinking: /autoware/install/tier4_control_msgs/share/ament_index/resource_index/package_run_dependencies/tier4_control_msgs
[12.895s] -- Symlinking: /autoware/install/tier4_control_msgs/share/ament_index/resource_index/parent_prefix_path/tier4_control_msgs
[12.906s] -- Symlinking: /autoware/install/tier4_control_msgs/share/tier4_control_msgs/environment/ament_prefix_path.sh
[12.920s] -- Symlinking: /autoware/install/tier4_control_msgs/share/tier4_control_msgs/environment/ament_prefix_path.dsv
[12.933s] -- Symlinking: /autoware/install/tier4_control_msgs/share/tier4_control_msgs/environment/path.sh
[12.952s] -- Symlinking: /autoware/install/tier4_control_msgs/share/tier4_control_msgs/environment/path.dsv
[12.964s] -- Symlinking: /autoware/install/tier4_control_msgs/share/tier4_control_msgs/local_setup.bash
[12.976s] -- Symlinking: /autoware/install/tier4_control_msgs/share/tier4_control_msgs/local_setup.sh
[12.988s] -- Symlinking: /autoware/install/tier4_control_msgs/share/tier4_control_msgs/local_setup.zsh
[13.000s] -- Symlinking: /autoware/install/tier4_control_msgs/share/tier4_control_msgs/local_setup.dsv
[13.017s] -- Symlinking: /autoware/install/tier4_control_msgs/share/tier4_control_msgs/package.dsv
[13.031s] -- Symlinking: /autoware/install/tier4_control_msgs/share/ament_index/resource_index/packages/tier4_control_msgs
[13.042s] -- Symlinking: /autoware/install/tier4_control_msgs/share/tier4_control_msgs/cmake/rosidl_cmake-extras.cmake
[13.054s] -- Symlinking: /autoware/install/tier4_control_msgs/share/tier4_control_msgs/cmake/ament_cmake_export_dependencies-extras.cmake
[13.065s] -- Symlinking: /autoware/install/tier4_control_msgs/share/tier4_control_msgs/cmake/ament_cmake_export_include_directories-extras.cmake
[13.098s] -- Symlinking: /autoware/install/tier4_control_msgs/share/tier4_control_msgs/cmake/ament_cmake_export_libraries-extras.cmake
[13.120s] -- Symlinking: /autoware/install/tier4_control_msgs/share/tier4_control_msgs/cmake/ament_cmake_export_targets-extras.cmake
[13.130s] -- Symlinking: /autoware/install/tier4_control_msgs/share/tier4_control_msgs/cmake/rosidl_cmake_export_typesupport_targets-extras.cmake
[13.149s] -- Symlinking: /autoware/install/tier4_control_msgs/share/tier4_control_msgs/cmake/rosidl_cmake_export_typesupport_libraries-extras.cmake
[13.162s] -- Symlinking: /autoware/install/tier4_control_msgs/share/tier4_control_msgs/cmake/tier4_control_msgsConfig.cmake
[13.175s] -- Symlinking: /autoware/install/tier4_control_msgs/share/tier4_control_msgs/cmake/tier4_control_msgsConfig-version.cmake
[13.196s] -- Symlinking: /autoware/install/tier4_control_msgs/share/tier4_control_msgs/package.xml
[13.236s] -- Installing: /autoware/install/tier4_control_msgs/lib/libtier4_control_msgs__rosidl_generator_c.so
[13.236s] -- Set runtime path of "/autoware/install/tier4_control_msgs/lib/libtier4_control_msgs__rosidl_generator_c.so" to ""
[13.237s] -- Installing: /autoware/install/tier4_control_msgs/lib/libtier4_control_msgs__rosidl_typesupport_fastrtps_c.so
[13.237s] -- Set runtime path of "/autoware/install/tier4_control_msgs/lib/libtier4_control_msgs__rosidl_typesupport_fastrtps_c.so" to ""
[13.237s] -- Installing: /autoware/install/tier4_control_msgs/lib/libtier4_control_msgs__rosidl_typesupport_introspection_c.so
[13.237s] -- Set runtime path of "/autoware/install/tier4_control_msgs/lib/libtier4_control_msgs__rosidl_typesupport_introspection_c.so" to ""
[13.237s] -- Installing: /autoware/install/tier4_control_msgs/lib/libtier4_control_msgs__rosidl_typesupport_c.so
[13.237s] -- Set runtime path of "/autoware/install/tier4_control_msgs/lib/libtier4_control_msgs__rosidl_typesupport_c.so" to ""
[13.237s] -- Installing: /autoware/install/tier4_control_msgs/lib/libtier4_control_msgs__rosidl_typesupport_fastrtps_cpp.so
[13.237s] -- Set runtime path of "/autoware/install/tier4_control_msgs/lib/libtier4_control_msgs__rosidl_typesupport_fastrtps_cpp.so" to ""
[13.237s] -- Installing: /autoware/install/tier4_control_msgs/lib/libtier4_control_msgs__rosidl_typesupport_introspection_cpp.so
[13.237s] -- Set runtime path of "/autoware/install/tier4_control_msgs/lib/libtier4_control_msgs__rosidl_typesupport_introspection_cpp.so" to ""
[13.238s] -- Installing: /autoware/install/tier4_control_msgs/lib/libtier4_control_msgs__rosidl_typesupport_cpp.so
[13.238s] -- Set runtime path of "/autoware/install/tier4_control_msgs/lib/libtier4_control_msgs__rosidl_typesupport_cpp.so" to ""
[13.303s] Listing '/autoware/install/tier4_control_msgs/local/lib/python3.10/dist-packages/tier4_control_msgs'...
[13.304s] Compiling '/autoware/install/tier4_control_msgs/local/lib/python3.10/dist-packages/tier4_control_msgs/__init__.py'...
[13.304s] Listing '/autoware/install/tier4_control_msgs/local/lib/python3.10/dist-packages/tier4_control_msgs/msg'...
[13.304s] Compiling '/autoware/install/tier4_control_msgs/local/lib/python3.10/dist-packages/tier4_control_msgs/msg/__init__.py'...
[13.304s] Compiling '/autoware/install/tier4_control_msgs/local/lib/python3.10/dist-packages/tier4_control_msgs/msg/_external_command_selector_mode.py'...
[13.304s] Compiling '/autoware/install/tier4_control_msgs/local/lib/python3.10/dist-packages/tier4_control_msgs/msg/_gate_mode.py'...
[13.304s] Compiling '/autoware/install/tier4_control_msgs/local/lib/python3.10/dist-packages/tier4_control_msgs/msg/_is_paused.py'...
[13.304s] Compiling '/autoware/install/tier4_control_msgs/local/lib/python3.10/dist-packages/tier4_control_msgs/msg/_is_start_requested.py'...
[13.304s] Listing '/autoware/install/tier4_control_msgs/local/lib/python3.10/dist-packages/tier4_control_msgs/srv'...
[13.305s] Compiling '/autoware/install/tier4_control_msgs/local/lib/python3.10/dist-packages/tier4_control_msgs/srv/__init__.py'...
[13.305s] Compiling '/autoware/install/tier4_control_msgs/local/lib/python3.10/dist-packages/tier4_control_msgs/srv/_external_command_select.py'...
[13.305s] Compiling '/autoware/install/tier4_control_msgs/local/lib/python3.10/dist-packages/tier4_control_msgs/srv/_set_pause.py'...
[13.322s] -- Installing: /autoware/install/tier4_control_msgs/lib/libtier4_control_msgs__rosidl_generator_py.so
[13.322s] -- Set runtime path of "/autoware/install/tier4_control_msgs/lib/libtier4_control_msgs__rosidl_generator_py.so" to ""
[13.323s] -- Installing: /autoware/install/tier4_control_msgs/share/tier4_control_msgs/cmake/export_tier4_control_msgs__rosidl_generator_cExport.cmake
[13.323s] -- Installing: /autoware/install/tier4_control_msgs/share/tier4_control_msgs/cmake/export_tier4_control_msgs__rosidl_generator_cExport-release.cmake
[13.323s] -- Installing: /autoware/install/tier4_control_msgs/share/tier4_control_msgs/cmake/export_tier4_control_msgs__rosidl_typesupport_fastrtps_cExport.cmake
[13.323s] -- Installing: /autoware/install/tier4_control_msgs/share/tier4_control_msgs/cmake/export_tier4_control_msgs__rosidl_typesupport_fastrtps_cExport-release.cmake
[13.323s] -- Installing: /autoware/install/tier4_control_msgs/share/tier4_control_msgs/cmake/tier4_control_msgs__rosidl_typesupport_introspection_cExport.cmake
[13.323s] -- Installing: /autoware/install/tier4_control_msgs/share/tier4_control_msgs/cmake/tier4_control_msgs__rosidl_typesupport_introspection_cExport-release.cmake
[13.323s] -- Installing: /autoware/install/tier4_control_msgs/share/tier4_control_msgs/cmake/tier4_control_msgs__rosidl_typesupport_cExport.cmake
[13.323s] -- Installing: /autoware/install/tier4_control_msgs/share/tier4_control_msgs/cmake/tier4_control_msgs__rosidl_typesupport_cExport-release.cmake
[13.324s] -- Installing: /autoware/install/tier4_control_msgs/share/tier4_control_msgs/cmake/export_tier4_control_msgs__rosidl_generator_cppExport.cmake
[13.324s] -- Installing: /autoware/install/tier4_control_msgs/share/tier4_control_msgs/cmake/export_tier4_control_msgs__rosidl_typesupport_fastrtps_cppExport.cmake
[13.324s] -- Installing: /autoware/install/tier4_control_msgs/share/tier4_control_msgs/cmake/export_tier4_control_msgs__rosidl_typesupport_fastrtps_cppExport-release.cmake
[13.324s] -- Installing: /autoware/install/tier4_control_msgs/share/tier4_control_msgs/cmake/tier4_control_msgs__rosidl_typesupport_introspection_cppExport.cmake
[13.324s] -- Installing: /autoware/install/tier4_control_msgs/share/tier4_control_msgs/cmake/tier4_control_msgs__rosidl_typesupport_introspection_cppExport-release.cmake
[13.324s] -- Installing: /autoware/install/tier4_control_msgs/share/tier4_control_msgs/cmake/tier4_control_msgs__rosidl_typesupport_cppExport.cmake
[13.324s] -- Installing: /autoware/install/tier4_control_msgs/share/tier4_control_msgs/cmake/tier4_control_msgs__rosidl_typesupport_cppExport-release.cmake
[13.324s] -- Installing: /autoware/install/tier4_control_msgs/share/tier4_control_msgs/cmake/export_tier4_control_msgs__rosidl_generator_pyExport.cmake
[13.325s] -- Installing: /autoware/install/tier4_control_msgs/share/tier4_control_msgs/cmake/export_tier4_control_msgs__rosidl_generator_pyExport-release.cmake
[13.344s] Invoked command in '/autoware/build/tier4_control_msgs' returned '0': AMENT_PREFIX_PATH=/autoware/install/autoware_common_msgs:${AMENT_PREFIX_PATH} CMAKE_PREFIX_PATH=/autoware/install/autoware_common_msgs:/opt/ros/humble LD_LIBRARY_PATH=/autoware/install/autoware_common_msgs/lib:${LD_LIBRARY_PATH} PYTHONPATH=/autoware/install/autoware_common_msgs/local/lib/python3.10/dist-packages:${PYTHONPATH} /usr/bin/cmake --install /autoware/build/tier4_control_msgs
