-- Found autoware_cmake: 0.1.0 (/autoware/install/autoware_cmake/share/autoware_cmake/cmake)
-- Found ament_cmake_auto: 1.3.2 (/opt/ros/humble/share/ament_cmake_auto/cmake)
-- Override CMake install command with custom implementation using symlinks instead of copying resources
-- Using all available rosidl_typesupport_c: rosidl_typesupport_fastrtps_c;rosidl_typesupport_introspection_c
-- Found rosidl_adapter: 3.1.3 (/opt/ros/humble/share/rosidl_adapter/cmake)
-- Using all available rosidl_typesupport_cpp: rosidl_typesupport_fastrtps_cpp;rosidl_typesupport_introspection_cpp
-- Found rmw_implementation_cmake: 6.1.0 (/opt/ros/humble/share/rmw_implementation_cmake/cmake)
-- Found rmw_fastrtps_cpp: 6.2.1 (/opt/ros/humble/share/rmw_fastrtps_cpp/cmake)
-- Using RMW implementation 'rmw_fastrtps_cpp' as default
-- Found eigen3_cmake_module: 0.1.1 (/opt/ros/humble/share/eigen3_cmake_module/cmake)
-- Ensuring Eigen3 include directory is part of orocos-kdl CMake target
-- Found ament_lint_auto: 0.12.4 (/opt/ros/humble/share/ament_lint_auto/cmake)
-- Using all available rosidl_typesupport_c: rosidl_typesupport_fastrtps_c;rosidl_typesupport_introspection_c
-- Using all available rosidl_typesupport_cpp: rosidl_typesupport_fastrtps_cpp;rosidl_typesupport_introspection_cpp
-- Found python_cmake_module: 0.10.0 (/opt/ros/humble/share/python_cmake_module/cmake)
-- Using PYTHON_EXECUTABLE: /usr/bin/python3
-- Using PYTHON_INCLUDE_DIRS: /usr/include/python3.10
-- Using PYTHON_LIBRARIES: /usr/lib/x86_64-linux-gnu/libpython3.10.so
-- Eigen found (include: /usr/include/eigen3, version: 3.4.0)
-- FLANN found (include: /usr/include, lib: /usr/lib/x86_64-linux-gnu/libflann_cpp.so)
-- looking for PCL_COMMON
-- looking for PCL_KDTREE
-- looking for PCL_OCTREE
-- looking for PCL_SEARCH
-- looking for PCL_SAMPLE_CONSENSUS
-- looking for PCL_FILTERS
-- Found gtest sources under '/opt/ros/humble/src/gtest_vendor': C++ tests using 'Google Test' will be built
-- Added test 'copyright' to check source files copyright and LICENSE
-- Added test 'cppcheck' to perform static code analysis on C / C++ code
-- Configured cppcheck include dirs: /autoware/src/universe/autoware.universe/simulator/dummy_perception_publisher/include;$<BUILD_INTERFACE:/autoware/src/universe/autoware.universe/simulator/dummy_perception_publisher/include>
-- Configured cppcheck exclude dirs and/or files: 
-- Added test 'lint_cmake' to check CMake code style
-- Added test 'xmllint' to check XML markup files
-- Configuring done
-- Generating done
-- Build files have been written to: /autoware/build/dummy_perception_publisher
Consolidate compiler generated dependencies of target gtest
Consolidate compiler generated dependencies of target dummy_perception_publisher__rosidl_generator_c
Consolidate compiler generated dependencies of target signed_distance_function
Consolidate compiler generated dependencies of target gtest_main
[  1%] Built target dummy_perception_publisher__cpp
[  5%] Built target gtest
[ 13%] Built target dummy_perception_publisher__rosidl_generator_c
[ 15%] Linking CXX shared library libsigned_distance_function.so
[ 18%] Built target gtest_main
[ 18%] Built target ament_cmake_python_symlink_dummy_perception_publisher
Consolidate compiler generated dependencies of target dummy_perception_publisher__rosidl_typesupport_cpp
Consolidate compiler generated dependencies of target dummy_perception_publisher__rosidl_typesupport_fastrtps_cpp
Consolidate compiler generated dependencies of target dummy_perception_publisher__rosidl_typesupport_introspection_cpp
Consolidate compiler generated dependencies of target dummy_perception_publisher__rosidl_typesupport_c
Consolidate compiler generated dependencies of target dummy_perception_publisher__rosidl_typesupport_fastrtps_c
Consolidate compiler generated dependencies of target dummy_perception_publisher__rosidl_typesupport_introspection_c
[ 26%] Built target dummy_perception_publisher__rosidl_typesupport_cpp
[ 33%] Built target dummy_perception_publisher__rosidl_typesupport_fastrtps_cpp
[ 41%] Built target dummy_perception_publisher__rosidl_typesupport_introspection_cpp
[ 49%] Built target dummy_perception_publisher__rosidl_typesupport_c
[ 56%] Built target dummy_perception_publisher__rosidl_typesupport_introspection_c
[ 64%] Built target dummy_perception_publisher__rosidl_typesupport_fastrtps_c
[ 64%] Built target dummy_perception_publisher
[ 66%] Built target dummy_perception_publisher__py
Consolidate compiler generated dependencies of target dummy_perception_publisher__rosidl_generator_py
[ 71%] Built target dummy_perception_publisher__rosidl_generator_py
Consolidate compiler generated dependencies of target dummy_perception_publisher__rosidl_typesupport_fastrtps_c__pyext
Consolidate compiler generated dependencies of target dummy_perception_publisher__rosidl_typesupport_introspection_c__pyext
Consolidate compiler generated dependencies of target dummy_perception_publisher__rosidl_typesupport_c__pyext
[ 79%] Built target dummy_perception_publisher__rosidl_typesupport_c__pyext
[ 79%] Built target dummy_perception_publisher__rosidl_typesupport_fastrtps_c__pyext
[ 83%] Built target dummy_perception_publisher__rosidl_typesupport_introspection_c__pyext
running egg_info
writing dummy_perception_publisher.egg-info/PKG-INFO
writing dependency_links to dummy_perception_publisher.egg-info/dependency_links.txt
writing top-level names to dummy_perception_publisher.egg-info/top_level.txt
reading manifest file 'dummy_perception_publisher.egg-info/SOURCES.txt'
writing manifest file 'dummy_perception_publisher.egg-info/SOURCES.txt'
[ 83%] Built target ament_cmake_python_build_dummy_perception_publisher_egg
[ 84%] Built target signed_distance_function
Consolidate compiler generated dependencies of target signed_distance_function-test
Consolidate compiler generated dependencies of target empty_objects_publisher
[ 86%] Linking CXX executable signed_distance_function-test
[ 88%] Linking CXX executable empty_objects_publisher
Consolidate compiler generated dependencies of target dummy_perception_publisher_node
[ 90%] Linking CXX executable dummy_perception_publisher_node
[ 92%] Built target empty_objects_publisher
[ 98%] Built target dummy_perception_publisher_node
[100%] Built target signed_distance_function-test
-- Install configuration: "Release"
-- Execute custom install script
-- Up-to-date symlink: /autoware/install/dummy_perception_publisher/share/ament_index/resource_index/rosidl_interfaces/dummy_perception_publisher
-- Up-to-date symlink: /autoware/install/dummy_perception_publisher/include/dummy_perception_publisher/dummy_perception_publisher/msg/detail/initial_state__functions.h
-- Up-to-date symlink: /autoware/install/dummy_perception_publisher/include/dummy_perception_publisher/dummy_perception_publisher/msg/detail/initial_state__struct.h
-- Up-to-date symlink: /autoware/install/dummy_perception_publisher/include/dummy_perception_publisher/dummy_perception_publisher/msg/detail/initial_state__type_support.h
-- Up-to-date symlink: /autoware/install/dummy_perception_publisher/include/dummy_perception_publisher/dummy_perception_publisher/msg/detail/object__functions.h
-- Up-to-date symlink: /autoware/install/dummy_perception_publisher/include/dummy_perception_publisher/dummy_perception_publisher/msg/detail/object__struct.h
-- Up-to-date symlink: /autoware/install/dummy_perception_publisher/include/dummy_perception_publisher/dummy_perception_publisher/msg/detail/object__type_support.h
-- Up-to-date symlink: /autoware/install/dummy_perception_publisher/include/dummy_perception_publisher/dummy_perception_publisher/msg/initial_state.h
-- Up-to-date symlink: /autoware/install/dummy_perception_publisher/include/dummy_perception_publisher/dummy_perception_publisher/msg/object.h
-- Up-to-date symlink: /autoware/install/dummy_perception_publisher/include/dummy_perception_publisher/dummy_perception_publisher/msg/rosidl_generator_c__visibility_control.h
-- Up-to-date symlink: /autoware/install/dummy_perception_publisher/share/dummy_perception_publisher/environment/library_path.sh
-- Up-to-date symlink: /autoware/install/dummy_perception_publisher/share/dummy_perception_publisher/environment/library_path.dsv
-- Up-to-date symlink: /autoware/install/dummy_perception_publisher/include/dummy_perception_publisher/dummy_perception_publisher/msg/detail/initial_state__rosidl_typesupport_fastrtps_c.h
-- Up-to-date symlink: /autoware/install/dummy_perception_publisher/include/dummy_perception_publisher/dummy_perception_publisher/msg/detail/object__rosidl_typesupport_fastrtps_c.h
-- Up-to-date symlink: /autoware/install/dummy_perception_publisher/include/dummy_perception_publisher/dummy_perception_publisher/msg/rosidl_typesupport_fastrtps_c__visibility_control.h
-- Up-to-date symlink: /autoware/install/dummy_perception_publisher/include/dummy_perception_publisher/dummy_perception_publisher/msg/detail/initial_state__rosidl_typesupport_introspection_c.h
-- Up-to-date symlink: /autoware/install/dummy_perception_publisher/include/dummy_perception_publisher/dummy_perception_publisher/msg/detail/object__rosidl_typesupport_introspection_c.h
-- Up-to-date symlink: /autoware/install/dummy_perception_publisher/include/dummy_perception_publisher/dummy_perception_publisher/msg/rosidl_typesupport_introspection_c__visibility_control.h
-- Up-to-date symlink: /autoware/install/dummy_perception_publisher/include/dummy_perception_publisher/dummy_perception_publisher/msg/detail/initial_state__builder.hpp
-- Up-to-date symlink: /autoware/install/dummy_perception_publisher/include/dummy_perception_publisher/dummy_perception_publisher/msg/detail/initial_state__struct.hpp
-- Up-to-date symlink: /autoware/install/dummy_perception_publisher/include/dummy_perception_publisher/dummy_perception_publisher/msg/detail/initial_state__traits.hpp
-- Up-to-date symlink: /autoware/install/dummy_perception_publisher/include/dummy_perception_publisher/dummy_perception_publisher/msg/detail/object__builder.hpp
-- Up-to-date symlink: /autoware/install/dummy_perception_publisher/include/dummy_perception_publisher/dummy_perception_publisher/msg/detail/object__struct.hpp
-- Up-to-date symlink: /autoware/install/dummy_perception_publisher/include/dummy_perception_publisher/dummy_perception_publisher/msg/detail/object__traits.hpp
-- Up-to-date symlink: /autoware/install/dummy_perception_publisher/include/dummy_perception_publisher/dummy_perception_publisher/msg/initial_state.hpp
-- Up-to-date symlink: /autoware/install/dummy_perception_publisher/include/dummy_perception_publisher/dummy_perception_publisher/msg/object.hpp
-- Up-to-date symlink: /autoware/install/dummy_perception_publisher/include/dummy_perception_publisher/dummy_perception_publisher/msg/detail/initial_state__rosidl_typesupport_fastrtps_cpp.hpp
-- Up-to-date symlink: /autoware/install/dummy_perception_publisher/include/dummy_perception_publisher/dummy_perception_publisher/msg/detail/object__rosidl_typesupport_fastrtps_cpp.hpp
-- Up-to-date symlink: /autoware/install/dummy_perception_publisher/include/dummy_perception_publisher/dummy_perception_publisher/msg/rosidl_typesupport_fastrtps_cpp__visibility_control.h
-- Up-to-date symlink: /autoware/install/dummy_perception_publisher/include/dummy_perception_publisher/dummy_perception_publisher/msg/detail/initial_state__rosidl_typesupport_introspection_cpp.hpp
-- Up-to-date symlink: /autoware/install/dummy_perception_publisher/include/dummy_perception_publisher/dummy_perception_publisher/msg/detail/object__rosidl_typesupport_introspection_cpp.hpp
-- Up-to-date symlink: /autoware/install/dummy_perception_publisher/share/dummy_perception_publisher/environment/pythonpath.sh
-- Up-to-date symlink: /autoware/install/dummy_perception_publisher/share/dummy_perception_publisher/environment/pythonpath.dsv
-- Up-to-date symlink: /autoware/install/dummy_perception_publisher/local/lib/python3.10/dist-packages/dummy_perception_publisher-0.1.0-py3.10.egg-info/PKG-INFO
-- Up-to-date symlink: /autoware/install/dummy_perception_publisher/local/lib/python3.10/dist-packages/dummy_perception_publisher-0.1.0-py3.10.egg-info/SOURCES.txt
-- Up-to-date symlink: /autoware/install/dummy_perception_publisher/local/lib/python3.10/dist-packages/dummy_perception_publisher-0.1.0-py3.10.egg-info/dependency_links.txt
-- Up-to-date symlink: /autoware/install/dummy_perception_publisher/local/lib/python3.10/dist-packages/dummy_perception_publisher-0.1.0-py3.10.egg-info/top_level.txt
-- Up-to-date symlink: /autoware/install/dummy_perception_publisher/local/lib/python3.10/dist-packages/dummy_perception_publisher/__init__.py
-- Up-to-date symlink: /autoware/install/dummy_perception_publisher/local/lib/python3.10/dist-packages/dummy_perception_publisher/_dummy_perception_publisher_s.ep.rosidl_typesupport_c.c
-- Up-to-date symlink: /autoware/install/dummy_perception_publisher/local/lib/python3.10/dist-packages/dummy_perception_publisher/_dummy_perception_publisher_s.ep.rosidl_typesupport_fastrtps_c.c
-- Up-to-date symlink: /autoware/install/dummy_perception_publisher/local/lib/python3.10/dist-packages/dummy_perception_publisher/_dummy_perception_publisher_s.ep.rosidl_typesupport_introspection_c.c
-- Up-to-date symlink: /autoware/install/dummy_perception_publisher/local/lib/python3.10/dist-packages/dummy_perception_publisher/dummy_perception_publisher_s__rosidl_typesupport_c.cpython-310-x86_64-linux-gnu.so
-- Up-to-date symlink: /autoware/install/dummy_perception_publisher/local/lib/python3.10/dist-packages/dummy_perception_publisher/dummy_perception_publisher_s__rosidl_typesupport_fastrtps_c.cpython-310-x86_64-linux-gnu.so
-- Up-to-date symlink: /autoware/install/dummy_perception_publisher/local/lib/python3.10/dist-packages/dummy_perception_publisher/dummy_perception_publisher_s__rosidl_typesupport_introspection_c.cpython-310-x86_64-linux-gnu.so
-- Up-to-date symlink: /autoware/install/dummy_perception_publisher/local/lib/python3.10/dist-packages/dummy_perception_publisher/libdummy_perception_publisher__rosidl_generator_py.so
-- Up-to-date symlink: /autoware/install/dummy_perception_publisher/local/lib/python3.10/dist-packages/dummy_perception_publisher/msg/__init__.py
-- Up-to-date symlink: /autoware/install/dummy_perception_publisher/local/lib/python3.10/dist-packages/dummy_perception_publisher/msg/_initial_state.py
-- Up-to-date symlink: /autoware/install/dummy_perception_publisher/local/lib/python3.10/dist-packages/dummy_perception_publisher/msg/_initial_state_s.c
-- Up-to-date symlink: /autoware/install/dummy_perception_publisher/local/lib/python3.10/dist-packages/dummy_perception_publisher/msg/_object.py
-- Up-to-date symlink: /autoware/install/dummy_perception_publisher/local/lib/python3.10/dist-packages/dummy_perception_publisher/msg/_object_s.c
-- Up-to-date symlink: /autoware/install/dummy_perception_publisher/local/lib/python3.10/dist-packages/dummy_perception_publisher/dummy_perception_publisher_s__rosidl_typesupport_fastrtps_c.cpython-310-x86_64-linux-gnu.so
-- Up-to-date symlink: /autoware/install/dummy_perception_publisher/local/lib/python3.10/dist-packages/dummy_perception_publisher/dummy_perception_publisher_s__rosidl_typesupport_introspection_c.cpython-310-x86_64-linux-gnu.so
-- Up-to-date symlink: /autoware/install/dummy_perception_publisher/local/lib/python3.10/dist-packages/dummy_perception_publisher/dummy_perception_publisher_s__rosidl_typesupport_c.cpython-310-x86_64-linux-gnu.so
-- Up-to-date symlink: /autoware/install/dummy_perception_publisher/share/dummy_perception_publisher/msg/InitialState.idl
-- Up-to-date symlink: /autoware/install/dummy_perception_publisher/share/dummy_perception_publisher/msg/Object.idl
-- Up-to-date symlink: /autoware/install/dummy_perception_publisher/share/dummy_perception_publisher/msg/InitialState.msg
-- Up-to-date symlink: /autoware/install/dummy_perception_publisher/share/dummy_perception_publisher/msg/Object.msg
-- Up-to-date symlink: /autoware/install/dummy_perception_publisher/include/dummy_perception_publisher/node.hpp
-- Up-to-date symlink: /autoware/install/dummy_perception_publisher/include/dummy_perception_publisher/signed_distance_function.hpp
-- Up-to-date symlink: /autoware/install/dummy_perception_publisher/lib/libsigned_distance_function.so
-- Up-to-date symlink: /autoware/install/dummy_perception_publisher/lib/dummy_perception_publisher/dummy_perception_publisher_node
-- Up-to-date symlink: /autoware/install/dummy_perception_publisher/lib/dummy_perception_publisher/empty_objects_publisher
-- Up-to-date symlink: /autoware/install/dummy_perception_publisher/share/dummy_perception_publisher/launch/dummy_perception_publisher.launch.xml
-- Up-to-date symlink: /autoware/install/dummy_perception_publisher/share/ament_index/resource_index/package_run_dependencies/dummy_perception_publisher
-- Up-to-date symlink: /autoware/install/dummy_perception_publisher/share/ament_index/resource_index/parent_prefix_path/dummy_perception_publisher
-- Up-to-date symlink: /autoware/install/dummy_perception_publisher/share/dummy_perception_publisher/environment/ament_prefix_path.sh
-- Up-to-date symlink: /autoware/install/dummy_perception_publisher/share/dummy_perception_publisher/environment/ament_prefix_path.dsv
-- Up-to-date symlink: /autoware/install/dummy_perception_publisher/share/dummy_perception_publisher/environment/path.sh
-- Up-to-date symlink: /autoware/install/dummy_perception_publisher/share/dummy_perception_publisher/environment/path.dsv
-- Up-to-date symlink: /autoware/install/dummy_perception_publisher/share/dummy_perception_publisher/local_setup.bash
-- Up-to-date symlink: /autoware/install/dummy_perception_publisher/share/dummy_perception_publisher/local_setup.sh
-- Up-to-date symlink: /autoware/install/dummy_perception_publisher/share/dummy_perception_publisher/local_setup.zsh
-- Up-to-date symlink: /autoware/install/dummy_perception_publisher/share/dummy_perception_publisher/local_setup.dsv
-- Symlinking: /autoware/install/dummy_perception_publisher/share/dummy_perception_publisher/package.dsv
-- Up-to-date symlink: /autoware/install/dummy_perception_publisher/share/ament_index/resource_index/packages/dummy_perception_publisher
-- Up-to-date symlink: /autoware/install/dummy_perception_publisher/share/dummy_perception_publisher/cmake/rosidl_cmake-extras.cmake
-- Up-to-date symlink: /autoware/install/dummy_perception_publisher/share/dummy_perception_publisher/cmake/ament_cmake_export_dependencies-extras.cmake
-- Up-to-date symlink: /autoware/install/dummy_perception_publisher/share/dummy_perception_publisher/cmake/ament_cmake_export_include_directories-extras.cmake
-- Up-to-date symlink: /autoware/install/dummy_perception_publisher/share/dummy_perception_publisher/cmake/ament_cmake_export_libraries-extras.cmake
-- Up-to-date symlink: /autoware/install/dummy_perception_publisher/share/dummy_perception_publisher/cmake/ament_cmake_export_targets-extras.cmake
-- Up-to-date symlink: /autoware/install/dummy_perception_publisher/share/dummy_perception_publisher/cmake/rosidl_cmake_export_typesupport_targets-extras.cmake
-- Up-to-date symlink: /autoware/install/dummy_perception_publisher/share/dummy_perception_publisher/cmake/rosidl_cmake_export_typesupport_libraries-extras.cmake
-- Up-to-date symlink: /autoware/install/dummy_perception_publisher/share/dummy_perception_publisher/cmake/dummy_perception_publisherConfig.cmake
-- Up-to-date symlink: /autoware/install/dummy_perception_publisher/share/dummy_perception_publisher/cmake/dummy_perception_publisherConfig-version.cmake
-- Up-to-date symlink: /autoware/install/dummy_perception_publisher/share/dummy_perception_publisher/package.xml
-- Up-to-date: /autoware/install/dummy_perception_publisher/lib/libdummy_perception_publisher__rosidl_generator_c.so
-- Up-to-date: /autoware/install/dummy_perception_publisher/lib/libdummy_perception_publisher__rosidl_typesupport_fastrtps_c.so
-- Up-to-date: /autoware/install/dummy_perception_publisher/lib/libdummy_perception_publisher__rosidl_typesupport_introspection_c.so
-- Up-to-date: /autoware/install/dummy_perception_publisher/lib/libdummy_perception_publisher__rosidl_typesupport_c.so
-- Up-to-date: /autoware/install/dummy_perception_publisher/lib/libdummy_perception_publisher__rosidl_typesupport_fastrtps_cpp.so
-- Up-to-date: /autoware/install/dummy_perception_publisher/lib/libdummy_perception_publisher__rosidl_typesupport_introspection_cpp.so
-- Up-to-date: /autoware/install/dummy_perception_publisher/lib/libdummy_perception_publisher__rosidl_typesupport_cpp.so
Listing '/autoware/install/dummy_perception_publisher/local/lib/python3.10/dist-packages/dummy_perception_publisher'...
Compiling '/autoware/install/dummy_perception_publisher/local/lib/python3.10/dist-packages/dummy_perception_publisher/__init__.py'...
Listing '/autoware/install/dummy_perception_publisher/local/lib/python3.10/dist-packages/dummy_perception_publisher/msg'...
-- Up-to-date: /autoware/install/dummy_perception_publisher/lib/libdummy_perception_publisher__rosidl_generator_py.so
-- Up-to-date: /autoware/install/dummy_perception_publisher/share/dummy_perception_publisher/cmake/export_dummy_perception_publisher__rosidl_generator_cExport.cmake
-- Up-to-date: /autoware/install/dummy_perception_publisher/share/dummy_perception_publisher/cmake/export_dummy_perception_publisher__rosidl_generator_cExport-release.cmake
-- Up-to-date: /autoware/install/dummy_perception_publisher/share/dummy_perception_publisher/cmake/export_dummy_perception_publisher__rosidl_typesupport_fastrtps_cExport.cmake
-- Up-to-date: /autoware/install/dummy_perception_publisher/share/dummy_perception_publisher/cmake/export_dummy_perception_publisher__rosidl_typesupport_fastrtps_cExport-release.cmake
-- Up-to-date: /autoware/install/dummy_perception_publisher/share/dummy_perception_publisher/cmake/dummy_perception_publisher__rosidl_typesupport_introspection_cExport.cmake
-- Up-to-date: /autoware/install/dummy_perception_publisher/share/dummy_perception_publisher/cmake/dummy_perception_publisher__rosidl_typesupport_introspection_cExport-release.cmake
-- Up-to-date: /autoware/install/dummy_perception_publisher/share/dummy_perception_publisher/cmake/dummy_perception_publisher__rosidl_typesupport_cExport.cmake
-- Up-to-date: /autoware/install/dummy_perception_publisher/share/dummy_perception_publisher/cmake/dummy_perception_publisher__rosidl_typesupport_cExport-release.cmake
-- Up-to-date: /autoware/install/dummy_perception_publisher/share/dummy_perception_publisher/cmake/export_dummy_perception_publisher__rosidl_generator_cppExport.cmake
-- Up-to-date: /autoware/install/dummy_perception_publisher/share/dummy_perception_publisher/cmake/export_dummy_perception_publisher__rosidl_typesupport_fastrtps_cppExport.cmake
-- Up-to-date: /autoware/install/dummy_perception_publisher/share/dummy_perception_publisher/cmake/export_dummy_perception_publisher__rosidl_typesupport_fastrtps_cppExport-release.cmake
-- Up-to-date: /autoware/install/dummy_perception_publisher/share/dummy_perception_publisher/cmake/dummy_perception_publisher__rosidl_typesupport_introspection_cppExport.cmake
-- Up-to-date: /autoware/install/dummy_perception_publisher/share/dummy_perception_publisher/cmake/dummy_perception_publisher__rosidl_typesupport_introspection_cppExport-release.cmake
-- Up-to-date: /autoware/install/dummy_perception_publisher/share/dummy_perception_publisher/cmake/dummy_perception_publisher__rosidl_typesupport_cppExport.cmake
-- Up-to-date: /autoware/install/dummy_perception_publisher/share/dummy_perception_publisher/cmake/dummy_perception_publisher__rosidl_typesupport_cppExport-release.cmake
-- Up-to-date: /autoware/install/dummy_perception_publisher/share/dummy_perception_publisher/cmake/export_dummy_perception_publisher__rosidl_generator_pyExport.cmake
-- Up-to-date: /autoware/install/dummy_perception_publisher/share/dummy_perception_publisher/cmake/export_dummy_perception_publisher__rosidl_generator_pyExport-release.cmake
