-- Found autoware_cmake: 0.1.0 (/autoware/install/autoware_cmake/share/autoware_cmake/cmake)
-- Found ament_cmake_auto: 1.3.2 (/opt/ros/humble/share/ament_cmake_auto/cmake)
-- Override CMake install command with custom implementation using symlinks instead of copying resources
-- Found rosidl_generator_c: 3.1.3 (/opt/ros/humble/share/rosidl_generator_c/cmake)
-- Found rosidl_adapter: 3.1.3 (/opt/ros/humble/share/rosidl_adapter/cmake)
-- Found rosidl_generator_cpp: 3.1.3 (/opt/ros/humble/share/rosidl_generator_cpp/cmake)
-- Using all available rosidl_typesupport_c: rosidl_typesupport_fastrtps_c;rosidl_typesupport_introspection_c
-- Using all available rosidl_typesupport_cpp: rosidl_typesupport_fastrtps_cpp;rosidl_typesupport_introspection_cpp
-- Found rmw_implementation_cmake: 6.1.0 (/opt/ros/humble/share/rmw_implementation_cmake/cmake)
-- Found rmw_fastrtps_cpp: 6.2.1 (/opt/ros/humble/share/rmw_fastrtps_cpp/cmake)
-- Using RMW implementation 'rmw_fastrtps_cpp' as default
-- Found eigen3_cmake_module: 0.1.1 (/opt/ros/humble/share/eigen3_cmake_module/cmake)
-- Found Eigen3: TRUE (found version "3.4.0") 
-- Ensuring Eigen3 include directory is part of orocos-kdl CMake target
-- Found ament_lint_auto: 0.12.4 (/opt/ros/humble/share/ament_lint_auto/cmake)
-- Eigen found (include: /usr/include/eigen3, version: 3.4.0)
-- OpenNI found (version: 1.5.4.0, include: /usr/include/ni, lib: /usr/lib/libOpenNI.so;libusb::libusb)
-- OpenNI2 found (version: 2.2.0.33, include: /usr/include/openni2, lib: /usr/lib/x86_64-linux-gnu/libOpenNI2.so;libusb::libusb)
** WARNING ** io features related to pcap will be disabled
** WARNING ** io features related to png will be disabled
-- Found Eigen3: /usr/include/eigen3 (found version "3.4.0") 
-- Eigen found (include: /usr/include/eigen3, version: 3.4.0)
-- FLANN found (include: /usr/include, lib: /usr/lib/x86_64-linux-gnu/libflann_cpp.so)
-- looking for PCL_COMMON
-- looking for PCL_OCTREE
-- looking for PCL_IO
-- looking for PCL_KDTREE
-- looking for PCL_SEARCH
-- looking for PCL_SAMPLE_CONSENSUS
-- looking for PCL_FILTERS
-- looking for PCL_2D
-- looking for PCL_FEATURES
-- looking for PCL_REGISTRATION
-- Added test 'cppcheck' to perform static code analysis on C / C++ code
-- Configured cppcheck include dirs: /autoware/src/universe/autoware.universe/localization/ndt_scan_matcher/include
-- Configured cppcheck exclude dirs and/or files: 
-- Configuring done
-- Generating done
-- Build files have been written to: /autoware/build/ndt_scan_matcher
Consolidate compiler generated dependencies of target ndt_scan_matcher
[ 11%] Building CXX object CMakeFiles/ndt_scan_matcher.dir/src/ndt_scan_matcher_node.cpp.o
[ 22%] Building CXX object CMakeFiles/ndt_scan_matcher.dir/src/ndt_scan_matcher_core.cpp.o
[ 33%] Building CXX object CMakeFiles/ndt_scan_matcher.dir/src/util_func.cpp.o
[ 44%] Linking CXX executable ndt_scan_matcher
[100%] Built target ndt_scan_matcher
-- Install configuration: "Release"
-- Execute custom install script
-- Up-to-date symlink: /autoware/install/ndt_scan_matcher/include/ndt_scan_matcher/debug.hpp
-- Up-to-date symlink: /autoware/install/ndt_scan_matcher/include/ndt_scan_matcher/map_module.hpp
-- Up-to-date symlink: /autoware/install/ndt_scan_matcher/include/ndt_scan_matcher/matrix_type.hpp
-- Up-to-date symlink: /autoware/install/ndt_scan_matcher/include/ndt_scan_matcher/ndt_scan_matcher_core.hpp
-- Up-to-date symlink: /autoware/install/ndt_scan_matcher/include/ndt_scan_matcher/particle.hpp
-- Up-to-date symlink: /autoware/install/ndt_scan_matcher/include/ndt_scan_matcher/pose_array_interpolator.hpp
-- Up-to-date symlink: /autoware/install/ndt_scan_matcher/include/ndt_scan_matcher/pose_initialization_module.hpp
-- Up-to-date symlink: /autoware/install/ndt_scan_matcher/include/ndt_scan_matcher/tf2_listener_module.hpp
-- Up-to-date symlink: /autoware/install/ndt_scan_matcher/include/ndt_scan_matcher/util_func.hpp
-- Up-to-date symlink: /autoware/install/ndt_scan_matcher/lib/ndt_scan_matcher/ndt_scan_matcher
-- Up-to-date symlink: /autoware/install/ndt_scan_matcher/share/ndt_scan_matcher/launch/ndt_scan_matcher.launch.xml
-- Up-to-date symlink: /autoware/install/ndt_scan_matcher/share/ndt_scan_matcher/config/ndt_scan_matcher.param.yaml
-- Up-to-date symlink: /autoware/install/ndt_scan_matcher/share/ament_index/resource_index/package_run_dependencies/ndt_scan_matcher
-- Up-to-date symlink: /autoware/install/ndt_scan_matcher/share/ament_index/resource_index/parent_prefix_path/ndt_scan_matcher
-- Up-to-date symlink: /autoware/install/ndt_scan_matcher/share/ndt_scan_matcher/environment/ament_prefix_path.sh
-- Up-to-date symlink: /autoware/install/ndt_scan_matcher/share/ndt_scan_matcher/environment/ament_prefix_path.dsv
-- Up-to-date symlink: /autoware/install/ndt_scan_matcher/share/ndt_scan_matcher/environment/path.sh
-- Up-to-date symlink: /autoware/install/ndt_scan_matcher/share/ndt_scan_matcher/environment/path.dsv
-- Up-to-date symlink: /autoware/install/ndt_scan_matcher/share/ndt_scan_matcher/local_setup.bash
-- Up-to-date symlink: /autoware/install/ndt_scan_matcher/share/ndt_scan_matcher/local_setup.sh
-- Up-to-date symlink: /autoware/install/ndt_scan_matcher/share/ndt_scan_matcher/local_setup.zsh
-- Up-to-date symlink: /autoware/install/ndt_scan_matcher/share/ndt_scan_matcher/local_setup.dsv
-- Symlinking: /autoware/install/ndt_scan_matcher/share/ndt_scan_matcher/package.dsv
-- Up-to-date symlink: /autoware/install/ndt_scan_matcher/share/ament_index/resource_index/packages/ndt_scan_matcher
-- Up-to-date symlink: /autoware/install/ndt_scan_matcher/share/ndt_scan_matcher/cmake/ament_cmake_export_dependencies-extras.cmake
-- Up-to-date symlink: /autoware/install/ndt_scan_matcher/share/ndt_scan_matcher/cmake/ament_cmake_export_include_directories-extras.cmake
-- Up-to-date symlink: /autoware/install/ndt_scan_matcher/share/ndt_scan_matcher/cmake/ndt_scan_matcherConfig.cmake
-- Up-to-date symlink: /autoware/install/ndt_scan_matcher/share/ndt_scan_matcher/cmake/ndt_scan_matcherConfig-version.cmake
-- Up-to-date symlink: /autoware/install/ndt_scan_matcher/share/ndt_scan_matcher/package.xml
