[0.071s] Invoking command in '/autoware/build/ndt_scan_matcher': AMENT_PREFIX_PATH=/autoware/install/tier4_autoware_utils:/autoware/install/autoware_auto_vehicle_msgs:/autoware/install/autoware_auto_planning_msgs:/autoware/install/autoware_auto_perception_msgs:/autoware/install/tier4_localization_msgs:/autoware/install/tier4_debug_msgs:/autoware/install/ndt_omp:/autoware/install/autoware_cmake:/autoware/install/autoware_auto_mapping_msgs:/autoware/install/autoware_auto_geometry_msgs:/autoware/install/ament_cmake_auto:${AMENT_PREFIX_PATH} CMAKE_PREFIX_PATH=/autoware/install/tier4_autoware_utils:/autoware/install/autoware_auto_vehicle_msgs:/autoware/install/autoware_auto_planning_msgs:/autoware/install/autoware_auto_perception_msgs:/autoware/install/tier4_localization_msgs:/autoware/install/tier4_debug_msgs:/autoware/install/ndt_omp:/autoware/install/autoware_cmake:/autoware/install/autoware_auto_mapping_msgs:/autoware/install/autoware_auto_geometry_msgs:/autoware/install/ament_cmake_auto:/opt/ros/humble LD_LIBRARY_PATH=/autoware/install/tier4_autoware_utils/lib:/autoware/install/autoware_auto_vehicle_msgs/lib:/autoware/install/autoware_auto_planning_msgs/lib:/autoware/install/autoware_auto_perception_msgs/lib:/autoware/install/tier4_localization_msgs/lib:/autoware/install/tier4_debug_msgs/lib:/autoware/install/ndt_omp/lib:/autoware/install/autoware_auto_mapping_msgs/lib:/autoware/install/autoware_auto_geometry_msgs/lib:${LD_LIBRARY_PATH} PYTHONPATH=/autoware/install/autoware_auto_vehicle_msgs/local/lib/python3.10/dist-packages:/autoware/install/autoware_auto_planning_msgs/local/lib/python3.10/dist-packages:/autoware/install/autoware_auto_perception_msgs/local/lib/python3.10/dist-packages:/autoware/install/tier4_localization_msgs/local/lib/python3.10/dist-packages:/autoware/install/tier4_debug_msgs/local/lib/python3.10/dist-packages:/autoware/install/autoware_auto_mapping_msgs/local/lib/python3.10/dist-packages:/autoware/install/autoware_auto_geometry_msgs/local/lib/python3.10/dist-packages:${PYTHONPATH} /usr/bin/cmake --build /autoware/build/ndt_scan_matcher -- -j64 -l64
[0.102s] -- Found autoware_cmake: 0.1.0 (/autoware/install/autoware_cmake/share/autoware_cmake/cmake)
[0.103s] -- Found ament_cmake_auto: 1.3.2 (/opt/ros/humble/share/ament_cmake_auto/cmake)
[0.254s] -- Override CMake install command with custom implementation using symlinks instead of copying resources
[0.362s] -- Found rosidl_generator_c: 3.1.3 (/opt/ros/humble/share/rosidl_generator_c/cmake)
[0.364s] -- Found rosidl_adapter: 3.1.3 (/opt/ros/humble/share/rosidl_adapter/cmake)
[0.369s] -- Found rosidl_generator_cpp: 3.1.3 (/opt/ros/humble/share/rosidl_generator_cpp/cmake)
[0.380s] -- Using all available rosidl_typesupport_c: rosidl_typesupport_fastrtps_c;rosidl_typesupport_introspection_c
[0.394s] -- Using all available rosidl_typesupport_cpp: rosidl_typesupport_fastrtps_cpp;rosidl_typesupport_introspection_cpp
[0.677s] -- Found rmw_implementation_cmake: 6.1.0 (/opt/ros/humble/share/rmw_implementation_cmake/cmake)
[0.679s] -- Found rmw_fastrtps_cpp: 6.2.1 (/opt/ros/humble/share/rmw_fastrtps_cpp/cmake)
[0.808s] -- Using RMW implementation 'rmw_fastrtps_cpp' as default
[1.528s] -- Found eigen3_cmake_module: 0.1.1 (/opt/ros/humble/share/eigen3_cmake_module/cmake)
[1.529s] -- Found Eigen3: TRUE (found version "3.4.0") 
[1.529s] -- Ensuring Eigen3 include directory is part of orocos-kdl CMake target
[2.712s] -- Found ament_lint_auto: 0.12.4 (/opt/ros/humble/share/ament_lint_auto/cmake)
[2.726s] -- Eigen found (include: /usr/include/eigen3, version: 3.4.0)
[2.748s] -- OpenNI found (version: 1.5.4.0, include: /usr/include/ni, lib: /usr/lib/libOpenNI.so;libusb::libusb)
[2.753s] -- OpenNI2 found (version: 2.2.0.33, include: /usr/include/openni2, lib: /usr/lib/x86_64-linux-gnu/libOpenNI2.so;libusb::libusb)
[2.754s] ** WARNING ** io features related to pcap will be disabled
[2.754s] ** WARNING ** io features related to png will be disabled
[2.964s] -- Found Eigen3: /usr/include/eigen3 (found version "3.4.0") 
[3.086s] -- Eigen found (include: /usr/include/eigen3, version: 3.4.0)
[3.121s] -- FLANN found (include: /usr/include, lib: /usr/lib/x86_64-linux-gnu/libflann_cpp.so)
[3.418s] -- looking for PCL_COMMON
[3.418s] -- looking for PCL_OCTREE
[3.419s] -- looking for PCL_IO
[3.419s] -- looking for PCL_KDTREE
[3.419s] -- looking for PCL_SEARCH
[3.419s] -- looking for PCL_SAMPLE_CONSENSUS
[3.420s] -- looking for PCL_FILTERS
[3.420s] -- looking for PCL_2D
[3.420s] -- looking for PCL_FEATURES
[3.421s] -- looking for PCL_REGISTRATION
[4.710s] -- Added test 'cppcheck' to perform static code analysis on C / C++ code
[4.710s] -- Configured cppcheck include dirs: /autoware/src/universe/autoware.universe/localization/ndt_scan_matcher/include
[4.710s] -- Configured cppcheck exclude dirs and/or files: 
[4.714s] -- Configuring done
[4.781s] -- Generating done
[4.783s] -- Build files have been written to: /autoware/build/ndt_scan_matcher
[4.871s] Consolidate compiler generated dependencies of target ndt_scan_matcher
[4.904s] [ 11%] Building CXX object CMakeFiles/ndt_scan_matcher.dir/src/ndt_scan_matcher_node.cpp.o
[4.906s] [ 22%] Building CXX object CMakeFiles/ndt_scan_matcher.dir/src/ndt_scan_matcher_core.cpp.o
[4.907s] [ 33%] Building CXX object CMakeFiles/ndt_scan_matcher.dir/src/util_func.cpp.o
[34.272s] [ 44%] Linking CXX executable ndt_scan_matcher
[34.918s] [100%] Built target ndt_scan_matcher
[34.928s] Invoked command in '/autoware/build/ndt_scan_matcher' returned '0': AMENT_PREFIX_PATH=/autoware/install/tier4_autoware_utils:/autoware/install/autoware_auto_vehicle_msgs:/autoware/install/autoware_auto_planning_msgs:/autoware/install/autoware_auto_perception_msgs:/autoware/install/tier4_localization_msgs:/autoware/install/tier4_debug_msgs:/autoware/install/ndt_omp:/autoware/install/autoware_cmake:/autoware/install/autoware_auto_mapping_msgs:/autoware/install/autoware_auto_geometry_msgs:/autoware/install/ament_cmake_auto:${AMENT_PREFIX_PATH} CMAKE_PREFIX_PATH=/autoware/install/tier4_autoware_utils:/autoware/install/autoware_auto_vehicle_msgs:/autoware/install/autoware_auto_planning_msgs:/autoware/install/autoware_auto_perception_msgs:/autoware/install/tier4_localization_msgs:/autoware/install/tier4_debug_msgs:/autoware/install/ndt_omp:/autoware/install/autoware_cmake:/autoware/install/autoware_auto_mapping_msgs:/autoware/install/autoware_auto_geometry_msgs:/autoware/install/ament_cmake_auto:/opt/ros/humble LD_LIBRARY_PATH=/autoware/install/tier4_autoware_utils/lib:/autoware/install/autoware_auto_vehicle_msgs/lib:/autoware/install/autoware_auto_planning_msgs/lib:/autoware/install/autoware_auto_perception_msgs/lib:/autoware/install/tier4_localization_msgs/lib:/autoware/install/tier4_debug_msgs/lib:/autoware/install/ndt_omp/lib:/autoware/install/autoware_auto_mapping_msgs/lib:/autoware/install/autoware_auto_geometry_msgs/lib:${LD_LIBRARY_PATH} PYTHONPATH=/autoware/install/autoware_auto_vehicle_msgs/local/lib/python3.10/dist-packages:/autoware/install/autoware_auto_planning_msgs/local/lib/python3.10/dist-packages:/autoware/install/autoware_auto_perception_msgs/local/lib/python3.10/dist-packages:/autoware/install/tier4_localization_msgs/local/lib/python3.10/dist-packages:/autoware/install/tier4_debug_msgs/local/lib/python3.10/dist-packages:/autoware/install/autoware_auto_mapping_msgs/local/lib/python3.10/dist-packages:/autoware/install/autoware_auto_geometry_msgs/local/lib/python3.10/dist-packages:${PYTHONPATH} /usr/bin/cmake --build /autoware/build/ndt_scan_matcher -- -j64 -l64
[34.958s] Invoking command in '/autoware/build/ndt_scan_matcher': AMENT_PREFIX_PATH=/autoware/install/tier4_autoware_utils:/autoware/install/autoware_auto_vehicle_msgs:/autoware/install/autoware_auto_planning_msgs:/autoware/install/autoware_auto_perception_msgs:/autoware/install/tier4_localization_msgs:/autoware/install/tier4_debug_msgs:/autoware/install/ndt_omp:/autoware/install/autoware_cmake:/autoware/install/autoware_auto_mapping_msgs:/autoware/install/autoware_auto_geometry_msgs:/autoware/install/ament_cmake_auto:${AMENT_PREFIX_PATH} CMAKE_PREFIX_PATH=/autoware/install/tier4_autoware_utils:/autoware/install/autoware_auto_vehicle_msgs:/autoware/install/autoware_auto_planning_msgs:/autoware/install/autoware_auto_perception_msgs:/autoware/install/tier4_localization_msgs:/autoware/install/tier4_debug_msgs:/autoware/install/ndt_omp:/autoware/install/autoware_cmake:/autoware/install/autoware_auto_mapping_msgs:/autoware/install/autoware_auto_geometry_msgs:/autoware/install/ament_cmake_auto:/opt/ros/humble LD_LIBRARY_PATH=/autoware/install/tier4_autoware_utils/lib:/autoware/install/autoware_auto_vehicle_msgs/lib:/autoware/install/autoware_auto_planning_msgs/lib:/autoware/install/autoware_auto_perception_msgs/lib:/autoware/install/tier4_localization_msgs/lib:/autoware/install/tier4_debug_msgs/lib:/autoware/install/ndt_omp/lib:/autoware/install/autoware_auto_mapping_msgs/lib:/autoware/install/autoware_auto_geometry_msgs/lib:${LD_LIBRARY_PATH} PYTHONPATH=/autoware/install/autoware_auto_vehicle_msgs/local/lib/python3.10/dist-packages:/autoware/install/autoware_auto_planning_msgs/local/lib/python3.10/dist-packages:/autoware/install/autoware_auto_perception_msgs/local/lib/python3.10/dist-packages:/autoware/install/tier4_localization_msgs/local/lib/python3.10/dist-packages:/autoware/install/tier4_debug_msgs/local/lib/python3.10/dist-packages:/autoware/install/autoware_auto_mapping_msgs/local/lib/python3.10/dist-packages:/autoware/install/autoware_auto_geometry_msgs/local/lib/python3.10/dist-packages:${PYTHONPATH} /usr/bin/cmake --install /autoware/build/ndt_scan_matcher
[34.965s] -- Install configuration: "Release"
[34.965s] -- Execute custom install script
[34.965s] -- Up-to-date symlink: /autoware/install/ndt_scan_matcher/include/ndt_scan_matcher/debug.hpp
[34.966s] -- Up-to-date symlink: /autoware/install/ndt_scan_matcher/include/ndt_scan_matcher/map_module.hpp
[34.966s] -- Up-to-date symlink: /autoware/install/ndt_scan_matcher/include/ndt_scan_matcher/matrix_type.hpp
[34.966s] -- Up-to-date symlink: /autoware/install/ndt_scan_matcher/include/ndt_scan_matcher/ndt_scan_matcher_core.hpp
[34.967s] -- Up-to-date symlink: /autoware/install/ndt_scan_matcher/include/ndt_scan_matcher/particle.hpp
[34.967s] -- Up-to-date symlink: /autoware/install/ndt_scan_matcher/include/ndt_scan_matcher/pose_array_interpolator.hpp
[34.967s] -- Up-to-date symlink: /autoware/install/ndt_scan_matcher/include/ndt_scan_matcher/pose_initialization_module.hpp
[34.967s] -- Up-to-date symlink: /autoware/install/ndt_scan_matcher/include/ndt_scan_matcher/tf2_listener_module.hpp
[34.968s] -- Up-to-date symlink: /autoware/install/ndt_scan_matcher/include/ndt_scan_matcher/util_func.hpp
[34.968s] -- Up-to-date symlink: /autoware/install/ndt_scan_matcher/lib/ndt_scan_matcher/ndt_scan_matcher
[34.968s] -- Up-to-date symlink: /autoware/install/ndt_scan_matcher/share/ndt_scan_matcher/launch/ndt_scan_matcher.launch.xml
[34.968s] -- Up-to-date symlink: /autoware/install/ndt_scan_matcher/share/ndt_scan_matcher/config/ndt_scan_matcher.param.yaml
[34.968s] -- Up-to-date symlink: /autoware/install/ndt_scan_matcher/share/ament_index/resource_index/package_run_dependencies/ndt_scan_matcher
[34.969s] -- Up-to-date symlink: /autoware/install/ndt_scan_matcher/share/ament_index/resource_index/parent_prefix_path/ndt_scan_matcher
[34.969s] -- Up-to-date symlink: /autoware/install/ndt_scan_matcher/share/ndt_scan_matcher/environment/ament_prefix_path.sh
[34.969s] -- Up-to-date symlink: /autoware/install/ndt_scan_matcher/share/ndt_scan_matcher/environment/ament_prefix_path.dsv
[34.969s] -- Up-to-date symlink: /autoware/install/ndt_scan_matcher/share/ndt_scan_matcher/environment/path.sh
[34.969s] -- Up-to-date symlink: /autoware/install/ndt_scan_matcher/share/ndt_scan_matcher/environment/path.dsv
[34.969s] -- Up-to-date symlink: /autoware/install/ndt_scan_matcher/share/ndt_scan_matcher/local_setup.bash
[34.969s] -- Up-to-date symlink: /autoware/install/ndt_scan_matcher/share/ndt_scan_matcher/local_setup.sh
[34.969s] -- Up-to-date symlink: /autoware/install/ndt_scan_matcher/share/ndt_scan_matcher/local_setup.zsh
[34.969s] -- Up-to-date symlink: /autoware/install/ndt_scan_matcher/share/ndt_scan_matcher/local_setup.dsv
[34.969s] -- Symlinking: /autoware/install/ndt_scan_matcher/share/ndt_scan_matcher/package.dsv
[34.977s] -- Up-to-date symlink: /autoware/install/ndt_scan_matcher/share/ament_index/resource_index/packages/ndt_scan_matcher
[34.977s] -- Up-to-date symlink: /autoware/install/ndt_scan_matcher/share/ndt_scan_matcher/cmake/ament_cmake_export_dependencies-extras.cmake
[34.977s] -- Up-to-date symlink: /autoware/install/ndt_scan_matcher/share/ndt_scan_matcher/cmake/ament_cmake_export_include_directories-extras.cmake
[34.977s] -- Up-to-date symlink: /autoware/install/ndt_scan_matcher/share/ndt_scan_matcher/cmake/ndt_scan_matcherConfig.cmake
[34.977s] -- Up-to-date symlink: /autoware/install/ndt_scan_matcher/share/ndt_scan_matcher/cmake/ndt_scan_matcherConfig-version.cmake
[34.977s] -- Up-to-date symlink: /autoware/install/ndt_scan_matcher/share/ndt_scan_matcher/package.xml
[34.987s] Invoked command in '/autoware/build/ndt_scan_matcher' returned '0': AMENT_PREFIX_PATH=/autoware/install/tier4_autoware_utils:/autoware/install/autoware_auto_vehicle_msgs:/autoware/install/autoware_auto_planning_msgs:/autoware/install/autoware_auto_perception_msgs:/autoware/install/tier4_localization_msgs:/autoware/install/tier4_debug_msgs:/autoware/install/ndt_omp:/autoware/install/autoware_cmake:/autoware/install/autoware_auto_mapping_msgs:/autoware/install/autoware_auto_geometry_msgs:/autoware/install/ament_cmake_auto:${AMENT_PREFIX_PATH} CMAKE_PREFIX_PATH=/autoware/install/tier4_autoware_utils:/autoware/install/autoware_auto_vehicle_msgs:/autoware/install/autoware_auto_planning_msgs:/autoware/install/autoware_auto_perception_msgs:/autoware/install/tier4_localization_msgs:/autoware/install/tier4_debug_msgs:/autoware/install/ndt_omp:/autoware/install/autoware_cmake:/autoware/install/autoware_auto_mapping_msgs:/autoware/install/autoware_auto_geometry_msgs:/autoware/install/ament_cmake_auto:/opt/ros/humble LD_LIBRARY_PATH=/autoware/install/tier4_autoware_utils/lib:/autoware/install/autoware_auto_vehicle_msgs/lib:/autoware/install/autoware_auto_planning_msgs/lib:/autoware/install/autoware_auto_perception_msgs/lib:/autoware/install/tier4_localization_msgs/lib:/autoware/install/tier4_debug_msgs/lib:/autoware/install/ndt_omp/lib:/autoware/install/autoware_auto_mapping_msgs/lib:/autoware/install/autoware_auto_geometry_msgs/lib:${LD_LIBRARY_PATH} PYTHONPATH=/autoware/install/autoware_auto_vehicle_msgs/local/lib/python3.10/dist-packages:/autoware/install/autoware_auto_planning_msgs/local/lib/python3.10/dist-packages:/autoware/install/autoware_auto_perception_msgs/local/lib/python3.10/dist-packages:/autoware/install/tier4_localization_msgs/local/lib/python3.10/dist-packages:/autoware/install/tier4_debug_msgs/local/lib/python3.10/dist-packages:/autoware/install/autoware_auto_mapping_msgs/local/lib/python3.10/dist-packages:/autoware/install/autoware_auto_geometry_msgs/local/lib/python3.10/dist-packages:${PYTHONPATH} /usr/bin/cmake --install /autoware/build/ndt_scan_matcher
