-- The C compiler identification is GNU 11.3.0
-- The CXX compiler identification is GNU 11.3.0
-- Detecting C compiler ABI info
-- Detecting C compiler ABI info - done
-- Check for working C compiler: /usr/bin/cc - skipped
-- Detecting C compile features
-- Detecting C compile features - done
-- Detecting CXX compiler ABI info
-- Detecting CXX compiler ABI info - done
-- Check for working CXX compiler: /usr/bin/c++ - skipped
-- Detecting CXX compile features
-- Detecting CXX compile features - done
-- Found ament_cmake_auto: 1.3.2 (/opt/ros/humble/share/ament_cmake_auto/cmake)
-- Found Python3: /usr/bin/python3.10 (found version "3.10.6") found components: Interpreter 
-- Override CMake install command with custom implementation using symlinks instead of copying resources
-- Using all available rosidl_typesupport_c: rosidl_typesupport_fastrtps_c;rosidl_typesupport_introspection_c
-- Found rosidl_adapter: 3.1.3 (/opt/ros/humble/share/rosidl_adapter/cmake)
-- Using all available rosidl_typesupport_cpp: rosidl_typesupport_fastrtps_cpp;rosidl_typesupport_introspection_cpp
-- Found ament_cmake_ros: 0.10.0 (/opt/ros/humble/share/ament_cmake_ros/cmake)
-- Using all available rosidl_typesupport_c: rosidl_typesupport_fastrtps_c;rosidl_typesupport_introspection_c
-- Using all available rosidl_typesupport_cpp: rosidl_typesupport_fastrtps_cpp;rosidl_typesupport_introspection_cpp
-- Found PythonInterp: /usr/bin/python3 (found suitable version "3.10.6", minimum required is "3.6") 
-- Found python_cmake_module: 0.10.0 (/opt/ros/humble/share/python_cmake_module/cmake)
-- Found PythonLibs: /usr/lib/x86_64-linux-gnu/libpython3.10.so (found suitable version "3.10.6", minimum required is "3.5") 
-- Using PYTHON_EXECUTABLE: /usr/bin/python3
-- Using PYTHON_INCLUDE_DIRS: /usr/include/python3.10
-- Using PYTHON_LIBRARIES: /usr/lib/x86_64-linux-gnu/libpython3.10.so
-- Found PythonExtra: .so  
-- Found ament_lint_auto: 0.12.4 (/opt/ros/humble/share/ament_lint_auto/cmake)
-- Added test 'copyright' to check source files copyright and LICENSE
-- Added test 'lint_cmake' to check CMake code style
-- Added test 'xmllint' to check XML markup files
-- Configuring done
-- Generating done
-- Build files have been written to: /autoware/build/tier4_vehicle_msgs
[  1%] Generating C code for ROS interfaces
[  1%] Generating C++ code for ROS interfaces
[  1%] Built target ament_cmake_python_symlink_tier4_vehicle_msgs
running egg_info
creating tier4_vehicle_msgs.egg-info
writing tier4_vehicle_msgs.egg-info/PKG-INFO
writing dependency_links to tier4_vehicle_msgs.egg-info/dependency_links.txt
writing top-level names to tier4_vehicle_msgs.egg-info/top_level.txt
writing manifest file 'tier4_vehicle_msgs.egg-info/SOURCES.txt'
reading manifest file 'tier4_vehicle_msgs.egg-info/SOURCES.txt'
writing manifest file 'tier4_vehicle_msgs.egg-info/SOURCES.txt'
[  1%] Built target ament_cmake_python_build_tier4_vehicle_msgs_egg
[  1%] Built target tier4_vehicle_msgs__cpp
[  2%] Generating C++ type support dispatch for ROS interfaces
[  3%] Generating C++ introspection for ROS interfaces
[  3%] Generating C++ type support for eProsima Fast-RTPS
[  4%] Building C object CMakeFiles/tier4_vehicle_msgs__rosidl_generator_c.dir/rosidl_generator_c/tier4_vehicle_msgs/msg/detail/actuation_command__functions.c.o
[  4%] Building C object CMakeFiles/tier4_vehicle_msgs__rosidl_generator_c.dir/rosidl_generator_c/tier4_vehicle_msgs/msg/detail/actuation_status_stamped__functions.c.o
[  5%] Building C object CMakeFiles/tier4_vehicle_msgs__rosidl_generator_c.dir/rosidl_generator_c/tier4_vehicle_msgs/msg/detail/shift__functions.c.o
[  6%] Building C object CMakeFiles/tier4_vehicle_msgs__rosidl_generator_c.dir/rosidl_generator_c/tier4_vehicle_msgs/msg/detail/actuation_command_stamped__functions.c.o
[  7%] Building C object CMakeFiles/tier4_vehicle_msgs__rosidl_generator_c.dir/rosidl_generator_c/tier4_vehicle_msgs/msg/detail/battery_status__functions.c.o
[  7%] Building C object CMakeFiles/tier4_vehicle_msgs__rosidl_generator_c.dir/rosidl_generator_c/tier4_vehicle_msgs/msg/detail/steering_wheel_status_stamped__functions.c.o
[  8%] Building C object CMakeFiles/tier4_vehicle_msgs__rosidl_generator_c.dir/rosidl_generator_c/tier4_vehicle_msgs/msg/detail/turn_signal__functions.c.o
[  9%] Building C object CMakeFiles/tier4_vehicle_msgs__rosidl_generator_c.dir/rosidl_generator_c/tier4_vehicle_msgs/msg/detail/actuation_status__functions.c.o
[ 12%] Building C object CMakeFiles/tier4_vehicle_msgs__rosidl_generator_c.dir/rosidl_generator_c/tier4_vehicle_msgs/msg/detail/steering__functions.c.o
[ 12%] Building C object CMakeFiles/tier4_vehicle_msgs__rosidl_generator_c.dir/rosidl_generator_c/tier4_vehicle_msgs/msg/detail/vehicle_emergency_stamped__functions.c.o
[ 12%] Building C object CMakeFiles/tier4_vehicle_msgs__rosidl_generator_c.dir/rosidl_generator_c/tier4_vehicle_msgs/srv/detail/update_accel_brake_map__functions.c.o
[ 13%] Building C object CMakeFiles/tier4_vehicle_msgs__rosidl_generator_c.dir/rosidl_generator_c/tier4_vehicle_msgs/msg/detail/shift_stamped__functions.c.o
[ 14%] Linking C shared library libtier4_vehicle_msgs__rosidl_generator_c.so
[ 14%] Built target tier4_vehicle_msgs__rosidl_generator_c
[ 15%] Generating C type support for eProsima Fast-RTPS
[ 17%] Generating C introspection for ROS interfaces
[ 17%] Generating C type support dispatch for ROS interfaces
[ 18%] Building CXX object CMakeFiles/tier4_vehicle_msgs__rosidl_typesupport_cpp.dir/rosidl_typesupport_cpp/tier4_vehicle_msgs/msg/actuation_command__type_support.cpp.o
[ 19%] Building CXX object CMakeFiles/tier4_vehicle_msgs__rosidl_typesupport_cpp.dir/rosidl_typesupport_cpp/tier4_vehicle_msgs/msg/actuation_status__type_support.cpp.o
[ 19%] Building CXX object CMakeFiles/tier4_vehicle_msgs__rosidl_typesupport_cpp.dir/rosidl_typesupport_cpp/tier4_vehicle_msgs/msg/battery_status__type_support.cpp.o
[ 20%] Building CXX object CMakeFiles/tier4_vehicle_msgs__rosidl_typesupport_cpp.dir/rosidl_typesupport_cpp/tier4_vehicle_msgs/msg/actuation_command_stamped__type_support.cpp.o
[ 21%] Building CXX object CMakeFiles/tier4_vehicle_msgs__rosidl_typesupport_cpp.dir/rosidl_typesupport_cpp/tier4_vehicle_msgs/msg/shift_stamped__type_support.cpp.o
[ 23%] Building CXX object CMakeFiles/tier4_vehicle_msgs__rosidl_typesupport_cpp.dir/rosidl_typesupport_cpp/tier4_vehicle_msgs/msg/shift__type_support.cpp.o
[ 23%] Building CXX object CMakeFiles/tier4_vehicle_msgs__rosidl_typesupport_cpp.dir/rosidl_typesupport_cpp/tier4_vehicle_msgs/msg/actuation_status_stamped__type_support.cpp.o
[ 24%] Building CXX object CMakeFiles/tier4_vehicle_msgs__rosidl_typesupport_cpp.dir/rosidl_typesupport_cpp/tier4_vehicle_msgs/msg/turn_signal__type_support.cpp.o
[ 25%] Building CXX object CMakeFiles/tier4_vehicle_msgs__rosidl_typesupport_cpp.dir/rosidl_typesupport_cpp/tier4_vehicle_msgs/msg/steering_wheel_status_stamped__type_support.cpp.o
[ 26%] Building CXX object CMakeFiles/tier4_vehicle_msgs__rosidl_typesupport_cpp.dir/rosidl_typesupport_cpp/tier4_vehicle_msgs/msg/steering__type_support.cpp.o
[ 26%] Building CXX object CMakeFiles/tier4_vehicle_msgs__rosidl_typesupport_cpp.dir/rosidl_typesupport_cpp/tier4_vehicle_msgs/msg/vehicle_emergency_stamped__type_support.cpp.o
[ 27%] Building CXX object CMakeFiles/tier4_vehicle_msgs__rosidl_typesupport_cpp.dir/rosidl_typesupport_cpp/tier4_vehicle_msgs/srv/update_accel_brake_map__type_support.cpp.o
[ 27%] Building CXX object CMakeFiles/tier4_vehicle_msgs__rosidl_typesupport_introspection_cpp.dir/rosidl_typesupport_introspection_cpp/tier4_vehicle_msgs/msg/detail/actuation_command__type_support.cpp.o
[ 28%] Building CXX object CMakeFiles/tier4_vehicle_msgs__rosidl_typesupport_introspection_cpp.dir/rosidl_typesupport_introspection_cpp/tier4_vehicle_msgs/msg/detail/turn_signal__type_support.cpp.o
[ 30%] Building CXX object CMakeFiles/tier4_vehicle_msgs__rosidl_typesupport_introspection_cpp.dir/rosidl_typesupport_introspection_cpp/tier4_vehicle_msgs/msg/detail/actuation_command_stamped__type_support.cpp.o
[ 31%] Building CXX object CMakeFiles/tier4_vehicle_msgs__rosidl_typesupport_introspection_cpp.dir/rosidl_typesupport_introspection_cpp/tier4_vehicle_msgs/msg/detail/actuation_status__type_support.cpp.o
[ 31%] Building CXX object CMakeFiles/tier4_vehicle_msgs__rosidl_typesupport_introspection_cpp.dir/rosidl_typesupport_introspection_cpp/tier4_vehicle_msgs/msg/detail/actuation_status_stamped__type_support.cpp.o
[ 34%] Building CXX object CMakeFiles/tier4_vehicle_msgs__rosidl_typesupport_introspection_cpp.dir/rosidl_typesupport_introspection_cpp/tier4_vehicle_msgs/msg/detail/steering__type_support.cpp.o
[ 35%] Building CXX object CMakeFiles/tier4_vehicle_msgs__rosidl_typesupport_introspection_cpp.dir/rosidl_typesupport_introspection_cpp/tier4_vehicle_msgs/msg/detail/shift__type_support.cpp.o
[ 35%] Building CXX object CMakeFiles/tier4_vehicle_msgs__rosidl_typesupport_introspection_cpp.dir/rosidl_typesupport_introspection_cpp/tier4_vehicle_msgs/msg/detail/steering_wheel_status_stamped__type_support.cpp.o
[ 35%] Building CXX object CMakeFiles/tier4_vehicle_msgs__rosidl_typesupport_introspection_cpp.dir/rosidl_typesupport_introspection_cpp/tier4_vehicle_msgs/msg/detail/shift_stamped__type_support.cpp.o
[ 36%] Building CXX object CMakeFiles/tier4_vehicle_msgs__rosidl_typesupport_introspection_cpp.dir/rosidl_typesupport_introspection_cpp/tier4_vehicle_msgs/msg/detail/battery_status__type_support.cpp.o
[ 36%] Building CXX object CMakeFiles/tier4_vehicle_msgs__rosidl_typesupport_introspection_cpp.dir/rosidl_typesupport_introspection_cpp/tier4_vehicle_msgs/msg/detail/vehicle_emergency_stamped__type_support.cpp.o
[ 37%] Building CXX object CMakeFiles/tier4_vehicle_msgs__rosidl_typesupport_introspection_cpp.dir/rosidl_typesupport_introspection_cpp/tier4_vehicle_msgs/srv/detail/update_accel_brake_map__type_support.cpp.o
[ 38%] Building CXX object CMakeFiles/tier4_vehicle_msgs__rosidl_typesupport_fastrtps_cpp.dir/rosidl_typesupport_fastrtps_cpp/tier4_vehicle_msgs/msg/detail/dds_fastrtps/turn_signal__type_support.cpp.o
[ 40%] Building CXX object CMakeFiles/tier4_vehicle_msgs__rosidl_typesupport_fastrtps_cpp.dir/rosidl_typesupport_fastrtps_cpp/tier4_vehicle_msgs/msg/detail/dds_fastrtps/actuation_command_stamped__type_support.cpp.o
[ 40%] Building CXX object CMakeFiles/tier4_vehicle_msgs__rosidl_typesupport_fastrtps_cpp.dir/rosidl_typesupport_fastrtps_cpp/tier4_vehicle_msgs/msg/detail/dds_fastrtps/actuation_command__type_support.cpp.o
[ 41%] Building CXX object CMakeFiles/tier4_vehicle_msgs__rosidl_typesupport_fastrtps_cpp.dir/rosidl_typesupport_fastrtps_cpp/tier4_vehicle_msgs/msg/detail/dds_fastrtps/actuation_status__type_support.cpp.o
[ 43%] Building CXX object CMakeFiles/tier4_vehicle_msgs__rosidl_typesupport_fastrtps_cpp.dir/rosidl_typesupport_fastrtps_cpp/tier4_vehicle_msgs/msg/detail/dds_fastrtps/actuation_status_stamped__type_support.cpp.o
[ 43%] Building CXX object CMakeFiles/tier4_vehicle_msgs__rosidl_typesupport_fastrtps_cpp.dir/rosidl_typesupport_fastrtps_cpp/tier4_vehicle_msgs/msg/detail/dds_fastrtps/steering__type_support.cpp.o
[ 44%] Building CXX object CMakeFiles/tier4_vehicle_msgs__rosidl_typesupport_fastrtps_cpp.dir/rosidl_typesupport_fastrtps_cpp/tier4_vehicle_msgs/msg/detail/dds_fastrtps/battery_status__type_support.cpp.o
[ 44%] Building CXX object CMakeFiles/tier4_vehicle_msgs__rosidl_typesupport_fastrtps_cpp.dir/rosidl_typesupport_fastrtps_cpp/tier4_vehicle_msgs/msg/detail/dds_fastrtps/shift__type_support.cpp.o
[ 47%] Building CXX object CMakeFiles/tier4_vehicle_msgs__rosidl_typesupport_fastrtps_cpp.dir/rosidl_typesupport_fastrtps_cpp/tier4_vehicle_msgs/msg/detail/dds_fastrtps/steering_wheel_status_stamped__type_support.cpp.o
[ 47%] Building CXX object CMakeFiles/tier4_vehicle_msgs__rosidl_typesupport_fastrtps_cpp.dir/rosidl_typesupport_fastrtps_cpp/tier4_vehicle_msgs/msg/detail/dds_fastrtps/vehicle_emergency_stamped__type_support.cpp.o
[ 47%] Building CXX object CMakeFiles/tier4_vehicle_msgs__rosidl_typesupport_fastrtps_cpp.dir/rosidl_typesupport_fastrtps_cpp/tier4_vehicle_msgs/msg/detail/dds_fastrtps/shift_stamped__type_support.cpp.o
[ 47%] Building CXX object CMakeFiles/tier4_vehicle_msgs__rosidl_typesupport_fastrtps_cpp.dir/rosidl_typesupport_fastrtps_cpp/tier4_vehicle_msgs/srv/detail/dds_fastrtps/update_accel_brake_map__type_support.cpp.o
[ 48%] Building CXX object CMakeFiles/tier4_vehicle_msgs__rosidl_typesupport_c.dir/rosidl_typesupport_c/tier4_vehicle_msgs/msg/actuation_command__type_support.cpp.o
[ 49%] Building CXX object CMakeFiles/tier4_vehicle_msgs__rosidl_typesupport_c.dir/rosidl_typesupport_c/tier4_vehicle_msgs/msg/actuation_command_stamped__type_support.cpp.o
[ 49%] Building CXX object CMakeFiles/tier4_vehicle_msgs__rosidl_typesupport_c.dir/rosidl_typesupport_c/tier4_vehicle_msgs/msg/battery_status__type_support.cpp.o
[ 50%] Building CXX object CMakeFiles/tier4_vehicle_msgs__rosidl_typesupport_c.dir/rosidl_typesupport_c/tier4_vehicle_msgs/msg/turn_signal__type_support.cpp.o
[ 50%] Building CXX object CMakeFiles/tier4_vehicle_msgs__rosidl_typesupport_c.dir/rosidl_typesupport_c/tier4_vehicle_msgs/msg/shift__type_support.cpp.o
[ 52%] Building CXX object CMakeFiles/tier4_vehicle_msgs__rosidl_typesupport_c.dir/rosidl_typesupport_c/tier4_vehicle_msgs/msg/steering_wheel_status_stamped__type_support.cpp.o
[ 53%] Building CXX object CMakeFiles/tier4_vehicle_msgs__rosidl_typesupport_c.dir/rosidl_typesupport_c/tier4_vehicle_msgs/msg/actuation_status__type_support.cpp.o
[ 53%] Building CXX object CMakeFiles/tier4_vehicle_msgs__rosidl_typesupport_c.dir/rosidl_typesupport_c/tier4_vehicle_msgs/msg/actuation_status_stamped__type_support.cpp.o
[ 54%] Building CXX object CMakeFiles/tier4_vehicle_msgs__rosidl_typesupport_c.dir/rosidl_typesupport_c/tier4_vehicle_msgs/srv/update_accel_brake_map__type_support.cpp.o
[ 55%] Building CXX object CMakeFiles/tier4_vehicle_msgs__rosidl_typesupport_c.dir/rosidl_typesupport_c/tier4_vehicle_msgs/msg/shift_stamped__type_support.cpp.o
[ 56%] Building CXX object CMakeFiles/tier4_vehicle_msgs__rosidl_typesupport_c.dir/rosidl_typesupport_c/tier4_vehicle_msgs/msg/steering__type_support.cpp.o
[ 57%] Building CXX object CMakeFiles/tier4_vehicle_msgs__rosidl_typesupport_c.dir/rosidl_typesupport_c/tier4_vehicle_msgs/msg/vehicle_emergency_stamped__type_support.cpp.o
[ 58%] Linking CXX shared library libtier4_vehicle_msgs__rosidl_typesupport_cpp.so
[ 59%] Linking CXX shared library libtier4_vehicle_msgs__rosidl_typesupport_c.so
[ 59%] Built target tier4_vehicle_msgs__rosidl_typesupport_cpp
[ 59%] Built target tier4_vehicle_msgs__rosidl_typesupport_c
[ 59%] Building C object CMakeFiles/tier4_vehicle_msgs__rosidl_typesupport_introspection_c.dir/rosidl_typesupport_introspection_c/tier4_vehicle_msgs/msg/detail/actuation_status_stamped__type_support.c.o
[ 60%] Building C object CMakeFiles/tier4_vehicle_msgs__rosidl_typesupport_introspection_c.dir/rosidl_typesupport_introspection_c/tier4_vehicle_msgs/msg/detail/actuation_command__type_support.c.o
[ 61%] Building C object CMakeFiles/tier4_vehicle_msgs__rosidl_typesupport_introspection_c.dir/rosidl_typesupport_introspection_c/tier4_vehicle_msgs/msg/detail/actuation_command_stamped__type_support.c.o
[ 62%] Building C object CMakeFiles/tier4_vehicle_msgs__rosidl_typesupport_introspection_c.dir/rosidl_typesupport_introspection_c/tier4_vehicle_msgs/msg/detail/shift_stamped__type_support.c.o
[ 63%] Building C object CMakeFiles/tier4_vehicle_msgs__rosidl_typesupport_introspection_c.dir/rosidl_typesupport_introspection_c/tier4_vehicle_msgs/msg/detail/shift__type_support.c.o
[ 64%] Building C object CMakeFiles/tier4_vehicle_msgs__rosidl_typesupport_introspection_c.dir/rosidl_typesupport_introspection_c/tier4_vehicle_msgs/msg/detail/actuation_status__type_support.c.o
[ 64%] Building C object CMakeFiles/tier4_vehicle_msgs__rosidl_typesupport_introspection_c.dir/rosidl_typesupport_introspection_c/tier4_vehicle_msgs/msg/detail/vehicle_emergency_stamped__type_support.c.o
[ 65%] Building C object CMakeFiles/tier4_vehicle_msgs__rosidl_typesupport_introspection_c.dir/rosidl_typesupport_introspection_c/tier4_vehicle_msgs/msg/detail/battery_status__type_support.c.o
[ 66%] Building C object CMakeFiles/tier4_vehicle_msgs__rosidl_typesupport_introspection_c.dir/rosidl_typesupport_introspection_c/tier4_vehicle_msgs/srv/detail/update_accel_brake_map__type_support.c.o
[ 68%] Building C object CMakeFiles/tier4_vehicle_msgs__rosidl_typesupport_introspection_c.dir/rosidl_typesupport_introspection_c/tier4_vehicle_msgs/msg/detail/steering__type_support.c.o
[ 68%] Building C object CMakeFiles/tier4_vehicle_msgs__rosidl_typesupport_introspection_c.dir/rosidl_typesupport_introspection_c/tier4_vehicle_msgs/msg/detail/steering_wheel_status_stamped__type_support.c.o
[ 69%] Building C object CMakeFiles/tier4_vehicle_msgs__rosidl_typesupport_introspection_c.dir/rosidl_typesupport_introspection_c/tier4_vehicle_msgs/msg/detail/turn_signal__type_support.c.o
[ 70%] Linking C shared library libtier4_vehicle_msgs__rosidl_typesupport_introspection_c.so
[ 72%] Building CXX object CMakeFiles/tier4_vehicle_msgs__rosidl_typesupport_fastrtps_c.dir/rosidl_typesupport_fastrtps_c/tier4_vehicle_msgs/msg/detail/actuation_command__type_support_c.cpp.o
[ 72%] Building CXX object CMakeFiles/tier4_vehicle_msgs__rosidl_typesupport_fastrtps_c.dir/rosidl_typesupport_fastrtps_c/tier4_vehicle_msgs/msg/detail/actuation_command_stamped__type_support_c.cpp.o
[ 72%] Building CXX object CMakeFiles/tier4_vehicle_msgs__rosidl_typesupport_fastrtps_c.dir/rosidl_typesupport_fastrtps_c/tier4_vehicle_msgs/msg/detail/actuation_status__type_support_c.cpp.o
[ 73%] Building CXX object CMakeFiles/tier4_vehicle_msgs__rosidl_typesupport_fastrtps_c.dir/rosidl_typesupport_fastrtps_c/tier4_vehicle_msgs/msg/detail/battery_status__type_support_c.cpp.o
[ 74%] Building CXX object CMakeFiles/tier4_vehicle_msgs__rosidl_typesupport_fastrtps_c.dir/rosidl_typesupport_fastrtps_c/tier4_vehicle_msgs/msg/detail/actuation_status_stamped__type_support_c.cpp.o
[ 76%] Building CXX object CMakeFiles/tier4_vehicle_msgs__rosidl_typesupport_fastrtps_c.dir/rosidl_typesupport_fastrtps_c/tier4_vehicle_msgs/msg/detail/steering_wheel_status_stamped__type_support_c.cpp.o
[ 77%] Building CXX object CMakeFiles/tier4_vehicle_msgs__rosidl_typesupport_fastrtps_c.dir/rosidl_typesupport_fastrtps_c/tier4_vehicle_msgs/msg/detail/shift_stamped__type_support_c.cpp.o
[ 77%] Building CXX object CMakeFiles/tier4_vehicle_msgs__rosidl_typesupport_fastrtps_c.dir/rosidl_typesupport_fastrtps_c/tier4_vehicle_msgs/msg/detail/shift__type_support_c.cpp.o
[ 77%] Building CXX object CMakeFiles/tier4_vehicle_msgs__rosidl_typesupport_fastrtps_c.dir/rosidl_typesupport_fastrtps_c/tier4_vehicle_msgs/msg/detail/steering__type_support_c.cpp.o
[ 79%] Building CXX object CMakeFiles/tier4_vehicle_msgs__rosidl_typesupport_fastrtps_c.dir/rosidl_typesupport_fastrtps_c/tier4_vehicle_msgs/msg/detail/vehicle_emergency_stamped__type_support_c.cpp.o
[ 79%] Building CXX object CMakeFiles/tier4_vehicle_msgs__rosidl_typesupport_fastrtps_c.dir/rosidl_typesupport_fastrtps_c/tier4_vehicle_msgs/msg/detail/turn_signal__type_support_c.cpp.o
[ 80%] Building CXX object CMakeFiles/tier4_vehicle_msgs__rosidl_typesupport_fastrtps_c.dir/rosidl_typesupport_fastrtps_c/tier4_vehicle_msgs/srv/detail/update_accel_brake_map__type_support_c.cpp.o
[ 81%] Linking CXX shared library libtier4_vehicle_msgs__rosidl_typesupport_introspection_cpp.so
[ 81%] Built target tier4_vehicle_msgs__rosidl_typesupport_introspection_c
[ 81%] Built target tier4_vehicle_msgs__rosidl_typesupport_introspection_cpp
[ 82%] Linking CXX shared library libtier4_vehicle_msgs__rosidl_typesupport_fastrtps_cpp.so
[ 82%] Built target tier4_vehicle_msgs__rosidl_typesupport_fastrtps_cpp
[ 83%] Linking CXX shared library libtier4_vehicle_msgs__rosidl_typesupport_fastrtps_c.so
[ 83%] Built target tier4_vehicle_msgs__rosidl_typesupport_fastrtps_c
[ 83%] Built target tier4_vehicle_msgs
[ 84%] Generating Python code for ROS interfaces
[ 84%] Built target tier4_vehicle_msgs__py
[ 84%] Building C object CMakeFiles/tier4_vehicle_msgs__rosidl_generator_py.dir/rosidl_generator_py/tier4_vehicle_msgs/msg/_actuation_status_s.c.o
[ 85%] Building C object CMakeFiles/tier4_vehicle_msgs__rosidl_generator_py.dir/rosidl_generator_py/tier4_vehicle_msgs/msg/_actuation_command_stamped_s.c.o
[ 86%] Building C object CMakeFiles/tier4_vehicle_msgs__rosidl_generator_py.dir/rosidl_generator_py/tier4_vehicle_msgs/msg/_shift_s.c.o
[ 87%] Building C object CMakeFiles/tier4_vehicle_msgs__rosidl_generator_py.dir/rosidl_generator_py/tier4_vehicle_msgs/msg/_actuation_command_s.c.o
[ 89%] Building C object CMakeFiles/tier4_vehicle_msgs__rosidl_generator_py.dir/rosidl_generator_py/tier4_vehicle_msgs/msg/_actuation_status_stamped_s.c.o
[ 90%] Building C object CMakeFiles/tier4_vehicle_msgs__rosidl_generator_py.dir/rosidl_generator_py/tier4_vehicle_msgs/msg/_turn_signal_s.c.o
[ 90%] Building C object CMakeFiles/tier4_vehicle_msgs__rosidl_generator_py.dir/rosidl_generator_py/tier4_vehicle_msgs/msg/_shift_stamped_s.c.o
[ 91%] Building C object CMakeFiles/tier4_vehicle_msgs__rosidl_generator_py.dir/rosidl_generator_py/tier4_vehicle_msgs/msg/_battery_status_s.c.o
[ 91%] Building C object CMakeFiles/tier4_vehicle_msgs__rosidl_generator_py.dir/rosidl_generator_py/tier4_vehicle_msgs/msg/_steering_wheel_status_stamped_s.c.o
[ 92%] Building C object CMakeFiles/tier4_vehicle_msgs__rosidl_generator_py.dir/rosidl_generator_py/tier4_vehicle_msgs/srv/_update_accel_brake_map_s.c.o
[ 93%] Building C object CMakeFiles/tier4_vehicle_msgs__rosidl_generator_py.dir/rosidl_generator_py/tier4_vehicle_msgs/msg/_vehicle_emergency_stamped_s.c.o
[ 94%] Building C object CMakeFiles/tier4_vehicle_msgs__rosidl_generator_py.dir/rosidl_generator_py/tier4_vehicle_msgs/msg/_steering_s.c.o
[ 95%] Linking C shared library rosidl_generator_py/tier4_vehicle_msgs/libtier4_vehicle_msgs__rosidl_generator_py.so
[ 95%] Built target tier4_vehicle_msgs__rosidl_generator_py
[ 95%] Building C object CMakeFiles/tier4_vehicle_msgs__rosidl_typesupport_c__pyext.dir/rosidl_generator_py/tier4_vehicle_msgs/_tier4_vehicle_msgs_s.ep.rosidl_typesupport_c.c.o
[ 96%] Building C object CMakeFiles/tier4_vehicle_msgs__rosidl_typesupport_introspection_c__pyext.dir/rosidl_generator_py/tier4_vehicle_msgs/_tier4_vehicle_msgs_s.ep.rosidl_typesupport_introspection_c.c.o
[ 97%] Building C object CMakeFiles/tier4_vehicle_msgs__rosidl_typesupport_fastrtps_c__pyext.dir/rosidl_generator_py/tier4_vehicle_msgs/_tier4_vehicle_msgs_s.ep.rosidl_typesupport_fastrtps_c.c.o
[ 98%] Linking C shared library rosidl_generator_py/tier4_vehicle_msgs/tier4_vehicle_msgs_s__rosidl_typesupport_introspection_c.cpython-310-x86_64-linux-gnu.so
[ 99%] Linking C shared library rosidl_generator_py/tier4_vehicle_msgs/tier4_vehicle_msgs_s__rosidl_typesupport_c.cpython-310-x86_64-linux-gnu.so
[100%] Linking C shared library rosidl_generator_py/tier4_vehicle_msgs/tier4_vehicle_msgs_s__rosidl_typesupport_fastrtps_c.cpython-310-x86_64-linux-gnu.so
[100%] Built target tier4_vehicle_msgs__rosidl_typesupport_introspection_c__pyext
[100%] Built target tier4_vehicle_msgs__rosidl_typesupport_c__pyext
[100%] Built target tier4_vehicle_msgs__rosidl_typesupport_fastrtps_c__pyext
-- Install configuration: "Release"
-- Execute custom install script
-- Symlinking: /autoware/install/tier4_vehicle_msgs/share/ament_index/resource_index/rosidl_interfaces/tier4_vehicle_msgs
-- Symlinking: /autoware/install/tier4_vehicle_msgs/include/tier4_vehicle_msgs/tier4_vehicle_msgs/msg/actuation_command.h
-- Symlinking: /autoware/install/tier4_vehicle_msgs/include/tier4_vehicle_msgs/tier4_vehicle_msgs/msg/actuation_command_stamped.h
-- Symlinking: /autoware/install/tier4_vehicle_msgs/include/tier4_vehicle_msgs/tier4_vehicle_msgs/msg/actuation_status.h
-- Symlinking: /autoware/install/tier4_vehicle_msgs/include/tier4_vehicle_msgs/tier4_vehicle_msgs/msg/actuation_status_stamped.h
-- Symlinking: /autoware/install/tier4_vehicle_msgs/include/tier4_vehicle_msgs/tier4_vehicle_msgs/msg/battery_status.h
-- Symlinking: /autoware/install/tier4_vehicle_msgs/include/tier4_vehicle_msgs/tier4_vehicle_msgs/msg/detail/actuation_command__functions.h
-- Symlinking: /autoware/install/tier4_vehicle_msgs/include/tier4_vehicle_msgs/tier4_vehicle_msgs/msg/detail/actuation_command__struct.h
-- Symlinking: /autoware/install/tier4_vehicle_msgs/include/tier4_vehicle_msgs/tier4_vehicle_msgs/msg/detail/actuation_command__type_support.h
-- Symlinking: /autoware/install/tier4_vehicle_msgs/include/tier4_vehicle_msgs/tier4_vehicle_msgs/msg/detail/actuation_command_stamped__functions.h
-- Symlinking: /autoware/install/tier4_vehicle_msgs/include/tier4_vehicle_msgs/tier4_vehicle_msgs/msg/detail/actuation_command_stamped__struct.h
-- Symlinking: /autoware/install/tier4_vehicle_msgs/include/tier4_vehicle_msgs/tier4_vehicle_msgs/msg/detail/actuation_command_stamped__type_support.h
-- Symlinking: /autoware/install/tier4_vehicle_msgs/include/tier4_vehicle_msgs/tier4_vehicle_msgs/msg/detail/actuation_status__functions.h
-- Symlinking: /autoware/install/tier4_vehicle_msgs/include/tier4_vehicle_msgs/tier4_vehicle_msgs/msg/detail/actuation_status__struct.h
-- Symlinking: /autoware/install/tier4_vehicle_msgs/include/tier4_vehicle_msgs/tier4_vehicle_msgs/msg/detail/actuation_status__type_support.h
-- Symlinking: /autoware/install/tier4_vehicle_msgs/include/tier4_vehicle_msgs/tier4_vehicle_msgs/msg/detail/actuation_status_stamped__functions.h
-- Symlinking: /autoware/install/tier4_vehicle_msgs/include/tier4_vehicle_msgs/tier4_vehicle_msgs/msg/detail/actuation_status_stamped__struct.h
-- Symlinking: /autoware/install/tier4_vehicle_msgs/include/tier4_vehicle_msgs/tier4_vehicle_msgs/msg/detail/actuation_status_stamped__type_support.h
-- Symlinking: /autoware/install/tier4_vehicle_msgs/include/tier4_vehicle_msgs/tier4_vehicle_msgs/msg/detail/battery_status__functions.h
-- Symlinking: /autoware/install/tier4_vehicle_msgs/include/tier4_vehicle_msgs/tier4_vehicle_msgs/msg/detail/battery_status__struct.h
-- Symlinking: /autoware/install/tier4_vehicle_msgs/include/tier4_vehicle_msgs/tier4_vehicle_msgs/msg/detail/battery_status__type_support.h
-- Symlinking: /autoware/install/tier4_vehicle_msgs/include/tier4_vehicle_msgs/tier4_vehicle_msgs/msg/detail/shift__functions.h
-- Symlinking: /autoware/install/tier4_vehicle_msgs/include/tier4_vehicle_msgs/tier4_vehicle_msgs/msg/detail/shift__struct.h
-- Symlinking: /autoware/install/tier4_vehicle_msgs/include/tier4_vehicle_msgs/tier4_vehicle_msgs/msg/detail/shift__type_support.h
-- Symlinking: /autoware/install/tier4_vehicle_msgs/include/tier4_vehicle_msgs/tier4_vehicle_msgs/msg/detail/shift_stamped__functions.h
-- Symlinking: /autoware/install/tier4_vehicle_msgs/include/tier4_vehicle_msgs/tier4_vehicle_msgs/msg/detail/shift_stamped__struct.h
-- Symlinking: /autoware/install/tier4_vehicle_msgs/include/tier4_vehicle_msgs/tier4_vehicle_msgs/msg/detail/shift_stamped__type_support.h
-- Symlinking: /autoware/install/tier4_vehicle_msgs/include/tier4_vehicle_msgs/tier4_vehicle_msgs/msg/detail/steering__functions.h
-- Symlinking: /autoware/install/tier4_vehicle_msgs/include/tier4_vehicle_msgs/tier4_vehicle_msgs/msg/detail/steering__struct.h
-- Symlinking: /autoware/install/tier4_vehicle_msgs/include/tier4_vehicle_msgs/tier4_vehicle_msgs/msg/detail/steering__type_support.h
-- Symlinking: /autoware/install/tier4_vehicle_msgs/include/tier4_vehicle_msgs/tier4_vehicle_msgs/msg/detail/steering_wheel_status_stamped__functions.h
-- Symlinking: /autoware/install/tier4_vehicle_msgs/include/tier4_vehicle_msgs/tier4_vehicle_msgs/msg/detail/steering_wheel_status_stamped__struct.h
-- Symlinking: /autoware/install/tier4_vehicle_msgs/include/tier4_vehicle_msgs/tier4_vehicle_msgs/msg/detail/steering_wheel_status_stamped__type_support.h
-- Symlinking: /autoware/install/tier4_vehicle_msgs/include/tier4_vehicle_msgs/tier4_vehicle_msgs/msg/detail/turn_signal__functions.h
-- Symlinking: /autoware/install/tier4_vehicle_msgs/include/tier4_vehicle_msgs/tier4_vehicle_msgs/msg/detail/turn_signal__struct.h
-- Symlinking: /autoware/install/tier4_vehicle_msgs/include/tier4_vehicle_msgs/tier4_vehicle_msgs/msg/detail/turn_signal__type_support.h
-- Symlinking: /autoware/install/tier4_vehicle_msgs/include/tier4_vehicle_msgs/tier4_vehicle_msgs/msg/detail/vehicle_emergency_stamped__functions.h
-- Symlinking: /autoware/install/tier4_vehicle_msgs/include/tier4_vehicle_msgs/tier4_vehicle_msgs/msg/detail/vehicle_emergency_stamped__struct.h
-- Symlinking: /autoware/install/tier4_vehicle_msgs/include/tier4_vehicle_msgs/tier4_vehicle_msgs/msg/detail/vehicle_emergency_stamped__type_support.h
-- Symlinking: /autoware/install/tier4_vehicle_msgs/include/tier4_vehicle_msgs/tier4_vehicle_msgs/msg/rosidl_generator_c__visibility_control.h
-- Symlinking: /autoware/install/tier4_vehicle_msgs/include/tier4_vehicle_msgs/tier4_vehicle_msgs/msg/shift.h
-- Symlinking: /autoware/install/tier4_vehicle_msgs/include/tier4_vehicle_msgs/tier4_vehicle_msgs/msg/shift_stamped.h
-- Symlinking: /autoware/install/tier4_vehicle_msgs/include/tier4_vehicle_msgs/tier4_vehicle_msgs/msg/steering.h
-- Symlinking: /autoware/install/tier4_vehicle_msgs/include/tier4_vehicle_msgs/tier4_vehicle_msgs/msg/steering_wheel_status_stamped.h
-- Symlinking: /autoware/install/tier4_vehicle_msgs/include/tier4_vehicle_msgs/tier4_vehicle_msgs/msg/turn_signal.h
-- Symlinking: /autoware/install/tier4_vehicle_msgs/include/tier4_vehicle_msgs/tier4_vehicle_msgs/msg/vehicle_emergency_stamped.h
-- Symlinking: /autoware/install/tier4_vehicle_msgs/include/tier4_vehicle_msgs/tier4_vehicle_msgs/srv/detail/update_accel_brake_map__functions.h
-- Symlinking: /autoware/install/tier4_vehicle_msgs/include/tier4_vehicle_msgs/tier4_vehicle_msgs/srv/detail/update_accel_brake_map__struct.h
-- Symlinking: /autoware/install/tier4_vehicle_msgs/include/tier4_vehicle_msgs/tier4_vehicle_msgs/srv/detail/update_accel_brake_map__type_support.h
-- Symlinking: /autoware/install/tier4_vehicle_msgs/include/tier4_vehicle_msgs/tier4_vehicle_msgs/srv/update_accel_brake_map.h
-- Symlinking: /autoware/install/tier4_vehicle_msgs/share/tier4_vehicle_msgs/environment/library_path.sh
-- Symlinking: /autoware/install/tier4_vehicle_msgs/share/tier4_vehicle_msgs/environment/library_path.dsv
-- Symlinking: /autoware/install/tier4_vehicle_msgs/include/tier4_vehicle_msgs/tier4_vehicle_msgs/msg/detail/actuation_command__rosidl_typesupport_fastrtps_c.h
-- Symlinking: /autoware/install/tier4_vehicle_msgs/include/tier4_vehicle_msgs/tier4_vehicle_msgs/msg/detail/actuation_command_stamped__rosidl_typesupport_fastrtps_c.h
-- Symlinking: /autoware/install/tier4_vehicle_msgs/include/tier4_vehicle_msgs/tier4_vehicle_msgs/msg/detail/actuation_status__rosidl_typesupport_fastrtps_c.h
-- Symlinking: /autoware/install/tier4_vehicle_msgs/include/tier4_vehicle_msgs/tier4_vehicle_msgs/msg/detail/actuation_status_stamped__rosidl_typesupport_fastrtps_c.h
-- Symlinking: /autoware/install/tier4_vehicle_msgs/include/tier4_vehicle_msgs/tier4_vehicle_msgs/msg/detail/battery_status__rosidl_typesupport_fastrtps_c.h
-- Symlinking: /autoware/install/tier4_vehicle_msgs/include/tier4_vehicle_msgs/tier4_vehicle_msgs/msg/detail/shift__rosidl_typesupport_fastrtps_c.h
-- Symlinking: /autoware/install/tier4_vehicle_msgs/include/tier4_vehicle_msgs/tier4_vehicle_msgs/msg/detail/shift_stamped__rosidl_typesupport_fastrtps_c.h
-- Symlinking: /autoware/install/tier4_vehicle_msgs/include/tier4_vehicle_msgs/tier4_vehicle_msgs/msg/detail/steering__rosidl_typesupport_fastrtps_c.h
-- Symlinking: /autoware/install/tier4_vehicle_msgs/include/tier4_vehicle_msgs/tier4_vehicle_msgs/msg/detail/steering_wheel_status_stamped__rosidl_typesupport_fastrtps_c.h
-- Symlinking: /autoware/install/tier4_vehicle_msgs/include/tier4_vehicle_msgs/tier4_vehicle_msgs/msg/detail/turn_signal__rosidl_typesupport_fastrtps_c.h
-- Symlinking: /autoware/install/tier4_vehicle_msgs/include/tier4_vehicle_msgs/tier4_vehicle_msgs/msg/detail/vehicle_emergency_stamped__rosidl_typesupport_fastrtps_c.h
-- Symlinking: /autoware/install/tier4_vehicle_msgs/include/tier4_vehicle_msgs/tier4_vehicle_msgs/msg/rosidl_typesupport_fastrtps_c__visibility_control.h
-- Symlinking: /autoware/install/tier4_vehicle_msgs/include/tier4_vehicle_msgs/tier4_vehicle_msgs/srv/detail/update_accel_brake_map__rosidl_typesupport_fastrtps_c.h
-- Symlinking: /autoware/install/tier4_vehicle_msgs/include/tier4_vehicle_msgs/tier4_vehicle_msgs/msg/detail/actuation_command__rosidl_typesupport_introspection_c.h
-- Symlinking: /autoware/install/tier4_vehicle_msgs/include/tier4_vehicle_msgs/tier4_vehicle_msgs/msg/detail/actuation_command_stamped__rosidl_typesupport_introspection_c.h
-- Symlinking: /autoware/install/tier4_vehicle_msgs/include/tier4_vehicle_msgs/tier4_vehicle_msgs/msg/detail/actuation_status__rosidl_typesupport_introspection_c.h
-- Symlinking: /autoware/install/tier4_vehicle_msgs/include/tier4_vehicle_msgs/tier4_vehicle_msgs/msg/detail/actuation_status_stamped__rosidl_typesupport_introspection_c.h
-- Symlinking: /autoware/install/tier4_vehicle_msgs/include/tier4_vehicle_msgs/tier4_vehicle_msgs/msg/detail/battery_status__rosidl_typesupport_introspection_c.h
-- Symlinking: /autoware/install/tier4_vehicle_msgs/include/tier4_vehicle_msgs/tier4_vehicle_msgs/msg/detail/shift__rosidl_typesupport_introspection_c.h
-- Symlinking: /autoware/install/tier4_vehicle_msgs/include/tier4_vehicle_msgs/tier4_vehicle_msgs/msg/detail/shift_stamped__rosidl_typesupport_introspection_c.h
-- Symlinking: /autoware/install/tier4_vehicle_msgs/include/tier4_vehicle_msgs/tier4_vehicle_msgs/msg/detail/steering__rosidl_typesupport_introspection_c.h
-- Symlinking: /autoware/install/tier4_vehicle_msgs/include/tier4_vehicle_msgs/tier4_vehicle_msgs/msg/detail/steering_wheel_status_stamped__rosidl_typesupport_introspection_c.h
-- Symlinking: /autoware/install/tier4_vehicle_msgs/include/tier4_vehicle_msgs/tier4_vehicle_msgs/msg/detail/turn_signal__rosidl_typesupport_introspection_c.h
-- Symlinking: /autoware/install/tier4_vehicle_msgs/include/tier4_vehicle_msgs/tier4_vehicle_msgs/msg/detail/vehicle_emergency_stamped__rosidl_typesupport_introspection_c.h
-- Symlinking: /autoware/install/tier4_vehicle_msgs/include/tier4_vehicle_msgs/tier4_vehicle_msgs/msg/rosidl_typesupport_introspection_c__visibility_control.h
-- Symlinking: /autoware/install/tier4_vehicle_msgs/include/tier4_vehicle_msgs/tier4_vehicle_msgs/srv/detail/update_accel_brake_map__rosidl_typesupport_introspection_c.h
-- Symlinking: /autoware/install/tier4_vehicle_msgs/include/tier4_vehicle_msgs/tier4_vehicle_msgs/msg/actuation_command.hpp
-- Symlinking: /autoware/install/tier4_vehicle_msgs/include/tier4_vehicle_msgs/tier4_vehicle_msgs/msg/actuation_command_stamped.hpp
-- Symlinking: /autoware/install/tier4_vehicle_msgs/include/tier4_vehicle_msgs/tier4_vehicle_msgs/msg/actuation_status.hpp
-- Symlinking: /autoware/install/tier4_vehicle_msgs/include/tier4_vehicle_msgs/tier4_vehicle_msgs/msg/actuation_status_stamped.hpp
-- Symlinking: /autoware/install/tier4_vehicle_msgs/include/tier4_vehicle_msgs/tier4_vehicle_msgs/msg/battery_status.hpp
-- Symlinking: /autoware/install/tier4_vehicle_msgs/include/tier4_vehicle_msgs/tier4_vehicle_msgs/msg/detail/actuation_command__builder.hpp
-- Symlinking: /autoware/install/tier4_vehicle_msgs/include/tier4_vehicle_msgs/tier4_vehicle_msgs/msg/detail/actuation_command__struct.hpp
-- Symlinking: /autoware/install/tier4_vehicle_msgs/include/tier4_vehicle_msgs/tier4_vehicle_msgs/msg/detail/actuation_command__traits.hpp
-- Symlinking: /autoware/install/tier4_vehicle_msgs/include/tier4_vehicle_msgs/tier4_vehicle_msgs/msg/detail/actuation_command_stamped__builder.hpp
-- Symlinking: /autoware/install/tier4_vehicle_msgs/include/tier4_vehicle_msgs/tier4_vehicle_msgs/msg/detail/actuation_command_stamped__struct.hpp
-- Symlinking: /autoware/install/tier4_vehicle_msgs/include/tier4_vehicle_msgs/tier4_vehicle_msgs/msg/detail/actuation_command_stamped__traits.hpp
-- Symlinking: /autoware/install/tier4_vehicle_msgs/include/tier4_vehicle_msgs/tier4_vehicle_msgs/msg/detail/actuation_status__builder.hpp
-- Symlinking: /autoware/install/tier4_vehicle_msgs/include/tier4_vehicle_msgs/tier4_vehicle_msgs/msg/detail/actuation_status__struct.hpp
-- Symlinking: /autoware/install/tier4_vehicle_msgs/include/tier4_vehicle_msgs/tier4_vehicle_msgs/msg/detail/actuation_status__traits.hpp
-- Symlinking: /autoware/install/tier4_vehicle_msgs/include/tier4_vehicle_msgs/tier4_vehicle_msgs/msg/detail/actuation_status_stamped__builder.hpp
-- Symlinking: /autoware/install/tier4_vehicle_msgs/include/tier4_vehicle_msgs/tier4_vehicle_msgs/msg/detail/actuation_status_stamped__struct.hpp
-- Symlinking: /autoware/install/tier4_vehicle_msgs/include/tier4_vehicle_msgs/tier4_vehicle_msgs/msg/detail/actuation_status_stamped__traits.hpp
-- Symlinking: /autoware/install/tier4_vehicle_msgs/include/tier4_vehicle_msgs/tier4_vehicle_msgs/msg/detail/battery_status__builder.hpp
-- Symlinking: /autoware/install/tier4_vehicle_msgs/include/tier4_vehicle_msgs/tier4_vehicle_msgs/msg/detail/battery_status__struct.hpp
-- Symlinking: /autoware/install/tier4_vehicle_msgs/include/tier4_vehicle_msgs/tier4_vehicle_msgs/msg/detail/battery_status__traits.hpp
-- Symlinking: /autoware/install/tier4_vehicle_msgs/include/tier4_vehicle_msgs/tier4_vehicle_msgs/msg/detail/shift__builder.hpp
-- Symlinking: /autoware/install/tier4_vehicle_msgs/include/tier4_vehicle_msgs/tier4_vehicle_msgs/msg/detail/shift__struct.hpp
-- Symlinking: /autoware/install/tier4_vehicle_msgs/include/tier4_vehicle_msgs/tier4_vehicle_msgs/msg/detail/shift__traits.hpp
-- Symlinking: /autoware/install/tier4_vehicle_msgs/include/tier4_vehicle_msgs/tier4_vehicle_msgs/msg/detail/shift_stamped__builder.hpp
-- Symlinking: /autoware/install/tier4_vehicle_msgs/include/tier4_vehicle_msgs/tier4_vehicle_msgs/msg/detail/shift_stamped__struct.hpp
-- Symlinking: /autoware/install/tier4_vehicle_msgs/include/tier4_vehicle_msgs/tier4_vehicle_msgs/msg/detail/shift_stamped__traits.hpp
-- Symlinking: /autoware/install/tier4_vehicle_msgs/include/tier4_vehicle_msgs/tier4_vehicle_msgs/msg/detail/steering__builder.hpp
-- Symlinking: /autoware/install/tier4_vehicle_msgs/include/tier4_vehicle_msgs/tier4_vehicle_msgs/msg/detail/steering__struct.hpp
-- Symlinking: /autoware/install/tier4_vehicle_msgs/include/tier4_vehicle_msgs/tier4_vehicle_msgs/msg/detail/steering__traits.hpp
-- Symlinking: /autoware/install/tier4_vehicle_msgs/include/tier4_vehicle_msgs/tier4_vehicle_msgs/msg/detail/steering_wheel_status_stamped__builder.hpp
-- Symlinking: /autoware/install/tier4_vehicle_msgs/include/tier4_vehicle_msgs/tier4_vehicle_msgs/msg/detail/steering_wheel_status_stamped__struct.hpp
-- Symlinking: /autoware/install/tier4_vehicle_msgs/include/tier4_vehicle_msgs/tier4_vehicle_msgs/msg/detail/steering_wheel_status_stamped__traits.hpp
-- Symlinking: /autoware/install/tier4_vehicle_msgs/include/tier4_vehicle_msgs/tier4_vehicle_msgs/msg/detail/turn_signal__builder.hpp
-- Symlinking: /autoware/install/tier4_vehicle_msgs/include/tier4_vehicle_msgs/tier4_vehicle_msgs/msg/detail/turn_signal__struct.hpp
-- Symlinking: /autoware/install/tier4_vehicle_msgs/include/tier4_vehicle_msgs/tier4_vehicle_msgs/msg/detail/turn_signal__traits.hpp
-- Symlinking: /autoware/install/tier4_vehicle_msgs/include/tier4_vehicle_msgs/tier4_vehicle_msgs/msg/detail/vehicle_emergency_stamped__builder.hpp
-- Symlinking: /autoware/install/tier4_vehicle_msgs/include/tier4_vehicle_msgs/tier4_vehicle_msgs/msg/detail/vehicle_emergency_stamped__struct.hpp
-- Symlinking: /autoware/install/tier4_vehicle_msgs/include/tier4_vehicle_msgs/tier4_vehicle_msgs/msg/detail/vehicle_emergency_stamped__traits.hpp
-- Symlinking: /autoware/install/tier4_vehicle_msgs/include/tier4_vehicle_msgs/tier4_vehicle_msgs/msg/shift.hpp
-- Symlinking: /autoware/install/tier4_vehicle_msgs/include/tier4_vehicle_msgs/tier4_vehicle_msgs/msg/shift_stamped.hpp
-- Symlinking: /autoware/install/tier4_vehicle_msgs/include/tier4_vehicle_msgs/tier4_vehicle_msgs/msg/steering.hpp
-- Symlinking: /autoware/install/tier4_vehicle_msgs/include/tier4_vehicle_msgs/tier4_vehicle_msgs/msg/steering_wheel_status_stamped.hpp
-- Symlinking: /autoware/install/tier4_vehicle_msgs/include/tier4_vehicle_msgs/tier4_vehicle_msgs/msg/turn_signal.hpp
-- Symlinking: /autoware/install/tier4_vehicle_msgs/include/tier4_vehicle_msgs/tier4_vehicle_msgs/msg/vehicle_emergency_stamped.hpp
-- Symlinking: /autoware/install/tier4_vehicle_msgs/include/tier4_vehicle_msgs/tier4_vehicle_msgs/srv/detail/update_accel_brake_map__builder.hpp
-- Symlinking: /autoware/install/tier4_vehicle_msgs/include/tier4_vehicle_msgs/tier4_vehicle_msgs/srv/detail/update_accel_brake_map__struct.hpp
-- Symlinking: /autoware/install/tier4_vehicle_msgs/include/tier4_vehicle_msgs/tier4_vehicle_msgs/srv/detail/update_accel_brake_map__traits.hpp
-- Symlinking: /autoware/install/tier4_vehicle_msgs/include/tier4_vehicle_msgs/tier4_vehicle_msgs/srv/update_accel_brake_map.hpp
-- Symlinking: /autoware/install/tier4_vehicle_msgs/include/tier4_vehicle_msgs/tier4_vehicle_msgs/msg/detail/actuation_command__rosidl_typesupport_fastrtps_cpp.hpp
-- Symlinking: /autoware/install/tier4_vehicle_msgs/include/tier4_vehicle_msgs/tier4_vehicle_msgs/msg/detail/actuation_command_stamped__rosidl_typesupport_fastrtps_cpp.hpp
-- Symlinking: /autoware/install/tier4_vehicle_msgs/include/tier4_vehicle_msgs/tier4_vehicle_msgs/msg/detail/actuation_status__rosidl_typesupport_fastrtps_cpp.hpp
-- Symlinking: /autoware/install/tier4_vehicle_msgs/include/tier4_vehicle_msgs/tier4_vehicle_msgs/msg/detail/actuation_status_stamped__rosidl_typesupport_fastrtps_cpp.hpp
-- Symlinking: /autoware/install/tier4_vehicle_msgs/include/tier4_vehicle_msgs/tier4_vehicle_msgs/msg/detail/battery_status__rosidl_typesupport_fastrtps_cpp.hpp
-- Symlinking: /autoware/install/tier4_vehicle_msgs/include/tier4_vehicle_msgs/tier4_vehicle_msgs/msg/detail/shift__rosidl_typesupport_fastrtps_cpp.hpp
-- Symlinking: /autoware/install/tier4_vehicle_msgs/include/tier4_vehicle_msgs/tier4_vehicle_msgs/msg/detail/shift_stamped__rosidl_typesupport_fastrtps_cpp.hpp
-- Symlinking: /autoware/install/tier4_vehicle_msgs/include/tier4_vehicle_msgs/tier4_vehicle_msgs/msg/detail/steering__rosidl_typesupport_fastrtps_cpp.hpp
-- Symlinking: /autoware/install/tier4_vehicle_msgs/include/tier4_vehicle_msgs/tier4_vehicle_msgs/msg/detail/steering_wheel_status_stamped__rosidl_typesupport_fastrtps_cpp.hpp
-- Symlinking: /autoware/install/tier4_vehicle_msgs/include/tier4_vehicle_msgs/tier4_vehicle_msgs/msg/detail/turn_signal__rosidl_typesupport_fastrtps_cpp.hpp
-- Symlinking: /autoware/install/tier4_vehicle_msgs/include/tier4_vehicle_msgs/tier4_vehicle_msgs/msg/detail/vehicle_emergency_stamped__rosidl_typesupport_fastrtps_cpp.hpp
-- Symlinking: /autoware/install/tier4_vehicle_msgs/include/tier4_vehicle_msgs/tier4_vehicle_msgs/msg/rosidl_typesupport_fastrtps_cpp__visibility_control.h
-- Symlinking: /autoware/install/tier4_vehicle_msgs/include/tier4_vehicle_msgs/tier4_vehicle_msgs/srv/detail/update_accel_brake_map__rosidl_typesupport_fastrtps_cpp.hpp
-- Symlinking: /autoware/install/tier4_vehicle_msgs/include/tier4_vehicle_msgs/tier4_vehicle_msgs/msg/detail/actuation_command__rosidl_typesupport_introspection_cpp.hpp
-- Symlinking: /autoware/install/tier4_vehicle_msgs/include/tier4_vehicle_msgs/tier4_vehicle_msgs/msg/detail/actuation_command_stamped__rosidl_typesupport_introspection_cpp.hpp
-- Symlinking: /autoware/install/tier4_vehicle_msgs/include/tier4_vehicle_msgs/tier4_vehicle_msgs/msg/detail/actuation_status__rosidl_typesupport_introspection_cpp.hpp
-- Symlinking: /autoware/install/tier4_vehicle_msgs/include/tier4_vehicle_msgs/tier4_vehicle_msgs/msg/detail/actuation_status_stamped__rosidl_typesupport_introspection_cpp.hpp
-- Symlinking: /autoware/install/tier4_vehicle_msgs/include/tier4_vehicle_msgs/tier4_vehicle_msgs/msg/detail/battery_status__rosidl_typesupport_introspection_cpp.hpp
-- Symlinking: /autoware/install/tier4_vehicle_msgs/include/tier4_vehicle_msgs/tier4_vehicle_msgs/msg/detail/shift__rosidl_typesupport_introspection_cpp.hpp
-- Symlinking: /autoware/install/tier4_vehicle_msgs/include/tier4_vehicle_msgs/tier4_vehicle_msgs/msg/detail/shift_stamped__rosidl_typesupport_introspection_cpp.hpp
-- Symlinking: /autoware/install/tier4_vehicle_msgs/include/tier4_vehicle_msgs/tier4_vehicle_msgs/msg/detail/steering__rosidl_typesupport_introspection_cpp.hpp
-- Symlinking: /autoware/install/tier4_vehicle_msgs/include/tier4_vehicle_msgs/tier4_vehicle_msgs/msg/detail/steering_wheel_status_stamped__rosidl_typesupport_introspection_cpp.hpp
-- Symlinking: /autoware/install/tier4_vehicle_msgs/include/tier4_vehicle_msgs/tier4_vehicle_msgs/msg/detail/turn_signal__rosidl_typesupport_introspection_cpp.hpp
-- Symlinking: /autoware/install/tier4_vehicle_msgs/include/tier4_vehicle_msgs/tier4_vehicle_msgs/msg/detail/vehicle_emergency_stamped__rosidl_typesupport_introspection_cpp.hpp
-- Symlinking: /autoware/install/tier4_vehicle_msgs/include/tier4_vehicle_msgs/tier4_vehicle_msgs/srv/detail/update_accel_brake_map__rosidl_typesupport_introspection_cpp.hpp
-- Symlinking: /autoware/install/tier4_vehicle_msgs/share/tier4_vehicle_msgs/environment/pythonpath.sh
-- Symlinking: /autoware/install/tier4_vehicle_msgs/share/tier4_vehicle_msgs/environment/pythonpath.dsv
-- Symlinking: /autoware/install/tier4_vehicle_msgs/local/lib/python3.10/dist-packages/tier4_vehicle_msgs-0.1.0-py3.10.egg-info/PKG-INFO
-- Symlinking: /autoware/install/tier4_vehicle_msgs/local/lib/python3.10/dist-packages/tier4_vehicle_msgs-0.1.0-py3.10.egg-info/SOURCES.txt
-- Symlinking: /autoware/install/tier4_vehicle_msgs/local/lib/python3.10/dist-packages/tier4_vehicle_msgs-0.1.0-py3.10.egg-info/dependency_links.txt
-- Symlinking: /autoware/install/tier4_vehicle_msgs/local/lib/python3.10/dist-packages/tier4_vehicle_msgs-0.1.0-py3.10.egg-info/top_level.txt
-- Symlinking: /autoware/install/tier4_vehicle_msgs/local/lib/python3.10/dist-packages/tier4_vehicle_msgs/__init__.py
-- Symlinking: /autoware/install/tier4_vehicle_msgs/local/lib/python3.10/dist-packages/tier4_vehicle_msgs/_tier4_vehicle_msgs_s.ep.rosidl_typesupport_c.c
-- Symlinking: /autoware/install/tier4_vehicle_msgs/local/lib/python3.10/dist-packages/tier4_vehicle_msgs/_tier4_vehicle_msgs_s.ep.rosidl_typesupport_fastrtps_c.c
-- Symlinking: /autoware/install/tier4_vehicle_msgs/local/lib/python3.10/dist-packages/tier4_vehicle_msgs/_tier4_vehicle_msgs_s.ep.rosidl_typesupport_introspection_c.c
-- Symlinking: /autoware/install/tier4_vehicle_msgs/local/lib/python3.10/dist-packages/tier4_vehicle_msgs/libtier4_vehicle_msgs__rosidl_generator_py.so
-- Symlinking: /autoware/install/tier4_vehicle_msgs/local/lib/python3.10/dist-packages/tier4_vehicle_msgs/msg/__init__.py
-- Symlinking: /autoware/install/tier4_vehicle_msgs/local/lib/python3.10/dist-packages/tier4_vehicle_msgs/msg/_actuation_command.py
-- Symlinking: /autoware/install/tier4_vehicle_msgs/local/lib/python3.10/dist-packages/tier4_vehicle_msgs/msg/_actuation_command_s.c
-- Symlinking: /autoware/install/tier4_vehicle_msgs/local/lib/python3.10/dist-packages/tier4_vehicle_msgs/msg/_actuation_command_stamped.py
-- Symlinking: /autoware/install/tier4_vehicle_msgs/local/lib/python3.10/dist-packages/tier4_vehicle_msgs/msg/_actuation_command_stamped_s.c
-- Symlinking: /autoware/install/tier4_vehicle_msgs/local/lib/python3.10/dist-packages/tier4_vehicle_msgs/msg/_actuation_status.py
-- Symlinking: /autoware/install/tier4_vehicle_msgs/local/lib/python3.10/dist-packages/tier4_vehicle_msgs/msg/_actuation_status_s.c
-- Symlinking: /autoware/install/tier4_vehicle_msgs/local/lib/python3.10/dist-packages/tier4_vehicle_msgs/msg/_actuation_status_stamped.py
-- Symlinking: /autoware/install/tier4_vehicle_msgs/local/lib/python3.10/dist-packages/tier4_vehicle_msgs/msg/_actuation_status_stamped_s.c
-- Symlinking: /autoware/install/tier4_vehicle_msgs/local/lib/python3.10/dist-packages/tier4_vehicle_msgs/msg/_battery_status.py
-- Symlinking: /autoware/install/tier4_vehicle_msgs/local/lib/python3.10/dist-packages/tier4_vehicle_msgs/msg/_battery_status_s.c
-- Symlinking: /autoware/install/tier4_vehicle_msgs/local/lib/python3.10/dist-packages/tier4_vehicle_msgs/msg/_shift.py
-- Symlinking: /autoware/install/tier4_vehicle_msgs/local/lib/python3.10/dist-packages/tier4_vehicle_msgs/msg/_shift_s.c
-- Symlinking: /autoware/install/tier4_vehicle_msgs/local/lib/python3.10/dist-packages/tier4_vehicle_msgs/msg/_shift_stamped.py
-- Symlinking: /autoware/install/tier4_vehicle_msgs/local/lib/python3.10/dist-packages/tier4_vehicle_msgs/msg/_shift_stamped_s.c
-- Symlinking: /autoware/install/tier4_vehicle_msgs/local/lib/python3.10/dist-packages/tier4_vehicle_msgs/msg/_steering.py
-- Symlinking: /autoware/install/tier4_vehicle_msgs/local/lib/python3.10/dist-packages/tier4_vehicle_msgs/msg/_steering_s.c
-- Symlinking: /autoware/install/tier4_vehicle_msgs/local/lib/python3.10/dist-packages/tier4_vehicle_msgs/msg/_steering_wheel_status_stamped.py
-- Symlinking: /autoware/install/tier4_vehicle_msgs/local/lib/python3.10/dist-packages/tier4_vehicle_msgs/msg/_steering_wheel_status_stamped_s.c
-- Symlinking: /autoware/install/tier4_vehicle_msgs/local/lib/python3.10/dist-packages/tier4_vehicle_msgs/msg/_turn_signal.py
-- Symlinking: /autoware/install/tier4_vehicle_msgs/local/lib/python3.10/dist-packages/tier4_vehicle_msgs/msg/_turn_signal_s.c
-- Symlinking: /autoware/install/tier4_vehicle_msgs/local/lib/python3.10/dist-packages/tier4_vehicle_msgs/msg/_vehicle_emergency_stamped.py
-- Symlinking: /autoware/install/tier4_vehicle_msgs/local/lib/python3.10/dist-packages/tier4_vehicle_msgs/msg/_vehicle_emergency_stamped_s.c
-- Symlinking: /autoware/install/tier4_vehicle_msgs/local/lib/python3.10/dist-packages/tier4_vehicle_msgs/srv/__init__.py
-- Symlinking: /autoware/install/tier4_vehicle_msgs/local/lib/python3.10/dist-packages/tier4_vehicle_msgs/srv/_update_accel_brake_map.py
-- Symlinking: /autoware/install/tier4_vehicle_msgs/local/lib/python3.10/dist-packages/tier4_vehicle_msgs/srv/_update_accel_brake_map_s.c
-- Symlinking: /autoware/install/tier4_vehicle_msgs/local/lib/python3.10/dist-packages/tier4_vehicle_msgs/tier4_vehicle_msgs_s__rosidl_typesupport_c.cpython-310-x86_64-linux-gnu.so
-- Symlinking: /autoware/install/tier4_vehicle_msgs/local/lib/python3.10/dist-packages/tier4_vehicle_msgs/tier4_vehicle_msgs_s__rosidl_typesupport_fastrtps_c.cpython-310-x86_64-linux-gnu.so
-- Symlinking: /autoware/install/tier4_vehicle_msgs/local/lib/python3.10/dist-packages/tier4_vehicle_msgs/tier4_vehicle_msgs_s__rosidl_typesupport_introspection_c.cpython-310-x86_64-linux-gnu.so
-- Up-to-date symlink: /autoware/install/tier4_vehicle_msgs/local/lib/python3.10/dist-packages/tier4_vehicle_msgs/tier4_vehicle_msgs_s__rosidl_typesupport_fastrtps_c.cpython-310-x86_64-linux-gnu.so
-- Up-to-date symlink: /autoware/install/tier4_vehicle_msgs/local/lib/python3.10/dist-packages/tier4_vehicle_msgs/tier4_vehicle_msgs_s__rosidl_typesupport_introspection_c.cpython-310-x86_64-linux-gnu.so
-- Up-to-date symlink: /autoware/install/tier4_vehicle_msgs/local/lib/python3.10/dist-packages/tier4_vehicle_msgs/tier4_vehicle_msgs_s__rosidl_typesupport_c.cpython-310-x86_64-linux-gnu.so
-- Symlinking: /autoware/install/tier4_vehicle_msgs/share/tier4_vehicle_msgs/msg/ActuationCommand.idl
-- Symlinking: /autoware/install/tier4_vehicle_msgs/share/tier4_vehicle_msgs/msg/ActuationCommandStamped.idl
-- Symlinking: /autoware/install/tier4_vehicle_msgs/share/tier4_vehicle_msgs/msg/ActuationStatus.idl
-- Symlinking: /autoware/install/tier4_vehicle_msgs/share/tier4_vehicle_msgs/msg/ActuationStatusStamped.idl
-- Symlinking: /autoware/install/tier4_vehicle_msgs/share/tier4_vehicle_msgs/msg/BatteryStatus.idl
-- Symlinking: /autoware/install/tier4_vehicle_msgs/share/tier4_vehicle_msgs/msg/Shift.idl
-- Symlinking: /autoware/install/tier4_vehicle_msgs/share/tier4_vehicle_msgs/msg/ShiftStamped.idl
-- Symlinking: /autoware/install/tier4_vehicle_msgs/share/tier4_vehicle_msgs/msg/TurnSignal.idl
-- Symlinking: /autoware/install/tier4_vehicle_msgs/share/tier4_vehicle_msgs/msg/Steering.idl
-- Symlinking: /autoware/install/tier4_vehicle_msgs/share/tier4_vehicle_msgs/msg/SteeringWheelStatusStamped.idl
-- Symlinking: /autoware/install/tier4_vehicle_msgs/share/tier4_vehicle_msgs/msg/VehicleEmergencyStamped.idl
-- Symlinking: /autoware/install/tier4_vehicle_msgs/share/tier4_vehicle_msgs/srv/UpdateAccelBrakeMap.idl
-- Symlinking: /autoware/install/tier4_vehicle_msgs/share/tier4_vehicle_msgs/msg/ActuationCommand.msg
-- Symlinking: /autoware/install/tier4_vehicle_msgs/share/tier4_vehicle_msgs/msg/ActuationCommandStamped.msg
-- Symlinking: /autoware/install/tier4_vehicle_msgs/share/tier4_vehicle_msgs/msg/ActuationStatus.msg
-- Symlinking: /autoware/install/tier4_vehicle_msgs/share/tier4_vehicle_msgs/msg/ActuationStatusStamped.msg
-- Symlinking: /autoware/install/tier4_vehicle_msgs/share/tier4_vehicle_msgs/msg/BatteryStatus.msg
-- Symlinking: /autoware/install/tier4_vehicle_msgs/share/tier4_vehicle_msgs/msg/Shift.msg
-- Symlinking: /autoware/install/tier4_vehicle_msgs/share/tier4_vehicle_msgs/msg/ShiftStamped.msg
-- Symlinking: /autoware/install/tier4_vehicle_msgs/share/tier4_vehicle_msgs/msg/TurnSignal.msg
-- Symlinking: /autoware/install/tier4_vehicle_msgs/share/tier4_vehicle_msgs/msg/Steering.msg
-- Symlinking: /autoware/install/tier4_vehicle_msgs/share/tier4_vehicle_msgs/msg/SteeringWheelStatusStamped.msg
-- Symlinking: /autoware/install/tier4_vehicle_msgs/share/tier4_vehicle_msgs/msg/VehicleEmergencyStamped.msg
-- Symlinking: /autoware/install/tier4_vehicle_msgs/share/tier4_vehicle_msgs/srv/UpdateAccelBrakeMap.srv
-- Symlinking: /autoware/install/tier4_vehicle_msgs/share/tier4_vehicle_msgs/srv/UpdateAccelBrakeMap_Request.msg
-- Symlinking: /autoware/install/tier4_vehicle_msgs/share/tier4_vehicle_msgs/srv/UpdateAccelBrakeMap_Response.msg
-- Symlinking: /autoware/install/tier4_vehicle_msgs/share/ament_index/resource_index/package_run_dependencies/tier4_vehicle_msgs
-- Symlinking: /autoware/install/tier4_vehicle_msgs/share/ament_index/resource_index/parent_prefix_path/tier4_vehicle_msgs
-- Symlinking: /autoware/install/tier4_vehicle_msgs/share/tier4_vehicle_msgs/environment/ament_prefix_path.sh
-- Symlinking: /autoware/install/tier4_vehicle_msgs/share/tier4_vehicle_msgs/environment/ament_prefix_path.dsv
-- Symlinking: /autoware/install/tier4_vehicle_msgs/share/tier4_vehicle_msgs/environment/path.sh
-- Symlinking: /autoware/install/tier4_vehicle_msgs/share/tier4_vehicle_msgs/environment/path.dsv
-- Symlinking: /autoware/install/tier4_vehicle_msgs/share/tier4_vehicle_msgs/local_setup.bash
-- Symlinking: /autoware/install/tier4_vehicle_msgs/share/tier4_vehicle_msgs/local_setup.sh
-- Symlinking: /autoware/install/tier4_vehicle_msgs/share/tier4_vehicle_msgs/local_setup.zsh
-- Symlinking: /autoware/install/tier4_vehicle_msgs/share/tier4_vehicle_msgs/local_setup.dsv
-- Symlinking: /autoware/install/tier4_vehicle_msgs/share/tier4_vehicle_msgs/package.dsv
-- Symlinking: /autoware/install/tier4_vehicle_msgs/share/ament_index/resource_index/packages/tier4_vehicle_msgs
-- Symlinking: /autoware/install/tier4_vehicle_msgs/share/tier4_vehicle_msgs/cmake/rosidl_cmake-extras.cmake
-- Symlinking: /autoware/install/tier4_vehicle_msgs/share/tier4_vehicle_msgs/cmake/ament_cmake_export_dependencies-extras.cmake
-- Symlinking: /autoware/install/tier4_vehicle_msgs/share/tier4_vehicle_msgs/cmake/ament_cmake_export_include_directories-extras.cmake
-- Symlinking: /autoware/install/tier4_vehicle_msgs/share/tier4_vehicle_msgs/cmake/ament_cmake_export_libraries-extras.cmake
-- Symlinking: /autoware/install/tier4_vehicle_msgs/share/tier4_vehicle_msgs/cmake/ament_cmake_export_targets-extras.cmake
-- Symlinking: /autoware/install/tier4_vehicle_msgs/share/tier4_vehicle_msgs/cmake/rosidl_cmake_export_typesupport_targets-extras.cmake
-- Symlinking: /autoware/install/tier4_vehicle_msgs/share/tier4_vehicle_msgs/cmake/rosidl_cmake_export_typesupport_libraries-extras.cmake
-- Symlinking: /autoware/install/tier4_vehicle_msgs/share/tier4_vehicle_msgs/cmake/tier4_vehicle_msgsConfig.cmake
-- Symlinking: /autoware/install/tier4_vehicle_msgs/share/tier4_vehicle_msgs/cmake/tier4_vehicle_msgsConfig-version.cmake
-- Symlinking: /autoware/install/tier4_vehicle_msgs/share/tier4_vehicle_msgs/package.xml
-- Installing: /autoware/install/tier4_vehicle_msgs/lib/libtier4_vehicle_msgs__rosidl_generator_c.so
-- Set runtime path of "/autoware/install/tier4_vehicle_msgs/lib/libtier4_vehicle_msgs__rosidl_generator_c.so" to ""
-- Installing: /autoware/install/tier4_vehicle_msgs/lib/libtier4_vehicle_msgs__rosidl_typesupport_fastrtps_c.so
-- Set runtime path of "/autoware/install/tier4_vehicle_msgs/lib/libtier4_vehicle_msgs__rosidl_typesupport_fastrtps_c.so" to ""
-- Installing: /autoware/install/tier4_vehicle_msgs/lib/libtier4_vehicle_msgs__rosidl_typesupport_introspection_c.so
-- Set runtime path of "/autoware/install/tier4_vehicle_msgs/lib/libtier4_vehicle_msgs__rosidl_typesupport_introspection_c.so" to ""
-- Installing: /autoware/install/tier4_vehicle_msgs/lib/libtier4_vehicle_msgs__rosidl_typesupport_c.so
-- Set runtime path of "/autoware/install/tier4_vehicle_msgs/lib/libtier4_vehicle_msgs__rosidl_typesupport_c.so" to ""
-- Installing: /autoware/install/tier4_vehicle_msgs/lib/libtier4_vehicle_msgs__rosidl_typesupport_fastrtps_cpp.so
-- Set runtime path of "/autoware/install/tier4_vehicle_msgs/lib/libtier4_vehicle_msgs__rosidl_typesupport_fastrtps_cpp.so" to ""
-- Installing: /autoware/install/tier4_vehicle_msgs/lib/libtier4_vehicle_msgs__rosidl_typesupport_introspection_cpp.so
-- Set runtime path of "/autoware/install/tier4_vehicle_msgs/lib/libtier4_vehicle_msgs__rosidl_typesupport_introspection_cpp.so" to ""
-- Installing: /autoware/install/tier4_vehicle_msgs/lib/libtier4_vehicle_msgs__rosidl_typesupport_cpp.so
-- Set runtime path of "/autoware/install/tier4_vehicle_msgs/lib/libtier4_vehicle_msgs__rosidl_typesupport_cpp.so" to ""
Listing '/autoware/install/tier4_vehicle_msgs/local/lib/python3.10/dist-packages/tier4_vehicle_msgs'...
Compiling '/autoware/install/tier4_vehicle_msgs/local/lib/python3.10/dist-packages/tier4_vehicle_msgs/__init__.py'...
Listing '/autoware/install/tier4_vehicle_msgs/local/lib/python3.10/dist-packages/tier4_vehicle_msgs/msg'...
Compiling '/autoware/install/tier4_vehicle_msgs/local/lib/python3.10/dist-packages/tier4_vehicle_msgs/msg/__init__.py'...
Compiling '/autoware/install/tier4_vehicle_msgs/local/lib/python3.10/dist-packages/tier4_vehicle_msgs/msg/_actuation_command.py'...
Compiling '/autoware/install/tier4_vehicle_msgs/local/lib/python3.10/dist-packages/tier4_vehicle_msgs/msg/_actuation_command_stamped.py'...
Compiling '/autoware/install/tier4_vehicle_msgs/local/lib/python3.10/dist-packages/tier4_vehicle_msgs/msg/_actuation_status.py'...
Compiling '/autoware/install/tier4_vehicle_msgs/local/lib/python3.10/dist-packages/tier4_vehicle_msgs/msg/_actuation_status_stamped.py'...
Compiling '/autoware/install/tier4_vehicle_msgs/local/lib/python3.10/dist-packages/tier4_vehicle_msgs/msg/_battery_status.py'...
Compiling '/autoware/install/tier4_vehicle_msgs/local/lib/python3.10/dist-packages/tier4_vehicle_msgs/msg/_shift.py'...
Compiling '/autoware/install/tier4_vehicle_msgs/local/lib/python3.10/dist-packages/tier4_vehicle_msgs/msg/_shift_stamped.py'...
Compiling '/autoware/install/tier4_vehicle_msgs/local/lib/python3.10/dist-packages/tier4_vehicle_msgs/msg/_steering.py'...
Compiling '/autoware/install/tier4_vehicle_msgs/local/lib/python3.10/dist-packages/tier4_vehicle_msgs/msg/_steering_wheel_status_stamped.py'...
Compiling '/autoware/install/tier4_vehicle_msgs/local/lib/python3.10/dist-packages/tier4_vehicle_msgs/msg/_turn_signal.py'...
Compiling '/autoware/install/tier4_vehicle_msgs/local/lib/python3.10/dist-packages/tier4_vehicle_msgs/msg/_vehicle_emergency_stamped.py'...
Listing '/autoware/install/tier4_vehicle_msgs/local/lib/python3.10/dist-packages/tier4_vehicle_msgs/srv'...
Compiling '/autoware/install/tier4_vehicle_msgs/local/lib/python3.10/dist-packages/tier4_vehicle_msgs/srv/__init__.py'...
Compiling '/autoware/install/tier4_vehicle_msgs/local/lib/python3.10/dist-packages/tier4_vehicle_msgs/srv/_update_accel_brake_map.py'...
-- Installing: /autoware/install/tier4_vehicle_msgs/lib/libtier4_vehicle_msgs__rosidl_generator_py.so
-- Set runtime path of "/autoware/install/tier4_vehicle_msgs/lib/libtier4_vehicle_msgs__rosidl_generator_py.so" to ""
-- Installing: /autoware/install/tier4_vehicle_msgs/share/tier4_vehicle_msgs/cmake/export_tier4_vehicle_msgs__rosidl_generator_cExport.cmake
-- Installing: /autoware/install/tier4_vehicle_msgs/share/tier4_vehicle_msgs/cmake/export_tier4_vehicle_msgs__rosidl_generator_cExport-release.cmake
-- Installing: /autoware/install/tier4_vehicle_msgs/share/tier4_vehicle_msgs/cmake/export_tier4_vehicle_msgs__rosidl_typesupport_fastrtps_cExport.cmake
-- Installing: /autoware/install/tier4_vehicle_msgs/share/tier4_vehicle_msgs/cmake/export_tier4_vehicle_msgs__rosidl_typesupport_fastrtps_cExport-release.cmake
-- Installing: /autoware/install/tier4_vehicle_msgs/share/tier4_vehicle_msgs/cmake/tier4_vehicle_msgs__rosidl_typesupport_introspection_cExport.cmake
-- Installing: /autoware/install/tier4_vehicle_msgs/share/tier4_vehicle_msgs/cmake/tier4_vehicle_msgs__rosidl_typesupport_introspection_cExport-release.cmake
-- Installing: /autoware/install/tier4_vehicle_msgs/share/tier4_vehicle_msgs/cmake/tier4_vehicle_msgs__rosidl_typesupport_cExport.cmake
-- Installing: /autoware/install/tier4_vehicle_msgs/share/tier4_vehicle_msgs/cmake/tier4_vehicle_msgs__rosidl_typesupport_cExport-release.cmake
-- Installing: /autoware/install/tier4_vehicle_msgs/share/tier4_vehicle_msgs/cmake/export_tier4_vehicle_msgs__rosidl_generator_cppExport.cmake
-- Installing: /autoware/install/tier4_vehicle_msgs/share/tier4_vehicle_msgs/cmake/export_tier4_vehicle_msgs__rosidl_typesupport_fastrtps_cppExport.cmake
-- Installing: /autoware/install/tier4_vehicle_msgs/share/tier4_vehicle_msgs/cmake/export_tier4_vehicle_msgs__rosidl_typesupport_fastrtps_cppExport-release.cmake
-- Installing: /autoware/install/tier4_vehicle_msgs/share/tier4_vehicle_msgs/cmake/tier4_vehicle_msgs__rosidl_typesupport_introspection_cppExport.cmake
-- Installing: /autoware/install/tier4_vehicle_msgs/share/tier4_vehicle_msgs/cmake/tier4_vehicle_msgs__rosidl_typesupport_introspection_cppExport-release.cmake
-- Installing: /autoware/install/tier4_vehicle_msgs/share/tier4_vehicle_msgs/cmake/tier4_vehicle_msgs__rosidl_typesupport_cppExport.cmake
-- Installing: /autoware/install/tier4_vehicle_msgs/share/tier4_vehicle_msgs/cmake/tier4_vehicle_msgs__rosidl_typesupport_cppExport-release.cmake
-- Installing: /autoware/install/tier4_vehicle_msgs/share/tier4_vehicle_msgs/cmake/export_tier4_vehicle_msgs__rosidl_generator_pyExport.cmake
-- Installing: /autoware/install/tier4_vehicle_msgs/share/tier4_vehicle_msgs/cmake/export_tier4_vehicle_msgs__rosidl_generator_pyExport-release.cmake
