[0.016s] Invoking command in '/autoware/build/mrm_emergency_stop_operator': AMENT_PREFIX_PATH=/autoware/install/tier4_system_msgs:/autoware/install/autoware_cmake:/autoware/install/autoware_lint_common:/autoware/install/autoware_common_msgs:/autoware/install/autoware_auto_control_msgs:/autoware/install/autoware_adapi_v1_msgs:${AMENT_PREFIX_PATH} CMAKE_PREFIX_PATH=/autoware/install/tier4_system_msgs:/autoware/install/autoware_cmake:/autoware/install/autoware_lint_common:/autoware/install/autoware_common_msgs:/autoware/install/autoware_auto_control_msgs:/autoware/install/autoware_adapi_v1_msgs:/opt/ros/humble LD_LIBRARY_PATH=/autoware/install/tier4_system_msgs/lib:/autoware/install/autoware_common_msgs/lib:/autoware/install/autoware_auto_control_msgs/lib:/autoware/install/autoware_adapi_v1_msgs/lib:${LD_LIBRARY_PATH} PYTHONPATH=/autoware/install/tier4_system_msgs/local/lib/python3.10/dist-packages:/autoware/install/autoware_common_msgs/local/lib/python3.10/dist-packages:/autoware/install/autoware_auto_control_msgs/local/lib/python3.10/dist-packages:/autoware/install/autoware_adapi_v1_msgs/local/lib/python3.10/dist-packages:${PYTHONPATH} /usr/bin/cmake /autoware/src/universe/autoware.universe/system/mrm_emergency_stop_operator -DCMAKE_BUILD_TYPE=Release -DAMENT_CMAKE_SYMLINK_INSTALL=1 -DCMAKE_INSTALL_PREFIX=/autoware/install/mrm_emergency_stop_operator
[0.063s] -- The C compiler identification is GNU 11.3.0
[0.109s] -- The CXX compiler identification is GNU 11.3.0
[0.115s] -- Detecting C compiler ABI info
[0.171s] -- Detecting C compiler ABI info - done
[0.178s] -- Check for working C compiler: /usr/bin/cc - skipped
[0.178s] -- Detecting C compile features
[0.178s] -- Detecting C compile features - done
[0.182s] -- Detecting CXX compiler ABI info
[0.247s] -- Detecting CXX compiler ABI info - done
[0.259s] -- Check for working CXX compiler: /usr/bin/c++ - skipped
[0.260s] -- Detecting CXX compile features
[0.260s] -- Detecting CXX compile features - done
[0.262s] -- Found autoware_cmake: 0.1.0 (/autoware/install/autoware_cmake/share/autoware_cmake/cmake)
[0.439s] -- Found Python3: /usr/bin/python3.10 (found version "3.10.6") found components: Interpreter 
[0.504s] -- Override CMake install command with custom implementation using symlinks instead of copying resources
[0.677s] -- Found rosidl_generator_c: 3.1.3 (/opt/ros/humble/share/rosidl_generator_c/cmake)
[0.683s] -- Found rosidl_adapter: 3.1.3 (/opt/ros/humble/share/rosidl_adapter/cmake)
[0.691s] -- Found rosidl_generator_cpp: 3.1.3 (/opt/ros/humble/share/rosidl_generator_cpp/cmake)
[0.705s] -- Using all available rosidl_typesupport_c: rosidl_typesupport_fastrtps_c;rosidl_typesupport_introspection_c
[0.726s] -- Using all available rosidl_typesupport_cpp: rosidl_typesupport_fastrtps_cpp;rosidl_typesupport_introspection_cpp
[1.012s] -- Found rmw_implementation_cmake: 6.1.0 (/opt/ros/humble/share/rmw_implementation_cmake/cmake)
[1.016s] -- Found rmw_fastrtps_cpp: 6.2.1 (/opt/ros/humble/share/rmw_fastrtps_cpp/cmake)
[1.110s] -- Found OpenSSL: /usr/lib/x86_64-linux-gnu/libcrypto.so (found version "3.0.2")  
[1.145s] -- Found FastRTPS: /opt/ros/humble/include  
[1.203s] -- Using RMW implementation 'rmw_fastrtps_cpp' as default
[1.589s] -- Found ament_lint_auto: 0.12.4 (/opt/ros/humble/share/ament_lint_auto/cmake)
[1.609s] -- Added test 'copyright' to check source files copyright and LICENSE
[1.611s] -- Added test 'cppcheck' to perform static code analysis on C / C++ code
[1.611s] -- Configured cppcheck include dirs: /autoware/src/universe/autoware.universe/system/mrm_emergency_stop_operator/include
[1.611s] -- Configured cppcheck exclude dirs and/or files: 
[1.612s] -- Added test 'lint_cmake' to check CMake code style
[1.612s] -- Added test 'xmllint' to check XML markup files
[1.616s] -- Configuring done
[1.632s] -- Generating done
[1.634s] -- Build files have been written to: /autoware/build/mrm_emergency_stop_operator
[1.643s] Invoked command in '/autoware/build/mrm_emergency_stop_operator' returned '0': AMENT_PREFIX_PATH=/autoware/install/tier4_system_msgs:/autoware/install/autoware_cmake:/autoware/install/autoware_lint_common:/autoware/install/autoware_common_msgs:/autoware/install/autoware_auto_control_msgs:/autoware/install/autoware_adapi_v1_msgs:${AMENT_PREFIX_PATH} CMAKE_PREFIX_PATH=/autoware/install/tier4_system_msgs:/autoware/install/autoware_cmake:/autoware/install/autoware_lint_common:/autoware/install/autoware_common_msgs:/autoware/install/autoware_auto_control_msgs:/autoware/install/autoware_adapi_v1_msgs:/opt/ros/humble LD_LIBRARY_PATH=/autoware/install/tier4_system_msgs/lib:/autoware/install/autoware_common_msgs/lib:/autoware/install/autoware_auto_control_msgs/lib:/autoware/install/autoware_adapi_v1_msgs/lib:${LD_LIBRARY_PATH} PYTHONPATH=/autoware/install/tier4_system_msgs/local/lib/python3.10/dist-packages:/autoware/install/autoware_common_msgs/local/lib/python3.10/dist-packages:/autoware/install/autoware_auto_control_msgs/local/lib/python3.10/dist-packages:/autoware/install/autoware_adapi_v1_msgs/local/lib/python3.10/dist-packages:${PYTHONPATH} /usr/bin/cmake /autoware/src/universe/autoware.universe/system/mrm_emergency_stop_operator -DCMAKE_BUILD_TYPE=Release -DAMENT_CMAKE_SYMLINK_INSTALL=1 -DCMAKE_INSTALL_PREFIX=/autoware/install/mrm_emergency_stop_operator
[1.644s] Invoking command in '/autoware/build/mrm_emergency_stop_operator': AMENT_PREFIX_PATH=/autoware/install/tier4_system_msgs:/autoware/install/autoware_cmake:/autoware/install/autoware_lint_common:/autoware/install/autoware_common_msgs:/autoware/install/autoware_auto_control_msgs:/autoware/install/autoware_adapi_v1_msgs:${AMENT_PREFIX_PATH} CMAKE_PREFIX_PATH=/autoware/install/tier4_system_msgs:/autoware/install/autoware_cmake:/autoware/install/autoware_lint_common:/autoware/install/autoware_common_msgs:/autoware/install/autoware_auto_control_msgs:/autoware/install/autoware_adapi_v1_msgs:/opt/ros/humble LD_LIBRARY_PATH=/autoware/install/tier4_system_msgs/lib:/autoware/install/autoware_common_msgs/lib:/autoware/install/autoware_auto_control_msgs/lib:/autoware/install/autoware_adapi_v1_msgs/lib:${LD_LIBRARY_PATH} PYTHONPATH=/autoware/install/tier4_system_msgs/local/lib/python3.10/dist-packages:/autoware/install/autoware_common_msgs/local/lib/python3.10/dist-packages:/autoware/install/autoware_auto_control_msgs/local/lib/python3.10/dist-packages:/autoware/install/autoware_adapi_v1_msgs/local/lib/python3.10/dist-packages:${PYTHONPATH} /usr/bin/cmake --build /autoware/build/mrm_emergency_stop_operator -- -j64 -l64
[1.683s] [ 25%] Building CXX object CMakeFiles/mrm_emergency_stop_operator_component.dir/src/mrm_emergency_stop_operator/mrm_emergency_stop_operator_core.cpp.o
[1.683s] [ 50%] Building CXX object CMakeFiles/mrm_emergency_stop_operator.dir/rclcpp_components/node_main_mrm_emergency_stop_operator.cpp.o
[4.951s] [ 75%] Linking CXX executable mrm_emergency_stop_operator
[5.034s] [ 75%] Built target mrm_emergency_stop_operator
[13.131s] [100%] Linking CXX shared library libmrm_emergency_stop_operator_component.so
[13.286s] [100%] Built target mrm_emergency_stop_operator_component
[13.286s] Invoked command in '/autoware/build/mrm_emergency_stop_operator' returned '0': AMENT_PREFIX_PATH=/autoware/install/tier4_system_msgs:/autoware/install/autoware_cmake:/autoware/install/autoware_lint_common:/autoware/install/autoware_common_msgs:/autoware/install/autoware_auto_control_msgs:/autoware/install/autoware_adapi_v1_msgs:${AMENT_PREFIX_PATH} CMAKE_PREFIX_PATH=/autoware/install/tier4_system_msgs:/autoware/install/autoware_cmake:/autoware/install/autoware_lint_common:/autoware/install/autoware_common_msgs:/autoware/install/autoware_auto_control_msgs:/autoware/install/autoware_adapi_v1_msgs:/opt/ros/humble LD_LIBRARY_PATH=/autoware/install/tier4_system_msgs/lib:/autoware/install/autoware_common_msgs/lib:/autoware/install/autoware_auto_control_msgs/lib:/autoware/install/autoware_adapi_v1_msgs/lib:${LD_LIBRARY_PATH} PYTHONPATH=/autoware/install/tier4_system_msgs/local/lib/python3.10/dist-packages:/autoware/install/autoware_common_msgs/local/lib/python3.10/dist-packages:/autoware/install/autoware_auto_control_msgs/local/lib/python3.10/dist-packages:/autoware/install/autoware_adapi_v1_msgs/local/lib/python3.10/dist-packages:${PYTHONPATH} /usr/bin/cmake --build /autoware/build/mrm_emergency_stop_operator -- -j64 -l64
[13.305s] Invoking command in '/autoware/build/mrm_emergency_stop_operator': AMENT_PREFIX_PATH=/autoware/install/tier4_system_msgs:/autoware/install/autoware_cmake:/autoware/install/autoware_lint_common:/autoware/install/autoware_common_msgs:/autoware/install/autoware_auto_control_msgs:/autoware/install/autoware_adapi_v1_msgs:${AMENT_PREFIX_PATH} CMAKE_PREFIX_PATH=/autoware/install/tier4_system_msgs:/autoware/install/autoware_cmake:/autoware/install/autoware_lint_common:/autoware/install/autoware_common_msgs:/autoware/install/autoware_auto_control_msgs:/autoware/install/autoware_adapi_v1_msgs:/opt/ros/humble LD_LIBRARY_PATH=/autoware/install/tier4_system_msgs/lib:/autoware/install/autoware_common_msgs/lib:/autoware/install/autoware_auto_control_msgs/lib:/autoware/install/autoware_adapi_v1_msgs/lib:${LD_LIBRARY_PATH} PYTHONPATH=/autoware/install/tier4_system_msgs/local/lib/python3.10/dist-packages:/autoware/install/autoware_common_msgs/local/lib/python3.10/dist-packages:/autoware/install/autoware_auto_control_msgs/local/lib/python3.10/dist-packages:/autoware/install/autoware_adapi_v1_msgs/local/lib/python3.10/dist-packages:${PYTHONPATH} /usr/bin/cmake --install /autoware/build/mrm_emergency_stop_operator
[13.311s] -- Install configuration: "Release"
[13.312s] -- Execute custom install script
[13.312s] -- Symlinking: /autoware/install/mrm_emergency_stop_operator/lib/mrm_emergency_stop_operator/mrm_emergency_stop_operator
[13.319s] -- Symlinking: /autoware/install/mrm_emergency_stop_operator/include/mrm_emergency_stop_operator/mrm_emergency_stop_operator_core.hpp
[13.325s] -- Symlinking: /autoware/install/mrm_emergency_stop_operator/share/mrm_emergency_stop_operator/environment/library_path.sh
[13.331s] -- Symlinking: /autoware/install/mrm_emergency_stop_operator/share/mrm_emergency_stop_operator/environment/library_path.dsv
[13.337s] -- Symlinking: /autoware/install/mrm_emergency_stop_operator/lib/libmrm_emergency_stop_operator_component.so
[13.344s] -- Symlinking: /autoware/install/mrm_emergency_stop_operator/share/mrm_emergency_stop_operator/launch/mrm_emergency_stop_operator.launch.py
[13.351s] -- Symlinking: /autoware/install/mrm_emergency_stop_operator/share/mrm_emergency_stop_operator/config/mrm_emergency_stop_operator.param.yaml
[13.358s] -- Symlinking: /autoware/install/mrm_emergency_stop_operator/share/ament_index/resource_index/package_run_dependencies/mrm_emergency_stop_operator
[13.363s] -- Symlinking: /autoware/install/mrm_emergency_stop_operator/share/ament_index/resource_index/parent_prefix_path/mrm_emergency_stop_operator
[13.370s] -- Symlinking: /autoware/install/mrm_emergency_stop_operator/share/mrm_emergency_stop_operator/environment/ament_prefix_path.sh
[13.375s] -- Symlinking: /autoware/install/mrm_emergency_stop_operator/share/mrm_emergency_stop_operator/environment/ament_prefix_path.dsv
[13.381s] -- Symlinking: /autoware/install/mrm_emergency_stop_operator/share/mrm_emergency_stop_operator/environment/path.sh
[13.386s] -- Symlinking: /autoware/install/mrm_emergency_stop_operator/share/mrm_emergency_stop_operator/environment/path.dsv
[13.392s] -- Symlinking: /autoware/install/mrm_emergency_stop_operator/share/mrm_emergency_stop_operator/local_setup.bash
[13.397s] -- Symlinking: /autoware/install/mrm_emergency_stop_operator/share/mrm_emergency_stop_operator/local_setup.sh
[13.403s] -- Symlinking: /autoware/install/mrm_emergency_stop_operator/share/mrm_emergency_stop_operator/local_setup.zsh
[13.411s] -- Symlinking: /autoware/install/mrm_emergency_stop_operator/share/mrm_emergency_stop_operator/local_setup.dsv
[13.418s] -- Symlinking: /autoware/install/mrm_emergency_stop_operator/share/mrm_emergency_stop_operator/package.dsv
[13.426s] -- Symlinking: /autoware/install/mrm_emergency_stop_operator/share/ament_index/resource_index/packages/mrm_emergency_stop_operator
[13.433s] -- Symlinking: /autoware/install/mrm_emergency_stop_operator/share/ament_index/resource_index/rclcpp_components/mrm_emergency_stop_operator
[13.440s] -- Symlinking: /autoware/install/mrm_emergency_stop_operator/share/mrm_emergency_stop_operator/cmake/ament_cmake_export_dependencies-extras.cmake
[13.448s] -- Symlinking: /autoware/install/mrm_emergency_stop_operator/share/mrm_emergency_stop_operator/cmake/ament_cmake_export_include_directories-extras.cmake
[13.455s] -- Symlinking: /autoware/install/mrm_emergency_stop_operator/share/mrm_emergency_stop_operator/cmake/ament_cmake_export_libraries-extras.cmake
[13.461s] -- Symlinking: /autoware/install/mrm_emergency_stop_operator/share/mrm_emergency_stop_operator/cmake/mrm_emergency_stop_operatorConfig.cmake
[13.467s] -- Symlinking: /autoware/install/mrm_emergency_stop_operator/share/mrm_emergency_stop_operator/cmake/mrm_emergency_stop_operatorConfig-version.cmake
[13.474s] -- Symlinking: /autoware/install/mrm_emergency_stop_operator/share/mrm_emergency_stop_operator/package.xml
[13.491s] Invoked command in '/autoware/build/mrm_emergency_stop_operator' returned '0': AMENT_PREFIX_PATH=/autoware/install/tier4_system_msgs:/autoware/install/autoware_cmake:/autoware/install/autoware_lint_common:/autoware/install/autoware_common_msgs:/autoware/install/autoware_auto_control_msgs:/autoware/install/autoware_adapi_v1_msgs:${AMENT_PREFIX_PATH} CMAKE_PREFIX_PATH=/autoware/install/tier4_system_msgs:/autoware/install/autoware_cmake:/autoware/install/autoware_lint_common:/autoware/install/autoware_common_msgs:/autoware/install/autoware_auto_control_msgs:/autoware/install/autoware_adapi_v1_msgs:/opt/ros/humble LD_LIBRARY_PATH=/autoware/install/tier4_system_msgs/lib:/autoware/install/autoware_common_msgs/lib:/autoware/install/autoware_auto_control_msgs/lib:/autoware/install/autoware_adapi_v1_msgs/lib:${LD_LIBRARY_PATH} PYTHONPATH=/autoware/install/tier4_system_msgs/local/lib/python3.10/dist-packages:/autoware/install/autoware_common_msgs/local/lib/python3.10/dist-packages:/autoware/install/autoware_auto_control_msgs/local/lib/python3.10/dist-packages:/autoware/install/autoware_adapi_v1_msgs/local/lib/python3.10/dist-packages:${PYTHONPATH} /usr/bin/cmake --install /autoware/build/mrm_emergency_stop_operator
