[0.022s] Invoking command in '/autoware/build/common_awsim_sensor_launch': AMENT_PREFIX_PATH=/autoware/install/velodyne_monitor:/autoware/install/autoware_lint_common:${AMENT_PREFIX_PATH} CMAKE_PREFIX_PATH=/autoware/install/velodyne_monitor:/autoware/install/autoware_lint_common:/opt/ros/humble /usr/bin/cmake /autoware/src/sensor_kit/external/awsim_sensor_kit_launch/common_awsim_sensor_launch -DCMAKE_BUILD_TYPE=Release -DAMENT_CMAKE_SYMLINK_INSTALL=1 -DCMAKE_INSTALL_PREFIX=/autoware/install/common_awsim_sensor_launch
[0.093s] -- The C compiler identification is GNU 11.3.0
[0.158s] -- The CXX compiler identification is GNU 11.3.0
[0.167s] -- Detecting C compiler ABI info
[0.248s] -- Detecting C compiler ABI info - done
[0.262s] -- Check for working C compiler: /usr/bin/cc - skipped
[0.262s] -- Detecting C compile features
[0.263s] -- Detecting C compile features - done
[0.269s] -- Detecting CXX compiler ABI info
[0.355s] -- Detecting CXX compiler ABI info - done
[0.363s] -- Check for working CXX compiler: /usr/bin/c++ - skipped
[0.364s] -- Detecting CXX compile features
[0.364s] -- Detecting CXX compile features - done
[0.367s] -- Found ament_cmake_auto: 1.3.2 (/opt/ros/humble/share/ament_cmake_auto/cmake)
[0.596s] -- Found Python3: /usr/bin/python3.10 (found version "3.10.6") found components: Interpreter 
[0.670s] -- Override CMake install command with custom implementation using symlinks instead of copying resources
[0.834s] -- Found ament_lint_auto: 0.12.4 (/opt/ros/humble/share/ament_lint_auto/cmake)
[0.863s] -- Added test 'copyright' to check source files copyright and LICENSE
[0.866s] -- Added test 'lint_cmake' to check CMake code style
[0.868s] -- Added test 'xmllint' to check XML markup files
[0.871s] -- Configuring done
[0.883s] -- Generating done
[0.885s] -- Build files have been written to: /autoware/build/common_awsim_sensor_launch
[0.892s] Invoked command in '/autoware/build/common_awsim_sensor_launch' returned '0': AMENT_PREFIX_PATH=/autoware/install/velodyne_monitor:/autoware/install/autoware_lint_common:${AMENT_PREFIX_PATH} CMAKE_PREFIX_PATH=/autoware/install/velodyne_monitor:/autoware/install/autoware_lint_common:/opt/ros/humble /usr/bin/cmake /autoware/src/sensor_kit/external/awsim_sensor_kit_launch/common_awsim_sensor_launch -DCMAKE_BUILD_TYPE=Release -DAMENT_CMAKE_SYMLINK_INSTALL=1 -DCMAKE_INSTALL_PREFIX=/autoware/install/common_awsim_sensor_launch
[0.893s] Invoking command in '/autoware/build/common_awsim_sensor_launch': AMENT_PREFIX_PATH=/autoware/install/velodyne_monitor:/autoware/install/autoware_lint_common:${AMENT_PREFIX_PATH} CMAKE_PREFIX_PATH=/autoware/install/velodyne_monitor:/autoware/install/autoware_lint_common:/opt/ros/humble /usr/bin/cmake --build /autoware/build/common_awsim_sensor_launch -- -j64 -l64
[0.948s] Invoked command in '/autoware/build/common_awsim_sensor_launch' returned '0': AMENT_PREFIX_PATH=/autoware/install/velodyne_monitor:/autoware/install/autoware_lint_common:${AMENT_PREFIX_PATH} CMAKE_PREFIX_PATH=/autoware/install/velodyne_monitor:/autoware/install/autoware_lint_common:/opt/ros/humble /usr/bin/cmake --build /autoware/build/common_awsim_sensor_launch -- -j64 -l64
[0.997s] Invoking command in '/autoware/build/common_awsim_sensor_launch': AMENT_PREFIX_PATH=/autoware/install/velodyne_monitor:/autoware/install/autoware_lint_common:${AMENT_PREFIX_PATH} CMAKE_PREFIX_PATH=/autoware/install/velodyne_monitor:/autoware/install/autoware_lint_common:/opt/ros/humble /usr/bin/cmake --install /autoware/build/common_awsim_sensor_launch
[1.009s] -- Install configuration: "Release"
[1.010s] -- Execute custom install script
[1.012s] -- Symlinking: /autoware/install/common_awsim_sensor_launch/share/common_awsim_sensor_launch/launch/velodyne_lidar.launch.xml
[1.025s] -- Symlinking: /autoware/install/common_awsim_sensor_launch/share/common_awsim_sensor_launch/launch/velodyne_node_container.launch.py
[1.037s] -- Symlinking: /autoware/install/common_awsim_sensor_launch/share/ament_index/resource_index/package_run_dependencies/common_awsim_sensor_launch
[1.049s] -- Symlinking: /autoware/install/common_awsim_sensor_launch/share/ament_index/resource_index/parent_prefix_path/common_awsim_sensor_launch
[1.062s] -- Symlinking: /autoware/install/common_awsim_sensor_launch/share/common_awsim_sensor_launch/environment/ament_prefix_path.sh
[1.075s] -- Symlinking: /autoware/install/common_awsim_sensor_launch/share/common_awsim_sensor_launch/environment/ament_prefix_path.dsv
[1.087s] -- Symlinking: /autoware/install/common_awsim_sensor_launch/share/common_awsim_sensor_launch/environment/path.sh
[1.098s] -- Symlinking: /autoware/install/common_awsim_sensor_launch/share/common_awsim_sensor_launch/environment/path.dsv
[1.110s] -- Symlinking: /autoware/install/common_awsim_sensor_launch/share/common_awsim_sensor_launch/local_setup.bash
[1.122s] -- Symlinking: /autoware/install/common_awsim_sensor_launch/share/common_awsim_sensor_launch/local_setup.sh
[1.134s] -- Symlinking: /autoware/install/common_awsim_sensor_launch/share/common_awsim_sensor_launch/local_setup.zsh
[1.146s] -- Symlinking: /autoware/install/common_awsim_sensor_launch/share/common_awsim_sensor_launch/local_setup.dsv
[1.158s] -- Symlinking: /autoware/install/common_awsim_sensor_launch/share/common_awsim_sensor_launch/package.dsv
[1.170s] -- Symlinking: /autoware/install/common_awsim_sensor_launch/share/ament_index/resource_index/packages/common_awsim_sensor_launch
[1.181s] -- Symlinking: /autoware/install/common_awsim_sensor_launch/share/common_awsim_sensor_launch/cmake/common_awsim_sensor_launchConfig.cmake
[1.196s] -- Symlinking: /autoware/install/common_awsim_sensor_launch/share/common_awsim_sensor_launch/cmake/common_awsim_sensor_launchConfig-version.cmake
[1.205s] -- Symlinking: /autoware/install/common_awsim_sensor_launch/share/common_awsim_sensor_launch/package.xml
[1.227s] Invoked command in '/autoware/build/common_awsim_sensor_launch' returned '0': AMENT_PREFIX_PATH=/autoware/install/velodyne_monitor:/autoware/install/autoware_lint_common:${AMENT_PREFIX_PATH} CMAKE_PREFIX_PATH=/autoware/install/velodyne_monitor:/autoware/install/autoware_lint_common:/opt/ros/humble /usr/bin/cmake --install /autoware/build/common_awsim_sensor_launch
