[0.037s] Invoking command in '/autoware/build/traffic_light_map_based_detector': AMENT_PREFIX_PATH=/autoware/install/tier4_autoware_utils:/autoware/install/lanelet2_extension:/autoware/install/autoware_auto_vehicle_msgs:/autoware/install/autoware_utils:/autoware/install/autoware_planning_msgs:/autoware/install/autoware_auto_planning_msgs:/autoware/install/autoware_auto_perception_msgs:/autoware/install/tier4_debug_msgs:/autoware/install/autoware_common_msgs:/autoware/install/autoware_cmake:/autoware/install/autoware_auto_mapping_msgs:/autoware/install/autoware_auto_geometry_msgs:/autoware/install/autoware_lint_common:/autoware/install/ament_cmake_auto:${AMENT_PREFIX_PATH} CMAKE_PREFIX_PATH=/autoware/install/tier4_autoware_utils:/autoware/install/lanelet2_extension:/autoware/install/autoware_auto_vehicle_msgs:/autoware/install/autoware_utils:/autoware/install/autoware_planning_msgs:/autoware/install/autoware_auto_planning_msgs:/autoware/install/autoware_auto_perception_msgs:/autoware/install/tier4_debug_msgs:/autoware/install/autoware_common_msgs:/autoware/install/autoware_cmake:/autoware/install/autoware_auto_mapping_msgs:/autoware/install/autoware_auto_geometry_msgs:/autoware/install/autoware_lint_common:/autoware/install/ament_cmake_auto:/opt/ros/humble LD_LIBRARY_PATH=/autoware/install/tier4_autoware_utils/lib:/autoware/install/lanelet2_extension/lib:/autoware/install/autoware_auto_vehicle_msgs/lib:/autoware/install/autoware_utils/lib:/autoware/install/autoware_planning_msgs/lib:/autoware/install/autoware_auto_planning_msgs/lib:/autoware/install/autoware_auto_perception_msgs/lib:/autoware/install/tier4_debug_msgs/lib:/autoware/install/autoware_common_msgs/lib:/autoware/install/autoware_auto_mapping_msgs/lib:/autoware/install/autoware_auto_geometry_msgs/lib:${LD_LIBRARY_PATH} PYTHONPATH=/autoware/install/autoware_auto_vehicle_msgs/local/lib/python3.10/dist-packages:/autoware/install/autoware_planning_msgs/local/lib/python3.10/dist-packages:/autoware/install/autoware_auto_planning_msgs/local/lib/python3.10/dist-packages:/autoware/install/autoware_auto_perception_msgs/local/lib/python3.10/dist-packages:/autoware/install/tier4_debug_msgs/local/lib/python3.10/dist-packages:/autoware/install/autoware_common_msgs/local/lib/python3.10/dist-packages:/autoware/install/autoware_auto_mapping_msgs/local/lib/python3.10/dist-packages:/autoware/install/autoware_auto_geometry_msgs/local/lib/python3.10/dist-packages:${PYTHONPATH} /usr/bin/cmake --build /autoware/build/traffic_light_map_based_detector -- -j64 -l64
[0.066s] -- Found autoware_cmake: 0.1.0 (/autoware/install/autoware_cmake/share/autoware_cmake/cmake)
[0.066s] -- Found ament_cmake_auto: 1.3.2 (/opt/ros/humble/share/ament_cmake_auto/cmake)
[0.254s] -- Override CMake install command with custom implementation using symlinks instead of copying resources
[0.370s] -- Found rosidl_generator_c: 3.1.3 (/opt/ros/humble/share/rosidl_generator_c/cmake)
[0.370s] -- Found rosidl_adapter: 3.1.3 (/opt/ros/humble/share/rosidl_adapter/cmake)
[0.417s] -- Found rosidl_generator_cpp: 3.1.3 (/opt/ros/humble/share/rosidl_generator_cpp/cmake)
[0.417s] -- Using all available rosidl_typesupport_c: rosidl_typesupport_fastrtps_c;rosidl_typesupport_introspection_c
[0.417s] -- Using all available rosidl_typesupport_cpp: rosidl_typesupport_fastrtps_cpp;rosidl_typesupport_introspection_cpp
[1.341s] -- Found rmw_implementation_cmake: 6.1.0 (/opt/ros/humble/share/rmw_implementation_cmake/cmake)
[1.343s] -- Found rmw_fastrtps_cpp: 6.2.1 (/opt/ros/humble/share/rmw_fastrtps_cpp/cmake)
[1.470s] -- Using RMW implementation 'rmw_fastrtps_cpp' as default
[1.614s] -- Found mrt_cmake_modules: 1.0.9 (/opt/ros/humble/share/mrt_cmake_modules/cmake)
[1.741s] -- Found eigen3_cmake_module: 0.1.1 (/opt/ros/humble/share/eigen3_cmake_module/cmake)
[1.742s] -- Ensuring Eigen3 include directory is part of orocos-kdl CMake target
[2.519s] -- Found ament_lint_auto: 0.12.4 (/opt/ros/humble/share/ament_lint_auto/cmake)
[4.172s] -- Added test 'copyright' to check source files copyright and LICENSE
[4.176s] -- Added test 'cppcheck' to perform static code analysis on C / C++ code
[4.176s] -- Configured cppcheck include dirs: /autoware/src/universe/autoware.universe/perception/traffic_light_map_based_detector/include
[4.176s] -- Configured cppcheck exclude dirs and/or files: 
[4.177s] -- Added test 'lint_cmake' to check CMake code style
[4.178s] -- Added test 'xmllint' to check XML markup files
[4.184s] -- Configuring done
[4.302s] -- Generating done
[4.304s] -- Build files have been written to: /autoware/build/traffic_light_map_based_detector
[4.355s] Consolidate compiler generated dependencies of target traffic_light_map_based_detector_node
[4.373s] Consolidate compiler generated dependencies of target traffic_light_map_based_detector
[4.382s] [ 50%] Built target traffic_light_map_based_detector_node
[4.427s] [ 75%] Building CXX object CMakeFiles/traffic_light_map_based_detector.dir/src/node.cpp.o
[34.204s] [100%] Linking CXX shared library libtraffic_light_map_based_detector.so
[34.573s] [100%] Built target traffic_light_map_based_detector
[34.583s] Invoked command in '/autoware/build/traffic_light_map_based_detector' returned '0': AMENT_PREFIX_PATH=/autoware/install/tier4_autoware_utils:/autoware/install/lanelet2_extension:/autoware/install/autoware_auto_vehicle_msgs:/autoware/install/autoware_utils:/autoware/install/autoware_planning_msgs:/autoware/install/autoware_auto_planning_msgs:/autoware/install/autoware_auto_perception_msgs:/autoware/install/tier4_debug_msgs:/autoware/install/autoware_common_msgs:/autoware/install/autoware_cmake:/autoware/install/autoware_auto_mapping_msgs:/autoware/install/autoware_auto_geometry_msgs:/autoware/install/autoware_lint_common:/autoware/install/ament_cmake_auto:${AMENT_PREFIX_PATH} CMAKE_PREFIX_PATH=/autoware/install/tier4_autoware_utils:/autoware/install/lanelet2_extension:/autoware/install/autoware_auto_vehicle_msgs:/autoware/install/autoware_utils:/autoware/install/autoware_planning_msgs:/autoware/install/autoware_auto_planning_msgs:/autoware/install/autoware_auto_perception_msgs:/autoware/install/tier4_debug_msgs:/autoware/install/autoware_common_msgs:/autoware/install/autoware_cmake:/autoware/install/autoware_auto_mapping_msgs:/autoware/install/autoware_auto_geometry_msgs:/autoware/install/autoware_lint_common:/autoware/install/ament_cmake_auto:/opt/ros/humble LD_LIBRARY_PATH=/autoware/install/tier4_autoware_utils/lib:/autoware/install/lanelet2_extension/lib:/autoware/install/autoware_auto_vehicle_msgs/lib:/autoware/install/autoware_utils/lib:/autoware/install/autoware_planning_msgs/lib:/autoware/install/autoware_auto_planning_msgs/lib:/autoware/install/autoware_auto_perception_msgs/lib:/autoware/install/tier4_debug_msgs/lib:/autoware/install/autoware_common_msgs/lib:/autoware/install/autoware_auto_mapping_msgs/lib:/autoware/install/autoware_auto_geometry_msgs/lib:${LD_LIBRARY_PATH} PYTHONPATH=/autoware/install/autoware_auto_vehicle_msgs/local/lib/python3.10/dist-packages:/autoware/install/autoware_planning_msgs/local/lib/python3.10/dist-packages:/autoware/install/autoware_auto_planning_msgs/local/lib/python3.10/dist-packages:/autoware/install/autoware_auto_perception_msgs/local/lib/python3.10/dist-packages:/autoware/install/tier4_debug_msgs/local/lib/python3.10/dist-packages:/autoware/install/autoware_common_msgs/local/lib/python3.10/dist-packages:/autoware/install/autoware_auto_mapping_msgs/local/lib/python3.10/dist-packages:/autoware/install/autoware_auto_geometry_msgs/local/lib/python3.10/dist-packages:${PYTHONPATH} /usr/bin/cmake --build /autoware/build/traffic_light_map_based_detector -- -j64 -l64
[34.602s] Invoking command in '/autoware/build/traffic_light_map_based_detector': AMENT_PREFIX_PATH=/autoware/install/tier4_autoware_utils:/autoware/install/lanelet2_extension:/autoware/install/autoware_auto_vehicle_msgs:/autoware/install/autoware_utils:/autoware/install/autoware_planning_msgs:/autoware/install/autoware_auto_planning_msgs:/autoware/install/autoware_auto_perception_msgs:/autoware/install/tier4_debug_msgs:/autoware/install/autoware_common_msgs:/autoware/install/autoware_cmake:/autoware/install/autoware_auto_mapping_msgs:/autoware/install/autoware_auto_geometry_msgs:/autoware/install/autoware_lint_common:/autoware/install/ament_cmake_auto:${AMENT_PREFIX_PATH} CMAKE_PREFIX_PATH=/autoware/install/tier4_autoware_utils:/autoware/install/lanelet2_extension:/autoware/install/autoware_auto_vehicle_msgs:/autoware/install/autoware_utils:/autoware/install/autoware_planning_msgs:/autoware/install/autoware_auto_planning_msgs:/autoware/install/autoware_auto_perception_msgs:/autoware/install/tier4_debug_msgs:/autoware/install/autoware_common_msgs:/autoware/install/autoware_cmake:/autoware/install/autoware_auto_mapping_msgs:/autoware/install/autoware_auto_geometry_msgs:/autoware/install/autoware_lint_common:/autoware/install/ament_cmake_auto:/opt/ros/humble LD_LIBRARY_PATH=/autoware/install/tier4_autoware_utils/lib:/autoware/install/lanelet2_extension/lib:/autoware/install/autoware_auto_vehicle_msgs/lib:/autoware/install/autoware_utils/lib:/autoware/install/autoware_planning_msgs/lib:/autoware/install/autoware_auto_planning_msgs/lib:/autoware/install/autoware_auto_perception_msgs/lib:/autoware/install/tier4_debug_msgs/lib:/autoware/install/autoware_common_msgs/lib:/autoware/install/autoware_auto_mapping_msgs/lib:/autoware/install/autoware_auto_geometry_msgs/lib:${LD_LIBRARY_PATH} PYTHONPATH=/autoware/install/autoware_auto_vehicle_msgs/local/lib/python3.10/dist-packages:/autoware/install/autoware_planning_msgs/local/lib/python3.10/dist-packages:/autoware/install/autoware_auto_planning_msgs/local/lib/python3.10/dist-packages:/autoware/install/autoware_auto_perception_msgs/local/lib/python3.10/dist-packages:/autoware/install/tier4_debug_msgs/local/lib/python3.10/dist-packages:/autoware/install/autoware_common_msgs/local/lib/python3.10/dist-packages:/autoware/install/autoware_auto_mapping_msgs/local/lib/python3.10/dist-packages:/autoware/install/autoware_auto_geometry_msgs/local/lib/python3.10/dist-packages:${PYTHONPATH} /usr/bin/cmake --install /autoware/build/traffic_light_map_based_detector
[34.609s] -- Install configuration: "Release"
[34.609s] -- Execute custom install script
[34.609s] -- Up-to-date symlink: /autoware/install/traffic_light_map_based_detector/lib/traffic_light_map_based_detector/traffic_light_map_based_detector_node
[34.610s] -- Up-to-date symlink: /autoware/install/traffic_light_map_based_detector/include/traffic_light_map_based_detector/node.hpp
[34.610s] -- Up-to-date symlink: /autoware/install/traffic_light_map_based_detector/share/traffic_light_map_based_detector/environment/library_path.sh
[34.610s] -- Up-to-date symlink: /autoware/install/traffic_light_map_based_detector/share/traffic_light_map_based_detector/environment/library_path.dsv
[34.610s] -- Up-to-date symlink: /autoware/install/traffic_light_map_based_detector/lib/libtraffic_light_map_based_detector.so
[34.610s] -- Up-to-date symlink: /autoware/install/traffic_light_map_based_detector/share/traffic_light_map_based_detector/launch/traffic_light_map_based_detector.launch.xml
[34.611s] -- Up-to-date symlink: /autoware/install/traffic_light_map_based_detector/share/traffic_light_map_based_detector/config/traffic_light_map_based_detector.param.yaml
[34.611s] -- Up-to-date symlink: /autoware/install/traffic_light_map_based_detector/share/ament_index/resource_index/package_run_dependencies/traffic_light_map_based_detector
[34.611s] -- Up-to-date symlink: /autoware/install/traffic_light_map_based_detector/share/ament_index/resource_index/parent_prefix_path/traffic_light_map_based_detector
[34.611s] -- Up-to-date symlink: /autoware/install/traffic_light_map_based_detector/share/traffic_light_map_based_detector/environment/ament_prefix_path.sh
[34.611s] -- Up-to-date symlink: /autoware/install/traffic_light_map_based_detector/share/traffic_light_map_based_detector/environment/ament_prefix_path.dsv
[34.612s] -- Up-to-date symlink: /autoware/install/traffic_light_map_based_detector/share/traffic_light_map_based_detector/environment/path.sh
[34.612s] -- Up-to-date symlink: /autoware/install/traffic_light_map_based_detector/share/traffic_light_map_based_detector/environment/path.dsv
[34.612s] -- Up-to-date symlink: /autoware/install/traffic_light_map_based_detector/share/traffic_light_map_based_detector/local_setup.bash
[34.612s] -- Up-to-date symlink: /autoware/install/traffic_light_map_based_detector/share/traffic_light_map_based_detector/local_setup.sh
[34.612s] -- Up-to-date symlink: /autoware/install/traffic_light_map_based_detector/share/traffic_light_map_based_detector/local_setup.zsh
[34.612s] -- Up-to-date symlink: /autoware/install/traffic_light_map_based_detector/share/traffic_light_map_based_detector/local_setup.dsv
[34.612s] -- Symlinking: /autoware/install/traffic_light_map_based_detector/share/traffic_light_map_based_detector/package.dsv
[34.619s] -- Up-to-date symlink: /autoware/install/traffic_light_map_based_detector/share/ament_index/resource_index/packages/traffic_light_map_based_detector
[34.619s] -- Up-to-date symlink: /autoware/install/traffic_light_map_based_detector/share/ament_index/resource_index/rclcpp_components/traffic_light_map_based_detector
[34.619s] -- Up-to-date symlink: /autoware/install/traffic_light_map_based_detector/share/traffic_light_map_based_detector/cmake/ament_cmake_export_dependencies-extras.cmake
[34.619s] -- Up-to-date symlink: /autoware/install/traffic_light_map_based_detector/share/traffic_light_map_based_detector/cmake/ament_cmake_export_include_directories-extras.cmake
[34.620s] -- Up-to-date symlink: /autoware/install/traffic_light_map_based_detector/share/traffic_light_map_based_detector/cmake/ament_cmake_export_libraries-extras.cmake
[34.620s] -- Up-to-date symlink: /autoware/install/traffic_light_map_based_detector/share/traffic_light_map_based_detector/cmake/traffic_light_map_based_detectorConfig.cmake
[34.620s] -- Up-to-date symlink: /autoware/install/traffic_light_map_based_detector/share/traffic_light_map_based_detector/cmake/traffic_light_map_based_detectorConfig-version.cmake
[34.620s] -- Up-to-date symlink: /autoware/install/traffic_light_map_based_detector/share/traffic_light_map_based_detector/package.xml
[34.628s] Invoked command in '/autoware/build/traffic_light_map_based_detector' returned '0': AMENT_PREFIX_PATH=/autoware/install/tier4_autoware_utils:/autoware/install/lanelet2_extension:/autoware/install/autoware_auto_vehicle_msgs:/autoware/install/autoware_utils:/autoware/install/autoware_planning_msgs:/autoware/install/autoware_auto_planning_msgs:/autoware/install/autoware_auto_perception_msgs:/autoware/install/tier4_debug_msgs:/autoware/install/autoware_common_msgs:/autoware/install/autoware_cmake:/autoware/install/autoware_auto_mapping_msgs:/autoware/install/autoware_auto_geometry_msgs:/autoware/install/autoware_lint_common:/autoware/install/ament_cmake_auto:${AMENT_PREFIX_PATH} CMAKE_PREFIX_PATH=/autoware/install/tier4_autoware_utils:/autoware/install/lanelet2_extension:/autoware/install/autoware_auto_vehicle_msgs:/autoware/install/autoware_utils:/autoware/install/autoware_planning_msgs:/autoware/install/autoware_auto_planning_msgs:/autoware/install/autoware_auto_perception_msgs:/autoware/install/tier4_debug_msgs:/autoware/install/autoware_common_msgs:/autoware/install/autoware_cmake:/autoware/install/autoware_auto_mapping_msgs:/autoware/install/autoware_auto_geometry_msgs:/autoware/install/autoware_lint_common:/autoware/install/ament_cmake_auto:/opt/ros/humble LD_LIBRARY_PATH=/autoware/install/tier4_autoware_utils/lib:/autoware/install/lanelet2_extension/lib:/autoware/install/autoware_auto_vehicle_msgs/lib:/autoware/install/autoware_utils/lib:/autoware/install/autoware_planning_msgs/lib:/autoware/install/autoware_auto_planning_msgs/lib:/autoware/install/autoware_auto_perception_msgs/lib:/autoware/install/tier4_debug_msgs/lib:/autoware/install/autoware_common_msgs/lib:/autoware/install/autoware_auto_mapping_msgs/lib:/autoware/install/autoware_auto_geometry_msgs/lib:${LD_LIBRARY_PATH} PYTHONPATH=/autoware/install/autoware_auto_vehicle_msgs/local/lib/python3.10/dist-packages:/autoware/install/autoware_planning_msgs/local/lib/python3.10/dist-packages:/autoware/install/autoware_auto_planning_msgs/local/lib/python3.10/dist-packages:/autoware/install/autoware_auto_perception_msgs/local/lib/python3.10/dist-packages:/autoware/install/tier4_debug_msgs/local/lib/python3.10/dist-packages:/autoware/install/autoware_common_msgs/local/lib/python3.10/dist-packages:/autoware/install/autoware_auto_mapping_msgs/local/lib/python3.10/dist-packages:/autoware/install/autoware_auto_geometry_msgs/local/lib/python3.10/dist-packages:${PYTHONPATH} /usr/bin/cmake --install /autoware/build/traffic_light_map_based_detector
