[0.077s] Invoking command in '/autoware/build/autoware_external_api_msgs': AMENT_PREFIX_PATH=/autoware/install/tier4_external_api_msgs:/autoware/install/autoware_lint_common:/autoware/install/ament_cmake_auto:${AMENT_PREFIX_PATH} CMAKE_PREFIX_PATH=/autoware/install/tier4_external_api_msgs:/autoware/install/autoware_lint_common:/autoware/install/ament_cmake_auto:/opt/ros/humble LD_LIBRARY_PATH=/autoware/install/tier4_external_api_msgs/lib:${LD_LIBRARY_PATH} PYTHONPATH=/autoware/install/tier4_external_api_msgs/local/lib/python3.10/dist-packages:${PYTHONPATH} /usr/bin/cmake --build /autoware/build/autoware_external_api_msgs -- -j64 -l64
[0.187s] Consolidate compiler generated dependencies of target autoware_external_api_msgs__rosidl_generator_c
[0.187s] [  2%] Built target autoware_external_api_msgs__cpp
[0.187s] [ 12%] Built target autoware_external_api_msgs__rosidl_generator_c
[0.187s] [ 12%] Built target ament_cmake_python_symlink_autoware_external_api_msgs
[0.187s] Consolidate compiler generated dependencies of target autoware_external_api_msgs__rosidl_typesupport_cpp
[0.187s] Consolidate compiler generated dependencies of target autoware_external_api_msgs__rosidl_typesupport_fastrtps_cpp
[0.187s] Consolidate compiler generated dependencies of target autoware_external_api_msgs__rosidl_typesupport_c
[0.187s] Consolidate compiler generated dependencies of target autoware_external_api_msgs__rosidl_typesupport_introspection_cpp
[0.187s] Consolidate compiler generated dependencies of target autoware_external_api_msgs__rosidl_typesupport_introspection_c
[0.187s] Consolidate compiler generated dependencies of target autoware_external_api_msgs__rosidl_typesupport_fastrtps_c
[0.187s] [ 33%] Built target autoware_external_api_msgs__rosidl_typesupport_c
[0.188s] [ 33%] Built target autoware_external_api_msgs__rosidl_typesupport_introspection_c
[0.188s] [ 43%] Built target autoware_external_api_msgs__rosidl_typesupport_cpp
[0.188s] [ 53%] Built target autoware_external_api_msgs__rosidl_typesupport_introspection_cpp
[0.188s] [ 64%] Built target autoware_external_api_msgs__rosidl_typesupport_fastrtps_cpp
[0.188s] [ 74%] Built target autoware_external_api_msgs__rosidl_typesupport_fastrtps_c
[0.188s] [ 74%] Built target autoware_external_api_msgs
[0.188s] [ 76%] Built target autoware_external_api_msgs__py
[0.188s] Consolidate compiler generated dependencies of target autoware_external_api_msgs__rosidl_generator_py
[0.188s] [ 84%] Built target autoware_external_api_msgs__rosidl_generator_py
[0.211s] Consolidate compiler generated dependencies of target autoware_external_api_msgs__rosidl_typesupport_fastrtps_c__pyext
[0.211s] Consolidate compiler generated dependencies of target autoware_external_api_msgs__rosidl_typesupport_c__pyext
[0.211s] Consolidate compiler generated dependencies of target autoware_external_api_msgs__rosidl_typesupport_introspection_c__pyext
[0.211s] [ 89%] Built target autoware_external_api_msgs__rosidl_typesupport_fastrtps_c__pyext
[0.211s] [ 94%] Built target autoware_external_api_msgs__rosidl_typesupport_c__pyext
[0.212s] [100%] Built target autoware_external_api_msgs__rosidl_typesupport_introspection_c__pyext
[0.398s] running egg_info
[0.399s] writing autoware_external_api_msgs.egg-info/PKG-INFO
[0.401s] writing dependency_links to autoware_external_api_msgs.egg-info/dependency_links.txt
[0.401s] writing top-level names to autoware_external_api_msgs.egg-info/top_level.txt
[0.402s] reading manifest file 'autoware_external_api_msgs.egg-info/SOURCES.txt'
[0.402s] writing manifest file 'autoware_external_api_msgs.egg-info/SOURCES.txt'
[0.447s] [100%] Built target ament_cmake_python_build_autoware_external_api_msgs_egg
[0.448s] Invoked command in '/autoware/build/autoware_external_api_msgs' returned '0': AMENT_PREFIX_PATH=/autoware/install/tier4_external_api_msgs:/autoware/install/autoware_lint_common:/autoware/install/ament_cmake_auto:${AMENT_PREFIX_PATH} CMAKE_PREFIX_PATH=/autoware/install/tier4_external_api_msgs:/autoware/install/autoware_lint_common:/autoware/install/ament_cmake_auto:/opt/ros/humble LD_LIBRARY_PATH=/autoware/install/tier4_external_api_msgs/lib:${LD_LIBRARY_PATH} PYTHONPATH=/autoware/install/tier4_external_api_msgs/local/lib/python3.10/dist-packages:${PYTHONPATH} /usr/bin/cmake --build /autoware/build/autoware_external_api_msgs -- -j64 -l64
[0.536s] Invoking command in '/autoware/build/autoware_external_api_msgs': AMENT_PREFIX_PATH=/autoware/install/tier4_external_api_msgs:/autoware/install/autoware_lint_common:/autoware/install/ament_cmake_auto:${AMENT_PREFIX_PATH} CMAKE_PREFIX_PATH=/autoware/install/tier4_external_api_msgs:/autoware/install/autoware_lint_common:/autoware/install/ament_cmake_auto:/opt/ros/humble LD_LIBRARY_PATH=/autoware/install/tier4_external_api_msgs/lib:${LD_LIBRARY_PATH} PYTHONPATH=/autoware/install/tier4_external_api_msgs/local/lib/python3.10/dist-packages:${PYTHONPATH} /usr/bin/cmake --install /autoware/build/autoware_external_api_msgs
[0.551s] -- Install configuration: "Release"
[0.552s] -- Execute custom install script
[0.553s] -- Up-to-date symlink: /autoware/install/autoware_external_api_msgs/share/ament_index/resource_index/rosidl_interfaces/autoware_external_api_msgs
[0.554s] -- Up-to-date symlink: /autoware/install/autoware_external_api_msgs/include/autoware_external_api_msgs/autoware_external_api_msgs/msg/detail/response_status__functions.h
[0.555s] -- Up-to-date symlink: /autoware/install/autoware_external_api_msgs/include/autoware_external_api_msgs/autoware_external_api_msgs/msg/detail/response_status__struct.h
[0.556s] -- Up-to-date symlink: /autoware/install/autoware_external_api_msgs/include/autoware_external_api_msgs/autoware_external_api_msgs/msg/detail/response_status__type_support.h
[0.556s] -- Up-to-date symlink: /autoware/install/autoware_external_api_msgs/include/autoware_external_api_msgs/autoware_external_api_msgs/msg/response_status.h
[0.557s] -- Up-to-date symlink: /autoware/install/autoware_external_api_msgs/include/autoware_external_api_msgs/autoware_external_api_msgs/msg/rosidl_generator_c__visibility_control.h
[0.558s] -- Up-to-date symlink: /autoware/install/autoware_external_api_msgs/include/autoware_external_api_msgs/autoware_external_api_msgs/srv/detail/get_version__functions.h
[0.558s] -- Up-to-date symlink: /autoware/install/autoware_external_api_msgs/include/autoware_external_api_msgs/autoware_external_api_msgs/srv/detail/get_version__struct.h
[0.559s] -- Up-to-date symlink: /autoware/install/autoware_external_api_msgs/include/autoware_external_api_msgs/autoware_external_api_msgs/srv/detail/get_version__type_support.h
[0.559s] -- Up-to-date symlink: /autoware/install/autoware_external_api_msgs/include/autoware_external_api_msgs/autoware_external_api_msgs/srv/get_version.h
[0.560s] -- Up-to-date symlink: /autoware/install/autoware_external_api_msgs/share/autoware_external_api_msgs/environment/library_path.sh
[0.560s] -- Up-to-date symlink: /autoware/install/autoware_external_api_msgs/share/autoware_external_api_msgs/environment/library_path.dsv
[0.562s] -- Up-to-date symlink: /autoware/install/autoware_external_api_msgs/include/autoware_external_api_msgs/autoware_external_api_msgs/msg/detail/response_status__rosidl_typesupport_fastrtps_c.h
[0.562s] -- Up-to-date symlink: /autoware/install/autoware_external_api_msgs/include/autoware_external_api_msgs/autoware_external_api_msgs/msg/rosidl_typesupport_fastrtps_c__visibility_control.h
[0.563s] -- Up-to-date symlink: /autoware/install/autoware_external_api_msgs/include/autoware_external_api_msgs/autoware_external_api_msgs/srv/detail/get_version__rosidl_typesupport_fastrtps_c.h
[0.564s] -- Up-to-date symlink: /autoware/install/autoware_external_api_msgs/include/autoware_external_api_msgs/autoware_external_api_msgs/msg/detail/response_status__builder.hpp
[0.565s] -- Up-to-date symlink: /autoware/install/autoware_external_api_msgs/include/autoware_external_api_msgs/autoware_external_api_msgs/msg/detail/response_status__struct.hpp
[0.566s] -- Up-to-date symlink: /autoware/install/autoware_external_api_msgs/include/autoware_external_api_msgs/autoware_external_api_msgs/msg/detail/response_status__traits.hpp
[0.566s] -- Up-to-date symlink: /autoware/install/autoware_external_api_msgs/include/autoware_external_api_msgs/autoware_external_api_msgs/msg/response_status.hpp
[0.567s] -- Up-to-date symlink: /autoware/install/autoware_external_api_msgs/include/autoware_external_api_msgs/autoware_external_api_msgs/srv/detail/get_version__builder.hpp
[0.567s] -- Up-to-date symlink: /autoware/install/autoware_external_api_msgs/include/autoware_external_api_msgs/autoware_external_api_msgs/srv/detail/get_version__struct.hpp
[0.568s] -- Up-to-date symlink: /autoware/install/autoware_external_api_msgs/include/autoware_external_api_msgs/autoware_external_api_msgs/srv/detail/get_version__traits.hpp
[0.569s] -- Up-to-date symlink: /autoware/install/autoware_external_api_msgs/include/autoware_external_api_msgs/autoware_external_api_msgs/srv/get_version.hpp
[0.571s] -- Up-to-date symlink: /autoware/install/autoware_external_api_msgs/include/autoware_external_api_msgs/autoware_external_api_msgs/msg/detail/response_status__rosidl_typesupport_fastrtps_cpp.hpp
[0.571s] -- Up-to-date symlink: /autoware/install/autoware_external_api_msgs/include/autoware_external_api_msgs/autoware_external_api_msgs/msg/rosidl_typesupport_fastrtps_cpp__visibility_control.h
[0.572s] -- Up-to-date symlink: /autoware/install/autoware_external_api_msgs/include/autoware_external_api_msgs/autoware_external_api_msgs/srv/detail/get_version__rosidl_typesupport_fastrtps_cpp.hpp
[0.573s] -- Up-to-date symlink: /autoware/install/autoware_external_api_msgs/include/autoware_external_api_msgs/autoware_external_api_msgs/msg/detail/response_status__rosidl_typesupport_introspection_c.h
[0.574s] -- Up-to-date symlink: /autoware/install/autoware_external_api_msgs/include/autoware_external_api_msgs/autoware_external_api_msgs/msg/rosidl_typesupport_introspection_c__visibility_control.h
[0.575s] -- Up-to-date symlink: /autoware/install/autoware_external_api_msgs/include/autoware_external_api_msgs/autoware_external_api_msgs/srv/detail/get_version__rosidl_typesupport_introspection_c.h
[0.576s] -- Up-to-date symlink: /autoware/install/autoware_external_api_msgs/include/autoware_external_api_msgs/autoware_external_api_msgs/msg/detail/response_status__rosidl_typesupport_introspection_cpp.hpp
[0.577s] -- Up-to-date symlink: /autoware/install/autoware_external_api_msgs/include/autoware_external_api_msgs/autoware_external_api_msgs/srv/detail/get_version__rosidl_typesupport_introspection_cpp.hpp
[0.577s] -- Up-to-date symlink: /autoware/install/autoware_external_api_msgs/share/autoware_external_api_msgs/environment/pythonpath.sh
[0.578s] -- Up-to-date symlink: /autoware/install/autoware_external_api_msgs/share/autoware_external_api_msgs/environment/pythonpath.dsv
[0.581s] -- Up-to-date symlink: /autoware/install/autoware_external_api_msgs/local/lib/python3.10/dist-packages/autoware_external_api_msgs-0.0.0-py3.10.egg-info/PKG-INFO
[0.581s] -- Up-to-date symlink: /autoware/install/autoware_external_api_msgs/local/lib/python3.10/dist-packages/autoware_external_api_msgs-0.0.0-py3.10.egg-info/SOURCES.txt
[0.581s] -- Up-to-date symlink: /autoware/install/autoware_external_api_msgs/local/lib/python3.10/dist-packages/autoware_external_api_msgs-0.0.0-py3.10.egg-info/dependency_links.txt
[0.582s] -- Up-to-date symlink: /autoware/install/autoware_external_api_msgs/local/lib/python3.10/dist-packages/autoware_external_api_msgs-0.0.0-py3.10.egg-info/top_level.txt
[0.584s] -- Up-to-date symlink: /autoware/install/autoware_external_api_msgs/local/lib/python3.10/dist-packages/autoware_external_api_msgs/__init__.py
[0.585s] -- Up-to-date symlink: /autoware/install/autoware_external_api_msgs/local/lib/python3.10/dist-packages/autoware_external_api_msgs/_autoware_external_api_msgs_s.ep.rosidl_typesupport_c.c
[0.585s] -- Up-to-date symlink: /autoware/install/autoware_external_api_msgs/local/lib/python3.10/dist-packages/autoware_external_api_msgs/_autoware_external_api_msgs_s.ep.rosidl_typesupport_fastrtps_c.c
[0.586s] -- Up-to-date symlink: /autoware/install/autoware_external_api_msgs/local/lib/python3.10/dist-packages/autoware_external_api_msgs/_autoware_external_api_msgs_s.ep.rosidl_typesupport_introspection_c.c
[0.586s] -- Up-to-date symlink: /autoware/install/autoware_external_api_msgs/local/lib/python3.10/dist-packages/autoware_external_api_msgs/autoware_external_api_msgs_s__rosidl_typesupport_c.cpython-310-x86_64-linux-gnu.so
[0.587s] -- Up-to-date symlink: /autoware/install/autoware_external_api_msgs/local/lib/python3.10/dist-packages/autoware_external_api_msgs/autoware_external_api_msgs_s__rosidl_typesupport_fastrtps_c.cpython-310-x86_64-linux-gnu.so
[0.588s] -- Up-to-date symlink: /autoware/install/autoware_external_api_msgs/local/lib/python3.10/dist-packages/autoware_external_api_msgs/autoware_external_api_msgs_s__rosidl_typesupport_introspection_c.cpython-310-x86_64-linux-gnu.so
[0.588s] -- Up-to-date symlink: /autoware/install/autoware_external_api_msgs/local/lib/python3.10/dist-packages/autoware_external_api_msgs/libautoware_external_api_msgs__rosidl_generator_py.so
[0.589s] -- Up-to-date symlink: /autoware/install/autoware_external_api_msgs/local/lib/python3.10/dist-packages/autoware_external_api_msgs/msg/__init__.py
[0.590s] -- Up-to-date symlink: /autoware/install/autoware_external_api_msgs/local/lib/python3.10/dist-packages/autoware_external_api_msgs/msg/_response_status.py
[0.590s] -- Up-to-date symlink: /autoware/install/autoware_external_api_msgs/local/lib/python3.10/dist-packages/autoware_external_api_msgs/msg/_response_status_s.c
[0.591s] -- Up-to-date symlink: /autoware/install/autoware_external_api_msgs/local/lib/python3.10/dist-packages/autoware_external_api_msgs/srv/__init__.py
[0.591s] -- Up-to-date symlink: /autoware/install/autoware_external_api_msgs/local/lib/python3.10/dist-packages/autoware_external_api_msgs/srv/_get_version.py
[0.592s] -- Up-to-date symlink: /autoware/install/autoware_external_api_msgs/local/lib/python3.10/dist-packages/autoware_external_api_msgs/srv/_get_version_s.c
[0.593s] -- Up-to-date symlink: /autoware/install/autoware_external_api_msgs/local/lib/python3.10/dist-packages/autoware_external_api_msgs/autoware_external_api_msgs_s__rosidl_typesupport_fastrtps_c.cpython-310-x86_64-linux-gnu.so
[0.594s] -- Up-to-date symlink: /autoware/install/autoware_external_api_msgs/local/lib/python3.10/dist-packages/autoware_external_api_msgs/autoware_external_api_msgs_s__rosidl_typesupport_introspection_c.cpython-310-x86_64-linux-gnu.so
[0.595s] -- Up-to-date symlink: /autoware/install/autoware_external_api_msgs/local/lib/python3.10/dist-packages/autoware_external_api_msgs/autoware_external_api_msgs_s__rosidl_typesupport_c.cpython-310-x86_64-linux-gnu.so
[0.596s] -- Up-to-date symlink: /autoware/install/autoware_external_api_msgs/share/autoware_external_api_msgs/msg/ResponseStatus.idl
[0.597s] -- Up-to-date symlink: /autoware/install/autoware_external_api_msgs/share/autoware_external_api_msgs/srv/GetVersion.idl
[0.598s] -- Up-to-date symlink: /autoware/install/autoware_external_api_msgs/share/autoware_external_api_msgs/msg/ResponseStatus.msg
[0.598s] -- Up-to-date symlink: /autoware/install/autoware_external_api_msgs/share/autoware_external_api_msgs/srv/GetVersion.srv
[0.599s] -- Up-to-date symlink: /autoware/install/autoware_external_api_msgs/share/autoware_external_api_msgs/srv/GetVersion_Request.msg
[0.600s] -- Up-to-date symlink: /autoware/install/autoware_external_api_msgs/share/autoware_external_api_msgs/srv/GetVersion_Response.msg
[0.601s] -- Up-to-date symlink: /autoware/install/autoware_external_api_msgs/share/ament_index/resource_index/package_run_dependencies/autoware_external_api_msgs
[0.602s] -- Up-to-date symlink: /autoware/install/autoware_external_api_msgs/share/ament_index/resource_index/parent_prefix_path/autoware_external_api_msgs
[0.603s] -- Up-to-date symlink: /autoware/install/autoware_external_api_msgs/share/autoware_external_api_msgs/environment/ament_prefix_path.sh
[0.604s] -- Up-to-date symlink: /autoware/install/autoware_external_api_msgs/share/autoware_external_api_msgs/environment/ament_prefix_path.dsv
[0.604s] -- Up-to-date symlink: /autoware/install/autoware_external_api_msgs/share/autoware_external_api_msgs/environment/path.sh
[0.605s] -- Up-to-date symlink: /autoware/install/autoware_external_api_msgs/share/autoware_external_api_msgs/environment/path.dsv
[0.605s] -- Up-to-date symlink: /autoware/install/autoware_external_api_msgs/share/autoware_external_api_msgs/local_setup.bash
[0.606s] -- Up-to-date symlink: /autoware/install/autoware_external_api_msgs/share/autoware_external_api_msgs/local_setup.sh
[0.607s] -- Up-to-date symlink: /autoware/install/autoware_external_api_msgs/share/autoware_external_api_msgs/local_setup.zsh
[0.607s] -- Up-to-date symlink: /autoware/install/autoware_external_api_msgs/share/autoware_external_api_msgs/local_setup.dsv
[0.608s] -- Symlinking: /autoware/install/autoware_external_api_msgs/share/autoware_external_api_msgs/package.dsv
[0.631s] -- Up-to-date symlink: /autoware/install/autoware_external_api_msgs/share/ament_index/resource_index/packages/autoware_external_api_msgs
[0.631s] -- Up-to-date symlink: /autoware/install/autoware_external_api_msgs/share/autoware_external_api_msgs/cmake/rosidl_cmake-extras.cmake
[0.632s] -- Up-to-date symlink: /autoware/install/autoware_external_api_msgs/share/autoware_external_api_msgs/cmake/ament_cmake_export_dependencies-extras.cmake
[0.632s] -- Up-to-date symlink: /autoware/install/autoware_external_api_msgs/share/autoware_external_api_msgs/cmake/ament_cmake_export_include_directories-extras.cmake
[0.633s] -- Up-to-date symlink: /autoware/install/autoware_external_api_msgs/share/autoware_external_api_msgs/cmake/ament_cmake_export_libraries-extras.cmake
[0.633s] -- Up-to-date symlink: /autoware/install/autoware_external_api_msgs/share/autoware_external_api_msgs/cmake/ament_cmake_export_targets-extras.cmake
[0.633s] -- Up-to-date symlink: /autoware/install/autoware_external_api_msgs/share/autoware_external_api_msgs/cmake/rosidl_cmake_export_typesupport_targets-extras.cmake
[0.636s] -- Up-to-date symlink: /autoware/install/autoware_external_api_msgs/share/autoware_external_api_msgs/cmake/rosidl_cmake_export_typesupport_libraries-extras.cmake
[0.636s] -- Up-to-date symlink: /autoware/install/autoware_external_api_msgs/share/autoware_external_api_msgs/cmake/autoware_external_api_msgsConfig.cmake
[0.636s] -- Up-to-date symlink: /autoware/install/autoware_external_api_msgs/share/autoware_external_api_msgs/cmake/autoware_external_api_msgsConfig-version.cmake
[0.636s] -- Up-to-date symlink: /autoware/install/autoware_external_api_msgs/share/autoware_external_api_msgs/package.xml
[0.636s] -- Up-to-date: /autoware/install/autoware_external_api_msgs/lib/libautoware_external_api_msgs__rosidl_generator_c.so
[0.638s] -- Up-to-date: /autoware/install/autoware_external_api_msgs/lib/libautoware_external_api_msgs__rosidl_typesupport_fastrtps_c.so
[0.639s] -- Up-to-date: /autoware/install/autoware_external_api_msgs/lib/libautoware_external_api_msgs__rosidl_typesupport_fastrtps_cpp.so
[0.640s] -- Up-to-date: /autoware/install/autoware_external_api_msgs/lib/libautoware_external_api_msgs__rosidl_typesupport_introspection_c.so
[0.643s] -- Up-to-date: /autoware/install/autoware_external_api_msgs/lib/libautoware_external_api_msgs__rosidl_typesupport_c.so
[0.646s] -- Up-to-date: /autoware/install/autoware_external_api_msgs/lib/libautoware_external_api_msgs__rosidl_typesupport_introspection_cpp.so
[0.650s] -- Up-to-date: /autoware/install/autoware_external_api_msgs/lib/libautoware_external_api_msgs__rosidl_typesupport_cpp.so
[0.708s] Listing '/autoware/install/autoware_external_api_msgs/local/lib/python3.10/dist-packages/autoware_external_api_msgs'...
[0.708s] Listing '/autoware/install/autoware_external_api_msgs/local/lib/python3.10/dist-packages/autoware_external_api_msgs/msg'...
[0.708s] Listing '/autoware/install/autoware_external_api_msgs/local/lib/python3.10/dist-packages/autoware_external_api_msgs/srv'...
[0.713s] -- Up-to-date: /autoware/install/autoware_external_api_msgs/lib/libautoware_external_api_msgs__rosidl_generator_py.so
[0.726s] -- Up-to-date: /autoware/install/autoware_external_api_msgs/share/autoware_external_api_msgs/cmake/export_autoware_external_api_msgs__rosidl_generator_cExport.cmake
[0.726s] -- Up-to-date: /autoware/install/autoware_external_api_msgs/share/autoware_external_api_msgs/cmake/export_autoware_external_api_msgs__rosidl_generator_cExport-release.cmake
[0.726s] -- Up-to-date: /autoware/install/autoware_external_api_msgs/share/autoware_external_api_msgs/cmake/export_autoware_external_api_msgs__rosidl_typesupport_fastrtps_cExport.cmake
[0.727s] -- Up-to-date: /autoware/install/autoware_external_api_msgs/share/autoware_external_api_msgs/cmake/export_autoware_external_api_msgs__rosidl_typesupport_fastrtps_cExport-release.cmake
[0.727s] -- Up-to-date: /autoware/install/autoware_external_api_msgs/share/autoware_external_api_msgs/cmake/export_autoware_external_api_msgs__rosidl_generator_cppExport.cmake
[0.727s] -- Up-to-date: /autoware/install/autoware_external_api_msgs/share/autoware_external_api_msgs/cmake/export_autoware_external_api_msgs__rosidl_typesupport_fastrtps_cppExport.cmake
[0.727s] -- Up-to-date: /autoware/install/autoware_external_api_msgs/share/autoware_external_api_msgs/cmake/export_autoware_external_api_msgs__rosidl_typesupport_fastrtps_cppExport-release.cmake
[0.727s] -- Up-to-date: /autoware/install/autoware_external_api_msgs/share/autoware_external_api_msgs/cmake/autoware_external_api_msgs__rosidl_typesupport_introspection_cExport.cmake
[0.727s] -- Up-to-date: /autoware/install/autoware_external_api_msgs/share/autoware_external_api_msgs/cmake/autoware_external_api_msgs__rosidl_typesupport_introspection_cExport-release.cmake
[0.727s] -- Up-to-date: /autoware/install/autoware_external_api_msgs/share/autoware_external_api_msgs/cmake/autoware_external_api_msgs__rosidl_typesupport_cExport.cmake
[0.727s] -- Up-to-date: /autoware/install/autoware_external_api_msgs/share/autoware_external_api_msgs/cmake/autoware_external_api_msgs__rosidl_typesupport_cExport-release.cmake
[0.727s] -- Up-to-date: /autoware/install/autoware_external_api_msgs/share/autoware_external_api_msgs/cmake/autoware_external_api_msgs__rosidl_typesupport_introspection_cppExport.cmake
[0.727s] -- Up-to-date: /autoware/install/autoware_external_api_msgs/share/autoware_external_api_msgs/cmake/autoware_external_api_msgs__rosidl_typesupport_introspection_cppExport-release.cmake
[0.727s] -- Up-to-date: /autoware/install/autoware_external_api_msgs/share/autoware_external_api_msgs/cmake/autoware_external_api_msgs__rosidl_typesupport_cppExport.cmake
[0.727s] -- Up-to-date: /autoware/install/autoware_external_api_msgs/share/autoware_external_api_msgs/cmake/autoware_external_api_msgs__rosidl_typesupport_cppExport-release.cmake
[0.728s] -- Up-to-date: /autoware/install/autoware_external_api_msgs/share/autoware_external_api_msgs/cmake/export_autoware_external_api_msgs__rosidl_generator_pyExport.cmake
[0.728s] -- Up-to-date: /autoware/install/autoware_external_api_msgs/share/autoware_external_api_msgs/cmake/export_autoware_external_api_msgs__rosidl_generator_pyExport-release.cmake
[0.733s] Invoked command in '/autoware/build/autoware_external_api_msgs' returned '0': AMENT_PREFIX_PATH=/autoware/install/tier4_external_api_msgs:/autoware/install/autoware_lint_common:/autoware/install/ament_cmake_auto:${AMENT_PREFIX_PATH} CMAKE_PREFIX_PATH=/autoware/install/tier4_external_api_msgs:/autoware/install/autoware_lint_common:/autoware/install/ament_cmake_auto:/opt/ros/humble LD_LIBRARY_PATH=/autoware/install/tier4_external_api_msgs/lib:${LD_LIBRARY_PATH} PYTHONPATH=/autoware/install/tier4_external_api_msgs/local/lib/python3.10/dist-packages:${PYTHONPATH} /usr/bin/cmake --install /autoware/build/autoware_external_api_msgs
