-- The C compiler identification is GNU 11.3.0
-- The CXX compiler identification is GNU 11.3.0
-- Detecting C compiler ABI info
-- Detecting C compiler ABI info - done
-- Check for working C compiler: /usr/bin/cc - skipped
-- Detecting C compile features
-- Detecting C compile features - done
-- Detecting CXX compiler ABI info
-- Detecting CXX compiler ABI info - done
-- Check for working CXX compiler: /usr/bin/c++ - skipped
-- Detecting CXX compile features
-- Detecting CXX compile features - done
-- Found autoware_cmake: 0.1.0 (/autoware/install/autoware_cmake/share/autoware_cmake/cmake)
-- Found Python3: /usr/bin/python3.10 (found version "3.10.6") found components: Interpreter 
-- Override CMake install command with custom implementation using symlinks instead of copying resources
-- Found rosidl_generator_c: 3.1.3 (/opt/ros/humble/share/rosidl_generator_c/cmake)
-- Found rosidl_adapter: 3.1.3 (/opt/ros/humble/share/rosidl_adapter/cmake)
-- Found rosidl_generator_cpp: 3.1.3 (/opt/ros/humble/share/rosidl_generator_cpp/cmake)
-- Using all available rosidl_typesupport_c: rosidl_typesupport_fastrtps_c;rosidl_typesupport_introspection_c
-- Using all available rosidl_typesupport_cpp: rosidl_typesupport_fastrtps_cpp;rosidl_typesupport_introspection_cpp
-- Found rmw_implementation_cmake: 6.1.0 (/opt/ros/humble/share/rmw_implementation_cmake/cmake)
-- Found rmw_fastrtps_cpp: 6.2.1 (/opt/ros/humble/share/rmw_fastrtps_cpp/cmake)
-- Found OpenSSL: /usr/lib/x86_64-linux-gnu/libcrypto.so (found version "3.0.2")  
-- Found FastRTPS: /opt/ros/humble/include  
-- Using RMW implementation 'rmw_fastrtps_cpp' as default
-- Found ament_lint_auto: 0.12.4 (/opt/ros/humble/share/ament_lint_auto/cmake)
-- Added test 'copyright' to check source files copyright and LICENSE
-- Added test 'cppcheck' to perform static code analysis on C / C++ code
-- Configured cppcheck include dirs: /autoware/src/universe/autoware.universe/localization/twist2accel/include
-- Configured cppcheck exclude dirs and/or files: 
-- Added test 'lint_cmake' to check CMake code style
-- Added test 'xmllint' to check XML markup files
-- Configuring done
-- Generating done
-- Build files have been written to: /autoware/build/twist2accel
[ 33%] Building CXX object CMakeFiles/twist2accel.dir/src/twist2accel.cpp.o
[ 66%] Building CXX object CMakeFiles/twist2accel.dir/src/twist2accel_node.cpp.o
[100%] Linking CXX executable twist2accel
[100%] Built target twist2accel
-- Install configuration: "Release"
-- Execute custom install script
-- Symlinking: /autoware/install/twist2accel/include/twist2accel/twist2accel.hpp
-- Symlinking: /autoware/install/twist2accel/lib/twist2accel/twist2accel
-- Symlinking: /autoware/install/twist2accel/share/twist2accel/launch/twist2accel.launch.xml
-- Symlinking: /autoware/install/twist2accel/share/ament_index/resource_index/package_run_dependencies/twist2accel
-- Symlinking: /autoware/install/twist2accel/share/ament_index/resource_index/parent_prefix_path/twist2accel
-- Symlinking: /autoware/install/twist2accel/share/twist2accel/environment/ament_prefix_path.sh
-- Symlinking: /autoware/install/twist2accel/share/twist2accel/environment/ament_prefix_path.dsv
-- Symlinking: /autoware/install/twist2accel/share/twist2accel/environment/path.sh
-- Symlinking: /autoware/install/twist2accel/share/twist2accel/environment/path.dsv
-- Symlinking: /autoware/install/twist2accel/share/twist2accel/local_setup.bash
-- Symlinking: /autoware/install/twist2accel/share/twist2accel/local_setup.sh
-- Symlinking: /autoware/install/twist2accel/share/twist2accel/local_setup.zsh
-- Symlinking: /autoware/install/twist2accel/share/twist2accel/local_setup.dsv
-- Symlinking: /autoware/install/twist2accel/share/twist2accel/package.dsv
-- Symlinking: /autoware/install/twist2accel/share/ament_index/resource_index/packages/twist2accel
-- Symlinking: /autoware/install/twist2accel/share/twist2accel/cmake/ament_cmake_export_dependencies-extras.cmake
-- Symlinking: /autoware/install/twist2accel/share/twist2accel/cmake/ament_cmake_export_include_directories-extras.cmake
-- Symlinking: /autoware/install/twist2accel/share/twist2accel/cmake/twist2accelConfig.cmake
-- Symlinking: /autoware/install/twist2accel/share/twist2accel/cmake/twist2accelConfig-version.cmake
-- Symlinking: /autoware/install/twist2accel/share/twist2accel/package.xml
