[0.015s] Invoking command in '/autoware/build/object_range_splitter': AMENT_PREFIX_PATH=/autoware/install/autoware_cmake:/autoware/install/autoware_auto_perception_msgs:/autoware/install/autoware_lint_common:/autoware/install/autoware_auto_geometry_msgs:${AMENT_PREFIX_PATH} CMAKE_PREFIX_PATH=/autoware/install/autoware_cmake:/autoware/install/autoware_auto_perception_msgs:/autoware/install/autoware_lint_common:/autoware/install/autoware_auto_geometry_msgs:/opt/ros/humble LD_LIBRARY_PATH=/autoware/install/autoware_auto_perception_msgs/lib:/autoware/install/autoware_auto_geometry_msgs/lib:${LD_LIBRARY_PATH} PYTHONPATH=/autoware/install/autoware_auto_perception_msgs/local/lib/python3.10/dist-packages:/autoware/install/autoware_auto_geometry_msgs/local/lib/python3.10/dist-packages:${PYTHONPATH} /usr/bin/cmake /autoware/src/universe/autoware.universe/perception/object_range_splitter -DCMAKE_BUILD_TYPE=Release -DAMENT_CMAKE_SYMLINK_INSTALL=1 -DCMAKE_INSTALL_PREFIX=/autoware/install/object_range_splitter
[0.077s] -- The C compiler identification is GNU 11.3.0
[0.150s] -- The CXX compiler identification is GNU 11.3.0
[0.160s] -- Detecting C compiler ABI info
[0.216s] -- Detecting C compiler ABI info - done
[0.223s] -- Check for working C compiler: /usr/bin/cc - skipped
[0.223s] -- Detecting C compile features
[0.223s] -- Detecting C compile features - done
[0.226s] -- Detecting CXX compiler ABI info
[0.310s] -- Detecting CXX compiler ABI info - done
[0.310s] -- Check for working CXX compiler: /usr/bin/c++ - skipped
[0.310s] -- Detecting CXX compile features
[0.310s] -- Detecting CXX compile features - done
[0.310s] -- Found autoware_cmake: 0.1.0 (/autoware/install/autoware_cmake/share/autoware_cmake/cmake)
[0.609s] -- Found Python3: /usr/bin/python3.10 (found version "3.10.6") found components: Interpreter 
[0.727s] -- Override CMake install command with custom implementation using symlinks instead of copying resources
[1.217s] -- Found rosidl_generator_c: 3.1.3 (/opt/ros/humble/share/rosidl_generator_c/cmake)
[1.229s] -- Found rosidl_adapter: 3.1.3 (/opt/ros/humble/share/rosidl_adapter/cmake)
[1.246s] -- Found rosidl_generator_cpp: 3.1.3 (/opt/ros/humble/share/rosidl_generator_cpp/cmake)
[1.272s] -- Using all available rosidl_typesupport_c: rosidl_typesupport_fastrtps_c;rosidl_typesupport_introspection_c
[1.309s] -- Using all available rosidl_typesupport_cpp: rosidl_typesupport_fastrtps_cpp;rosidl_typesupport_introspection_cpp
[2.254s] -- Found rmw_implementation_cmake: 6.1.0 (/opt/ros/humble/share/rmw_implementation_cmake/cmake)
[2.258s] -- Found rmw_fastrtps_cpp: 6.2.1 (/opt/ros/humble/share/rmw_fastrtps_cpp/cmake)
[2.442s] -- Found OpenSSL: /usr/lib/x86_64-linux-gnu/libcrypto.so (found version "3.0.2")  
[2.486s] -- Found FastRTPS: /opt/ros/humble/include  
[2.567s] -- Using RMW implementation 'rmw_fastrtps_cpp' as default
[2.937s] -- Found ament_lint_auto: 0.12.4 (/opt/ros/humble/share/ament_lint_auto/cmake)
[2.969s] -- Added test 'copyright' to check source files copyright and LICENSE
[2.972s] -- Added test 'cppcheck' to perform static code analysis on C / C++ code
[2.972s] -- Configured cppcheck include dirs: /autoware/src/universe/autoware.universe/perception/object_range_splitter/include
[2.972s] -- Configured cppcheck exclude dirs and/or files: 
[2.973s] -- Added test 'lint_cmake' to check CMake code style
[2.974s] -- Added test 'xmllint' to check XML markup files
[2.981s] -- Configuring done
[3.011s] -- Generating done
[3.014s] -- Build files have been written to: /autoware/build/object_range_splitter
[3.030s] Invoked command in '/autoware/build/object_range_splitter' returned '0': AMENT_PREFIX_PATH=/autoware/install/autoware_cmake:/autoware/install/autoware_auto_perception_msgs:/autoware/install/autoware_lint_common:/autoware/install/autoware_auto_geometry_msgs:${AMENT_PREFIX_PATH} CMAKE_PREFIX_PATH=/autoware/install/autoware_cmake:/autoware/install/autoware_auto_perception_msgs:/autoware/install/autoware_lint_common:/autoware/install/autoware_auto_geometry_msgs:/opt/ros/humble LD_LIBRARY_PATH=/autoware/install/autoware_auto_perception_msgs/lib:/autoware/install/autoware_auto_geometry_msgs/lib:${LD_LIBRARY_PATH} PYTHONPATH=/autoware/install/autoware_auto_perception_msgs/local/lib/python3.10/dist-packages:/autoware/install/autoware_auto_geometry_msgs/local/lib/python3.10/dist-packages:${PYTHONPATH} /usr/bin/cmake /autoware/src/universe/autoware.universe/perception/object_range_splitter -DCMAKE_BUILD_TYPE=Release -DAMENT_CMAKE_SYMLINK_INSTALL=1 -DCMAKE_INSTALL_PREFIX=/autoware/install/object_range_splitter
[3.030s] Invoking command in '/autoware/build/object_range_splitter': AMENT_PREFIX_PATH=/autoware/install/autoware_cmake:/autoware/install/autoware_auto_perception_msgs:/autoware/install/autoware_lint_common:/autoware/install/autoware_auto_geometry_msgs:${AMENT_PREFIX_PATH} CMAKE_PREFIX_PATH=/autoware/install/autoware_cmake:/autoware/install/autoware_auto_perception_msgs:/autoware/install/autoware_lint_common:/autoware/install/autoware_auto_geometry_msgs:/opt/ros/humble LD_LIBRARY_PATH=/autoware/install/autoware_auto_perception_msgs/lib:/autoware/install/autoware_auto_geometry_msgs/lib:${LD_LIBRARY_PATH} PYTHONPATH=/autoware/install/autoware_auto_perception_msgs/local/lib/python3.10/dist-packages:/autoware/install/autoware_auto_geometry_msgs/local/lib/python3.10/dist-packages:${PYTHONPATH} /usr/bin/cmake --build /autoware/build/object_range_splitter -- -j64 -l64
[3.187s] [ 25%] Building CXX object CMakeFiles/object_range_splitter.dir/src/node.cpp.o
[3.197s] [ 50%] Building CXX object CMakeFiles/object_range_splitter_node.dir/rclcpp_components/node_main_object_range_splitter_node.cpp.o
[7.113s] [ 75%] Linking CXX executable object_range_splitter_node
[7.255s] [ 75%] Built target object_range_splitter_node
[15.815s] [100%] Linking CXX shared library libobject_range_splitter.so
[15.976s] [100%] Built target object_range_splitter
[15.989s] Invoked command in '/autoware/build/object_range_splitter' returned '0': AMENT_PREFIX_PATH=/autoware/install/autoware_cmake:/autoware/install/autoware_auto_perception_msgs:/autoware/install/autoware_lint_common:/autoware/install/autoware_auto_geometry_msgs:${AMENT_PREFIX_PATH} CMAKE_PREFIX_PATH=/autoware/install/autoware_cmake:/autoware/install/autoware_auto_perception_msgs:/autoware/install/autoware_lint_common:/autoware/install/autoware_auto_geometry_msgs:/opt/ros/humble LD_LIBRARY_PATH=/autoware/install/autoware_auto_perception_msgs/lib:/autoware/install/autoware_auto_geometry_msgs/lib:${LD_LIBRARY_PATH} PYTHONPATH=/autoware/install/autoware_auto_perception_msgs/local/lib/python3.10/dist-packages:/autoware/install/autoware_auto_geometry_msgs/local/lib/python3.10/dist-packages:${PYTHONPATH} /usr/bin/cmake --build /autoware/build/object_range_splitter -- -j64 -l64
[16.017s] Invoking command in '/autoware/build/object_range_splitter': AMENT_PREFIX_PATH=/autoware/install/autoware_cmake:/autoware/install/autoware_auto_perception_msgs:/autoware/install/autoware_lint_common:/autoware/install/autoware_auto_geometry_msgs:${AMENT_PREFIX_PATH} CMAKE_PREFIX_PATH=/autoware/install/autoware_cmake:/autoware/install/autoware_auto_perception_msgs:/autoware/install/autoware_lint_common:/autoware/install/autoware_auto_geometry_msgs:/opt/ros/humble LD_LIBRARY_PATH=/autoware/install/autoware_auto_perception_msgs/lib:/autoware/install/autoware_auto_geometry_msgs/lib:${LD_LIBRARY_PATH} PYTHONPATH=/autoware/install/autoware_auto_perception_msgs/local/lib/python3.10/dist-packages:/autoware/install/autoware_auto_geometry_msgs/local/lib/python3.10/dist-packages:${PYTHONPATH} /usr/bin/cmake --install /autoware/build/object_range_splitter
[16.026s] -- Install configuration: "Release"
[16.027s] -- Execute custom install script
[16.028s] -- Symlinking: /autoware/install/object_range_splitter/lib/object_range_splitter/object_range_splitter_node
[16.038s] -- Symlinking: /autoware/install/object_range_splitter/include/object_range_splitter/node.hpp
[16.046s] -- Symlinking: /autoware/install/object_range_splitter/share/object_range_splitter/environment/library_path.sh
[16.055s] -- Symlinking: /autoware/install/object_range_splitter/share/object_range_splitter/environment/library_path.dsv
[16.064s] -- Symlinking: /autoware/install/object_range_splitter/lib/libobject_range_splitter.so
[16.073s] -- Symlinking: /autoware/install/object_range_splitter/share/object_range_splitter/launch/object_range_splitter.launch.xml
[16.082s] -- Symlinking: /autoware/install/object_range_splitter/share/ament_index/resource_index/package_run_dependencies/object_range_splitter
[16.090s] -- Symlinking: /autoware/install/object_range_splitter/share/ament_index/resource_index/parent_prefix_path/object_range_splitter
[16.097s] -- Symlinking: /autoware/install/object_range_splitter/share/object_range_splitter/environment/ament_prefix_path.sh
[16.104s] -- Symlinking: /autoware/install/object_range_splitter/share/object_range_splitter/environment/ament_prefix_path.dsv
[16.111s] -- Symlinking: /autoware/install/object_range_splitter/share/object_range_splitter/environment/path.sh
[16.121s] -- Symlinking: /autoware/install/object_range_splitter/share/object_range_splitter/environment/path.dsv
[16.128s] -- Symlinking: /autoware/install/object_range_splitter/share/object_range_splitter/local_setup.bash
[16.135s] -- Symlinking: /autoware/install/object_range_splitter/share/object_range_splitter/local_setup.sh
[16.147s] -- Symlinking: /autoware/install/object_range_splitter/share/object_range_splitter/local_setup.zsh
[16.158s] -- Symlinking: /autoware/install/object_range_splitter/share/object_range_splitter/local_setup.dsv
[16.168s] -- Symlinking: /autoware/install/object_range_splitter/share/object_range_splitter/package.dsv
[16.175s] -- Symlinking: /autoware/install/object_range_splitter/share/ament_index/resource_index/packages/object_range_splitter
[16.182s] -- Symlinking: /autoware/install/object_range_splitter/share/ament_index/resource_index/rclcpp_components/object_range_splitter
[16.189s] -- Symlinking: /autoware/install/object_range_splitter/share/object_range_splitter/cmake/ament_cmake_export_dependencies-extras.cmake
[16.198s] -- Symlinking: /autoware/install/object_range_splitter/share/object_range_splitter/cmake/ament_cmake_export_include_directories-extras.cmake
[16.208s] -- Symlinking: /autoware/install/object_range_splitter/share/object_range_splitter/cmake/ament_cmake_export_libraries-extras.cmake
[16.215s] -- Symlinking: /autoware/install/object_range_splitter/share/object_range_splitter/cmake/object_range_splitterConfig.cmake
[16.221s] -- Symlinking: /autoware/install/object_range_splitter/share/object_range_splitter/cmake/object_range_splitterConfig-version.cmake
[16.228s] -- Symlinking: /autoware/install/object_range_splitter/share/object_range_splitter/package.xml
[16.247s] Invoked command in '/autoware/build/object_range_splitter' returned '0': AMENT_PREFIX_PATH=/autoware/install/autoware_cmake:/autoware/install/autoware_auto_perception_msgs:/autoware/install/autoware_lint_common:/autoware/install/autoware_auto_geometry_msgs:${AMENT_PREFIX_PATH} CMAKE_PREFIX_PATH=/autoware/install/autoware_cmake:/autoware/install/autoware_auto_perception_msgs:/autoware/install/autoware_lint_common:/autoware/install/autoware_auto_geometry_msgs:/opt/ros/humble LD_LIBRARY_PATH=/autoware/install/autoware_auto_perception_msgs/lib:/autoware/install/autoware_auto_geometry_msgs/lib:${LD_LIBRARY_PATH} PYTHONPATH=/autoware/install/autoware_auto_perception_msgs/local/lib/python3.10/dist-packages:/autoware/install/autoware_auto_geometry_msgs/local/lib/python3.10/dist-packages:${PYTHONPATH} /usr/bin/cmake --install /autoware/build/object_range_splitter
