[0.020s] Invoking command in '/autoware/build/automatic_pose_initializer': AMENT_PREFIX_PATH=/autoware/install/component_interface_utils:/autoware/install/tier4_system_msgs:/autoware/install/autoware_ad_api_specs:/autoware/install/autoware_common_msgs:/autoware/install/autoware_cmake:/autoware/install/autoware_adapi_v1_msgs:/autoware/install/autoware_lint_common:/autoware/install/ament_cmake_auto:${AMENT_PREFIX_PATH} CMAKE_PREFIX_PATH=/autoware/install/component_interface_utils:/autoware/install/tier4_system_msgs:/autoware/install/autoware_ad_api_specs:/autoware/install/autoware_common_msgs:/autoware/install/autoware_cmake:/autoware/install/autoware_adapi_v1_msgs:/autoware/install/autoware_lint_common:/autoware/install/ament_cmake_auto:/opt/ros/humble LD_LIBRARY_PATH=/autoware/install/tier4_system_msgs/lib:/autoware/install/autoware_common_msgs/lib:/autoware/install/autoware_adapi_v1_msgs/lib:${LD_LIBRARY_PATH} PYTHONPATH=/autoware/install/tier4_system_msgs/local/lib/python3.10/dist-packages:/autoware/install/autoware_common_msgs/local/lib/python3.10/dist-packages:/autoware/install/autoware_adapi_v1_msgs/local/lib/python3.10/dist-packages:${PYTHONPATH} /usr/bin/cmake --build /autoware/build/automatic_pose_initializer -- -j64 -l64
[0.044s] -- Found autoware_cmake: 0.1.0 (/autoware/install/autoware_cmake/share/autoware_cmake/cmake)
[0.045s] -- Found ament_cmake_auto: 1.3.2 (/opt/ros/humble/share/ament_cmake_auto/cmake)
[0.180s] -- Override CMake install command with custom implementation using symlinks instead of copying resources
[0.274s] -- Found rosidl_generator_c: 3.1.3 (/opt/ros/humble/share/rosidl_generator_c/cmake)
[0.276s] -- Found rosidl_adapter: 3.1.3 (/opt/ros/humble/share/rosidl_adapter/cmake)
[0.282s] -- Found rosidl_generator_cpp: 3.1.3 (/opt/ros/humble/share/rosidl_generator_cpp/cmake)
[0.318s] -- Using all available rosidl_typesupport_c: rosidl_typesupport_fastrtps_c;rosidl_typesupport_introspection_c
[0.318s] -- Using all available rosidl_typesupport_cpp: rosidl_typesupport_fastrtps_cpp;rosidl_typesupport_introspection_cpp
[0.692s] -- Found rmw_implementation_cmake: 6.1.0 (/opt/ros/humble/share/rmw_implementation_cmake/cmake)
[0.693s] -- Found rmw_fastrtps_cpp: 6.2.1 (/opt/ros/humble/share/rmw_fastrtps_cpp/cmake)
[0.814s] -- Using RMW implementation 'rmw_fastrtps_cpp' as default
[0.991s] -- Found ament_lint_auto: 0.12.4 (/opt/ros/humble/share/ament_lint_auto/cmake)
[1.049s] -- Added test 'copyright' to check source files copyright and LICENSE
[1.050s] -- Added test 'cppcheck' to perform static code analysis on C / C++ code
[1.050s] -- Configured cppcheck include dirs: 
[1.050s] -- Configured cppcheck exclude dirs and/or files: 
[1.051s] -- Added test 'lint_cmake' to check CMake code style
[1.051s] -- Added test 'xmllint' to check XML markup files
[1.053s] -- Configuring done
[1.078s] -- Generating done
[1.080s] -- Build files have been written to: /autoware/build/automatic_pose_initializer
[1.105s] Consolidate compiler generated dependencies of target automatic_pose_initializer
[1.142s] [100%] Built target automatic_pose_initializer
[1.143s] Invoked command in '/autoware/build/automatic_pose_initializer' returned '0': AMENT_PREFIX_PATH=/autoware/install/component_interface_utils:/autoware/install/tier4_system_msgs:/autoware/install/autoware_ad_api_specs:/autoware/install/autoware_common_msgs:/autoware/install/autoware_cmake:/autoware/install/autoware_adapi_v1_msgs:/autoware/install/autoware_lint_common:/autoware/install/ament_cmake_auto:${AMENT_PREFIX_PATH} CMAKE_PREFIX_PATH=/autoware/install/component_interface_utils:/autoware/install/tier4_system_msgs:/autoware/install/autoware_ad_api_specs:/autoware/install/autoware_common_msgs:/autoware/install/autoware_cmake:/autoware/install/autoware_adapi_v1_msgs:/autoware/install/autoware_lint_common:/autoware/install/ament_cmake_auto:/opt/ros/humble LD_LIBRARY_PATH=/autoware/install/tier4_system_msgs/lib:/autoware/install/autoware_common_msgs/lib:/autoware/install/autoware_adapi_v1_msgs/lib:${LD_LIBRARY_PATH} PYTHONPATH=/autoware/install/tier4_system_msgs/local/lib/python3.10/dist-packages:/autoware/install/autoware_common_msgs/local/lib/python3.10/dist-packages:/autoware/install/autoware_adapi_v1_msgs/local/lib/python3.10/dist-packages:${PYTHONPATH} /usr/bin/cmake --build /autoware/build/automatic_pose_initializer -- -j64 -l64
[1.160s] Invoking command in '/autoware/build/automatic_pose_initializer': AMENT_PREFIX_PATH=/autoware/install/component_interface_utils:/autoware/install/tier4_system_msgs:/autoware/install/autoware_ad_api_specs:/autoware/install/autoware_common_msgs:/autoware/install/autoware_cmake:/autoware/install/autoware_adapi_v1_msgs:/autoware/install/autoware_lint_common:/autoware/install/ament_cmake_auto:${AMENT_PREFIX_PATH} CMAKE_PREFIX_PATH=/autoware/install/component_interface_utils:/autoware/install/tier4_system_msgs:/autoware/install/autoware_ad_api_specs:/autoware/install/autoware_common_msgs:/autoware/install/autoware_cmake:/autoware/install/autoware_adapi_v1_msgs:/autoware/install/autoware_lint_common:/autoware/install/ament_cmake_auto:/opt/ros/humble LD_LIBRARY_PATH=/autoware/install/tier4_system_msgs/lib:/autoware/install/autoware_common_msgs/lib:/autoware/install/autoware_adapi_v1_msgs/lib:${LD_LIBRARY_PATH} PYTHONPATH=/autoware/install/tier4_system_msgs/local/lib/python3.10/dist-packages:/autoware/install/autoware_common_msgs/local/lib/python3.10/dist-packages:/autoware/install/autoware_adapi_v1_msgs/local/lib/python3.10/dist-packages:${PYTHONPATH} /usr/bin/cmake --install /autoware/build/automatic_pose_initializer
[1.165s] -- Install configuration: "Release"
[1.165s] -- Execute custom install script
[1.166s] -- Up-to-date symlink: /autoware/install/automatic_pose_initializer/lib/automatic_pose_initializer/automatic_pose_initializer
[1.166s] -- Up-to-date symlink: /autoware/install/automatic_pose_initializer/share/automatic_pose_initializer/launch/automatic_pose_initializer.launch.xml
[1.166s] -- Up-to-date symlink: /autoware/install/automatic_pose_initializer/share/ament_index/resource_index/package_run_dependencies/automatic_pose_initializer
[1.166s] -- Up-to-date symlink: /autoware/install/automatic_pose_initializer/share/ament_index/resource_index/parent_prefix_path/automatic_pose_initializer
[1.167s] -- Up-to-date symlink: /autoware/install/automatic_pose_initializer/share/automatic_pose_initializer/environment/ament_prefix_path.sh
[1.167s] -- Up-to-date symlink: /autoware/install/automatic_pose_initializer/share/automatic_pose_initializer/environment/ament_prefix_path.dsv
[1.167s] -- Up-to-date symlink: /autoware/install/automatic_pose_initializer/share/automatic_pose_initializer/environment/path.sh
[1.167s] -- Up-to-date symlink: /autoware/install/automatic_pose_initializer/share/automatic_pose_initializer/environment/path.dsv
[1.167s] -- Up-to-date symlink: /autoware/install/automatic_pose_initializer/share/automatic_pose_initializer/local_setup.bash
[1.167s] -- Up-to-date symlink: /autoware/install/automatic_pose_initializer/share/automatic_pose_initializer/local_setup.sh
[1.167s] -- Up-to-date symlink: /autoware/install/automatic_pose_initializer/share/automatic_pose_initializer/local_setup.zsh
[1.167s] -- Up-to-date symlink: /autoware/install/automatic_pose_initializer/share/automatic_pose_initializer/local_setup.dsv
[1.167s] -- Symlinking: /autoware/install/automatic_pose_initializer/share/automatic_pose_initializer/package.dsv
[1.173s] -- Up-to-date symlink: /autoware/install/automatic_pose_initializer/share/ament_index/resource_index/packages/automatic_pose_initializer
[1.173s] -- Up-to-date symlink: /autoware/install/automatic_pose_initializer/share/automatic_pose_initializer/cmake/ament_cmake_export_dependencies-extras.cmake
[1.173s] -- Up-to-date symlink: /autoware/install/automatic_pose_initializer/share/automatic_pose_initializer/cmake/automatic_pose_initializerConfig.cmake
[1.174s] -- Up-to-date symlink: /autoware/install/automatic_pose_initializer/share/automatic_pose_initializer/cmake/automatic_pose_initializerConfig-version.cmake
[1.174s] -- Up-to-date symlink: /autoware/install/automatic_pose_initializer/share/automatic_pose_initializer/package.xml
[1.175s] Invoked command in '/autoware/build/automatic_pose_initializer' returned '0': AMENT_PREFIX_PATH=/autoware/install/component_interface_utils:/autoware/install/tier4_system_msgs:/autoware/install/autoware_ad_api_specs:/autoware/install/autoware_common_msgs:/autoware/install/autoware_cmake:/autoware/install/autoware_adapi_v1_msgs:/autoware/install/autoware_lint_common:/autoware/install/ament_cmake_auto:${AMENT_PREFIX_PATH} CMAKE_PREFIX_PATH=/autoware/install/component_interface_utils:/autoware/install/tier4_system_msgs:/autoware/install/autoware_ad_api_specs:/autoware/install/autoware_common_msgs:/autoware/install/autoware_cmake:/autoware/install/autoware_adapi_v1_msgs:/autoware/install/autoware_lint_common:/autoware/install/ament_cmake_auto:/opt/ros/humble LD_LIBRARY_PATH=/autoware/install/tier4_system_msgs/lib:/autoware/install/autoware_common_msgs/lib:/autoware/install/autoware_adapi_v1_msgs/lib:${LD_LIBRARY_PATH} PYTHONPATH=/autoware/install/tier4_system_msgs/local/lib/python3.10/dist-packages:/autoware/install/autoware_common_msgs/local/lib/python3.10/dist-packages:/autoware/install/autoware_adapi_v1_msgs/local/lib/python3.10/dist-packages:${PYTHONPATH} /usr/bin/cmake --install /autoware/build/automatic_pose_initializer
