-- The C compiler identification is GNU 11.3.0
-- The CXX compiler identification is GNU 11.3.0
-- Detecting C compiler ABI info
-- Detecting C compiler ABI info - done
-- Check for working C compiler: /usr/bin/cc - skipped
-- Detecting C compile features
-- Detecting C compile features - done
-- Detecting CXX compiler ABI info
-- Detecting CXX compiler ABI info - done
-- Check for working CXX compiler: /usr/bin/c++ - skipped
-- Detecting CXX compile features
-- Detecting CXX compile features - done
-- Found autoware_cmake: 0.1.0 (/autoware/install/autoware_cmake/share/autoware_cmake/cmake)
-- Found Python3: /usr/bin/python3.10 (found version "3.10.6") found components: Interpreter 
-- Override CMake install command with custom implementation using symlinks instead of copying resources
-- Found rosidl_generator_c: 3.1.3 (/opt/ros/humble/share/rosidl_generator_c/cmake)
-- Found rosidl_adapter: 3.1.3 (/opt/ros/humble/share/rosidl_adapter/cmake)
-- Found rosidl_generator_cpp: 3.1.3 (/opt/ros/humble/share/rosidl_generator_cpp/cmake)
-- Using all available rosidl_typesupport_c: rosidl_typesupport_fastrtps_c;rosidl_typesupport_introspection_c
-- Using all available rosidl_typesupport_cpp: rosidl_typesupport_fastrtps_cpp;rosidl_typesupport_introspection_cpp
-- Found rmw_implementation_cmake: 6.1.0 (/opt/ros/humble/share/rmw_implementation_cmake/cmake)
-- Found rmw_fastrtps_cpp: 6.2.1 (/opt/ros/humble/share/rmw_fastrtps_cpp/cmake)
-- Found OpenSSL: /usr/lib/x86_64-linux-gnu/libcrypto.so (found version "3.0.2")  
-- Found FastRTPS: /opt/ros/humble/include  
-- Using RMW implementation 'rmw_fastrtps_cpp' as default
-- Found eigen3_cmake_module: 0.1.1 (/opt/ros/humble/share/eigen3_cmake_module/cmake)
-- Found Eigen3: TRUE (found version "3.4.0") 
-- Ensuring Eigen3 include directory is part of orocos-kdl CMake target
-- Found ament_lint_auto: 0.12.4 (/opt/ros/humble/share/ament_lint_auto/cmake)
-- Found PkgConfig: /usr/bin/pkg-config (found version "0.29.2") 
-- Added test 'copyright' to check source files copyright and LICENSE
-- Added test 'cppcheck' to perform static code analysis on C / C++ code
-- Configured cppcheck include dirs: /autoware/src/universe/autoware.universe/sensing/gnss_poser/include
-- Configured cppcheck exclude dirs and/or files: 
-- Added test 'lint_cmake' to check CMake code style
-- Added test 'xmllint' to check XML markup files
-- Configuring done
-- Generating done
-- Build files have been written to: /autoware/build/gnss_poser
[ 50%] Building CXX object CMakeFiles/gnss_poser.dir/rclcpp_components/node_main_gnss_poser.cpp.o
[ 50%] Building CXX object CMakeFiles/gnss_poser_node.dir/src/gnss_poser_core.cpp.o
[ 75%] Linking CXX executable gnss_poser
[ 75%] Built target gnss_poser
[100%] Linking CXX shared library libgnss_poser_node.so
[100%] Built target gnss_poser_node
-- Install configuration: "Release"
-- Execute custom install script
-- Symlinking: /autoware/install/gnss_poser/lib/gnss_poser/gnss_poser
-- Symlinking: /autoware/install/gnss_poser/include/gnss_poser/convert.hpp
-- Symlinking: /autoware/install/gnss_poser/include/gnss_poser/gnss_poser_core.hpp
-- Symlinking: /autoware/install/gnss_poser/include/gnss_poser/gnss_stat.hpp
-- Symlinking: /autoware/install/gnss_poser/share/gnss_poser/environment/library_path.sh
-- Symlinking: /autoware/install/gnss_poser/share/gnss_poser/environment/library_path.dsv
-- Symlinking: /autoware/install/gnss_poser/lib/libgnss_poser_node.so
-- Symlinking: /autoware/install/gnss_poser/share/gnss_poser/launch/gnss_poser.launch.xml
-- Symlinking: /autoware/install/gnss_poser/share/gnss_poser/config/set_local_origin.param.yaml
-- Symlinking: /autoware/install/gnss_poser/share/ament_index/resource_index/package_run_dependencies/gnss_poser
-- Symlinking: /autoware/install/gnss_poser/share/ament_index/resource_index/parent_prefix_path/gnss_poser
-- Symlinking: /autoware/install/gnss_poser/share/gnss_poser/environment/ament_prefix_path.sh
-- Symlinking: /autoware/install/gnss_poser/share/gnss_poser/environment/ament_prefix_path.dsv
-- Symlinking: /autoware/install/gnss_poser/share/gnss_poser/environment/path.sh
-- Symlinking: /autoware/install/gnss_poser/share/gnss_poser/environment/path.dsv
-- Symlinking: /autoware/install/gnss_poser/share/gnss_poser/local_setup.bash
-- Symlinking: /autoware/install/gnss_poser/share/gnss_poser/local_setup.sh
-- Symlinking: /autoware/install/gnss_poser/share/gnss_poser/local_setup.zsh
-- Symlinking: /autoware/install/gnss_poser/share/gnss_poser/local_setup.dsv
-- Symlinking: /autoware/install/gnss_poser/share/gnss_poser/package.dsv
-- Symlinking: /autoware/install/gnss_poser/share/ament_index/resource_index/packages/gnss_poser
-- Symlinking: /autoware/install/gnss_poser/share/ament_index/resource_index/rclcpp_components/gnss_poser
-- Symlinking: /autoware/install/gnss_poser/share/gnss_poser/cmake/ament_cmake_export_dependencies-extras.cmake
-- Symlinking: /autoware/install/gnss_poser/share/gnss_poser/cmake/ament_cmake_export_include_directories-extras.cmake
-- Symlinking: /autoware/install/gnss_poser/share/gnss_poser/cmake/ament_cmake_export_libraries-extras.cmake
-- Symlinking: /autoware/install/gnss_poser/share/gnss_poser/cmake/gnss_poserConfig.cmake
-- Symlinking: /autoware/install/gnss_poser/share/gnss_poser/cmake/gnss_poserConfig-version.cmake
-- Symlinking: /autoware/install/gnss_poser/share/gnss_poser/package.xml
