-- The C compiler identification is GNU 11.3.0
-- The CXX compiler identification is GNU 11.3.0
-- Detecting C compiler ABI info
-- Detecting C compiler ABI info - done
-- Check for working C compiler: /usr/bin/cc - skipped
-- Detecting C compile features
-- Detecting C compile features - done
-- Detecting CXX compiler ABI info
-- Detecting CXX compiler ABI info - done
-- Check for working CXX compiler: /usr/bin/c++ - skipped
-- Detecting CXX compile features
-- Detecting CXX compile features - done
-- Found autoware_cmake: 0.1.0 (/autoware/install/autoware_cmake/share/autoware_cmake/cmake)
-- Found Python3: /usr/bin/python3.10 (found version "3.10.6") found components: Interpreter 
-- Override CMake install command with custom implementation using symlinks instead of copying resources
-- Found rosidl_generator_c: 3.1.3 (/opt/ros/humble/share/rosidl_generator_c/cmake)
-- Found rosidl_adapter: 3.1.3 (/opt/ros/humble/share/rosidl_adapter/cmake)
-- Found rosidl_generator_cpp: 3.1.3 (/opt/ros/humble/share/rosidl_generator_cpp/cmake)
-- Using all available rosidl_typesupport_c: rosidl_typesupport_fastrtps_c;rosidl_typesupport_introspection_c
-- Using all available rosidl_typesupport_cpp: rosidl_typesupport_fastrtps_cpp;rosidl_typesupport_introspection_cpp
-- Found rmw_implementation_cmake: 6.1.0 (/opt/ros/humble/share/rmw_implementation_cmake/cmake)
-- Found rmw_fastrtps_cpp: 6.2.1 (/opt/ros/humble/share/rmw_fastrtps_cpp/cmake)
-- Found OpenSSL: /usr/lib/x86_64-linux-gnu/libcrypto.so (found version "3.0.2")  
-- Found FastRTPS: /opt/ros/humble/include  
-- Using RMW implementation 'rmw_fastrtps_cpp' as default
-- Found ament_lint_auto: 0.12.4 (/opt/ros/humble/share/ament_lint_auto/cmake)
-- Found OpenCV: /usr (found version "4.5.4") 
CUDA_TOOLKIT_ROOT_DIR not found or specified
-- Could NOT find CUDA (missing: CUDA_TOOLKIT_ROOT_DIR CUDA_NVCC_EXECUTABLE CUDA_INCLUDE_DIRS CUDA_CUDART_LIBRARY) 
CUDA NOT FOUND
TensorRT is NOT Available
CUDNN is NOT Available
-- Checking and downloading yolov3.onnx
-- start yolov3.onnx
-- not found yolov3.onnx
-- File doesn't exists. Downloading now ...
-- Download completed successfully!
-- Checking and downloading yolov4.onnx
-- start yolov4.onnx
-- not found yolov4.onnx
-- File doesn't exists. Downloading now ...
-- Download completed successfully!
-- Checking and downloading yolov4-tiny.onnx
-- start yolov4-tiny.onnx
-- not found yolov4-tiny.onnx
-- File doesn't exists. Downloading now ...
-- Download completed successfully!
-- Checking and downloading yolov5s.onnx
-- start yolov5s.onnx
-- not found yolov5s.onnx
-- File doesn't exists. Downloading now ...
-- Download completed successfully!
-- Checking and downloading yolov5m.onnx
-- start yolov5m.onnx
-- not found yolov5m.onnx
-- File doesn't exists. Downloading now ...
-- Download completed successfully!
-- Checking and downloading yolov5l.onnx
-- start yolov5l.onnx
-- not found yolov5l.onnx
-- File doesn't exists. Downloading now ...
-- Download completed successfully!
-- Checking and downloading yolov5x.onnx
-- start yolov5x.onnx
-- not found yolov5x.onnx
-- File doesn't exists. Downloading now ...
-- Download completed successfully!
-- Checking and downloading coco.names
-- start coco.names
-- not found coco.names
-- File doesn't exists. Downloading now ...
-- Download completed successfully!
TensorrtYolo won't be built, CUDA and/or TensorRT were not found.
-- Added test 'copyright' to check source files copyright and LICENSE
-- Added test 'cppcheck' to perform static code analysis on C / C++ code
-- Configured cppcheck include dirs: 
-- Configured cppcheck exclude dirs and/or files: 
-- Added test 'lint_cmake' to check CMake code style
-- Added test 'xmllint' to check XML markup files
-- Configuring done
-- Generating done
-- Build files have been written to: /autoware/build/tensorrt_yolo
-- Install configuration: "Release"
-- Execute custom install script
-- Symlinking: /autoware/install/tensorrt_yolo/include/tensorrt_yolo/nodelet.hpp
-- Symlinking: /autoware/install/tensorrt_yolo/share/tensorrt_yolo/config/yolov3.param.yaml
-- Symlinking: /autoware/install/tensorrt_yolo/share/tensorrt_yolo/config/yolov4-tiny.param.yaml
-- Symlinking: /autoware/install/tensorrt_yolo/share/tensorrt_yolo/config/yolov4.param.yaml
-- Symlinking: /autoware/install/tensorrt_yolo/share/tensorrt_yolo/config/yolov5l.param.yaml
-- Symlinking: /autoware/install/tensorrt_yolo/share/tensorrt_yolo/config/yolov5m.param.yaml
-- Symlinking: /autoware/install/tensorrt_yolo/share/tensorrt_yolo/config/yolov5s.param.yaml
-- Symlinking: /autoware/install/tensorrt_yolo/share/tensorrt_yolo/config/yolov5x.param.yaml
-- Symlinking: /autoware/install/tensorrt_yolo/share/tensorrt_yolo/data/coco.names
-- Symlinking: /autoware/install/tensorrt_yolo/share/tensorrt_yolo/data/yolov3.onnx
-- Symlinking: /autoware/install/tensorrt_yolo/share/tensorrt_yolo/data/yolov4-tiny.onnx
-- Symlinking: /autoware/install/tensorrt_yolo/share/tensorrt_yolo/data/yolov4.onnx
-- Symlinking: /autoware/install/tensorrt_yolo/share/tensorrt_yolo/data/yolov5l.onnx
-- Symlinking: /autoware/install/tensorrt_yolo/share/tensorrt_yolo/data/yolov5m.onnx
-- Symlinking: /autoware/install/tensorrt_yolo/share/tensorrt_yolo/data/yolov5s.onnx
-- Symlinking: /autoware/install/tensorrt_yolo/share/tensorrt_yolo/data/yolov5x.onnx
-- Symlinking: /autoware/install/tensorrt_yolo/share/tensorrt_yolo/launch/tensorrt_yolo.launch.xml
-- Symlinking: /autoware/install/tensorrt_yolo/share/tensorrt_yolo/launch/yolo.launch.xml
-- Symlinking: /autoware/install/tensorrt_yolo/share/ament_index/resource_index/package_run_dependencies/tensorrt_yolo
-- Symlinking: /autoware/install/tensorrt_yolo/share/ament_index/resource_index/parent_prefix_path/tensorrt_yolo
-- Symlinking: /autoware/install/tensorrt_yolo/share/tensorrt_yolo/environment/ament_prefix_path.sh
-- Symlinking: /autoware/install/tensorrt_yolo/share/tensorrt_yolo/environment/ament_prefix_path.dsv
-- Symlinking: /autoware/install/tensorrt_yolo/share/tensorrt_yolo/environment/path.sh
-- Symlinking: /autoware/install/tensorrt_yolo/share/tensorrt_yolo/environment/path.dsv
-- Symlinking: /autoware/install/tensorrt_yolo/share/tensorrt_yolo/local_setup.bash
-- Symlinking: /autoware/install/tensorrt_yolo/share/tensorrt_yolo/local_setup.sh
-- Symlinking: /autoware/install/tensorrt_yolo/share/tensorrt_yolo/local_setup.zsh
-- Symlinking: /autoware/install/tensorrt_yolo/share/tensorrt_yolo/local_setup.dsv
-- Symlinking: /autoware/install/tensorrt_yolo/share/tensorrt_yolo/package.dsv
-- Symlinking: /autoware/install/tensorrt_yolo/share/ament_index/resource_index/packages/tensorrt_yolo
-- Symlinking: /autoware/install/tensorrt_yolo/share/tensorrt_yolo/cmake/ament_cmake_export_dependencies-extras.cmake
-- Symlinking: /autoware/install/tensorrt_yolo/share/tensorrt_yolo/cmake/ament_cmake_export_include_directories-extras.cmake
-- Symlinking: /autoware/install/tensorrt_yolo/share/tensorrt_yolo/cmake/tensorrt_yoloConfig.cmake
-- Symlinking: /autoware/install/tensorrt_yolo/share/tensorrt_yolo/cmake/tensorrt_yoloConfig-version.cmake
-- Symlinking: /autoware/install/tensorrt_yolo/share/tensorrt_yolo/package.xml
