[0.223s] Invoking command in '/autoware/build/tensorrt_yolo': AMENT_PREFIX_PATH=/autoware/install/tier4_perception_msgs:/autoware/install/autoware_cmake:/autoware/install/autoware_auto_perception_msgs:/autoware/install/autoware_lint_common:/autoware/install/autoware_auto_geometry_msgs:${AMENT_PREFIX_PATH} CMAKE_PREFIX_PATH=/autoware/install/tier4_perception_msgs:/autoware/install/autoware_cmake:/autoware/install/autoware_auto_perception_msgs:/autoware/install/autoware_lint_common:/autoware/install/autoware_auto_geometry_msgs:/opt/ros/humble LD_LIBRARY_PATH=/autoware/install/tier4_perception_msgs/lib:/autoware/install/autoware_auto_perception_msgs/lib:/autoware/install/autoware_auto_geometry_msgs/lib:${LD_LIBRARY_PATH} PYTHONPATH=/autoware/install/tier4_perception_msgs/local/lib/python3.10/dist-packages:/autoware/install/autoware_auto_perception_msgs/local/lib/python3.10/dist-packages:/autoware/install/autoware_auto_geometry_msgs/local/lib/python3.10/dist-packages:${PYTHONPATH} /usr/bin/cmake /autoware/src/universe/autoware.universe/perception/tensorrt_yolo -DCMAKE_BUILD_TYPE=Release -DAMENT_CMAKE_SYMLINK_INSTALL=1 -DCMAKE_INSTALL_PREFIX=/autoware/install/tensorrt_yolo
[0.429s] -- The C compiler identification is GNU 11.3.0
[0.643s] -- The CXX compiler identification is GNU 11.3.0
[0.660s] -- Detecting C compiler ABI info
[0.838s] -- Detecting C compiler ABI info - done
[0.851s] -- Check for working C compiler: /usr/bin/cc - skipped
[0.852s] -- Detecting C compile features
[0.852s] -- Detecting C compile features - done
[0.857s] -- Detecting CXX compiler ABI info
[0.986s] -- Detecting CXX compiler ABI info - done
[1.000s] -- Check for working CXX compiler: /usr/bin/c++ - skipped
[1.001s] -- Detecting CXX compile features
[1.002s] -- Detecting CXX compile features - done
[1.005s] -- Found autoware_cmake: 0.1.0 (/autoware/install/autoware_cmake/share/autoware_cmake/cmake)
[1.269s] -- Found Python3: /usr/bin/python3.10 (found version "3.10.6") found components: Interpreter 
[1.349s] -- Override CMake install command with custom implementation using symlinks instead of copying resources
[1.579s] -- Found rosidl_generator_c: 3.1.3 (/opt/ros/humble/share/rosidl_generator_c/cmake)
[1.589s] -- Found rosidl_adapter: 3.1.3 (/opt/ros/humble/share/rosidl_adapter/cmake)
[1.606s] -- Found rosidl_generator_cpp: 3.1.3 (/opt/ros/humble/share/rosidl_generator_cpp/cmake)
[1.630s] -- Using all available rosidl_typesupport_c: rosidl_typesupport_fastrtps_c;rosidl_typesupport_introspection_c
[1.661s] -- Using all available rosidl_typesupport_cpp: rosidl_typesupport_fastrtps_cpp;rosidl_typesupport_introspection_cpp
[2.196s] -- Found rmw_implementation_cmake: 6.1.0 (/opt/ros/humble/share/rmw_implementation_cmake/cmake)
[2.199s] -- Found rmw_fastrtps_cpp: 6.2.1 (/opt/ros/humble/share/rmw_fastrtps_cpp/cmake)
[2.296s] -- Found OpenSSL: /usr/lib/x86_64-linux-gnu/libcrypto.so (found version "3.0.2")  
[2.330s] -- Found FastRTPS: /opt/ros/humble/include  
[2.381s] -- Using RMW implementation 'rmw_fastrtps_cpp' as default
[2.978s] -- Found ament_lint_auto: 0.12.4 (/opt/ros/humble/share/ament_lint_auto/cmake)
[2.994s] -- Found OpenCV: /usr (found version "4.5.4") 
[2.997s] CUDA_TOOLKIT_ROOT_DIR not found or specified
[3.004s] -- Could NOT find CUDA (missing: CUDA_TOOLKIT_ROOT_DIR CUDA_NVCC_EXECUTABLE CUDA_INCLUDE_DIRS CUDA_CUDART_LIBRARY) 
[3.005s] CUDA NOT FOUND
[3.007s] TensorRT is NOT Available
[3.009s] CUDNN is NOT Available
[3.012s] -- Checking and downloading yolov3.onnx
[3.012s] -- start yolov3.onnx
[3.012s] -- not found yolov3.onnx
[3.012s] -- File doesn't exists. Downloading now ...
[43.141s] -- Download completed successfully!
[43.142s] -- Checking and downloading yolov4.onnx
[43.142s] -- start yolov4.onnx
[43.142s] -- not found yolov4.onnx
[43.142s] -- File doesn't exists. Downloading now ...
[84.297s] -- Download completed successfully!
[84.298s] -- Checking and downloading yolov4-tiny.onnx
[84.298s] -- start yolov4-tiny.onnx
[84.298s] -- not found yolov4-tiny.onnx
[84.298s] -- File doesn't exists. Downloading now ...
[88.102s] -- Download completed successfully!
[88.102s] -- Checking and downloading yolov5s.onnx
[88.102s] -- start yolov5s.onnx
[88.102s] -- not found yolov5s.onnx
[88.102s] -- File doesn't exists. Downloading now ...
[92.863s] -- Download completed successfully!
[92.863s] -- Checking and downloading yolov5m.onnx
[92.863s] -- start yolov5m.onnx
[92.863s] -- not found yolov5m.onnx
[92.864s] -- File doesn't exists. Downloading now ...
[106.615s] -- Download completed successfully!
[106.615s] -- Checking and downloading yolov5l.onnx
[106.615s] -- start yolov5l.onnx
[106.615s] -- not found yolov5l.onnx
[106.615s] -- File doesn't exists. Downloading now ...
[138.923s] -- Download completed successfully!
[138.923s] -- Checking and downloading yolov5x.onnx
[138.923s] -- start yolov5x.onnx
[138.923s] -- not found yolov5x.onnx
[138.923s] -- File doesn't exists. Downloading now ...
[195.081s] -- Download completed successfully!
[195.082s] -- Checking and downloading coco.names
[195.082s] -- start coco.names
[195.082s] -- not found coco.names
[195.082s] -- File doesn't exists. Downloading now ...
[195.143s] -- Download completed successfully!
[195.145s] TensorrtYolo won't be built, CUDA and/or TensorRT were not found.
[195.152s] -- Added test 'copyright' to check source files copyright and LICENSE
[195.157s] -- Added test 'cppcheck' to perform static code analysis on C / C++ code
[195.157s] -- Configured cppcheck include dirs: 
[195.157s] -- Configured cppcheck exclude dirs and/or files: 
[195.158s] -- Added test 'lint_cmake' to check CMake code style
[195.159s] -- Added test 'xmllint' to check XML markup files
[195.163s] -- Configuring done
[195.170s] -- Generating done
[195.172s] -- Build files have been written to: /autoware/build/tensorrt_yolo
[195.184s] Invoked command in '/autoware/build/tensorrt_yolo' returned '0': AMENT_PREFIX_PATH=/autoware/install/tier4_perception_msgs:/autoware/install/autoware_cmake:/autoware/install/autoware_auto_perception_msgs:/autoware/install/autoware_lint_common:/autoware/install/autoware_auto_geometry_msgs:${AMENT_PREFIX_PATH} CMAKE_PREFIX_PATH=/autoware/install/tier4_perception_msgs:/autoware/install/autoware_cmake:/autoware/install/autoware_auto_perception_msgs:/autoware/install/autoware_lint_common:/autoware/install/autoware_auto_geometry_msgs:/opt/ros/humble LD_LIBRARY_PATH=/autoware/install/tier4_perception_msgs/lib:/autoware/install/autoware_auto_perception_msgs/lib:/autoware/install/autoware_auto_geometry_msgs/lib:${LD_LIBRARY_PATH} PYTHONPATH=/autoware/install/tier4_perception_msgs/local/lib/python3.10/dist-packages:/autoware/install/autoware_auto_perception_msgs/local/lib/python3.10/dist-packages:/autoware/install/autoware_auto_geometry_msgs/local/lib/python3.10/dist-packages:${PYTHONPATH} /usr/bin/cmake /autoware/src/universe/autoware.universe/perception/tensorrt_yolo -DCMAKE_BUILD_TYPE=Release -DAMENT_CMAKE_SYMLINK_INSTALL=1 -DCMAKE_INSTALL_PREFIX=/autoware/install/tensorrt_yolo
[195.186s] Invoking command in '/autoware/build/tensorrt_yolo': AMENT_PREFIX_PATH=/autoware/install/tier4_perception_msgs:/autoware/install/autoware_cmake:/autoware/install/autoware_auto_perception_msgs:/autoware/install/autoware_lint_common:/autoware/install/autoware_auto_geometry_msgs:${AMENT_PREFIX_PATH} CMAKE_PREFIX_PATH=/autoware/install/tier4_perception_msgs:/autoware/install/autoware_cmake:/autoware/install/autoware_auto_perception_msgs:/autoware/install/autoware_lint_common:/autoware/install/autoware_auto_geometry_msgs:/opt/ros/humble LD_LIBRARY_PATH=/autoware/install/tier4_perception_msgs/lib:/autoware/install/autoware_auto_perception_msgs/lib:/autoware/install/autoware_auto_geometry_msgs/lib:${LD_LIBRARY_PATH} PYTHONPATH=/autoware/install/tier4_perception_msgs/local/lib/python3.10/dist-packages:/autoware/install/autoware_auto_perception_msgs/local/lib/python3.10/dist-packages:/autoware/install/autoware_auto_geometry_msgs/local/lib/python3.10/dist-packages:${PYTHONPATH} /usr/bin/cmake --build /autoware/build/tensorrt_yolo -- -j64 -l64
[195.222s] Invoked command in '/autoware/build/tensorrt_yolo' returned '0': AMENT_PREFIX_PATH=/autoware/install/tier4_perception_msgs:/autoware/install/autoware_cmake:/autoware/install/autoware_auto_perception_msgs:/autoware/install/autoware_lint_common:/autoware/install/autoware_auto_geometry_msgs:${AMENT_PREFIX_PATH} CMAKE_PREFIX_PATH=/autoware/install/tier4_perception_msgs:/autoware/install/autoware_cmake:/autoware/install/autoware_auto_perception_msgs:/autoware/install/autoware_lint_common:/autoware/install/autoware_auto_geometry_msgs:/opt/ros/humble LD_LIBRARY_PATH=/autoware/install/tier4_perception_msgs/lib:/autoware/install/autoware_auto_perception_msgs/lib:/autoware/install/autoware_auto_geometry_msgs/lib:${LD_LIBRARY_PATH} PYTHONPATH=/autoware/install/tier4_perception_msgs/local/lib/python3.10/dist-packages:/autoware/install/autoware_auto_perception_msgs/local/lib/python3.10/dist-packages:/autoware/install/autoware_auto_geometry_msgs/local/lib/python3.10/dist-packages:${PYTHONPATH} /usr/bin/cmake --build /autoware/build/tensorrt_yolo -- -j64 -l64
[195.240s] Invoking command in '/autoware/build/tensorrt_yolo': AMENT_PREFIX_PATH=/autoware/install/tier4_perception_msgs:/autoware/install/autoware_cmake:/autoware/install/autoware_auto_perception_msgs:/autoware/install/autoware_lint_common:/autoware/install/autoware_auto_geometry_msgs:${AMENT_PREFIX_PATH} CMAKE_PREFIX_PATH=/autoware/install/tier4_perception_msgs:/autoware/install/autoware_cmake:/autoware/install/autoware_auto_perception_msgs:/autoware/install/autoware_lint_common:/autoware/install/autoware_auto_geometry_msgs:/opt/ros/humble LD_LIBRARY_PATH=/autoware/install/tier4_perception_msgs/lib:/autoware/install/autoware_auto_perception_msgs/lib:/autoware/install/autoware_auto_geometry_msgs/lib:${LD_LIBRARY_PATH} PYTHONPATH=/autoware/install/tier4_perception_msgs/local/lib/python3.10/dist-packages:/autoware/install/autoware_auto_perception_msgs/local/lib/python3.10/dist-packages:/autoware/install/autoware_auto_geometry_msgs/local/lib/python3.10/dist-packages:${PYTHONPATH} /usr/bin/cmake --install /autoware/build/tensorrt_yolo
[195.246s] -- Install configuration: "Release"
[195.247s] -- Execute custom install script
[195.247s] -- Symlinking: /autoware/install/tensorrt_yolo/include/tensorrt_yolo/nodelet.hpp
[195.255s] -- Symlinking: /autoware/install/tensorrt_yolo/share/tensorrt_yolo/config/yolov3.param.yaml
[195.262s] -- Symlinking: /autoware/install/tensorrt_yolo/share/tensorrt_yolo/config/yolov4-tiny.param.yaml
[195.268s] -- Symlinking: /autoware/install/tensorrt_yolo/share/tensorrt_yolo/config/yolov4.param.yaml
[195.275s] -- Symlinking: /autoware/install/tensorrt_yolo/share/tensorrt_yolo/config/yolov5l.param.yaml
[195.282s] -- Symlinking: /autoware/install/tensorrt_yolo/share/tensorrt_yolo/config/yolov5m.param.yaml
[195.288s] -- Symlinking: /autoware/install/tensorrt_yolo/share/tensorrt_yolo/config/yolov5s.param.yaml
[195.294s] -- Symlinking: /autoware/install/tensorrt_yolo/share/tensorrt_yolo/config/yolov5x.param.yaml
[195.300s] -- Symlinking: /autoware/install/tensorrt_yolo/share/tensorrt_yolo/data/coco.names
[195.308s] -- Symlinking: /autoware/install/tensorrt_yolo/share/tensorrt_yolo/data/yolov3.onnx
[195.314s] -- Symlinking: /autoware/install/tensorrt_yolo/share/tensorrt_yolo/data/yolov4-tiny.onnx
[195.321s] -- Symlinking: /autoware/install/tensorrt_yolo/share/tensorrt_yolo/data/yolov4.onnx
[195.327s] -- Symlinking: /autoware/install/tensorrt_yolo/share/tensorrt_yolo/data/yolov5l.onnx
[195.334s] -- Symlinking: /autoware/install/tensorrt_yolo/share/tensorrt_yolo/data/yolov5m.onnx
[195.340s] -- Symlinking: /autoware/install/tensorrt_yolo/share/tensorrt_yolo/data/yolov5s.onnx
[195.348s] -- Symlinking: /autoware/install/tensorrt_yolo/share/tensorrt_yolo/data/yolov5x.onnx
[195.354s] -- Symlinking: /autoware/install/tensorrt_yolo/share/tensorrt_yolo/launch/tensorrt_yolo.launch.xml
[195.360s] -- Symlinking: /autoware/install/tensorrt_yolo/share/tensorrt_yolo/launch/yolo.launch.xml
[195.368s] -- Symlinking: /autoware/install/tensorrt_yolo/share/ament_index/resource_index/package_run_dependencies/tensorrt_yolo
[195.374s] -- Symlinking: /autoware/install/tensorrt_yolo/share/ament_index/resource_index/parent_prefix_path/tensorrt_yolo
[195.380s] -- Symlinking: /autoware/install/tensorrt_yolo/share/tensorrt_yolo/environment/ament_prefix_path.sh
[195.387s] -- Symlinking: /autoware/install/tensorrt_yolo/share/tensorrt_yolo/environment/ament_prefix_path.dsv
[195.394s] -- Symlinking: /autoware/install/tensorrt_yolo/share/tensorrt_yolo/environment/path.sh
[195.401s] -- Symlinking: /autoware/install/tensorrt_yolo/share/tensorrt_yolo/environment/path.dsv
[195.408s] -- Symlinking: /autoware/install/tensorrt_yolo/share/tensorrt_yolo/local_setup.bash
[195.415s] -- Symlinking: /autoware/install/tensorrt_yolo/share/tensorrt_yolo/local_setup.sh
[195.421s] -- Symlinking: /autoware/install/tensorrt_yolo/share/tensorrt_yolo/local_setup.zsh
[195.429s] -- Symlinking: /autoware/install/tensorrt_yolo/share/tensorrt_yolo/local_setup.dsv
[195.435s] -- Symlinking: /autoware/install/tensorrt_yolo/share/tensorrt_yolo/package.dsv
[195.443s] -- Symlinking: /autoware/install/tensorrt_yolo/share/ament_index/resource_index/packages/tensorrt_yolo
[195.450s] -- Symlinking: /autoware/install/tensorrt_yolo/share/tensorrt_yolo/cmake/ament_cmake_export_dependencies-extras.cmake
[195.457s] -- Symlinking: /autoware/install/tensorrt_yolo/share/tensorrt_yolo/cmake/ament_cmake_export_include_directories-extras.cmake
[195.465s] -- Symlinking: /autoware/install/tensorrt_yolo/share/tensorrt_yolo/cmake/tensorrt_yoloConfig.cmake
[195.472s] -- Symlinking: /autoware/install/tensorrt_yolo/share/tensorrt_yolo/cmake/tensorrt_yoloConfig-version.cmake
[195.480s] -- Symlinking: /autoware/install/tensorrt_yolo/share/tensorrt_yolo/package.xml
[195.496s] Invoked command in '/autoware/build/tensorrt_yolo' returned '0': AMENT_PREFIX_PATH=/autoware/install/tier4_perception_msgs:/autoware/install/autoware_cmake:/autoware/install/autoware_auto_perception_msgs:/autoware/install/autoware_lint_common:/autoware/install/autoware_auto_geometry_msgs:${AMENT_PREFIX_PATH} CMAKE_PREFIX_PATH=/autoware/install/tier4_perception_msgs:/autoware/install/autoware_cmake:/autoware/install/autoware_auto_perception_msgs:/autoware/install/autoware_lint_common:/autoware/install/autoware_auto_geometry_msgs:/opt/ros/humble LD_LIBRARY_PATH=/autoware/install/tier4_perception_msgs/lib:/autoware/install/autoware_auto_perception_msgs/lib:/autoware/install/autoware_auto_geometry_msgs/lib:${LD_LIBRARY_PATH} PYTHONPATH=/autoware/install/tier4_perception_msgs/local/lib/python3.10/dist-packages:/autoware/install/autoware_auto_perception_msgs/local/lib/python3.10/dist-packages:/autoware/install/autoware_auto_geometry_msgs/local/lib/python3.10/dist-packages:${PYTHONPATH} /usr/bin/cmake --install /autoware/build/tensorrt_yolo
