[0.008s] Invoking command in '/autoware/build/initial_pose_button_panel': AMENT_PREFIX_PATH=/autoware/install/autoware_cmake:/autoware/install/tier4_localization_msgs:/autoware/install/autoware_lint_common:${AMENT_PREFIX_PATH} CMAKE_PREFIX_PATH=/autoware/install/autoware_cmake:/autoware/install/tier4_localization_msgs:/autoware/install/autoware_lint_common:/opt/ros/humble LD_LIBRARY_PATH=/autoware/install/tier4_localization_msgs/lib:${LD_LIBRARY_PATH} PYTHONPATH=/autoware/install/tier4_localization_msgs/local/lib/python3.10/dist-packages:${PYTHONPATH} /usr/bin/cmake /autoware/src/universe/autoware.universe/localization/initial_pose_button_panel -DCMAKE_BUILD_TYPE=Release -DAMENT_CMAKE_SYMLINK_INSTALL=1 -DCMAKE_INSTALL_PREFIX=/autoware/install/initial_pose_button_panel
[0.053s] -- The C compiler identification is GNU 11.3.0
[0.102s] -- The CXX compiler identification is GNU 11.3.0
[0.111s] -- Detecting C compiler ABI info
[0.166s] -- Detecting C compiler ABI info - done
[0.177s] -- Check for working C compiler: /usr/bin/cc - skipped
[0.177s] -- Detecting C compile features
[0.178s] -- Detecting C compile features - done
[0.182s] -- Detecting CXX compiler ABI info
[0.246s] -- Detecting CXX compiler ABI info - done
[0.259s] -- Check for working CXX compiler: /usr/bin/c++ - skipped
[0.259s] -- Detecting CXX compile features
[0.260s] -- Detecting CXX compile features - done
[0.261s] -- Found autoware_cmake: 0.1.0 (/autoware/install/autoware_cmake/share/autoware_cmake/cmake)
[0.471s] -- Found Python3: /usr/bin/python3.10 (found version "3.10.6") found components: Interpreter 
[0.535s] -- Override CMake install command with custom implementation using symlinks instead of copying resources
[0.698s] -- Found rosidl_generator_c: 3.1.3 (/opt/ros/humble/share/rosidl_generator_c/cmake)
[0.704s] -- Found rosidl_adapter: 3.1.3 (/opt/ros/humble/share/rosidl_adapter/cmake)
[0.713s] -- Found rosidl_generator_cpp: 3.1.3 (/opt/ros/humble/share/rosidl_generator_cpp/cmake)
[0.727s] -- Using all available rosidl_typesupport_c: rosidl_typesupport_fastrtps_c;rosidl_typesupport_introspection_c
[0.747s] -- Using all available rosidl_typesupport_cpp: rosidl_typesupport_fastrtps_cpp;rosidl_typesupport_introspection_cpp
[0.916s] -- Setting OGRE_DIR to: '/opt/ros/humble/share/rviz_ogre_vendor/cmake/../../../opt/rviz_ogre_vendor/lib/OGRE/cmake'
[0.917s] -- Found OGRE
[0.917s] --   static     : OFF
[0.917s] --   components : HLMS;MeshLodGenerator;Overlay;Paging;Property;RTShaderSystem;Terrain;Volume
[0.917s] --   plugins    : Plugin_BSPSceneManager;Plugin_OctreeSceneManager;Plugin_PCZSceneManager;Plugin_ParticleFX;RenderSystem_GL;RenderSystem_GL3Plus;Codec_STBI
[0.917s] --   media      : /opt/ros/humble/opt/rviz_ogre_vendor/share/OGRE/Media
[0.917s] -- OGRE_LIBRARIES: OgreHLMS;OgreMeshLodGenerator;OgreOverlay;OgrePaging;OgreProperty;OgreRTShaderSystem;OgreTerrain;OgreVolume;OgreMain
[0.918s] -- OGRE_LIBRARY_DIRS: /opt/ros/humble/opt/rviz_ogre_vendor/lib
[0.918s] -- OGRE_PLUGINS: Plugin_BSPSceneManager;Plugin_OctreeSceneManager;Plugin_PCZSceneManager;Plugin_ParticleFX;RenderSystem_GL;RenderSystem_GL3Plus;Codec_STBI
[0.918s] -- OGRE_PLUGIN_DIR: /opt/ros/humble/opt/rviz_ogre_vendor/lib/OGRE
[0.918s] -- rviz_ogre_vendor::OgreOverlay for IMPORTED_LOCATION_RELEASE: /opt/ros/humble/opt/rviz_ogre_vendor/lib/libOgreOverlay.so
[0.918s] -- rviz_ogre_vendor::OgreOverlay for IMPORTED_LOCATION_DEBUG: /opt/ros/humble/opt/rviz_ogre_vendor/lib/libOgreOverlay.so
[0.918s] -- rviz_ogre_vendor::OgreMain for IMPORTED_LOCATION_RELEASE: /opt/ros/humble/opt/rviz_ogre_vendor/lib/libOgreMain.so
[0.918s] -- rviz_ogre_vendor::OgreMain for IMPORTED_LOCATION_DEBUG: /opt/ros/humble/opt/rviz_ogre_vendor/lib/libOgreMain.so
[0.921s] -- Could not find freeimage library
[0.936s] -- Found ZLIB: /usr/lib/x86_64-linux-gnu/libz.so (found version "1.2.11") 
[0.939s] -- Found OpenGL: /usr/lib/x86_64-linux-gnu/libOpenGL.so   
[1.007s] -- Found X11: /usr/include   
[1.007s] -- Looking for XOpenDisplay in /usr/lib/x86_64-linux-gnu/libX11.so;/usr/lib/x86_64-linux-gnu/libXext.so
[1.063s] -- Looking for XOpenDisplay in /usr/lib/x86_64-linux-gnu/libX11.so;/usr/lib/x86_64-linux-gnu/libXext.so - found
[1.063s] -- Looking for gethostbyname
[1.116s] -- Looking for gethostbyname - found
[1.116s] -- Looking for connect
[1.180s] -- Looking for connect - found
[1.180s] -- Looking for remove
[1.275s] -- Looking for remove - found
[1.276s] -- Looking for shmat
[1.342s] -- Looking for shmat - found
[1.342s] -- Looking for IceConnectionNumber in ICE
[1.412s] -- Looking for IceConnectionNumber in ICE - found
[1.415s] -- rviz_ogre_vendor::RenderSystem_GL for IMPORTED_LOCATION_RELEASE: _render_system_gl_static_library_abs-NOTFOUND
[1.415s] -- rviz_ogre_vendor::RenderSystem_GL for IMPORTED_LOCATION_DEBUG: _render_system_gl_static_library_abs-NOTFOUND
[1.600s] -- library: /usr/lib/x86_64-linux-gnu/libcurl.so
[1.707s] -- Found rmw_implementation_cmake: 6.1.0 (/opt/ros/humble/share/rmw_implementation_cmake/cmake)
[1.710s] -- Found rmw_fastrtps_cpp: 6.2.1 (/opt/ros/humble/share/rmw_fastrtps_cpp/cmake)
[1.805s] -- Found OpenSSL: /usr/lib/x86_64-linux-gnu/libcrypto.so (found version "3.0.2")  
[1.832s] -- Found FastRTPS: /opt/ros/humble/include  
[1.897s] -- Using RMW implementation 'rmw_fastrtps_cpp' as default
[2.263s] -- Found Eigen3: TRUE (found version "3.4.0") 
[2.264s] -- Ensuring Eigen3 include directory is part of orocos-kdl CMake target
[2.839s] -- Found ament_lint_auto: 0.12.4 (/opt/ros/humble/share/ament_lint_auto/cmake)
[2.859s] -- Added test 'copyright' to check source files copyright and LICENSE
[2.860s] -- Added test 'cppcheck' to perform static code analysis on C / C++ code
[2.860s] -- Configured cppcheck include dirs: 
[2.860s] -- Configured cppcheck exclude dirs and/or files: 
[2.861s] -- Added test 'lint_cmake' to check CMake code style
[2.861s] -- Added test 'xmllint' to check XML markup files
[2.864s] -- Configuring done
[2.941s] -- Generating done
[2.945s] -- Build files have been written to: /autoware/build/initial_pose_button_panel
[2.962s] Invoked command in '/autoware/build/initial_pose_button_panel' returned '0': AMENT_PREFIX_PATH=/autoware/install/autoware_cmake:/autoware/install/tier4_localization_msgs:/autoware/install/autoware_lint_common:${AMENT_PREFIX_PATH} CMAKE_PREFIX_PATH=/autoware/install/autoware_cmake:/autoware/install/tier4_localization_msgs:/autoware/install/autoware_lint_common:/opt/ros/humble LD_LIBRARY_PATH=/autoware/install/tier4_localization_msgs/lib:${LD_LIBRARY_PATH} PYTHONPATH=/autoware/install/tier4_localization_msgs/local/lib/python3.10/dist-packages:${PYTHONPATH} /usr/bin/cmake /autoware/src/universe/autoware.universe/localization/initial_pose_button_panel -DCMAKE_BUILD_TYPE=Release -DAMENT_CMAKE_SYMLINK_INSTALL=1 -DCMAKE_INSTALL_PREFIX=/autoware/install/initial_pose_button_panel
[2.963s] Invoking command in '/autoware/build/initial_pose_button_panel': AMENT_PREFIX_PATH=/autoware/install/autoware_cmake:/autoware/install/tier4_localization_msgs:/autoware/install/autoware_lint_common:${AMENT_PREFIX_PATH} CMAKE_PREFIX_PATH=/autoware/install/autoware_cmake:/autoware/install/tier4_localization_msgs:/autoware/install/autoware_lint_common:/opt/ros/humble LD_LIBRARY_PATH=/autoware/install/tier4_localization_msgs/lib:${LD_LIBRARY_PATH} PYTHONPATH=/autoware/install/tier4_localization_msgs/local/lib/python3.10/dist-packages:${PYTHONPATH} /usr/bin/cmake --build /autoware/build/initial_pose_button_panel -- -j64 -l64
[3.009s] [ 25%] Automatic MOC for target initial_pose_button_panel
[3.257s] [ 25%] Built target initial_pose_button_panel_autogen
[3.257s] [ 50%] Building CXX object CMakeFiles/initial_pose_button_panel.dir/initial_pose_button_panel_autogen/mocs_compilation.cpp.o
[3.257s] [ 75%] Building CXX object CMakeFiles/initial_pose_button_panel.dir/src/initial_pose_button_panel.cpp.o
[19.913s] [100%] Linking CXX shared library libinitial_pose_button_panel.so
[20.726s] [100%] Built target initial_pose_button_panel
[20.727s] Invoked command in '/autoware/build/initial_pose_button_panel' returned '0': AMENT_PREFIX_PATH=/autoware/install/autoware_cmake:/autoware/install/tier4_localization_msgs:/autoware/install/autoware_lint_common:${AMENT_PREFIX_PATH} CMAKE_PREFIX_PATH=/autoware/install/autoware_cmake:/autoware/install/tier4_localization_msgs:/autoware/install/autoware_lint_common:/opt/ros/humble LD_LIBRARY_PATH=/autoware/install/tier4_localization_msgs/lib:${LD_LIBRARY_PATH} PYTHONPATH=/autoware/install/tier4_localization_msgs/local/lib/python3.10/dist-packages:${PYTHONPATH} /usr/bin/cmake --build /autoware/build/initial_pose_button_panel -- -j64 -l64
[20.794s] Invoking command in '/autoware/build/initial_pose_button_panel': AMENT_PREFIX_PATH=/autoware/install/autoware_cmake:/autoware/install/tier4_localization_msgs:/autoware/install/autoware_lint_common:${AMENT_PREFIX_PATH} CMAKE_PREFIX_PATH=/autoware/install/autoware_cmake:/autoware/install/tier4_localization_msgs:/autoware/install/autoware_lint_common:/opt/ros/humble LD_LIBRARY_PATH=/autoware/install/tier4_localization_msgs/lib:${LD_LIBRARY_PATH} PYTHONPATH=/autoware/install/tier4_localization_msgs/local/lib/python3.10/dist-packages:${PYTHONPATH} /usr/bin/cmake --install /autoware/build/initial_pose_button_panel
[20.799s] -- Install configuration: "Release"
[20.800s] -- Execute custom install script
[20.800s] -- Symlinking: /autoware/install/initial_pose_button_panel/share/initial_pose_button_panel/plugins/plugin_description.xml
[20.808s] -- Symlinking: /autoware/install/initial_pose_button_panel/share/initial_pose_button_panel/environment/library_path.sh
[20.814s] -- Symlinking: /autoware/install/initial_pose_button_panel/share/initial_pose_button_panel/environment/library_path.dsv
[20.821s] -- Symlinking: /autoware/install/initial_pose_button_panel/lib/libinitial_pose_button_panel.so
[20.827s] -- Up-to-date symlink: /autoware/install/initial_pose_button_panel/share/initial_pose_button_panel/plugins/plugin_description.xml
[20.827s] -- Symlinking: /autoware/install/initial_pose_button_panel/share/ament_index/resource_index/package_run_dependencies/initial_pose_button_panel
[20.833s] -- Symlinking: /autoware/install/initial_pose_button_panel/share/ament_index/resource_index/parent_prefix_path/initial_pose_button_panel
[20.838s] -- Symlinking: /autoware/install/initial_pose_button_panel/share/initial_pose_button_panel/environment/ament_prefix_path.sh
[20.844s] -- Symlinking: /autoware/install/initial_pose_button_panel/share/initial_pose_button_panel/environment/ament_prefix_path.dsv
[20.850s] -- Symlinking: /autoware/install/initial_pose_button_panel/share/initial_pose_button_panel/environment/path.sh
[20.856s] -- Symlinking: /autoware/install/initial_pose_button_panel/share/initial_pose_button_panel/environment/path.dsv
[20.861s] -- Symlinking: /autoware/install/initial_pose_button_panel/share/initial_pose_button_panel/local_setup.bash
[20.868s] -- Symlinking: /autoware/install/initial_pose_button_panel/share/initial_pose_button_panel/local_setup.sh
[20.875s] -- Symlinking: /autoware/install/initial_pose_button_panel/share/initial_pose_button_panel/local_setup.zsh
[20.883s] -- Symlinking: /autoware/install/initial_pose_button_panel/share/initial_pose_button_panel/local_setup.dsv
[20.889s] -- Symlinking: /autoware/install/initial_pose_button_panel/share/initial_pose_button_panel/package.dsv
[20.895s] -- Symlinking: /autoware/install/initial_pose_button_panel/share/ament_index/resource_index/packages/initial_pose_button_panel
[20.902s] -- Symlinking: /autoware/install/initial_pose_button_panel/share/ament_index/resource_index/rviz_common__pluginlib__plugin/initial_pose_button_panel
[20.908s] -- Symlinking: /autoware/install/initial_pose_button_panel/share/initial_pose_button_panel/cmake/ament_cmake_export_dependencies-extras.cmake
[20.915s] -- Symlinking: /autoware/install/initial_pose_button_panel/share/initial_pose_button_panel/cmake/ament_cmake_export_libraries-extras.cmake
[20.922s] -- Symlinking: /autoware/install/initial_pose_button_panel/share/initial_pose_button_panel/cmake/initial_pose_button_panelConfig.cmake
[20.929s] -- Symlinking: /autoware/install/initial_pose_button_panel/share/initial_pose_button_panel/cmake/initial_pose_button_panelConfig-version.cmake
[20.935s] -- Symlinking: /autoware/install/initial_pose_button_panel/share/initial_pose_button_panel/package.xml
[20.951s] Invoked command in '/autoware/build/initial_pose_button_panel' returned '0': AMENT_PREFIX_PATH=/autoware/install/autoware_cmake:/autoware/install/tier4_localization_msgs:/autoware/install/autoware_lint_common:${AMENT_PREFIX_PATH} CMAKE_PREFIX_PATH=/autoware/install/autoware_cmake:/autoware/install/tier4_localization_msgs:/autoware/install/autoware_lint_common:/opt/ros/humble LD_LIBRARY_PATH=/autoware/install/tier4_localization_msgs/lib:${LD_LIBRARY_PATH} PYTHONPATH=/autoware/install/tier4_localization_msgs/local/lib/python3.10/dist-packages:${PYTHONPATH} /usr/bin/cmake --install /autoware/build/initial_pose_button_panel
