-- The C compiler identification is GNU 11.3.0
-- The CXX compiler identification is GNU 11.3.0
-- Detecting C compiler ABI info
-- Detecting C compiler ABI info - done
-- Check for working C compiler: /usr/bin/cc - skipped
-- Detecting C compile features
-- Detecting C compile features - done
-- Detecting CXX compiler ABI info
-- Detecting CXX compiler ABI info - done
-- Check for working CXX compiler: /usr/bin/c++ - skipped
-- Detecting CXX compile features
-- Detecting CXX compile features - done
-- Found ament_cmake_auto: 1.3.2 (/opt/ros/humble/share/ament_cmake_auto/cmake)
-- Found Python3: /usr/bin/python3.10 (found version "3.10.6") found components: Interpreter 
-- Override CMake install command with custom implementation using symlinks instead of copying resources
-- Using all available rosidl_typesupport_c: rosidl_typesupport_fastrtps_c;rosidl_typesupport_introspection_c
-- Found rosidl_adapter: 3.1.3 (/opt/ros/humble/share/rosidl_adapter/cmake)
-- Using all available rosidl_typesupport_cpp: rosidl_typesupport_fastrtps_cpp;rosidl_typesupport_introspection_cpp
-- Found ament_cmake_ros: 0.10.0 (/opt/ros/humble/share/ament_cmake_ros/cmake)
-- Using all available rosidl_typesupport_c: rosidl_typesupport_fastrtps_c;rosidl_typesupport_introspection_c
-- Using all available rosidl_typesupport_cpp: rosidl_typesupport_fastrtps_cpp;rosidl_typesupport_introspection_cpp
-- Found PythonInterp: /usr/bin/python3 (found suitable version "3.10.6", minimum required is "3.6") 
-- Found python_cmake_module: 0.10.0 (/opt/ros/humble/share/python_cmake_module/cmake)
-- Found PythonLibs: /usr/lib/x86_64-linux-gnu/libpython3.10.so (found suitable version "3.10.6", minimum required is "3.5") 
-- Using PYTHON_EXECUTABLE: /usr/bin/python3
-- Using PYTHON_INCLUDE_DIRS: /usr/include/python3.10
-- Using PYTHON_LIBRARIES: /usr/lib/x86_64-linux-gnu/libpython3.10.so
-- Found PythonExtra: .so  
-- Found ament_lint_auto: 0.12.4 (/opt/ros/humble/share/ament_lint_auto/cmake)
-- Added test 'copyright' to check source files copyright and LICENSE
-- Added test 'lint_cmake' to check CMake code style
-- Added test 'xmllint' to check XML markup files
-- Configuring done
-- Generating done
-- Build files have been written to: /autoware/build/tier4_v2x_msgs
[  1%] Generating C code for ROS interfaces
[  3%] Generating C++ code for ROS interfaces
[  3%] Built target ament_cmake_python_symlink_tier4_v2x_msgs
running egg_info
creating tier4_v2x_msgs.egg-info
writing tier4_v2x_msgs.egg-info/PKG-INFO
writing dependency_links to tier4_v2x_msgs.egg-info/dependency_links.txt
writing top-level names to tier4_v2x_msgs.egg-info/top_level.txt
writing manifest file 'tier4_v2x_msgs.egg-info/SOURCES.txt'
reading manifest file 'tier4_v2x_msgs.egg-info/SOURCES.txt'
writing manifest file 'tier4_v2x_msgs.egg-info/SOURCES.txt'
[  3%] Built target ament_cmake_python_build_tier4_v2x_msgs_egg
[  3%] Built target tier4_v2x_msgs__cpp
[  4%] Generating C++ introspection for ROS interfaces
[  6%] Generating C++ type support for eProsima Fast-RTPS
[  7%] Generating C++ type support dispatch for ROS interfaces
[  9%] Building C object CMakeFiles/tier4_v2x_msgs__rosidl_generator_c.dir/rosidl_generator_c/tier4_v2x_msgs/msg/detail/infrastructure_command__functions.c.o
[ 11%] Building C object CMakeFiles/tier4_v2x_msgs__rosidl_generator_c.dir/rosidl_generator_c/tier4_v2x_msgs/msg/detail/infrastructure_command_array__functions.c.o
[ 12%] Building C object CMakeFiles/tier4_v2x_msgs__rosidl_generator_c.dir/rosidl_generator_c/tier4_v2x_msgs/msg/detail/key_value__functions.c.o
[ 14%] Building C object CMakeFiles/tier4_v2x_msgs__rosidl_generator_c.dir/rosidl_generator_c/tier4_v2x_msgs/msg/detail/virtual_traffic_light_state__functions.c.o
[ 15%] Building C object CMakeFiles/tier4_v2x_msgs__rosidl_generator_c.dir/rosidl_generator_c/tier4_v2x_msgs/msg/detail/virtual_traffic_light_state_array__functions.c.o
[ 17%] Linking C shared library libtier4_v2x_msgs__rosidl_generator_c.so
[ 17%] Built target tier4_v2x_msgs__rosidl_generator_c
[ 19%] Generating C type support for eProsima Fast-RTPS
[ 20%] Generating C type support dispatch for ROS interfaces
[ 22%] Generating C introspection for ROS interfaces
[ 23%] Building CXX object CMakeFiles/tier4_v2x_msgs__rosidl_typesupport_cpp.dir/rosidl_typesupport_cpp/tier4_v2x_msgs/msg/infrastructure_command_array__type_support.cpp.o
[ 25%] Building CXX object CMakeFiles/tier4_v2x_msgs__rosidl_typesupport_cpp.dir/rosidl_typesupport_cpp/tier4_v2x_msgs/msg/infrastructure_command__type_support.cpp.o
[ 26%] Building CXX object CMakeFiles/tier4_v2x_msgs__rosidl_typesupport_cpp.dir/rosidl_typesupport_cpp/tier4_v2x_msgs/msg/key_value__type_support.cpp.o
[ 28%] Building CXX object CMakeFiles/tier4_v2x_msgs__rosidl_typesupport_cpp.dir/rosidl_typesupport_cpp/tier4_v2x_msgs/msg/virtual_traffic_light_state__type_support.cpp.o
[ 30%] Building CXX object CMakeFiles/tier4_v2x_msgs__rosidl_typesupport_cpp.dir/rosidl_typesupport_cpp/tier4_v2x_msgs/msg/virtual_traffic_light_state_array__type_support.cpp.o
[ 31%] Building CXX object CMakeFiles/tier4_v2x_msgs__rosidl_typesupport_introspection_cpp.dir/rosidl_typesupport_introspection_cpp/tier4_v2x_msgs/msg/detail/infrastructure_command__type_support.cpp.o
[ 33%] Building CXX object CMakeFiles/tier4_v2x_msgs__rosidl_typesupport_introspection_cpp.dir/rosidl_typesupport_introspection_cpp/tier4_v2x_msgs/msg/detail/key_value__type_support.cpp.o
[ 34%] Building CXX object CMakeFiles/tier4_v2x_msgs__rosidl_typesupport_introspection_cpp.dir/rosidl_typesupport_introspection_cpp/tier4_v2x_msgs/msg/detail/infrastructure_command_array__type_support.cpp.o
[ 36%] Building CXX object CMakeFiles/tier4_v2x_msgs__rosidl_typesupport_introspection_cpp.dir/rosidl_typesupport_introspection_cpp/tier4_v2x_msgs/msg/detail/virtual_traffic_light_state__type_support.cpp.o
[ 38%] Building CXX object CMakeFiles/tier4_v2x_msgs__rosidl_typesupport_introspection_cpp.dir/rosidl_typesupport_introspection_cpp/tier4_v2x_msgs/msg/detail/virtual_traffic_light_state_array__type_support.cpp.o
[ 39%] Building CXX object CMakeFiles/tier4_v2x_msgs__rosidl_typesupport_fastrtps_cpp.dir/rosidl_typesupport_fastrtps_cpp/tier4_v2x_msgs/msg/detail/dds_fastrtps/infrastructure_command__type_support.cpp.o
[ 41%] Building CXX object CMakeFiles/tier4_v2x_msgs__rosidl_typesupport_fastrtps_cpp.dir/rosidl_typesupport_fastrtps_cpp/tier4_v2x_msgs/msg/detail/dds_fastrtps/infrastructure_command_array__type_support.cpp.o
[ 42%] Building CXX object CMakeFiles/tier4_v2x_msgs__rosidl_typesupport_c.dir/rosidl_typesupport_c/tier4_v2x_msgs/msg/infrastructure_command_array__type_support.cpp.o
[ 44%] Building CXX object CMakeFiles/tier4_v2x_msgs__rosidl_typesupport_fastrtps_cpp.dir/rosidl_typesupport_fastrtps_cpp/tier4_v2x_msgs/msg/detail/dds_fastrtps/key_value__type_support.cpp.o
[ 46%] Building CXX object CMakeFiles/tier4_v2x_msgs__rosidl_typesupport_c.dir/rosidl_typesupport_c/tier4_v2x_msgs/msg/infrastructure_command__type_support.cpp.o
[ 47%] Building CXX object CMakeFiles/tier4_v2x_msgs__rosidl_typesupport_c.dir/rosidl_typesupport_c/tier4_v2x_msgs/msg/key_value__type_support.cpp.o
[ 49%] Building CXX object CMakeFiles/tier4_v2x_msgs__rosidl_typesupport_c.dir/rosidl_typesupport_c/tier4_v2x_msgs/msg/virtual_traffic_light_state__type_support.cpp.o
[ 50%] Building CXX object CMakeFiles/tier4_v2x_msgs__rosidl_typesupport_fastrtps_cpp.dir/rosidl_typesupport_fastrtps_cpp/tier4_v2x_msgs/msg/detail/dds_fastrtps/virtual_traffic_light_state_array__type_support.cpp.o
[ 52%] Building CXX object CMakeFiles/tier4_v2x_msgs__rosidl_typesupport_fastrtps_cpp.dir/rosidl_typesupport_fastrtps_cpp/tier4_v2x_msgs/msg/detail/dds_fastrtps/virtual_traffic_light_state__type_support.cpp.o
[ 53%] Building CXX object CMakeFiles/tier4_v2x_msgs__rosidl_typesupport_c.dir/rosidl_typesupport_c/tier4_v2x_msgs/msg/virtual_traffic_light_state_array__type_support.cpp.o
[ 55%] Building C object CMakeFiles/tier4_v2x_msgs__rosidl_typesupport_introspection_c.dir/rosidl_typesupport_introspection_c/tier4_v2x_msgs/msg/detail/infrastructure_command__type_support.c.o
[ 57%] Building C object CMakeFiles/tier4_v2x_msgs__rosidl_typesupport_introspection_c.dir/rosidl_typesupport_introspection_c/tier4_v2x_msgs/msg/detail/infrastructure_command_array__type_support.c.o
[ 58%] Building C object CMakeFiles/tier4_v2x_msgs__rosidl_typesupport_introspection_c.dir/rosidl_typesupport_introspection_c/tier4_v2x_msgs/msg/detail/virtual_traffic_light_state__type_support.c.o
[ 60%] Building CXX object CMakeFiles/tier4_v2x_msgs__rosidl_typesupport_fastrtps_c.dir/rosidl_typesupport_fastrtps_c/tier4_v2x_msgs/msg/detail/infrastructure_command__type_support_c.cpp.o
[ 61%] Building C object CMakeFiles/tier4_v2x_msgs__rosidl_typesupport_introspection_c.dir/rosidl_typesupport_introspection_c/tier4_v2x_msgs/msg/detail/virtual_traffic_light_state_array__type_support.c.o
[ 63%] Building CXX object CMakeFiles/tier4_v2x_msgs__rosidl_typesupport_fastrtps_c.dir/rosidl_typesupport_fastrtps_c/tier4_v2x_msgs/msg/detail/infrastructure_command_array__type_support_c.cpp.o
[ 65%] Building C object CMakeFiles/tier4_v2x_msgs__rosidl_typesupport_introspection_c.dir/rosidl_typesupport_introspection_c/tier4_v2x_msgs/msg/detail/key_value__type_support.c.o
[ 66%] Building CXX object CMakeFiles/tier4_v2x_msgs__rosidl_typesupport_fastrtps_c.dir/rosidl_typesupport_fastrtps_c/tier4_v2x_msgs/msg/detail/key_value__type_support_c.cpp.o
[ 68%] Linking CXX shared library libtier4_v2x_msgs__rosidl_typesupport_c.so
[ 69%] Building CXX object CMakeFiles/tier4_v2x_msgs__rosidl_typesupport_fastrtps_c.dir/rosidl_typesupport_fastrtps_c/tier4_v2x_msgs/msg/detail/virtual_traffic_light_state__type_support_c.cpp.o
[ 71%] Building CXX object CMakeFiles/tier4_v2x_msgs__rosidl_typesupport_fastrtps_c.dir/rosidl_typesupport_fastrtps_c/tier4_v2x_msgs/msg/detail/virtual_traffic_light_state_array__type_support_c.cpp.o
[ 73%] Linking C shared library libtier4_v2x_msgs__rosidl_typesupport_introspection_c.so
[ 73%] Built target tier4_v2x_msgs__rosidl_typesupport_c
[ 74%] Linking CXX shared library libtier4_v2x_msgs__rosidl_typesupport_cpp.so
[ 74%] Built target tier4_v2x_msgs__rosidl_typesupport_introspection_c
[ 74%] Built target tier4_v2x_msgs__rosidl_typesupport_cpp
[ 76%] Linking CXX shared library libtier4_v2x_msgs__rosidl_typesupport_introspection_cpp.so
[ 77%] Linking CXX shared library libtier4_v2x_msgs__rosidl_typesupport_fastrtps_cpp.so
[ 77%] Built target tier4_v2x_msgs__rosidl_typesupport_introspection_cpp
[ 79%] Linking CXX shared library libtier4_v2x_msgs__rosidl_typesupport_fastrtps_c.so
[ 79%] Built target tier4_v2x_msgs__rosidl_typesupport_fastrtps_cpp
[ 79%] Built target tier4_v2x_msgs__rosidl_typesupport_fastrtps_c
[ 79%] Built target tier4_v2x_msgs
[ 80%] Generating Python code for ROS interfaces
[ 80%] Built target tier4_v2x_msgs__py
[ 82%] Building C object CMakeFiles/tier4_v2x_msgs__rosidl_generator_py.dir/rosidl_generator_py/tier4_v2x_msgs/msg/_infrastructure_command_s.c.o
[ 84%] Building C object CMakeFiles/tier4_v2x_msgs__rosidl_generator_py.dir/rosidl_generator_py/tier4_v2x_msgs/msg/_infrastructure_command_array_s.c.o
[ 85%] Building C object CMakeFiles/tier4_v2x_msgs__rosidl_generator_py.dir/rosidl_generator_py/tier4_v2x_msgs/msg/_key_value_s.c.o
[ 87%] Building C object CMakeFiles/tier4_v2x_msgs__rosidl_generator_py.dir/rosidl_generator_py/tier4_v2x_msgs/msg/_virtual_traffic_light_state_s.c.o
[ 88%] Building C object CMakeFiles/tier4_v2x_msgs__rosidl_generator_py.dir/rosidl_generator_py/tier4_v2x_msgs/msg/_virtual_traffic_light_state_array_s.c.o
[ 90%] Linking C shared library rosidl_generator_py/tier4_v2x_msgs/libtier4_v2x_msgs__rosidl_generator_py.so
[ 90%] Built target tier4_v2x_msgs__rosidl_generator_py
[ 92%] Building C object CMakeFiles/tier4_v2x_msgs__rosidl_typesupport_fastrtps_c__pyext.dir/rosidl_generator_py/tier4_v2x_msgs/_tier4_v2x_msgs_s.ep.rosidl_typesupport_fastrtps_c.c.o
[ 93%] Building C object CMakeFiles/tier4_v2x_msgs__rosidl_typesupport_c__pyext.dir/rosidl_generator_py/tier4_v2x_msgs/_tier4_v2x_msgs_s.ep.rosidl_typesupport_c.c.o
[ 95%] Building C object CMakeFiles/tier4_v2x_msgs__rosidl_typesupport_introspection_c__pyext.dir/rosidl_generator_py/tier4_v2x_msgs/_tier4_v2x_msgs_s.ep.rosidl_typesupport_introspection_c.c.o
[ 96%] Linking C shared library rosidl_generator_py/tier4_v2x_msgs/tier4_v2x_msgs_s__rosidl_typesupport_c.cpython-310-x86_64-linux-gnu.so
[ 98%] Linking C shared library rosidl_generator_py/tier4_v2x_msgs/tier4_v2x_msgs_s__rosidl_typesupport_fastrtps_c.cpython-310-x86_64-linux-gnu.so
[ 98%] Built target tier4_v2x_msgs__rosidl_typesupport_fastrtps_c__pyext
[100%] Linking C shared library rosidl_generator_py/tier4_v2x_msgs/tier4_v2x_msgs_s__rosidl_typesupport_introspection_c.cpython-310-x86_64-linux-gnu.so
[100%] Built target tier4_v2x_msgs__rosidl_typesupport_c__pyext
[100%] Built target tier4_v2x_msgs__rosidl_typesupport_introspection_c__pyext
-- Install configuration: "Release"
-- Execute custom install script
-- Symlinking: /autoware/install/tier4_v2x_msgs/share/ament_index/resource_index/rosidl_interfaces/tier4_v2x_msgs
-- Symlinking: /autoware/install/tier4_v2x_msgs/include/tier4_v2x_msgs/tier4_v2x_msgs/msg/detail/infrastructure_command__functions.h
-- Symlinking: /autoware/install/tier4_v2x_msgs/include/tier4_v2x_msgs/tier4_v2x_msgs/msg/detail/infrastructure_command__struct.h
-- Symlinking: /autoware/install/tier4_v2x_msgs/include/tier4_v2x_msgs/tier4_v2x_msgs/msg/detail/infrastructure_command__type_support.h
-- Symlinking: /autoware/install/tier4_v2x_msgs/include/tier4_v2x_msgs/tier4_v2x_msgs/msg/detail/infrastructure_command_array__functions.h
-- Symlinking: /autoware/install/tier4_v2x_msgs/include/tier4_v2x_msgs/tier4_v2x_msgs/msg/detail/infrastructure_command_array__struct.h
-- Symlinking: /autoware/install/tier4_v2x_msgs/include/tier4_v2x_msgs/tier4_v2x_msgs/msg/detail/infrastructure_command_array__type_support.h
-- Symlinking: /autoware/install/tier4_v2x_msgs/include/tier4_v2x_msgs/tier4_v2x_msgs/msg/detail/key_value__functions.h
-- Symlinking: /autoware/install/tier4_v2x_msgs/include/tier4_v2x_msgs/tier4_v2x_msgs/msg/detail/key_value__struct.h
-- Symlinking: /autoware/install/tier4_v2x_msgs/include/tier4_v2x_msgs/tier4_v2x_msgs/msg/detail/key_value__type_support.h
-- Symlinking: /autoware/install/tier4_v2x_msgs/include/tier4_v2x_msgs/tier4_v2x_msgs/msg/detail/virtual_traffic_light_state__functions.h
-- Symlinking: /autoware/install/tier4_v2x_msgs/include/tier4_v2x_msgs/tier4_v2x_msgs/msg/detail/virtual_traffic_light_state__struct.h
-- Symlinking: /autoware/install/tier4_v2x_msgs/include/tier4_v2x_msgs/tier4_v2x_msgs/msg/detail/virtual_traffic_light_state__type_support.h
-- Symlinking: /autoware/install/tier4_v2x_msgs/include/tier4_v2x_msgs/tier4_v2x_msgs/msg/detail/virtual_traffic_light_state_array__functions.h
-- Symlinking: /autoware/install/tier4_v2x_msgs/include/tier4_v2x_msgs/tier4_v2x_msgs/msg/detail/virtual_traffic_light_state_array__struct.h
-- Symlinking: /autoware/install/tier4_v2x_msgs/include/tier4_v2x_msgs/tier4_v2x_msgs/msg/detail/virtual_traffic_light_state_array__type_support.h
-- Symlinking: /autoware/install/tier4_v2x_msgs/include/tier4_v2x_msgs/tier4_v2x_msgs/msg/infrastructure_command.h
-- Symlinking: /autoware/install/tier4_v2x_msgs/include/tier4_v2x_msgs/tier4_v2x_msgs/msg/infrastructure_command_array.h
-- Symlinking: /autoware/install/tier4_v2x_msgs/include/tier4_v2x_msgs/tier4_v2x_msgs/msg/key_value.h
-- Symlinking: /autoware/install/tier4_v2x_msgs/include/tier4_v2x_msgs/tier4_v2x_msgs/msg/rosidl_generator_c__visibility_control.h
-- Symlinking: /autoware/install/tier4_v2x_msgs/include/tier4_v2x_msgs/tier4_v2x_msgs/msg/virtual_traffic_light_state.h
-- Symlinking: /autoware/install/tier4_v2x_msgs/include/tier4_v2x_msgs/tier4_v2x_msgs/msg/virtual_traffic_light_state_array.h
-- Symlinking: /autoware/install/tier4_v2x_msgs/share/tier4_v2x_msgs/environment/library_path.sh
-- Symlinking: /autoware/install/tier4_v2x_msgs/share/tier4_v2x_msgs/environment/library_path.dsv
-- Symlinking: /autoware/install/tier4_v2x_msgs/include/tier4_v2x_msgs/tier4_v2x_msgs/msg/detail/infrastructure_command__rosidl_typesupport_fastrtps_c.h
-- Symlinking: /autoware/install/tier4_v2x_msgs/include/tier4_v2x_msgs/tier4_v2x_msgs/msg/detail/infrastructure_command_array__rosidl_typesupport_fastrtps_c.h
-- Symlinking: /autoware/install/tier4_v2x_msgs/include/tier4_v2x_msgs/tier4_v2x_msgs/msg/detail/key_value__rosidl_typesupport_fastrtps_c.h
-- Symlinking: /autoware/install/tier4_v2x_msgs/include/tier4_v2x_msgs/tier4_v2x_msgs/msg/detail/virtual_traffic_light_state__rosidl_typesupport_fastrtps_c.h
-- Symlinking: /autoware/install/tier4_v2x_msgs/include/tier4_v2x_msgs/tier4_v2x_msgs/msg/detail/virtual_traffic_light_state_array__rosidl_typesupport_fastrtps_c.h
-- Symlinking: /autoware/install/tier4_v2x_msgs/include/tier4_v2x_msgs/tier4_v2x_msgs/msg/rosidl_typesupport_fastrtps_c__visibility_control.h
-- Symlinking: /autoware/install/tier4_v2x_msgs/include/tier4_v2x_msgs/tier4_v2x_msgs/msg/detail/infrastructure_command__rosidl_typesupport_introspection_c.h
-- Symlinking: /autoware/install/tier4_v2x_msgs/include/tier4_v2x_msgs/tier4_v2x_msgs/msg/detail/infrastructure_command_array__rosidl_typesupport_introspection_c.h
-- Symlinking: /autoware/install/tier4_v2x_msgs/include/tier4_v2x_msgs/tier4_v2x_msgs/msg/detail/key_value__rosidl_typesupport_introspection_c.h
-- Symlinking: /autoware/install/tier4_v2x_msgs/include/tier4_v2x_msgs/tier4_v2x_msgs/msg/detail/virtual_traffic_light_state__rosidl_typesupport_introspection_c.h
-- Symlinking: /autoware/install/tier4_v2x_msgs/include/tier4_v2x_msgs/tier4_v2x_msgs/msg/detail/virtual_traffic_light_state_array__rosidl_typesupport_introspection_c.h
-- Symlinking: /autoware/install/tier4_v2x_msgs/include/tier4_v2x_msgs/tier4_v2x_msgs/msg/rosidl_typesupport_introspection_c__visibility_control.h
-- Symlinking: /autoware/install/tier4_v2x_msgs/include/tier4_v2x_msgs/tier4_v2x_msgs/msg/detail/infrastructure_command__builder.hpp
-- Symlinking: /autoware/install/tier4_v2x_msgs/include/tier4_v2x_msgs/tier4_v2x_msgs/msg/detail/infrastructure_command__struct.hpp
-- Symlinking: /autoware/install/tier4_v2x_msgs/include/tier4_v2x_msgs/tier4_v2x_msgs/msg/detail/infrastructure_command__traits.hpp
-- Symlinking: /autoware/install/tier4_v2x_msgs/include/tier4_v2x_msgs/tier4_v2x_msgs/msg/detail/infrastructure_command_array__builder.hpp
-- Symlinking: /autoware/install/tier4_v2x_msgs/include/tier4_v2x_msgs/tier4_v2x_msgs/msg/detail/infrastructure_command_array__struct.hpp
-- Symlinking: /autoware/install/tier4_v2x_msgs/include/tier4_v2x_msgs/tier4_v2x_msgs/msg/detail/infrastructure_command_array__traits.hpp
-- Symlinking: /autoware/install/tier4_v2x_msgs/include/tier4_v2x_msgs/tier4_v2x_msgs/msg/detail/key_value__builder.hpp
-- Symlinking: /autoware/install/tier4_v2x_msgs/include/tier4_v2x_msgs/tier4_v2x_msgs/msg/detail/key_value__struct.hpp
-- Symlinking: /autoware/install/tier4_v2x_msgs/include/tier4_v2x_msgs/tier4_v2x_msgs/msg/detail/key_value__traits.hpp
-- Symlinking: /autoware/install/tier4_v2x_msgs/include/tier4_v2x_msgs/tier4_v2x_msgs/msg/detail/virtual_traffic_light_state__builder.hpp
-- Symlinking: /autoware/install/tier4_v2x_msgs/include/tier4_v2x_msgs/tier4_v2x_msgs/msg/detail/virtual_traffic_light_state__struct.hpp
-- Symlinking: /autoware/install/tier4_v2x_msgs/include/tier4_v2x_msgs/tier4_v2x_msgs/msg/detail/virtual_traffic_light_state__traits.hpp
-- Symlinking: /autoware/install/tier4_v2x_msgs/include/tier4_v2x_msgs/tier4_v2x_msgs/msg/detail/virtual_traffic_light_state_array__builder.hpp
-- Symlinking: /autoware/install/tier4_v2x_msgs/include/tier4_v2x_msgs/tier4_v2x_msgs/msg/detail/virtual_traffic_light_state_array__struct.hpp
-- Symlinking: /autoware/install/tier4_v2x_msgs/include/tier4_v2x_msgs/tier4_v2x_msgs/msg/detail/virtual_traffic_light_state_array__traits.hpp
-- Symlinking: /autoware/install/tier4_v2x_msgs/include/tier4_v2x_msgs/tier4_v2x_msgs/msg/infrastructure_command.hpp
-- Symlinking: /autoware/install/tier4_v2x_msgs/include/tier4_v2x_msgs/tier4_v2x_msgs/msg/infrastructure_command_array.hpp
-- Symlinking: /autoware/install/tier4_v2x_msgs/include/tier4_v2x_msgs/tier4_v2x_msgs/msg/key_value.hpp
-- Symlinking: /autoware/install/tier4_v2x_msgs/include/tier4_v2x_msgs/tier4_v2x_msgs/msg/virtual_traffic_light_state.hpp
-- Symlinking: /autoware/install/tier4_v2x_msgs/include/tier4_v2x_msgs/tier4_v2x_msgs/msg/virtual_traffic_light_state_array.hpp
-- Symlinking: /autoware/install/tier4_v2x_msgs/include/tier4_v2x_msgs/tier4_v2x_msgs/msg/detail/infrastructure_command__rosidl_typesupport_fastrtps_cpp.hpp
-- Symlinking: /autoware/install/tier4_v2x_msgs/include/tier4_v2x_msgs/tier4_v2x_msgs/msg/detail/infrastructure_command_array__rosidl_typesupport_fastrtps_cpp.hpp
-- Symlinking: /autoware/install/tier4_v2x_msgs/include/tier4_v2x_msgs/tier4_v2x_msgs/msg/detail/key_value__rosidl_typesupport_fastrtps_cpp.hpp
-- Symlinking: /autoware/install/tier4_v2x_msgs/include/tier4_v2x_msgs/tier4_v2x_msgs/msg/detail/virtual_traffic_light_state__rosidl_typesupport_fastrtps_cpp.hpp
-- Symlinking: /autoware/install/tier4_v2x_msgs/include/tier4_v2x_msgs/tier4_v2x_msgs/msg/detail/virtual_traffic_light_state_array__rosidl_typesupport_fastrtps_cpp.hpp
-- Symlinking: /autoware/install/tier4_v2x_msgs/include/tier4_v2x_msgs/tier4_v2x_msgs/msg/rosidl_typesupport_fastrtps_cpp__visibility_control.h
-- Symlinking: /autoware/install/tier4_v2x_msgs/include/tier4_v2x_msgs/tier4_v2x_msgs/msg/detail/infrastructure_command__rosidl_typesupport_introspection_cpp.hpp
-- Symlinking: /autoware/install/tier4_v2x_msgs/include/tier4_v2x_msgs/tier4_v2x_msgs/msg/detail/infrastructure_command_array__rosidl_typesupport_introspection_cpp.hpp
-- Symlinking: /autoware/install/tier4_v2x_msgs/include/tier4_v2x_msgs/tier4_v2x_msgs/msg/detail/key_value__rosidl_typesupport_introspection_cpp.hpp
-- Symlinking: /autoware/install/tier4_v2x_msgs/include/tier4_v2x_msgs/tier4_v2x_msgs/msg/detail/virtual_traffic_light_state__rosidl_typesupport_introspection_cpp.hpp
-- Symlinking: /autoware/install/tier4_v2x_msgs/include/tier4_v2x_msgs/tier4_v2x_msgs/msg/detail/virtual_traffic_light_state_array__rosidl_typesupport_introspection_cpp.hpp
-- Symlinking: /autoware/install/tier4_v2x_msgs/share/tier4_v2x_msgs/environment/pythonpath.sh
-- Symlinking: /autoware/install/tier4_v2x_msgs/share/tier4_v2x_msgs/environment/pythonpath.dsv
-- Symlinking: /autoware/install/tier4_v2x_msgs/local/lib/python3.10/dist-packages/tier4_v2x_msgs-0.1.0-py3.10.egg-info/PKG-INFO
-- Symlinking: /autoware/install/tier4_v2x_msgs/local/lib/python3.10/dist-packages/tier4_v2x_msgs-0.1.0-py3.10.egg-info/SOURCES.txt
-- Symlinking: /autoware/install/tier4_v2x_msgs/local/lib/python3.10/dist-packages/tier4_v2x_msgs-0.1.0-py3.10.egg-info/dependency_links.txt
-- Symlinking: /autoware/install/tier4_v2x_msgs/local/lib/python3.10/dist-packages/tier4_v2x_msgs-0.1.0-py3.10.egg-info/top_level.txt
-- Symlinking: /autoware/install/tier4_v2x_msgs/local/lib/python3.10/dist-packages/tier4_v2x_msgs/__init__.py
-- Symlinking: /autoware/install/tier4_v2x_msgs/local/lib/python3.10/dist-packages/tier4_v2x_msgs/_tier4_v2x_msgs_s.ep.rosidl_typesupport_c.c
-- Symlinking: /autoware/install/tier4_v2x_msgs/local/lib/python3.10/dist-packages/tier4_v2x_msgs/_tier4_v2x_msgs_s.ep.rosidl_typesupport_fastrtps_c.c
-- Symlinking: /autoware/install/tier4_v2x_msgs/local/lib/python3.10/dist-packages/tier4_v2x_msgs/_tier4_v2x_msgs_s.ep.rosidl_typesupport_introspection_c.c
-- Symlinking: /autoware/install/tier4_v2x_msgs/local/lib/python3.10/dist-packages/tier4_v2x_msgs/libtier4_v2x_msgs__rosidl_generator_py.so
-- Symlinking: /autoware/install/tier4_v2x_msgs/local/lib/python3.10/dist-packages/tier4_v2x_msgs/msg/__init__.py
-- Symlinking: /autoware/install/tier4_v2x_msgs/local/lib/python3.10/dist-packages/tier4_v2x_msgs/msg/_infrastructure_command.py
-- Symlinking: /autoware/install/tier4_v2x_msgs/local/lib/python3.10/dist-packages/tier4_v2x_msgs/msg/_infrastructure_command_array.py
-- Symlinking: /autoware/install/tier4_v2x_msgs/local/lib/python3.10/dist-packages/tier4_v2x_msgs/msg/_infrastructure_command_array_s.c
-- Symlinking: /autoware/install/tier4_v2x_msgs/local/lib/python3.10/dist-packages/tier4_v2x_msgs/msg/_infrastructure_command_s.c
-- Symlinking: /autoware/install/tier4_v2x_msgs/local/lib/python3.10/dist-packages/tier4_v2x_msgs/msg/_key_value.py
-- Symlinking: /autoware/install/tier4_v2x_msgs/local/lib/python3.10/dist-packages/tier4_v2x_msgs/msg/_key_value_s.c
-- Symlinking: /autoware/install/tier4_v2x_msgs/local/lib/python3.10/dist-packages/tier4_v2x_msgs/msg/_virtual_traffic_light_state.py
-- Symlinking: /autoware/install/tier4_v2x_msgs/local/lib/python3.10/dist-packages/tier4_v2x_msgs/msg/_virtual_traffic_light_state_array.py
-- Symlinking: /autoware/install/tier4_v2x_msgs/local/lib/python3.10/dist-packages/tier4_v2x_msgs/msg/_virtual_traffic_light_state_array_s.c
-- Symlinking: /autoware/install/tier4_v2x_msgs/local/lib/python3.10/dist-packages/tier4_v2x_msgs/msg/_virtual_traffic_light_state_s.c
-- Symlinking: /autoware/install/tier4_v2x_msgs/local/lib/python3.10/dist-packages/tier4_v2x_msgs/tier4_v2x_msgs_s__rosidl_typesupport_c.cpython-310-x86_64-linux-gnu.so
-- Symlinking: /autoware/install/tier4_v2x_msgs/local/lib/python3.10/dist-packages/tier4_v2x_msgs/tier4_v2x_msgs_s__rosidl_typesupport_fastrtps_c.cpython-310-x86_64-linux-gnu.so
-- Symlinking: /autoware/install/tier4_v2x_msgs/local/lib/python3.10/dist-packages/tier4_v2x_msgs/tier4_v2x_msgs_s__rosidl_typesupport_introspection_c.cpython-310-x86_64-linux-gnu.so
-- Up-to-date symlink: /autoware/install/tier4_v2x_msgs/local/lib/python3.10/dist-packages/tier4_v2x_msgs/tier4_v2x_msgs_s__rosidl_typesupport_fastrtps_c.cpython-310-x86_64-linux-gnu.so
-- Up-to-date symlink: /autoware/install/tier4_v2x_msgs/local/lib/python3.10/dist-packages/tier4_v2x_msgs/tier4_v2x_msgs_s__rosidl_typesupport_introspection_c.cpython-310-x86_64-linux-gnu.so
-- Up-to-date symlink: /autoware/install/tier4_v2x_msgs/local/lib/python3.10/dist-packages/tier4_v2x_msgs/tier4_v2x_msgs_s__rosidl_typesupport_c.cpython-310-x86_64-linux-gnu.so
-- Symlinking: /autoware/install/tier4_v2x_msgs/share/tier4_v2x_msgs/msg/InfrastructureCommand.idl
-- Symlinking: /autoware/install/tier4_v2x_msgs/share/tier4_v2x_msgs/msg/InfrastructureCommandArray.idl
-- Symlinking: /autoware/install/tier4_v2x_msgs/share/tier4_v2x_msgs/msg/KeyValue.idl
-- Symlinking: /autoware/install/tier4_v2x_msgs/share/tier4_v2x_msgs/msg/VirtualTrafficLightState.idl
-- Symlinking: /autoware/install/tier4_v2x_msgs/share/tier4_v2x_msgs/msg/VirtualTrafficLightStateArray.idl
-- Symlinking: /autoware/install/tier4_v2x_msgs/share/tier4_v2x_msgs/msg/InfrastructureCommand.msg
-- Symlinking: /autoware/install/tier4_v2x_msgs/share/tier4_v2x_msgs/msg/InfrastructureCommandArray.msg
-- Symlinking: /autoware/install/tier4_v2x_msgs/share/tier4_v2x_msgs/msg/KeyValue.msg
-- Symlinking: /autoware/install/tier4_v2x_msgs/share/tier4_v2x_msgs/msg/VirtualTrafficLightState.msg
-- Symlinking: /autoware/install/tier4_v2x_msgs/share/tier4_v2x_msgs/msg/VirtualTrafficLightStateArray.msg
-- Symlinking: /autoware/install/tier4_v2x_msgs/share/ament_index/resource_index/package_run_dependencies/tier4_v2x_msgs
-- Symlinking: /autoware/install/tier4_v2x_msgs/share/ament_index/resource_index/parent_prefix_path/tier4_v2x_msgs
-- Symlinking: /autoware/install/tier4_v2x_msgs/share/tier4_v2x_msgs/environment/ament_prefix_path.sh
-- Symlinking: /autoware/install/tier4_v2x_msgs/share/tier4_v2x_msgs/environment/ament_prefix_path.dsv
-- Symlinking: /autoware/install/tier4_v2x_msgs/share/tier4_v2x_msgs/environment/path.sh
-- Symlinking: /autoware/install/tier4_v2x_msgs/share/tier4_v2x_msgs/environment/path.dsv
-- Symlinking: /autoware/install/tier4_v2x_msgs/share/tier4_v2x_msgs/local_setup.bash
-- Symlinking: /autoware/install/tier4_v2x_msgs/share/tier4_v2x_msgs/local_setup.sh
-- Symlinking: /autoware/install/tier4_v2x_msgs/share/tier4_v2x_msgs/local_setup.zsh
-- Symlinking: /autoware/install/tier4_v2x_msgs/share/tier4_v2x_msgs/local_setup.dsv
-- Symlinking: /autoware/install/tier4_v2x_msgs/share/tier4_v2x_msgs/package.dsv
-- Symlinking: /autoware/install/tier4_v2x_msgs/share/ament_index/resource_index/packages/tier4_v2x_msgs
-- Symlinking: /autoware/install/tier4_v2x_msgs/share/tier4_v2x_msgs/cmake/rosidl_cmake-extras.cmake
-- Symlinking: /autoware/install/tier4_v2x_msgs/share/tier4_v2x_msgs/cmake/ament_cmake_export_dependencies-extras.cmake
-- Symlinking: /autoware/install/tier4_v2x_msgs/share/tier4_v2x_msgs/cmake/ament_cmake_export_include_directories-extras.cmake
-- Symlinking: /autoware/install/tier4_v2x_msgs/share/tier4_v2x_msgs/cmake/ament_cmake_export_libraries-extras.cmake
-- Symlinking: /autoware/install/tier4_v2x_msgs/share/tier4_v2x_msgs/cmake/ament_cmake_export_targets-extras.cmake
-- Symlinking: /autoware/install/tier4_v2x_msgs/share/tier4_v2x_msgs/cmake/rosidl_cmake_export_typesupport_targets-extras.cmake
-- Symlinking: /autoware/install/tier4_v2x_msgs/share/tier4_v2x_msgs/cmake/rosidl_cmake_export_typesupport_libraries-extras.cmake
-- Symlinking: /autoware/install/tier4_v2x_msgs/share/tier4_v2x_msgs/cmake/tier4_v2x_msgsConfig.cmake
-- Symlinking: /autoware/install/tier4_v2x_msgs/share/tier4_v2x_msgs/cmake/tier4_v2x_msgsConfig-version.cmake
-- Symlinking: /autoware/install/tier4_v2x_msgs/share/tier4_v2x_msgs/package.xml
-- Installing: /autoware/install/tier4_v2x_msgs/lib/libtier4_v2x_msgs__rosidl_generator_c.so
-- Set runtime path of "/autoware/install/tier4_v2x_msgs/lib/libtier4_v2x_msgs__rosidl_generator_c.so" to ""
-- Installing: /autoware/install/tier4_v2x_msgs/lib/libtier4_v2x_msgs__rosidl_typesupport_fastrtps_c.so
-- Set runtime path of "/autoware/install/tier4_v2x_msgs/lib/libtier4_v2x_msgs__rosidl_typesupport_fastrtps_c.so" to ""
-- Installing: /autoware/install/tier4_v2x_msgs/lib/libtier4_v2x_msgs__rosidl_typesupport_introspection_c.so
-- Set runtime path of "/autoware/install/tier4_v2x_msgs/lib/libtier4_v2x_msgs__rosidl_typesupport_introspection_c.so" to ""
-- Installing: /autoware/install/tier4_v2x_msgs/lib/libtier4_v2x_msgs__rosidl_typesupport_c.so
-- Set runtime path of "/autoware/install/tier4_v2x_msgs/lib/libtier4_v2x_msgs__rosidl_typesupport_c.so" to ""
-- Installing: /autoware/install/tier4_v2x_msgs/lib/libtier4_v2x_msgs__rosidl_typesupport_fastrtps_cpp.so
-- Set runtime path of "/autoware/install/tier4_v2x_msgs/lib/libtier4_v2x_msgs__rosidl_typesupport_fastrtps_cpp.so" to ""
-- Installing: /autoware/install/tier4_v2x_msgs/lib/libtier4_v2x_msgs__rosidl_typesupport_introspection_cpp.so
-- Set runtime path of "/autoware/install/tier4_v2x_msgs/lib/libtier4_v2x_msgs__rosidl_typesupport_introspection_cpp.so" to ""
-- Installing: /autoware/install/tier4_v2x_msgs/lib/libtier4_v2x_msgs__rosidl_typesupport_cpp.so
-- Set runtime path of "/autoware/install/tier4_v2x_msgs/lib/libtier4_v2x_msgs__rosidl_typesupport_cpp.so" to ""
Listing '/autoware/install/tier4_v2x_msgs/local/lib/python3.10/dist-packages/tier4_v2x_msgs'...
Compiling '/autoware/install/tier4_v2x_msgs/local/lib/python3.10/dist-packages/tier4_v2x_msgs/__init__.py'...
Listing '/autoware/install/tier4_v2x_msgs/local/lib/python3.10/dist-packages/tier4_v2x_msgs/msg'...
Compiling '/autoware/install/tier4_v2x_msgs/local/lib/python3.10/dist-packages/tier4_v2x_msgs/msg/__init__.py'...
Compiling '/autoware/install/tier4_v2x_msgs/local/lib/python3.10/dist-packages/tier4_v2x_msgs/msg/_infrastructure_command.py'...
Compiling '/autoware/install/tier4_v2x_msgs/local/lib/python3.10/dist-packages/tier4_v2x_msgs/msg/_infrastructure_command_array.py'...
Compiling '/autoware/install/tier4_v2x_msgs/local/lib/python3.10/dist-packages/tier4_v2x_msgs/msg/_key_value.py'...
Compiling '/autoware/install/tier4_v2x_msgs/local/lib/python3.10/dist-packages/tier4_v2x_msgs/msg/_virtual_traffic_light_state.py'...
Compiling '/autoware/install/tier4_v2x_msgs/local/lib/python3.10/dist-packages/tier4_v2x_msgs/msg/_virtual_traffic_light_state_array.py'...
-- Installing: /autoware/install/tier4_v2x_msgs/lib/libtier4_v2x_msgs__rosidl_generator_py.so
-- Set runtime path of "/autoware/install/tier4_v2x_msgs/lib/libtier4_v2x_msgs__rosidl_generator_py.so" to ""
-- Installing: /autoware/install/tier4_v2x_msgs/share/tier4_v2x_msgs/cmake/export_tier4_v2x_msgs__rosidl_generator_cExport.cmake
-- Installing: /autoware/install/tier4_v2x_msgs/share/tier4_v2x_msgs/cmake/export_tier4_v2x_msgs__rosidl_generator_cExport-release.cmake
-- Installing: /autoware/install/tier4_v2x_msgs/share/tier4_v2x_msgs/cmake/export_tier4_v2x_msgs__rosidl_typesupport_fastrtps_cExport.cmake
-- Installing: /autoware/install/tier4_v2x_msgs/share/tier4_v2x_msgs/cmake/export_tier4_v2x_msgs__rosidl_typesupport_fastrtps_cExport-release.cmake
-- Installing: /autoware/install/tier4_v2x_msgs/share/tier4_v2x_msgs/cmake/tier4_v2x_msgs__rosidl_typesupport_introspection_cExport.cmake
-- Installing: /autoware/install/tier4_v2x_msgs/share/tier4_v2x_msgs/cmake/tier4_v2x_msgs__rosidl_typesupport_introspection_cExport-release.cmake
-- Installing: /autoware/install/tier4_v2x_msgs/share/tier4_v2x_msgs/cmake/tier4_v2x_msgs__rosidl_typesupport_cExport.cmake
-- Installing: /autoware/install/tier4_v2x_msgs/share/tier4_v2x_msgs/cmake/tier4_v2x_msgs__rosidl_typesupport_cExport-release.cmake
-- Installing: /autoware/install/tier4_v2x_msgs/share/tier4_v2x_msgs/cmake/export_tier4_v2x_msgs__rosidl_generator_cppExport.cmake
-- Installing: /autoware/install/tier4_v2x_msgs/share/tier4_v2x_msgs/cmake/export_tier4_v2x_msgs__rosidl_typesupport_fastrtps_cppExport.cmake
-- Installing: /autoware/install/tier4_v2x_msgs/share/tier4_v2x_msgs/cmake/export_tier4_v2x_msgs__rosidl_typesupport_fastrtps_cppExport-release.cmake
-- Installing: /autoware/install/tier4_v2x_msgs/share/tier4_v2x_msgs/cmake/tier4_v2x_msgs__rosidl_typesupport_introspection_cppExport.cmake
-- Installing: /autoware/install/tier4_v2x_msgs/share/tier4_v2x_msgs/cmake/tier4_v2x_msgs__rosidl_typesupport_introspection_cppExport-release.cmake
-- Installing: /autoware/install/tier4_v2x_msgs/share/tier4_v2x_msgs/cmake/tier4_v2x_msgs__rosidl_typesupport_cppExport.cmake
-- Installing: /autoware/install/tier4_v2x_msgs/share/tier4_v2x_msgs/cmake/tier4_v2x_msgs__rosidl_typesupport_cppExport-release.cmake
-- Installing: /autoware/install/tier4_v2x_msgs/share/tier4_v2x_msgs/cmake/export_tier4_v2x_msgs__rosidl_generator_pyExport.cmake
-- Installing: /autoware/install/tier4_v2x_msgs/share/tier4_v2x_msgs/cmake/export_tier4_v2x_msgs__rosidl_generator_pyExport-release.cmake
