-- The C compiler identification is GNU 11.3.0
-- The CXX compiler identification is GNU 11.3.0
-- Detecting C compiler ABI info
-- Detecting C compiler ABI info - done
-- Check for working C compiler: /usr/bin/cc - skipped
-- Detecting C compile features
-- Detecting C compile features - done
-- Detecting CXX compiler ABI info
-- Detecting CXX compiler ABI info - done
-- Check for working CXX compiler: /usr/bin/c++ - skipped
-- Detecting CXX compile features
-- Detecting CXX compile features - done
-- Found autoware_cmake: 0.1.0 (/autoware/install/autoware_cmake/share/autoware_cmake/cmake)
-- Found Python3: /usr/bin/python3.10 (found version "3.10.6") found components: Interpreter 
-- Override CMake install command with custom implementation using symlinks instead of copying resources
-- Found rosidl_generator_c: 3.1.3 (/opt/ros/humble/share/rosidl_generator_c/cmake)
-- Found rosidl_adapter: 3.1.3 (/opt/ros/humble/share/rosidl_adapter/cmake)
-- Found rosidl_generator_cpp: 3.1.3 (/opt/ros/humble/share/rosidl_generator_cpp/cmake)
-- Using all available rosidl_typesupport_c: rosidl_typesupport_fastrtps_c;rosidl_typesupport_introspection_c
-- Using all available rosidl_typesupport_cpp: rosidl_typesupport_fastrtps_cpp;rosidl_typesupport_introspection_cpp
-- Found rmw_implementation_cmake: 6.1.0 (/opt/ros/humble/share/rmw_implementation_cmake/cmake)
-- Found rmw_fastrtps_cpp: 6.2.1 (/opt/ros/humble/share/rmw_fastrtps_cpp/cmake)
-- Found OpenSSL: /usr/lib/x86_64-linux-gnu/libcrypto.so (found version "3.0.2")  
-- Found FastRTPS: /opt/ros/humble/include  
-- Using RMW implementation 'rmw_fastrtps_cpp' as default
-- Found eigen3_cmake_module: 0.1.1 (/opt/ros/humble/share/eigen3_cmake_module/cmake)
-- Found Eigen3: TRUE (found version "3.4.0") 
-- Ensuring Eigen3 include directory is part of orocos-kdl CMake target
-- Found ament_lint_auto: 0.12.4 (/opt/ros/humble/share/ament_lint_auto/cmake)
-- Added test 'copyright' to check source files copyright and LICENSE
-- Added test 'cppcheck' to perform static code analysis on C / C++ code
-- Configured cppcheck include dirs: /autoware/src/universe/autoware.universe/perception/heatmap_visualizer/include
-- Configured cppcheck exclude dirs and/or files: 
-- Added test 'lint_cmake' to check CMake code style
-- Added test 'xmllint' to check XML markup files
-- Configuring done
-- Generating done
-- Build files have been written to: /autoware/build/heatmap_visualizer
[ 20%] Building CXX object CMakeFiles/heatmap_visualizer.dir/rclcpp_components/node_main_heatmap_visualizer.cpp.o
[ 40%] Building CXX object CMakeFiles/heatmap_visualizer_component.dir/src/utils.cpp.o
[ 60%] Building CXX object CMakeFiles/heatmap_visualizer_component.dir/src/heatmap_visualizer_node.cpp.o
[ 80%] Linking CXX executable heatmap_visualizer
[ 80%] Built target heatmap_visualizer
[100%] Linking CXX shared library libheatmap_visualizer_component.so
[100%] Built target heatmap_visualizer_component
-- Install configuration: "Release"
-- Execute custom install script
-- Symlinking: /autoware/install/heatmap_visualizer/lib/heatmap_visualizer/heatmap_visualizer
-- Symlinking: /autoware/install/heatmap_visualizer/include/heatmap_visualizer/heatmap_visualizer_node.hpp
-- Symlinking: /autoware/install/heatmap_visualizer/include/heatmap_visualizer/utils.hpp
-- Symlinking: /autoware/install/heatmap_visualizer/share/heatmap_visualizer/environment/library_path.sh
-- Symlinking: /autoware/install/heatmap_visualizer/share/heatmap_visualizer/environment/library_path.dsv
-- Symlinking: /autoware/install/heatmap_visualizer/lib/libheatmap_visualizer_component.so
-- Symlinking: /autoware/install/heatmap_visualizer/share/heatmap_visualizer/launch/heatmap_visualizer.launch.xml
-- Symlinking: /autoware/install/heatmap_visualizer/share/ament_index/resource_index/package_run_dependencies/heatmap_visualizer
-- Symlinking: /autoware/install/heatmap_visualizer/share/ament_index/resource_index/parent_prefix_path/heatmap_visualizer
-- Symlinking: /autoware/install/heatmap_visualizer/share/heatmap_visualizer/environment/ament_prefix_path.sh
-- Symlinking: /autoware/install/heatmap_visualizer/share/heatmap_visualizer/environment/ament_prefix_path.dsv
-- Symlinking: /autoware/install/heatmap_visualizer/share/heatmap_visualizer/environment/path.sh
-- Symlinking: /autoware/install/heatmap_visualizer/share/heatmap_visualizer/environment/path.dsv
-- Symlinking: /autoware/install/heatmap_visualizer/share/heatmap_visualizer/local_setup.bash
-- Symlinking: /autoware/install/heatmap_visualizer/share/heatmap_visualizer/local_setup.sh
-- Symlinking: /autoware/install/heatmap_visualizer/share/heatmap_visualizer/local_setup.zsh
-- Symlinking: /autoware/install/heatmap_visualizer/share/heatmap_visualizer/local_setup.dsv
-- Symlinking: /autoware/install/heatmap_visualizer/share/heatmap_visualizer/package.dsv
-- Symlinking: /autoware/install/heatmap_visualizer/share/ament_index/resource_index/packages/heatmap_visualizer
-- Symlinking: /autoware/install/heatmap_visualizer/share/ament_index/resource_index/rclcpp_components/heatmap_visualizer
-- Symlinking: /autoware/install/heatmap_visualizer/share/heatmap_visualizer/cmake/ament_cmake_export_dependencies-extras.cmake
-- Symlinking: /autoware/install/heatmap_visualizer/share/heatmap_visualizer/cmake/ament_cmake_export_include_directories-extras.cmake
-- Symlinking: /autoware/install/heatmap_visualizer/share/heatmap_visualizer/cmake/ament_cmake_export_libraries-extras.cmake
-- Symlinking: /autoware/install/heatmap_visualizer/share/heatmap_visualizer/cmake/heatmap_visualizerConfig.cmake
-- Symlinking: /autoware/install/heatmap_visualizer/share/heatmap_visualizer/cmake/heatmap_visualizerConfig-version.cmake
-- Symlinking: /autoware/install/heatmap_visualizer/share/heatmap_visualizer/package.xml
