[0.030s] Invoking command in '/autoware/build/heatmap_visualizer': AMENT_PREFIX_PATH=/autoware/install/perception_utils:/autoware/install/interpolation:/autoware/install/tier4_autoware_utils:/autoware/install/autoware_auto_vehicle_msgs:/autoware/install/autoware_cmake:/autoware/install/autoware_auto_planning_msgs:/autoware/install/autoware_auto_perception_msgs:/autoware/install/tier4_debug_msgs:/autoware/install/autoware_lint_common:/autoware/install/autoware_auto_mapping_msgs:/autoware/install/autoware_auto_geometry_msgs:${AMENT_PREFIX_PATH} CMAKE_PREFIX_PATH=/autoware/install/perception_utils:/autoware/install/interpolation:/autoware/install/tier4_autoware_utils:/autoware/install/autoware_auto_vehicle_msgs:/autoware/install/autoware_cmake:/autoware/install/autoware_auto_planning_msgs:/autoware/install/autoware_auto_perception_msgs:/autoware/install/tier4_debug_msgs:/autoware/install/autoware_lint_common:/autoware/install/autoware_auto_mapping_msgs:/autoware/install/autoware_auto_geometry_msgs:/opt/ros/humble LD_LIBRARY_PATH=/autoware/install/perception_utils/lib:/autoware/install/interpolation/lib:/autoware/install/tier4_autoware_utils/lib:/autoware/install/autoware_auto_vehicle_msgs/lib:/autoware/install/autoware_auto_planning_msgs/lib:/autoware/install/autoware_auto_perception_msgs/lib:/autoware/install/tier4_debug_msgs/lib:/autoware/install/autoware_auto_mapping_msgs/lib:/autoware/install/autoware_auto_geometry_msgs/lib:${LD_LIBRARY_PATH} PYTHONPATH=/autoware/install/autoware_auto_vehicle_msgs/local/lib/python3.10/dist-packages:/autoware/install/autoware_auto_planning_msgs/local/lib/python3.10/dist-packages:/autoware/install/autoware_auto_perception_msgs/local/lib/python3.10/dist-packages:/autoware/install/tier4_debug_msgs/local/lib/python3.10/dist-packages:/autoware/install/autoware_auto_mapping_msgs/local/lib/python3.10/dist-packages:/autoware/install/autoware_auto_geometry_msgs/local/lib/python3.10/dist-packages:${PYTHONPATH} /usr/bin/cmake /autoware/src/universe/autoware.universe/perception/heatmap_visualizer -DCMAKE_BUILD_TYPE=Release -DAMENT_CMAKE_SYMLINK_INSTALL=1 -DCMAKE_INSTALL_PREFIX=/autoware/install/heatmap_visualizer
[0.080s] -- The C compiler identification is GNU 11.3.0
[0.129s] -- The CXX compiler identification is GNU 11.3.0
[0.137s] -- Detecting C compiler ABI info
[0.198s] -- Detecting C compiler ABI info - done
[0.208s] -- Check for working C compiler: /usr/bin/cc - skipped
[0.208s] -- Detecting C compile features
[0.209s] -- Detecting C compile features - done
[0.212s] -- Detecting CXX compiler ABI info
[0.282s] -- Detecting CXX compiler ABI info - done
[0.293s] -- Check for working CXX compiler: /usr/bin/c++ - skipped
[0.293s] -- Detecting CXX compile features
[0.294s] -- Detecting CXX compile features - done
[0.296s] -- Found autoware_cmake: 0.1.0 (/autoware/install/autoware_cmake/share/autoware_cmake/cmake)
[0.480s] -- Found Python3: /usr/bin/python3.10 (found version "3.10.6") found components: Interpreter 
[0.546s] -- Override CMake install command with custom implementation using symlinks instead of copying resources
[0.734s] -- Found rosidl_generator_c: 3.1.3 (/opt/ros/humble/share/rosidl_generator_c/cmake)
[0.741s] -- Found rosidl_adapter: 3.1.3 (/opt/ros/humble/share/rosidl_adapter/cmake)
[0.752s] -- Found rosidl_generator_cpp: 3.1.3 (/opt/ros/humble/share/rosidl_generator_cpp/cmake)
[0.768s] -- Using all available rosidl_typesupport_c: rosidl_typesupport_fastrtps_c;rosidl_typesupport_introspection_c
[0.791s] -- Using all available rosidl_typesupport_cpp: rosidl_typesupport_fastrtps_cpp;rosidl_typesupport_introspection_cpp
[2.109s] -- Found rmw_implementation_cmake: 6.1.0 (/opt/ros/humble/share/rmw_implementation_cmake/cmake)
[2.114s] -- Found rmw_fastrtps_cpp: 6.2.1 (/opt/ros/humble/share/rmw_fastrtps_cpp/cmake)
[2.235s] -- Found OpenSSL: /usr/lib/x86_64-linux-gnu/libcrypto.so (found version "3.0.2")  
[2.274s] -- Found FastRTPS: /opt/ros/humble/include  
[2.330s] -- Using RMW implementation 'rmw_fastrtps_cpp' as default
[2.515s] -- Found eigen3_cmake_module: 0.1.1 (/opt/ros/humble/share/eigen3_cmake_module/cmake)
[2.516s] -- Found Eigen3: TRUE (found version "3.4.0") 
[2.516s] -- Ensuring Eigen3 include directory is part of orocos-kdl CMake target
[4.001s] -- Found ament_lint_auto: 0.12.4 (/opt/ros/humble/share/ament_lint_auto/cmake)
[5.121s] -- Added test 'copyright' to check source files copyright and LICENSE
[5.123s] -- Added test 'cppcheck' to perform static code analysis on C / C++ code
[5.123s] -- Configured cppcheck include dirs: /autoware/src/universe/autoware.universe/perception/heatmap_visualizer/include
[5.123s] -- Configured cppcheck exclude dirs and/or files: 
[5.124s] -- Added test 'lint_cmake' to check CMake code style
[5.124s] -- Added test 'xmllint' to check XML markup files
[5.128s] -- Configuring done
[5.181s] -- Generating done
[5.183s] -- Build files have been written to: /autoware/build/heatmap_visualizer
[5.195s] Invoked command in '/autoware/build/heatmap_visualizer' returned '0': AMENT_PREFIX_PATH=/autoware/install/perception_utils:/autoware/install/interpolation:/autoware/install/tier4_autoware_utils:/autoware/install/autoware_auto_vehicle_msgs:/autoware/install/autoware_cmake:/autoware/install/autoware_auto_planning_msgs:/autoware/install/autoware_auto_perception_msgs:/autoware/install/tier4_debug_msgs:/autoware/install/autoware_lint_common:/autoware/install/autoware_auto_mapping_msgs:/autoware/install/autoware_auto_geometry_msgs:${AMENT_PREFIX_PATH} CMAKE_PREFIX_PATH=/autoware/install/perception_utils:/autoware/install/interpolation:/autoware/install/tier4_autoware_utils:/autoware/install/autoware_auto_vehicle_msgs:/autoware/install/autoware_cmake:/autoware/install/autoware_auto_planning_msgs:/autoware/install/autoware_auto_perception_msgs:/autoware/install/tier4_debug_msgs:/autoware/install/autoware_lint_common:/autoware/install/autoware_auto_mapping_msgs:/autoware/install/autoware_auto_geometry_msgs:/opt/ros/humble LD_LIBRARY_PATH=/autoware/install/perception_utils/lib:/autoware/install/interpolation/lib:/autoware/install/tier4_autoware_utils/lib:/autoware/install/autoware_auto_vehicle_msgs/lib:/autoware/install/autoware_auto_planning_msgs/lib:/autoware/install/autoware_auto_perception_msgs/lib:/autoware/install/tier4_debug_msgs/lib:/autoware/install/autoware_auto_mapping_msgs/lib:/autoware/install/autoware_auto_geometry_msgs/lib:${LD_LIBRARY_PATH} PYTHONPATH=/autoware/install/autoware_auto_vehicle_msgs/local/lib/python3.10/dist-packages:/autoware/install/autoware_auto_planning_msgs/local/lib/python3.10/dist-packages:/autoware/install/autoware_auto_perception_msgs/local/lib/python3.10/dist-packages:/autoware/install/tier4_debug_msgs/local/lib/python3.10/dist-packages:/autoware/install/autoware_auto_mapping_msgs/local/lib/python3.10/dist-packages:/autoware/install/autoware_auto_geometry_msgs/local/lib/python3.10/dist-packages:${PYTHONPATH} /usr/bin/cmake /autoware/src/universe/autoware.universe/perception/heatmap_visualizer -DCMAKE_BUILD_TYPE=Release -DAMENT_CMAKE_SYMLINK_INSTALL=1 -DCMAKE_INSTALL_PREFIX=/autoware/install/heatmap_visualizer
[5.197s] Invoking command in '/autoware/build/heatmap_visualizer': AMENT_PREFIX_PATH=/autoware/install/perception_utils:/autoware/install/interpolation:/autoware/install/tier4_autoware_utils:/autoware/install/autoware_auto_vehicle_msgs:/autoware/install/autoware_cmake:/autoware/install/autoware_auto_planning_msgs:/autoware/install/autoware_auto_perception_msgs:/autoware/install/tier4_debug_msgs:/autoware/install/autoware_lint_common:/autoware/install/autoware_auto_mapping_msgs:/autoware/install/autoware_auto_geometry_msgs:${AMENT_PREFIX_PATH} CMAKE_PREFIX_PATH=/autoware/install/perception_utils:/autoware/install/interpolation:/autoware/install/tier4_autoware_utils:/autoware/install/autoware_auto_vehicle_msgs:/autoware/install/autoware_cmake:/autoware/install/autoware_auto_planning_msgs:/autoware/install/autoware_auto_perception_msgs:/autoware/install/tier4_debug_msgs:/autoware/install/autoware_lint_common:/autoware/install/autoware_auto_mapping_msgs:/autoware/install/autoware_auto_geometry_msgs:/opt/ros/humble LD_LIBRARY_PATH=/autoware/install/perception_utils/lib:/autoware/install/interpolation/lib:/autoware/install/tier4_autoware_utils/lib:/autoware/install/autoware_auto_vehicle_msgs/lib:/autoware/install/autoware_auto_planning_msgs/lib:/autoware/install/autoware_auto_perception_msgs/lib:/autoware/install/tier4_debug_msgs/lib:/autoware/install/autoware_auto_mapping_msgs/lib:/autoware/install/autoware_auto_geometry_msgs/lib:${LD_LIBRARY_PATH} PYTHONPATH=/autoware/install/autoware_auto_vehicle_msgs/local/lib/python3.10/dist-packages:/autoware/install/autoware_auto_planning_msgs/local/lib/python3.10/dist-packages:/autoware/install/autoware_auto_perception_msgs/local/lib/python3.10/dist-packages:/autoware/install/tier4_debug_msgs/local/lib/python3.10/dist-packages:/autoware/install/autoware_auto_mapping_msgs/local/lib/python3.10/dist-packages:/autoware/install/autoware_auto_geometry_msgs/local/lib/python3.10/dist-packages:${PYTHONPATH} /usr/bin/cmake --build /autoware/build/heatmap_visualizer -- -j64 -l64
[5.272s] [ 20%] Building CXX object CMakeFiles/heatmap_visualizer.dir/rclcpp_components/node_main_heatmap_visualizer.cpp.o
[5.275s] [ 40%] Building CXX object CMakeFiles/heatmap_visualizer_component.dir/src/utils.cpp.o
[5.277s] [ 60%] Building CXX object CMakeFiles/heatmap_visualizer_component.dir/src/heatmap_visualizer_node.cpp.o
[8.504s] [ 80%] Linking CXX executable heatmap_visualizer
[8.626s] [ 80%] Built target heatmap_visualizer
[28.358s] [100%] Linking CXX shared library libheatmap_visualizer_component.so
[28.679s] [100%] Built target heatmap_visualizer_component
[28.693s] Invoked command in '/autoware/build/heatmap_visualizer' returned '0': AMENT_PREFIX_PATH=/autoware/install/perception_utils:/autoware/install/interpolation:/autoware/install/tier4_autoware_utils:/autoware/install/autoware_auto_vehicle_msgs:/autoware/install/autoware_cmake:/autoware/install/autoware_auto_planning_msgs:/autoware/install/autoware_auto_perception_msgs:/autoware/install/tier4_debug_msgs:/autoware/install/autoware_lint_common:/autoware/install/autoware_auto_mapping_msgs:/autoware/install/autoware_auto_geometry_msgs:${AMENT_PREFIX_PATH} CMAKE_PREFIX_PATH=/autoware/install/perception_utils:/autoware/install/interpolation:/autoware/install/tier4_autoware_utils:/autoware/install/autoware_auto_vehicle_msgs:/autoware/install/autoware_cmake:/autoware/install/autoware_auto_planning_msgs:/autoware/install/autoware_auto_perception_msgs:/autoware/install/tier4_debug_msgs:/autoware/install/autoware_lint_common:/autoware/install/autoware_auto_mapping_msgs:/autoware/install/autoware_auto_geometry_msgs:/opt/ros/humble LD_LIBRARY_PATH=/autoware/install/perception_utils/lib:/autoware/install/interpolation/lib:/autoware/install/tier4_autoware_utils/lib:/autoware/install/autoware_auto_vehicle_msgs/lib:/autoware/install/autoware_auto_planning_msgs/lib:/autoware/install/autoware_auto_perception_msgs/lib:/autoware/install/tier4_debug_msgs/lib:/autoware/install/autoware_auto_mapping_msgs/lib:/autoware/install/autoware_auto_geometry_msgs/lib:${LD_LIBRARY_PATH} PYTHONPATH=/autoware/install/autoware_auto_vehicle_msgs/local/lib/python3.10/dist-packages:/autoware/install/autoware_auto_planning_msgs/local/lib/python3.10/dist-packages:/autoware/install/autoware_auto_perception_msgs/local/lib/python3.10/dist-packages:/autoware/install/tier4_debug_msgs/local/lib/python3.10/dist-packages:/autoware/install/autoware_auto_mapping_msgs/local/lib/python3.10/dist-packages:/autoware/install/autoware_auto_geometry_msgs/local/lib/python3.10/dist-packages:${PYTHONPATH} /usr/bin/cmake --build /autoware/build/heatmap_visualizer -- -j64 -l64
[28.720s] Invoking command in '/autoware/build/heatmap_visualizer': AMENT_PREFIX_PATH=/autoware/install/perception_utils:/autoware/install/interpolation:/autoware/install/tier4_autoware_utils:/autoware/install/autoware_auto_vehicle_msgs:/autoware/install/autoware_cmake:/autoware/install/autoware_auto_planning_msgs:/autoware/install/autoware_auto_perception_msgs:/autoware/install/tier4_debug_msgs:/autoware/install/autoware_lint_common:/autoware/install/autoware_auto_mapping_msgs:/autoware/install/autoware_auto_geometry_msgs:${AMENT_PREFIX_PATH} CMAKE_PREFIX_PATH=/autoware/install/perception_utils:/autoware/install/interpolation:/autoware/install/tier4_autoware_utils:/autoware/install/autoware_auto_vehicle_msgs:/autoware/install/autoware_cmake:/autoware/install/autoware_auto_planning_msgs:/autoware/install/autoware_auto_perception_msgs:/autoware/install/tier4_debug_msgs:/autoware/install/autoware_lint_common:/autoware/install/autoware_auto_mapping_msgs:/autoware/install/autoware_auto_geometry_msgs:/opt/ros/humble LD_LIBRARY_PATH=/autoware/install/perception_utils/lib:/autoware/install/interpolation/lib:/autoware/install/tier4_autoware_utils/lib:/autoware/install/autoware_auto_vehicle_msgs/lib:/autoware/install/autoware_auto_planning_msgs/lib:/autoware/install/autoware_auto_perception_msgs/lib:/autoware/install/tier4_debug_msgs/lib:/autoware/install/autoware_auto_mapping_msgs/lib:/autoware/install/autoware_auto_geometry_msgs/lib:${LD_LIBRARY_PATH} PYTHONPATH=/autoware/install/autoware_auto_vehicle_msgs/local/lib/python3.10/dist-packages:/autoware/install/autoware_auto_planning_msgs/local/lib/python3.10/dist-packages:/autoware/install/autoware_auto_perception_msgs/local/lib/python3.10/dist-packages:/autoware/install/tier4_debug_msgs/local/lib/python3.10/dist-packages:/autoware/install/autoware_auto_mapping_msgs/local/lib/python3.10/dist-packages:/autoware/install/autoware_auto_geometry_msgs/local/lib/python3.10/dist-packages:${PYTHONPATH} /usr/bin/cmake --install /autoware/build/heatmap_visualizer
[28.730s] -- Install configuration: "Release"
[28.730s] -- Execute custom install script
[28.731s] -- Symlinking: /autoware/install/heatmap_visualizer/lib/heatmap_visualizer/heatmap_visualizer
[28.739s] -- Symlinking: /autoware/install/heatmap_visualizer/include/heatmap_visualizer/heatmap_visualizer_node.hpp
[28.747s] -- Symlinking: /autoware/install/heatmap_visualizer/include/heatmap_visualizer/utils.hpp
[28.755s] -- Symlinking: /autoware/install/heatmap_visualizer/share/heatmap_visualizer/environment/library_path.sh
[28.763s] -- Symlinking: /autoware/install/heatmap_visualizer/share/heatmap_visualizer/environment/library_path.dsv
[28.772s] -- Symlinking: /autoware/install/heatmap_visualizer/lib/libheatmap_visualizer_component.so
[28.785s] -- Symlinking: /autoware/install/heatmap_visualizer/share/heatmap_visualizer/launch/heatmap_visualizer.launch.xml
[28.793s] -- Symlinking: /autoware/install/heatmap_visualizer/share/ament_index/resource_index/package_run_dependencies/heatmap_visualizer
[28.804s] -- Symlinking: /autoware/install/heatmap_visualizer/share/ament_index/resource_index/parent_prefix_path/heatmap_visualizer
[28.821s] -- Symlinking: /autoware/install/heatmap_visualizer/share/heatmap_visualizer/environment/ament_prefix_path.sh
[28.835s] -- Symlinking: /autoware/install/heatmap_visualizer/share/heatmap_visualizer/environment/ament_prefix_path.dsv
[28.882s] -- Symlinking: /autoware/install/heatmap_visualizer/share/heatmap_visualizer/environment/path.sh
[28.932s] -- Symlinking: /autoware/install/heatmap_visualizer/share/heatmap_visualizer/environment/path.dsv
[28.933s] -- Symlinking: /autoware/install/heatmap_visualizer/share/heatmap_visualizer/local_setup.bash
[28.970s] -- Symlinking: /autoware/install/heatmap_visualizer/share/heatmap_visualizer/local_setup.sh
[28.997s] -- Symlinking: /autoware/install/heatmap_visualizer/share/heatmap_visualizer/local_setup.zsh
[28.997s] -- Symlinking: /autoware/install/heatmap_visualizer/share/heatmap_visualizer/local_setup.dsv
[29.005s] -- Symlinking: /autoware/install/heatmap_visualizer/share/heatmap_visualizer/package.dsv
[29.017s] -- Symlinking: /autoware/install/heatmap_visualizer/share/ament_index/resource_index/packages/heatmap_visualizer
[29.030s] -- Symlinking: /autoware/install/heatmap_visualizer/share/ament_index/resource_index/rclcpp_components/heatmap_visualizer
[29.046s] -- Symlinking: /autoware/install/heatmap_visualizer/share/heatmap_visualizer/cmake/ament_cmake_export_dependencies-extras.cmake
[29.062s] -- Symlinking: /autoware/install/heatmap_visualizer/share/heatmap_visualizer/cmake/ament_cmake_export_include_directories-extras.cmake
[29.072s] -- Symlinking: /autoware/install/heatmap_visualizer/share/heatmap_visualizer/cmake/ament_cmake_export_libraries-extras.cmake
[29.086s] -- Symlinking: /autoware/install/heatmap_visualizer/share/heatmap_visualizer/cmake/heatmap_visualizerConfig.cmake
[29.099s] -- Symlinking: /autoware/install/heatmap_visualizer/share/heatmap_visualizer/cmake/heatmap_visualizerConfig-version.cmake
[29.124s] -- Symlinking: /autoware/install/heatmap_visualizer/share/heatmap_visualizer/package.xml
[29.140s] Invoked command in '/autoware/build/heatmap_visualizer' returned '0': AMENT_PREFIX_PATH=/autoware/install/perception_utils:/autoware/install/interpolation:/autoware/install/tier4_autoware_utils:/autoware/install/autoware_auto_vehicle_msgs:/autoware/install/autoware_cmake:/autoware/install/autoware_auto_planning_msgs:/autoware/install/autoware_auto_perception_msgs:/autoware/install/tier4_debug_msgs:/autoware/install/autoware_lint_common:/autoware/install/autoware_auto_mapping_msgs:/autoware/install/autoware_auto_geometry_msgs:${AMENT_PREFIX_PATH} CMAKE_PREFIX_PATH=/autoware/install/perception_utils:/autoware/install/interpolation:/autoware/install/tier4_autoware_utils:/autoware/install/autoware_auto_vehicle_msgs:/autoware/install/autoware_cmake:/autoware/install/autoware_auto_planning_msgs:/autoware/install/autoware_auto_perception_msgs:/autoware/install/tier4_debug_msgs:/autoware/install/autoware_lint_common:/autoware/install/autoware_auto_mapping_msgs:/autoware/install/autoware_auto_geometry_msgs:/opt/ros/humble LD_LIBRARY_PATH=/autoware/install/perception_utils/lib:/autoware/install/interpolation/lib:/autoware/install/tier4_autoware_utils/lib:/autoware/install/autoware_auto_vehicle_msgs/lib:/autoware/install/autoware_auto_planning_msgs/lib:/autoware/install/autoware_auto_perception_msgs/lib:/autoware/install/tier4_debug_msgs/lib:/autoware/install/autoware_auto_mapping_msgs/lib:/autoware/install/autoware_auto_geometry_msgs/lib:${LD_LIBRARY_PATH} PYTHONPATH=/autoware/install/autoware_auto_vehicle_msgs/local/lib/python3.10/dist-packages:/autoware/install/autoware_auto_planning_msgs/local/lib/python3.10/dist-packages:/autoware/install/autoware_auto_perception_msgs/local/lib/python3.10/dist-packages:/autoware/install/tier4_debug_msgs/local/lib/python3.10/dist-packages:/autoware/install/autoware_auto_mapping_msgs/local/lib/python3.10/dist-packages:/autoware/install/autoware_auto_geometry_msgs/local/lib/python3.10/dist-packages:${PYTHONPATH} /usr/bin/cmake --install /autoware/build/heatmap_visualizer
