-- The C compiler identification is GNU 11.3.0
-- The CXX compiler identification is GNU 11.3.0
-- Detecting C compiler ABI info
-- Detecting C compiler ABI info - done
-- Check for working C compiler: /usr/bin/cc - skipped
-- Detecting C compile features
-- Detecting C compile features - done
-- Detecting CXX compiler ABI info
-- Detecting CXX compiler ABI info - done
-- Check for working CXX compiler: /usr/bin/c++ - skipped
-- Detecting CXX compile features
-- Detecting CXX compile features - done
-- Found autoware_cmake: 0.1.0 (/autoware/install/autoware_cmake/share/autoware_cmake/cmake)
-- Found Python3: /usr/bin/python3.10 (found version "3.10.6") found components: Interpreter 
-- Override CMake install command with custom implementation using symlinks instead of copying resources
-- Found rosidl_generator_c: 3.1.3 (/opt/ros/humble/share/rosidl_generator_c/cmake)
-- Found rosidl_adapter: 3.1.3 (/opt/ros/humble/share/rosidl_adapter/cmake)
-- Found rosidl_generator_cpp: 3.1.3 (/opt/ros/humble/share/rosidl_generator_cpp/cmake)
-- Using all available rosidl_typesupport_c: rosidl_typesupport_fastrtps_c;rosidl_typesupport_introspection_c
-- Using all available rosidl_typesupport_cpp: rosidl_typesupport_fastrtps_cpp;rosidl_typesupport_introspection_cpp
-- Found eigen3_cmake_module: 0.1.1 (/opt/ros/humble/share/eigen3_cmake_module/cmake)
-- Found Eigen3: TRUE (found version "3.4.0") 
-- Ensuring Eigen3 include directory is part of orocos-kdl CMake target
-- Found rmw_implementation_cmake: 6.1.0 (/opt/ros/humble/share/rmw_implementation_cmake/cmake)
-- Found rmw_fastrtps_cpp: 6.2.1 (/opt/ros/humble/share/rmw_fastrtps_cpp/cmake)
-- Found OpenSSL: /usr/lib/x86_64-linux-gnu/libcrypto.so (found version "3.0.2")  
-- Found FastRTPS: /opt/ros/humble/include  
-- Using RMW implementation 'rmw_fastrtps_cpp' as default
-- Found ament_lint_auto: 0.12.4 (/opt/ros/humble/share/ament_lint_auto/cmake)
-- Checking for module 'eigen3'
--   Found eigen3, version 3.4.0
-- Found Eigen: /usr/include/eigen3 (Required is at least version "3.1") 
-- Eigen found (include: /usr/include/eigen3, version: 3.4.0)
-- Found Boost: /usr/lib/x86_64-linux-gnu/cmake/Boost-1.74.0/BoostConfig.cmake (found suitable version "1.74.0", minimum required is "1.65.0") found components: system filesystem date_time iostreams serialization 
-- looking for PCL_COMMON
-- Found PCL_COMMON: /usr/lib/x86_64-linux-gnu/libpcl_common.so  
-- Found PCL: pcl_common;Boost::system;Boost::filesystem;Boost::date_time;Boost::iostreams;Boost::serialization  
-- Added test 'copyright' to check source files copyright and LICENSE
-- Added test 'cppcheck' to perform static code analysis on C / C++ code
-- Configured cppcheck include dirs: /autoware/src/universe/autoware.universe/planning/surround_obstacle_checker/include
-- Configured cppcheck exclude dirs and/or files: 
-- Added test 'lint_cmake' to check CMake code style
-- Added test 'xmllint' to check XML markup files
-- Configuring done
-- Generating done
-- Build files have been written to: /autoware/build/surround_obstacle_checker
[ 40%] Building CXX object CMakeFiles/surround_obstacle_checker.dir/src/debug_marker.cpp.o
[ 40%] Building CXX object CMakeFiles/surround_obstacle_checker.dir/src/node.cpp.o
[ 60%] Building CXX object CMakeFiles/surround_obstacle_checker_node.dir/rclcpp_components/node_main_surround_obstacle_checker_node.cpp.o
[ 80%] Linking CXX executable surround_obstacle_checker_node
[ 80%] Built target surround_obstacle_checker_node
[100%] Linking CXX shared library libsurround_obstacle_checker.so
[100%] Built target surround_obstacle_checker
-- Install configuration: "Release"
-- Execute custom install script
-- Symlinking: /autoware/install/surround_obstacle_checker/lib/surround_obstacle_checker/surround_obstacle_checker_node
-- Symlinking: /autoware/install/surround_obstacle_checker/include/surround_obstacle_checker/debug_marker.hpp
-- Symlinking: /autoware/install/surround_obstacle_checker/include/surround_obstacle_checker/node.hpp
-- Symlinking: /autoware/install/surround_obstacle_checker/share/surround_obstacle_checker/environment/library_path.sh
-- Symlinking: /autoware/install/surround_obstacle_checker/share/surround_obstacle_checker/environment/library_path.dsv
-- Symlinking: /autoware/install/surround_obstacle_checker/lib/libsurround_obstacle_checker.so
-- Symlinking: /autoware/install/surround_obstacle_checker/share/surround_obstacle_checker/config/surround_obstacle_checker.param.yaml
-- Symlinking: /autoware/install/surround_obstacle_checker/share/surround_obstacle_checker/launch/surround_obstacle_checker.launch.xml
-- Symlinking: /autoware/install/surround_obstacle_checker/share/ament_index/resource_index/package_run_dependencies/surround_obstacle_checker
-- Symlinking: /autoware/install/surround_obstacle_checker/share/ament_index/resource_index/parent_prefix_path/surround_obstacle_checker
-- Symlinking: /autoware/install/surround_obstacle_checker/share/surround_obstacle_checker/environment/ament_prefix_path.sh
-- Symlinking: /autoware/install/surround_obstacle_checker/share/surround_obstacle_checker/environment/ament_prefix_path.dsv
-- Symlinking: /autoware/install/surround_obstacle_checker/share/surround_obstacle_checker/environment/path.sh
-- Symlinking: /autoware/install/surround_obstacle_checker/share/surround_obstacle_checker/environment/path.dsv
-- Symlinking: /autoware/install/surround_obstacle_checker/share/surround_obstacle_checker/local_setup.bash
-- Symlinking: /autoware/install/surround_obstacle_checker/share/surround_obstacle_checker/local_setup.sh
-- Symlinking: /autoware/install/surround_obstacle_checker/share/surround_obstacle_checker/local_setup.zsh
-- Symlinking: /autoware/install/surround_obstacle_checker/share/surround_obstacle_checker/local_setup.dsv
-- Symlinking: /autoware/install/surround_obstacle_checker/share/surround_obstacle_checker/package.dsv
-- Symlinking: /autoware/install/surround_obstacle_checker/share/ament_index/resource_index/packages/surround_obstacle_checker
-- Symlinking: /autoware/install/surround_obstacle_checker/share/ament_index/resource_index/rclcpp_components/surround_obstacle_checker
-- Symlinking: /autoware/install/surround_obstacle_checker/share/surround_obstacle_checker/cmake/ament_cmake_export_dependencies-extras.cmake
-- Symlinking: /autoware/install/surround_obstacle_checker/share/surround_obstacle_checker/cmake/ament_cmake_export_include_directories-extras.cmake
-- Symlinking: /autoware/install/surround_obstacle_checker/share/surround_obstacle_checker/cmake/ament_cmake_export_libraries-extras.cmake
-- Symlinking: /autoware/install/surround_obstacle_checker/share/surround_obstacle_checker/cmake/surround_obstacle_checkerConfig.cmake
-- Symlinking: /autoware/install/surround_obstacle_checker/share/surround_obstacle_checker/cmake/surround_obstacle_checkerConfig-version.cmake
-- Symlinking: /autoware/install/surround_obstacle_checker/share/surround_obstacle_checker/package.xml
