-- Found autoware_cmake: 0.1.0 (/autoware/install/autoware_cmake/share/autoware_cmake/cmake)
-- Found ament_cmake_auto: 1.3.2 (/opt/ros/humble/share/ament_cmake_auto/cmake)
-- Override CMake install command with custom implementation using symlinks instead of copying resources
-- Found rosidl_generator_c: 3.1.3 (/opt/ros/humble/share/rosidl_generator_c/cmake)
-- Found rosidl_adapter: 3.1.3 (/opt/ros/humble/share/rosidl_adapter/cmake)
-- Found rosidl_generator_cpp: 3.1.3 (/opt/ros/humble/share/rosidl_generator_cpp/cmake)
-- Using all available rosidl_typesupport_c: rosidl_typesupport_fastrtps_c;rosidl_typesupport_introspection_c
-- Using all available rosidl_typesupport_cpp: rosidl_typesupport_fastrtps_cpp;rosidl_typesupport_introspection_cpp
-- Found rmw_implementation_cmake: 6.1.0 (/opt/ros/humble/share/rmw_implementation_cmake/cmake)
-- Found rmw_fastrtps_cpp: 6.2.1 (/opt/ros/humble/share/rmw_fastrtps_cpp/cmake)
-- Using RMW implementation 'rmw_fastrtps_cpp' as default
-- Found eigen3_cmake_module: 0.1.1 (/opt/ros/humble/share/eigen3_cmake_module/cmake)
-- Ensuring Eigen3 include directory is part of orocos-kdl CMake target
-- Eigen found (include: /usr/include/eigen3, version: 3.4.0)
-- FLANN found (include: /usr/include, lib: /usr/lib/x86_64-linux-gnu/libflann_cpp.so)
-- OpenNI found (version: 1.5.4.0, include: /usr/include/ni, lib: /usr/lib/libOpenNI.so;libusb::libusb)
-- OpenNI2 found (version: 2.2.0.33, include: /usr/include/openni2, lib: /usr/lib/x86_64-linux-gnu/libOpenNI2.so;libusb::libusb)
-- Eigen found (include: /usr/include/eigen3, version: 3.4.0)
-- OpenNI found (version: 1.5.4.0, include: /usr/include/ni, lib: /usr/lib/libOpenNI.so;libusb::libusb)
-- OpenNI2 found (version: 2.2.0.33, include: /usr/include/openni2, lib: /usr/lib/x86_64-linux-gnu/libOpenNI2.so;libusb::libusb)
-- Found Qhull version 8.0.2
-- OpenNI found (version: 1.5.4.0, include: /usr/include/ni, lib: /usr/lib/libOpenNI.so;libusb::libusb)
-- Found mrt_cmake_modules: 1.0.9 (/opt/ros/humble/share/mrt_cmake_modules/cmake)
-- Found Boost: /usr/lib/x86_64-linux-gnu/cmake/Boost-1.74.0/BoostConfig.cmake (found version "1.74.0") found components: wserialization thread random serialization log_setup prg_exec_monitor wave system chrono filesystem locale timer date_time regex graph program_options unit_test_framework log atomic iostreams 
-- Found OpenMP_C: -fopenmp (found version "4.5") 
-- Found OpenMP_CXX: -fopenmp (found version "4.5") 
-- Found ament_lint_auto: 0.12.4 (/opt/ros/humble/share/ament_lint_auto/cmake)
-- Found Boost: /usr/lib/x86_64-linux-gnu/cmake/Boost-1.74.0/BoostConfig.cmake (found version "1.74.0")  
-- Found OpenMP_C: -fopenmp (found version "4.5") 
-- Found OpenMP_CXX: -fopenmp (found version "4.5") 
-- Added test 'copyright' to check source files copyright and LICENSE
-- Added test 'cppcheck' to perform static code analysis on C / C++ code
-- Configured cppcheck include dirs: /autoware/src/universe/autoware.universe/perception/compare_map_segmentation/include
-- Configured cppcheck exclude dirs and/or files: 
-- Added test 'lint_cmake' to check CMake code style
-- Added test 'xmllint' to check XML markup files
-- Configuring done
-- Generating done
-- Build files have been written to: /autoware/build/compare_map_segmentation
Consolidate compiler generated dependencies of target voxel_distance_based_compare_map_filter_node
Consolidate compiler generated dependencies of target voxel_based_compare_map_filter_node
Consolidate compiler generated dependencies of target voxel_based_approximate_compare_map_filter_node
Consolidate compiler generated dependencies of target distance_based_compare_map_filter_node
Consolidate compiler generated dependencies of target compare_elevation_map_filter_node
[ 12%] Built target voxel_distance_based_compare_map_filter_node
[ 25%] Built target voxel_based_compare_map_filter_node
[ 37%] Built target distance_based_compare_map_filter_node
[ 50%] Built target voxel_based_approximate_compare_map_filter_node
[ 62%] Built target compare_elevation_map_filter_node
Consolidate compiler generated dependencies of target compare_map_segmentation
[ 68%] Linking CXX shared library libcompare_map_segmentation.so
[100%] Built target compare_map_segmentation
-- Install configuration: "Release"
-- Execute custom install script
-- Up-to-date symlink: /autoware/install/compare_map_segmentation/lib/compare_map_segmentation/distance_based_compare_map_filter_node
-- Up-to-date symlink: /autoware/install/compare_map_segmentation/lib/compare_map_segmentation/voxel_based_approximate_compare_map_filter_node
-- Up-to-date symlink: /autoware/install/compare_map_segmentation/lib/compare_map_segmentation/voxel_based_compare_map_filter_node
-- Up-to-date symlink: /autoware/install/compare_map_segmentation/lib/compare_map_segmentation/voxel_distance_based_compare_map_filter_node
-- Up-to-date symlink: /autoware/install/compare_map_segmentation/lib/compare_map_segmentation/compare_elevation_map_filter_node
-- Up-to-date symlink: /autoware/install/compare_map_segmentation/lib/libcompare_map_segmentation.so
-- Up-to-date symlink: /autoware/install/compare_map_segmentation/include/compare_map_segmentation/compare_elevation_map_filter_node.hpp
-- Up-to-date symlink: /autoware/install/compare_map_segmentation/include/compare_map_segmentation/distance_based_compare_map_filter_nodelet.hpp
-- Up-to-date symlink: /autoware/install/compare_map_segmentation/include/compare_map_segmentation/voxel_based_approximate_compare_map_filter_nodelet.hpp
-- Up-to-date symlink: /autoware/install/compare_map_segmentation/include/compare_map_segmentation/voxel_based_compare_map_filter_nodelet.hpp
-- Up-to-date symlink: /autoware/install/compare_map_segmentation/include/compare_map_segmentation/voxel_distance_based_compare_map_filter_nodelet.hpp
-- Up-to-date symlink: /autoware/install/compare_map_segmentation/share/compare_map_segmentation/launch/compare_elevation_map_filter.launch.xml
-- Up-to-date symlink: /autoware/install/compare_map_segmentation/share/compare_map_segmentation/launch/distance_based_compare_map_filter.launch.xml
-- Up-to-date symlink: /autoware/install/compare_map_segmentation/share/compare_map_segmentation/launch/voxel_based_approximate_compare_map_filter.launch.xml
-- Up-to-date symlink: /autoware/install/compare_map_segmentation/share/compare_map_segmentation/launch/voxel_based_compare_map_filter.launch.xml
-- Up-to-date symlink: /autoware/install/compare_map_segmentation/share/compare_map_segmentation/launch/voxel_distance_based_compare_map_filter.launch.xml
-- Up-to-date symlink: /autoware/install/compare_map_segmentation/share/ament_index/resource_index/package_run_dependencies/compare_map_segmentation
-- Up-to-date symlink: /autoware/install/compare_map_segmentation/share/ament_index/resource_index/parent_prefix_path/compare_map_segmentation
-- Up-to-date symlink: /autoware/install/compare_map_segmentation/share/compare_map_segmentation/environment/ament_prefix_path.sh
-- Up-to-date symlink: /autoware/install/compare_map_segmentation/share/compare_map_segmentation/environment/ament_prefix_path.dsv
-- Up-to-date symlink: /autoware/install/compare_map_segmentation/share/compare_map_segmentation/environment/path.sh
-- Up-to-date symlink: /autoware/install/compare_map_segmentation/share/compare_map_segmentation/environment/path.dsv
-- Up-to-date symlink: /autoware/install/compare_map_segmentation/share/compare_map_segmentation/local_setup.bash
-- Up-to-date symlink: /autoware/install/compare_map_segmentation/share/compare_map_segmentation/local_setup.sh
-- Up-to-date symlink: /autoware/install/compare_map_segmentation/share/compare_map_segmentation/local_setup.zsh
-- Up-to-date symlink: /autoware/install/compare_map_segmentation/share/compare_map_segmentation/local_setup.dsv
-- Symlinking: /autoware/install/compare_map_segmentation/share/compare_map_segmentation/package.dsv
-- Up-to-date symlink: /autoware/install/compare_map_segmentation/share/ament_index/resource_index/packages/compare_map_segmentation
-- Up-to-date symlink: /autoware/install/compare_map_segmentation/share/ament_index/resource_index/rclcpp_components/compare_map_segmentation
-- Up-to-date symlink: /autoware/install/compare_map_segmentation/share/compare_map_segmentation/cmake/ament_cmake_export_dependencies-extras.cmake
-- Up-to-date symlink: /autoware/install/compare_map_segmentation/share/compare_map_segmentation/cmake/ament_cmake_export_include_directories-extras.cmake
-- Up-to-date symlink: /autoware/install/compare_map_segmentation/share/compare_map_segmentation/cmake/compare_map_segmentationConfig.cmake
-- Up-to-date symlink: /autoware/install/compare_map_segmentation/share/compare_map_segmentation/cmake/compare_map_segmentationConfig-version.cmake
-- Up-to-date symlink: /autoware/install/compare_map_segmentation/share/compare_map_segmentation/package.xml
