[0.151s] Invoking command in '/autoware/build/component_interface_specs': AMENT_PREFIX_PATH=/autoware/install/autoware_cmake:/autoware/install/autoware_adapi_v1_msgs:/autoware/install/autoware_lint_common:/autoware/install/ament_cmake_auto:${AMENT_PREFIX_PATH} CMAKE_PREFIX_PATH=/autoware/install/autoware_cmake:/autoware/install/autoware_adapi_v1_msgs:/autoware/install/autoware_lint_common:/autoware/install/ament_cmake_auto:/opt/ros/humble LD_LIBRARY_PATH=/autoware/install/autoware_adapi_v1_msgs/lib:${LD_LIBRARY_PATH} PYTHONPATH=/autoware/install/autoware_adapi_v1_msgs/local/lib/python3.10/dist-packages:${PYTHONPATH} /usr/bin/cmake --build /autoware/build/component_interface_specs -- -j64 -l64
[0.192s] -- Found autoware_cmake: 0.1.0 (/autoware/install/autoware_cmake/share/autoware_cmake/cmake)
[0.193s] -- Found ament_cmake_auto: 1.3.2 (/opt/ros/humble/share/ament_cmake_auto/cmake)
[0.472s] -- Override CMake install command with custom implementation using symlinks instead of copying resources
[0.487s] -- Found rosidl_generator_c: 3.1.3 (/opt/ros/humble/share/rosidl_generator_c/cmake)
[0.487s] -- Found rosidl_adapter: 3.1.3 (/opt/ros/humble/share/rosidl_adapter/cmake)
[0.487s] -- Found rosidl_generator_cpp: 3.1.3 (/opt/ros/humble/share/rosidl_generator_cpp/cmake)
[0.487s] -- Using all available rosidl_typesupport_c: rosidl_typesupport_fastrtps_c;rosidl_typesupport_introspection_c
[0.487s] -- Using all available rosidl_typesupport_cpp: rosidl_typesupport_fastrtps_cpp;rosidl_typesupport_introspection_cpp
[0.687s] -- Found ament_lint_auto: 0.12.4 (/opt/ros/humble/share/ament_lint_auto/cmake)
[0.703s] -- Added test 'copyright' to check source files copyright and LICENSE
[0.703s] -- Added test 'cppcheck' to perform static code analysis on C / C++ code
[0.703s] -- Configured cppcheck include dirs: 
[0.704s] -- Configured cppcheck exclude dirs and/or files: 
[0.707s] -- Added test 'lint_cmake' to check CMake code style
[0.707s] -- Added test 'xmllint' to check XML markup files
[0.708s] -- Configuring done
[0.708s] -- Generating done
[0.708s] -- Build files have been written to: /autoware/build/component_interface_specs
[0.744s] Invoked command in '/autoware/build/component_interface_specs' returned '0': AMENT_PREFIX_PATH=/autoware/install/autoware_cmake:/autoware/install/autoware_adapi_v1_msgs:/autoware/install/autoware_lint_common:/autoware/install/ament_cmake_auto:${AMENT_PREFIX_PATH} CMAKE_PREFIX_PATH=/autoware/install/autoware_cmake:/autoware/install/autoware_adapi_v1_msgs:/autoware/install/autoware_lint_common:/autoware/install/ament_cmake_auto:/opt/ros/humble LD_LIBRARY_PATH=/autoware/install/autoware_adapi_v1_msgs/lib:${LD_LIBRARY_PATH} PYTHONPATH=/autoware/install/autoware_adapi_v1_msgs/local/lib/python3.10/dist-packages:${PYTHONPATH} /usr/bin/cmake --build /autoware/build/component_interface_specs -- -j64 -l64
[0.901s] Invoking command in '/autoware/build/component_interface_specs': AMENT_PREFIX_PATH=/autoware/install/autoware_cmake:/autoware/install/autoware_adapi_v1_msgs:/autoware/install/autoware_lint_common:/autoware/install/ament_cmake_auto:${AMENT_PREFIX_PATH} CMAKE_PREFIX_PATH=/autoware/install/autoware_cmake:/autoware/install/autoware_adapi_v1_msgs:/autoware/install/autoware_lint_common:/autoware/install/ament_cmake_auto:/opt/ros/humble LD_LIBRARY_PATH=/autoware/install/autoware_adapi_v1_msgs/lib:${LD_LIBRARY_PATH} PYTHONPATH=/autoware/install/autoware_adapi_v1_msgs/local/lib/python3.10/dist-packages:${PYTHONPATH} /usr/bin/cmake --install /autoware/build/component_interface_specs
[0.914s] -- Install configuration: "Release"
[0.914s] -- Execute custom install script
[0.914s] -- Up-to-date symlink: /autoware/install/component_interface_specs/include/component_interface_specs/control.hpp
[0.915s] -- Up-to-date symlink: /autoware/install/component_interface_specs/include/component_interface_specs/localization.hpp
[0.915s] -- Up-to-date symlink: /autoware/install/component_interface_specs/include/component_interface_specs/planning.hpp
[0.915s] -- Up-to-date symlink: /autoware/install/component_interface_specs/include/component_interface_specs/system.hpp
[0.915s] -- Up-to-date symlink: /autoware/install/component_interface_specs/share/ament_index/resource_index/package_run_dependencies/component_interface_specs
[0.915s] -- Up-to-date symlink: /autoware/install/component_interface_specs/share/ament_index/resource_index/parent_prefix_path/component_interface_specs
[0.915s] -- Up-to-date symlink: /autoware/install/component_interface_specs/share/component_interface_specs/environment/ament_prefix_path.sh
[0.915s] -- Up-to-date symlink: /autoware/install/component_interface_specs/share/component_interface_specs/environment/ament_prefix_path.dsv
[0.915s] -- Up-to-date symlink: /autoware/install/component_interface_specs/share/component_interface_specs/environment/path.sh
[0.915s] -- Up-to-date symlink: /autoware/install/component_interface_specs/share/component_interface_specs/environment/path.dsv
[0.915s] -- Up-to-date symlink: /autoware/install/component_interface_specs/share/component_interface_specs/local_setup.bash
[0.915s] -- Up-to-date symlink: /autoware/install/component_interface_specs/share/component_interface_specs/local_setup.sh
[0.915s] -- Up-to-date symlink: /autoware/install/component_interface_specs/share/component_interface_specs/local_setup.zsh
[0.915s] -- Up-to-date symlink: /autoware/install/component_interface_specs/share/component_interface_specs/local_setup.dsv
[0.916s] -- Symlinking: /autoware/install/component_interface_specs/share/component_interface_specs/package.dsv
[0.916s] -- Up-to-date symlink: /autoware/install/component_interface_specs/share/ament_index/resource_index/packages/component_interface_specs
[0.916s] -- Up-to-date symlink: /autoware/install/component_interface_specs/share/component_interface_specs/cmake/ament_cmake_export_dependencies-extras.cmake
[0.916s] -- Up-to-date symlink: /autoware/install/component_interface_specs/share/component_interface_specs/cmake/ament_cmake_export_include_directories-extras.cmake
[0.916s] -- Up-to-date symlink: /autoware/install/component_interface_specs/share/component_interface_specs/cmake/component_interface_specsConfig.cmake
[0.917s] -- Up-to-date symlink: /autoware/install/component_interface_specs/share/component_interface_specs/cmake/component_interface_specsConfig-version.cmake
[0.917s] -- Up-to-date symlink: /autoware/install/component_interface_specs/share/component_interface_specs/package.xml
[0.924s] Invoked command in '/autoware/build/component_interface_specs' returned '0': AMENT_PREFIX_PATH=/autoware/install/autoware_cmake:/autoware/install/autoware_adapi_v1_msgs:/autoware/install/autoware_lint_common:/autoware/install/ament_cmake_auto:${AMENT_PREFIX_PATH} CMAKE_PREFIX_PATH=/autoware/install/autoware_cmake:/autoware/install/autoware_adapi_v1_msgs:/autoware/install/autoware_lint_common:/autoware/install/ament_cmake_auto:/opt/ros/humble LD_LIBRARY_PATH=/autoware/install/autoware_adapi_v1_msgs/lib:${LD_LIBRARY_PATH} PYTHONPATH=/autoware/install/autoware_adapi_v1_msgs/local/lib/python3.10/dist-packages:${PYTHONPATH} /usr/bin/cmake --install /autoware/build/component_interface_specs
