[0.140s] Invoking command in '/autoware/build/tier4_localization_msgs': AMENT_PREFIX_PATH=/autoware/install/ament_cmake_auto:${AMENT_PREFIX_PATH} CMAKE_PREFIX_PATH=/autoware/install/ament_cmake_auto:/opt/ros/humble /usr/bin/cmake --build /autoware/build/tier4_localization_msgs -- -j64 -l64
[0.252s] Consolidate compiler generated dependencies of target tier4_localization_msgs__rosidl_generator_c
[0.252s] [  3%] Built target tier4_localization_msgs__cpp
[0.252s] [ 12%] Built target tier4_localization_msgs__rosidl_generator_c
[0.252s] [ 12%] Built target ament_cmake_python_symlink_tier4_localization_msgs
[0.252s] Consolidate compiler generated dependencies of target tier4_localization_msgs__rosidl_typesupport_cpp
[0.252s] Consolidate compiler generated dependencies of target tier4_localization_msgs__rosidl_typesupport_introspection_cpp
[0.252s] Consolidate compiler generated dependencies of target tier4_localization_msgs__rosidl_typesupport_fastrtps_cpp
[0.253s] Consolidate compiler generated dependencies of target tier4_localization_msgs__rosidl_typesupport_introspection_c
[0.253s] Consolidate compiler generated dependencies of target tier4_localization_msgs__rosidl_typesupport_c
[0.253s] Consolidate compiler generated dependencies of target tier4_localization_msgs__rosidl_typesupport_fastrtps_c
[0.257s] [ 25%] Built target tier4_localization_msgs__rosidl_typesupport_cpp
[0.257s] [ 32%] Built target tier4_localization_msgs__rosidl_typesupport_c
[0.258s] [ 51%] Built target tier4_localization_msgs__rosidl_typesupport_introspection_c
[0.258s] [ 51%] Built target tier4_localization_msgs__rosidl_typesupport_introspection_cpp
[0.258s] [ 61%] Built target tier4_localization_msgs__rosidl_typesupport_fastrtps_cpp
[0.259s] [ 70%] Built target tier4_localization_msgs__rosidl_typesupport_fastrtps_c
[0.264s] [ 70%] Built target tier4_localization_msgs
[0.289s] [ 74%] Built target tier4_localization_msgs__py
[0.343s] Consolidate compiler generated dependencies of target tier4_localization_msgs__rosidl_generator_py
[0.344s] [ 80%] Built target tier4_localization_msgs__rosidl_generator_py
[0.344s] Consolidate compiler generated dependencies of target tier4_localization_msgs__rosidl_typesupport_c__pyext
[0.344s] Consolidate compiler generated dependencies of target tier4_localization_msgs__rosidl_typesupport_fastrtps_c__pyext
[0.344s] Consolidate compiler generated dependencies of target tier4_localization_msgs__rosidl_typesupport_introspection_c__pyext
[0.348s] [ 87%] Built target tier4_localization_msgs__rosidl_typesupport_c__pyext
[0.348s] [ 93%] Built target tier4_localization_msgs__rosidl_typesupport_fastrtps_c__pyext
[0.353s] [100%] Built target tier4_localization_msgs__rosidl_typesupport_introspection_c__pyext
[0.574s] running egg_info
[0.574s] writing tier4_localization_msgs.egg-info/PKG-INFO
[0.575s] writing dependency_links to tier4_localization_msgs.egg-info/dependency_links.txt
[0.575s] writing top-level names to tier4_localization_msgs.egg-info/top_level.txt
[0.576s] reading manifest file 'tier4_localization_msgs.egg-info/SOURCES.txt'
[0.576s] writing manifest file 'tier4_localization_msgs.egg-info/SOURCES.txt'
[0.590s] [100%] Built target ament_cmake_python_build_tier4_localization_msgs_egg
[0.608s] Invoked command in '/autoware/build/tier4_localization_msgs' returned '0': AMENT_PREFIX_PATH=/autoware/install/ament_cmake_auto:${AMENT_PREFIX_PATH} CMAKE_PREFIX_PATH=/autoware/install/ament_cmake_auto:/opt/ros/humble /usr/bin/cmake --build /autoware/build/tier4_localization_msgs -- -j64 -l64
[0.696s] Invoking command in '/autoware/build/tier4_localization_msgs': AMENT_PREFIX_PATH=/autoware/install/ament_cmake_auto:${AMENT_PREFIX_PATH} CMAKE_PREFIX_PATH=/autoware/install/ament_cmake_auto:/opt/ros/humble /usr/bin/cmake --install /autoware/build/tier4_localization_msgs
[0.720s] -- Install configuration: "Release"
[0.722s] -- Execute custom install script
[0.726s] -- Up-to-date symlink: /autoware/install/tier4_localization_msgs/share/ament_index/resource_index/rosidl_interfaces/tier4_localization_msgs
[0.732s] -- Up-to-date symlink: /autoware/install/tier4_localization_msgs/include/tier4_localization_msgs/tier4_localization_msgs/msg/rosidl_generator_c__visibility_control.h
[0.733s] -- Up-to-date symlink: /autoware/install/tier4_localization_msgs/include/tier4_localization_msgs/tier4_localization_msgs/srv/detail/pose_with_covariance_stamped__functions.h
[0.733s] -- Up-to-date symlink: /autoware/install/tier4_localization_msgs/include/tier4_localization_msgs/tier4_localization_msgs/srv/detail/pose_with_covariance_stamped__struct.h
[0.733s] -- Up-to-date symlink: /autoware/install/tier4_localization_msgs/include/tier4_localization_msgs/tier4_localization_msgs/srv/detail/pose_with_covariance_stamped__type_support.h
[0.734s] -- Up-to-date symlink: /autoware/install/tier4_localization_msgs/include/tier4_localization_msgs/tier4_localization_msgs/srv/pose_with_covariance_stamped.h
[0.734s] -- Up-to-date symlink: /autoware/install/tier4_localization_msgs/share/tier4_localization_msgs/environment/library_path.sh
[0.735s] -- Up-to-date symlink: /autoware/install/tier4_localization_msgs/share/tier4_localization_msgs/environment/library_path.dsv
[0.736s] -- Up-to-date symlink: /autoware/install/tier4_localization_msgs/include/tier4_localization_msgs/tier4_localization_msgs/msg/rosidl_typesupport_fastrtps_c__visibility_control.h
[0.736s] -- Up-to-date symlink: /autoware/install/tier4_localization_msgs/include/tier4_localization_msgs/tier4_localization_msgs/srv/detail/pose_with_covariance_stamped__rosidl_typesupport_fastrtps_c.h
[0.737s] -- Up-to-date symlink: /autoware/install/tier4_localization_msgs/include/tier4_localization_msgs/tier4_localization_msgs/msg/rosidl_typesupport_introspection_c__visibility_control.h
[0.741s] -- Up-to-date symlink: /autoware/install/tier4_localization_msgs/include/tier4_localization_msgs/tier4_localization_msgs/srv/detail/pose_with_covariance_stamped__rosidl_typesupport_introspection_c.h
[0.742s] -- Up-to-date symlink: /autoware/install/tier4_localization_msgs/include/tier4_localization_msgs/tier4_localization_msgs/srv/detail/pose_with_covariance_stamped__builder.hpp
[0.742s] -- Up-to-date symlink: /autoware/install/tier4_localization_msgs/include/tier4_localization_msgs/tier4_localization_msgs/srv/detail/pose_with_covariance_stamped__struct.hpp
[0.742s] -- Up-to-date symlink: /autoware/install/tier4_localization_msgs/include/tier4_localization_msgs/tier4_localization_msgs/srv/detail/pose_with_covariance_stamped__traits.hpp
[0.742s] -- Up-to-date symlink: /autoware/install/tier4_localization_msgs/include/tier4_localization_msgs/tier4_localization_msgs/srv/pose_with_covariance_stamped.hpp
[0.744s] -- Up-to-date symlink: /autoware/install/tier4_localization_msgs/include/tier4_localization_msgs/tier4_localization_msgs/msg/rosidl_typesupport_fastrtps_cpp__visibility_control.h
[0.748s] -- Up-to-date symlink: /autoware/install/tier4_localization_msgs/include/tier4_localization_msgs/tier4_localization_msgs/srv/detail/pose_with_covariance_stamped__rosidl_typesupport_fastrtps_cpp.hpp
[0.749s] -- Up-to-date symlink: /autoware/install/tier4_localization_msgs/include/tier4_localization_msgs/tier4_localization_msgs/srv/detail/pose_with_covariance_stamped__rosidl_typesupport_introspection_cpp.hpp
[0.749s] -- Up-to-date symlink: /autoware/install/tier4_localization_msgs/share/tier4_localization_msgs/environment/pythonpath.sh
[0.749s] -- Up-to-date symlink: /autoware/install/tier4_localization_msgs/share/tier4_localization_msgs/environment/pythonpath.dsv
[0.750s] -- Up-to-date symlink: /autoware/install/tier4_localization_msgs/local/lib/python3.10/dist-packages/tier4_localization_msgs-0.1.0-py3.10.egg-info/PKG-INFO
[0.750s] -- Up-to-date symlink: /autoware/install/tier4_localization_msgs/local/lib/python3.10/dist-packages/tier4_localization_msgs-0.1.0-py3.10.egg-info/SOURCES.txt
[0.750s] -- Up-to-date symlink: /autoware/install/tier4_localization_msgs/local/lib/python3.10/dist-packages/tier4_localization_msgs-0.1.0-py3.10.egg-info/dependency_links.txt
[0.754s] -- Up-to-date symlink: /autoware/install/tier4_localization_msgs/local/lib/python3.10/dist-packages/tier4_localization_msgs-0.1.0-py3.10.egg-info/top_level.txt
[0.755s] -- Up-to-date symlink: /autoware/install/tier4_localization_msgs/local/lib/python3.10/dist-packages/tier4_localization_msgs/__init__.py
[0.755s] -- Up-to-date symlink: /autoware/install/tier4_localization_msgs/local/lib/python3.10/dist-packages/tier4_localization_msgs/_tier4_localization_msgs_s.ep.rosidl_typesupport_c.c
[0.756s] -- Up-to-date symlink: /autoware/install/tier4_localization_msgs/local/lib/python3.10/dist-packages/tier4_localization_msgs/_tier4_localization_msgs_s.ep.rosidl_typesupport_fastrtps_c.c
[0.756s] -- Up-to-date symlink: /autoware/install/tier4_localization_msgs/local/lib/python3.10/dist-packages/tier4_localization_msgs/_tier4_localization_msgs_s.ep.rosidl_typesupport_introspection_c.c
[0.756s] -- Up-to-date symlink: /autoware/install/tier4_localization_msgs/local/lib/python3.10/dist-packages/tier4_localization_msgs/libtier4_localization_msgs__rosidl_generator_py.so
[0.756s] -- Up-to-date symlink: /autoware/install/tier4_localization_msgs/local/lib/python3.10/dist-packages/tier4_localization_msgs/srv/__init__.py
[0.757s] -- Up-to-date symlink: /autoware/install/tier4_localization_msgs/local/lib/python3.10/dist-packages/tier4_localization_msgs/srv/_pose_with_covariance_stamped.py
[0.757s] -- Up-to-date symlink: /autoware/install/tier4_localization_msgs/local/lib/python3.10/dist-packages/tier4_localization_msgs/srv/_pose_with_covariance_stamped_s.c
[0.757s] -- Up-to-date symlink: /autoware/install/tier4_localization_msgs/local/lib/python3.10/dist-packages/tier4_localization_msgs/tier4_localization_msgs_s__rosidl_typesupport_c.cpython-310-x86_64-linux-gnu.so
[0.758s] -- Up-to-date symlink: /autoware/install/tier4_localization_msgs/local/lib/python3.10/dist-packages/tier4_localization_msgs/tier4_localization_msgs_s__rosidl_typesupport_fastrtps_c.cpython-310-x86_64-linux-gnu.so
[0.758s] -- Up-to-date symlink: /autoware/install/tier4_localization_msgs/local/lib/python3.10/dist-packages/tier4_localization_msgs/tier4_localization_msgs_s__rosidl_typesupport_introspection_c.cpython-310-x86_64-linux-gnu.so
[0.758s] -- Up-to-date symlink: /autoware/install/tier4_localization_msgs/local/lib/python3.10/dist-packages/tier4_localization_msgs/tier4_localization_msgs_s__rosidl_typesupport_fastrtps_c.cpython-310-x86_64-linux-gnu.so
[0.759s] -- Up-to-date symlink: /autoware/install/tier4_localization_msgs/local/lib/python3.10/dist-packages/tier4_localization_msgs/tier4_localization_msgs_s__rosidl_typesupport_introspection_c.cpython-310-x86_64-linux-gnu.so
[0.759s] -- Up-to-date symlink: /autoware/install/tier4_localization_msgs/local/lib/python3.10/dist-packages/tier4_localization_msgs/tier4_localization_msgs_s__rosidl_typesupport_c.cpython-310-x86_64-linux-gnu.so
[0.760s] -- Up-to-date symlink: /autoware/install/tier4_localization_msgs/share/tier4_localization_msgs/srv/PoseWithCovarianceStamped.idl
[0.761s] -- Up-to-date symlink: /autoware/install/tier4_localization_msgs/share/tier4_localization_msgs/srv/PoseWithCovarianceStamped.srv
[0.762s] -- Up-to-date symlink: /autoware/install/tier4_localization_msgs/share/tier4_localization_msgs/srv/PoseWithCovarianceStamped_Request.msg
[0.762s] -- Up-to-date symlink: /autoware/install/tier4_localization_msgs/share/tier4_localization_msgs/srv/PoseWithCovarianceStamped_Response.msg
[0.763s] -- Up-to-date symlink: /autoware/install/tier4_localization_msgs/share/ament_index/resource_index/package_run_dependencies/tier4_localization_msgs
[0.763s] -- Up-to-date symlink: /autoware/install/tier4_localization_msgs/share/ament_index/resource_index/parent_prefix_path/tier4_localization_msgs
[0.764s] -- Up-to-date symlink: /autoware/install/tier4_localization_msgs/share/tier4_localization_msgs/environment/ament_prefix_path.sh
[0.764s] -- Up-to-date symlink: /autoware/install/tier4_localization_msgs/share/tier4_localization_msgs/environment/ament_prefix_path.dsv
[0.764s] -- Up-to-date symlink: /autoware/install/tier4_localization_msgs/share/tier4_localization_msgs/environment/path.sh
[0.764s] -- Up-to-date symlink: /autoware/install/tier4_localization_msgs/share/tier4_localization_msgs/environment/path.dsv
[0.764s] -- Up-to-date symlink: /autoware/install/tier4_localization_msgs/share/tier4_localization_msgs/local_setup.bash
[0.765s] -- Up-to-date symlink: /autoware/install/tier4_localization_msgs/share/tier4_localization_msgs/local_setup.sh
[0.765s] -- Up-to-date symlink: /autoware/install/tier4_localization_msgs/share/tier4_localization_msgs/local_setup.zsh
[0.765s] -- Up-to-date symlink: /autoware/install/tier4_localization_msgs/share/tier4_localization_msgs/local_setup.dsv
[0.765s] -- Symlinking: /autoware/install/tier4_localization_msgs/share/tier4_localization_msgs/package.dsv
[0.780s] -- Up-to-date symlink: /autoware/install/tier4_localization_msgs/share/ament_index/resource_index/packages/tier4_localization_msgs
[0.780s] -- Up-to-date symlink: /autoware/install/tier4_localization_msgs/share/tier4_localization_msgs/cmake/rosidl_cmake-extras.cmake
[0.780s] -- Up-to-date symlink: /autoware/install/tier4_localization_msgs/share/tier4_localization_msgs/cmake/ament_cmake_export_dependencies-extras.cmake
[0.780s] -- Up-to-date symlink: /autoware/install/tier4_localization_msgs/share/tier4_localization_msgs/cmake/ament_cmake_export_include_directories-extras.cmake
[0.780s] -- Up-to-date symlink: /autoware/install/tier4_localization_msgs/share/tier4_localization_msgs/cmake/ament_cmake_export_libraries-extras.cmake
[0.780s] -- Up-to-date symlink: /autoware/install/tier4_localization_msgs/share/tier4_localization_msgs/cmake/ament_cmake_export_targets-extras.cmake
[0.780s] -- Up-to-date symlink: /autoware/install/tier4_localization_msgs/share/tier4_localization_msgs/cmake/rosidl_cmake_export_typesupport_targets-extras.cmake
[0.780s] -- Up-to-date symlink: /autoware/install/tier4_localization_msgs/share/tier4_localization_msgs/cmake/rosidl_cmake_export_typesupport_libraries-extras.cmake
[0.781s] -- Up-to-date symlink: /autoware/install/tier4_localization_msgs/share/tier4_localization_msgs/cmake/tier4_localization_msgsConfig.cmake
[0.781s] -- Up-to-date symlink: /autoware/install/tier4_localization_msgs/share/tier4_localization_msgs/cmake/tier4_localization_msgsConfig-version.cmake
[0.781s] -- Up-to-date symlink: /autoware/install/tier4_localization_msgs/share/tier4_localization_msgs/package.xml
[0.785s] -- Up-to-date: /autoware/install/tier4_localization_msgs/lib/libtier4_localization_msgs__rosidl_generator_c.so
[0.785s] -- Up-to-date: /autoware/install/tier4_localization_msgs/lib/libtier4_localization_msgs__rosidl_typesupport_fastrtps_c.so
[0.785s] -- Up-to-date: /autoware/install/tier4_localization_msgs/lib/libtier4_localization_msgs__rosidl_typesupport_introspection_c.so
[0.786s] -- Up-to-date: /autoware/install/tier4_localization_msgs/lib/libtier4_localization_msgs__rosidl_typesupport_c.so
[0.786s] -- Up-to-date: /autoware/install/tier4_localization_msgs/lib/libtier4_localization_msgs__rosidl_typesupport_fastrtps_cpp.so
[0.786s] -- Up-to-date: /autoware/install/tier4_localization_msgs/lib/libtier4_localization_msgs__rosidl_typesupport_introspection_cpp.so
[0.786s] -- Up-to-date: /autoware/install/tier4_localization_msgs/lib/libtier4_localization_msgs__rosidl_typesupport_cpp.so
[0.800s] Listing '/autoware/install/tier4_localization_msgs/local/lib/python3.10/dist-packages/tier4_localization_msgs'...
[0.800s] Listing '/autoware/install/tier4_localization_msgs/local/lib/python3.10/dist-packages/tier4_localization_msgs/srv'...
[0.813s] -- Up-to-date: /autoware/install/tier4_localization_msgs/lib/libtier4_localization_msgs__rosidl_generator_py.so
[0.813s] -- Up-to-date: /autoware/install/tier4_localization_msgs/share/tier4_localization_msgs/cmake/export_tier4_localization_msgs__rosidl_generator_cExport.cmake
[0.813s] -- Up-to-date: /autoware/install/tier4_localization_msgs/share/tier4_localization_msgs/cmake/export_tier4_localization_msgs__rosidl_generator_cExport-release.cmake
[0.813s] -- Up-to-date: /autoware/install/tier4_localization_msgs/share/tier4_localization_msgs/cmake/export_tier4_localization_msgs__rosidl_typesupport_fastrtps_cExport.cmake
[0.813s] -- Up-to-date: /autoware/install/tier4_localization_msgs/share/tier4_localization_msgs/cmake/export_tier4_localization_msgs__rosidl_typesupport_fastrtps_cExport-release.cmake
[0.813s] -- Up-to-date: /autoware/install/tier4_localization_msgs/share/tier4_localization_msgs/cmake/tier4_localization_msgs__rosidl_typesupport_introspection_cExport.cmake
[0.813s] -- Up-to-date: /autoware/install/tier4_localization_msgs/share/tier4_localization_msgs/cmake/tier4_localization_msgs__rosidl_typesupport_introspection_cExport-release.cmake
[0.814s] -- Up-to-date: /autoware/install/tier4_localization_msgs/share/tier4_localization_msgs/cmake/tier4_localization_msgs__rosidl_typesupport_cExport.cmake
[0.814s] -- Up-to-date: /autoware/install/tier4_localization_msgs/share/tier4_localization_msgs/cmake/tier4_localization_msgs__rosidl_typesupport_cExport-release.cmake
[0.814s] -- Up-to-date: /autoware/install/tier4_localization_msgs/share/tier4_localization_msgs/cmake/export_tier4_localization_msgs__rosidl_generator_cppExport.cmake
[0.814s] -- Up-to-date: /autoware/install/tier4_localization_msgs/share/tier4_localization_msgs/cmake/export_tier4_localization_msgs__rosidl_typesupport_fastrtps_cppExport.cmake
[0.814s] -- Up-to-date: /autoware/install/tier4_localization_msgs/share/tier4_localization_msgs/cmake/export_tier4_localization_msgs__rosidl_typesupport_fastrtps_cppExport-release.cmake
[0.814s] -- Up-to-date: /autoware/install/tier4_localization_msgs/share/tier4_localization_msgs/cmake/tier4_localization_msgs__rosidl_typesupport_introspection_cppExport.cmake
[0.814s] -- Up-to-date: /autoware/install/tier4_localization_msgs/share/tier4_localization_msgs/cmake/tier4_localization_msgs__rosidl_typesupport_introspection_cppExport-release.cmake
[0.814s] -- Up-to-date: /autoware/install/tier4_localization_msgs/share/tier4_localization_msgs/cmake/tier4_localization_msgs__rosidl_typesupport_cppExport.cmake
[0.814s] -- Up-to-date: /autoware/install/tier4_localization_msgs/share/tier4_localization_msgs/cmake/tier4_localization_msgs__rosidl_typesupport_cppExport-release.cmake
[0.814s] -- Up-to-date: /autoware/install/tier4_localization_msgs/share/tier4_localization_msgs/cmake/export_tier4_localization_msgs__rosidl_generator_pyExport.cmake
[0.814s] -- Up-to-date: /autoware/install/tier4_localization_msgs/share/tier4_localization_msgs/cmake/export_tier4_localization_msgs__rosidl_generator_pyExport-release.cmake
[0.840s] Invoked command in '/autoware/build/tier4_localization_msgs' returned '0': AMENT_PREFIX_PATH=/autoware/install/ament_cmake_auto:${AMENT_PREFIX_PATH} CMAKE_PREFIX_PATH=/autoware/install/ament_cmake_auto:/opt/ros/humble /usr/bin/cmake --install /autoware/build/tier4_localization_msgs
