-- Found autoware_cmake: 0.1.0 (/autoware/install/autoware_cmake/share/autoware_cmake/cmake)
-- Found ament_cmake_auto: 1.3.2 (/opt/ros/humble/share/ament_cmake_auto/cmake)
-- Override CMake install command with custom implementation using symlinks instead of copying resources
-- Found rosidl_generator_c: 3.1.3 (/opt/ros/humble/share/rosidl_generator_c/cmake)
-- Found rosidl_adapter: 3.1.3 (/opt/ros/humble/share/rosidl_adapter/cmake)
-- Found rosidl_generator_cpp: 3.1.3 (/opt/ros/humble/share/rosidl_generator_cpp/cmake)
-- Using all available rosidl_typesupport_c: rosidl_typesupport_fastrtps_c;rosidl_typesupport_introspection_c
-- Using all available rosidl_typesupport_cpp: rosidl_typesupport_fastrtps_cpp;rosidl_typesupport_introspection_cpp
-- Found rmw_implementation_cmake: 6.1.0 (/opt/ros/humble/share/rmw_implementation_cmake/cmake)
-- Found rmw_fastrtps_cpp: 6.2.1 (/opt/ros/humble/share/rmw_fastrtps_cpp/cmake)
-- Using RMW implementation 'rmw_fastrtps_cpp' as default
-- Found mrt_cmake_modules: 1.0.9 (/opt/ros/humble/share/mrt_cmake_modules/cmake)
-- Found eigen3_cmake_module: 0.1.1 (/opt/ros/humble/share/eigen3_cmake_module/cmake)
-- Ensuring Eigen3 include directory is part of orocos-kdl CMake target
-- Eigen found (include: /usr/include/eigen3, version: 3.4.0)
-- OpenNI found (version: 1.5.4.0, include: /usr/include/ni, lib: /usr/lib/libOpenNI.so;libusb::libusb)
-- OpenNI2 found (version: 2.2.0.33, include: /usr/include/openni2, lib: /usr/lib/x86_64-linux-gnu/libOpenNI2.so;libusb::libusb)
-- Eigen found (include: /usr/include/eigen3, version: 3.4.0)
-- OpenNI found (version: 1.5.4.0, include: /usr/include/ni, lib: /usr/lib/libOpenNI.so;libusb::libusb)
-- OpenNI2 found (version: 2.2.0.33, include: /usr/include/openni2, lib: /usr/lib/x86_64-linux-gnu/libOpenNI2.so;libusb::libusb)
-- Found Qhull version 8.0.2
-- OpenNI found (version: 1.5.4.0, include: /usr/include/ni, lib: /usr/lib/libOpenNI.so;libusb::libusb)
-- Found ament_lint_auto: 0.12.4 (/opt/ros/humble/share/ament_lint_auto/cmake)
-- Found launch_testing_ament_cmake: 1.0.3 (/opt/ros/humble/share/launch_testing_ament_cmake/cmake)
-- Found python_cmake_module: 0.10.0 (/opt/ros/humble/share/python_cmake_module/cmake)
-- Using PYTHON_EXECUTABLE: /usr/bin/python3.10
-- Using PYTHON_INCLUDE_DIRS: /usr/include/python3.10
-- Using PYTHON_LIBRARIES: /usr/lib/x86_64-linux-gnu/libpython3.10.so
-- Found gmock sources under '/opt/ros/humble/src/gmock_vendor': C++ tests using 'Google Mock' will be built
-- Found ament_cmake_gtest: 1.3.2 (/opt/ros/humble/share/ament_cmake_gtest/cmake)
-- Found gtest sources under '/opt/ros/humble/src/gtest_vendor': C++ tests using 'Google Test' will be built
-- Added test 'copyright' to check source files copyright and LICENSE
-- Added test 'cppcheck' to perform static code analysis on C / C++ code
-- Configured cppcheck include dirs: /autoware/src/universe/autoware.universe/map/map_loader/include
-- Configured cppcheck exclude dirs and/or files: 
-- Added test 'lint_cmake' to check CMake code style
-- Added test 'xmllint' to check XML markup files
-- Configuring done
-- Generating done
-- Build files have been written to: /autoware/build/map_loader
Consolidate compiler generated dependencies of target pointcloud_map_loader
Consolidate compiler generated dependencies of target gmock_main
Consolidate compiler generated dependencies of target lanelet2_map_visualization
Consolidate compiler generated dependencies of target gmock
Consolidate compiler generated dependencies of target lanelet2_map_loader
[  8%] Built target pointcloud_map_loader
[ 17%] Built target gmock_main
[ 26%] Built target lanelet2_map_loader
[ 39%] Built target gmock
[ 47%] Built target lanelet2_map_visualization
Consolidate compiler generated dependencies of target pointcloud_map_loader_node
[ 52%] Building CXX object CMakeFiles/pointcloud_map_loader_node.dir/src/pointcloud_map_loader/pointcloud_map_loader_node.cpp.o
[ 56%] Building CXX object CMakeFiles/pointcloud_map_loader_node.dir/src/pointcloud_map_loader/pointcloud_map_loader_module.cpp.o
[ 60%] Building CXX object CMakeFiles/pointcloud_map_loader_node.dir/src/pointcloud_map_loader/partial_map_loader_module.cpp.o
[ 65%] Building CXX object CMakeFiles/pointcloud_map_loader_node.dir/src/pointcloud_map_loader/differential_map_loader_module.cpp.o
[ 69%] Building CXX object CMakeFiles/pointcloud_map_loader_node.dir/src/pointcloud_map_loader/utils.cpp.o
[ 73%] Linking CXX shared library libpointcloud_map_loader_node.so
[ 73%] Built target pointcloud_map_loader_node
Consolidate compiler generated dependencies of target lanelet2_map_loader_node
[ 78%] Building CXX object CMakeFiles/lanelet2_map_loader_node.dir/src/lanelet2_map_loader/lanelet2_map_loader_node.cpp.o
[ 82%] Linking CXX shared library liblanelet2_map_loader_node.so
[ 82%] Built target lanelet2_map_loader_node
Consolidate compiler generated dependencies of target lanelet2_map_visualization_node
[ 86%] Building CXX object CMakeFiles/lanelet2_map_visualization_node.dir/src/lanelet2_map_loader/lanelet2_map_visualization_node.cpp.o
[ 91%] Linking CXX shared library liblanelet2_map_visualization_node.so
[ 91%] Built target lanelet2_map_visualization_node
Consolidate compiler generated dependencies of target test_sphere_box_overlap
[ 95%] Building CXX object CMakeFiles/test_sphere_box_overlap.dir/test/test_sphere_box_overlap.cpp.o
[100%] Linking CXX executable test_sphere_box_overlap
[100%] Built target test_sphere_box_overlap
-- Install configuration: "Release"
-- Execute custom install script
-- Up-to-date symlink: /autoware/install/map_loader/lib/map_loader/pointcloud_map_loader
-- Up-to-date symlink: /autoware/install/map_loader/lib/map_loader/lanelet2_map_loader
-- Up-to-date symlink: /autoware/install/map_loader/lib/map_loader/lanelet2_map_visualization
-- Up-to-date symlink: /autoware/install/map_loader/share/map_loader/test/data//test_map.osm
-- Up-to-date symlink: /autoware/install/map_loader/lib/map_loader/map_hash_generator
-- Up-to-date symlink: /autoware/install/map_loader/include/map_loader/lanelet2_map_loader_node.hpp
-- Up-to-date symlink: /autoware/install/map_loader/include/map_loader/lanelet2_map_visualization_node.hpp
-- Up-to-date symlink: /autoware/install/map_loader/share/map_loader/environment/library_path.sh
-- Up-to-date symlink: /autoware/install/map_loader/share/map_loader/environment/library_path.dsv
-- Up-to-date symlink: /autoware/install/map_loader/lib/libpointcloud_map_loader_node.so
-- Up-to-date symlink: /autoware/install/map_loader/lib/liblanelet2_map_loader_node.so
-- Up-to-date symlink: /autoware/install/map_loader/lib/liblanelet2_map_visualization_node.so
-- Up-to-date symlink: /autoware/install/map_loader/share/map_loader/launch/lanelet2_map_loader.launch.xml
-- Up-to-date symlink: /autoware/install/map_loader/share/map_loader/launch/pointcloud_map_loader.launch.xml
-- Up-to-date symlink: /autoware/install/map_loader/share/map_loader/config/lanelet2_map_loader.param.yaml
-- Up-to-date symlink: /autoware/install/map_loader/share/map_loader/config/pointcloud_map_loader.param.yaml
-- Up-to-date symlink: /autoware/install/map_loader/share/ament_index/resource_index/package_run_dependencies/map_loader
-- Up-to-date symlink: /autoware/install/map_loader/share/ament_index/resource_index/parent_prefix_path/map_loader
-- Up-to-date symlink: /autoware/install/map_loader/share/map_loader/environment/ament_prefix_path.sh
-- Up-to-date symlink: /autoware/install/map_loader/share/map_loader/environment/ament_prefix_path.dsv
-- Up-to-date symlink: /autoware/install/map_loader/share/map_loader/environment/path.sh
-- Up-to-date symlink: /autoware/install/map_loader/share/map_loader/environment/path.dsv
-- Up-to-date symlink: /autoware/install/map_loader/share/map_loader/local_setup.bash
-- Up-to-date symlink: /autoware/install/map_loader/share/map_loader/local_setup.sh
-- Up-to-date symlink: /autoware/install/map_loader/share/map_loader/local_setup.zsh
-- Up-to-date symlink: /autoware/install/map_loader/share/map_loader/local_setup.dsv
-- Symlinking: /autoware/install/map_loader/share/map_loader/package.dsv
-- Up-to-date symlink: /autoware/install/map_loader/share/ament_index/resource_index/packages/map_loader
-- Up-to-date symlink: /autoware/install/map_loader/share/ament_index/resource_index/rclcpp_components/map_loader
-- Up-to-date symlink: /autoware/install/map_loader/share/map_loader/cmake/ament_cmake_export_dependencies-extras.cmake
-- Up-to-date symlink: /autoware/install/map_loader/share/map_loader/cmake/ament_cmake_export_include_directories-extras.cmake
-- Up-to-date symlink: /autoware/install/map_loader/share/map_loader/cmake/ament_cmake_export_libraries-extras.cmake
-- Up-to-date symlink: /autoware/install/map_loader/share/map_loader/cmake/map_loaderConfig.cmake
-- Up-to-date symlink: /autoware/install/map_loader/share/map_loader/cmake/map_loaderConfig-version.cmake
-- Up-to-date symlink: /autoware/install/map_loader/share/map_loader/package.xml
