[0.129s] Invoking command in '/autoware/build/autoware_adapi_v1_msgs': AMENT_PREFIX_PATH=/autoware/install/ament_cmake_auto:${AMENT_PREFIX_PATH} CMAKE_PREFIX_PATH=/autoware/install/ament_cmake_auto:/opt/ros/humble /usr/bin/cmake --build /autoware/build/autoware_adapi_v1_msgs -- -j64 -l64
[0.290s] [  0%] Built target autoware_adapi_v1_msgs__cpp
[0.290s] Consolidate compiler generated dependencies of target autoware_adapi_v1_msgs__rosidl_generator_c
[0.290s] [  0%] Built target ament_cmake_python_symlink_autoware_adapi_v1_msgs
[0.290s] [ 12%] Built target autoware_adapi_v1_msgs__rosidl_generator_c
[0.290s] Consolidate compiler generated dependencies of target autoware_adapi_v1_msgs__rosidl_typesupport_cpp
[0.290s] Consolidate compiler generated dependencies of target autoware_adapi_v1_msgs__rosidl_typesupport_fastrtps_cpp
[0.290s] Consolidate compiler generated dependencies of target autoware_adapi_v1_msgs__rosidl_typesupport_c
[0.290s] Consolidate compiler generated dependencies of target autoware_adapi_v1_msgs__rosidl_typesupport_introspection_cpp
[0.291s] Consolidate compiler generated dependencies of target autoware_adapi_v1_msgs__rosidl_typesupport_introspection_c
[0.291s] [ 24%] Built target autoware_adapi_v1_msgs__rosidl_typesupport_cpp
[0.291s] [ 36%] Built target autoware_adapi_v1_msgs__rosidl_typesupport_c
[0.291s] Consolidate compiler generated dependencies of target autoware_adapi_v1_msgs__rosidl_typesupport_fastrtps_c
[0.291s] [ 48%] Built target autoware_adapi_v1_msgs__rosidl_typesupport_fastrtps_cpp
[0.291s] [ 60%] Built target autoware_adapi_v1_msgs__rosidl_typesupport_introspection_c
[0.291s] [ 73%] Built target autoware_adapi_v1_msgs__rosidl_typesupport_introspection_cpp
[0.291s] [ 85%] Built target autoware_adapi_v1_msgs__rosidl_typesupport_fastrtps_c
[0.304s] [ 85%] Built target autoware_adapi_v1_msgs
[0.323s] [ 86%] Built target autoware_adapi_v1_msgs__py
[0.388s] Consolidate compiler generated dependencies of target autoware_adapi_v1_msgs__rosidl_generator_py
[0.388s] [ 97%] Built target autoware_adapi_v1_msgs__rosidl_generator_py
[0.390s] Consolidate compiler generated dependencies of target autoware_adapi_v1_msgs__rosidl_typesupport_introspection_c__pyext
[0.391s] Consolidate compiler generated dependencies of target autoware_adapi_v1_msgs__rosidl_typesupport_fastrtps_c__pyext
[0.392s] Consolidate compiler generated dependencies of target autoware_adapi_v1_msgs__rosidl_typesupport_c__pyext
[0.401s] [ 98%] Built target autoware_adapi_v1_msgs__rosidl_typesupport_introspection_c__pyext
[0.405s] [ 99%] Built target autoware_adapi_v1_msgs__rosidl_typesupport_fastrtps_c__pyext
[0.407s] [100%] Built target autoware_adapi_v1_msgs__rosidl_typesupport_c__pyext
[0.539s] running egg_info
[0.540s] writing autoware_adapi_v1_msgs.egg-info/PKG-INFO
[0.543s] writing dependency_links to autoware_adapi_v1_msgs.egg-info/dependency_links.txt
[0.543s] writing top-level names to autoware_adapi_v1_msgs.egg-info/top_level.txt
[0.558s] reading manifest file 'autoware_adapi_v1_msgs.egg-info/SOURCES.txt'
[0.558s] writing manifest file 'autoware_adapi_v1_msgs.egg-info/SOURCES.txt'
[0.559s] [100%] Built target ament_cmake_python_build_autoware_adapi_v1_msgs_egg
[0.631s] Invoked command in '/autoware/build/autoware_adapi_v1_msgs' returned '0': AMENT_PREFIX_PATH=/autoware/install/ament_cmake_auto:${AMENT_PREFIX_PATH} CMAKE_PREFIX_PATH=/autoware/install/ament_cmake_auto:/opt/ros/humble /usr/bin/cmake --build /autoware/build/autoware_adapi_v1_msgs -- -j64 -l64
[1.252s] Invoking command in '/autoware/build/autoware_adapi_v1_msgs': AMENT_PREFIX_PATH=/autoware/install/ament_cmake_auto:${AMENT_PREFIX_PATH} CMAKE_PREFIX_PATH=/autoware/install/ament_cmake_auto:/opt/ros/humble /usr/bin/cmake --install /autoware/build/autoware_adapi_v1_msgs
[1.504s] -- Install configuration: "Release"
[1.504s] -- Execute custom install script
[1.508s] -- Up-to-date symlink: /autoware/install/autoware_adapi_v1_msgs/share/ament_index/resource_index/rosidl_interfaces/autoware_adapi_v1_msgs
[1.508s] -- Up-to-date symlink: /autoware/install/autoware_adapi_v1_msgs/include/autoware_adapi_v1_msgs/autoware_adapi_v1_msgs/msg/detail/localization_initialization_state__functions.h
[1.514s] -- Up-to-date symlink: /autoware/install/autoware_adapi_v1_msgs/include/autoware_adapi_v1_msgs/autoware_adapi_v1_msgs/msg/detail/localization_initialization_state__struct.h
[1.514s] -- Up-to-date symlink: /autoware/install/autoware_adapi_v1_msgs/include/autoware_adapi_v1_msgs/autoware_adapi_v1_msgs/msg/detail/localization_initialization_state__type_support.h
[1.514s] -- Up-to-date symlink: /autoware/install/autoware_adapi_v1_msgs/include/autoware_adapi_v1_msgs/autoware_adapi_v1_msgs/msg/detail/motion_state__functions.h
[1.515s] -- Up-to-date symlink: /autoware/install/autoware_adapi_v1_msgs/include/autoware_adapi_v1_msgs/autoware_adapi_v1_msgs/msg/detail/motion_state__struct.h
[1.515s] -- Up-to-date symlink: /autoware/install/autoware_adapi_v1_msgs/include/autoware_adapi_v1_msgs/autoware_adapi_v1_msgs/msg/detail/motion_state__type_support.h
[1.515s] -- Up-to-date symlink: /autoware/install/autoware_adapi_v1_msgs/include/autoware_adapi_v1_msgs/autoware_adapi_v1_msgs/msg/detail/mrm_state__functions.h
[1.515s] -- Up-to-date symlink: /autoware/install/autoware_adapi_v1_msgs/include/autoware_adapi_v1_msgs/autoware_adapi_v1_msgs/msg/detail/mrm_state__struct.h
[1.515s] -- Up-to-date symlink: /autoware/install/autoware_adapi_v1_msgs/include/autoware_adapi_v1_msgs/autoware_adapi_v1_msgs/msg/detail/mrm_state__type_support.h
[1.515s] -- Up-to-date symlink: /autoware/install/autoware_adapi_v1_msgs/include/autoware_adapi_v1_msgs/autoware_adapi_v1_msgs/msg/detail/operation_mode_state__functions.h
[1.515s] -- Up-to-date symlink: /autoware/install/autoware_adapi_v1_msgs/include/autoware_adapi_v1_msgs/autoware_adapi_v1_msgs/msg/detail/operation_mode_state__struct.h
[1.515s] -- Up-to-date symlink: /autoware/install/autoware_adapi_v1_msgs/include/autoware_adapi_v1_msgs/autoware_adapi_v1_msgs/msg/detail/operation_mode_state__type_support.h
[1.515s] -- Up-to-date symlink: /autoware/install/autoware_adapi_v1_msgs/include/autoware_adapi_v1_msgs/autoware_adapi_v1_msgs/msg/detail/response_status__functions.h
[1.515s] -- Up-to-date symlink: /autoware/install/autoware_adapi_v1_msgs/include/autoware_adapi_v1_msgs/autoware_adapi_v1_msgs/msg/detail/response_status__struct.h
[1.515s] -- Up-to-date symlink: /autoware/install/autoware_adapi_v1_msgs/include/autoware_adapi_v1_msgs/autoware_adapi_v1_msgs/msg/detail/response_status__type_support.h
[1.516s] -- Up-to-date symlink: /autoware/install/autoware_adapi_v1_msgs/include/autoware_adapi_v1_msgs/autoware_adapi_v1_msgs/msg/detail/route__functions.h
[1.516s] -- Up-to-date symlink: /autoware/install/autoware_adapi_v1_msgs/include/autoware_adapi_v1_msgs/autoware_adapi_v1_msgs/msg/detail/route__struct.h
[1.516s] -- Up-to-date symlink: /autoware/install/autoware_adapi_v1_msgs/include/autoware_adapi_v1_msgs/autoware_adapi_v1_msgs/msg/detail/route__type_support.h
[1.516s] -- Up-to-date symlink: /autoware/install/autoware_adapi_v1_msgs/include/autoware_adapi_v1_msgs/autoware_adapi_v1_msgs/msg/detail/route_data__functions.h
[1.516s] -- Up-to-date symlink: /autoware/install/autoware_adapi_v1_msgs/include/autoware_adapi_v1_msgs/autoware_adapi_v1_msgs/msg/detail/route_data__struct.h
[1.516s] -- Up-to-date symlink: /autoware/install/autoware_adapi_v1_msgs/include/autoware_adapi_v1_msgs/autoware_adapi_v1_msgs/msg/detail/route_data__type_support.h
[1.516s] -- Up-to-date symlink: /autoware/install/autoware_adapi_v1_msgs/include/autoware_adapi_v1_msgs/autoware_adapi_v1_msgs/msg/detail/route_primitive__functions.h
[1.516s] -- Up-to-date symlink: /autoware/install/autoware_adapi_v1_msgs/include/autoware_adapi_v1_msgs/autoware_adapi_v1_msgs/msg/detail/route_primitive__struct.h
[1.516s] -- Up-to-date symlink: /autoware/install/autoware_adapi_v1_msgs/include/autoware_adapi_v1_msgs/autoware_adapi_v1_msgs/msg/detail/route_primitive__type_support.h
[1.516s] -- Up-to-date symlink: /autoware/install/autoware_adapi_v1_msgs/include/autoware_adapi_v1_msgs/autoware_adapi_v1_msgs/msg/detail/route_segment__functions.h
[1.516s] -- Up-to-date symlink: /autoware/install/autoware_adapi_v1_msgs/include/autoware_adapi_v1_msgs/autoware_adapi_v1_msgs/msg/detail/route_segment__struct.h
[1.517s] -- Up-to-date symlink: /autoware/install/autoware_adapi_v1_msgs/include/autoware_adapi_v1_msgs/autoware_adapi_v1_msgs/msg/detail/route_segment__type_support.h
[1.517s] -- Up-to-date symlink: /autoware/install/autoware_adapi_v1_msgs/include/autoware_adapi_v1_msgs/autoware_adapi_v1_msgs/msg/detail/route_state__functions.h
[1.517s] -- Up-to-date symlink: /autoware/install/autoware_adapi_v1_msgs/include/autoware_adapi_v1_msgs/autoware_adapi_v1_msgs/msg/detail/route_state__struct.h
[1.517s] -- Up-to-date symlink: /autoware/install/autoware_adapi_v1_msgs/include/autoware_adapi_v1_msgs/autoware_adapi_v1_msgs/msg/detail/route_state__type_support.h
[1.517s] -- Up-to-date symlink: /autoware/install/autoware_adapi_v1_msgs/include/autoware_adapi_v1_msgs/autoware_adapi_v1_msgs/msg/detail/steering_factor__functions.h
[1.517s] -- Up-to-date symlink: /autoware/install/autoware_adapi_v1_msgs/include/autoware_adapi_v1_msgs/autoware_adapi_v1_msgs/msg/detail/steering_factor__struct.h
[1.517s] -- Up-to-date symlink: /autoware/install/autoware_adapi_v1_msgs/include/autoware_adapi_v1_msgs/autoware_adapi_v1_msgs/msg/detail/steering_factor__type_support.h
[1.517s] -- Up-to-date symlink: /autoware/install/autoware_adapi_v1_msgs/include/autoware_adapi_v1_msgs/autoware_adapi_v1_msgs/msg/detail/steering_factor_array__functions.h
[1.517s] -- Up-to-date symlink: /autoware/install/autoware_adapi_v1_msgs/include/autoware_adapi_v1_msgs/autoware_adapi_v1_msgs/msg/detail/steering_factor_array__struct.h
[1.521s] -- Up-to-date symlink: /autoware/install/autoware_adapi_v1_msgs/include/autoware_adapi_v1_msgs/autoware_adapi_v1_msgs/msg/detail/steering_factor_array__type_support.h
[1.521s] -- Up-to-date symlink: /autoware/install/autoware_adapi_v1_msgs/include/autoware_adapi_v1_msgs/autoware_adapi_v1_msgs/msg/detail/velocity_factor__functions.h
[1.522s] -- Up-to-date symlink: /autoware/install/autoware_adapi_v1_msgs/include/autoware_adapi_v1_msgs/autoware_adapi_v1_msgs/msg/detail/velocity_factor__struct.h
[1.522s] -- Up-to-date symlink: /autoware/install/autoware_adapi_v1_msgs/include/autoware_adapi_v1_msgs/autoware_adapi_v1_msgs/msg/detail/velocity_factor__type_support.h
[1.522s] -- Up-to-date symlink: /autoware/install/autoware_adapi_v1_msgs/include/autoware_adapi_v1_msgs/autoware_adapi_v1_msgs/msg/detail/velocity_factor_array__functions.h
[1.522s] -- Up-to-date symlink: /autoware/install/autoware_adapi_v1_msgs/include/autoware_adapi_v1_msgs/autoware_adapi_v1_msgs/msg/detail/velocity_factor_array__struct.h
[1.522s] -- Up-to-date symlink: /autoware/install/autoware_adapi_v1_msgs/include/autoware_adapi_v1_msgs/autoware_adapi_v1_msgs/msg/detail/velocity_factor_array__type_support.h
[1.522s] -- Up-to-date symlink: /autoware/install/autoware_adapi_v1_msgs/include/autoware_adapi_v1_msgs/autoware_adapi_v1_msgs/msg/localization_initialization_state.h
[1.522s] -- Up-to-date symlink: /autoware/install/autoware_adapi_v1_msgs/include/autoware_adapi_v1_msgs/autoware_adapi_v1_msgs/msg/motion_state.h
[1.522s] -- Up-to-date symlink: /autoware/install/autoware_adapi_v1_msgs/include/autoware_adapi_v1_msgs/autoware_adapi_v1_msgs/msg/mrm_state.h
[1.522s] -- Up-to-date symlink: /autoware/install/autoware_adapi_v1_msgs/include/autoware_adapi_v1_msgs/autoware_adapi_v1_msgs/msg/operation_mode_state.h
[1.523s] -- Up-to-date symlink: /autoware/install/autoware_adapi_v1_msgs/include/autoware_adapi_v1_msgs/autoware_adapi_v1_msgs/msg/response_status.h
[1.523s] -- Up-to-date symlink: /autoware/install/autoware_adapi_v1_msgs/include/autoware_adapi_v1_msgs/autoware_adapi_v1_msgs/msg/rosidl_generator_c__visibility_control.h
[1.523s] -- Up-to-date symlink: /autoware/install/autoware_adapi_v1_msgs/include/autoware_adapi_v1_msgs/autoware_adapi_v1_msgs/msg/route.h
[1.523s] -- Up-to-date symlink: /autoware/install/autoware_adapi_v1_msgs/include/autoware_adapi_v1_msgs/autoware_adapi_v1_msgs/msg/route_data.h
[1.523s] -- Up-to-date symlink: /autoware/install/autoware_adapi_v1_msgs/include/autoware_adapi_v1_msgs/autoware_adapi_v1_msgs/msg/route_primitive.h
[1.523s] -- Up-to-date symlink: /autoware/install/autoware_adapi_v1_msgs/include/autoware_adapi_v1_msgs/autoware_adapi_v1_msgs/msg/route_segment.h
[1.523s] -- Up-to-date symlink: /autoware/install/autoware_adapi_v1_msgs/include/autoware_adapi_v1_msgs/autoware_adapi_v1_msgs/msg/route_state.h
[1.524s] -- Up-to-date symlink: /autoware/install/autoware_adapi_v1_msgs/include/autoware_adapi_v1_msgs/autoware_adapi_v1_msgs/msg/steering_factor.h
[1.524s] -- Up-to-date symlink: /autoware/install/autoware_adapi_v1_msgs/include/autoware_adapi_v1_msgs/autoware_adapi_v1_msgs/msg/steering_factor_array.h
[1.528s] -- Up-to-date symlink: /autoware/install/autoware_adapi_v1_msgs/include/autoware_adapi_v1_msgs/autoware_adapi_v1_msgs/msg/velocity_factor.h
[1.528s] -- Up-to-date symlink: /autoware/install/autoware_adapi_v1_msgs/include/autoware_adapi_v1_msgs/autoware_adapi_v1_msgs/msg/velocity_factor_array.h
[1.528s] -- Up-to-date symlink: /autoware/install/autoware_adapi_v1_msgs/include/autoware_adapi_v1_msgs/autoware_adapi_v1_msgs/srv/accept_start.h
[1.528s] -- Up-to-date symlink: /autoware/install/autoware_adapi_v1_msgs/include/autoware_adapi_v1_msgs/autoware_adapi_v1_msgs/srv/change_operation_mode.h
[1.528s] -- Up-to-date symlink: /autoware/install/autoware_adapi_v1_msgs/include/autoware_adapi_v1_msgs/autoware_adapi_v1_msgs/srv/clear_route.h
[1.528s] -- Up-to-date symlink: /autoware/install/autoware_adapi_v1_msgs/include/autoware_adapi_v1_msgs/autoware_adapi_v1_msgs/srv/detail/accept_start__functions.h
[1.528s] -- Up-to-date symlink: /autoware/install/autoware_adapi_v1_msgs/include/autoware_adapi_v1_msgs/autoware_adapi_v1_msgs/srv/detail/accept_start__struct.h
[1.528s] -- Up-to-date symlink: /autoware/install/autoware_adapi_v1_msgs/include/autoware_adapi_v1_msgs/autoware_adapi_v1_msgs/srv/detail/accept_start__type_support.h
[1.529s] -- Up-to-date symlink: /autoware/install/autoware_adapi_v1_msgs/include/autoware_adapi_v1_msgs/autoware_adapi_v1_msgs/srv/detail/change_operation_mode__functions.h
[1.529s] -- Up-to-date symlink: /autoware/install/autoware_adapi_v1_msgs/include/autoware_adapi_v1_msgs/autoware_adapi_v1_msgs/srv/detail/change_operation_mode__struct.h
[1.529s] -- Up-to-date symlink: /autoware/install/autoware_adapi_v1_msgs/include/autoware_adapi_v1_msgs/autoware_adapi_v1_msgs/srv/detail/change_operation_mode__type_support.h
[1.529s] -- Up-to-date symlink: /autoware/install/autoware_adapi_v1_msgs/include/autoware_adapi_v1_msgs/autoware_adapi_v1_msgs/srv/detail/clear_route__functions.h
[1.529s] -- Up-to-date symlink: /autoware/install/autoware_adapi_v1_msgs/include/autoware_adapi_v1_msgs/autoware_adapi_v1_msgs/srv/detail/clear_route__struct.h
[1.529s] -- Up-to-date symlink: /autoware/install/autoware_adapi_v1_msgs/include/autoware_adapi_v1_msgs/autoware_adapi_v1_msgs/srv/detail/clear_route__type_support.h
[1.529s] -- Up-to-date symlink: /autoware/install/autoware_adapi_v1_msgs/include/autoware_adapi_v1_msgs/autoware_adapi_v1_msgs/srv/detail/initialize_localization__functions.h
[1.529s] -- Up-to-date symlink: /autoware/install/autoware_adapi_v1_msgs/include/autoware_adapi_v1_msgs/autoware_adapi_v1_msgs/srv/detail/initialize_localization__struct.h
[1.529s] -- Up-to-date symlink: /autoware/install/autoware_adapi_v1_msgs/include/autoware_adapi_v1_msgs/autoware_adapi_v1_msgs/srv/detail/initialize_localization__type_support.h
[1.530s] -- Up-to-date symlink: /autoware/install/autoware_adapi_v1_msgs/include/autoware_adapi_v1_msgs/autoware_adapi_v1_msgs/srv/detail/set_route__functions.h
[1.534s] -- Up-to-date symlink: /autoware/install/autoware_adapi_v1_msgs/include/autoware_adapi_v1_msgs/autoware_adapi_v1_msgs/srv/detail/set_route__struct.h
[1.534s] -- Up-to-date symlink: /autoware/install/autoware_adapi_v1_msgs/include/autoware_adapi_v1_msgs/autoware_adapi_v1_msgs/srv/detail/set_route__type_support.h
[1.534s] -- Up-to-date symlink: /autoware/install/autoware_adapi_v1_msgs/include/autoware_adapi_v1_msgs/autoware_adapi_v1_msgs/srv/detail/set_route_points__functions.h
[1.534s] -- Up-to-date symlink: /autoware/install/autoware_adapi_v1_msgs/include/autoware_adapi_v1_msgs/autoware_adapi_v1_msgs/srv/detail/set_route_points__struct.h
[1.535s] -- Up-to-date symlink: /autoware/install/autoware_adapi_v1_msgs/include/autoware_adapi_v1_msgs/autoware_adapi_v1_msgs/srv/detail/set_route_points__type_support.h
[1.535s] -- Up-to-date symlink: /autoware/install/autoware_adapi_v1_msgs/include/autoware_adapi_v1_msgs/autoware_adapi_v1_msgs/srv/initialize_localization.h
[1.535s] -- Up-to-date symlink: /autoware/install/autoware_adapi_v1_msgs/include/autoware_adapi_v1_msgs/autoware_adapi_v1_msgs/srv/set_route.h
[1.535s] -- Up-to-date symlink: /autoware/install/autoware_adapi_v1_msgs/include/autoware_adapi_v1_msgs/autoware_adapi_v1_msgs/srv/set_route_points.h
[1.535s] -- Up-to-date symlink: /autoware/install/autoware_adapi_v1_msgs/share/autoware_adapi_v1_msgs/environment/library_path.sh
[1.535s] -- Up-to-date symlink: /autoware/install/autoware_adapi_v1_msgs/share/autoware_adapi_v1_msgs/environment/library_path.dsv
[1.536s] -- Up-to-date symlink: /autoware/install/autoware_adapi_v1_msgs/include/autoware_adapi_v1_msgs/autoware_adapi_v1_msgs/msg/detail/localization_initialization_state__rosidl_typesupport_fastrtps_c.h
[1.536s] -- Up-to-date symlink: /autoware/install/autoware_adapi_v1_msgs/include/autoware_adapi_v1_msgs/autoware_adapi_v1_msgs/msg/detail/motion_state__rosidl_typesupport_fastrtps_c.h
[1.536s] -- Up-to-date symlink: /autoware/install/autoware_adapi_v1_msgs/include/autoware_adapi_v1_msgs/autoware_adapi_v1_msgs/msg/detail/mrm_state__rosidl_typesupport_fastrtps_c.h
[1.536s] -- Up-to-date symlink: /autoware/install/autoware_adapi_v1_msgs/include/autoware_adapi_v1_msgs/autoware_adapi_v1_msgs/msg/detail/operation_mode_state__rosidl_typesupport_fastrtps_c.h
[1.536s] -- Up-to-date symlink: /autoware/install/autoware_adapi_v1_msgs/include/autoware_adapi_v1_msgs/autoware_adapi_v1_msgs/msg/detail/response_status__rosidl_typesupport_fastrtps_c.h
[1.536s] -- Up-to-date symlink: /autoware/install/autoware_adapi_v1_msgs/include/autoware_adapi_v1_msgs/autoware_adapi_v1_msgs/msg/detail/route__rosidl_typesupport_fastrtps_c.h
[1.536s] -- Up-to-date symlink: /autoware/install/autoware_adapi_v1_msgs/include/autoware_adapi_v1_msgs/autoware_adapi_v1_msgs/msg/detail/route_data__rosidl_typesupport_fastrtps_c.h
[1.536s] -- Up-to-date symlink: /autoware/install/autoware_adapi_v1_msgs/include/autoware_adapi_v1_msgs/autoware_adapi_v1_msgs/msg/detail/route_primitive__rosidl_typesupport_fastrtps_c.h
[1.537s] -- Up-to-date symlink: /autoware/install/autoware_adapi_v1_msgs/include/autoware_adapi_v1_msgs/autoware_adapi_v1_msgs/msg/detail/route_segment__rosidl_typesupport_fastrtps_c.h
[1.537s] -- Up-to-date symlink: /autoware/install/autoware_adapi_v1_msgs/include/autoware_adapi_v1_msgs/autoware_adapi_v1_msgs/msg/detail/route_state__rosidl_typesupport_fastrtps_c.h
[1.537s] -- Up-to-date symlink: /autoware/install/autoware_adapi_v1_msgs/include/autoware_adapi_v1_msgs/autoware_adapi_v1_msgs/msg/detail/steering_factor__rosidl_typesupport_fastrtps_c.h
[1.537s] -- Up-to-date symlink: /autoware/install/autoware_adapi_v1_msgs/include/autoware_adapi_v1_msgs/autoware_adapi_v1_msgs/msg/detail/steering_factor_array__rosidl_typesupport_fastrtps_c.h
[1.537s] -- Up-to-date symlink: /autoware/install/autoware_adapi_v1_msgs/include/autoware_adapi_v1_msgs/autoware_adapi_v1_msgs/msg/detail/velocity_factor__rosidl_typesupport_fastrtps_c.h
[1.537s] -- Up-to-date symlink: /autoware/install/autoware_adapi_v1_msgs/include/autoware_adapi_v1_msgs/autoware_adapi_v1_msgs/msg/detail/velocity_factor_array__rosidl_typesupport_fastrtps_c.h
[1.537s] -- Up-to-date symlink: /autoware/install/autoware_adapi_v1_msgs/include/autoware_adapi_v1_msgs/autoware_adapi_v1_msgs/msg/rosidl_typesupport_fastrtps_c__visibility_control.h
[1.537s] -- Up-to-date symlink: /autoware/install/autoware_adapi_v1_msgs/include/autoware_adapi_v1_msgs/autoware_adapi_v1_msgs/srv/detail/accept_start__rosidl_typesupport_fastrtps_c.h
[1.538s] -- Up-to-date symlink: /autoware/install/autoware_adapi_v1_msgs/include/autoware_adapi_v1_msgs/autoware_adapi_v1_msgs/srv/detail/change_operation_mode__rosidl_typesupport_fastrtps_c.h
[1.538s] -- Up-to-date symlink: /autoware/install/autoware_adapi_v1_msgs/include/autoware_adapi_v1_msgs/autoware_adapi_v1_msgs/srv/detail/clear_route__rosidl_typesupport_fastrtps_c.h
[1.538s] -- Up-to-date symlink: /autoware/install/autoware_adapi_v1_msgs/include/autoware_adapi_v1_msgs/autoware_adapi_v1_msgs/srv/detail/initialize_localization__rosidl_typesupport_fastrtps_c.h
[1.541s] -- Up-to-date symlink: /autoware/install/autoware_adapi_v1_msgs/include/autoware_adapi_v1_msgs/autoware_adapi_v1_msgs/srv/detail/set_route__rosidl_typesupport_fastrtps_c.h
[1.541s] -- Up-to-date symlink: /autoware/install/autoware_adapi_v1_msgs/include/autoware_adapi_v1_msgs/autoware_adapi_v1_msgs/srv/detail/set_route_points__rosidl_typesupport_fastrtps_c.h
[1.541s] -- Up-to-date symlink: /autoware/install/autoware_adapi_v1_msgs/include/autoware_adapi_v1_msgs/autoware_adapi_v1_msgs/msg/detail/localization_initialization_state__rosidl_typesupport_introspection_c.h
[1.541s] -- Up-to-date symlink: /autoware/install/autoware_adapi_v1_msgs/include/autoware_adapi_v1_msgs/autoware_adapi_v1_msgs/msg/detail/motion_state__rosidl_typesupport_introspection_c.h
[1.541s] -- Up-to-date symlink: /autoware/install/autoware_adapi_v1_msgs/include/autoware_adapi_v1_msgs/autoware_adapi_v1_msgs/msg/detail/mrm_state__rosidl_typesupport_introspection_c.h
[1.541s] -- Up-to-date symlink: /autoware/install/autoware_adapi_v1_msgs/include/autoware_adapi_v1_msgs/autoware_adapi_v1_msgs/msg/detail/operation_mode_state__rosidl_typesupport_introspection_c.h
[1.542s] -- Up-to-date symlink: /autoware/install/autoware_adapi_v1_msgs/include/autoware_adapi_v1_msgs/autoware_adapi_v1_msgs/msg/detail/response_status__rosidl_typesupport_introspection_c.h
[1.542s] -- Up-to-date symlink: /autoware/install/autoware_adapi_v1_msgs/include/autoware_adapi_v1_msgs/autoware_adapi_v1_msgs/msg/detail/route__rosidl_typesupport_introspection_c.h
[1.542s] -- Up-to-date symlink: /autoware/install/autoware_adapi_v1_msgs/include/autoware_adapi_v1_msgs/autoware_adapi_v1_msgs/msg/detail/route_data__rosidl_typesupport_introspection_c.h
[1.542s] -- Up-to-date symlink: /autoware/install/autoware_adapi_v1_msgs/include/autoware_adapi_v1_msgs/autoware_adapi_v1_msgs/msg/detail/route_primitive__rosidl_typesupport_introspection_c.h
[1.542s] -- Up-to-date symlink: /autoware/install/autoware_adapi_v1_msgs/include/autoware_adapi_v1_msgs/autoware_adapi_v1_msgs/msg/detail/route_segment__rosidl_typesupport_introspection_c.h
[1.542s] -- Up-to-date symlink: /autoware/install/autoware_adapi_v1_msgs/include/autoware_adapi_v1_msgs/autoware_adapi_v1_msgs/msg/detail/route_state__rosidl_typesupport_introspection_c.h
[1.542s] -- Up-to-date symlink: /autoware/install/autoware_adapi_v1_msgs/include/autoware_adapi_v1_msgs/autoware_adapi_v1_msgs/msg/detail/steering_factor__rosidl_typesupport_introspection_c.h
[1.542s] -- Up-to-date symlink: /autoware/install/autoware_adapi_v1_msgs/include/autoware_adapi_v1_msgs/autoware_adapi_v1_msgs/msg/detail/steering_factor_array__rosidl_typesupport_introspection_c.h
[1.542s] -- Up-to-date symlink: /autoware/install/autoware_adapi_v1_msgs/include/autoware_adapi_v1_msgs/autoware_adapi_v1_msgs/msg/detail/velocity_factor__rosidl_typesupport_introspection_c.h
[1.543s] -- Up-to-date symlink: /autoware/install/autoware_adapi_v1_msgs/include/autoware_adapi_v1_msgs/autoware_adapi_v1_msgs/msg/detail/velocity_factor_array__rosidl_typesupport_introspection_c.h
[1.543s] -- Up-to-date symlink: /autoware/install/autoware_adapi_v1_msgs/include/autoware_adapi_v1_msgs/autoware_adapi_v1_msgs/msg/rosidl_typesupport_introspection_c__visibility_control.h
[1.543s] -- Up-to-date symlink: /autoware/install/autoware_adapi_v1_msgs/include/autoware_adapi_v1_msgs/autoware_adapi_v1_msgs/srv/detail/accept_start__rosidl_typesupport_introspection_c.h
[1.543s] -- Up-to-date symlink: /autoware/install/autoware_adapi_v1_msgs/include/autoware_adapi_v1_msgs/autoware_adapi_v1_msgs/srv/detail/change_operation_mode__rosidl_typesupport_introspection_c.h
[1.543s] -- Up-to-date symlink: /autoware/install/autoware_adapi_v1_msgs/include/autoware_adapi_v1_msgs/autoware_adapi_v1_msgs/srv/detail/clear_route__rosidl_typesupport_introspection_c.h
[1.544s] -- Up-to-date symlink: /autoware/install/autoware_adapi_v1_msgs/include/autoware_adapi_v1_msgs/autoware_adapi_v1_msgs/srv/detail/initialize_localization__rosidl_typesupport_introspection_c.h
[1.544s] -- Up-to-date symlink: /autoware/install/autoware_adapi_v1_msgs/include/autoware_adapi_v1_msgs/autoware_adapi_v1_msgs/srv/detail/set_route__rosidl_typesupport_introspection_c.h
[1.544s] -- Up-to-date symlink: /autoware/install/autoware_adapi_v1_msgs/include/autoware_adapi_v1_msgs/autoware_adapi_v1_msgs/srv/detail/set_route_points__rosidl_typesupport_introspection_c.h
[1.544s] -- Up-to-date symlink: /autoware/install/autoware_adapi_v1_msgs/include/autoware_adapi_v1_msgs/autoware_adapi_v1_msgs/msg/detail/localization_initialization_state__builder.hpp
[1.545s] -- Up-to-date symlink: /autoware/install/autoware_adapi_v1_msgs/include/autoware_adapi_v1_msgs/autoware_adapi_v1_msgs/msg/detail/localization_initialization_state__struct.hpp
[1.545s] -- Up-to-date symlink: /autoware/install/autoware_adapi_v1_msgs/include/autoware_adapi_v1_msgs/autoware_adapi_v1_msgs/msg/detail/localization_initialization_state__traits.hpp
[1.546s] -- Up-to-date symlink: /autoware/install/autoware_adapi_v1_msgs/include/autoware_adapi_v1_msgs/autoware_adapi_v1_msgs/msg/detail/motion_state__builder.hpp
[1.546s] -- Up-to-date symlink: /autoware/install/autoware_adapi_v1_msgs/include/autoware_adapi_v1_msgs/autoware_adapi_v1_msgs/msg/detail/motion_state__struct.hpp
[1.550s] -- Up-to-date symlink: /autoware/install/autoware_adapi_v1_msgs/include/autoware_adapi_v1_msgs/autoware_adapi_v1_msgs/msg/detail/motion_state__traits.hpp
[1.551s] -- Up-to-date symlink: /autoware/install/autoware_adapi_v1_msgs/include/autoware_adapi_v1_msgs/autoware_adapi_v1_msgs/msg/detail/mrm_state__builder.hpp
[1.551s] -- Up-to-date symlink: /autoware/install/autoware_adapi_v1_msgs/include/autoware_adapi_v1_msgs/autoware_adapi_v1_msgs/msg/detail/mrm_state__struct.hpp
[1.553s] -- Up-to-date symlink: /autoware/install/autoware_adapi_v1_msgs/include/autoware_adapi_v1_msgs/autoware_adapi_v1_msgs/msg/detail/mrm_state__traits.hpp
[1.553s] -- Up-to-date symlink: /autoware/install/autoware_adapi_v1_msgs/include/autoware_adapi_v1_msgs/autoware_adapi_v1_msgs/msg/detail/operation_mode_state__builder.hpp
[1.553s] -- Up-to-date symlink: /autoware/install/autoware_adapi_v1_msgs/include/autoware_adapi_v1_msgs/autoware_adapi_v1_msgs/msg/detail/operation_mode_state__struct.hpp
[1.553s] -- Up-to-date symlink: /autoware/install/autoware_adapi_v1_msgs/include/autoware_adapi_v1_msgs/autoware_adapi_v1_msgs/msg/detail/operation_mode_state__traits.hpp
[1.553s] -- Up-to-date symlink: /autoware/install/autoware_adapi_v1_msgs/include/autoware_adapi_v1_msgs/autoware_adapi_v1_msgs/msg/detail/response_status__builder.hpp
[1.553s] -- Up-to-date symlink: /autoware/install/autoware_adapi_v1_msgs/include/autoware_adapi_v1_msgs/autoware_adapi_v1_msgs/msg/detail/response_status__struct.hpp
[1.553s] -- Up-to-date symlink: /autoware/install/autoware_adapi_v1_msgs/include/autoware_adapi_v1_msgs/autoware_adapi_v1_msgs/msg/detail/response_status__traits.hpp
[1.553s] -- Up-to-date symlink: /autoware/install/autoware_adapi_v1_msgs/include/autoware_adapi_v1_msgs/autoware_adapi_v1_msgs/msg/detail/route__builder.hpp
[1.553s] -- Up-to-date symlink: /autoware/install/autoware_adapi_v1_msgs/include/autoware_adapi_v1_msgs/autoware_adapi_v1_msgs/msg/detail/route__struct.hpp
[1.553s] -- Up-to-date symlink: /autoware/install/autoware_adapi_v1_msgs/include/autoware_adapi_v1_msgs/autoware_adapi_v1_msgs/msg/detail/route__traits.hpp
[1.553s] -- Up-to-date symlink: /autoware/install/autoware_adapi_v1_msgs/include/autoware_adapi_v1_msgs/autoware_adapi_v1_msgs/msg/detail/route_data__builder.hpp
[1.553s] -- Up-to-date symlink: /autoware/install/autoware_adapi_v1_msgs/include/autoware_adapi_v1_msgs/autoware_adapi_v1_msgs/msg/detail/route_data__struct.hpp
[1.554s] -- Up-to-date symlink: /autoware/install/autoware_adapi_v1_msgs/include/autoware_adapi_v1_msgs/autoware_adapi_v1_msgs/msg/detail/route_data__traits.hpp
[1.554s] -- Up-to-date symlink: /autoware/install/autoware_adapi_v1_msgs/include/autoware_adapi_v1_msgs/autoware_adapi_v1_msgs/msg/detail/route_primitive__builder.hpp
[1.554s] -- Up-to-date symlink: /autoware/install/autoware_adapi_v1_msgs/include/autoware_adapi_v1_msgs/autoware_adapi_v1_msgs/msg/detail/route_primitive__struct.hpp
[1.554s] -- Up-to-date symlink: /autoware/install/autoware_adapi_v1_msgs/include/autoware_adapi_v1_msgs/autoware_adapi_v1_msgs/msg/detail/route_primitive__traits.hpp
[1.554s] -- Up-to-date symlink: /autoware/install/autoware_adapi_v1_msgs/include/autoware_adapi_v1_msgs/autoware_adapi_v1_msgs/msg/detail/route_segment__builder.hpp
[1.554s] -- Up-to-date symlink: /autoware/install/autoware_adapi_v1_msgs/include/autoware_adapi_v1_msgs/autoware_adapi_v1_msgs/msg/detail/route_segment__struct.hpp
[1.554s] -- Up-to-date symlink: /autoware/install/autoware_adapi_v1_msgs/include/autoware_adapi_v1_msgs/autoware_adapi_v1_msgs/msg/detail/route_segment__traits.hpp
[1.554s] -- Up-to-date symlink: /autoware/install/autoware_adapi_v1_msgs/include/autoware_adapi_v1_msgs/autoware_adapi_v1_msgs/msg/detail/route_state__builder.hpp
[1.554s] -- Up-to-date symlink: /autoware/install/autoware_adapi_v1_msgs/include/autoware_adapi_v1_msgs/autoware_adapi_v1_msgs/msg/detail/route_state__struct.hpp
[1.554s] -- Up-to-date symlink: /autoware/install/autoware_adapi_v1_msgs/include/autoware_adapi_v1_msgs/autoware_adapi_v1_msgs/msg/detail/route_state__traits.hpp
[1.555s] -- Up-to-date symlink: /autoware/install/autoware_adapi_v1_msgs/include/autoware_adapi_v1_msgs/autoware_adapi_v1_msgs/msg/detail/steering_factor__builder.hpp
[1.555s] -- Up-to-date symlink: /autoware/install/autoware_adapi_v1_msgs/include/autoware_adapi_v1_msgs/autoware_adapi_v1_msgs/msg/detail/steering_factor__struct.hpp
[1.555s] -- Up-to-date symlink: /autoware/install/autoware_adapi_v1_msgs/include/autoware_adapi_v1_msgs/autoware_adapi_v1_msgs/msg/detail/steering_factor__traits.hpp
[1.555s] -- Up-to-date symlink: /autoware/install/autoware_adapi_v1_msgs/include/autoware_adapi_v1_msgs/autoware_adapi_v1_msgs/msg/detail/steering_factor_array__builder.hpp
[1.555s] -- Up-to-date symlink: /autoware/install/autoware_adapi_v1_msgs/include/autoware_adapi_v1_msgs/autoware_adapi_v1_msgs/msg/detail/steering_factor_array__struct.hpp
[1.555s] -- Up-to-date symlink: /autoware/install/autoware_adapi_v1_msgs/include/autoware_adapi_v1_msgs/autoware_adapi_v1_msgs/msg/detail/steering_factor_array__traits.hpp
[1.555s] -- Up-to-date symlink: /autoware/install/autoware_adapi_v1_msgs/include/autoware_adapi_v1_msgs/autoware_adapi_v1_msgs/msg/detail/velocity_factor__builder.hpp
[1.555s] -- Up-to-date symlink: /autoware/install/autoware_adapi_v1_msgs/include/autoware_adapi_v1_msgs/autoware_adapi_v1_msgs/msg/detail/velocity_factor__struct.hpp
[1.555s] -- Up-to-date symlink: /autoware/install/autoware_adapi_v1_msgs/include/autoware_adapi_v1_msgs/autoware_adapi_v1_msgs/msg/detail/velocity_factor__traits.hpp
[1.555s] -- Up-to-date symlink: /autoware/install/autoware_adapi_v1_msgs/include/autoware_adapi_v1_msgs/autoware_adapi_v1_msgs/msg/detail/velocity_factor_array__builder.hpp
[1.555s] -- Up-to-date symlink: /autoware/install/autoware_adapi_v1_msgs/include/autoware_adapi_v1_msgs/autoware_adapi_v1_msgs/msg/detail/velocity_factor_array__struct.hpp
[1.555s] -- Up-to-date symlink: /autoware/install/autoware_adapi_v1_msgs/include/autoware_adapi_v1_msgs/autoware_adapi_v1_msgs/msg/detail/velocity_factor_array__traits.hpp
[1.556s] -- Up-to-date symlink: /autoware/install/autoware_adapi_v1_msgs/include/autoware_adapi_v1_msgs/autoware_adapi_v1_msgs/msg/localization_initialization_state.hpp
[1.556s] -- Up-to-date symlink: /autoware/install/autoware_adapi_v1_msgs/include/autoware_adapi_v1_msgs/autoware_adapi_v1_msgs/msg/motion_state.hpp
[1.556s] -- Up-to-date symlink: /autoware/install/autoware_adapi_v1_msgs/include/autoware_adapi_v1_msgs/autoware_adapi_v1_msgs/msg/mrm_state.hpp
[1.556s] -- Up-to-date symlink: /autoware/install/autoware_adapi_v1_msgs/include/autoware_adapi_v1_msgs/autoware_adapi_v1_msgs/msg/operation_mode_state.hpp
[1.556s] -- Up-to-date symlink: /autoware/install/autoware_adapi_v1_msgs/include/autoware_adapi_v1_msgs/autoware_adapi_v1_msgs/msg/response_status.hpp
[1.556s] -- Up-to-date symlink: /autoware/install/autoware_adapi_v1_msgs/include/autoware_adapi_v1_msgs/autoware_adapi_v1_msgs/msg/route.hpp
[1.556s] -- Up-to-date symlink: /autoware/install/autoware_adapi_v1_msgs/include/autoware_adapi_v1_msgs/autoware_adapi_v1_msgs/msg/route_data.hpp
[1.556s] -- Up-to-date symlink: /autoware/install/autoware_adapi_v1_msgs/include/autoware_adapi_v1_msgs/autoware_adapi_v1_msgs/msg/route_primitive.hpp
[1.556s] -- Up-to-date symlink: /autoware/install/autoware_adapi_v1_msgs/include/autoware_adapi_v1_msgs/autoware_adapi_v1_msgs/msg/route_segment.hpp
[1.556s] -- Up-to-date symlink: /autoware/install/autoware_adapi_v1_msgs/include/autoware_adapi_v1_msgs/autoware_adapi_v1_msgs/msg/route_state.hpp
[1.556s] -- Up-to-date symlink: /autoware/install/autoware_adapi_v1_msgs/include/autoware_adapi_v1_msgs/autoware_adapi_v1_msgs/msg/steering_factor.hpp
[1.556s] -- Up-to-date symlink: /autoware/install/autoware_adapi_v1_msgs/include/autoware_adapi_v1_msgs/autoware_adapi_v1_msgs/msg/steering_factor_array.hpp
[1.557s] -- Up-to-date symlink: /autoware/install/autoware_adapi_v1_msgs/include/autoware_adapi_v1_msgs/autoware_adapi_v1_msgs/msg/velocity_factor.hpp
[1.557s] -- Up-to-date symlink: /autoware/install/autoware_adapi_v1_msgs/include/autoware_adapi_v1_msgs/autoware_adapi_v1_msgs/msg/velocity_factor_array.hpp
[1.557s] -- Up-to-date symlink: /autoware/install/autoware_adapi_v1_msgs/include/autoware_adapi_v1_msgs/autoware_adapi_v1_msgs/srv/accept_start.hpp
[1.557s] -- Up-to-date symlink: /autoware/install/autoware_adapi_v1_msgs/include/autoware_adapi_v1_msgs/autoware_adapi_v1_msgs/srv/change_operation_mode.hpp
[1.557s] -- Up-to-date symlink: /autoware/install/autoware_adapi_v1_msgs/include/autoware_adapi_v1_msgs/autoware_adapi_v1_msgs/srv/clear_route.hpp
[1.557s] -- Up-to-date symlink: /autoware/install/autoware_adapi_v1_msgs/include/autoware_adapi_v1_msgs/autoware_adapi_v1_msgs/srv/detail/accept_start__builder.hpp
[1.557s] -- Up-to-date symlink: /autoware/install/autoware_adapi_v1_msgs/include/autoware_adapi_v1_msgs/autoware_adapi_v1_msgs/srv/detail/accept_start__struct.hpp
[1.558s] -- Up-to-date symlink: /autoware/install/autoware_adapi_v1_msgs/include/autoware_adapi_v1_msgs/autoware_adapi_v1_msgs/srv/detail/accept_start__traits.hpp
[1.558s] -- Up-to-date symlink: /autoware/install/autoware_adapi_v1_msgs/include/autoware_adapi_v1_msgs/autoware_adapi_v1_msgs/srv/detail/change_operation_mode__builder.hpp
[1.558s] -- Up-to-date symlink: /autoware/install/autoware_adapi_v1_msgs/include/autoware_adapi_v1_msgs/autoware_adapi_v1_msgs/srv/detail/change_operation_mode__struct.hpp
[1.558s] -- Up-to-date symlink: /autoware/install/autoware_adapi_v1_msgs/include/autoware_adapi_v1_msgs/autoware_adapi_v1_msgs/srv/detail/change_operation_mode__traits.hpp
[1.558s] -- Up-to-date symlink: /autoware/install/autoware_adapi_v1_msgs/include/autoware_adapi_v1_msgs/autoware_adapi_v1_msgs/srv/detail/clear_route__builder.hpp
[1.558s] -- Up-to-date symlink: /autoware/install/autoware_adapi_v1_msgs/include/autoware_adapi_v1_msgs/autoware_adapi_v1_msgs/srv/detail/clear_route__struct.hpp
[1.558s] -- Up-to-date symlink: /autoware/install/autoware_adapi_v1_msgs/include/autoware_adapi_v1_msgs/autoware_adapi_v1_msgs/srv/detail/clear_route__traits.hpp
[1.559s] -- Up-to-date symlink: /autoware/install/autoware_adapi_v1_msgs/include/autoware_adapi_v1_msgs/autoware_adapi_v1_msgs/srv/detail/initialize_localization__builder.hpp
[1.559s] -- Up-to-date symlink: /autoware/install/autoware_adapi_v1_msgs/include/autoware_adapi_v1_msgs/autoware_adapi_v1_msgs/srv/detail/initialize_localization__struct.hpp
[1.564s] -- Up-to-date symlink: /autoware/install/autoware_adapi_v1_msgs/include/autoware_adapi_v1_msgs/autoware_adapi_v1_msgs/srv/detail/initialize_localization__traits.hpp
[1.565s] -- Up-to-date symlink: /autoware/install/autoware_adapi_v1_msgs/include/autoware_adapi_v1_msgs/autoware_adapi_v1_msgs/srv/detail/set_route__builder.hpp
[1.565s] -- Up-to-date symlink: /autoware/install/autoware_adapi_v1_msgs/include/autoware_adapi_v1_msgs/autoware_adapi_v1_msgs/srv/detail/set_route__struct.hpp
[1.565s] -- Up-to-date symlink: /autoware/install/autoware_adapi_v1_msgs/include/autoware_adapi_v1_msgs/autoware_adapi_v1_msgs/srv/detail/set_route__traits.hpp
[1.565s] -- Up-to-date symlink: /autoware/install/autoware_adapi_v1_msgs/include/autoware_adapi_v1_msgs/autoware_adapi_v1_msgs/srv/detail/set_route_points__builder.hpp
[1.565s] -- Up-to-date symlink: /autoware/install/autoware_adapi_v1_msgs/include/autoware_adapi_v1_msgs/autoware_adapi_v1_msgs/srv/detail/set_route_points__struct.hpp
[1.565s] -- Up-to-date symlink: /autoware/install/autoware_adapi_v1_msgs/include/autoware_adapi_v1_msgs/autoware_adapi_v1_msgs/srv/detail/set_route_points__traits.hpp
[1.565s] -- Up-to-date symlink: /autoware/install/autoware_adapi_v1_msgs/include/autoware_adapi_v1_msgs/autoware_adapi_v1_msgs/srv/initialize_localization.hpp
[1.565s] -- Up-to-date symlink: /autoware/install/autoware_adapi_v1_msgs/include/autoware_adapi_v1_msgs/autoware_adapi_v1_msgs/srv/set_route.hpp
[1.565s] -- Up-to-date symlink: /autoware/install/autoware_adapi_v1_msgs/include/autoware_adapi_v1_msgs/autoware_adapi_v1_msgs/srv/set_route_points.hpp
[1.565s] -- Up-to-date symlink: /autoware/install/autoware_adapi_v1_msgs/include/autoware_adapi_v1_msgs/autoware_adapi_v1_msgs/msg/detail/localization_initialization_state__rosidl_typesupport_fastrtps_cpp.hpp
[1.565s] -- Up-to-date symlink: /autoware/install/autoware_adapi_v1_msgs/include/autoware_adapi_v1_msgs/autoware_adapi_v1_msgs/msg/detail/motion_state__rosidl_typesupport_fastrtps_cpp.hpp
[1.566s] -- Up-to-date symlink: /autoware/install/autoware_adapi_v1_msgs/include/autoware_adapi_v1_msgs/autoware_adapi_v1_msgs/msg/detail/mrm_state__rosidl_typesupport_fastrtps_cpp.hpp
[1.566s] -- Up-to-date symlink: /autoware/install/autoware_adapi_v1_msgs/include/autoware_adapi_v1_msgs/autoware_adapi_v1_msgs/msg/detail/operation_mode_state__rosidl_typesupport_fastrtps_cpp.hpp
[1.566s] -- Up-to-date symlink: /autoware/install/autoware_adapi_v1_msgs/include/autoware_adapi_v1_msgs/autoware_adapi_v1_msgs/msg/detail/response_status__rosidl_typesupport_fastrtps_cpp.hpp
[1.566s] -- Up-to-date symlink: /autoware/install/autoware_adapi_v1_msgs/include/autoware_adapi_v1_msgs/autoware_adapi_v1_msgs/msg/detail/route__rosidl_typesupport_fastrtps_cpp.hpp
[1.566s] -- Up-to-date symlink: /autoware/install/autoware_adapi_v1_msgs/include/autoware_adapi_v1_msgs/autoware_adapi_v1_msgs/msg/detail/route_data__rosidl_typesupport_fastrtps_cpp.hpp
[1.566s] -- Up-to-date symlink: /autoware/install/autoware_adapi_v1_msgs/include/autoware_adapi_v1_msgs/autoware_adapi_v1_msgs/msg/detail/route_primitive__rosidl_typesupport_fastrtps_cpp.hpp
[1.566s] -- Up-to-date symlink: /autoware/install/autoware_adapi_v1_msgs/include/autoware_adapi_v1_msgs/autoware_adapi_v1_msgs/msg/detail/route_segment__rosidl_typesupport_fastrtps_cpp.hpp
[1.566s] -- Up-to-date symlink: /autoware/install/autoware_adapi_v1_msgs/include/autoware_adapi_v1_msgs/autoware_adapi_v1_msgs/msg/detail/route_state__rosidl_typesupport_fastrtps_cpp.hpp
[1.566s] -- Up-to-date symlink: /autoware/install/autoware_adapi_v1_msgs/include/autoware_adapi_v1_msgs/autoware_adapi_v1_msgs/msg/detail/steering_factor__rosidl_typesupport_fastrtps_cpp.hpp
[1.566s] -- Up-to-date symlink: /autoware/install/autoware_adapi_v1_msgs/include/autoware_adapi_v1_msgs/autoware_adapi_v1_msgs/msg/detail/steering_factor_array__rosidl_typesupport_fastrtps_cpp.hpp
[1.566s] -- Up-to-date symlink: /autoware/install/autoware_adapi_v1_msgs/include/autoware_adapi_v1_msgs/autoware_adapi_v1_msgs/msg/detail/velocity_factor__rosidl_typesupport_fastrtps_cpp.hpp
[1.567s] -- Up-to-date symlink: /autoware/install/autoware_adapi_v1_msgs/include/autoware_adapi_v1_msgs/autoware_adapi_v1_msgs/msg/detail/velocity_factor_array__rosidl_typesupport_fastrtps_cpp.hpp
[1.567s] -- Up-to-date symlink: /autoware/install/autoware_adapi_v1_msgs/include/autoware_adapi_v1_msgs/autoware_adapi_v1_msgs/msg/rosidl_typesupport_fastrtps_cpp__visibility_control.h
[1.567s] -- Up-to-date symlink: /autoware/install/autoware_adapi_v1_msgs/include/autoware_adapi_v1_msgs/autoware_adapi_v1_msgs/srv/detail/accept_start__rosidl_typesupport_fastrtps_cpp.hpp
[1.567s] -- Up-to-date symlink: /autoware/install/autoware_adapi_v1_msgs/include/autoware_adapi_v1_msgs/autoware_adapi_v1_msgs/srv/detail/change_operation_mode__rosidl_typesupport_fastrtps_cpp.hpp
[1.567s] -- Up-to-date symlink: /autoware/install/autoware_adapi_v1_msgs/include/autoware_adapi_v1_msgs/autoware_adapi_v1_msgs/srv/detail/clear_route__rosidl_typesupport_fastrtps_cpp.hpp
[1.567s] -- Up-to-date symlink: /autoware/install/autoware_adapi_v1_msgs/include/autoware_adapi_v1_msgs/autoware_adapi_v1_msgs/srv/detail/initialize_localization__rosidl_typesupport_fastrtps_cpp.hpp
[1.567s] -- Up-to-date symlink: /autoware/install/autoware_adapi_v1_msgs/include/autoware_adapi_v1_msgs/autoware_adapi_v1_msgs/srv/detail/set_route__rosidl_typesupport_fastrtps_cpp.hpp
[1.567s] -- Up-to-date symlink: /autoware/install/autoware_adapi_v1_msgs/include/autoware_adapi_v1_msgs/autoware_adapi_v1_msgs/srv/detail/set_route_points__rosidl_typesupport_fastrtps_cpp.hpp
[1.567s] -- Up-to-date symlink: /autoware/install/autoware_adapi_v1_msgs/include/autoware_adapi_v1_msgs/autoware_adapi_v1_msgs/msg/detail/localization_initialization_state__rosidl_typesupport_introspection_cpp.hpp
[1.567s] -- Up-to-date symlink: /autoware/install/autoware_adapi_v1_msgs/include/autoware_adapi_v1_msgs/autoware_adapi_v1_msgs/msg/detail/motion_state__rosidl_typesupport_introspection_cpp.hpp
[1.567s] -- Up-to-date symlink: /autoware/install/autoware_adapi_v1_msgs/include/autoware_adapi_v1_msgs/autoware_adapi_v1_msgs/msg/detail/mrm_state__rosidl_typesupport_introspection_cpp.hpp
[1.567s] -- Up-to-date symlink: /autoware/install/autoware_adapi_v1_msgs/include/autoware_adapi_v1_msgs/autoware_adapi_v1_msgs/msg/detail/operation_mode_state__rosidl_typesupport_introspection_cpp.hpp
[1.568s] -- Up-to-date symlink: /autoware/install/autoware_adapi_v1_msgs/include/autoware_adapi_v1_msgs/autoware_adapi_v1_msgs/msg/detail/response_status__rosidl_typesupport_introspection_cpp.hpp
[1.568s] -- Up-to-date symlink: /autoware/install/autoware_adapi_v1_msgs/include/autoware_adapi_v1_msgs/autoware_adapi_v1_msgs/msg/detail/route__rosidl_typesupport_introspection_cpp.hpp
[1.568s] -- Up-to-date symlink: /autoware/install/autoware_adapi_v1_msgs/include/autoware_adapi_v1_msgs/autoware_adapi_v1_msgs/msg/detail/route_data__rosidl_typesupport_introspection_cpp.hpp
[1.568s] -- Up-to-date symlink: /autoware/install/autoware_adapi_v1_msgs/include/autoware_adapi_v1_msgs/autoware_adapi_v1_msgs/msg/detail/route_primitive__rosidl_typesupport_introspection_cpp.hpp
[1.568s] -- Up-to-date symlink: /autoware/install/autoware_adapi_v1_msgs/include/autoware_adapi_v1_msgs/autoware_adapi_v1_msgs/msg/detail/route_segment__rosidl_typesupport_introspection_cpp.hpp
[1.568s] -- Up-to-date symlink: /autoware/install/autoware_adapi_v1_msgs/include/autoware_adapi_v1_msgs/autoware_adapi_v1_msgs/msg/detail/route_state__rosidl_typesupport_introspection_cpp.hpp
[1.568s] -- Up-to-date symlink: /autoware/install/autoware_adapi_v1_msgs/include/autoware_adapi_v1_msgs/autoware_adapi_v1_msgs/msg/detail/steering_factor__rosidl_typesupport_introspection_cpp.hpp
[1.568s] -- Up-to-date symlink: /autoware/install/autoware_adapi_v1_msgs/include/autoware_adapi_v1_msgs/autoware_adapi_v1_msgs/msg/detail/steering_factor_array__rosidl_typesupport_introspection_cpp.hpp
[1.572s] -- Up-to-date symlink: /autoware/install/autoware_adapi_v1_msgs/include/autoware_adapi_v1_msgs/autoware_adapi_v1_msgs/msg/detail/velocity_factor__rosidl_typesupport_introspection_cpp.hpp
[1.572s] -- Up-to-date symlink: /autoware/install/autoware_adapi_v1_msgs/include/autoware_adapi_v1_msgs/autoware_adapi_v1_msgs/msg/detail/velocity_factor_array__rosidl_typesupport_introspection_cpp.hpp
[1.572s] -- Up-to-date symlink: /autoware/install/autoware_adapi_v1_msgs/include/autoware_adapi_v1_msgs/autoware_adapi_v1_msgs/srv/detail/accept_start__rosidl_typesupport_introspection_cpp.hpp
[1.572s] -- Up-to-date symlink: /autoware/install/autoware_adapi_v1_msgs/include/autoware_adapi_v1_msgs/autoware_adapi_v1_msgs/srv/detail/change_operation_mode__rosidl_typesupport_introspection_cpp.hpp
[1.573s] -- Up-to-date symlink: /autoware/install/autoware_adapi_v1_msgs/include/autoware_adapi_v1_msgs/autoware_adapi_v1_msgs/srv/detail/clear_route__rosidl_typesupport_introspection_cpp.hpp
[1.573s] -- Up-to-date symlink: /autoware/install/autoware_adapi_v1_msgs/include/autoware_adapi_v1_msgs/autoware_adapi_v1_msgs/srv/detail/initialize_localization__rosidl_typesupport_introspection_cpp.hpp
[1.573s] -- Up-to-date symlink: /autoware/install/autoware_adapi_v1_msgs/include/autoware_adapi_v1_msgs/autoware_adapi_v1_msgs/srv/detail/set_route__rosidl_typesupport_introspection_cpp.hpp
[1.573s] -- Up-to-date symlink: /autoware/install/autoware_adapi_v1_msgs/include/autoware_adapi_v1_msgs/autoware_adapi_v1_msgs/srv/detail/set_route_points__rosidl_typesupport_introspection_cpp.hpp
[1.573s] -- Up-to-date symlink: /autoware/install/autoware_adapi_v1_msgs/share/autoware_adapi_v1_msgs/environment/pythonpath.sh
[1.573s] -- Up-to-date symlink: /autoware/install/autoware_adapi_v1_msgs/share/autoware_adapi_v1_msgs/environment/pythonpath.dsv
[1.573s] -- Up-to-date symlink: /autoware/install/autoware_adapi_v1_msgs/local/lib/python3.10/dist-packages/autoware_adapi_v1_msgs-0.0.0-py3.10.egg-info/PKG-INFO
[1.573s] -- Up-to-date symlink: /autoware/install/autoware_adapi_v1_msgs/local/lib/python3.10/dist-packages/autoware_adapi_v1_msgs-0.0.0-py3.10.egg-info/SOURCES.txt
[1.574s] -- Up-to-date symlink: /autoware/install/autoware_adapi_v1_msgs/local/lib/python3.10/dist-packages/autoware_adapi_v1_msgs-0.0.0-py3.10.egg-info/dependency_links.txt
[1.574s] -- Up-to-date symlink: /autoware/install/autoware_adapi_v1_msgs/local/lib/python3.10/dist-packages/autoware_adapi_v1_msgs-0.0.0-py3.10.egg-info/top_level.txt
[1.574s] -- Up-to-date symlink: /autoware/install/autoware_adapi_v1_msgs/local/lib/python3.10/dist-packages/autoware_adapi_v1_msgs/__init__.py
[1.574s] -- Up-to-date symlink: /autoware/install/autoware_adapi_v1_msgs/local/lib/python3.10/dist-packages/autoware_adapi_v1_msgs/_autoware_adapi_v1_msgs_s.ep.rosidl_typesupport_c.c
[1.574s] -- Up-to-date symlink: /autoware/install/autoware_adapi_v1_msgs/local/lib/python3.10/dist-packages/autoware_adapi_v1_msgs/_autoware_adapi_v1_msgs_s.ep.rosidl_typesupport_fastrtps_c.c
[1.574s] -- Up-to-date symlink: /autoware/install/autoware_adapi_v1_msgs/local/lib/python3.10/dist-packages/autoware_adapi_v1_msgs/_autoware_adapi_v1_msgs_s.ep.rosidl_typesupport_introspection_c.c
[1.574s] -- Up-to-date symlink: /autoware/install/autoware_adapi_v1_msgs/local/lib/python3.10/dist-packages/autoware_adapi_v1_msgs/autoware_adapi_v1_msgs_s__rosidl_typesupport_c.cpython-310-x86_64-linux-gnu.so
[1.574s] -- Up-to-date symlink: /autoware/install/autoware_adapi_v1_msgs/local/lib/python3.10/dist-packages/autoware_adapi_v1_msgs/autoware_adapi_v1_msgs_s__rosidl_typesupport_fastrtps_c.cpython-310-x86_64-linux-gnu.so
[1.574s] -- Up-to-date symlink: /autoware/install/autoware_adapi_v1_msgs/local/lib/python3.10/dist-packages/autoware_adapi_v1_msgs/autoware_adapi_v1_msgs_s__rosidl_typesupport_introspection_c.cpython-310-x86_64-linux-gnu.so
[1.574s] -- Up-to-date symlink: /autoware/install/autoware_adapi_v1_msgs/local/lib/python3.10/dist-packages/autoware_adapi_v1_msgs/libautoware_adapi_v1_msgs__rosidl_generator_py.so
[1.574s] -- Up-to-date symlink: /autoware/install/autoware_adapi_v1_msgs/local/lib/python3.10/dist-packages/autoware_adapi_v1_msgs/msg/__init__.py
[1.574s] -- Up-to-date symlink: /autoware/install/autoware_adapi_v1_msgs/local/lib/python3.10/dist-packages/autoware_adapi_v1_msgs/msg/_localization_initialization_state.py
[1.575s] -- Up-to-date symlink: /autoware/install/autoware_adapi_v1_msgs/local/lib/python3.10/dist-packages/autoware_adapi_v1_msgs/msg/_localization_initialization_state_s.c
[1.575s] -- Up-to-date symlink: /autoware/install/autoware_adapi_v1_msgs/local/lib/python3.10/dist-packages/autoware_adapi_v1_msgs/msg/_motion_state.py
[1.575s] -- Up-to-date symlink: /autoware/install/autoware_adapi_v1_msgs/local/lib/python3.10/dist-packages/autoware_adapi_v1_msgs/msg/_motion_state_s.c
[1.579s] -- Up-to-date symlink: /autoware/install/autoware_adapi_v1_msgs/local/lib/python3.10/dist-packages/autoware_adapi_v1_msgs/msg/_mrm_state.py
[1.579s] -- Up-to-date symlink: /autoware/install/autoware_adapi_v1_msgs/local/lib/python3.10/dist-packages/autoware_adapi_v1_msgs/msg/_mrm_state_s.c
[1.579s] -- Up-to-date symlink: /autoware/install/autoware_adapi_v1_msgs/local/lib/python3.10/dist-packages/autoware_adapi_v1_msgs/msg/_operation_mode_state.py
[1.579s] -- Up-to-date symlink: /autoware/install/autoware_adapi_v1_msgs/local/lib/python3.10/dist-packages/autoware_adapi_v1_msgs/msg/_operation_mode_state_s.c
[1.579s] -- Up-to-date symlink: /autoware/install/autoware_adapi_v1_msgs/local/lib/python3.10/dist-packages/autoware_adapi_v1_msgs/msg/_response_status.py
[1.579s] -- Up-to-date symlink: /autoware/install/autoware_adapi_v1_msgs/local/lib/python3.10/dist-packages/autoware_adapi_v1_msgs/msg/_response_status_s.c
[1.579s] -- Up-to-date symlink: /autoware/install/autoware_adapi_v1_msgs/local/lib/python3.10/dist-packages/autoware_adapi_v1_msgs/msg/_route.py
[1.579s] -- Up-to-date symlink: /autoware/install/autoware_adapi_v1_msgs/local/lib/python3.10/dist-packages/autoware_adapi_v1_msgs/msg/_route_data.py
[1.580s] -- Up-to-date symlink: /autoware/install/autoware_adapi_v1_msgs/local/lib/python3.10/dist-packages/autoware_adapi_v1_msgs/msg/_route_data_s.c
[1.580s] -- Up-to-date symlink: /autoware/install/autoware_adapi_v1_msgs/local/lib/python3.10/dist-packages/autoware_adapi_v1_msgs/msg/_route_primitive.py
[1.580s] -- Up-to-date symlink: /autoware/install/autoware_adapi_v1_msgs/local/lib/python3.10/dist-packages/autoware_adapi_v1_msgs/msg/_route_primitive_s.c
[1.580s] -- Up-to-date symlink: /autoware/install/autoware_adapi_v1_msgs/local/lib/python3.10/dist-packages/autoware_adapi_v1_msgs/msg/_route_s.c
[1.580s] -- Up-to-date symlink: /autoware/install/autoware_adapi_v1_msgs/local/lib/python3.10/dist-packages/autoware_adapi_v1_msgs/msg/_route_segment.py
[1.580s] -- Up-to-date symlink: /autoware/install/autoware_adapi_v1_msgs/local/lib/python3.10/dist-packages/autoware_adapi_v1_msgs/msg/_route_segment_s.c
[1.580s] -- Up-to-date symlink: /autoware/install/autoware_adapi_v1_msgs/local/lib/python3.10/dist-packages/autoware_adapi_v1_msgs/msg/_route_state.py
[1.580s] -- Up-to-date symlink: /autoware/install/autoware_adapi_v1_msgs/local/lib/python3.10/dist-packages/autoware_adapi_v1_msgs/msg/_route_state_s.c
[1.580s] -- Up-to-date symlink: /autoware/install/autoware_adapi_v1_msgs/local/lib/python3.10/dist-packages/autoware_adapi_v1_msgs/msg/_steering_factor.py
[1.581s] -- Up-to-date symlink: /autoware/install/autoware_adapi_v1_msgs/local/lib/python3.10/dist-packages/autoware_adapi_v1_msgs/msg/_steering_factor_array.py
[1.581s] -- Up-to-date symlink: /autoware/install/autoware_adapi_v1_msgs/local/lib/python3.10/dist-packages/autoware_adapi_v1_msgs/msg/_steering_factor_array_s.c
[1.585s] -- Up-to-date symlink: /autoware/install/autoware_adapi_v1_msgs/local/lib/python3.10/dist-packages/autoware_adapi_v1_msgs/msg/_steering_factor_s.c
[1.585s] -- Up-to-date symlink: /autoware/install/autoware_adapi_v1_msgs/local/lib/python3.10/dist-packages/autoware_adapi_v1_msgs/msg/_velocity_factor.py
[1.585s] -- Up-to-date symlink: /autoware/install/autoware_adapi_v1_msgs/local/lib/python3.10/dist-packages/autoware_adapi_v1_msgs/msg/_velocity_factor_array.py
[1.585s] -- Up-to-date symlink: /autoware/install/autoware_adapi_v1_msgs/local/lib/python3.10/dist-packages/autoware_adapi_v1_msgs/msg/_velocity_factor_array_s.c
[1.586s] -- Up-to-date symlink: /autoware/install/autoware_adapi_v1_msgs/local/lib/python3.10/dist-packages/autoware_adapi_v1_msgs/msg/_velocity_factor_s.c
[1.586s] -- Up-to-date symlink: /autoware/install/autoware_adapi_v1_msgs/local/lib/python3.10/dist-packages/autoware_adapi_v1_msgs/srv/__init__.py
[1.586s] -- Up-to-date symlink: /autoware/install/autoware_adapi_v1_msgs/local/lib/python3.10/dist-packages/autoware_adapi_v1_msgs/srv/_accept_start.py
[1.586s] -- Up-to-date symlink: /autoware/install/autoware_adapi_v1_msgs/local/lib/python3.10/dist-packages/autoware_adapi_v1_msgs/srv/_accept_start_s.c
[1.586s] -- Up-to-date symlink: /autoware/install/autoware_adapi_v1_msgs/local/lib/python3.10/dist-packages/autoware_adapi_v1_msgs/srv/_change_operation_mode.py
[1.586s] -- Up-to-date symlink: /autoware/install/autoware_adapi_v1_msgs/local/lib/python3.10/dist-packages/autoware_adapi_v1_msgs/srv/_change_operation_mode_s.c
[1.586s] -- Up-to-date symlink: /autoware/install/autoware_adapi_v1_msgs/local/lib/python3.10/dist-packages/autoware_adapi_v1_msgs/srv/_clear_route.py
[1.586s] -- Up-to-date symlink: /autoware/install/autoware_adapi_v1_msgs/local/lib/python3.10/dist-packages/autoware_adapi_v1_msgs/srv/_clear_route_s.c
[1.587s] -- Up-to-date symlink: /autoware/install/autoware_adapi_v1_msgs/local/lib/python3.10/dist-packages/autoware_adapi_v1_msgs/srv/_initialize_localization.py
[1.587s] -- Up-to-date symlink: /autoware/install/autoware_adapi_v1_msgs/local/lib/python3.10/dist-packages/autoware_adapi_v1_msgs/srv/_initialize_localization_s.c
[1.587s] -- Up-to-date symlink: /autoware/install/autoware_adapi_v1_msgs/local/lib/python3.10/dist-packages/autoware_adapi_v1_msgs/srv/_set_route.py
[1.587s] -- Up-to-date symlink: /autoware/install/autoware_adapi_v1_msgs/local/lib/python3.10/dist-packages/autoware_adapi_v1_msgs/srv/_set_route_points.py
[1.587s] -- Up-to-date symlink: /autoware/install/autoware_adapi_v1_msgs/local/lib/python3.10/dist-packages/autoware_adapi_v1_msgs/srv/_set_route_points_s.c
[1.587s] -- Up-to-date symlink: /autoware/install/autoware_adapi_v1_msgs/local/lib/python3.10/dist-packages/autoware_adapi_v1_msgs/srv/_set_route_s.c
[1.587s] -- Up-to-date symlink: /autoware/install/autoware_adapi_v1_msgs/local/lib/python3.10/dist-packages/autoware_adapi_v1_msgs/autoware_adapi_v1_msgs_s__rosidl_typesupport_fastrtps_c.cpython-310-x86_64-linux-gnu.so
[1.587s] -- Up-to-date symlink: /autoware/install/autoware_adapi_v1_msgs/local/lib/python3.10/dist-packages/autoware_adapi_v1_msgs/autoware_adapi_v1_msgs_s__rosidl_typesupport_introspection_c.cpython-310-x86_64-linux-gnu.so
[1.587s] -- Up-to-date symlink: /autoware/install/autoware_adapi_v1_msgs/local/lib/python3.10/dist-packages/autoware_adapi_v1_msgs/autoware_adapi_v1_msgs_s__rosidl_typesupport_c.cpython-310-x86_64-linux-gnu.so
[1.588s] -- Up-to-date symlink: /autoware/install/autoware_adapi_v1_msgs/share/autoware_adapi_v1_msgs/msg/ResponseStatus.idl
[1.588s] -- Up-to-date symlink: /autoware/install/autoware_adapi_v1_msgs/share/autoware_adapi_v1_msgs/msg/LocalizationInitializationState.idl
[1.588s] -- Up-to-date symlink: /autoware/install/autoware_adapi_v1_msgs/share/autoware_adapi_v1_msgs/srv/InitializeLocalization.idl
[1.588s] -- Up-to-date symlink: /autoware/install/autoware_adapi_v1_msgs/share/autoware_adapi_v1_msgs/msg/RouteState.idl
[1.588s] -- Up-to-date symlink: /autoware/install/autoware_adapi_v1_msgs/share/autoware_adapi_v1_msgs/msg/Route.idl
[1.588s] -- Up-to-date symlink: /autoware/install/autoware_adapi_v1_msgs/share/autoware_adapi_v1_msgs/msg/RouteData.idl
[1.588s] -- Up-to-date symlink: /autoware/install/autoware_adapi_v1_msgs/share/autoware_adapi_v1_msgs/msg/RoutePrimitive.idl
[1.588s] -- Up-to-date symlink: /autoware/install/autoware_adapi_v1_msgs/share/autoware_adapi_v1_msgs/msg/RouteSegment.idl
[1.588s] -- Up-to-date symlink: /autoware/install/autoware_adapi_v1_msgs/share/autoware_adapi_v1_msgs/srv/ClearRoute.idl
[1.588s] -- Up-to-date symlink: /autoware/install/autoware_adapi_v1_msgs/share/autoware_adapi_v1_msgs/srv/SetRoute.idl
[1.589s] -- Up-to-date symlink: /autoware/install/autoware_adapi_v1_msgs/share/autoware_adapi_v1_msgs/srv/SetRoutePoints.idl
[1.589s] -- Up-to-date symlink: /autoware/install/autoware_adapi_v1_msgs/share/autoware_adapi_v1_msgs/msg/OperationModeState.idl
[1.589s] -- Up-to-date symlink: /autoware/install/autoware_adapi_v1_msgs/share/autoware_adapi_v1_msgs/srv/ChangeOperationMode.idl
[1.589s] -- Up-to-date symlink: /autoware/install/autoware_adapi_v1_msgs/share/autoware_adapi_v1_msgs/msg/MotionState.idl
[1.589s] -- Up-to-date symlink: /autoware/install/autoware_adapi_v1_msgs/share/autoware_adapi_v1_msgs/srv/AcceptStart.idl
[1.590s] -- Up-to-date symlink: /autoware/install/autoware_adapi_v1_msgs/share/autoware_adapi_v1_msgs/msg/SteeringFactor.idl
[1.590s] -- Up-to-date symlink: /autoware/install/autoware_adapi_v1_msgs/share/autoware_adapi_v1_msgs/msg/SteeringFactorArray.idl
[1.590s] -- Up-to-date symlink: /autoware/install/autoware_adapi_v1_msgs/share/autoware_adapi_v1_msgs/msg/VelocityFactor.idl
[1.590s] -- Up-to-date symlink: /autoware/install/autoware_adapi_v1_msgs/share/autoware_adapi_v1_msgs/msg/VelocityFactorArray.idl
[1.591s] -- Up-to-date symlink: /autoware/install/autoware_adapi_v1_msgs/share/autoware_adapi_v1_msgs/msg/MrmState.idl
[1.591s] -- Up-to-date symlink: /autoware/install/autoware_adapi_v1_msgs/share/autoware_adapi_v1_msgs/msg/ResponseStatus.msg
[1.591s] -- Up-to-date symlink: /autoware/install/autoware_adapi_v1_msgs/share/autoware_adapi_v1_msgs/msg/LocalizationInitializationState.msg
[1.591s] -- Up-to-date symlink: /autoware/install/autoware_adapi_v1_msgs/share/autoware_adapi_v1_msgs/srv/InitializeLocalization.srv
[1.591s] -- Up-to-date symlink: /autoware/install/autoware_adapi_v1_msgs/share/autoware_adapi_v1_msgs/srv/InitializeLocalization_Request.msg
[1.591s] -- Up-to-date symlink: /autoware/install/autoware_adapi_v1_msgs/share/autoware_adapi_v1_msgs/srv/InitializeLocalization_Response.msg
[1.591s] -- Up-to-date symlink: /autoware/install/autoware_adapi_v1_msgs/share/autoware_adapi_v1_msgs/msg/RouteState.msg
[1.591s] -- Up-to-date symlink: /autoware/install/autoware_adapi_v1_msgs/share/autoware_adapi_v1_msgs/msg/Route.msg
[1.591s] -- Up-to-date symlink: /autoware/install/autoware_adapi_v1_msgs/share/autoware_adapi_v1_msgs/msg/RouteData.msg
[1.592s] -- Up-to-date symlink: /autoware/install/autoware_adapi_v1_msgs/share/autoware_adapi_v1_msgs/msg/RoutePrimitive.msg
[1.592s] -- Up-to-date symlink: /autoware/install/autoware_adapi_v1_msgs/share/autoware_adapi_v1_msgs/msg/RouteSegment.msg
[1.592s] -- Up-to-date symlink: /autoware/install/autoware_adapi_v1_msgs/share/autoware_adapi_v1_msgs/srv/ClearRoute.srv
[1.592s] -- Up-to-date symlink: /autoware/install/autoware_adapi_v1_msgs/share/autoware_adapi_v1_msgs/srv/ClearRoute_Request.msg
[1.592s] -- Up-to-date symlink: /autoware/install/autoware_adapi_v1_msgs/share/autoware_adapi_v1_msgs/srv/ClearRoute_Response.msg
[1.592s] -- Up-to-date symlink: /autoware/install/autoware_adapi_v1_msgs/share/autoware_adapi_v1_msgs/srv/SetRoute.srv
[1.593s] -- Up-to-date symlink: /autoware/install/autoware_adapi_v1_msgs/share/autoware_adapi_v1_msgs/srv/SetRoute_Request.msg
[1.593s] -- Up-to-date symlink: /autoware/install/autoware_adapi_v1_msgs/share/autoware_adapi_v1_msgs/srv/SetRoute_Response.msg
[1.593s] -- Up-to-date symlink: /autoware/install/autoware_adapi_v1_msgs/share/autoware_adapi_v1_msgs/srv/SetRoutePoints.srv
[1.593s] -- Up-to-date symlink: /autoware/install/autoware_adapi_v1_msgs/share/autoware_adapi_v1_msgs/srv/SetRoutePoints_Request.msg
[1.593s] -- Up-to-date symlink: /autoware/install/autoware_adapi_v1_msgs/share/autoware_adapi_v1_msgs/srv/SetRoutePoints_Response.msg
[1.593s] -- Up-to-date symlink: /autoware/install/autoware_adapi_v1_msgs/share/autoware_adapi_v1_msgs/msg/OperationModeState.msg
[1.593s] -- Up-to-date symlink: /autoware/install/autoware_adapi_v1_msgs/share/autoware_adapi_v1_msgs/srv/ChangeOperationMode.srv
[1.593s] -- Up-to-date symlink: /autoware/install/autoware_adapi_v1_msgs/share/autoware_adapi_v1_msgs/srv/ChangeOperationMode_Request.msg
[1.594s] -- Up-to-date symlink: /autoware/install/autoware_adapi_v1_msgs/share/autoware_adapi_v1_msgs/srv/ChangeOperationMode_Response.msg
[1.594s] -- Up-to-date symlink: /autoware/install/autoware_adapi_v1_msgs/share/autoware_adapi_v1_msgs/msg/MotionState.msg
[1.598s] -- Up-to-date symlink: /autoware/install/autoware_adapi_v1_msgs/share/autoware_adapi_v1_msgs/srv/AcceptStart.srv
[1.604s] -- Up-to-date symlink: /autoware/install/autoware_adapi_v1_msgs/share/autoware_adapi_v1_msgs/srv/AcceptStart_Request.msg
[1.604s] -- Up-to-date symlink: /autoware/install/autoware_adapi_v1_msgs/share/autoware_adapi_v1_msgs/srv/AcceptStart_Response.msg
[1.604s] -- Up-to-date symlink: /autoware/install/autoware_adapi_v1_msgs/share/autoware_adapi_v1_msgs/msg/SteeringFactor.msg
[1.604s] -- Up-to-date symlink: /autoware/install/autoware_adapi_v1_msgs/share/autoware_adapi_v1_msgs/msg/SteeringFactorArray.msg
[1.604s] -- Up-to-date symlink: /autoware/install/autoware_adapi_v1_msgs/share/autoware_adapi_v1_msgs/msg/VelocityFactor.msg
[1.604s] -- Up-to-date symlink: /autoware/install/autoware_adapi_v1_msgs/share/autoware_adapi_v1_msgs/msg/VelocityFactorArray.msg
[1.604s] -- Up-to-date symlink: /autoware/install/autoware_adapi_v1_msgs/share/autoware_adapi_v1_msgs/msg/MrmState.msg
[1.604s] -- Up-to-date symlink: /autoware/install/autoware_adapi_v1_msgs/share/ament_index/resource_index/package_run_dependencies/autoware_adapi_v1_msgs
[1.605s] -- Up-to-date symlink: /autoware/install/autoware_adapi_v1_msgs/share/ament_index/resource_index/parent_prefix_path/autoware_adapi_v1_msgs
[1.605s] -- Up-to-date symlink: /autoware/install/autoware_adapi_v1_msgs/share/autoware_adapi_v1_msgs/environment/ament_prefix_path.sh
[1.605s] -- Up-to-date symlink: /autoware/install/autoware_adapi_v1_msgs/share/autoware_adapi_v1_msgs/environment/ament_prefix_path.dsv
[1.605s] -- Up-to-date symlink: /autoware/install/autoware_adapi_v1_msgs/share/autoware_adapi_v1_msgs/environment/path.sh
[1.605s] -- Up-to-date symlink: /autoware/install/autoware_adapi_v1_msgs/share/autoware_adapi_v1_msgs/environment/path.dsv
[1.605s] -- Up-to-date symlink: /autoware/install/autoware_adapi_v1_msgs/share/autoware_adapi_v1_msgs/local_setup.bash
[1.605s] -- Up-to-date symlink: /autoware/install/autoware_adapi_v1_msgs/share/autoware_adapi_v1_msgs/local_setup.sh
[1.605s] -- Up-to-date symlink: /autoware/install/autoware_adapi_v1_msgs/share/autoware_adapi_v1_msgs/local_setup.zsh
[1.605s] -- Up-to-date symlink: /autoware/install/autoware_adapi_v1_msgs/share/autoware_adapi_v1_msgs/local_setup.dsv
[1.605s] -- Symlinking: /autoware/install/autoware_adapi_v1_msgs/share/autoware_adapi_v1_msgs/package.dsv
[1.605s] -- Up-to-date symlink: /autoware/install/autoware_adapi_v1_msgs/share/ament_index/resource_index/packages/autoware_adapi_v1_msgs
[1.606s] -- Up-to-date symlink: /autoware/install/autoware_adapi_v1_msgs/share/autoware_adapi_v1_msgs/cmake/rosidl_cmake-extras.cmake
[1.606s] -- Up-to-date symlink: /autoware/install/autoware_adapi_v1_msgs/share/autoware_adapi_v1_msgs/cmake/ament_cmake_export_dependencies-extras.cmake
[1.606s] -- Up-to-date symlink: /autoware/install/autoware_adapi_v1_msgs/share/autoware_adapi_v1_msgs/cmake/ament_cmake_export_include_directories-extras.cmake
[1.606s] -- Up-to-date symlink: /autoware/install/autoware_adapi_v1_msgs/share/autoware_adapi_v1_msgs/cmake/ament_cmake_export_libraries-extras.cmake
[1.606s] -- Up-to-date symlink: /autoware/install/autoware_adapi_v1_msgs/share/autoware_adapi_v1_msgs/cmake/ament_cmake_export_targets-extras.cmake
[1.606s] -- Up-to-date symlink: /autoware/install/autoware_adapi_v1_msgs/share/autoware_adapi_v1_msgs/cmake/rosidl_cmake_export_typesupport_targets-extras.cmake
[1.606s] -- Up-to-date symlink: /autoware/install/autoware_adapi_v1_msgs/share/autoware_adapi_v1_msgs/cmake/rosidl_cmake_export_typesupport_libraries-extras.cmake
[1.606s] -- Up-to-date symlink: /autoware/install/autoware_adapi_v1_msgs/share/autoware_adapi_v1_msgs/cmake/autoware_adapi_v1_msgsConfig.cmake
[1.606s] -- Up-to-date symlink: /autoware/install/autoware_adapi_v1_msgs/share/autoware_adapi_v1_msgs/cmake/autoware_adapi_v1_msgsConfig-version.cmake
[1.606s] -- Up-to-date symlink: /autoware/install/autoware_adapi_v1_msgs/share/autoware_adapi_v1_msgs/package.xml
[1.606s] -- Up-to-date: /autoware/install/autoware_adapi_v1_msgs/lib/libautoware_adapi_v1_msgs__rosidl_generator_c.so
[1.606s] -- Up-to-date: /autoware/install/autoware_adapi_v1_msgs/lib/libautoware_adapi_v1_msgs__rosidl_typesupport_fastrtps_c.so
[1.606s] -- Up-to-date: /autoware/install/autoware_adapi_v1_msgs/lib/libautoware_adapi_v1_msgs__rosidl_typesupport_introspection_c.so
[1.607s] -- Up-to-date: /autoware/install/autoware_adapi_v1_msgs/lib/libautoware_adapi_v1_msgs__rosidl_typesupport_c.so
[1.607s] -- Up-to-date: /autoware/install/autoware_adapi_v1_msgs/lib/libautoware_adapi_v1_msgs__rosidl_typesupport_fastrtps_cpp.so
[1.607s] -- Up-to-date: /autoware/install/autoware_adapi_v1_msgs/lib/libautoware_adapi_v1_msgs__rosidl_typesupport_introspection_cpp.so
[1.607s] -- Up-to-date: /autoware/install/autoware_adapi_v1_msgs/lib/libautoware_adapi_v1_msgs__rosidl_typesupport_cpp.so
[1.607s] Listing '/autoware/install/autoware_adapi_v1_msgs/local/lib/python3.10/dist-packages/autoware_adapi_v1_msgs'...
[1.607s] Listing '/autoware/install/autoware_adapi_v1_msgs/local/lib/python3.10/dist-packages/autoware_adapi_v1_msgs/msg'...
[1.607s] Listing '/autoware/install/autoware_adapi_v1_msgs/local/lib/python3.10/dist-packages/autoware_adapi_v1_msgs/srv'...
[1.607s] -- Up-to-date: /autoware/install/autoware_adapi_v1_msgs/lib/libautoware_adapi_v1_msgs__rosidl_generator_py.so
[1.607s] -- Up-to-date: /autoware/install/autoware_adapi_v1_msgs/share/autoware_adapi_v1_msgs/cmake/export_autoware_adapi_v1_msgs__rosidl_generator_cExport.cmake
[1.607s] -- Up-to-date: /autoware/install/autoware_adapi_v1_msgs/share/autoware_adapi_v1_msgs/cmake/export_autoware_adapi_v1_msgs__rosidl_generator_cExport-release.cmake
[1.607s] -- Up-to-date: /autoware/install/autoware_adapi_v1_msgs/share/autoware_adapi_v1_msgs/cmake/export_autoware_adapi_v1_msgs__rosidl_typesupport_fastrtps_cExport.cmake
[1.608s] -- Up-to-date: /autoware/install/autoware_adapi_v1_msgs/share/autoware_adapi_v1_msgs/cmake/export_autoware_adapi_v1_msgs__rosidl_typesupport_fastrtps_cExport-release.cmake
[1.611s] -- Up-to-date: /autoware/install/autoware_adapi_v1_msgs/share/autoware_adapi_v1_msgs/cmake/autoware_adapi_v1_msgs__rosidl_typesupport_introspection_cExport.cmake
[1.612s] -- Up-to-date: /autoware/install/autoware_adapi_v1_msgs/share/autoware_adapi_v1_msgs/cmake/autoware_adapi_v1_msgs__rosidl_typesupport_introspection_cExport-release.cmake
[1.612s] -- Up-to-date: /autoware/install/autoware_adapi_v1_msgs/share/autoware_adapi_v1_msgs/cmake/autoware_adapi_v1_msgs__rosidl_typesupport_cExport.cmake
[1.612s] -- Up-to-date: /autoware/install/autoware_adapi_v1_msgs/share/autoware_adapi_v1_msgs/cmake/autoware_adapi_v1_msgs__rosidl_typesupport_cExport-release.cmake
[1.612s] -- Up-to-date: /autoware/install/autoware_adapi_v1_msgs/share/autoware_adapi_v1_msgs/cmake/export_autoware_adapi_v1_msgs__rosidl_generator_cppExport.cmake
[1.612s] -- Up-to-date: /autoware/install/autoware_adapi_v1_msgs/share/autoware_adapi_v1_msgs/cmake/export_autoware_adapi_v1_msgs__rosidl_typesupport_fastrtps_cppExport.cmake
[1.612s] -- Up-to-date: /autoware/install/autoware_adapi_v1_msgs/share/autoware_adapi_v1_msgs/cmake/export_autoware_adapi_v1_msgs__rosidl_typesupport_fastrtps_cppExport-release.cmake
[1.612s] -- Up-to-date: /autoware/install/autoware_adapi_v1_msgs/share/autoware_adapi_v1_msgs/cmake/autoware_adapi_v1_msgs__rosidl_typesupport_introspection_cppExport.cmake
[1.612s] -- Up-to-date: /autoware/install/autoware_adapi_v1_msgs/share/autoware_adapi_v1_msgs/cmake/autoware_adapi_v1_msgs__rosidl_typesupport_introspection_cppExport-release.cmake
[1.613s] -- Up-to-date: /autoware/install/autoware_adapi_v1_msgs/share/autoware_adapi_v1_msgs/cmake/autoware_adapi_v1_msgs__rosidl_typesupport_cppExport.cmake
[1.613s] -- Up-to-date: /autoware/install/autoware_adapi_v1_msgs/share/autoware_adapi_v1_msgs/cmake/autoware_adapi_v1_msgs__rosidl_typesupport_cppExport-release.cmake
[1.613s] -- Up-to-date: /autoware/install/autoware_adapi_v1_msgs/share/autoware_adapi_v1_msgs/cmake/export_autoware_adapi_v1_msgs__rosidl_generator_pyExport.cmake
[1.613s] -- Up-to-date: /autoware/install/autoware_adapi_v1_msgs/share/autoware_adapi_v1_msgs/cmake/export_autoware_adapi_v1_msgs__rosidl_generator_pyExport-release.cmake
[1.742s] Invoked command in '/autoware/build/autoware_adapi_v1_msgs' returned '0': AMENT_PREFIX_PATH=/autoware/install/ament_cmake_auto:${AMENT_PREFIX_PATH} CMAKE_PREFIX_PATH=/autoware/install/ament_cmake_auto:/opt/ros/humble /usr/bin/cmake --install /autoware/build/autoware_adapi_v1_msgs
