[0.019s] Invoking command in '/autoware/build/rtc_manager_rviz_plugin': AMENT_PREFIX_PATH=/autoware/install/autoware_cmake:/autoware/install/tier4_rtc_msgs:/autoware/install/tier4_planning_msgs:/autoware/install/tier4_external_api_msgs:/autoware/install/autoware_lint_common:${AMENT_PREFIX_PATH} CMAKE_PREFIX_PATH=/autoware/install/autoware_cmake:/autoware/install/tier4_rtc_msgs:/autoware/install/tier4_planning_msgs:/autoware/install/tier4_external_api_msgs:/autoware/install/autoware_lint_common:/opt/ros/humble LD_LIBRARY_PATH=/autoware/install/tier4_rtc_msgs/lib:/autoware/install/tier4_planning_msgs/lib:/autoware/install/tier4_external_api_msgs/lib:${LD_LIBRARY_PATH} PYTHONPATH=/autoware/install/tier4_rtc_msgs/local/lib/python3.10/dist-packages:/autoware/install/tier4_planning_msgs/local/lib/python3.10/dist-packages:/autoware/install/tier4_external_api_msgs/local/lib/python3.10/dist-packages:${PYTHONPATH} /usr/bin/cmake /autoware/src/universe/autoware.universe/common/rtc_manager_rviz_plugin -DCMAKE_BUILD_TYPE=Release -DAMENT_CMAKE_SYMLINK_INSTALL=1 -DCMAKE_INSTALL_PREFIX=/autoware/install/rtc_manager_rviz_plugin
[0.080s] -- The C compiler identification is GNU 11.3.0
[0.134s] -- The CXX compiler identification is GNU 11.3.0
[0.143s] -- Detecting C compiler ABI info
[0.201s] -- Detecting C compiler ABI info - done
[0.209s] -- Check for working C compiler: /usr/bin/cc - skipped
[0.209s] -- Detecting C compile features
[0.209s] -- Detecting C compile features - done
[0.212s] -- Detecting CXX compiler ABI info
[0.283s] -- Detecting CXX compiler ABI info - done
[0.291s] -- Check for working CXX compiler: /usr/bin/c++ - skipped
[0.291s] -- Detecting CXX compile features
[0.291s] -- Detecting CXX compile features - done
[0.292s] -- Found autoware_cmake: 0.1.0 (/autoware/install/autoware_cmake/share/autoware_cmake/cmake)
[0.504s] -- Found Python3: /usr/bin/python3.10 (found version "3.10.6") found components: Interpreter 
[0.570s] -- Override CMake install command with custom implementation using symlinks instead of copying resources
[0.777s] -- Found rosidl_generator_c: 3.1.3 (/opt/ros/humble/share/rosidl_generator_c/cmake)
[0.783s] -- Found rosidl_adapter: 3.1.3 (/opt/ros/humble/share/rosidl_adapter/cmake)
[0.794s] -- Found rosidl_generator_cpp: 3.1.3 (/opt/ros/humble/share/rosidl_generator_cpp/cmake)
[0.809s] -- Using all available rosidl_typesupport_c: rosidl_typesupport_fastrtps_c;rosidl_typesupport_introspection_c
[0.837s] -- Using all available rosidl_typesupport_cpp: rosidl_typesupport_fastrtps_cpp;rosidl_typesupport_introspection_cpp
[0.950s] -- Found rmw_implementation_cmake: 6.1.0 (/opt/ros/humble/share/rmw_implementation_cmake/cmake)
[0.955s] -- Found rmw_fastrtps_cpp: 6.2.1 (/opt/ros/humble/share/rmw_fastrtps_cpp/cmake)
[1.120s] -- Found OpenSSL: /usr/lib/x86_64-linux-gnu/libcrypto.so (found version "3.0.2")  
[1.120s] -- Found FastRTPS: /opt/ros/humble/include  
[1.161s] -- Using RMW implementation 'rmw_fastrtps_cpp' as default
[1.356s] -- Setting OGRE_DIR to: '/opt/ros/humble/share/rviz_ogre_vendor/cmake/../../../opt/rviz_ogre_vendor/lib/OGRE/cmake'
[1.357s] -- Found OGRE
[1.357s] --   static     : OFF
[1.357s] --   components : HLMS;MeshLodGenerator;Overlay;Paging;Property;RTShaderSystem;Terrain;Volume
[1.358s] --   plugins    : Plugin_BSPSceneManager;Plugin_OctreeSceneManager;Plugin_PCZSceneManager;Plugin_ParticleFX;RenderSystem_GL;RenderSystem_GL3Plus;Codec_STBI
[1.358s] --   media      : /opt/ros/humble/opt/rviz_ogre_vendor/share/OGRE/Media
[1.358s] -- OGRE_LIBRARIES: OgreHLMS;OgreMeshLodGenerator;OgreOverlay;OgrePaging;OgreProperty;OgreRTShaderSystem;OgreTerrain;OgreVolume;OgreMain
[1.358s] -- OGRE_LIBRARY_DIRS: /opt/ros/humble/opt/rviz_ogre_vendor/lib
[1.358s] -- OGRE_PLUGINS: Plugin_BSPSceneManager;Plugin_OctreeSceneManager;Plugin_PCZSceneManager;Plugin_ParticleFX;RenderSystem_GL;RenderSystem_GL3Plus;Codec_STBI
[1.358s] -- OGRE_PLUGIN_DIR: /opt/ros/humble/opt/rviz_ogre_vendor/lib/OGRE
[1.358s] -- rviz_ogre_vendor::OgreOverlay for IMPORTED_LOCATION_RELEASE: /opt/ros/humble/opt/rviz_ogre_vendor/lib/libOgreOverlay.so
[1.359s] -- rviz_ogre_vendor::OgreOverlay for IMPORTED_LOCATION_DEBUG: /opt/ros/humble/opt/rviz_ogre_vendor/lib/libOgreOverlay.so
[1.359s] -- rviz_ogre_vendor::OgreMain for IMPORTED_LOCATION_RELEASE: /opt/ros/humble/opt/rviz_ogre_vendor/lib/libOgreMain.so
[1.359s] -- rviz_ogre_vendor::OgreMain for IMPORTED_LOCATION_DEBUG: /opt/ros/humble/opt/rviz_ogre_vendor/lib/libOgreMain.so
[1.359s] -- Could not find freeimage library
[1.376s] -- Found ZLIB: /usr/lib/x86_64-linux-gnu/libz.so (found version "1.2.11") 
[1.380s] -- Found OpenGL: /usr/lib/x86_64-linux-gnu/libOpenGL.so   
[1.460s] -- Found X11: /usr/include   
[1.461s] -- Looking for XOpenDisplay in /usr/lib/x86_64-linux-gnu/libX11.so;/usr/lib/x86_64-linux-gnu/libXext.so
[1.537s] -- Looking for XOpenDisplay in /usr/lib/x86_64-linux-gnu/libX11.so;/usr/lib/x86_64-linux-gnu/libXext.so - found
[1.537s] -- Looking for gethostbyname
[1.621s] -- Looking for gethostbyname - found
[1.621s] -- Looking for connect
[1.687s] -- Looking for connect - found
[1.687s] -- Looking for remove
[1.754s] -- Looking for remove - found
[1.754s] -- Looking for shmat
[1.820s] -- Looking for shmat - found
[1.820s] -- Looking for IceConnectionNumber in ICE
[1.893s] -- Looking for IceConnectionNumber in ICE - found
[1.896s] -- rviz_ogre_vendor::RenderSystem_GL for IMPORTED_LOCATION_RELEASE: _render_system_gl_static_library_abs-NOTFOUND
[1.896s] -- rviz_ogre_vendor::RenderSystem_GL for IMPORTED_LOCATION_DEBUG: _render_system_gl_static_library_abs-NOTFOUND
[2.002s] -- library: /usr/lib/x86_64-linux-gnu/libcurl.so
[2.214s] -- Found Eigen3: TRUE (found version "3.4.0") 
[2.214s] -- Ensuring Eigen3 include directory is part of orocos-kdl CMake target
[3.147s] -- Found ament_lint_auto: 0.12.4 (/opt/ros/humble/share/ament_lint_auto/cmake)
[3.171s] -- Added test 'copyright' to check source files copyright and LICENSE
[3.173s] -- Added test 'cppcheck' to perform static code analysis on C / C++ code
[3.173s] -- Configured cppcheck include dirs: 
[3.173s] -- Configured cppcheck exclude dirs and/or files: 
[3.173s] -- Added test 'lint_cmake' to check CMake code style
[3.174s] -- Added test 'xmllint' to check XML markup files
[3.177s] -- Configuring done
[3.243s] -- Generating done
[3.284s] -- Build files have been written to: /autoware/build/rtc_manager_rviz_plugin
[3.284s] Invoked command in '/autoware/build/rtc_manager_rviz_plugin' returned '0': AMENT_PREFIX_PATH=/autoware/install/autoware_cmake:/autoware/install/tier4_rtc_msgs:/autoware/install/tier4_planning_msgs:/autoware/install/tier4_external_api_msgs:/autoware/install/autoware_lint_common:${AMENT_PREFIX_PATH} CMAKE_PREFIX_PATH=/autoware/install/autoware_cmake:/autoware/install/tier4_rtc_msgs:/autoware/install/tier4_planning_msgs:/autoware/install/tier4_external_api_msgs:/autoware/install/autoware_lint_common:/opt/ros/humble LD_LIBRARY_PATH=/autoware/install/tier4_rtc_msgs/lib:/autoware/install/tier4_planning_msgs/lib:/autoware/install/tier4_external_api_msgs/lib:${LD_LIBRARY_PATH} PYTHONPATH=/autoware/install/tier4_rtc_msgs/local/lib/python3.10/dist-packages:/autoware/install/tier4_planning_msgs/local/lib/python3.10/dist-packages:/autoware/install/tier4_external_api_msgs/local/lib/python3.10/dist-packages:${PYTHONPATH} /usr/bin/cmake /autoware/src/universe/autoware.universe/common/rtc_manager_rviz_plugin -DCMAKE_BUILD_TYPE=Release -DAMENT_CMAKE_SYMLINK_INSTALL=1 -DCMAKE_INSTALL_PREFIX=/autoware/install/rtc_manager_rviz_plugin
[3.285s] Invoking command in '/autoware/build/rtc_manager_rviz_plugin': AMENT_PREFIX_PATH=/autoware/install/autoware_cmake:/autoware/install/tier4_rtc_msgs:/autoware/install/tier4_planning_msgs:/autoware/install/tier4_external_api_msgs:/autoware/install/autoware_lint_common:${AMENT_PREFIX_PATH} CMAKE_PREFIX_PATH=/autoware/install/autoware_cmake:/autoware/install/tier4_rtc_msgs:/autoware/install/tier4_planning_msgs:/autoware/install/tier4_external_api_msgs:/autoware/install/autoware_lint_common:/opt/ros/humble LD_LIBRARY_PATH=/autoware/install/tier4_rtc_msgs/lib:/autoware/install/tier4_planning_msgs/lib:/autoware/install/tier4_external_api_msgs/lib:${LD_LIBRARY_PATH} PYTHONPATH=/autoware/install/tier4_rtc_msgs/local/lib/python3.10/dist-packages:/autoware/install/tier4_planning_msgs/local/lib/python3.10/dist-packages:/autoware/install/tier4_external_api_msgs/local/lib/python3.10/dist-packages:${PYTHONPATH} /usr/bin/cmake --build /autoware/build/rtc_manager_rviz_plugin -- -j64 -l64
[3.366s] [ 25%] Automatic MOC for target rtc_manager_rviz_plugin
[3.538s] [ 25%] Built target rtc_manager_rviz_plugin_autogen
[3.555s] [ 50%] Building CXX object CMakeFiles/rtc_manager_rviz_plugin.dir/src/rtc_manager_panel.cpp.o
[3.558s] [ 75%] Building CXX object CMakeFiles/rtc_manager_rviz_plugin.dir/rtc_manager_rviz_plugin_autogen/mocs_compilation.cpp.o
[17.235s] [100%] Linking CXX shared library librtc_manager_rviz_plugin.so
[18.693s] [100%] Built target rtc_manager_rviz_plugin
[18.709s] Invoked command in '/autoware/build/rtc_manager_rviz_plugin' returned '0': AMENT_PREFIX_PATH=/autoware/install/autoware_cmake:/autoware/install/tier4_rtc_msgs:/autoware/install/tier4_planning_msgs:/autoware/install/tier4_external_api_msgs:/autoware/install/autoware_lint_common:${AMENT_PREFIX_PATH} CMAKE_PREFIX_PATH=/autoware/install/autoware_cmake:/autoware/install/tier4_rtc_msgs:/autoware/install/tier4_planning_msgs:/autoware/install/tier4_external_api_msgs:/autoware/install/autoware_lint_common:/opt/ros/humble LD_LIBRARY_PATH=/autoware/install/tier4_rtc_msgs/lib:/autoware/install/tier4_planning_msgs/lib:/autoware/install/tier4_external_api_msgs/lib:${LD_LIBRARY_PATH} PYTHONPATH=/autoware/install/tier4_rtc_msgs/local/lib/python3.10/dist-packages:/autoware/install/tier4_planning_msgs/local/lib/python3.10/dist-packages:/autoware/install/tier4_external_api_msgs/local/lib/python3.10/dist-packages:${PYTHONPATH} /usr/bin/cmake --build /autoware/build/rtc_manager_rviz_plugin -- -j64 -l64
[18.740s] Invoking command in '/autoware/build/rtc_manager_rviz_plugin': AMENT_PREFIX_PATH=/autoware/install/autoware_cmake:/autoware/install/tier4_rtc_msgs:/autoware/install/tier4_planning_msgs:/autoware/install/tier4_external_api_msgs:/autoware/install/autoware_lint_common:${AMENT_PREFIX_PATH} CMAKE_PREFIX_PATH=/autoware/install/autoware_cmake:/autoware/install/tier4_rtc_msgs:/autoware/install/tier4_planning_msgs:/autoware/install/tier4_external_api_msgs:/autoware/install/autoware_lint_common:/opt/ros/humble LD_LIBRARY_PATH=/autoware/install/tier4_rtc_msgs/lib:/autoware/install/tier4_planning_msgs/lib:/autoware/install/tier4_external_api_msgs/lib:${LD_LIBRARY_PATH} PYTHONPATH=/autoware/install/tier4_rtc_msgs/local/lib/python3.10/dist-packages:/autoware/install/tier4_planning_msgs/local/lib/python3.10/dist-packages:/autoware/install/tier4_external_api_msgs/local/lib/python3.10/dist-packages:${PYTHONPATH} /usr/bin/cmake --install /autoware/build/rtc_manager_rviz_plugin
[18.748s] -- Install configuration: "Release"
[18.749s] -- Execute custom install script
[18.750s] -- Symlinking: /autoware/install/rtc_manager_rviz_plugin/share/rtc_manager_rviz_plugin/plugins/plugin_description.xml
[18.763s] -- Symlinking: /autoware/install/rtc_manager_rviz_plugin/share/rtc_manager_rviz_plugin/environment/library_path.sh
[18.774s] -- Symlinking: /autoware/install/rtc_manager_rviz_plugin/share/rtc_manager_rviz_plugin/environment/library_path.dsv
[18.785s] -- Symlinking: /autoware/install/rtc_manager_rviz_plugin/lib/librtc_manager_rviz_plugin.so
[18.797s] -- Symlinking: /autoware/install/rtc_manager_rviz_plugin/share/rtc_manager_rviz_plugin/icons/classes/RTCManagerPanel.png
[18.807s] -- Up-to-date symlink: /autoware/install/rtc_manager_rviz_plugin/share/rtc_manager_rviz_plugin/plugins/plugin_description.xml
[18.807s] -- Symlinking: /autoware/install/rtc_manager_rviz_plugin/share/ament_index/resource_index/package_run_dependencies/rtc_manager_rviz_plugin
[18.817s] -- Symlinking: /autoware/install/rtc_manager_rviz_plugin/share/ament_index/resource_index/parent_prefix_path/rtc_manager_rviz_plugin
[18.827s] -- Symlinking: /autoware/install/rtc_manager_rviz_plugin/share/rtc_manager_rviz_plugin/environment/ament_prefix_path.sh
[18.836s] -- Symlinking: /autoware/install/rtc_manager_rviz_plugin/share/rtc_manager_rviz_plugin/environment/ament_prefix_path.dsv
[18.845s] -- Symlinking: /autoware/install/rtc_manager_rviz_plugin/share/rtc_manager_rviz_plugin/environment/path.sh
[18.854s] -- Symlinking: /autoware/install/rtc_manager_rviz_plugin/share/rtc_manager_rviz_plugin/environment/path.dsv
[18.863s] -- Symlinking: /autoware/install/rtc_manager_rviz_plugin/share/rtc_manager_rviz_plugin/local_setup.bash
[18.872s] -- Symlinking: /autoware/install/rtc_manager_rviz_plugin/share/rtc_manager_rviz_plugin/local_setup.sh
[18.881s] -- Symlinking: /autoware/install/rtc_manager_rviz_plugin/share/rtc_manager_rviz_plugin/local_setup.zsh
[18.892s] -- Symlinking: /autoware/install/rtc_manager_rviz_plugin/share/rtc_manager_rviz_plugin/local_setup.dsv
[18.903s] -- Symlinking: /autoware/install/rtc_manager_rviz_plugin/share/rtc_manager_rviz_plugin/package.dsv
[18.914s] -- Symlinking: /autoware/install/rtc_manager_rviz_plugin/share/ament_index/resource_index/packages/rtc_manager_rviz_plugin
[18.924s] -- Symlinking: /autoware/install/rtc_manager_rviz_plugin/share/ament_index/resource_index/rviz_common__pluginlib__plugin/rtc_manager_rviz_plugin
[18.934s] -- Symlinking: /autoware/install/rtc_manager_rviz_plugin/share/rtc_manager_rviz_plugin/cmake/ament_cmake_export_dependencies-extras.cmake
[18.946s] -- Symlinking: /autoware/install/rtc_manager_rviz_plugin/share/rtc_manager_rviz_plugin/cmake/ament_cmake_export_libraries-extras.cmake
[18.957s] -- Symlinking: /autoware/install/rtc_manager_rviz_plugin/share/rtc_manager_rviz_plugin/cmake/rtc_manager_rviz_pluginConfig.cmake
[18.968s] -- Symlinking: /autoware/install/rtc_manager_rviz_plugin/share/rtc_manager_rviz_plugin/cmake/rtc_manager_rviz_pluginConfig-version.cmake
[18.979s] -- Symlinking: /autoware/install/rtc_manager_rviz_plugin/share/rtc_manager_rviz_plugin/package.xml
[19.002s] Invoked command in '/autoware/build/rtc_manager_rviz_plugin' returned '0': AMENT_PREFIX_PATH=/autoware/install/autoware_cmake:/autoware/install/tier4_rtc_msgs:/autoware/install/tier4_planning_msgs:/autoware/install/tier4_external_api_msgs:/autoware/install/autoware_lint_common:${AMENT_PREFIX_PATH} CMAKE_PREFIX_PATH=/autoware/install/autoware_cmake:/autoware/install/tier4_rtc_msgs:/autoware/install/tier4_planning_msgs:/autoware/install/tier4_external_api_msgs:/autoware/install/autoware_lint_common:/opt/ros/humble LD_LIBRARY_PATH=/autoware/install/tier4_rtc_msgs/lib:/autoware/install/tier4_planning_msgs/lib:/autoware/install/tier4_external_api_msgs/lib:${LD_LIBRARY_PATH} PYTHONPATH=/autoware/install/tier4_rtc_msgs/local/lib/python3.10/dist-packages:/autoware/install/tier4_planning_msgs/local/lib/python3.10/dist-packages:/autoware/install/tier4_external_api_msgs/local/lib/python3.10/dist-packages:${PYTHONPATH} /usr/bin/cmake --install /autoware/build/rtc_manager_rviz_plugin
