[0.052s] Invoking command in '/autoware/build/detected_object_feature_remover': AMENT_PREFIX_PATH=/autoware/install/tier4_perception_msgs:/autoware/install/autoware_auto_perception_msgs:/autoware/install/autoware_cmake:/autoware/install/autoware_auto_geometry_msgs:/autoware/install/autoware_lint_common:${AMENT_PREFIX_PATH} CMAKE_PREFIX_PATH=/autoware/install/tier4_perception_msgs:/autoware/install/autoware_auto_perception_msgs:/autoware/install/autoware_cmake:/autoware/install/autoware_auto_geometry_msgs:/autoware/install/autoware_lint_common:/opt/ros/humble LD_LIBRARY_PATH=/autoware/install/tier4_perception_msgs/lib:/autoware/install/autoware_auto_perception_msgs/lib:/autoware/install/autoware_auto_geometry_msgs/lib:${LD_LIBRARY_PATH} PYTHONPATH=/autoware/install/tier4_perception_msgs/local/lib/python3.10/dist-packages:/autoware/install/autoware_auto_perception_msgs/local/lib/python3.10/dist-packages:/autoware/install/autoware_auto_geometry_msgs/local/lib/python3.10/dist-packages:${PYTHONPATH} /usr/bin/cmake --build /autoware/build/detected_object_feature_remover -- -j64 -l64
[0.071s] -- Found autoware_cmake: 0.1.0 (/autoware/install/autoware_cmake/share/autoware_cmake/cmake)
[0.071s] -- Found ament_cmake_auto: 1.3.2 (/opt/ros/humble/share/ament_cmake_auto/cmake)
[0.210s] -- Override CMake install command with custom implementation using symlinks instead of copying resources
[0.326s] -- Found rosidl_generator_c: 3.1.3 (/opt/ros/humble/share/rosidl_generator_c/cmake)
[0.326s] -- Found rosidl_adapter: 3.1.3 (/opt/ros/humble/share/rosidl_adapter/cmake)
[0.326s] -- Found rosidl_generator_cpp: 3.1.3 (/opt/ros/humble/share/rosidl_generator_cpp/cmake)
[0.329s] -- Using all available rosidl_typesupport_c: rosidl_typesupport_fastrtps_c;rosidl_typesupport_introspection_c
[0.344s] -- Using all available rosidl_typesupport_cpp: rosidl_typesupport_fastrtps_cpp;rosidl_typesupport_introspection_cpp
[0.776s] -- Found rmw_implementation_cmake: 6.1.0 (/opt/ros/humble/share/rmw_implementation_cmake/cmake)
[0.777s] -- Found rmw_fastrtps_cpp: 6.2.1 (/opt/ros/humble/share/rmw_fastrtps_cpp/cmake)
[0.900s] -- Using RMW implementation 'rmw_fastrtps_cpp' as default
[1.358s] -- Found ament_lint_auto: 0.12.4 (/opt/ros/humble/share/ament_lint_auto/cmake)
[1.425s] -- Added test 'copyright' to check source files copyright and LICENSE
[1.425s] -- Added test 'cppcheck' to perform static code analysis on C / C++ code
[1.425s] -- Configured cppcheck include dirs: /autoware/src/universe/autoware.universe/perception/detected_object_feature_remover/include
[1.425s] -- Configured cppcheck exclude dirs and/or files: 
[1.425s] -- Added test 'lint_cmake' to check CMake code style
[1.425s] -- Added test 'xmllint' to check XML markup files
[1.425s] -- Configuring done
[1.429s] -- Generating done
[1.429s] -- Build files have been written to: /autoware/build/detected_object_feature_remover
[1.439s] Consolidate compiler generated dependencies of target detected_object_feature_remover_node
[1.439s] Consolidate compiler generated dependencies of target detected_object_feature_remover
[1.439s] [ 50%] Built target detected_object_feature_remover
[1.439s] [100%] Built target detected_object_feature_remover_node
[1.445s] Invoked command in '/autoware/build/detected_object_feature_remover' returned '0': AMENT_PREFIX_PATH=/autoware/install/tier4_perception_msgs:/autoware/install/autoware_auto_perception_msgs:/autoware/install/autoware_cmake:/autoware/install/autoware_auto_geometry_msgs:/autoware/install/autoware_lint_common:${AMENT_PREFIX_PATH} CMAKE_PREFIX_PATH=/autoware/install/tier4_perception_msgs:/autoware/install/autoware_auto_perception_msgs:/autoware/install/autoware_cmake:/autoware/install/autoware_auto_geometry_msgs:/autoware/install/autoware_lint_common:/opt/ros/humble LD_LIBRARY_PATH=/autoware/install/tier4_perception_msgs/lib:/autoware/install/autoware_auto_perception_msgs/lib:/autoware/install/autoware_auto_geometry_msgs/lib:${LD_LIBRARY_PATH} PYTHONPATH=/autoware/install/tier4_perception_msgs/local/lib/python3.10/dist-packages:/autoware/install/autoware_auto_perception_msgs/local/lib/python3.10/dist-packages:/autoware/install/autoware_auto_geometry_msgs/local/lib/python3.10/dist-packages:${PYTHONPATH} /usr/bin/cmake --build /autoware/build/detected_object_feature_remover -- -j64 -l64
[1.478s] Invoking command in '/autoware/build/detected_object_feature_remover': AMENT_PREFIX_PATH=/autoware/install/tier4_perception_msgs:/autoware/install/autoware_auto_perception_msgs:/autoware/install/autoware_cmake:/autoware/install/autoware_auto_geometry_msgs:/autoware/install/autoware_lint_common:${AMENT_PREFIX_PATH} CMAKE_PREFIX_PATH=/autoware/install/tier4_perception_msgs:/autoware/install/autoware_auto_perception_msgs:/autoware/install/autoware_cmake:/autoware/install/autoware_auto_geometry_msgs:/autoware/install/autoware_lint_common:/opt/ros/humble LD_LIBRARY_PATH=/autoware/install/tier4_perception_msgs/lib:/autoware/install/autoware_auto_perception_msgs/lib:/autoware/install/autoware_auto_geometry_msgs/lib:${LD_LIBRARY_PATH} PYTHONPATH=/autoware/install/tier4_perception_msgs/local/lib/python3.10/dist-packages:/autoware/install/autoware_auto_perception_msgs/local/lib/python3.10/dist-packages:/autoware/install/autoware_auto_geometry_msgs/local/lib/python3.10/dist-packages:${PYTHONPATH} /usr/bin/cmake --install /autoware/build/detected_object_feature_remover
[1.482s] -- Install configuration: "Release"
[1.482s] -- Execute custom install script
[1.482s] -- Up-to-date symlink: /autoware/install/detected_object_feature_remover/lib/detected_object_feature_remover/detected_object_feature_remover
[1.483s] -- Up-to-date symlink: /autoware/install/detected_object_feature_remover/include/detected_object_feature_remover/detected_object_feature_remover.hpp
[1.483s] -- Up-to-date symlink: /autoware/install/detected_object_feature_remover/share/detected_object_feature_remover/environment/library_path.sh
[1.483s] -- Up-to-date symlink: /autoware/install/detected_object_feature_remover/share/detected_object_feature_remover/environment/library_path.dsv
[1.483s] -- Up-to-date symlink: /autoware/install/detected_object_feature_remover/lib/libdetected_object_feature_remover_node.so
[1.483s] -- Up-to-date symlink: /autoware/install/detected_object_feature_remover/share/detected_object_feature_remover/launch/detected_object_feature_remover.launch.xml
[1.484s] -- Up-to-date symlink: /autoware/install/detected_object_feature_remover/share/ament_index/resource_index/package_run_dependencies/detected_object_feature_remover
[1.484s] -- Up-to-date symlink: /autoware/install/detected_object_feature_remover/share/ament_index/resource_index/parent_prefix_path/detected_object_feature_remover
[1.484s] -- Up-to-date symlink: /autoware/install/detected_object_feature_remover/share/detected_object_feature_remover/environment/ament_prefix_path.sh
[1.484s] -- Up-to-date symlink: /autoware/install/detected_object_feature_remover/share/detected_object_feature_remover/environment/ament_prefix_path.dsv
[1.484s] -- Up-to-date symlink: /autoware/install/detected_object_feature_remover/share/detected_object_feature_remover/environment/path.sh
[1.484s] -- Up-to-date symlink: /autoware/install/detected_object_feature_remover/share/detected_object_feature_remover/environment/path.dsv
[1.484s] -- Up-to-date symlink: /autoware/install/detected_object_feature_remover/share/detected_object_feature_remover/local_setup.bash
[1.484s] -- Up-to-date symlink: /autoware/install/detected_object_feature_remover/share/detected_object_feature_remover/local_setup.sh
[1.485s] -- Up-to-date symlink: /autoware/install/detected_object_feature_remover/share/detected_object_feature_remover/local_setup.zsh
[1.485s] -- Up-to-date symlink: /autoware/install/detected_object_feature_remover/share/detected_object_feature_remover/local_setup.dsv
[1.485s] -- Symlinking: /autoware/install/detected_object_feature_remover/share/detected_object_feature_remover/package.dsv
[1.491s] -- Up-to-date symlink: /autoware/install/detected_object_feature_remover/share/ament_index/resource_index/packages/detected_object_feature_remover
[1.491s] -- Up-to-date symlink: /autoware/install/detected_object_feature_remover/share/ament_index/resource_index/rclcpp_components/detected_object_feature_remover
[1.492s] -- Up-to-date symlink: /autoware/install/detected_object_feature_remover/share/detected_object_feature_remover/cmake/ament_cmake_export_dependencies-extras.cmake
[1.492s] -- Up-to-date symlink: /autoware/install/detected_object_feature_remover/share/detected_object_feature_remover/cmake/ament_cmake_export_include_directories-extras.cmake
[1.492s] -- Up-to-date symlink: /autoware/install/detected_object_feature_remover/share/detected_object_feature_remover/cmake/ament_cmake_export_libraries-extras.cmake
[1.492s] -- Up-to-date symlink: /autoware/install/detected_object_feature_remover/share/detected_object_feature_remover/cmake/detected_object_feature_removerConfig.cmake
[1.492s] -- Up-to-date symlink: /autoware/install/detected_object_feature_remover/share/detected_object_feature_remover/cmake/detected_object_feature_removerConfig-version.cmake
[1.492s] -- Up-to-date symlink: /autoware/install/detected_object_feature_remover/share/detected_object_feature_remover/package.xml
[1.499s] Invoked command in '/autoware/build/detected_object_feature_remover' returned '0': AMENT_PREFIX_PATH=/autoware/install/tier4_perception_msgs:/autoware/install/autoware_auto_perception_msgs:/autoware/install/autoware_cmake:/autoware/install/autoware_auto_geometry_msgs:/autoware/install/autoware_lint_common:${AMENT_PREFIX_PATH} CMAKE_PREFIX_PATH=/autoware/install/tier4_perception_msgs:/autoware/install/autoware_auto_perception_msgs:/autoware/install/autoware_cmake:/autoware/install/autoware_auto_geometry_msgs:/autoware/install/autoware_lint_common:/opt/ros/humble LD_LIBRARY_PATH=/autoware/install/tier4_perception_msgs/lib:/autoware/install/autoware_auto_perception_msgs/lib:/autoware/install/autoware_auto_geometry_msgs/lib:${LD_LIBRARY_PATH} PYTHONPATH=/autoware/install/tier4_perception_msgs/local/lib/python3.10/dist-packages:/autoware/install/autoware_auto_perception_msgs/local/lib/python3.10/dist-packages:/autoware/install/autoware_auto_geometry_msgs/local/lib/python3.10/dist-packages:${PYTHONPATH} /usr/bin/cmake --install /autoware/build/detected_object_feature_remover
