[0.427s] Invoking command in '/autoware/build/tier4_system_msgs': AMENT_PREFIX_PATH=/autoware/install/autoware_common_msgs:/autoware/install/ament_cmake_auto:${AMENT_PREFIX_PATH} CMAKE_PREFIX_PATH=/autoware/install/autoware_common_msgs:/autoware/install/ament_cmake_auto:/opt/ros/humble LD_LIBRARY_PATH=/autoware/install/autoware_common_msgs/lib:${LD_LIBRARY_PATH} PYTHONPATH=/autoware/install/autoware_common_msgs/local/lib/python3.10/dist-packages:${PYTHONPATH} /usr/bin/cmake --build /autoware/build/tier4_system_msgs -- -j64 -l64
[0.578s] Consolidate compiler generated dependencies of target tier4_system_msgs__rosidl_generator_c
[0.578s] [  0%] Built target tier4_system_msgs__cpp
[0.578s] [  0%] Built target ament_cmake_python_symlink_tier4_system_msgs
[0.578s] [ 12%] Built target tier4_system_msgs__rosidl_generator_c
[0.579s] Consolidate compiler generated dependencies of target tier4_system_msgs__rosidl_typesupport_c
[0.579s] Consolidate compiler generated dependencies of target tier4_system_msgs__rosidl_typesupport_cpp
[0.579s] Consolidate compiler generated dependencies of target tier4_system_msgs__rosidl_typesupport_introspection_c
[0.579s] Consolidate compiler generated dependencies of target tier4_system_msgs__rosidl_typesupport_introspection_cpp
[0.590s] Consolidate compiler generated dependencies of target tier4_system_msgs__rosidl_typesupport_fastrtps_cpp
[0.590s] Consolidate compiler generated dependencies of target tier4_system_msgs__rosidl_typesupport_fastrtps_c
[0.590s] [ 24%] Built target tier4_system_msgs__rosidl_typesupport_c
[0.590s] [ 43%] Built target tier4_system_msgs__rosidl_typesupport_introspection_c
[0.590s] [ 48%] Built target tier4_system_msgs__rosidl_typesupport_cpp
[0.590s] [ 60%] Built target tier4_system_msgs__rosidl_typesupport_introspection_cpp
[0.590s] [ 71%] Built target tier4_system_msgs__rosidl_typesupport_fastrtps_cpp
[0.590s] [ 83%] Built target tier4_system_msgs__rosidl_typesupport_fastrtps_c
[0.590s] [ 83%] Built target tier4_system_msgs
[0.675s] [ 84%] Built target tier4_system_msgs__py
[0.684s] Consolidate compiler generated dependencies of target tier4_system_msgs__rosidl_generator_py
[0.684s] [ 95%] Built target tier4_system_msgs__rosidl_generator_py
[0.684s] Consolidate compiler generated dependencies of target tier4_system_msgs__rosidl_typesupport_fastrtps_c__pyext
[0.684s] Consolidate compiler generated dependencies of target tier4_system_msgs__rosidl_typesupport_c__pyext
[0.684s] Consolidate compiler generated dependencies of target tier4_system_msgs__rosidl_typesupport_introspection_c__pyext
[0.695s] [ 98%] Built target tier4_system_msgs__rosidl_typesupport_c__pyext
[0.695s] [ 98%] Built target tier4_system_msgs__rosidl_typesupport_fastrtps_c__pyext
[0.695s] [100%] Built target tier4_system_msgs__rosidl_typesupport_introspection_c__pyext
[0.721s] running egg_info
[0.722s] writing tier4_system_msgs.egg-info/PKG-INFO
[0.722s] writing dependency_links to tier4_system_msgs.egg-info/dependency_links.txt
[0.722s] writing top-level names to tier4_system_msgs.egg-info/top_level.txt
[0.770s] reading manifest file 'tier4_system_msgs.egg-info/SOURCES.txt'
[0.770s] writing manifest file 'tier4_system_msgs.egg-info/SOURCES.txt'
[0.770s] [100%] Built target ament_cmake_python_build_tier4_system_msgs_egg
[0.884s] Invoked command in '/autoware/build/tier4_system_msgs' returned '0': AMENT_PREFIX_PATH=/autoware/install/autoware_common_msgs:/autoware/install/ament_cmake_auto:${AMENT_PREFIX_PATH} CMAKE_PREFIX_PATH=/autoware/install/autoware_common_msgs:/autoware/install/ament_cmake_auto:/opt/ros/humble LD_LIBRARY_PATH=/autoware/install/autoware_common_msgs/lib:${LD_LIBRARY_PATH} PYTHONPATH=/autoware/install/autoware_common_msgs/local/lib/python3.10/dist-packages:${PYTHONPATH} /usr/bin/cmake --build /autoware/build/tier4_system_msgs -- -j64 -l64
[1.155s] Invoking command in '/autoware/build/tier4_system_msgs': AMENT_PREFIX_PATH=/autoware/install/autoware_common_msgs:/autoware/install/ament_cmake_auto:${AMENT_PREFIX_PATH} CMAKE_PREFIX_PATH=/autoware/install/autoware_common_msgs:/autoware/install/ament_cmake_auto:/opt/ros/humble LD_LIBRARY_PATH=/autoware/install/autoware_common_msgs/lib:${LD_LIBRARY_PATH} PYTHONPATH=/autoware/install/autoware_common_msgs/local/lib/python3.10/dist-packages:${PYTHONPATH} /usr/bin/cmake --install /autoware/build/tier4_system_msgs
[1.385s] -- Install configuration: "Release"
[1.385s] -- Execute custom install script
[1.389s] -- Up-to-date symlink: /autoware/install/tier4_system_msgs/share/ament_index/resource_index/rosidl_interfaces/tier4_system_msgs
[1.389s] -- Up-to-date symlink: /autoware/install/tier4_system_msgs/include/tier4_system_msgs/tier4_system_msgs/msg/autoware_state.h
[1.389s] -- Up-to-date symlink: /autoware/install/tier4_system_msgs/include/tier4_system_msgs/tier4_system_msgs/msg/detail/autoware_state__functions.h
[1.389s] -- Up-to-date symlink: /autoware/install/tier4_system_msgs/include/tier4_system_msgs/tier4_system_msgs/msg/detail/autoware_state__struct.h
[1.389s] -- Up-to-date symlink: /autoware/install/tier4_system_msgs/include/tier4_system_msgs/tier4_system_msgs/msg/detail/autoware_state__type_support.h
[1.390s] -- Up-to-date symlink: /autoware/install/tier4_system_msgs/include/tier4_system_msgs/tier4_system_msgs/msg/detail/emergency_state__functions.h
[1.390s] -- Up-to-date symlink: /autoware/install/tier4_system_msgs/include/tier4_system_msgs/tier4_system_msgs/msg/detail/emergency_state__struct.h
[1.390s] -- Up-to-date symlink: /autoware/install/tier4_system_msgs/include/tier4_system_msgs/tier4_system_msgs/msg/detail/emergency_state__type_support.h
[1.390s] -- Up-to-date symlink: /autoware/install/tier4_system_msgs/include/tier4_system_msgs/tier4_system_msgs/msg/detail/emergency_state_stamped__functions.h
[1.390s] -- Up-to-date symlink: /autoware/install/tier4_system_msgs/include/tier4_system_msgs/tier4_system_msgs/msg/detail/emergency_state_stamped__struct.h
[1.390s] -- Up-to-date symlink: /autoware/install/tier4_system_msgs/include/tier4_system_msgs/tier4_system_msgs/msg/detail/emergency_state_stamped__type_support.h
[1.390s] -- Up-to-date symlink: /autoware/install/tier4_system_msgs/include/tier4_system_msgs/tier4_system_msgs/msg/detail/hazard_status__functions.h
[1.390s] -- Up-to-date symlink: /autoware/install/tier4_system_msgs/include/tier4_system_msgs/tier4_system_msgs/msg/detail/hazard_status__struct.h
[1.390s] -- Up-to-date symlink: /autoware/install/tier4_system_msgs/include/tier4_system_msgs/tier4_system_msgs/msg/detail/hazard_status__type_support.h
[1.390s] -- Up-to-date symlink: /autoware/install/tier4_system_msgs/include/tier4_system_msgs/tier4_system_msgs/msg/detail/hazard_status_stamped__functions.h
[1.391s] -- Up-to-date symlink: /autoware/install/tier4_system_msgs/include/tier4_system_msgs/tier4_system_msgs/msg/detail/hazard_status_stamped__struct.h
[1.391s] -- Up-to-date symlink: /autoware/install/tier4_system_msgs/include/tier4_system_msgs/tier4_system_msgs/msg/detail/hazard_status_stamped__type_support.h
[1.391s] -- Up-to-date symlink: /autoware/install/tier4_system_msgs/include/tier4_system_msgs/tier4_system_msgs/msg/detail/mode_change_available__functions.h
[1.391s] -- Up-to-date symlink: /autoware/install/tier4_system_msgs/include/tier4_system_msgs/tier4_system_msgs/msg/detail/mode_change_available__struct.h
[1.391s] -- Up-to-date symlink: /autoware/install/tier4_system_msgs/include/tier4_system_msgs/tier4_system_msgs/msg/detail/mode_change_available__type_support.h
[1.391s] -- Up-to-date symlink: /autoware/install/tier4_system_msgs/include/tier4_system_msgs/tier4_system_msgs/msg/detail/mrm_behavior_status__functions.h
[1.391s] -- Up-to-date symlink: /autoware/install/tier4_system_msgs/include/tier4_system_msgs/tier4_system_msgs/msg/detail/mrm_behavior_status__struct.h
[1.392s] -- Up-to-date symlink: /autoware/install/tier4_system_msgs/include/tier4_system_msgs/tier4_system_msgs/msg/detail/mrm_behavior_status__type_support.h
[1.392s] -- Up-to-date symlink: /autoware/install/tier4_system_msgs/include/tier4_system_msgs/tier4_system_msgs/msg/detail/service_log__functions.h
[1.396s] -- Up-to-date symlink: /autoware/install/tier4_system_msgs/include/tier4_system_msgs/tier4_system_msgs/msg/detail/service_log__struct.h
[1.396s] -- Up-to-date symlink: /autoware/install/tier4_system_msgs/include/tier4_system_msgs/tier4_system_msgs/msg/detail/service_log__type_support.h
[1.396s] -- Up-to-date symlink: /autoware/install/tier4_system_msgs/include/tier4_system_msgs/tier4_system_msgs/msg/emergency_state.h
[1.396s] -- Up-to-date symlink: /autoware/install/tier4_system_msgs/include/tier4_system_msgs/tier4_system_msgs/msg/emergency_state_stamped.h
[1.397s] -- Up-to-date symlink: /autoware/install/tier4_system_msgs/include/tier4_system_msgs/tier4_system_msgs/msg/hazard_status.h
[1.397s] -- Up-to-date symlink: /autoware/install/tier4_system_msgs/include/tier4_system_msgs/tier4_system_msgs/msg/hazard_status_stamped.h
[1.397s] -- Up-to-date symlink: /autoware/install/tier4_system_msgs/include/tier4_system_msgs/tier4_system_msgs/msg/mode_change_available.h
[1.397s] -- Up-to-date symlink: /autoware/install/tier4_system_msgs/include/tier4_system_msgs/tier4_system_msgs/msg/mrm_behavior_status.h
[1.397s] -- Up-to-date symlink: /autoware/install/tier4_system_msgs/include/tier4_system_msgs/tier4_system_msgs/msg/rosidl_generator_c__visibility_control.h
[1.397s] -- Up-to-date symlink: /autoware/install/tier4_system_msgs/include/tier4_system_msgs/tier4_system_msgs/msg/service_log.h
[1.397s] -- Up-to-date symlink: /autoware/install/tier4_system_msgs/include/tier4_system_msgs/tier4_system_msgs/srv/change_autoware_control.h
[1.397s] -- Up-to-date symlink: /autoware/install/tier4_system_msgs/include/tier4_system_msgs/tier4_system_msgs/srv/change_operation_mode.h
[1.398s] -- Up-to-date symlink: /autoware/install/tier4_system_msgs/include/tier4_system_msgs/tier4_system_msgs/srv/detail/change_autoware_control__functions.h
[1.398s] -- Up-to-date symlink: /autoware/install/tier4_system_msgs/include/tier4_system_msgs/tier4_system_msgs/srv/detail/change_autoware_control__struct.h
[1.398s] -- Up-to-date symlink: /autoware/install/tier4_system_msgs/include/tier4_system_msgs/tier4_system_msgs/srv/detail/change_autoware_control__type_support.h
[1.398s] -- Up-to-date symlink: /autoware/install/tier4_system_msgs/include/tier4_system_msgs/tier4_system_msgs/srv/detail/change_operation_mode__functions.h
[1.398s] -- Up-to-date symlink: /autoware/install/tier4_system_msgs/include/tier4_system_msgs/tier4_system_msgs/srv/detail/change_operation_mode__struct.h
[1.398s] -- Up-to-date symlink: /autoware/install/tier4_system_msgs/include/tier4_system_msgs/tier4_system_msgs/srv/detail/change_operation_mode__type_support.h
[1.398s] -- Up-to-date symlink: /autoware/install/tier4_system_msgs/include/tier4_system_msgs/tier4_system_msgs/srv/detail/operate_mrm__functions.h
[1.399s] -- Up-to-date symlink: /autoware/install/tier4_system_msgs/include/tier4_system_msgs/tier4_system_msgs/srv/detail/operate_mrm__struct.h
[1.399s] -- Up-to-date symlink: /autoware/install/tier4_system_msgs/include/tier4_system_msgs/tier4_system_msgs/srv/detail/operate_mrm__type_support.h
[1.399s] -- Up-to-date symlink: /autoware/install/tier4_system_msgs/include/tier4_system_msgs/tier4_system_msgs/srv/operate_mrm.h
[1.399s] -- Up-to-date symlink: /autoware/install/tier4_system_msgs/share/tier4_system_msgs/environment/library_path.sh
[1.399s] -- Up-to-date symlink: /autoware/install/tier4_system_msgs/share/tier4_system_msgs/environment/library_path.dsv
[1.399s] -- Up-to-date symlink: /autoware/install/tier4_system_msgs/include/tier4_system_msgs/tier4_system_msgs/msg/detail/autoware_state__rosidl_typesupport_fastrtps_c.h
[1.399s] -- Up-to-date symlink: /autoware/install/tier4_system_msgs/include/tier4_system_msgs/tier4_system_msgs/msg/detail/emergency_state__rosidl_typesupport_fastrtps_c.h
[1.399s] -- Up-to-date symlink: /autoware/install/tier4_system_msgs/include/tier4_system_msgs/tier4_system_msgs/msg/detail/emergency_state_stamped__rosidl_typesupport_fastrtps_c.h
[1.399s] -- Up-to-date symlink: /autoware/install/tier4_system_msgs/include/tier4_system_msgs/tier4_system_msgs/msg/detail/hazard_status__rosidl_typesupport_fastrtps_c.h
[1.399s] -- Up-to-date symlink: /autoware/install/tier4_system_msgs/include/tier4_system_msgs/tier4_system_msgs/msg/detail/hazard_status_stamped__rosidl_typesupport_fastrtps_c.h
[1.400s] -- Up-to-date symlink: /autoware/install/tier4_system_msgs/include/tier4_system_msgs/tier4_system_msgs/msg/detail/mode_change_available__rosidl_typesupport_fastrtps_c.h
[1.400s] -- Up-to-date symlink: /autoware/install/tier4_system_msgs/include/tier4_system_msgs/tier4_system_msgs/msg/detail/mrm_behavior_status__rosidl_typesupport_fastrtps_c.h
[1.400s] -- Up-to-date symlink: /autoware/install/tier4_system_msgs/include/tier4_system_msgs/tier4_system_msgs/msg/detail/service_log__rosidl_typesupport_fastrtps_c.h
[1.400s] -- Up-to-date symlink: /autoware/install/tier4_system_msgs/include/tier4_system_msgs/tier4_system_msgs/msg/rosidl_typesupport_fastrtps_c__visibility_control.h
[1.400s] -- Up-to-date symlink: /autoware/install/tier4_system_msgs/include/tier4_system_msgs/tier4_system_msgs/srv/detail/change_autoware_control__rosidl_typesupport_fastrtps_c.h
[1.400s] -- Up-to-date symlink: /autoware/install/tier4_system_msgs/include/tier4_system_msgs/tier4_system_msgs/srv/detail/change_operation_mode__rosidl_typesupport_fastrtps_c.h
[1.400s] -- Up-to-date symlink: /autoware/install/tier4_system_msgs/include/tier4_system_msgs/tier4_system_msgs/srv/detail/operate_mrm__rosidl_typesupport_fastrtps_c.h
[1.401s] -- Up-to-date symlink: /autoware/install/tier4_system_msgs/include/tier4_system_msgs/tier4_system_msgs/msg/detail/autoware_state__rosidl_typesupport_introspection_c.h
[1.401s] -- Up-to-date symlink: /autoware/install/tier4_system_msgs/include/tier4_system_msgs/tier4_system_msgs/msg/detail/emergency_state__rosidl_typesupport_introspection_c.h
[1.401s] -- Up-to-date symlink: /autoware/install/tier4_system_msgs/include/tier4_system_msgs/tier4_system_msgs/msg/detail/emergency_state_stamped__rosidl_typesupport_introspection_c.h
[1.401s] -- Up-to-date symlink: /autoware/install/tier4_system_msgs/include/tier4_system_msgs/tier4_system_msgs/msg/detail/hazard_status__rosidl_typesupport_introspection_c.h
[1.401s] -- Up-to-date symlink: /autoware/install/tier4_system_msgs/include/tier4_system_msgs/tier4_system_msgs/msg/detail/hazard_status_stamped__rosidl_typesupport_introspection_c.h
[1.401s] -- Up-to-date symlink: /autoware/install/tier4_system_msgs/include/tier4_system_msgs/tier4_system_msgs/msg/detail/mode_change_available__rosidl_typesupport_introspection_c.h
[1.401s] -- Up-to-date symlink: /autoware/install/tier4_system_msgs/include/tier4_system_msgs/tier4_system_msgs/msg/detail/mrm_behavior_status__rosidl_typesupport_introspection_c.h
[1.401s] -- Up-to-date symlink: /autoware/install/tier4_system_msgs/include/tier4_system_msgs/tier4_system_msgs/msg/detail/service_log__rosidl_typesupport_introspection_c.h
[1.401s] -- Up-to-date symlink: /autoware/install/tier4_system_msgs/include/tier4_system_msgs/tier4_system_msgs/msg/rosidl_typesupport_introspection_c__visibility_control.h
[1.402s] -- Up-to-date symlink: /autoware/install/tier4_system_msgs/include/tier4_system_msgs/tier4_system_msgs/srv/detail/change_autoware_control__rosidl_typesupport_introspection_c.h
[1.402s] -- Up-to-date symlink: /autoware/install/tier4_system_msgs/include/tier4_system_msgs/tier4_system_msgs/srv/detail/change_operation_mode__rosidl_typesupport_introspection_c.h
[1.402s] -- Up-to-date symlink: /autoware/install/tier4_system_msgs/include/tier4_system_msgs/tier4_system_msgs/srv/detail/operate_mrm__rosidl_typesupport_introspection_c.h
[1.402s] -- Up-to-date symlink: /autoware/install/tier4_system_msgs/include/tier4_system_msgs/tier4_system_msgs/msg/autoware_state.hpp
[1.402s] -- Up-to-date symlink: /autoware/install/tier4_system_msgs/include/tier4_system_msgs/tier4_system_msgs/msg/detail/autoware_state__builder.hpp
[1.403s] -- Up-to-date symlink: /autoware/install/tier4_system_msgs/include/tier4_system_msgs/tier4_system_msgs/msg/detail/autoware_state__struct.hpp
[1.403s] -- Up-to-date symlink: /autoware/install/tier4_system_msgs/include/tier4_system_msgs/tier4_system_msgs/msg/detail/autoware_state__traits.hpp
[1.403s] -- Up-to-date symlink: /autoware/install/tier4_system_msgs/include/tier4_system_msgs/tier4_system_msgs/msg/detail/emergency_state__builder.hpp
[1.404s] -- Up-to-date symlink: /autoware/install/tier4_system_msgs/include/tier4_system_msgs/tier4_system_msgs/msg/detail/emergency_state__struct.hpp
[1.404s] -- Up-to-date symlink: /autoware/install/tier4_system_msgs/include/tier4_system_msgs/tier4_system_msgs/msg/detail/emergency_state__traits.hpp
[1.404s] -- Up-to-date symlink: /autoware/install/tier4_system_msgs/include/tier4_system_msgs/tier4_system_msgs/msg/detail/emergency_state_stamped__builder.hpp
[1.404s] -- Up-to-date symlink: /autoware/install/tier4_system_msgs/include/tier4_system_msgs/tier4_system_msgs/msg/detail/emergency_state_stamped__struct.hpp
[1.405s] -- Up-to-date symlink: /autoware/install/tier4_system_msgs/include/tier4_system_msgs/tier4_system_msgs/msg/detail/emergency_state_stamped__traits.hpp
[1.405s] -- Up-to-date symlink: /autoware/install/tier4_system_msgs/include/tier4_system_msgs/tier4_system_msgs/msg/detail/hazard_status__builder.hpp
[1.405s] -- Up-to-date symlink: /autoware/install/tier4_system_msgs/include/tier4_system_msgs/tier4_system_msgs/msg/detail/hazard_status__struct.hpp
[1.405s] -- Up-to-date symlink: /autoware/install/tier4_system_msgs/include/tier4_system_msgs/tier4_system_msgs/msg/detail/hazard_status__traits.hpp
[1.405s] -- Up-to-date symlink: /autoware/install/tier4_system_msgs/include/tier4_system_msgs/tier4_system_msgs/msg/detail/hazard_status_stamped__builder.hpp
[1.405s] -- Up-to-date symlink: /autoware/install/tier4_system_msgs/include/tier4_system_msgs/tier4_system_msgs/msg/detail/hazard_status_stamped__struct.hpp
[1.405s] -- Up-to-date symlink: /autoware/install/tier4_system_msgs/include/tier4_system_msgs/tier4_system_msgs/msg/detail/hazard_status_stamped__traits.hpp
[1.405s] -- Up-to-date symlink: /autoware/install/tier4_system_msgs/include/tier4_system_msgs/tier4_system_msgs/msg/detail/mode_change_available__builder.hpp
[1.405s] -- Up-to-date symlink: /autoware/install/tier4_system_msgs/include/tier4_system_msgs/tier4_system_msgs/msg/detail/mode_change_available__struct.hpp
[1.406s] -- Up-to-date symlink: /autoware/install/tier4_system_msgs/include/tier4_system_msgs/tier4_system_msgs/msg/detail/mode_change_available__traits.hpp
[1.406s] -- Up-to-date symlink: /autoware/install/tier4_system_msgs/include/tier4_system_msgs/tier4_system_msgs/msg/detail/mrm_behavior_status__builder.hpp
[1.410s] -- Up-to-date symlink: /autoware/install/tier4_system_msgs/include/tier4_system_msgs/tier4_system_msgs/msg/detail/mrm_behavior_status__struct.hpp
[1.416s] -- Up-to-date symlink: /autoware/install/tier4_system_msgs/include/tier4_system_msgs/tier4_system_msgs/msg/detail/mrm_behavior_status__traits.hpp
[1.416s] -- Up-to-date symlink: /autoware/install/tier4_system_msgs/include/tier4_system_msgs/tier4_system_msgs/msg/detail/service_log__builder.hpp
[1.416s] -- Up-to-date symlink: /autoware/install/tier4_system_msgs/include/tier4_system_msgs/tier4_system_msgs/msg/detail/service_log__struct.hpp
[1.416s] -- Up-to-date symlink: /autoware/install/tier4_system_msgs/include/tier4_system_msgs/tier4_system_msgs/msg/detail/service_log__traits.hpp
[1.416s] -- Up-to-date symlink: /autoware/install/tier4_system_msgs/include/tier4_system_msgs/tier4_system_msgs/msg/emergency_state.hpp
[1.417s] -- Up-to-date symlink: /autoware/install/tier4_system_msgs/include/tier4_system_msgs/tier4_system_msgs/msg/emergency_state_stamped.hpp
[1.417s] -- Up-to-date symlink: /autoware/install/tier4_system_msgs/include/tier4_system_msgs/tier4_system_msgs/msg/hazard_status.hpp
[1.417s] -- Up-to-date symlink: /autoware/install/tier4_system_msgs/include/tier4_system_msgs/tier4_system_msgs/msg/hazard_status_stamped.hpp
[1.417s] -- Up-to-date symlink: /autoware/install/tier4_system_msgs/include/tier4_system_msgs/tier4_system_msgs/msg/mode_change_available.hpp
[1.417s] -- Up-to-date symlink: /autoware/install/tier4_system_msgs/include/tier4_system_msgs/tier4_system_msgs/msg/mrm_behavior_status.hpp
[1.417s] -- Up-to-date symlink: /autoware/install/tier4_system_msgs/include/tier4_system_msgs/tier4_system_msgs/msg/service_log.hpp
[1.417s] -- Up-to-date symlink: /autoware/install/tier4_system_msgs/include/tier4_system_msgs/tier4_system_msgs/srv/change_autoware_control.hpp
[1.417s] -- Up-to-date symlink: /autoware/install/tier4_system_msgs/include/tier4_system_msgs/tier4_system_msgs/srv/change_operation_mode.hpp
[1.417s] -- Up-to-date symlink: /autoware/install/tier4_system_msgs/include/tier4_system_msgs/tier4_system_msgs/srv/detail/change_autoware_control__builder.hpp
[1.418s] -- Up-to-date symlink: /autoware/install/tier4_system_msgs/include/tier4_system_msgs/tier4_system_msgs/srv/detail/change_autoware_control__struct.hpp
[1.418s] -- Up-to-date symlink: /autoware/install/tier4_system_msgs/include/tier4_system_msgs/tier4_system_msgs/srv/detail/change_autoware_control__traits.hpp
[1.418s] -- Up-to-date symlink: /autoware/install/tier4_system_msgs/include/tier4_system_msgs/tier4_system_msgs/srv/detail/change_operation_mode__builder.hpp
[1.418s] -- Up-to-date symlink: /autoware/install/tier4_system_msgs/include/tier4_system_msgs/tier4_system_msgs/srv/detail/change_operation_mode__struct.hpp
[1.418s] -- Up-to-date symlink: /autoware/install/tier4_system_msgs/include/tier4_system_msgs/tier4_system_msgs/srv/detail/change_operation_mode__traits.hpp
[1.418s] -- Up-to-date symlink: /autoware/install/tier4_system_msgs/include/tier4_system_msgs/tier4_system_msgs/srv/detail/operate_mrm__builder.hpp
[1.418s] -- Up-to-date symlink: /autoware/install/tier4_system_msgs/include/tier4_system_msgs/tier4_system_msgs/srv/detail/operate_mrm__struct.hpp
[1.418s] -- Up-to-date symlink: /autoware/install/tier4_system_msgs/include/tier4_system_msgs/tier4_system_msgs/srv/detail/operate_mrm__traits.hpp
[1.418s] -- Up-to-date symlink: /autoware/install/tier4_system_msgs/include/tier4_system_msgs/tier4_system_msgs/srv/operate_mrm.hpp
[1.418s] -- Up-to-date symlink: /autoware/install/tier4_system_msgs/include/tier4_system_msgs/tier4_system_msgs/msg/detail/autoware_state__rosidl_typesupport_fastrtps_cpp.hpp
[1.419s] -- Up-to-date symlink: /autoware/install/tier4_system_msgs/include/tier4_system_msgs/tier4_system_msgs/msg/detail/emergency_state__rosidl_typesupport_fastrtps_cpp.hpp
[1.419s] -- Up-to-date symlink: /autoware/install/tier4_system_msgs/include/tier4_system_msgs/tier4_system_msgs/msg/detail/emergency_state_stamped__rosidl_typesupport_fastrtps_cpp.hpp
[1.419s] -- Up-to-date symlink: /autoware/install/tier4_system_msgs/include/tier4_system_msgs/tier4_system_msgs/msg/detail/hazard_status__rosidl_typesupport_fastrtps_cpp.hpp
[1.419s] -- Up-to-date symlink: /autoware/install/tier4_system_msgs/include/tier4_system_msgs/tier4_system_msgs/msg/detail/hazard_status_stamped__rosidl_typesupport_fastrtps_cpp.hpp
[1.419s] -- Up-to-date symlink: /autoware/install/tier4_system_msgs/include/tier4_system_msgs/tier4_system_msgs/msg/detail/mode_change_available__rosidl_typesupport_fastrtps_cpp.hpp
[1.419s] -- Up-to-date symlink: /autoware/install/tier4_system_msgs/include/tier4_system_msgs/tier4_system_msgs/msg/detail/mrm_behavior_status__rosidl_typesupport_fastrtps_cpp.hpp
[1.423s] -- Up-to-date symlink: /autoware/install/tier4_system_msgs/include/tier4_system_msgs/tier4_system_msgs/msg/detail/service_log__rosidl_typesupport_fastrtps_cpp.hpp
[1.423s] -- Up-to-date symlink: /autoware/install/tier4_system_msgs/include/tier4_system_msgs/tier4_system_msgs/msg/rosidl_typesupport_fastrtps_cpp__visibility_control.h
[1.423s] -- Up-to-date symlink: /autoware/install/tier4_system_msgs/include/tier4_system_msgs/tier4_system_msgs/srv/detail/change_autoware_control__rosidl_typesupport_fastrtps_cpp.hpp
[1.423s] -- Up-to-date symlink: /autoware/install/tier4_system_msgs/include/tier4_system_msgs/tier4_system_msgs/srv/detail/change_operation_mode__rosidl_typesupport_fastrtps_cpp.hpp
[1.424s] -- Up-to-date symlink: /autoware/install/tier4_system_msgs/include/tier4_system_msgs/tier4_system_msgs/srv/detail/operate_mrm__rosidl_typesupport_fastrtps_cpp.hpp
[1.424s] -- Up-to-date symlink: /autoware/install/tier4_system_msgs/include/tier4_system_msgs/tier4_system_msgs/msg/detail/autoware_state__rosidl_typesupport_introspection_cpp.hpp
[1.424s] -- Up-to-date symlink: /autoware/install/tier4_system_msgs/include/tier4_system_msgs/tier4_system_msgs/msg/detail/emergency_state__rosidl_typesupport_introspection_cpp.hpp
[1.424s] -- Up-to-date symlink: /autoware/install/tier4_system_msgs/include/tier4_system_msgs/tier4_system_msgs/msg/detail/emergency_state_stamped__rosidl_typesupport_introspection_cpp.hpp
[1.424s] -- Up-to-date symlink: /autoware/install/tier4_system_msgs/include/tier4_system_msgs/tier4_system_msgs/msg/detail/hazard_status__rosidl_typesupport_introspection_cpp.hpp
[1.424s] -- Up-to-date symlink: /autoware/install/tier4_system_msgs/include/tier4_system_msgs/tier4_system_msgs/msg/detail/hazard_status_stamped__rosidl_typesupport_introspection_cpp.hpp
[1.424s] -- Up-to-date symlink: /autoware/install/tier4_system_msgs/include/tier4_system_msgs/tier4_system_msgs/msg/detail/mode_change_available__rosidl_typesupport_introspection_cpp.hpp
[1.424s] -- Up-to-date symlink: /autoware/install/tier4_system_msgs/include/tier4_system_msgs/tier4_system_msgs/msg/detail/mrm_behavior_status__rosidl_typesupport_introspection_cpp.hpp
[1.424s] -- Up-to-date symlink: /autoware/install/tier4_system_msgs/include/tier4_system_msgs/tier4_system_msgs/msg/detail/service_log__rosidl_typesupport_introspection_cpp.hpp
[1.425s] -- Up-to-date symlink: /autoware/install/tier4_system_msgs/include/tier4_system_msgs/tier4_system_msgs/srv/detail/change_autoware_control__rosidl_typesupport_introspection_cpp.hpp
[1.425s] -- Up-to-date symlink: /autoware/install/tier4_system_msgs/include/tier4_system_msgs/tier4_system_msgs/srv/detail/change_operation_mode__rosidl_typesupport_introspection_cpp.hpp
[1.425s] -- Up-to-date symlink: /autoware/install/tier4_system_msgs/include/tier4_system_msgs/tier4_system_msgs/srv/detail/operate_mrm__rosidl_typesupport_introspection_cpp.hpp
[1.425s] -- Up-to-date symlink: /autoware/install/tier4_system_msgs/share/tier4_system_msgs/environment/pythonpath.sh
[1.425s] -- Up-to-date symlink: /autoware/install/tier4_system_msgs/share/tier4_system_msgs/environment/pythonpath.dsv
[1.425s] -- Up-to-date symlink: /autoware/install/tier4_system_msgs/local/lib/python3.10/dist-packages/tier4_system_msgs-0.1.0-py3.10.egg-info/PKG-INFO
[1.425s] -- Up-to-date symlink: /autoware/install/tier4_system_msgs/local/lib/python3.10/dist-packages/tier4_system_msgs-0.1.0-py3.10.egg-info/SOURCES.txt
[1.425s] -- Up-to-date symlink: /autoware/install/tier4_system_msgs/local/lib/python3.10/dist-packages/tier4_system_msgs-0.1.0-py3.10.egg-info/dependency_links.txt
[1.426s] -- Up-to-date symlink: /autoware/install/tier4_system_msgs/local/lib/python3.10/dist-packages/tier4_system_msgs-0.1.0-py3.10.egg-info/top_level.txt
[1.426s] -- Up-to-date symlink: /autoware/install/tier4_system_msgs/local/lib/python3.10/dist-packages/tier4_system_msgs/__init__.py
[1.429s] -- Up-to-date symlink: /autoware/install/tier4_system_msgs/local/lib/python3.10/dist-packages/tier4_system_msgs/_tier4_system_msgs_s.ep.rosidl_typesupport_c.c
[1.430s] -- Up-to-date symlink: /autoware/install/tier4_system_msgs/local/lib/python3.10/dist-packages/tier4_system_msgs/_tier4_system_msgs_s.ep.rosidl_typesupport_fastrtps_c.c
[1.430s] -- Up-to-date symlink: /autoware/install/tier4_system_msgs/local/lib/python3.10/dist-packages/tier4_system_msgs/_tier4_system_msgs_s.ep.rosidl_typesupport_introspection_c.c
[1.430s] -- Up-to-date symlink: /autoware/install/tier4_system_msgs/local/lib/python3.10/dist-packages/tier4_system_msgs/libtier4_system_msgs__rosidl_generator_py.so
[1.430s] -- Up-to-date symlink: /autoware/install/tier4_system_msgs/local/lib/python3.10/dist-packages/tier4_system_msgs/msg/__init__.py
[1.430s] -- Up-to-date symlink: /autoware/install/tier4_system_msgs/local/lib/python3.10/dist-packages/tier4_system_msgs/msg/_autoware_state.py
[1.430s] -- Up-to-date symlink: /autoware/install/tier4_system_msgs/local/lib/python3.10/dist-packages/tier4_system_msgs/msg/_autoware_state_s.c
[1.430s] -- Up-to-date symlink: /autoware/install/tier4_system_msgs/local/lib/python3.10/dist-packages/tier4_system_msgs/msg/_emergency_state.py
[1.430s] -- Up-to-date symlink: /autoware/install/tier4_system_msgs/local/lib/python3.10/dist-packages/tier4_system_msgs/msg/_emergency_state_s.c
[1.431s] -- Up-to-date symlink: /autoware/install/tier4_system_msgs/local/lib/python3.10/dist-packages/tier4_system_msgs/msg/_emergency_state_stamped.py
[1.431s] -- Up-to-date symlink: /autoware/install/tier4_system_msgs/local/lib/python3.10/dist-packages/tier4_system_msgs/msg/_emergency_state_stamped_s.c
[1.431s] -- Up-to-date symlink: /autoware/install/tier4_system_msgs/local/lib/python3.10/dist-packages/tier4_system_msgs/msg/_hazard_status.py
[1.431s] -- Up-to-date symlink: /autoware/install/tier4_system_msgs/local/lib/python3.10/dist-packages/tier4_system_msgs/msg/_hazard_status_s.c
[1.431s] -- Up-to-date symlink: /autoware/install/tier4_system_msgs/local/lib/python3.10/dist-packages/tier4_system_msgs/msg/_hazard_status_stamped.py
[1.431s] -- Up-to-date symlink: /autoware/install/tier4_system_msgs/local/lib/python3.10/dist-packages/tier4_system_msgs/msg/_hazard_status_stamped_s.c
[1.432s] -- Up-to-date symlink: /autoware/install/tier4_system_msgs/local/lib/python3.10/dist-packages/tier4_system_msgs/msg/_mode_change_available.py
[1.432s] -- Up-to-date symlink: /autoware/install/tier4_system_msgs/local/lib/python3.10/dist-packages/tier4_system_msgs/msg/_mode_change_available_s.c
[1.436s] -- Up-to-date symlink: /autoware/install/tier4_system_msgs/local/lib/python3.10/dist-packages/tier4_system_msgs/msg/_mrm_behavior_status.py
[1.436s] -- Up-to-date symlink: /autoware/install/tier4_system_msgs/local/lib/python3.10/dist-packages/tier4_system_msgs/msg/_mrm_behavior_status_s.c
[1.436s] -- Up-to-date symlink: /autoware/install/tier4_system_msgs/local/lib/python3.10/dist-packages/tier4_system_msgs/msg/_service_log.py
[1.436s] -- Up-to-date symlink: /autoware/install/tier4_system_msgs/local/lib/python3.10/dist-packages/tier4_system_msgs/msg/_service_log_s.c
[1.436s] -- Up-to-date symlink: /autoware/install/tier4_system_msgs/local/lib/python3.10/dist-packages/tier4_system_msgs/srv/__init__.py
[1.436s] -- Up-to-date symlink: /autoware/install/tier4_system_msgs/local/lib/python3.10/dist-packages/tier4_system_msgs/srv/_change_autoware_control.py
[1.437s] -- Up-to-date symlink: /autoware/install/tier4_system_msgs/local/lib/python3.10/dist-packages/tier4_system_msgs/srv/_change_autoware_control_s.c
[1.437s] -- Up-to-date symlink: /autoware/install/tier4_system_msgs/local/lib/python3.10/dist-packages/tier4_system_msgs/srv/_change_operation_mode.py
[1.437s] -- Up-to-date symlink: /autoware/install/tier4_system_msgs/local/lib/python3.10/dist-packages/tier4_system_msgs/srv/_change_operation_mode_s.c
[1.437s] -- Up-to-date symlink: /autoware/install/tier4_system_msgs/local/lib/python3.10/dist-packages/tier4_system_msgs/srv/_operate_mrm.py
[1.437s] -- Up-to-date symlink: /autoware/install/tier4_system_msgs/local/lib/python3.10/dist-packages/tier4_system_msgs/srv/_operate_mrm_s.c
[1.437s] -- Up-to-date symlink: /autoware/install/tier4_system_msgs/local/lib/python3.10/dist-packages/tier4_system_msgs/tier4_system_msgs_s__rosidl_typesupport_c.cpython-310-x86_64-linux-gnu.so
[1.438s] -- Up-to-date symlink: /autoware/install/tier4_system_msgs/local/lib/python3.10/dist-packages/tier4_system_msgs/tier4_system_msgs_s__rosidl_typesupport_fastrtps_c.cpython-310-x86_64-linux-gnu.so
[1.438s] -- Up-to-date symlink: /autoware/install/tier4_system_msgs/local/lib/python3.10/dist-packages/tier4_system_msgs/tier4_system_msgs_s__rosidl_typesupport_introspection_c.cpython-310-x86_64-linux-gnu.so
[1.438s] -- Up-to-date symlink: /autoware/install/tier4_system_msgs/local/lib/python3.10/dist-packages/tier4_system_msgs/tier4_system_msgs_s__rosidl_typesupport_fastrtps_c.cpython-310-x86_64-linux-gnu.so
[1.438s] -- Up-to-date symlink: /autoware/install/tier4_system_msgs/local/lib/python3.10/dist-packages/tier4_system_msgs/tier4_system_msgs_s__rosidl_typesupport_introspection_c.cpython-310-x86_64-linux-gnu.so
[1.438s] -- Up-to-date symlink: /autoware/install/tier4_system_msgs/local/lib/python3.10/dist-packages/tier4_system_msgs/tier4_system_msgs_s__rosidl_typesupport_c.cpython-310-x86_64-linux-gnu.so
[1.438s] -- Up-to-date symlink: /autoware/install/tier4_system_msgs/share/tier4_system_msgs/msg/AutowareState.idl
[1.438s] -- Up-to-date symlink: /autoware/install/tier4_system_msgs/share/tier4_system_msgs/msg/EmergencyState.idl
[1.439s] -- Up-to-date symlink: /autoware/install/tier4_system_msgs/share/tier4_system_msgs/msg/EmergencyStateStamped.idl
[1.439s] -- Up-to-date symlink: /autoware/install/tier4_system_msgs/share/tier4_system_msgs/msg/HazardStatus.idl
[1.439s] -- Up-to-date symlink: /autoware/install/tier4_system_msgs/share/tier4_system_msgs/msg/HazardStatusStamped.idl
[1.439s] -- Up-to-date symlink: /autoware/install/tier4_system_msgs/share/tier4_system_msgs/msg/ServiceLog.idl
[1.439s] -- Up-to-date symlink: /autoware/install/tier4_system_msgs/share/tier4_system_msgs/msg/ModeChangeAvailable.idl
[1.439s] -- Up-to-date symlink: /autoware/install/tier4_system_msgs/share/tier4_system_msgs/msg/MrmBehaviorStatus.idl
[1.439s] -- Up-to-date symlink: /autoware/install/tier4_system_msgs/share/tier4_system_msgs/srv/OperateMrm.idl
[1.439s] -- Up-to-date symlink: /autoware/install/tier4_system_msgs/share/tier4_system_msgs/srv/ChangeOperationMode.idl
[1.440s] -- Up-to-date symlink: /autoware/install/tier4_system_msgs/share/tier4_system_msgs/srv/ChangeAutowareControl.idl
[1.441s] -- Up-to-date symlink: /autoware/install/tier4_system_msgs/share/tier4_system_msgs/msg/AutowareState.msg
[1.441s] -- Up-to-date symlink: /autoware/install/tier4_system_msgs/share/tier4_system_msgs/msg/EmergencyState.msg
[1.445s] -- Up-to-date symlink: /autoware/install/tier4_system_msgs/share/tier4_system_msgs/msg/EmergencyStateStamped.msg
[1.445s] -- Up-to-date symlink: /autoware/install/tier4_system_msgs/share/tier4_system_msgs/msg/HazardStatus.msg
[1.445s] -- Up-to-date symlink: /autoware/install/tier4_system_msgs/share/tier4_system_msgs/msg/HazardStatusStamped.msg
[1.445s] -- Up-to-date symlink: /autoware/install/tier4_system_msgs/share/tier4_system_msgs/msg/ServiceLog.msg
[1.447s] -- Up-to-date symlink: /autoware/install/tier4_system_msgs/share/tier4_system_msgs/msg/ModeChangeAvailable.msg
[1.447s] -- Up-to-date symlink: /autoware/install/tier4_system_msgs/share/tier4_system_msgs/msg/MrmBehaviorStatus.msg
[1.448s] -- Up-to-date symlink: /autoware/install/tier4_system_msgs/share/tier4_system_msgs/srv/OperateMrm.srv
[1.448s] -- Up-to-date symlink: /autoware/install/tier4_system_msgs/share/tier4_system_msgs/srv/OperateMrm_Request.msg
[1.448s] -- Up-to-date symlink: /autoware/install/tier4_system_msgs/share/tier4_system_msgs/srv/OperateMrm_Response.msg
[1.448s] -- Up-to-date symlink: /autoware/install/tier4_system_msgs/share/tier4_system_msgs/srv/ChangeOperationMode.srv
[1.449s] -- Up-to-date symlink: /autoware/install/tier4_system_msgs/share/tier4_system_msgs/srv/ChangeOperationMode_Request.msg
[1.449s] -- Up-to-date symlink: /autoware/install/tier4_system_msgs/share/tier4_system_msgs/srv/ChangeOperationMode_Response.msg
[1.449s] -- Up-to-date symlink: /autoware/install/tier4_system_msgs/share/tier4_system_msgs/srv/ChangeAutowareControl.srv
[1.449s] -- Up-to-date symlink: /autoware/install/tier4_system_msgs/share/tier4_system_msgs/srv/ChangeAutowareControl_Request.msg
[1.449s] -- Up-to-date symlink: /autoware/install/tier4_system_msgs/share/tier4_system_msgs/srv/ChangeAutowareControl_Response.msg
[1.449s] -- Up-to-date symlink: /autoware/install/tier4_system_msgs/share/ament_index/resource_index/package_run_dependencies/tier4_system_msgs
[1.449s] -- Up-to-date symlink: /autoware/install/tier4_system_msgs/share/ament_index/resource_index/parent_prefix_path/tier4_system_msgs
[1.449s] -- Up-to-date symlink: /autoware/install/tier4_system_msgs/share/tier4_system_msgs/environment/ament_prefix_path.sh
[1.449s] -- Up-to-date symlink: /autoware/install/tier4_system_msgs/share/tier4_system_msgs/environment/ament_prefix_path.dsv
[1.449s] -- Up-to-date symlink: /autoware/install/tier4_system_msgs/share/tier4_system_msgs/environment/path.sh
[1.450s] -- Up-to-date symlink: /autoware/install/tier4_system_msgs/share/tier4_system_msgs/environment/path.dsv
[1.450s] -- Up-to-date symlink: /autoware/install/tier4_system_msgs/share/tier4_system_msgs/local_setup.bash
[1.450s] -- Up-to-date symlink: /autoware/install/tier4_system_msgs/share/tier4_system_msgs/local_setup.sh
[1.450s] -- Up-to-date symlink: /autoware/install/tier4_system_msgs/share/tier4_system_msgs/local_setup.zsh
[1.450s] -- Up-to-date symlink: /autoware/install/tier4_system_msgs/share/tier4_system_msgs/local_setup.dsv
[1.450s] -- Symlinking: /autoware/install/tier4_system_msgs/share/tier4_system_msgs/package.dsv
[1.450s] -- Up-to-date symlink: /autoware/install/tier4_system_msgs/share/ament_index/resource_index/packages/tier4_system_msgs
[1.450s] -- Up-to-date symlink: /autoware/install/tier4_system_msgs/share/tier4_system_msgs/cmake/rosidl_cmake-extras.cmake
[1.450s] -- Up-to-date symlink: /autoware/install/tier4_system_msgs/share/tier4_system_msgs/cmake/ament_cmake_export_dependencies-extras.cmake
[1.450s] -- Up-to-date symlink: /autoware/install/tier4_system_msgs/share/tier4_system_msgs/cmake/ament_cmake_export_include_directories-extras.cmake
[1.450s] -- Up-to-date symlink: /autoware/install/tier4_system_msgs/share/tier4_system_msgs/cmake/ament_cmake_export_libraries-extras.cmake
[1.450s] -- Up-to-date symlink: /autoware/install/tier4_system_msgs/share/tier4_system_msgs/cmake/ament_cmake_export_targets-extras.cmake
[1.451s] -- Up-to-date symlink: /autoware/install/tier4_system_msgs/share/tier4_system_msgs/cmake/rosidl_cmake_export_typesupport_targets-extras.cmake
[1.451s] -- Up-to-date symlink: /autoware/install/tier4_system_msgs/share/tier4_system_msgs/cmake/rosidl_cmake_export_typesupport_libraries-extras.cmake
[1.451s] -- Up-to-date symlink: /autoware/install/tier4_system_msgs/share/tier4_system_msgs/cmake/tier4_system_msgsConfig.cmake
[1.451s] -- Up-to-date symlink: /autoware/install/tier4_system_msgs/share/tier4_system_msgs/cmake/tier4_system_msgsConfig-version.cmake
[1.451s] -- Up-to-date symlink: /autoware/install/tier4_system_msgs/share/tier4_system_msgs/package.xml
[1.451s] -- Up-to-date: /autoware/install/tier4_system_msgs/lib/libtier4_system_msgs__rosidl_generator_c.so
[1.451s] -- Up-to-date: /autoware/install/tier4_system_msgs/lib/libtier4_system_msgs__rosidl_typesupport_fastrtps_c.so
[1.451s] -- Up-to-date: /autoware/install/tier4_system_msgs/lib/libtier4_system_msgs__rosidl_typesupport_introspection_c.so
[1.451s] -- Up-to-date: /autoware/install/tier4_system_msgs/lib/libtier4_system_msgs__rosidl_typesupport_c.so
[1.451s] -- Up-to-date: /autoware/install/tier4_system_msgs/lib/libtier4_system_msgs__rosidl_typesupport_fastrtps_cpp.so
[1.451s] -- Up-to-date: /autoware/install/tier4_system_msgs/lib/libtier4_system_msgs__rosidl_typesupport_introspection_cpp.so
[1.451s] -- Up-to-date: /autoware/install/tier4_system_msgs/lib/libtier4_system_msgs__rosidl_typesupport_cpp.so
[1.452s] Listing '/autoware/install/tier4_system_msgs/local/lib/python3.10/dist-packages/tier4_system_msgs'...
[1.452s] Listing '/autoware/install/tier4_system_msgs/local/lib/python3.10/dist-packages/tier4_system_msgs/msg'...
[1.452s] Listing '/autoware/install/tier4_system_msgs/local/lib/python3.10/dist-packages/tier4_system_msgs/srv'...
[1.452s] -- Up-to-date: /autoware/install/tier4_system_msgs/lib/libtier4_system_msgs__rosidl_generator_py.so
[1.452s] -- Up-to-date: /autoware/install/tier4_system_msgs/share/tier4_system_msgs/cmake/export_tier4_system_msgs__rosidl_generator_cExport.cmake
[1.452s] -- Up-to-date: /autoware/install/tier4_system_msgs/share/tier4_system_msgs/cmake/export_tier4_system_msgs__rosidl_generator_cExport-release.cmake
[1.452s] -- Up-to-date: /autoware/install/tier4_system_msgs/share/tier4_system_msgs/cmake/export_tier4_system_msgs__rosidl_typesupport_fastrtps_cExport.cmake
[1.452s] -- Up-to-date: /autoware/install/tier4_system_msgs/share/tier4_system_msgs/cmake/export_tier4_system_msgs__rosidl_typesupport_fastrtps_cExport-release.cmake
[1.452s] -- Up-to-date: /autoware/install/tier4_system_msgs/share/tier4_system_msgs/cmake/tier4_system_msgs__rosidl_typesupport_introspection_cExport.cmake
[1.452s] -- Up-to-date: /autoware/install/tier4_system_msgs/share/tier4_system_msgs/cmake/tier4_system_msgs__rosidl_typesupport_introspection_cExport-release.cmake
[1.452s] -- Up-to-date: /autoware/install/tier4_system_msgs/share/tier4_system_msgs/cmake/tier4_system_msgs__rosidl_typesupport_cExport.cmake
[1.452s] -- Up-to-date: /autoware/install/tier4_system_msgs/share/tier4_system_msgs/cmake/tier4_system_msgs__rosidl_typesupport_cExport-release.cmake
[1.453s] -- Up-to-date: /autoware/install/tier4_system_msgs/share/tier4_system_msgs/cmake/export_tier4_system_msgs__rosidl_generator_cppExport.cmake
[1.453s] -- Up-to-date: /autoware/install/tier4_system_msgs/share/tier4_system_msgs/cmake/export_tier4_system_msgs__rosidl_typesupport_fastrtps_cppExport.cmake
[1.453s] -- Up-to-date: /autoware/install/tier4_system_msgs/share/tier4_system_msgs/cmake/export_tier4_system_msgs__rosidl_typesupport_fastrtps_cppExport-release.cmake
[1.453s] -- Up-to-date: /autoware/install/tier4_system_msgs/share/tier4_system_msgs/cmake/tier4_system_msgs__rosidl_typesupport_introspection_cppExport.cmake
[1.453s] -- Up-to-date: /autoware/install/tier4_system_msgs/share/tier4_system_msgs/cmake/tier4_system_msgs__rosidl_typesupport_introspection_cppExport-release.cmake
[1.453s] -- Up-to-date: /autoware/install/tier4_system_msgs/share/tier4_system_msgs/cmake/tier4_system_msgs__rosidl_typesupport_cppExport.cmake
[1.453s] -- Up-to-date: /autoware/install/tier4_system_msgs/share/tier4_system_msgs/cmake/tier4_system_msgs__rosidl_typesupport_cppExport-release.cmake
[1.453s] -- Up-to-date: /autoware/install/tier4_system_msgs/share/tier4_system_msgs/cmake/export_tier4_system_msgs__rosidl_generator_pyExport.cmake
[1.453s] -- Up-to-date: /autoware/install/tier4_system_msgs/share/tier4_system_msgs/cmake/export_tier4_system_msgs__rosidl_generator_pyExport-release.cmake
[1.469s] Invoked command in '/autoware/build/tier4_system_msgs' returned '0': AMENT_PREFIX_PATH=/autoware/install/autoware_common_msgs:/autoware/install/ament_cmake_auto:${AMENT_PREFIX_PATH} CMAKE_PREFIX_PATH=/autoware/install/autoware_common_msgs:/autoware/install/ament_cmake_auto:/opt/ros/humble LD_LIBRARY_PATH=/autoware/install/autoware_common_msgs/lib:${LD_LIBRARY_PATH} PYTHONPATH=/autoware/install/autoware_common_msgs/local/lib/python3.10/dist-packages:${PYTHONPATH} /usr/bin/cmake --install /autoware/build/tier4_system_msgs
