[0.030s] Invoking command in '/autoware/build/lidar_apollo_segmentation_tvm_nodes': AMENT_PREFIX_PATH=/autoware/install/lidar_apollo_segmentation_tvm:/autoware/install/autoware_auto_geometry:/autoware/install/autoware_auto_tf2:/autoware/install/tvm_utility:/autoware/install/tier4_perception_msgs:/autoware/install/autoware_auto_vehicle_msgs:/autoware/install/autoware_auto_common:/autoware/install/autoware_cmake:/autoware/install/autoware_auto_planning_msgs:/autoware/install/autoware_auto_perception_msgs:/autoware/install/autoware_lint_common:/autoware/install/autoware_auto_system_msgs:/autoware/install/autoware_auto_mapping_msgs:/autoware/install/autoware_auto_geometry_msgs:${AMENT_PREFIX_PATH} CMAKE_PREFIX_PATH=/autoware/install/lidar_apollo_segmentation_tvm:/autoware/install/autoware_auto_geometry:/autoware/install/autoware_auto_tf2:/autoware/install/tvm_utility:/autoware/install/tier4_perception_msgs:/autoware/install/autoware_auto_vehicle_msgs:/autoware/install/autoware_auto_common:/autoware/install/autoware_cmake:/autoware/install/autoware_auto_planning_msgs:/autoware/install/autoware_auto_perception_msgs:/autoware/install/autoware_lint_common:/autoware/install/autoware_auto_system_msgs:/autoware/install/autoware_auto_mapping_msgs:/autoware/install/autoware_auto_geometry_msgs:/opt/ros/humble LD_LIBRARY_PATH=/autoware/install/autoware_auto_geometry/lib:/autoware/install/tvm_utility/lib:/autoware/install/tier4_perception_msgs/lib:/autoware/install/autoware_auto_vehicle_msgs/lib:/autoware/install/autoware_auto_planning_msgs/lib:/autoware/install/autoware_auto_perception_msgs/lib:/autoware/install/autoware_auto_system_msgs/lib:/autoware/install/autoware_auto_mapping_msgs/lib:/autoware/install/autoware_auto_geometry_msgs/lib:${LD_LIBRARY_PATH} PYTHONPATH=/autoware/install/tier4_perception_msgs/local/lib/python3.10/dist-packages:/autoware/install/autoware_auto_vehicle_msgs/local/lib/python3.10/dist-packages:/autoware/install/autoware_auto_planning_msgs/local/lib/python3.10/dist-packages:/autoware/install/autoware_auto_perception_msgs/local/lib/python3.10/dist-packages:/autoware/install/autoware_auto_system_msgs/local/lib/python3.10/dist-packages:/autoware/install/autoware_auto_mapping_msgs/local/lib/python3.10/dist-packages:/autoware/install/autoware_auto_geometry_msgs/local/lib/python3.10/dist-packages:${PYTHONPATH} /usr/bin/cmake /autoware/src/universe/autoware.universe/perception/lidar_apollo_segmentation_tvm_nodes -DCMAKE_BUILD_TYPE=Release -DAMENT_CMAKE_SYMLINK_INSTALL=1 -DCMAKE_INSTALL_PREFIX=/autoware/install/lidar_apollo_segmentation_tvm_nodes
[0.090s] -- The C compiler identification is GNU 11.3.0
[0.145s] -- The CXX compiler identification is GNU 11.3.0
[0.155s] -- Detecting C compiler ABI info
[0.227s] -- Detecting C compiler ABI info - done
[0.239s] -- Check for working C compiler: /usr/bin/cc - skipped
[0.240s] -- Detecting C compile features
[0.240s] -- Detecting C compile features - done
[0.245s] -- Detecting CXX compiler ABI info
[0.331s] -- Detecting CXX compiler ABI info - done
[0.338s] -- Check for working CXX compiler: /usr/bin/c++ - skipped
[0.339s] -- Detecting CXX compile features
[0.339s] -- Detecting CXX compile features - done
[0.341s] -- Found autoware_cmake: 0.1.0 (/autoware/install/autoware_cmake/share/autoware_cmake/cmake)
[0.542s] -- Found Python3: /usr/bin/python3.10 (found version "3.10.6") found components: Interpreter 
[0.612s] -- Override CMake install command with custom implementation using symlinks instead of copying resources
[0.818s] -- Found rosidl_generator_c: 3.1.3 (/opt/ros/humble/share/rosidl_generator_c/cmake)
[0.829s] -- Found rosidl_adapter: 3.1.3 (/opt/ros/humble/share/rosidl_adapter/cmake)
[0.846s] -- Found rosidl_generator_cpp: 3.1.3 (/opt/ros/humble/share/rosidl_generator_cpp/cmake)
[0.871s] -- Using all available rosidl_typesupport_c: rosidl_typesupport_fastrtps_c;rosidl_typesupport_introspection_c
[0.906s] -- Using all available rosidl_typesupport_cpp: rosidl_typesupport_fastrtps_cpp;rosidl_typesupport_introspection_cpp
[2.959s] -- Found eigen3_cmake_module: 0.1.1 (/opt/ros/humble/share/eigen3_cmake_module/cmake)
[2.961s] -- Found Eigen3: TRUE (found version "3.4.0") 
[2.961s] -- Ensuring Eigen3 include directory is part of orocos-kdl CMake target
[3.127s] -- Found rmw_implementation_cmake: 6.1.0 (/opt/ros/humble/share/rmw_implementation_cmake/cmake)
[3.132s] -- Found rmw_fastrtps_cpp: 6.2.1 (/opt/ros/humble/share/rmw_fastrtps_cpp/cmake)
[3.254s] -- Found OpenSSL: /usr/lib/x86_64-linux-gnu/libcrypto.so (found version "3.0.2")  
[3.283s] -- Found FastRTPS: /opt/ros/humble/include  
[3.341s] -- Using RMW implementation 'rmw_fastrtps_cpp' as default
[5.041s] -- Found ament_lint_auto: 0.12.4 (/opt/ros/humble/share/ament_lint_auto/cmake)
[5.060s] -- Found launch_testing_ament_cmake: 1.0.3 (/opt/ros/humble/share/launch_testing_ament_cmake/cmake)
[5.063s] -- Found python_cmake_module: 0.10.0 (/opt/ros/humble/share/python_cmake_module/cmake)
[5.087s] -- Found PythonInterp: /usr/bin/python3 (found suitable version "3.10.6", minimum required is "3.6") 
[5.094s] -- Found PythonLibs: /usr/lib/x86_64-linux-gnu/libpython3.10.so (found suitable version "3.10.6", minimum required is "3.5") 
[5.094s] -- Using PYTHON_EXECUTABLE: /usr/bin/python3
[5.094s] -- Using PYTHON_INCLUDE_DIRS: /usr/include/python3.10
[5.094s] -- Using PYTHON_LIBRARIES: /usr/lib/x86_64-linux-gnu/libpython3.10.so
[5.127s] -- Found PythonExtra: .so  
[5.128s] CMake Warning at CMakeLists.txt:50 (message):
[5.128s]   lidar_apollo_segmentation_tvm not built, skipping package.
[5.128s] 
[5.128s] 
[5.136s] -- Added test 'copyright' to check source files copyright and LICENSE
[5.139s] -- Added test 'cppcheck' to perform static code analysis on C / C++ code
[5.139s] -- Configured cppcheck include dirs: 
[5.139s] -- Configured cppcheck exclude dirs and/or files: 
[5.140s] -- Added test 'lint_cmake' to check CMake code style
[5.141s] -- Added test 'xmllint' to check XML markup files
[5.146s] -- Configuring done
[5.158s] -- Generating done
[5.161s] -- Build files have been written to: /autoware/build/lidar_apollo_segmentation_tvm_nodes
[5.175s] Invoked command in '/autoware/build/lidar_apollo_segmentation_tvm_nodes' returned '0': AMENT_PREFIX_PATH=/autoware/install/lidar_apollo_segmentation_tvm:/autoware/install/autoware_auto_geometry:/autoware/install/autoware_auto_tf2:/autoware/install/tvm_utility:/autoware/install/tier4_perception_msgs:/autoware/install/autoware_auto_vehicle_msgs:/autoware/install/autoware_auto_common:/autoware/install/autoware_cmake:/autoware/install/autoware_auto_planning_msgs:/autoware/install/autoware_auto_perception_msgs:/autoware/install/autoware_lint_common:/autoware/install/autoware_auto_system_msgs:/autoware/install/autoware_auto_mapping_msgs:/autoware/install/autoware_auto_geometry_msgs:${AMENT_PREFIX_PATH} CMAKE_PREFIX_PATH=/autoware/install/lidar_apollo_segmentation_tvm:/autoware/install/autoware_auto_geometry:/autoware/install/autoware_auto_tf2:/autoware/install/tvm_utility:/autoware/install/tier4_perception_msgs:/autoware/install/autoware_auto_vehicle_msgs:/autoware/install/autoware_auto_common:/autoware/install/autoware_cmake:/autoware/install/autoware_auto_planning_msgs:/autoware/install/autoware_auto_perception_msgs:/autoware/install/autoware_lint_common:/autoware/install/autoware_auto_system_msgs:/autoware/install/autoware_auto_mapping_msgs:/autoware/install/autoware_auto_geometry_msgs:/opt/ros/humble LD_LIBRARY_PATH=/autoware/install/autoware_auto_geometry/lib:/autoware/install/tvm_utility/lib:/autoware/install/tier4_perception_msgs/lib:/autoware/install/autoware_auto_vehicle_msgs/lib:/autoware/install/autoware_auto_planning_msgs/lib:/autoware/install/autoware_auto_perception_msgs/lib:/autoware/install/autoware_auto_system_msgs/lib:/autoware/install/autoware_auto_mapping_msgs/lib:/autoware/install/autoware_auto_geometry_msgs/lib:${LD_LIBRARY_PATH} PYTHONPATH=/autoware/install/tier4_perception_msgs/local/lib/python3.10/dist-packages:/autoware/install/autoware_auto_vehicle_msgs/local/lib/python3.10/dist-packages:/autoware/install/autoware_auto_planning_msgs/local/lib/python3.10/dist-packages:/autoware/install/autoware_auto_perception_msgs/local/lib/python3.10/dist-packages:/autoware/install/autoware_auto_system_msgs/local/lib/python3.10/dist-packages:/autoware/install/autoware_auto_mapping_msgs/local/lib/python3.10/dist-packages:/autoware/install/autoware_auto_geometry_msgs/local/lib/python3.10/dist-packages:${PYTHONPATH} /usr/bin/cmake /autoware/src/universe/autoware.universe/perception/lidar_apollo_segmentation_tvm_nodes -DCMAKE_BUILD_TYPE=Release -DAMENT_CMAKE_SYMLINK_INSTALL=1 -DCMAKE_INSTALL_PREFIX=/autoware/install/lidar_apollo_segmentation_tvm_nodes
[5.177s] Invoking command in '/autoware/build/lidar_apollo_segmentation_tvm_nodes': AMENT_PREFIX_PATH=/autoware/install/lidar_apollo_segmentation_tvm:/autoware/install/autoware_auto_geometry:/autoware/install/autoware_auto_tf2:/autoware/install/tvm_utility:/autoware/install/tier4_perception_msgs:/autoware/install/autoware_auto_vehicle_msgs:/autoware/install/autoware_auto_common:/autoware/install/autoware_cmake:/autoware/install/autoware_auto_planning_msgs:/autoware/install/autoware_auto_perception_msgs:/autoware/install/autoware_lint_common:/autoware/install/autoware_auto_system_msgs:/autoware/install/autoware_auto_mapping_msgs:/autoware/install/autoware_auto_geometry_msgs:${AMENT_PREFIX_PATH} CMAKE_PREFIX_PATH=/autoware/install/lidar_apollo_segmentation_tvm:/autoware/install/autoware_auto_geometry:/autoware/install/autoware_auto_tf2:/autoware/install/tvm_utility:/autoware/install/tier4_perception_msgs:/autoware/install/autoware_auto_vehicle_msgs:/autoware/install/autoware_auto_common:/autoware/install/autoware_cmake:/autoware/install/autoware_auto_planning_msgs:/autoware/install/autoware_auto_perception_msgs:/autoware/install/autoware_lint_common:/autoware/install/autoware_auto_system_msgs:/autoware/install/autoware_auto_mapping_msgs:/autoware/install/autoware_auto_geometry_msgs:/opt/ros/humble LD_LIBRARY_PATH=/autoware/install/autoware_auto_geometry/lib:/autoware/install/tvm_utility/lib:/autoware/install/tier4_perception_msgs/lib:/autoware/install/autoware_auto_vehicle_msgs/lib:/autoware/install/autoware_auto_planning_msgs/lib:/autoware/install/autoware_auto_perception_msgs/lib:/autoware/install/autoware_auto_system_msgs/lib:/autoware/install/autoware_auto_mapping_msgs/lib:/autoware/install/autoware_auto_geometry_msgs/lib:${LD_LIBRARY_PATH} PYTHONPATH=/autoware/install/tier4_perception_msgs/local/lib/python3.10/dist-packages:/autoware/install/autoware_auto_vehicle_msgs/local/lib/python3.10/dist-packages:/autoware/install/autoware_auto_planning_msgs/local/lib/python3.10/dist-packages:/autoware/install/autoware_auto_perception_msgs/local/lib/python3.10/dist-packages:/autoware/install/autoware_auto_system_msgs/local/lib/python3.10/dist-packages:/autoware/install/autoware_auto_mapping_msgs/local/lib/python3.10/dist-packages:/autoware/install/autoware_auto_geometry_msgs/local/lib/python3.10/dist-packages:${PYTHONPATH} /usr/bin/cmake --build /autoware/build/lidar_apollo_segmentation_tvm_nodes -- -j64 -l64
[5.235s] Invoked command in '/autoware/build/lidar_apollo_segmentation_tvm_nodes' returned '0': AMENT_PREFIX_PATH=/autoware/install/lidar_apollo_segmentation_tvm:/autoware/install/autoware_auto_geometry:/autoware/install/autoware_auto_tf2:/autoware/install/tvm_utility:/autoware/install/tier4_perception_msgs:/autoware/install/autoware_auto_vehicle_msgs:/autoware/install/autoware_auto_common:/autoware/install/autoware_cmake:/autoware/install/autoware_auto_planning_msgs:/autoware/install/autoware_auto_perception_msgs:/autoware/install/autoware_lint_common:/autoware/install/autoware_auto_system_msgs:/autoware/install/autoware_auto_mapping_msgs:/autoware/install/autoware_auto_geometry_msgs:${AMENT_PREFIX_PATH} CMAKE_PREFIX_PATH=/autoware/install/lidar_apollo_segmentation_tvm:/autoware/install/autoware_auto_geometry:/autoware/install/autoware_auto_tf2:/autoware/install/tvm_utility:/autoware/install/tier4_perception_msgs:/autoware/install/autoware_auto_vehicle_msgs:/autoware/install/autoware_auto_common:/autoware/install/autoware_cmake:/autoware/install/autoware_auto_planning_msgs:/autoware/install/autoware_auto_perception_msgs:/autoware/install/autoware_lint_common:/autoware/install/autoware_auto_system_msgs:/autoware/install/autoware_auto_mapping_msgs:/autoware/install/autoware_auto_geometry_msgs:/opt/ros/humble LD_LIBRARY_PATH=/autoware/install/autoware_auto_geometry/lib:/autoware/install/tvm_utility/lib:/autoware/install/tier4_perception_msgs/lib:/autoware/install/autoware_auto_vehicle_msgs/lib:/autoware/install/autoware_auto_planning_msgs/lib:/autoware/install/autoware_auto_perception_msgs/lib:/autoware/install/autoware_auto_system_msgs/lib:/autoware/install/autoware_auto_mapping_msgs/lib:/autoware/install/autoware_auto_geometry_msgs/lib:${LD_LIBRARY_PATH} PYTHONPATH=/autoware/install/tier4_perception_msgs/local/lib/python3.10/dist-packages:/autoware/install/autoware_auto_vehicle_msgs/local/lib/python3.10/dist-packages:/autoware/install/autoware_auto_planning_msgs/local/lib/python3.10/dist-packages:/autoware/install/autoware_auto_perception_msgs/local/lib/python3.10/dist-packages:/autoware/install/autoware_auto_system_msgs/local/lib/python3.10/dist-packages:/autoware/install/autoware_auto_mapping_msgs/local/lib/python3.10/dist-packages:/autoware/install/autoware_auto_geometry_msgs/local/lib/python3.10/dist-packages:${PYTHONPATH} /usr/bin/cmake --build /autoware/build/lidar_apollo_segmentation_tvm_nodes -- -j64 -l64
[5.262s] Invoking command in '/autoware/build/lidar_apollo_segmentation_tvm_nodes': AMENT_PREFIX_PATH=/autoware/install/lidar_apollo_segmentation_tvm:/autoware/install/autoware_auto_geometry:/autoware/install/autoware_auto_tf2:/autoware/install/tvm_utility:/autoware/install/tier4_perception_msgs:/autoware/install/autoware_auto_vehicle_msgs:/autoware/install/autoware_auto_common:/autoware/install/autoware_cmake:/autoware/install/autoware_auto_planning_msgs:/autoware/install/autoware_auto_perception_msgs:/autoware/install/autoware_lint_common:/autoware/install/autoware_auto_system_msgs:/autoware/install/autoware_auto_mapping_msgs:/autoware/install/autoware_auto_geometry_msgs:${AMENT_PREFIX_PATH} CMAKE_PREFIX_PATH=/autoware/install/lidar_apollo_segmentation_tvm:/autoware/install/autoware_auto_geometry:/autoware/install/autoware_auto_tf2:/autoware/install/tvm_utility:/autoware/install/tier4_perception_msgs:/autoware/install/autoware_auto_vehicle_msgs:/autoware/install/autoware_auto_common:/autoware/install/autoware_cmake:/autoware/install/autoware_auto_planning_msgs:/autoware/install/autoware_auto_perception_msgs:/autoware/install/autoware_lint_common:/autoware/install/autoware_auto_system_msgs:/autoware/install/autoware_auto_mapping_msgs:/autoware/install/autoware_auto_geometry_msgs:/opt/ros/humble LD_LIBRARY_PATH=/autoware/install/autoware_auto_geometry/lib:/autoware/install/tvm_utility/lib:/autoware/install/tier4_perception_msgs/lib:/autoware/install/autoware_auto_vehicle_msgs/lib:/autoware/install/autoware_auto_planning_msgs/lib:/autoware/install/autoware_auto_perception_msgs/lib:/autoware/install/autoware_auto_system_msgs/lib:/autoware/install/autoware_auto_mapping_msgs/lib:/autoware/install/autoware_auto_geometry_msgs/lib:${LD_LIBRARY_PATH} PYTHONPATH=/autoware/install/tier4_perception_msgs/local/lib/python3.10/dist-packages:/autoware/install/autoware_auto_vehicle_msgs/local/lib/python3.10/dist-packages:/autoware/install/autoware_auto_planning_msgs/local/lib/python3.10/dist-packages:/autoware/install/autoware_auto_perception_msgs/local/lib/python3.10/dist-packages:/autoware/install/autoware_auto_system_msgs/local/lib/python3.10/dist-packages:/autoware/install/autoware_auto_mapping_msgs/local/lib/python3.10/dist-packages:/autoware/install/autoware_auto_geometry_msgs/local/lib/python3.10/dist-packages:${PYTHONPATH} /usr/bin/cmake --install /autoware/build/lidar_apollo_segmentation_tvm_nodes
[5.272s] -- Install configuration: "Release"
[5.273s] -- Execute custom install script
[5.274s] -- Symlinking: /autoware/install/lidar_apollo_segmentation_tvm_nodes/include/lidar_apollo_segmentation_tvm_nodes/lidar_apollo_segmentation_tvm_node.hpp
[5.285s] -- Symlinking: /autoware/install/lidar_apollo_segmentation_tvm_nodes/include/lidar_apollo_segmentation_tvm_nodes/visibility_control.hpp
[5.297s] -- Symlinking: /autoware/install/lidar_apollo_segmentation_tvm_nodes/share/ament_index/resource_index/package_run_dependencies/lidar_apollo_segmentation_tvm_nodes
[5.309s] -- Symlinking: /autoware/install/lidar_apollo_segmentation_tvm_nodes/share/ament_index/resource_index/parent_prefix_path/lidar_apollo_segmentation_tvm_nodes
[5.321s] -- Symlinking: /autoware/install/lidar_apollo_segmentation_tvm_nodes/share/lidar_apollo_segmentation_tvm_nodes/environment/ament_prefix_path.sh
[5.331s] -- Symlinking: /autoware/install/lidar_apollo_segmentation_tvm_nodes/share/lidar_apollo_segmentation_tvm_nodes/environment/ament_prefix_path.dsv
[5.343s] -- Symlinking: /autoware/install/lidar_apollo_segmentation_tvm_nodes/share/lidar_apollo_segmentation_tvm_nodes/environment/path.sh
[5.353s] -- Symlinking: /autoware/install/lidar_apollo_segmentation_tvm_nodes/share/lidar_apollo_segmentation_tvm_nodes/environment/path.dsv
[5.364s] -- Symlinking: /autoware/install/lidar_apollo_segmentation_tvm_nodes/share/lidar_apollo_segmentation_tvm_nodes/local_setup.bash
[5.376s] -- Symlinking: /autoware/install/lidar_apollo_segmentation_tvm_nodes/share/lidar_apollo_segmentation_tvm_nodes/local_setup.sh
[5.388s] -- Symlinking: /autoware/install/lidar_apollo_segmentation_tvm_nodes/share/lidar_apollo_segmentation_tvm_nodes/local_setup.zsh
[5.401s] -- Symlinking: /autoware/install/lidar_apollo_segmentation_tvm_nodes/share/lidar_apollo_segmentation_tvm_nodes/local_setup.dsv
[5.412s] -- Symlinking: /autoware/install/lidar_apollo_segmentation_tvm_nodes/share/lidar_apollo_segmentation_tvm_nodes/package.dsv
[5.424s] -- Symlinking: /autoware/install/lidar_apollo_segmentation_tvm_nodes/share/ament_index/resource_index/packages/lidar_apollo_segmentation_tvm_nodes
[5.436s] -- Symlinking: /autoware/install/lidar_apollo_segmentation_tvm_nodes/share/lidar_apollo_segmentation_tvm_nodes/cmake/ament_cmake_export_dependencies-extras.cmake
[5.448s] -- Symlinking: /autoware/install/lidar_apollo_segmentation_tvm_nodes/share/lidar_apollo_segmentation_tvm_nodes/cmake/ament_cmake_export_include_directories-extras.cmake
[5.460s] -- Symlinking: /autoware/install/lidar_apollo_segmentation_tvm_nodes/share/lidar_apollo_segmentation_tvm_nodes/cmake/lidar_apollo_segmentation_tvm_nodesConfig.cmake
[5.472s] -- Symlinking: /autoware/install/lidar_apollo_segmentation_tvm_nodes/share/lidar_apollo_segmentation_tvm_nodes/cmake/lidar_apollo_segmentation_tvm_nodesConfig-version.cmake
[5.483s] -- Symlinking: /autoware/install/lidar_apollo_segmentation_tvm_nodes/share/lidar_apollo_segmentation_tvm_nodes/package.xml
[5.505s] Invoked command in '/autoware/build/lidar_apollo_segmentation_tvm_nodes' returned '0': AMENT_PREFIX_PATH=/autoware/install/lidar_apollo_segmentation_tvm:/autoware/install/autoware_auto_geometry:/autoware/install/autoware_auto_tf2:/autoware/install/tvm_utility:/autoware/install/tier4_perception_msgs:/autoware/install/autoware_auto_vehicle_msgs:/autoware/install/autoware_auto_common:/autoware/install/autoware_cmake:/autoware/install/autoware_auto_planning_msgs:/autoware/install/autoware_auto_perception_msgs:/autoware/install/autoware_lint_common:/autoware/install/autoware_auto_system_msgs:/autoware/install/autoware_auto_mapping_msgs:/autoware/install/autoware_auto_geometry_msgs:${AMENT_PREFIX_PATH} CMAKE_PREFIX_PATH=/autoware/install/lidar_apollo_segmentation_tvm:/autoware/install/autoware_auto_geometry:/autoware/install/autoware_auto_tf2:/autoware/install/tvm_utility:/autoware/install/tier4_perception_msgs:/autoware/install/autoware_auto_vehicle_msgs:/autoware/install/autoware_auto_common:/autoware/install/autoware_cmake:/autoware/install/autoware_auto_planning_msgs:/autoware/install/autoware_auto_perception_msgs:/autoware/install/autoware_lint_common:/autoware/install/autoware_auto_system_msgs:/autoware/install/autoware_auto_mapping_msgs:/autoware/install/autoware_auto_geometry_msgs:/opt/ros/humble LD_LIBRARY_PATH=/autoware/install/autoware_auto_geometry/lib:/autoware/install/tvm_utility/lib:/autoware/install/tier4_perception_msgs/lib:/autoware/install/autoware_auto_vehicle_msgs/lib:/autoware/install/autoware_auto_planning_msgs/lib:/autoware/install/autoware_auto_perception_msgs/lib:/autoware/install/autoware_auto_system_msgs/lib:/autoware/install/autoware_auto_mapping_msgs/lib:/autoware/install/autoware_auto_geometry_msgs/lib:${LD_LIBRARY_PATH} PYTHONPATH=/autoware/install/tier4_perception_msgs/local/lib/python3.10/dist-packages:/autoware/install/autoware_auto_vehicle_msgs/local/lib/python3.10/dist-packages:/autoware/install/autoware_auto_planning_msgs/local/lib/python3.10/dist-packages:/autoware/install/autoware_auto_perception_msgs/local/lib/python3.10/dist-packages:/autoware/install/autoware_auto_system_msgs/local/lib/python3.10/dist-packages:/autoware/install/autoware_auto_mapping_msgs/local/lib/python3.10/dist-packages:/autoware/install/autoware_auto_geometry_msgs/local/lib/python3.10/dist-packages:${PYTHONPATH} /usr/bin/cmake --install /autoware/build/lidar_apollo_segmentation_tvm_nodes
