[0.053s] Invoking command in '/autoware/build/system_error_monitor': AMENT_PREFIX_PATH=/autoware/install/tier4_autoware_utils:/autoware/install/autoware_auto_vehicle_msgs:/autoware/install/tier4_control_msgs:/autoware/install/autoware_auto_planning_msgs:/autoware/install/autoware_auto_perception_msgs:/autoware/install/tier4_debug_msgs:/autoware/install/autoware_common_msgs:/autoware/install/autoware_cmake:/autoware/install/autoware_auto_system_msgs:/autoware/install/autoware_auto_mapping_msgs:/autoware/install/autoware_auto_geometry_msgs:/autoware/install/autoware_lint_common:/autoware/install/ament_cmake_auto:${AMENT_PREFIX_PATH} CMAKE_PREFIX_PATH=/autoware/install/tier4_autoware_utils:/autoware/install/autoware_auto_vehicle_msgs:/autoware/install/tier4_control_msgs:/autoware/install/autoware_auto_planning_msgs:/autoware/install/autoware_auto_perception_msgs:/autoware/install/tier4_debug_msgs:/autoware/install/autoware_common_msgs:/autoware/install/autoware_cmake:/autoware/install/autoware_auto_system_msgs:/autoware/install/autoware_auto_mapping_msgs:/autoware/install/autoware_auto_geometry_msgs:/autoware/install/autoware_lint_common:/autoware/install/ament_cmake_auto:/opt/ros/humble LD_LIBRARY_PATH=/autoware/install/tier4_autoware_utils/lib:/autoware/install/autoware_auto_vehicle_msgs/lib:/autoware/install/tier4_control_msgs/lib:/autoware/install/autoware_auto_planning_msgs/lib:/autoware/install/autoware_auto_perception_msgs/lib:/autoware/install/tier4_debug_msgs/lib:/autoware/install/autoware_common_msgs/lib:/autoware/install/autoware_auto_system_msgs/lib:/autoware/install/autoware_auto_mapping_msgs/lib:/autoware/install/autoware_auto_geometry_msgs/lib:${LD_LIBRARY_PATH} PYTHONPATH=/autoware/install/autoware_auto_vehicle_msgs/local/lib/python3.10/dist-packages:/autoware/install/tier4_control_msgs/local/lib/python3.10/dist-packages:/autoware/install/autoware_auto_planning_msgs/local/lib/python3.10/dist-packages:/autoware/install/autoware_auto_perception_msgs/local/lib/python3.10/dist-packages:/autoware/install/tier4_debug_msgs/local/lib/python3.10/dist-packages:/autoware/install/autoware_common_msgs/local/lib/python3.10/dist-packages:/autoware/install/autoware_auto_system_msgs/local/lib/python3.10/dist-packages:/autoware/install/autoware_auto_mapping_msgs/local/lib/python3.10/dist-packages:/autoware/install/autoware_auto_geometry_msgs/local/lib/python3.10/dist-packages:${PYTHONPATH} /usr/bin/cmake --build /autoware/build/system_error_monitor -- -j64 -l64
[0.085s] -- Found autoware_cmake: 0.1.0 (/autoware/install/autoware_cmake/share/autoware_cmake/cmake)
[0.085s] -- Found ament_cmake_auto: 1.3.2 (/opt/ros/humble/share/ament_cmake_auto/cmake)
[0.239s] -- Override CMake install command with custom implementation using symlinks instead of copying resources
[0.351s] -- Found rosidl_generator_c: 3.1.3 (/opt/ros/humble/share/rosidl_generator_c/cmake)
[0.353s] -- Found rosidl_adapter: 3.1.3 (/opt/ros/humble/share/rosidl_adapter/cmake)
[0.359s] -- Found rosidl_generator_cpp: 3.1.3 (/opt/ros/humble/share/rosidl_generator_cpp/cmake)
[0.369s] -- Using all available rosidl_typesupport_c: rosidl_typesupport_fastrtps_c;rosidl_typesupport_introspection_c
[0.383s] -- Using all available rosidl_typesupport_cpp: rosidl_typesupport_fastrtps_cpp;rosidl_typesupport_introspection_cpp
[1.510s] -- Found rmw_implementation_cmake: 6.1.0 (/opt/ros/humble/share/rmw_implementation_cmake/cmake)
[1.512s] -- Found rmw_fastrtps_cpp: 6.2.1 (/opt/ros/humble/share/rmw_fastrtps_cpp/cmake)
[1.639s] -- Using RMW implementation 'rmw_fastrtps_cpp' as default
[2.205s] -- Found eigen3_cmake_module: 0.1.1 (/opt/ros/humble/share/eigen3_cmake_module/cmake)
[2.206s] -- Ensuring Eigen3 include directory is part of orocos-kdl CMake target
[2.725s] -- Found ament_lint_auto: 0.12.4 (/opt/ros/humble/share/ament_lint_auto/cmake)
[3.351s] -- Added test 'copyright' to check source files copyright and LICENSE
[3.353s] -- Added test 'cppcheck' to perform static code analysis on C / C++ code
[3.353s] -- Configured cppcheck include dirs: /autoware/src/universe/autoware.universe/system/system_error_monitor/include
[3.353s] -- Configured cppcheck exclude dirs and/or files: 
[3.354s] -- Added test 'lint_cmake' to check CMake code style
[3.354s] -- Added test 'xmllint' to check XML markup files
[3.358s] -- Configuring done
[3.415s] -- Generating done
[3.417s] -- Build files have been written to: /autoware/build/system_error_monitor
[3.456s] Consolidate compiler generated dependencies of target system_error_monitor
[3.474s] [ 33%] Building CXX object CMakeFiles/system_error_monitor.dir/src/system_error_monitor_node.cpp.o
[3.475s] [ 66%] Building CXX object CMakeFiles/system_error_monitor.dir/src/system_error_monitor_core.cpp.o
[33.374s] [100%] Linking CXX executable system_error_monitor
[33.696s] [100%] Built target system_error_monitor
[33.707s] Invoked command in '/autoware/build/system_error_monitor' returned '0': AMENT_PREFIX_PATH=/autoware/install/tier4_autoware_utils:/autoware/install/autoware_auto_vehicle_msgs:/autoware/install/tier4_control_msgs:/autoware/install/autoware_auto_planning_msgs:/autoware/install/autoware_auto_perception_msgs:/autoware/install/tier4_debug_msgs:/autoware/install/autoware_common_msgs:/autoware/install/autoware_cmake:/autoware/install/autoware_auto_system_msgs:/autoware/install/autoware_auto_mapping_msgs:/autoware/install/autoware_auto_geometry_msgs:/autoware/install/autoware_lint_common:/autoware/install/ament_cmake_auto:${AMENT_PREFIX_PATH} CMAKE_PREFIX_PATH=/autoware/install/tier4_autoware_utils:/autoware/install/autoware_auto_vehicle_msgs:/autoware/install/tier4_control_msgs:/autoware/install/autoware_auto_planning_msgs:/autoware/install/autoware_auto_perception_msgs:/autoware/install/tier4_debug_msgs:/autoware/install/autoware_common_msgs:/autoware/install/autoware_cmake:/autoware/install/autoware_auto_system_msgs:/autoware/install/autoware_auto_mapping_msgs:/autoware/install/autoware_auto_geometry_msgs:/autoware/install/autoware_lint_common:/autoware/install/ament_cmake_auto:/opt/ros/humble LD_LIBRARY_PATH=/autoware/install/tier4_autoware_utils/lib:/autoware/install/autoware_auto_vehicle_msgs/lib:/autoware/install/tier4_control_msgs/lib:/autoware/install/autoware_auto_planning_msgs/lib:/autoware/install/autoware_auto_perception_msgs/lib:/autoware/install/tier4_debug_msgs/lib:/autoware/install/autoware_common_msgs/lib:/autoware/install/autoware_auto_system_msgs/lib:/autoware/install/autoware_auto_mapping_msgs/lib:/autoware/install/autoware_auto_geometry_msgs/lib:${LD_LIBRARY_PATH} PYTHONPATH=/autoware/install/autoware_auto_vehicle_msgs/local/lib/python3.10/dist-packages:/autoware/install/tier4_control_msgs/local/lib/python3.10/dist-packages:/autoware/install/autoware_auto_planning_msgs/local/lib/python3.10/dist-packages:/autoware/install/autoware_auto_perception_msgs/local/lib/python3.10/dist-packages:/autoware/install/tier4_debug_msgs/local/lib/python3.10/dist-packages:/autoware/install/autoware_common_msgs/local/lib/python3.10/dist-packages:/autoware/install/autoware_auto_system_msgs/local/lib/python3.10/dist-packages:/autoware/install/autoware_auto_mapping_msgs/local/lib/python3.10/dist-packages:/autoware/install/autoware_auto_geometry_msgs/local/lib/python3.10/dist-packages:${PYTHONPATH} /usr/bin/cmake --build /autoware/build/system_error_monitor -- -j64 -l64
[33.727s] Invoking command in '/autoware/build/system_error_monitor': AMENT_PREFIX_PATH=/autoware/install/tier4_autoware_utils:/autoware/install/autoware_auto_vehicle_msgs:/autoware/install/tier4_control_msgs:/autoware/install/autoware_auto_planning_msgs:/autoware/install/autoware_auto_perception_msgs:/autoware/install/tier4_debug_msgs:/autoware/install/autoware_common_msgs:/autoware/install/autoware_cmake:/autoware/install/autoware_auto_system_msgs:/autoware/install/autoware_auto_mapping_msgs:/autoware/install/autoware_auto_geometry_msgs:/autoware/install/autoware_lint_common:/autoware/install/ament_cmake_auto:${AMENT_PREFIX_PATH} CMAKE_PREFIX_PATH=/autoware/install/tier4_autoware_utils:/autoware/install/autoware_auto_vehicle_msgs:/autoware/install/tier4_control_msgs:/autoware/install/autoware_auto_planning_msgs:/autoware/install/autoware_auto_perception_msgs:/autoware/install/tier4_debug_msgs:/autoware/install/autoware_common_msgs:/autoware/install/autoware_cmake:/autoware/install/autoware_auto_system_msgs:/autoware/install/autoware_auto_mapping_msgs:/autoware/install/autoware_auto_geometry_msgs:/autoware/install/autoware_lint_common:/autoware/install/ament_cmake_auto:/opt/ros/humble LD_LIBRARY_PATH=/autoware/install/tier4_autoware_utils/lib:/autoware/install/autoware_auto_vehicle_msgs/lib:/autoware/install/tier4_control_msgs/lib:/autoware/install/autoware_auto_planning_msgs/lib:/autoware/install/autoware_auto_perception_msgs/lib:/autoware/install/tier4_debug_msgs/lib:/autoware/install/autoware_common_msgs/lib:/autoware/install/autoware_auto_system_msgs/lib:/autoware/install/autoware_auto_mapping_msgs/lib:/autoware/install/autoware_auto_geometry_msgs/lib:${LD_LIBRARY_PATH} PYTHONPATH=/autoware/install/autoware_auto_vehicle_msgs/local/lib/python3.10/dist-packages:/autoware/install/tier4_control_msgs/local/lib/python3.10/dist-packages:/autoware/install/autoware_auto_planning_msgs/local/lib/python3.10/dist-packages:/autoware/install/autoware_auto_perception_msgs/local/lib/python3.10/dist-packages:/autoware/install/tier4_debug_msgs/local/lib/python3.10/dist-packages:/autoware/install/autoware_common_msgs/local/lib/python3.10/dist-packages:/autoware/install/autoware_auto_system_msgs/local/lib/python3.10/dist-packages:/autoware/install/autoware_auto_mapping_msgs/local/lib/python3.10/dist-packages:/autoware/install/autoware_auto_geometry_msgs/local/lib/python3.10/dist-packages:${PYTHONPATH} /usr/bin/cmake --install /autoware/build/system_error_monitor
[33.734s] -- Install configuration: "Release"
[33.734s] -- Execute custom install script
[33.735s] -- Up-to-date symlink: /autoware/install/system_error_monitor/include/system_error_monitor/diagnostics_filter.hpp
[33.735s] -- Up-to-date symlink: /autoware/install/system_error_monitor/include/system_error_monitor/system_error_monitor_core.hpp
[33.735s] -- Up-to-date symlink: /autoware/install/system_error_monitor/lib/system_error_monitor/system_error_monitor
[33.735s] -- Up-to-date symlink: /autoware/install/system_error_monitor/share/system_error_monitor/launch/system_error_monitor.launch.xml
[33.735s] -- Up-to-date symlink: /autoware/install/system_error_monitor/share/system_error_monitor/launch/system_error_monitor_node.launch.xml
[33.736s] -- Up-to-date symlink: /autoware/install/system_error_monitor/share/system_error_monitor/config/diagnostic_aggregator/_empty.param.yaml
[33.736s] -- Up-to-date symlink: /autoware/install/system_error_monitor/share/system_error_monitor/config/diagnostic_aggregator/control.param.yaml
[33.737s] -- Up-to-date symlink: /autoware/install/system_error_monitor/share/system_error_monitor/config/diagnostic_aggregator/localization.param.yaml
[33.737s] -- Up-to-date symlink: /autoware/install/system_error_monitor/share/system_error_monitor/config/diagnostic_aggregator/map.param.yaml
[33.737s] -- Up-to-date symlink: /autoware/install/system_error_monitor/share/system_error_monitor/config/diagnostic_aggregator/perception.param.yaml
[33.737s] -- Up-to-date symlink: /autoware/install/system_error_monitor/share/system_error_monitor/config/diagnostic_aggregator/planning.param.yaml
[33.738s] -- Up-to-date symlink: /autoware/install/system_error_monitor/share/system_error_monitor/config/diagnostic_aggregator/sensing.param.yaml
[33.738s] -- Up-to-date symlink: /autoware/install/system_error_monitor/share/system_error_monitor/config/diagnostic_aggregator/system.param.yaml
[33.738s] -- Up-to-date symlink: /autoware/install/system_error_monitor/share/system_error_monitor/config/diagnostic_aggregator/vehicle.param.yaml
[33.738s] -- Up-to-date symlink: /autoware/install/system_error_monitor/share/system_error_monitor/config/system_error_monitor.param.yaml
[33.738s] -- Up-to-date symlink: /autoware/install/system_error_monitor/share/system_error_monitor/config/system_error_monitor.planning_simulation.param.yaml
[33.738s] -- Up-to-date symlink: /autoware/install/system_error_monitor/share/ament_index/resource_index/package_run_dependencies/system_error_monitor
[33.738s] -- Up-to-date symlink: /autoware/install/system_error_monitor/share/ament_index/resource_index/parent_prefix_path/system_error_monitor
[33.738s] -- Up-to-date symlink: /autoware/install/system_error_monitor/share/system_error_monitor/environment/ament_prefix_path.sh
[33.738s] -- Up-to-date symlink: /autoware/install/system_error_monitor/share/system_error_monitor/environment/ament_prefix_path.dsv
[33.739s] -- Up-to-date symlink: /autoware/install/system_error_monitor/share/system_error_monitor/environment/path.sh
[33.739s] -- Up-to-date symlink: /autoware/install/system_error_monitor/share/system_error_monitor/environment/path.dsv
[33.739s] -- Up-to-date symlink: /autoware/install/system_error_monitor/share/system_error_monitor/local_setup.bash
[33.739s] -- Up-to-date symlink: /autoware/install/system_error_monitor/share/system_error_monitor/local_setup.sh
[33.739s] -- Up-to-date symlink: /autoware/install/system_error_monitor/share/system_error_monitor/local_setup.zsh
[33.739s] -- Up-to-date symlink: /autoware/install/system_error_monitor/share/system_error_monitor/local_setup.dsv
[33.739s] -- Symlinking: /autoware/install/system_error_monitor/share/system_error_monitor/package.dsv
[33.746s] -- Up-to-date symlink: /autoware/install/system_error_monitor/share/ament_index/resource_index/packages/system_error_monitor
[33.747s] -- Up-to-date symlink: /autoware/install/system_error_monitor/share/system_error_monitor/cmake/ament_cmake_export_dependencies-extras.cmake
[33.747s] -- Up-to-date symlink: /autoware/install/system_error_monitor/share/system_error_monitor/cmake/ament_cmake_export_include_directories-extras.cmake
[33.747s] -- Up-to-date symlink: /autoware/install/system_error_monitor/share/system_error_monitor/cmake/system_error_monitorConfig.cmake
[33.747s] -- Up-to-date symlink: /autoware/install/system_error_monitor/share/system_error_monitor/cmake/system_error_monitorConfig-version.cmake
[33.747s] -- Up-to-date symlink: /autoware/install/system_error_monitor/share/system_error_monitor/package.xml
[33.757s] Invoked command in '/autoware/build/system_error_monitor' returned '0': AMENT_PREFIX_PATH=/autoware/install/tier4_autoware_utils:/autoware/install/autoware_auto_vehicle_msgs:/autoware/install/tier4_control_msgs:/autoware/install/autoware_auto_planning_msgs:/autoware/install/autoware_auto_perception_msgs:/autoware/install/tier4_debug_msgs:/autoware/install/autoware_common_msgs:/autoware/install/autoware_cmake:/autoware/install/autoware_auto_system_msgs:/autoware/install/autoware_auto_mapping_msgs:/autoware/install/autoware_auto_geometry_msgs:/autoware/install/autoware_lint_common:/autoware/install/ament_cmake_auto:${AMENT_PREFIX_PATH} CMAKE_PREFIX_PATH=/autoware/install/tier4_autoware_utils:/autoware/install/autoware_auto_vehicle_msgs:/autoware/install/tier4_control_msgs:/autoware/install/autoware_auto_planning_msgs:/autoware/install/autoware_auto_perception_msgs:/autoware/install/tier4_debug_msgs:/autoware/install/autoware_common_msgs:/autoware/install/autoware_cmake:/autoware/install/autoware_auto_system_msgs:/autoware/install/autoware_auto_mapping_msgs:/autoware/install/autoware_auto_geometry_msgs:/autoware/install/autoware_lint_common:/autoware/install/ament_cmake_auto:/opt/ros/humble LD_LIBRARY_PATH=/autoware/install/tier4_autoware_utils/lib:/autoware/install/autoware_auto_vehicle_msgs/lib:/autoware/install/tier4_control_msgs/lib:/autoware/install/autoware_auto_planning_msgs/lib:/autoware/install/autoware_auto_perception_msgs/lib:/autoware/install/tier4_debug_msgs/lib:/autoware/install/autoware_common_msgs/lib:/autoware/install/autoware_auto_system_msgs/lib:/autoware/install/autoware_auto_mapping_msgs/lib:/autoware/install/autoware_auto_geometry_msgs/lib:${LD_LIBRARY_PATH} PYTHONPATH=/autoware/install/autoware_auto_vehicle_msgs/local/lib/python3.10/dist-packages:/autoware/install/tier4_control_msgs/local/lib/python3.10/dist-packages:/autoware/install/autoware_auto_planning_msgs/local/lib/python3.10/dist-packages:/autoware/install/autoware_auto_perception_msgs/local/lib/python3.10/dist-packages:/autoware/install/tier4_debug_msgs/local/lib/python3.10/dist-packages:/autoware/install/autoware_common_msgs/local/lib/python3.10/dist-packages:/autoware/install/autoware_auto_system_msgs/local/lib/python3.10/dist-packages:/autoware/install/autoware_auto_mapping_msgs/local/lib/python3.10/dist-packages:/autoware/install/autoware_auto_geometry_msgs/local/lib/python3.10/dist-packages:${PYTHONPATH} /usr/bin/cmake --install /autoware/build/system_error_monitor
