-- The C compiler identification is GNU 11.3.0
-- The CXX compiler identification is GNU 11.3.0
-- Detecting C compiler ABI info
-- Detecting C compiler ABI info - done
-- Check for working C compiler: /usr/bin/cc - skipped
-- Detecting C compile features
-- Detecting C compile features - done
-- Detecting CXX compiler ABI info
-- Detecting CXX compiler ABI info - done
-- Check for working CXX compiler: /usr/bin/c++ - skipped
-- Detecting CXX compile features
-- Detecting CXX compile features - done
-- Found autoware_cmake: 0.1.0 (/autoware/install/autoware_cmake/share/autoware_cmake/cmake)
-- Found Python3: /usr/bin/python3.10 (found version "3.10.6") found components: Interpreter 
-- Override CMake install command with custom implementation using symlinks instead of copying resources
-- Found rosidl_generator_c: 3.1.3 (/opt/ros/humble/share/rosidl_generator_c/cmake)
-- Found rosidl_adapter: 3.1.3 (/opt/ros/humble/share/rosidl_adapter/cmake)
-- Found rosidl_generator_cpp: 3.1.3 (/opt/ros/humble/share/rosidl_generator_cpp/cmake)
-- Using all available rosidl_typesupport_c: rosidl_typesupport_fastrtps_c;rosidl_typesupport_introspection_c
-- Using all available rosidl_typesupport_cpp: rosidl_typesupport_fastrtps_cpp;rosidl_typesupport_introspection_cpp
-- Found rmw_implementation_cmake: 6.1.0 (/opt/ros/humble/share/rmw_implementation_cmake/cmake)
-- Found rmw_fastrtps_cpp: 6.2.1 (/opt/ros/humble/share/rmw_fastrtps_cpp/cmake)
-- Found OpenSSL: /usr/lib/x86_64-linux-gnu/libcrypto.so (found version "3.0.2")  
-- Found FastRTPS: /opt/ros/humble/include  
-- Using RMW implementation 'rmw_fastrtps_cpp' as default
-- Found eigen3_cmake_module: 0.1.1 (/opt/ros/humble/share/eigen3_cmake_module/cmake)
-- Found Eigen3: TRUE (found version "3.4.0") 
-- Ensuring Eigen3 include directory is part of orocos-kdl CMake target
-- Found ament_lint_auto: 0.12.4 (/opt/ros/humble/share/ament_lint_auto/cmake)
-- Found gtest sources under '/opt/ros/humble/src/gtest_vendor': C++ tests using 'Google Test' will be built
-- Looking for pthread.h
-- Looking for pthread.h - found
-- Performing Test CMAKE_HAVE_LIBC_PTHREAD
-- Performing Test CMAKE_HAVE_LIBC_PTHREAD - Success
-- Found Threads: TRUE  
-- Found gtest sources under '/opt/ros/humble/src/gtest_vendor': C++ tests using 'Google Test' will be built
-- Found gtest sources under '/opt/ros/humble/src/gtest_vendor': C++ tests using 'Google Test' will be built
-- Found gtest sources under '/opt/ros/humble/src/gtest_vendor': C++ tests using 'Google Test' will be built
-- Added test 'copyright' to check source files copyright and LICENSE
-- Added test 'cppcheck' to perform static code analysis on C / C++ code
-- Configured cppcheck include dirs: /autoware/src/universe/autoware.universe/localization/ekf_localizer/include
-- Configured cppcheck exclude dirs and/or files: 
-- Added test 'lint_cmake' to check CMake code style
-- Added test 'xmllint' to check XML markup files
-- Configuring done
-- Generating done
-- Build files have been written to: /autoware/build/ekf_localizer
[  5%] Building CXX object gtest/CMakeFiles/gtest_main.dir/src/gtest_main.cc.o
[ 10%] Building CXX object CMakeFiles/ekf_localizer_lib.dir/src/covariance.cpp.o
[ 15%] Building CXX object CMakeFiles/ekf_localizer_lib.dir/src/mahalanobis.cpp.o
[ 20%] Building CXX object CMakeFiles/ekf_localizer_lib.dir/src/ekf_localizer.cpp.o
[ 25%] Building CXX object gtest/CMakeFiles/gtest.dir/src/gtest-all.cc.o
[ 35%] Building CXX object CMakeFiles/ekf_localizer_lib.dir/src/state_transition.cpp.o
[ 35%] Building CXX object CMakeFiles/ekf_localizer_lib.dir/src/measurement.cpp.o
[ 40%] Linking CXX static library libgtest_main.a
[ 40%] Built target gtest_main
[ 45%] Linking CXX static library libgtest.a
[ 45%] Built target gtest
[ 50%] Linking CXX shared library libekf_localizer_lib.so
[ 50%] Built target ekf_localizer_lib
[ 55%] Building CXX object CMakeFiles/test_state_transition.dir/test/test_state_transition.cpp.o
[ 60%] Building CXX object CMakeFiles/ekf_localizer.dir/src/ekf_localizer_node.cpp.o
[ 65%] Building CXX object CMakeFiles/test_mahalanobis.dir/test/test_mahalanobis.cpp.o
[ 70%] Building CXX object CMakeFiles/test_measurement.dir/test/test_measurement.cpp.o
[ 75%] Building CXX object CMakeFiles/test_numeric.dir/test/test_numeric.cpp.o
[ 80%] Linking CXX executable test_numeric
[ 85%] Linking CXX executable test_mahalanobis
[ 85%] Built target test_mahalanobis
[ 90%] Linking CXX executable test_state_transition
[ 95%] Linking CXX executable test_measurement
[ 95%] Built target test_state_transition
[ 95%] Built target test_measurement
[ 95%] Built target test_numeric
[100%] Linking CXX executable ekf_localizer
[100%] Built target ekf_localizer
-- Install configuration: "Release"
-- Execute custom install script
-- Symlinking: /autoware/install/ekf_localizer/include/ekf_localizer/covariance.hpp
-- Symlinking: /autoware/install/ekf_localizer/include/ekf_localizer/ekf_localizer.hpp
-- Symlinking: /autoware/install/ekf_localizer/include/ekf_localizer/hyper_parameters.hpp
-- Symlinking: /autoware/install/ekf_localizer/include/ekf_localizer/mahalanobis.hpp
-- Symlinking: /autoware/install/ekf_localizer/include/ekf_localizer/matrix_types.hpp
-- Symlinking: /autoware/install/ekf_localizer/include/ekf_localizer/measurement.hpp
-- Symlinking: /autoware/install/ekf_localizer/include/ekf_localizer/numeric.hpp
-- Symlinking: /autoware/install/ekf_localizer/include/ekf_localizer/state_index.hpp
-- Symlinking: /autoware/install/ekf_localizer/include/ekf_localizer/state_transition.hpp
-- Symlinking: /autoware/install/ekf_localizer/include/ekf_localizer/warning.hpp
-- Symlinking: /autoware/install/ekf_localizer/share/ekf_localizer/environment/library_path.sh
-- Symlinking: /autoware/install/ekf_localizer/share/ekf_localizer/environment/library_path.dsv
-- Symlinking: /autoware/install/ekf_localizer/lib/libekf_localizer_lib.so
-- Symlinking: /autoware/install/ekf_localizer/lib/ekf_localizer/ekf_localizer
-- Symlinking: /autoware/install/ekf_localizer/share/ekf_localizer/launch/ekf_localizer.launch.xml
-- Symlinking: /autoware/install/ekf_localizer/share/ament_index/resource_index/package_run_dependencies/ekf_localizer
-- Symlinking: /autoware/install/ekf_localizer/share/ament_index/resource_index/parent_prefix_path/ekf_localizer
-- Symlinking: /autoware/install/ekf_localizer/share/ekf_localizer/environment/ament_prefix_path.sh
-- Symlinking: /autoware/install/ekf_localizer/share/ekf_localizer/environment/ament_prefix_path.dsv
-- Symlinking: /autoware/install/ekf_localizer/share/ekf_localizer/environment/path.sh
-- Symlinking: /autoware/install/ekf_localizer/share/ekf_localizer/environment/path.dsv
-- Symlinking: /autoware/install/ekf_localizer/share/ekf_localizer/local_setup.bash
-- Symlinking: /autoware/install/ekf_localizer/share/ekf_localizer/local_setup.sh
-- Symlinking: /autoware/install/ekf_localizer/share/ekf_localizer/local_setup.zsh
-- Symlinking: /autoware/install/ekf_localizer/share/ekf_localizer/local_setup.dsv
-- Symlinking: /autoware/install/ekf_localizer/share/ekf_localizer/package.dsv
-- Symlinking: /autoware/install/ekf_localizer/share/ament_index/resource_index/packages/ekf_localizer
-- Symlinking: /autoware/install/ekf_localizer/share/ekf_localizer/cmake/ament_cmake_export_dependencies-extras.cmake
-- Symlinking: /autoware/install/ekf_localizer/share/ekf_localizer/cmake/ament_cmake_export_include_directories-extras.cmake
-- Symlinking: /autoware/install/ekf_localizer/share/ekf_localizer/cmake/ament_cmake_export_libraries-extras.cmake
-- Symlinking: /autoware/install/ekf_localizer/share/ekf_localizer/cmake/ekf_localizerConfig.cmake
-- Symlinking: /autoware/install/ekf_localizer/share/ekf_localizer/cmake/ekf_localizerConfig-version.cmake
-- Symlinking: /autoware/install/ekf_localizer/share/ekf_localizer/package.xml
