[0.032s] Invoking command in '/autoware/build/ekf_localizer': AMENT_PREFIX_PATH=/autoware/install/tier4_autoware_utils:/autoware/install/kalman_filter:/autoware/install/autoware_auto_vehicle_msgs:/autoware/install/autoware_cmake:/autoware/install/autoware_auto_planning_msgs:/autoware/install/autoware_auto_perception_msgs:/autoware/install/tier4_debug_msgs:/autoware/install/autoware_lint_common:/autoware/install/autoware_auto_mapping_msgs:/autoware/install/autoware_auto_geometry_msgs:${AMENT_PREFIX_PATH} CMAKE_PREFIX_PATH=/autoware/install/tier4_autoware_utils:/autoware/install/kalman_filter:/autoware/install/autoware_auto_vehicle_msgs:/autoware/install/autoware_cmake:/autoware/install/autoware_auto_planning_msgs:/autoware/install/autoware_auto_perception_msgs:/autoware/install/tier4_debug_msgs:/autoware/install/autoware_lint_common:/autoware/install/autoware_auto_mapping_msgs:/autoware/install/autoware_auto_geometry_msgs:/opt/ros/humble LD_LIBRARY_PATH=/autoware/install/tier4_autoware_utils/lib:/autoware/install/kalman_filter/lib:/autoware/install/autoware_auto_vehicle_msgs/lib:/autoware/install/autoware_auto_planning_msgs/lib:/autoware/install/autoware_auto_perception_msgs/lib:/autoware/install/tier4_debug_msgs/lib:/autoware/install/autoware_auto_mapping_msgs/lib:/autoware/install/autoware_auto_geometry_msgs/lib:${LD_LIBRARY_PATH} PYTHONPATH=/autoware/install/autoware_auto_vehicle_msgs/local/lib/python3.10/dist-packages:/autoware/install/autoware_auto_planning_msgs/local/lib/python3.10/dist-packages:/autoware/install/autoware_auto_perception_msgs/local/lib/python3.10/dist-packages:/autoware/install/tier4_debug_msgs/local/lib/python3.10/dist-packages:/autoware/install/autoware_auto_mapping_msgs/local/lib/python3.10/dist-packages:/autoware/install/autoware_auto_geometry_msgs/local/lib/python3.10/dist-packages:${PYTHONPATH} /usr/bin/cmake /autoware/src/universe/autoware.universe/localization/ekf_localizer -DCMAKE_BUILD_TYPE=Release -DAMENT_CMAKE_SYMLINK_INSTALL=1 -DCMAKE_INSTALL_PREFIX=/autoware/install/ekf_localizer
[0.104s] -- The C compiler identification is GNU 11.3.0
[0.175s] -- The CXX compiler identification is GNU 11.3.0
[0.184s] -- Detecting C compiler ABI info
[0.258s] -- Detecting C compiler ABI info - done
[0.271s] -- Check for working C compiler: /usr/bin/cc - skipped
[0.272s] -- Detecting C compile features
[0.272s] -- Detecting C compile features - done
[0.277s] -- Detecting CXX compiler ABI info
[0.347s] -- Detecting CXX compiler ABI info - done
[0.360s] -- Check for working CXX compiler: /usr/bin/c++ - skipped
[0.360s] -- Detecting CXX compile features
[0.361s] -- Detecting CXX compile features - done
[0.363s] -- Found autoware_cmake: 0.1.0 (/autoware/install/autoware_cmake/share/autoware_cmake/cmake)
[0.561s] -- Found Python3: /usr/bin/python3.10 (found version "3.10.6") found components: Interpreter 
[0.629s] -- Override CMake install command with custom implementation using symlinks instead of copying resources
[0.848s] -- Found rosidl_generator_c: 3.1.3 (/opt/ros/humble/share/rosidl_generator_c/cmake)
[0.848s] -- Found rosidl_adapter: 3.1.3 (/opt/ros/humble/share/rosidl_adapter/cmake)
[0.848s] -- Found rosidl_generator_cpp: 3.1.3 (/opt/ros/humble/share/rosidl_generator_cpp/cmake)
[0.859s] -- Using all available rosidl_typesupport_c: rosidl_typesupport_fastrtps_c;rosidl_typesupport_introspection_c
[0.924s] -- Using all available rosidl_typesupport_cpp: rosidl_typesupport_fastrtps_cpp;rosidl_typesupport_introspection_cpp
[1.196s] -- Found rmw_implementation_cmake: 6.1.0 (/opt/ros/humble/share/rmw_implementation_cmake/cmake)
[1.200s] -- Found rmw_fastrtps_cpp: 6.2.1 (/opt/ros/humble/share/rmw_fastrtps_cpp/cmake)
[1.292s] -- Found OpenSSL: /usr/lib/x86_64-linux-gnu/libcrypto.so (found version "3.0.2")  
[1.320s] -- Found FastRTPS: /opt/ros/humble/include  
[1.380s] -- Using RMW implementation 'rmw_fastrtps_cpp' as default
[3.702s] -- Found eigen3_cmake_module: 0.1.1 (/opt/ros/humble/share/eigen3_cmake_module/cmake)
[3.704s] -- Found Eigen3: TRUE (found version "3.4.0") 
[3.704s] -- Ensuring Eigen3 include directory is part of orocos-kdl CMake target
[3.994s] -- Found ament_lint_auto: 0.12.4 (/opt/ros/humble/share/ament_lint_auto/cmake)
[7.789s] -- Found gtest sources under '/opt/ros/humble/src/gtest_vendor': C++ tests using 'Google Test' will be built
[7.792s] -- Looking for pthread.h
[7.874s] -- Looking for pthread.h - found
[7.874s] -- Performing Test CMAKE_HAVE_LIBC_PTHREAD
[7.953s] -- Performing Test CMAKE_HAVE_LIBC_PTHREAD - Success
[7.954s] -- Found Threads: TRUE  
[9.116s] -- Found gtest sources under '/opt/ros/humble/src/gtest_vendor': C++ tests using 'Google Test' will be built
[10.248s] -- Found gtest sources under '/opt/ros/humble/src/gtest_vendor': C++ tests using 'Google Test' will be built
[11.370s] -- Found gtest sources under '/opt/ros/humble/src/gtest_vendor': C++ tests using 'Google Test' will be built
[12.557s] -- Added test 'copyright' to check source files copyright and LICENSE
[12.562s] -- Added test 'cppcheck' to perform static code analysis on C / C++ code
[12.563s] -- Configured cppcheck include dirs: /autoware/src/universe/autoware.universe/localization/ekf_localizer/include
[12.563s] -- Configured cppcheck exclude dirs and/or files: 
[12.565s] -- Added test 'lint_cmake' to check CMake code style
[12.566s] -- Added test 'xmllint' to check XML markup files
[12.570s] -- Configuring done
[12.882s] -- Generating done
[12.885s] -- Build files have been written to: /autoware/build/ekf_localizer
[12.900s] Invoked command in '/autoware/build/ekf_localizer' returned '0': AMENT_PREFIX_PATH=/autoware/install/tier4_autoware_utils:/autoware/install/kalman_filter:/autoware/install/autoware_auto_vehicle_msgs:/autoware/install/autoware_cmake:/autoware/install/autoware_auto_planning_msgs:/autoware/install/autoware_auto_perception_msgs:/autoware/install/tier4_debug_msgs:/autoware/install/autoware_lint_common:/autoware/install/autoware_auto_mapping_msgs:/autoware/install/autoware_auto_geometry_msgs:${AMENT_PREFIX_PATH} CMAKE_PREFIX_PATH=/autoware/install/tier4_autoware_utils:/autoware/install/kalman_filter:/autoware/install/autoware_auto_vehicle_msgs:/autoware/install/autoware_cmake:/autoware/install/autoware_auto_planning_msgs:/autoware/install/autoware_auto_perception_msgs:/autoware/install/tier4_debug_msgs:/autoware/install/autoware_lint_common:/autoware/install/autoware_auto_mapping_msgs:/autoware/install/autoware_auto_geometry_msgs:/opt/ros/humble LD_LIBRARY_PATH=/autoware/install/tier4_autoware_utils/lib:/autoware/install/kalman_filter/lib:/autoware/install/autoware_auto_vehicle_msgs/lib:/autoware/install/autoware_auto_planning_msgs/lib:/autoware/install/autoware_auto_perception_msgs/lib:/autoware/install/tier4_debug_msgs/lib:/autoware/install/autoware_auto_mapping_msgs/lib:/autoware/install/autoware_auto_geometry_msgs/lib:${LD_LIBRARY_PATH} PYTHONPATH=/autoware/install/autoware_auto_vehicle_msgs/local/lib/python3.10/dist-packages:/autoware/install/autoware_auto_planning_msgs/local/lib/python3.10/dist-packages:/autoware/install/autoware_auto_perception_msgs/local/lib/python3.10/dist-packages:/autoware/install/tier4_debug_msgs/local/lib/python3.10/dist-packages:/autoware/install/autoware_auto_mapping_msgs/local/lib/python3.10/dist-packages:/autoware/install/autoware_auto_geometry_msgs/local/lib/python3.10/dist-packages:${PYTHONPATH} /usr/bin/cmake /autoware/src/universe/autoware.universe/localization/ekf_localizer -DCMAKE_BUILD_TYPE=Release -DAMENT_CMAKE_SYMLINK_INSTALL=1 -DCMAKE_INSTALL_PREFIX=/autoware/install/ekf_localizer
[12.901s] Invoking command in '/autoware/build/ekf_localizer': AMENT_PREFIX_PATH=/autoware/install/tier4_autoware_utils:/autoware/install/kalman_filter:/autoware/install/autoware_auto_vehicle_msgs:/autoware/install/autoware_cmake:/autoware/install/autoware_auto_planning_msgs:/autoware/install/autoware_auto_perception_msgs:/autoware/install/tier4_debug_msgs:/autoware/install/autoware_lint_common:/autoware/install/autoware_auto_mapping_msgs:/autoware/install/autoware_auto_geometry_msgs:${AMENT_PREFIX_PATH} CMAKE_PREFIX_PATH=/autoware/install/tier4_autoware_utils:/autoware/install/kalman_filter:/autoware/install/autoware_auto_vehicle_msgs:/autoware/install/autoware_cmake:/autoware/install/autoware_auto_planning_msgs:/autoware/install/autoware_auto_perception_msgs:/autoware/install/tier4_debug_msgs:/autoware/install/autoware_lint_common:/autoware/install/autoware_auto_mapping_msgs:/autoware/install/autoware_auto_geometry_msgs:/opt/ros/humble LD_LIBRARY_PATH=/autoware/install/tier4_autoware_utils/lib:/autoware/install/kalman_filter/lib:/autoware/install/autoware_auto_vehicle_msgs/lib:/autoware/install/autoware_auto_planning_msgs/lib:/autoware/install/autoware_auto_perception_msgs/lib:/autoware/install/tier4_debug_msgs/lib:/autoware/install/autoware_auto_mapping_msgs/lib:/autoware/install/autoware_auto_geometry_msgs/lib:${LD_LIBRARY_PATH} PYTHONPATH=/autoware/install/autoware_auto_vehicle_msgs/local/lib/python3.10/dist-packages:/autoware/install/autoware_auto_planning_msgs/local/lib/python3.10/dist-packages:/autoware/install/autoware_auto_perception_msgs/local/lib/python3.10/dist-packages:/autoware/install/tier4_debug_msgs/local/lib/python3.10/dist-packages:/autoware/install/autoware_auto_mapping_msgs/local/lib/python3.10/dist-packages:/autoware/install/autoware_auto_geometry_msgs/local/lib/python3.10/dist-packages:${PYTHONPATH} /usr/bin/cmake --build /autoware/build/ekf_localizer -- -j64 -l64
[12.965s] [  5%] Building CXX object gtest/CMakeFiles/gtest_main.dir/src/gtest_main.cc.o
[12.973s] [ 10%] Building CXX object CMakeFiles/ekf_localizer_lib.dir/src/covariance.cpp.o
[12.976s] [ 15%] Building CXX object CMakeFiles/ekf_localizer_lib.dir/src/mahalanobis.cpp.o
[12.977s] [ 20%] Building CXX object CMakeFiles/ekf_localizer_lib.dir/src/ekf_localizer.cpp.o
[12.977s] [ 25%] Building CXX object gtest/CMakeFiles/gtest.dir/src/gtest-all.cc.o
[12.978s] [ 35%] Building CXX object CMakeFiles/ekf_localizer_lib.dir/src/state_transition.cpp.o
[12.978s] [ 35%] Building CXX object CMakeFiles/ekf_localizer_lib.dir/src/measurement.cpp.o
[13.958s] [ 40%] Linking CXX static library libgtest_main.a
[13.994s] [ 40%] Built target gtest_main
[21.761s] [ 45%] Linking CXX static library libgtest.a
[21.793s] [ 45%] Built target gtest
[38.425s] [ 50%] Linking CXX shared library libekf_localizer_lib.so
[38.872s] [ 50%] Built target ekf_localizer_lib
[38.909s] [ 55%] Building CXX object CMakeFiles/test_state_transition.dir/test/test_state_transition.cpp.o
[38.909s] [ 60%] Building CXX object CMakeFiles/ekf_localizer.dir/src/ekf_localizer_node.cpp.o
[38.911s] [ 65%] Building CXX object CMakeFiles/test_mahalanobis.dir/test/test_mahalanobis.cpp.o
[38.912s] [ 70%] Building CXX object CMakeFiles/test_measurement.dir/test/test_measurement.cpp.o
[38.916s] [ 75%] Building CXX object CMakeFiles/test_numeric.dir/test/test_numeric.cpp.o
[41.746s] [ 80%] Linking CXX executable test_numeric
[41.966s] [ 85%] Linking CXX executable test_mahalanobis
[42.331s] [ 85%] Built target test_mahalanobis
[42.335s] [ 90%] Linking CXX executable test_state_transition
[42.497s] [ 95%] Linking CXX executable test_measurement
[42.645s] [ 95%] Built target test_state_transition
[42.657s] [ 95%] Built target test_measurement
[43.134s] [ 95%] Built target test_numeric
[48.923s] [100%] Linking CXX executable ekf_localizer
[49.174s] [100%] Built target ekf_localizer
[49.185s] Invoked command in '/autoware/build/ekf_localizer' returned '0': AMENT_PREFIX_PATH=/autoware/install/tier4_autoware_utils:/autoware/install/kalman_filter:/autoware/install/autoware_auto_vehicle_msgs:/autoware/install/autoware_cmake:/autoware/install/autoware_auto_planning_msgs:/autoware/install/autoware_auto_perception_msgs:/autoware/install/tier4_debug_msgs:/autoware/install/autoware_lint_common:/autoware/install/autoware_auto_mapping_msgs:/autoware/install/autoware_auto_geometry_msgs:${AMENT_PREFIX_PATH} CMAKE_PREFIX_PATH=/autoware/install/tier4_autoware_utils:/autoware/install/kalman_filter:/autoware/install/autoware_auto_vehicle_msgs:/autoware/install/autoware_cmake:/autoware/install/autoware_auto_planning_msgs:/autoware/install/autoware_auto_perception_msgs:/autoware/install/tier4_debug_msgs:/autoware/install/autoware_lint_common:/autoware/install/autoware_auto_mapping_msgs:/autoware/install/autoware_auto_geometry_msgs:/opt/ros/humble LD_LIBRARY_PATH=/autoware/install/tier4_autoware_utils/lib:/autoware/install/kalman_filter/lib:/autoware/install/autoware_auto_vehicle_msgs/lib:/autoware/install/autoware_auto_planning_msgs/lib:/autoware/install/autoware_auto_perception_msgs/lib:/autoware/install/tier4_debug_msgs/lib:/autoware/install/autoware_auto_mapping_msgs/lib:/autoware/install/autoware_auto_geometry_msgs/lib:${LD_LIBRARY_PATH} PYTHONPATH=/autoware/install/autoware_auto_vehicle_msgs/local/lib/python3.10/dist-packages:/autoware/install/autoware_auto_planning_msgs/local/lib/python3.10/dist-packages:/autoware/install/autoware_auto_perception_msgs/local/lib/python3.10/dist-packages:/autoware/install/tier4_debug_msgs/local/lib/python3.10/dist-packages:/autoware/install/autoware_auto_mapping_msgs/local/lib/python3.10/dist-packages:/autoware/install/autoware_auto_geometry_msgs/local/lib/python3.10/dist-packages:${PYTHONPATH} /usr/bin/cmake --build /autoware/build/ekf_localizer -- -j64 -l64
[49.232s] Invoking command in '/autoware/build/ekf_localizer': AMENT_PREFIX_PATH=/autoware/install/tier4_autoware_utils:/autoware/install/kalman_filter:/autoware/install/autoware_auto_vehicle_msgs:/autoware/install/autoware_cmake:/autoware/install/autoware_auto_planning_msgs:/autoware/install/autoware_auto_perception_msgs:/autoware/install/tier4_debug_msgs:/autoware/install/autoware_lint_common:/autoware/install/autoware_auto_mapping_msgs:/autoware/install/autoware_auto_geometry_msgs:${AMENT_PREFIX_PATH} CMAKE_PREFIX_PATH=/autoware/install/tier4_autoware_utils:/autoware/install/kalman_filter:/autoware/install/autoware_auto_vehicle_msgs:/autoware/install/autoware_cmake:/autoware/install/autoware_auto_planning_msgs:/autoware/install/autoware_auto_perception_msgs:/autoware/install/tier4_debug_msgs:/autoware/install/autoware_lint_common:/autoware/install/autoware_auto_mapping_msgs:/autoware/install/autoware_auto_geometry_msgs:/opt/ros/humble LD_LIBRARY_PATH=/autoware/install/tier4_autoware_utils/lib:/autoware/install/kalman_filter/lib:/autoware/install/autoware_auto_vehicle_msgs/lib:/autoware/install/autoware_auto_planning_msgs/lib:/autoware/install/autoware_auto_perception_msgs/lib:/autoware/install/tier4_debug_msgs/lib:/autoware/install/autoware_auto_mapping_msgs/lib:/autoware/install/autoware_auto_geometry_msgs/lib:${LD_LIBRARY_PATH} PYTHONPATH=/autoware/install/autoware_auto_vehicle_msgs/local/lib/python3.10/dist-packages:/autoware/install/autoware_auto_planning_msgs/local/lib/python3.10/dist-packages:/autoware/install/autoware_auto_perception_msgs/local/lib/python3.10/dist-packages:/autoware/install/tier4_debug_msgs/local/lib/python3.10/dist-packages:/autoware/install/autoware_auto_mapping_msgs/local/lib/python3.10/dist-packages:/autoware/install/autoware_auto_geometry_msgs/local/lib/python3.10/dist-packages:${PYTHONPATH} /usr/bin/cmake --install /autoware/build/ekf_localizer
[49.239s] -- Install configuration: "Release"
[49.240s] -- Execute custom install script
[49.241s] -- Symlinking: /autoware/install/ekf_localizer/include/ekf_localizer/covariance.hpp
[49.255s] -- Symlinking: /autoware/install/ekf_localizer/include/ekf_localizer/ekf_localizer.hpp
[49.267s] -- Symlinking: /autoware/install/ekf_localizer/include/ekf_localizer/hyper_parameters.hpp
[49.277s] -- Symlinking: /autoware/install/ekf_localizer/include/ekf_localizer/mahalanobis.hpp
[49.289s] -- Symlinking: /autoware/install/ekf_localizer/include/ekf_localizer/matrix_types.hpp
[49.302s] -- Symlinking: /autoware/install/ekf_localizer/include/ekf_localizer/measurement.hpp
[49.310s] -- Symlinking: /autoware/install/ekf_localizer/include/ekf_localizer/numeric.hpp
[49.318s] -- Symlinking: /autoware/install/ekf_localizer/include/ekf_localizer/state_index.hpp
[49.324s] -- Symlinking: /autoware/install/ekf_localizer/include/ekf_localizer/state_transition.hpp
[49.335s] -- Symlinking: /autoware/install/ekf_localizer/include/ekf_localizer/warning.hpp
[49.347s] -- Symlinking: /autoware/install/ekf_localizer/share/ekf_localizer/environment/library_path.sh
[49.361s] -- Symlinking: /autoware/install/ekf_localizer/share/ekf_localizer/environment/library_path.dsv
[49.373s] -- Symlinking: /autoware/install/ekf_localizer/lib/libekf_localizer_lib.so
[49.382s] -- Symlinking: /autoware/install/ekf_localizer/lib/ekf_localizer/ekf_localizer
[49.389s] -- Symlinking: /autoware/install/ekf_localizer/share/ekf_localizer/launch/ekf_localizer.launch.xml
[49.396s] -- Symlinking: /autoware/install/ekf_localizer/share/ament_index/resource_index/package_run_dependencies/ekf_localizer
[49.407s] -- Symlinking: /autoware/install/ekf_localizer/share/ament_index/resource_index/parent_prefix_path/ekf_localizer
[49.414s] -- Symlinking: /autoware/install/ekf_localizer/share/ekf_localizer/environment/ament_prefix_path.sh
[49.421s] -- Symlinking: /autoware/install/ekf_localizer/share/ekf_localizer/environment/ament_prefix_path.dsv
[49.427s] -- Symlinking: /autoware/install/ekf_localizer/share/ekf_localizer/environment/path.sh
[49.434s] -- Symlinking: /autoware/install/ekf_localizer/share/ekf_localizer/environment/path.dsv
[49.441s] -- Symlinking: /autoware/install/ekf_localizer/share/ekf_localizer/local_setup.bash
[49.448s] -- Symlinking: /autoware/install/ekf_localizer/share/ekf_localizer/local_setup.sh
[49.455s] -- Symlinking: /autoware/install/ekf_localizer/share/ekf_localizer/local_setup.zsh
[49.462s] -- Symlinking: /autoware/install/ekf_localizer/share/ekf_localizer/local_setup.dsv
[49.473s] -- Symlinking: /autoware/install/ekf_localizer/share/ekf_localizer/package.dsv
[49.482s] -- Symlinking: /autoware/install/ekf_localizer/share/ament_index/resource_index/packages/ekf_localizer
[49.489s] -- Symlinking: /autoware/install/ekf_localizer/share/ekf_localizer/cmake/ament_cmake_export_dependencies-extras.cmake
[49.500s] -- Symlinking: /autoware/install/ekf_localizer/share/ekf_localizer/cmake/ament_cmake_export_include_directories-extras.cmake
[49.511s] -- Symlinking: /autoware/install/ekf_localizer/share/ekf_localizer/cmake/ament_cmake_export_libraries-extras.cmake
[49.520s] -- Symlinking: /autoware/install/ekf_localizer/share/ekf_localizer/cmake/ekf_localizerConfig.cmake
[49.527s] -- Symlinking: /autoware/install/ekf_localizer/share/ekf_localizer/cmake/ekf_localizerConfig-version.cmake
[49.535s] -- Symlinking: /autoware/install/ekf_localizer/share/ekf_localizer/package.xml
[49.551s] Invoked command in '/autoware/build/ekf_localizer' returned '0': AMENT_PREFIX_PATH=/autoware/install/tier4_autoware_utils:/autoware/install/kalman_filter:/autoware/install/autoware_auto_vehicle_msgs:/autoware/install/autoware_cmake:/autoware/install/autoware_auto_planning_msgs:/autoware/install/autoware_auto_perception_msgs:/autoware/install/tier4_debug_msgs:/autoware/install/autoware_lint_common:/autoware/install/autoware_auto_mapping_msgs:/autoware/install/autoware_auto_geometry_msgs:${AMENT_PREFIX_PATH} CMAKE_PREFIX_PATH=/autoware/install/tier4_autoware_utils:/autoware/install/kalman_filter:/autoware/install/autoware_auto_vehicle_msgs:/autoware/install/autoware_cmake:/autoware/install/autoware_auto_planning_msgs:/autoware/install/autoware_auto_perception_msgs:/autoware/install/tier4_debug_msgs:/autoware/install/autoware_lint_common:/autoware/install/autoware_auto_mapping_msgs:/autoware/install/autoware_auto_geometry_msgs:/opt/ros/humble LD_LIBRARY_PATH=/autoware/install/tier4_autoware_utils/lib:/autoware/install/kalman_filter/lib:/autoware/install/autoware_auto_vehicle_msgs/lib:/autoware/install/autoware_auto_planning_msgs/lib:/autoware/install/autoware_auto_perception_msgs/lib:/autoware/install/tier4_debug_msgs/lib:/autoware/install/autoware_auto_mapping_msgs/lib:/autoware/install/autoware_auto_geometry_msgs/lib:${LD_LIBRARY_PATH} PYTHONPATH=/autoware/install/autoware_auto_vehicle_msgs/local/lib/python3.10/dist-packages:/autoware/install/autoware_auto_planning_msgs/local/lib/python3.10/dist-packages:/autoware/install/autoware_auto_perception_msgs/local/lib/python3.10/dist-packages:/autoware/install/tier4_debug_msgs/local/lib/python3.10/dist-packages:/autoware/install/autoware_auto_mapping_msgs/local/lib/python3.10/dist-packages:/autoware/install/autoware_auto_geometry_msgs/local/lib/python3.10/dist-packages:${PYTHONPATH} /usr/bin/cmake --install /autoware/build/ekf_localizer
