[0.065s] Invoking command in '/autoware/build/osqp_interface': AMENT_PREFIX_PATH=/autoware/install/autoware_cmake:/autoware/install/autoware_lint_common:/autoware/install/ament_cmake_auto:${AMENT_PREFIX_PATH} CMAKE_PREFIX_PATH=/autoware/install/autoware_cmake:/autoware/install/autoware_lint_common:/autoware/install/ament_cmake_auto:/opt/ros/humble /usr/bin/cmake --build /autoware/build/osqp_interface -- -j64 -l64
[0.113s] -- Found autoware_cmake: 0.1.0 (/autoware/install/autoware_cmake/share/autoware_cmake/cmake)
[0.114s] -- Found ament_cmake_auto: 1.3.2 (/opt/ros/humble/share/ament_cmake_auto/cmake)
[0.473s] -- Override CMake install command with custom implementation using symlinks instead of copying resources
[0.481s] -- Found rosidl_generator_c: 3.1.3 (/opt/ros/humble/share/rosidl_generator_c/cmake)
[0.481s] -- Found rosidl_adapter: 3.1.3 (/opt/ros/humble/share/rosidl_adapter/cmake)
[0.502s] -- Found rosidl_generator_cpp: 3.1.3 (/opt/ros/humble/share/rosidl_generator_cpp/cmake)
[0.508s] -- Using all available rosidl_typesupport_c: rosidl_typesupport_fastrtps_c;rosidl_typesupport_introspection_c
[0.513s] -- Using all available rosidl_typesupport_cpp: rosidl_typesupport_fastrtps_cpp;rosidl_typesupport_introspection_cpp
[0.596s] -- Found rmw_implementation_cmake: 6.1.0 (/opt/ros/humble/share/rmw_implementation_cmake/cmake)
[0.596s] -- Found rmw_fastrtps_cpp: 6.2.1 (/opt/ros/humble/share/rmw_fastrtps_cpp/cmake)
[0.601s] -- Using RMW implementation 'rmw_fastrtps_cpp' as default
[1.003s] -- Found ament_lint_auto: 0.12.4 (/opt/ros/humble/share/ament_lint_auto/cmake)
[1.003s] -- Found gtest sources under '/opt/ros/humble/src/gtest_vendor': C++ tests using 'Google Test' will be built
[1.003s] -- Added test 'copyright' to check source files copyright and LICENSE
[1.004s] -- Added test 'cppcheck' to perform static code analysis on C / C++ code
[1.004s] -- Configured cppcheck include dirs: /autoware/src/universe/autoware.universe/common/osqp_interface/include
[1.004s] -- Configured cppcheck exclude dirs and/or files: 
[1.004s] -- Added test 'lint_cmake' to check CMake code style
[1.008s] -- Added test 'xmllint' to check XML markup files
[1.008s] -- Configuring done
[1.008s] -- Generating done
[1.008s] -- Build files have been written to: /autoware/build/osqp_interface
[1.008s] Consolidate compiler generated dependencies of target gtest_main
[1.008s] Consolidate compiler generated dependencies of target gtest
[1.009s] Consolidate compiler generated dependencies of target osqp_interface
[1.009s] [ 20%] Built target gtest_main
[1.009s] [ 40%] Built target gtest
[1.009s] [ 70%] Built target osqp_interface
[1.009s] Consolidate compiler generated dependencies of target test_osqp_interface
[1.009s] [100%] Built target test_osqp_interface
[1.144s] Invoked command in '/autoware/build/osqp_interface' returned '0': AMENT_PREFIX_PATH=/autoware/install/autoware_cmake:/autoware/install/autoware_lint_common:/autoware/install/ament_cmake_auto:${AMENT_PREFIX_PATH} CMAKE_PREFIX_PATH=/autoware/install/autoware_cmake:/autoware/install/autoware_lint_common:/autoware/install/ament_cmake_auto:/opt/ros/humble /usr/bin/cmake --build /autoware/build/osqp_interface -- -j64 -l64
[1.330s] Invoking command in '/autoware/build/osqp_interface': AMENT_PREFIX_PATH=/autoware/install/autoware_cmake:/autoware/install/autoware_lint_common:/autoware/install/ament_cmake_auto:${AMENT_PREFIX_PATH} CMAKE_PREFIX_PATH=/autoware/install/autoware_cmake:/autoware/install/autoware_lint_common:/autoware/install/ament_cmake_auto:/opt/ros/humble /usr/bin/cmake --install /autoware/build/osqp_interface
[1.403s] -- Install configuration: "Release"
[1.403s] -- Execute custom install script
[1.403s] -- Up-to-date symlink: /autoware/install/osqp_interface/share/osqp_interface/environment/library_path.sh
[1.403s] -- Up-to-date symlink: /autoware/install/osqp_interface/share/osqp_interface/environment/library_path.dsv
[1.403s] -- Up-to-date symlink: /autoware/install/osqp_interface/include/osqp_interface/csc_matrix_conv.hpp
[1.403s] -- Up-to-date symlink: /autoware/install/osqp_interface/include/osqp_interface/osqp_interface.hpp
[1.403s] -- Up-to-date symlink: /autoware/install/osqp_interface/include/osqp_interface/visibility_control.hpp
[1.404s] -- Up-to-date symlink: /autoware/install/osqp_interface/lib/libosqp_interface.so
[1.404s] -- Up-to-date symlink: /autoware/install/osqp_interface/share/ament_index/resource_index/package_run_dependencies/osqp_interface
[1.404s] -- Up-to-date symlink: /autoware/install/osqp_interface/share/ament_index/resource_index/parent_prefix_path/osqp_interface
[1.404s] -- Up-to-date symlink: /autoware/install/osqp_interface/share/osqp_interface/environment/ament_prefix_path.sh
[1.404s] -- Up-to-date symlink: /autoware/install/osqp_interface/share/osqp_interface/environment/ament_prefix_path.dsv
[1.404s] -- Up-to-date symlink: /autoware/install/osqp_interface/share/osqp_interface/environment/path.sh
[1.404s] -- Up-to-date symlink: /autoware/install/osqp_interface/share/osqp_interface/environment/path.dsv
[1.404s] -- Up-to-date symlink: /autoware/install/osqp_interface/share/osqp_interface/local_setup.bash
[1.404s] -- Up-to-date symlink: /autoware/install/osqp_interface/share/osqp_interface/local_setup.sh
[1.404s] -- Up-to-date symlink: /autoware/install/osqp_interface/share/osqp_interface/local_setup.zsh
[1.404s] -- Up-to-date symlink: /autoware/install/osqp_interface/share/osqp_interface/local_setup.dsv
[1.404s] -- Symlinking: /autoware/install/osqp_interface/share/osqp_interface/package.dsv
[1.405s] -- Up-to-date symlink: /autoware/install/osqp_interface/share/ament_index/resource_index/packages/osqp_interface
[1.405s] -- Up-to-date symlink: /autoware/install/osqp_interface/share/osqp_interface/cmake/ament_cmake_export_include_directories-extras.cmake
[1.405s] -- Up-to-date symlink: /autoware/install/osqp_interface/share/osqp_interface/cmake/ament_cmake_export_libraries-extras.cmake
[1.405s] -- Up-to-date symlink: /autoware/install/osqp_interface/share/osqp_interface/cmake/ament_cmake_export_dependencies-extras.cmake
[1.405s] -- Up-to-date symlink: /autoware/install/osqp_interface/share/osqp_interface/cmake/osqp_interfaceConfig.cmake
[1.405s] -- Up-to-date symlink: /autoware/install/osqp_interface/share/osqp_interface/cmake/osqp_interfaceConfig-version.cmake
[1.405s] -- Up-to-date symlink: /autoware/install/osqp_interface/share/osqp_interface/package.xml
[1.410s] Invoked command in '/autoware/build/osqp_interface' returned '0': AMENT_PREFIX_PATH=/autoware/install/autoware_cmake:/autoware/install/autoware_lint_common:/autoware/install/ament_cmake_auto:${AMENT_PREFIX_PATH} CMAKE_PREFIX_PATH=/autoware/install/autoware_cmake:/autoware/install/autoware_lint_common:/autoware/install/ament_cmake_auto:/opt/ros/humble /usr/bin/cmake --install /autoware/build/osqp_interface
