[0.062s] Invoking command in '/autoware/build/obstacle_stop_planner': AMENT_PREFIX_PATH=/autoware/install/motion_utils:/autoware/install/vehicle_info_util:/autoware/install/interpolation:/autoware/install/tier4_autoware_utils:/autoware/install/autoware_auto_vehicle_msgs:/autoware/install/signal_processing:/autoware/install/autoware_auto_planning_msgs:/autoware/install/autoware_auto_perception_msgs:/autoware/install/tier4_planning_msgs:/autoware/install/tier4_debug_msgs:/autoware/install/autoware_cmake:/autoware/install/autoware_auto_mapping_msgs:/autoware/install/autoware_auto_geometry_msgs:/autoware/install/autoware_adapi_v1_msgs:/autoware/install/autoware_lint_common:/autoware/install/ament_cmake_auto:${AMENT_PREFIX_PATH} CMAKE_PREFIX_PATH=/autoware/install/motion_utils:/autoware/install/vehicle_info_util:/autoware/install/interpolation:/autoware/install/tier4_autoware_utils:/autoware/install/autoware_auto_vehicle_msgs:/autoware/install/signal_processing:/autoware/install/autoware_auto_planning_msgs:/autoware/install/autoware_auto_perception_msgs:/autoware/install/tier4_planning_msgs:/autoware/install/tier4_debug_msgs:/autoware/install/autoware_cmake:/autoware/install/autoware_auto_mapping_msgs:/autoware/install/autoware_auto_geometry_msgs:/autoware/install/autoware_adapi_v1_msgs:/autoware/install/autoware_lint_common:/autoware/install/ament_cmake_auto:/opt/ros/humble LD_LIBRARY_PATH=/autoware/install/motion_utils/lib:/autoware/install/vehicle_info_util/lib:/autoware/install/interpolation/lib:/autoware/install/tier4_autoware_utils/lib:/autoware/install/autoware_auto_vehicle_msgs/lib:/autoware/install/signal_processing/lib:/autoware/install/autoware_auto_planning_msgs/lib:/autoware/install/autoware_auto_perception_msgs/lib:/autoware/install/tier4_planning_msgs/lib:/autoware/install/tier4_debug_msgs/lib:/autoware/install/autoware_auto_mapping_msgs/lib:/autoware/install/autoware_auto_geometry_msgs/lib:/autoware/install/autoware_adapi_v1_msgs/lib:${LD_LIBRARY_PATH} PYTHONPATH=/autoware/install/autoware_auto_vehicle_msgs/local/lib/python3.10/dist-packages:/autoware/install/autoware_auto_planning_msgs/local/lib/python3.10/dist-packages:/autoware/install/autoware_auto_perception_msgs/local/lib/python3.10/dist-packages:/autoware/install/tier4_planning_msgs/local/lib/python3.10/dist-packages:/autoware/install/tier4_debug_msgs/local/lib/python3.10/dist-packages:/autoware/install/autoware_auto_mapping_msgs/local/lib/python3.10/dist-packages:/autoware/install/autoware_auto_geometry_msgs/local/lib/python3.10/dist-packages:/autoware/install/autoware_adapi_v1_msgs/local/lib/python3.10/dist-packages:${PYTHONPATH} /usr/bin/cmake --build /autoware/build/obstacle_stop_planner -- -j64 -l64
[0.094s] -- Found autoware_cmake: 0.1.0 (/autoware/install/autoware_cmake/share/autoware_cmake/cmake)
[0.094s] -- Found ament_cmake_auto: 1.3.2 (/opt/ros/humble/share/ament_cmake_auto/cmake)
[0.248s] -- Override CMake install command with custom implementation using symlinks instead of copying resources
[0.359s] -- Found rosidl_generator_c: 3.1.3 (/opt/ros/humble/share/rosidl_generator_c/cmake)
[0.361s] -- Found rosidl_adapter: 3.1.3 (/opt/ros/humble/share/rosidl_adapter/cmake)
[0.367s] -- Found rosidl_generator_cpp: 3.1.3 (/opt/ros/humble/share/rosidl_generator_cpp/cmake)
[0.377s] -- Using all available rosidl_typesupport_c: rosidl_typesupport_fastrtps_c;rosidl_typesupport_introspection_c
[0.392s] -- Using all available rosidl_typesupport_cpp: rosidl_typesupport_fastrtps_cpp;rosidl_typesupport_introspection_cpp
[1.583s] -- Found rmw_implementation_cmake: 6.1.0 (/opt/ros/humble/share/rmw_implementation_cmake/cmake)
[1.585s] -- Found rmw_fastrtps_cpp: 6.2.1 (/opt/ros/humble/share/rmw_fastrtps_cpp/cmake)
[1.748s] -- Using RMW implementation 'rmw_fastrtps_cpp' as default
[1.882s] -- Found eigen3_cmake_module: 0.1.1 (/opt/ros/humble/share/eigen3_cmake_module/cmake)
[1.883s] -- Ensuring Eigen3 include directory is part of orocos-kdl CMake target
[3.728s] -- Eigen found (include: /usr/include/eigen3, version: 3.4.0)
[3.760s] -- FLANN found (include: /usr/include, lib: /usr/lib/x86_64-linux-gnu/libflann_cpp.so)
[4.069s] -- OpenNI found (version: 1.5.4.0, include: /usr/include/ni, lib: /usr/lib/libOpenNI.so;libusb::libusb)
[4.075s] -- OpenNI2 found (version: 2.2.0.33, include: /usr/include/openni2, lib: /usr/lib/x86_64-linux-gnu/libOpenNI2.so;libusb::libusb)
[4.230s] -- Eigen found (include: /usr/include/eigen3, version: 3.4.0)
[4.236s] -- OpenNI found (version: 1.5.4.0, include: /usr/include/ni, lib: /usr/lib/libOpenNI.so;libusb::libusb)
[4.243s] -- OpenNI2 found (version: 2.2.0.33, include: /usr/include/openni2, lib: /usr/lib/x86_64-linux-gnu/libOpenNI2.so;libusb::libusb)
[4.390s] -- Found Qhull version 8.0.2
[4.542s] -- OpenNI found (version: 1.5.4.0, include: /usr/include/ni, lib: /usr/lib/libOpenNI.so;libusb::libusb)
[5.249s] -- Found ament_lint_auto: 0.12.4 (/opt/ros/humble/share/ament_lint_auto/cmake)
[9.084s] -- Added test 'copyright' to check source files copyright and LICENSE
[9.087s] -- Added test 'cppcheck' to perform static code analysis on C / C++ code
[9.087s] -- Configured cppcheck include dirs: /autoware/src/universe/autoware.universe/planning/obstacle_stop_planner/include
[9.087s] -- Configured cppcheck exclude dirs and/or files: 
[9.088s] -- Added test 'lint_cmake' to check CMake code style
[9.089s] -- Added test 'xmllint' to check XML markup files
[9.094s] -- Configuring done
[9.191s] -- Generating done
[9.194s] -- Build files have been written to: /autoware/build/obstacle_stop_planner
[9.239s] Consolidate compiler generated dependencies of target obstacle_stop_planner_node
[9.254s] [ 28%] Built target obstacle_stop_planner_node
[9.326s] Consolidate compiler generated dependencies of target obstacle_stop_planner
[9.369s] [ 42%] Building CXX object CMakeFiles/obstacle_stop_planner.dir/src/debug_marker.cpp.o
[9.374s] [ 57%] Building CXX object CMakeFiles/obstacle_stop_planner.dir/src/node.cpp.o
[9.375s] [ 71%] Building CXX object CMakeFiles/obstacle_stop_planner.dir/src/planner_utils.cpp.o
[52.999s] [ 85%] Linking CXX shared library libobstacle_stop_planner.so
[54.736s] [100%] Built target obstacle_stop_planner
[54.746s] Invoked command in '/autoware/build/obstacle_stop_planner' returned '0': AMENT_PREFIX_PATH=/autoware/install/motion_utils:/autoware/install/vehicle_info_util:/autoware/install/interpolation:/autoware/install/tier4_autoware_utils:/autoware/install/autoware_auto_vehicle_msgs:/autoware/install/signal_processing:/autoware/install/autoware_auto_planning_msgs:/autoware/install/autoware_auto_perception_msgs:/autoware/install/tier4_planning_msgs:/autoware/install/tier4_debug_msgs:/autoware/install/autoware_cmake:/autoware/install/autoware_auto_mapping_msgs:/autoware/install/autoware_auto_geometry_msgs:/autoware/install/autoware_adapi_v1_msgs:/autoware/install/autoware_lint_common:/autoware/install/ament_cmake_auto:${AMENT_PREFIX_PATH} CMAKE_PREFIX_PATH=/autoware/install/motion_utils:/autoware/install/vehicle_info_util:/autoware/install/interpolation:/autoware/install/tier4_autoware_utils:/autoware/install/autoware_auto_vehicle_msgs:/autoware/install/signal_processing:/autoware/install/autoware_auto_planning_msgs:/autoware/install/autoware_auto_perception_msgs:/autoware/install/tier4_planning_msgs:/autoware/install/tier4_debug_msgs:/autoware/install/autoware_cmake:/autoware/install/autoware_auto_mapping_msgs:/autoware/install/autoware_auto_geometry_msgs:/autoware/install/autoware_adapi_v1_msgs:/autoware/install/autoware_lint_common:/autoware/install/ament_cmake_auto:/opt/ros/humble LD_LIBRARY_PATH=/autoware/install/motion_utils/lib:/autoware/install/vehicle_info_util/lib:/autoware/install/interpolation/lib:/autoware/install/tier4_autoware_utils/lib:/autoware/install/autoware_auto_vehicle_msgs/lib:/autoware/install/signal_processing/lib:/autoware/install/autoware_auto_planning_msgs/lib:/autoware/install/autoware_auto_perception_msgs/lib:/autoware/install/tier4_planning_msgs/lib:/autoware/install/tier4_debug_msgs/lib:/autoware/install/autoware_auto_mapping_msgs/lib:/autoware/install/autoware_auto_geometry_msgs/lib:/autoware/install/autoware_adapi_v1_msgs/lib:${LD_LIBRARY_PATH} PYTHONPATH=/autoware/install/autoware_auto_vehicle_msgs/local/lib/python3.10/dist-packages:/autoware/install/autoware_auto_planning_msgs/local/lib/python3.10/dist-packages:/autoware/install/autoware_auto_perception_msgs/local/lib/python3.10/dist-packages:/autoware/install/tier4_planning_msgs/local/lib/python3.10/dist-packages:/autoware/install/tier4_debug_msgs/local/lib/python3.10/dist-packages:/autoware/install/autoware_auto_mapping_msgs/local/lib/python3.10/dist-packages:/autoware/install/autoware_auto_geometry_msgs/local/lib/python3.10/dist-packages:/autoware/install/autoware_adapi_v1_msgs/local/lib/python3.10/dist-packages:${PYTHONPATH} /usr/bin/cmake --build /autoware/build/obstacle_stop_planner -- -j64 -l64
[54.771s] Invoking command in '/autoware/build/obstacle_stop_planner': AMENT_PREFIX_PATH=/autoware/install/motion_utils:/autoware/install/vehicle_info_util:/autoware/install/interpolation:/autoware/install/tier4_autoware_utils:/autoware/install/autoware_auto_vehicle_msgs:/autoware/install/signal_processing:/autoware/install/autoware_auto_planning_msgs:/autoware/install/autoware_auto_perception_msgs:/autoware/install/tier4_planning_msgs:/autoware/install/tier4_debug_msgs:/autoware/install/autoware_cmake:/autoware/install/autoware_auto_mapping_msgs:/autoware/install/autoware_auto_geometry_msgs:/autoware/install/autoware_adapi_v1_msgs:/autoware/install/autoware_lint_common:/autoware/install/ament_cmake_auto:${AMENT_PREFIX_PATH} CMAKE_PREFIX_PATH=/autoware/install/motion_utils:/autoware/install/vehicle_info_util:/autoware/install/interpolation:/autoware/install/tier4_autoware_utils:/autoware/install/autoware_auto_vehicle_msgs:/autoware/install/signal_processing:/autoware/install/autoware_auto_planning_msgs:/autoware/install/autoware_auto_perception_msgs:/autoware/install/tier4_planning_msgs:/autoware/install/tier4_debug_msgs:/autoware/install/autoware_cmake:/autoware/install/autoware_auto_mapping_msgs:/autoware/install/autoware_auto_geometry_msgs:/autoware/install/autoware_adapi_v1_msgs:/autoware/install/autoware_lint_common:/autoware/install/ament_cmake_auto:/opt/ros/humble LD_LIBRARY_PATH=/autoware/install/motion_utils/lib:/autoware/install/vehicle_info_util/lib:/autoware/install/interpolation/lib:/autoware/install/tier4_autoware_utils/lib:/autoware/install/autoware_auto_vehicle_msgs/lib:/autoware/install/signal_processing/lib:/autoware/install/autoware_auto_planning_msgs/lib:/autoware/install/autoware_auto_perception_msgs/lib:/autoware/install/tier4_planning_msgs/lib:/autoware/install/tier4_debug_msgs/lib:/autoware/install/autoware_auto_mapping_msgs/lib:/autoware/install/autoware_auto_geometry_msgs/lib:/autoware/install/autoware_adapi_v1_msgs/lib:${LD_LIBRARY_PATH} PYTHONPATH=/autoware/install/autoware_auto_vehicle_msgs/local/lib/python3.10/dist-packages:/autoware/install/autoware_auto_planning_msgs/local/lib/python3.10/dist-packages:/autoware/install/autoware_auto_perception_msgs/local/lib/python3.10/dist-packages:/autoware/install/tier4_planning_msgs/local/lib/python3.10/dist-packages:/autoware/install/tier4_debug_msgs/local/lib/python3.10/dist-packages:/autoware/install/autoware_auto_mapping_msgs/local/lib/python3.10/dist-packages:/autoware/install/autoware_auto_geometry_msgs/local/lib/python3.10/dist-packages:/autoware/install/autoware_adapi_v1_msgs/local/lib/python3.10/dist-packages:${PYTHONPATH} /usr/bin/cmake --install /autoware/build/obstacle_stop_planner
[54.778s] -- Install configuration: "Release"
[54.779s] -- Execute custom install script
[54.779s] -- Up-to-date symlink: /autoware/install/obstacle_stop_planner/lib/obstacle_stop_planner/obstacle_stop_planner_node
[54.780s] -- Up-to-date symlink: /autoware/install/obstacle_stop_planner/include/obstacle_stop_planner/adaptive_cruise_control.hpp
[54.780s] -- Up-to-date symlink: /autoware/install/obstacle_stop_planner/include/obstacle_stop_planner/debug_marker.hpp
[54.780s] -- Up-to-date symlink: /autoware/install/obstacle_stop_planner/include/obstacle_stop_planner/node.hpp
[54.780s] -- Up-to-date symlink: /autoware/install/obstacle_stop_planner/include/obstacle_stop_planner/planner_data.hpp
[54.780s] -- Up-to-date symlink: /autoware/install/obstacle_stop_planner/include/obstacle_stop_planner/planner_utils.hpp
[54.781s] -- Up-to-date symlink: /autoware/install/obstacle_stop_planner/share/obstacle_stop_planner/environment/library_path.sh
[54.781s] -- Up-to-date symlink: /autoware/install/obstacle_stop_planner/share/obstacle_stop_planner/environment/library_path.dsv
[54.781s] -- Up-to-date symlink: /autoware/install/obstacle_stop_planner/lib/libobstacle_stop_planner.so
[54.781s] -- Up-to-date symlink: /autoware/install/obstacle_stop_planner/share/obstacle_stop_planner/config/adaptive_cruise_control.param.yaml
[54.781s] -- Up-to-date symlink: /autoware/install/obstacle_stop_planner/share/obstacle_stop_planner/config/common.param.yaml
[54.782s] -- Up-to-date symlink: /autoware/install/obstacle_stop_planner/share/obstacle_stop_planner/config/obstacle_stop_planner.param.yaml
[54.782s] -- Up-to-date symlink: /autoware/install/obstacle_stop_planner/share/obstacle_stop_planner/config/plot_juggler_adaptive_cruise.xml
[54.782s] -- Up-to-date symlink: /autoware/install/obstacle_stop_planner/share/obstacle_stop_planner/config/plot_juggler_slow_down.xml
[54.782s] -- Up-to-date symlink: /autoware/install/obstacle_stop_planner/share/obstacle_stop_planner/config/rqt_multiplot_adaptive_cruise.xml
[54.782s] -- Up-to-date symlink: /autoware/install/obstacle_stop_planner/share/obstacle_stop_planner/launch/obstacle_stop_planner.launch.xml
[54.782s] -- Up-to-date symlink: /autoware/install/obstacle_stop_planner/share/ament_index/resource_index/package_run_dependencies/obstacle_stop_planner
[54.783s] -- Up-to-date symlink: /autoware/install/obstacle_stop_planner/share/ament_index/resource_index/parent_prefix_path/obstacle_stop_planner
[54.783s] -- Up-to-date symlink: /autoware/install/obstacle_stop_planner/share/obstacle_stop_planner/environment/ament_prefix_path.sh
[54.783s] -- Up-to-date symlink: /autoware/install/obstacle_stop_planner/share/obstacle_stop_planner/environment/ament_prefix_path.dsv
[54.783s] -- Up-to-date symlink: /autoware/install/obstacle_stop_planner/share/obstacle_stop_planner/environment/path.sh
[54.783s] -- Up-to-date symlink: /autoware/install/obstacle_stop_planner/share/obstacle_stop_planner/environment/path.dsv
[54.784s] -- Up-to-date symlink: /autoware/install/obstacle_stop_planner/share/obstacle_stop_planner/local_setup.bash
[54.784s] -- Up-to-date symlink: /autoware/install/obstacle_stop_planner/share/obstacle_stop_planner/local_setup.sh
[54.784s] -- Up-to-date symlink: /autoware/install/obstacle_stop_planner/share/obstacle_stop_planner/local_setup.zsh
[54.784s] -- Up-to-date symlink: /autoware/install/obstacle_stop_planner/share/obstacle_stop_planner/local_setup.dsv
[54.784s] -- Symlinking: /autoware/install/obstacle_stop_planner/share/obstacle_stop_planner/package.dsv
[54.791s] -- Up-to-date symlink: /autoware/install/obstacle_stop_planner/share/ament_index/resource_index/packages/obstacle_stop_planner
[54.792s] -- Up-to-date symlink: /autoware/install/obstacle_stop_planner/share/ament_index/resource_index/rclcpp_components/obstacle_stop_planner
[54.792s] -- Up-to-date symlink: /autoware/install/obstacle_stop_planner/share/obstacle_stop_planner/cmake/ament_cmake_export_dependencies-extras.cmake
[54.792s] -- Up-to-date symlink: /autoware/install/obstacle_stop_planner/share/obstacle_stop_planner/cmake/ament_cmake_export_include_directories-extras.cmake
[54.792s] -- Up-to-date symlink: /autoware/install/obstacle_stop_planner/share/obstacle_stop_planner/cmake/ament_cmake_export_libraries-extras.cmake
[54.792s] -- Up-to-date symlink: /autoware/install/obstacle_stop_planner/share/obstacle_stop_planner/cmake/obstacle_stop_plannerConfig.cmake
[54.792s] -- Up-to-date symlink: /autoware/install/obstacle_stop_planner/share/obstacle_stop_planner/cmake/obstacle_stop_plannerConfig-version.cmake
[54.793s] -- Up-to-date symlink: /autoware/install/obstacle_stop_planner/share/obstacle_stop_planner/package.xml
[54.800s] Invoked command in '/autoware/build/obstacle_stop_planner' returned '0': AMENT_PREFIX_PATH=/autoware/install/motion_utils:/autoware/install/vehicle_info_util:/autoware/install/interpolation:/autoware/install/tier4_autoware_utils:/autoware/install/autoware_auto_vehicle_msgs:/autoware/install/signal_processing:/autoware/install/autoware_auto_planning_msgs:/autoware/install/autoware_auto_perception_msgs:/autoware/install/tier4_planning_msgs:/autoware/install/tier4_debug_msgs:/autoware/install/autoware_cmake:/autoware/install/autoware_auto_mapping_msgs:/autoware/install/autoware_auto_geometry_msgs:/autoware/install/autoware_adapi_v1_msgs:/autoware/install/autoware_lint_common:/autoware/install/ament_cmake_auto:${AMENT_PREFIX_PATH} CMAKE_PREFIX_PATH=/autoware/install/motion_utils:/autoware/install/vehicle_info_util:/autoware/install/interpolation:/autoware/install/tier4_autoware_utils:/autoware/install/autoware_auto_vehicle_msgs:/autoware/install/signal_processing:/autoware/install/autoware_auto_planning_msgs:/autoware/install/autoware_auto_perception_msgs:/autoware/install/tier4_planning_msgs:/autoware/install/tier4_debug_msgs:/autoware/install/autoware_cmake:/autoware/install/autoware_auto_mapping_msgs:/autoware/install/autoware_auto_geometry_msgs:/autoware/install/autoware_adapi_v1_msgs:/autoware/install/autoware_lint_common:/autoware/install/ament_cmake_auto:/opt/ros/humble LD_LIBRARY_PATH=/autoware/install/motion_utils/lib:/autoware/install/vehicle_info_util/lib:/autoware/install/interpolation/lib:/autoware/install/tier4_autoware_utils/lib:/autoware/install/autoware_auto_vehicle_msgs/lib:/autoware/install/signal_processing/lib:/autoware/install/autoware_auto_planning_msgs/lib:/autoware/install/autoware_auto_perception_msgs/lib:/autoware/install/tier4_planning_msgs/lib:/autoware/install/tier4_debug_msgs/lib:/autoware/install/autoware_auto_mapping_msgs/lib:/autoware/install/autoware_auto_geometry_msgs/lib:/autoware/install/autoware_adapi_v1_msgs/lib:${LD_LIBRARY_PATH} PYTHONPATH=/autoware/install/autoware_auto_vehicle_msgs/local/lib/python3.10/dist-packages:/autoware/install/autoware_auto_planning_msgs/local/lib/python3.10/dist-packages:/autoware/install/autoware_auto_perception_msgs/local/lib/python3.10/dist-packages:/autoware/install/tier4_planning_msgs/local/lib/python3.10/dist-packages:/autoware/install/tier4_debug_msgs/local/lib/python3.10/dist-packages:/autoware/install/autoware_auto_mapping_msgs/local/lib/python3.10/dist-packages:/autoware/install/autoware_auto_geometry_msgs/local/lib/python3.10/dist-packages:/autoware/install/autoware_adapi_v1_msgs/local/lib/python3.10/dist-packages:${PYTHONPATH} /usr/bin/cmake --install /autoware/build/obstacle_stop_planner
