[0.136s] Invoking command in '/autoware/build/interpolation': AMENT_PREFIX_PATH=/autoware/install/tier4_autoware_utils:/autoware/install/autoware_auto_vehicle_msgs:/autoware/install/autoware_auto_planning_msgs:/autoware/install/autoware_auto_perception_msgs:/autoware/install/tier4_debug_msgs:/autoware/install/autoware_cmake:/autoware/install/autoware_auto_mapping_msgs:/autoware/install/autoware_auto_geometry_msgs:/autoware/install/autoware_lint_common:/autoware/install/ament_cmake_auto:${AMENT_PREFIX_PATH} CMAKE_PREFIX_PATH=/autoware/install/tier4_autoware_utils:/autoware/install/autoware_auto_vehicle_msgs:/autoware/install/autoware_auto_planning_msgs:/autoware/install/autoware_auto_perception_msgs:/autoware/install/tier4_debug_msgs:/autoware/install/autoware_cmake:/autoware/install/autoware_auto_mapping_msgs:/autoware/install/autoware_auto_geometry_msgs:/autoware/install/autoware_lint_common:/autoware/install/ament_cmake_auto:/opt/ros/humble LD_LIBRARY_PATH=/autoware/install/tier4_autoware_utils/lib:/autoware/install/autoware_auto_vehicle_msgs/lib:/autoware/install/autoware_auto_planning_msgs/lib:/autoware/install/autoware_auto_perception_msgs/lib:/autoware/install/tier4_debug_msgs/lib:/autoware/install/autoware_auto_mapping_msgs/lib:/autoware/install/autoware_auto_geometry_msgs/lib:${LD_LIBRARY_PATH} PYTHONPATH=/autoware/install/autoware_auto_vehicle_msgs/local/lib/python3.10/dist-packages:/autoware/install/autoware_auto_planning_msgs/local/lib/python3.10/dist-packages:/autoware/install/autoware_auto_perception_msgs/local/lib/python3.10/dist-packages:/autoware/install/tier4_debug_msgs/local/lib/python3.10/dist-packages:/autoware/install/autoware_auto_mapping_msgs/local/lib/python3.10/dist-packages:/autoware/install/autoware_auto_geometry_msgs/local/lib/python3.10/dist-packages:${PYTHONPATH} /usr/bin/cmake --build /autoware/build/interpolation -- -j64 -l64
[0.166s] -- Found autoware_cmake: 0.1.0 (/autoware/install/autoware_cmake/share/autoware_cmake/cmake)
[0.167s] -- Found ament_cmake_auto: 1.3.2 (/opt/ros/humble/share/ament_cmake_auto/cmake)
[0.310s] -- Override CMake install command with custom implementation using symlinks instead of copying resources
[0.431s] -- Found rosidl_generator_c: 3.1.3 (/opt/ros/humble/share/rosidl_generator_c/cmake)
[0.435s] -- Found rosidl_adapter: 3.1.3 (/opt/ros/humble/share/rosidl_adapter/cmake)
[0.443s] -- Found rosidl_generator_cpp: 3.1.3 (/opt/ros/humble/share/rosidl_generator_cpp/cmake)
[0.453s] -- Using all available rosidl_typesupport_c: rosidl_typesupport_fastrtps_c;rosidl_typesupport_introspection_c
[0.468s] -- Using all available rosidl_typesupport_cpp: rosidl_typesupport_fastrtps_cpp;rosidl_typesupport_introspection_cpp
[1.555s] -- Found rmw_implementation_cmake: 6.1.0 (/opt/ros/humble/share/rmw_implementation_cmake/cmake)
[1.557s] -- Found rmw_fastrtps_cpp: 6.2.1 (/opt/ros/humble/share/rmw_fastrtps_cpp/cmake)
[1.680s] -- Using RMW implementation 'rmw_fastrtps_cpp' as default
[1.812s] -- Found eigen3_cmake_module: 0.1.1 (/opt/ros/humble/share/eigen3_cmake_module/cmake)
[1.813s] -- Ensuring Eigen3 include directory is part of orocos-kdl CMake target
[2.234s] -- Found ament_lint_auto: 0.12.4 (/opt/ros/humble/share/ament_lint_auto/cmake)
[2.547s] -- Found gtest sources under '/opt/ros/humble/src/gtest_vendor': C++ tests using 'Google Test' will be built
[2.558s] -- Added test 'copyright' to check source files copyright and LICENSE
[2.559s] -- Added test 'cppcheck' to perform static code analysis on C / C++ code
[2.559s] -- Configured cppcheck include dirs: /autoware/src/universe/autoware.universe/common/interpolation/include
[2.559s] -- Configured cppcheck exclude dirs and/or files: 
[2.560s] -- Added test 'lint_cmake' to check CMake code style
[2.560s] -- Added test 'xmllint' to check XML markup files
[2.565s] -- Configuring done
[2.643s] -- Generating done
[2.645s] -- Build files have been written to: /autoware/build/interpolation
[2.675s] Consolidate compiler generated dependencies of target gtest_main
[2.676s] Consolidate compiler generated dependencies of target gtest
[2.686s] [ 12%] Built target gtest_main
[2.689s] [ 25%] Built target gtest
[2.691s] Consolidate compiler generated dependencies of target interpolation
[2.708s] [ 31%] Building CXX object CMakeFiles/interpolation.dir/src/linear_interpolation.cpp.o
[2.712s] [ 37%] Building CXX object CMakeFiles/interpolation.dir/src/spline_interpolation.cpp.o
[2.713s] [ 43%] Building CXX object CMakeFiles/interpolation.dir/src/spline_interpolation_points_2d.cpp.o
[2.714s] [ 50%] Building CXX object CMakeFiles/interpolation.dir/src/spherical_linear_interpolation.cpp.o
[7.924s] [ 56%] Linking CXX shared library libinterpolation.so
[9.800s] [ 56%] Built target interpolation
[9.854s] Consolidate compiler generated dependencies of target test_interpolation
[9.854s] [ 62%] Building CXX object CMakeFiles/test_interpolation.dir/test/src/test_interpolation.cpp.o
[9.854s] [ 68%] Building CXX object CMakeFiles/test_interpolation.dir/test/src/test_interpolation_utils.cpp.o
[9.855s] [ 75%] Building CXX object CMakeFiles/test_interpolation.dir/test/src/test_linear_interpolation.cpp.o
[9.855s] [ 81%] Building CXX object CMakeFiles/test_interpolation.dir/test/src/test_spherical_linear_interpolation.cpp.o
[9.857s] [ 93%] Building CXX object CMakeFiles/test_interpolation.dir/test/src/test_zero_order_hold.cpp.o
[9.857s] [ 93%] Building CXX object CMakeFiles/test_interpolation.dir/test/src/test_spline_interpolation.cpp.o
[16.210s] [100%] Linking CXX executable test_interpolation
[17.399s] [100%] Built target test_interpolation
[17.415s] Invoked command in '/autoware/build/interpolation' returned '0': AMENT_PREFIX_PATH=/autoware/install/tier4_autoware_utils:/autoware/install/autoware_auto_vehicle_msgs:/autoware/install/autoware_auto_planning_msgs:/autoware/install/autoware_auto_perception_msgs:/autoware/install/tier4_debug_msgs:/autoware/install/autoware_cmake:/autoware/install/autoware_auto_mapping_msgs:/autoware/install/autoware_auto_geometry_msgs:/autoware/install/autoware_lint_common:/autoware/install/ament_cmake_auto:${AMENT_PREFIX_PATH} CMAKE_PREFIX_PATH=/autoware/install/tier4_autoware_utils:/autoware/install/autoware_auto_vehicle_msgs:/autoware/install/autoware_auto_planning_msgs:/autoware/install/autoware_auto_perception_msgs:/autoware/install/tier4_debug_msgs:/autoware/install/autoware_cmake:/autoware/install/autoware_auto_mapping_msgs:/autoware/install/autoware_auto_geometry_msgs:/autoware/install/autoware_lint_common:/autoware/install/ament_cmake_auto:/opt/ros/humble LD_LIBRARY_PATH=/autoware/install/tier4_autoware_utils/lib:/autoware/install/autoware_auto_vehicle_msgs/lib:/autoware/install/autoware_auto_planning_msgs/lib:/autoware/install/autoware_auto_perception_msgs/lib:/autoware/install/tier4_debug_msgs/lib:/autoware/install/autoware_auto_mapping_msgs/lib:/autoware/install/autoware_auto_geometry_msgs/lib:${LD_LIBRARY_PATH} PYTHONPATH=/autoware/install/autoware_auto_vehicle_msgs/local/lib/python3.10/dist-packages:/autoware/install/autoware_auto_planning_msgs/local/lib/python3.10/dist-packages:/autoware/install/autoware_auto_perception_msgs/local/lib/python3.10/dist-packages:/autoware/install/tier4_debug_msgs/local/lib/python3.10/dist-packages:/autoware/install/autoware_auto_mapping_msgs/local/lib/python3.10/dist-packages:/autoware/install/autoware_auto_geometry_msgs/local/lib/python3.10/dist-packages:${PYTHONPATH} /usr/bin/cmake --build /autoware/build/interpolation -- -j64 -l64
[17.464s] Invoking command in '/autoware/build/interpolation': AMENT_PREFIX_PATH=/autoware/install/tier4_autoware_utils:/autoware/install/autoware_auto_vehicle_msgs:/autoware/install/autoware_auto_planning_msgs:/autoware/install/autoware_auto_perception_msgs:/autoware/install/tier4_debug_msgs:/autoware/install/autoware_cmake:/autoware/install/autoware_auto_mapping_msgs:/autoware/install/autoware_auto_geometry_msgs:/autoware/install/autoware_lint_common:/autoware/install/ament_cmake_auto:${AMENT_PREFIX_PATH} CMAKE_PREFIX_PATH=/autoware/install/tier4_autoware_utils:/autoware/install/autoware_auto_vehicle_msgs:/autoware/install/autoware_auto_planning_msgs:/autoware/install/autoware_auto_perception_msgs:/autoware/install/tier4_debug_msgs:/autoware/install/autoware_cmake:/autoware/install/autoware_auto_mapping_msgs:/autoware/install/autoware_auto_geometry_msgs:/autoware/install/autoware_lint_common:/autoware/install/ament_cmake_auto:/opt/ros/humble LD_LIBRARY_PATH=/autoware/install/tier4_autoware_utils/lib:/autoware/install/autoware_auto_vehicle_msgs/lib:/autoware/install/autoware_auto_planning_msgs/lib:/autoware/install/autoware_auto_perception_msgs/lib:/autoware/install/tier4_debug_msgs/lib:/autoware/install/autoware_auto_mapping_msgs/lib:/autoware/install/autoware_auto_geometry_msgs/lib:${LD_LIBRARY_PATH} PYTHONPATH=/autoware/install/autoware_auto_vehicle_msgs/local/lib/python3.10/dist-packages:/autoware/install/autoware_auto_planning_msgs/local/lib/python3.10/dist-packages:/autoware/install/autoware_auto_perception_msgs/local/lib/python3.10/dist-packages:/autoware/install/tier4_debug_msgs/local/lib/python3.10/dist-packages:/autoware/install/autoware_auto_mapping_msgs/local/lib/python3.10/dist-packages:/autoware/install/autoware_auto_geometry_msgs/local/lib/python3.10/dist-packages:${PYTHONPATH} /usr/bin/cmake --install /autoware/build/interpolation
[17.472s] -- Install configuration: "Release"
[17.473s] -- Execute custom install script
[17.474s] -- Up-to-date symlink: /autoware/install/interpolation/include/interpolation/interpolation_utils.hpp
[17.474s] -- Up-to-date symlink: /autoware/install/interpolation/include/interpolation/linear_interpolation.hpp
[17.475s] -- Up-to-date symlink: /autoware/install/interpolation/include/interpolation/spherical_linear_interpolation.hpp
[17.475s] -- Up-to-date symlink: /autoware/install/interpolation/include/interpolation/spline_interpolation.hpp
[17.475s] -- Up-to-date symlink: /autoware/install/interpolation/include/interpolation/spline_interpolation_points_2d.hpp
[17.475s] -- Up-to-date symlink: /autoware/install/interpolation/include/interpolation/zero_order_hold.hpp
[17.476s] -- Up-to-date symlink: /autoware/install/interpolation/share/interpolation/environment/library_path.sh
[17.476s] -- Up-to-date symlink: /autoware/install/interpolation/share/interpolation/environment/library_path.dsv
[17.476s] -- Up-to-date symlink: /autoware/install/interpolation/lib/libinterpolation.so
[17.476s] -- Up-to-date symlink: /autoware/install/interpolation/share/ament_index/resource_index/package_run_dependencies/interpolation
[17.477s] -- Up-to-date symlink: /autoware/install/interpolation/share/ament_index/resource_index/parent_prefix_path/interpolation
[17.477s] -- Up-to-date symlink: /autoware/install/interpolation/share/interpolation/environment/ament_prefix_path.sh
[17.477s] -- Up-to-date symlink: /autoware/install/interpolation/share/interpolation/environment/ament_prefix_path.dsv
[17.477s] -- Up-to-date symlink: /autoware/install/interpolation/share/interpolation/environment/path.sh
[17.478s] -- Up-to-date symlink: /autoware/install/interpolation/share/interpolation/environment/path.dsv
[17.478s] -- Up-to-date symlink: /autoware/install/interpolation/share/interpolation/local_setup.bash
[17.478s] -- Up-to-date symlink: /autoware/install/interpolation/share/interpolation/local_setup.sh
[17.478s] -- Up-to-date symlink: /autoware/install/interpolation/share/interpolation/local_setup.zsh
[17.478s] -- Up-to-date symlink: /autoware/install/interpolation/share/interpolation/local_setup.dsv
[17.478s] -- Symlinking: /autoware/install/interpolation/share/interpolation/package.dsv
[17.490s] -- Up-to-date symlink: /autoware/install/interpolation/share/ament_index/resource_index/packages/interpolation
[17.491s] -- Up-to-date symlink: /autoware/install/interpolation/share/interpolation/cmake/ament_cmake_export_dependencies-extras.cmake
[17.491s] -- Up-to-date symlink: /autoware/install/interpolation/share/interpolation/cmake/ament_cmake_export_include_directories-extras.cmake
[17.491s] -- Up-to-date symlink: /autoware/install/interpolation/share/interpolation/cmake/ament_cmake_export_libraries-extras.cmake
[17.491s] -- Up-to-date symlink: /autoware/install/interpolation/share/interpolation/cmake/interpolationConfig.cmake
[17.491s] -- Up-to-date symlink: /autoware/install/interpolation/share/interpolation/cmake/interpolationConfig-version.cmake
[17.492s] -- Up-to-date symlink: /autoware/install/interpolation/share/interpolation/package.xml
[17.503s] Invoked command in '/autoware/build/interpolation' returned '0': AMENT_PREFIX_PATH=/autoware/install/tier4_autoware_utils:/autoware/install/autoware_auto_vehicle_msgs:/autoware/install/autoware_auto_planning_msgs:/autoware/install/autoware_auto_perception_msgs:/autoware/install/tier4_debug_msgs:/autoware/install/autoware_cmake:/autoware/install/autoware_auto_mapping_msgs:/autoware/install/autoware_auto_geometry_msgs:/autoware/install/autoware_lint_common:/autoware/install/ament_cmake_auto:${AMENT_PREFIX_PATH} CMAKE_PREFIX_PATH=/autoware/install/tier4_autoware_utils:/autoware/install/autoware_auto_vehicle_msgs:/autoware/install/autoware_auto_planning_msgs:/autoware/install/autoware_auto_perception_msgs:/autoware/install/tier4_debug_msgs:/autoware/install/autoware_cmake:/autoware/install/autoware_auto_mapping_msgs:/autoware/install/autoware_auto_geometry_msgs:/autoware/install/autoware_lint_common:/autoware/install/ament_cmake_auto:/opt/ros/humble LD_LIBRARY_PATH=/autoware/install/tier4_autoware_utils/lib:/autoware/install/autoware_auto_vehicle_msgs/lib:/autoware/install/autoware_auto_planning_msgs/lib:/autoware/install/autoware_auto_perception_msgs/lib:/autoware/install/tier4_debug_msgs/lib:/autoware/install/autoware_auto_mapping_msgs/lib:/autoware/install/autoware_auto_geometry_msgs/lib:${LD_LIBRARY_PATH} PYTHONPATH=/autoware/install/autoware_auto_vehicle_msgs/local/lib/python3.10/dist-packages:/autoware/install/autoware_auto_planning_msgs/local/lib/python3.10/dist-packages:/autoware/install/autoware_auto_perception_msgs/local/lib/python3.10/dist-packages:/autoware/install/tier4_debug_msgs/local/lib/python3.10/dist-packages:/autoware/install/autoware_auto_mapping_msgs/local/lib/python3.10/dist-packages:/autoware/install/autoware_auto_geometry_msgs/local/lib/python3.10/dist-packages:${PYTHONPATH} /usr/bin/cmake --install /autoware/build/interpolation
