[0.014s] Invoking command in '/autoware/build/topic_state_monitor': AMENT_PREFIX_PATH=/autoware/install/autoware_cmake:/autoware/install/autoware_lint_common:${AMENT_PREFIX_PATH} CMAKE_PREFIX_PATH=/autoware/install/autoware_cmake:/autoware/install/autoware_lint_common:/opt/ros/humble /usr/bin/cmake /autoware/src/universe/autoware.universe/system/topic_state_monitor -DCMAKE_BUILD_TYPE=Release -DAMENT_CMAKE_SYMLINK_INSTALL=1 -DCMAKE_INSTALL_PREFIX=/autoware/install/topic_state_monitor
[0.090s] -- The C compiler identification is GNU 11.3.0
[0.172s] -- The CXX compiler identification is GNU 11.3.0
[0.183s] -- Detecting C compiler ABI info
[0.280s] -- Detecting C compiler ABI info - done
[0.293s] -- Check for working C compiler: /usr/bin/cc - skipped
[0.294s] -- Detecting C compile features
[0.294s] -- Detecting C compile features - done
[0.299s] -- Detecting CXX compiler ABI info
[0.400s] -- Detecting CXX compiler ABI info - done
[0.414s] -- Check for working CXX compiler: /usr/bin/c++ - skipped
[0.414s] -- Detecting CXX compile features
[0.415s] -- Detecting CXX compile features - done
[0.417s] -- Found autoware_cmake: 0.1.0 (/autoware/install/autoware_cmake/share/autoware_cmake/cmake)
[0.664s] -- Found Python3: /usr/bin/python3.10 (found version "3.10.6") found components: Interpreter 
[0.766s] -- Override CMake install command with custom implementation using symlinks instead of copying resources
[0.979s] -- Found rosidl_generator_c: 3.1.3 (/opt/ros/humble/share/rosidl_generator_c/cmake)
[0.989s] -- Found rosidl_adapter: 3.1.3 (/opt/ros/humble/share/rosidl_adapter/cmake)
[1.004s] -- Found rosidl_generator_cpp: 3.1.3 (/opt/ros/humble/share/rosidl_generator_cpp/cmake)
[1.028s] -- Using all available rosidl_typesupport_c: rosidl_typesupport_fastrtps_c;rosidl_typesupport_introspection_c
[1.062s] -- Using all available rosidl_typesupport_cpp: rosidl_typesupport_fastrtps_cpp;rosidl_typesupport_introspection_cpp
[1.327s] -- Found rmw_implementation_cmake: 6.1.0 (/opt/ros/humble/share/rmw_implementation_cmake/cmake)
[1.331s] -- Found rmw_fastrtps_cpp: 6.2.1 (/opt/ros/humble/share/rmw_fastrtps_cpp/cmake)
[1.466s] -- Found OpenSSL: /usr/lib/x86_64-linux-gnu/libcrypto.so (found version "3.0.2")  
[1.533s] -- Found FastRTPS: /opt/ros/humble/include  
[1.608s] -- Using RMW implementation 'rmw_fastrtps_cpp' as default
[2.319s] -- Found ament_lint_auto: 0.12.4 (/opt/ros/humble/share/ament_lint_auto/cmake)
[2.406s] -- Added test 'copyright' to check source files copyright and LICENSE
[2.410s] -- Added test 'cppcheck' to perform static code analysis on C / C++ code
[2.411s] -- Configured cppcheck include dirs: /autoware/src/universe/autoware.universe/system/topic_state_monitor/include
[2.411s] -- Configured cppcheck exclude dirs and/or files: 
[2.412s] -- Added test 'lint_cmake' to check CMake code style
[2.414s] -- Added test 'xmllint' to check XML markup files
[2.422s] -- Configuring done
[2.475s] -- Generating done
[2.478s] -- Build files have been written to: /autoware/build/topic_state_monitor
[2.491s] Invoked command in '/autoware/build/topic_state_monitor' returned '0': AMENT_PREFIX_PATH=/autoware/install/autoware_cmake:/autoware/install/autoware_lint_common:${AMENT_PREFIX_PATH} CMAKE_PREFIX_PATH=/autoware/install/autoware_cmake:/autoware/install/autoware_lint_common:/opt/ros/humble /usr/bin/cmake /autoware/src/universe/autoware.universe/system/topic_state_monitor -DCMAKE_BUILD_TYPE=Release -DAMENT_CMAKE_SYMLINK_INSTALL=1 -DCMAKE_INSTALL_PREFIX=/autoware/install/topic_state_monitor
[2.492s] Invoking command in '/autoware/build/topic_state_monitor': AMENT_PREFIX_PATH=/autoware/install/autoware_cmake:/autoware/install/autoware_lint_common:${AMENT_PREFIX_PATH} CMAKE_PREFIX_PATH=/autoware/install/autoware_cmake:/autoware/install/autoware_lint_common:/opt/ros/humble /usr/bin/cmake --build /autoware/build/topic_state_monitor -- -j64 -l64
[2.569s] [ 20%] Building CXX object CMakeFiles/topic_state_monitor.dir/src/topic_state_monitor_core.cpp.o
[2.570s] [ 40%] Building CXX object CMakeFiles/topic_state_monitor_node.dir/rclcpp_components/node_main_topic_state_monitor_node.cpp.o
[2.571s] [ 60%] Building CXX object CMakeFiles/topic_state_monitor.dir/src/topic_state_monitor/topic_state_monitor.cpp.o
[7.619s] [ 80%] Linking CXX executable topic_state_monitor_node
[7.748s] [ 80%] Built target topic_state_monitor_node
[16.824s] [100%] Linking CXX shared library libtopic_state_monitor.so
[16.958s] [100%] Built target topic_state_monitor
[16.965s] Invoked command in '/autoware/build/topic_state_monitor' returned '0': AMENT_PREFIX_PATH=/autoware/install/autoware_cmake:/autoware/install/autoware_lint_common:${AMENT_PREFIX_PATH} CMAKE_PREFIX_PATH=/autoware/install/autoware_cmake:/autoware/install/autoware_lint_common:/opt/ros/humble /usr/bin/cmake --build /autoware/build/topic_state_monitor -- -j64 -l64
[16.986s] Invoking command in '/autoware/build/topic_state_monitor': AMENT_PREFIX_PATH=/autoware/install/autoware_cmake:/autoware/install/autoware_lint_common:${AMENT_PREFIX_PATH} CMAKE_PREFIX_PATH=/autoware/install/autoware_cmake:/autoware/install/autoware_lint_common:/opt/ros/humble /usr/bin/cmake --install /autoware/build/topic_state_monitor
[16.992s] -- Install configuration: "Release"
[16.992s] -- Execute custom install script
[16.993s] -- Symlinking: /autoware/install/topic_state_monitor/lib/topic_state_monitor/topic_state_monitor_node
[16.998s] -- Symlinking: /autoware/install/topic_state_monitor/include/topic_state_monitor/topic_state_monitor.hpp
[17.004s] -- Symlinking: /autoware/install/topic_state_monitor/include/topic_state_monitor/topic_state_monitor_core.hpp
[17.009s] -- Symlinking: /autoware/install/topic_state_monitor/share/topic_state_monitor/environment/library_path.sh
[17.014s] -- Symlinking: /autoware/install/topic_state_monitor/share/topic_state_monitor/environment/library_path.dsv
[17.020s] -- Symlinking: /autoware/install/topic_state_monitor/lib/libtopic_state_monitor.so
[17.025s] -- Symlinking: /autoware/install/topic_state_monitor/share/topic_state_monitor/launch/topic_state_monitor.launch.xml
[17.031s] -- Symlinking: /autoware/install/topic_state_monitor/share/topic_state_monitor/launch/topic_state_monitor_tf.launch.xml
[17.036s] -- Symlinking: /autoware/install/topic_state_monitor/share/ament_index/resource_index/package_run_dependencies/topic_state_monitor
[17.041s] -- Symlinking: /autoware/install/topic_state_monitor/share/ament_index/resource_index/parent_prefix_path/topic_state_monitor
[17.046s] -- Symlinking: /autoware/install/topic_state_monitor/share/topic_state_monitor/environment/ament_prefix_path.sh
[17.052s] -- Symlinking: /autoware/install/topic_state_monitor/share/topic_state_monitor/environment/ament_prefix_path.dsv
[17.057s] -- Symlinking: /autoware/install/topic_state_monitor/share/topic_state_monitor/environment/path.sh
[17.062s] -- Symlinking: /autoware/install/topic_state_monitor/share/topic_state_monitor/environment/path.dsv
[17.067s] -- Symlinking: /autoware/install/topic_state_monitor/share/topic_state_monitor/local_setup.bash
[17.072s] -- Symlinking: /autoware/install/topic_state_monitor/share/topic_state_monitor/local_setup.sh
[17.078s] -- Symlinking: /autoware/install/topic_state_monitor/share/topic_state_monitor/local_setup.zsh
[17.083s] -- Symlinking: /autoware/install/topic_state_monitor/share/topic_state_monitor/local_setup.dsv
[17.088s] -- Symlinking: /autoware/install/topic_state_monitor/share/topic_state_monitor/package.dsv
[17.094s] -- Symlinking: /autoware/install/topic_state_monitor/share/ament_index/resource_index/packages/topic_state_monitor
[17.099s] -- Symlinking: /autoware/install/topic_state_monitor/share/ament_index/resource_index/rclcpp_components/topic_state_monitor
[17.106s] -- Symlinking: /autoware/install/topic_state_monitor/share/topic_state_monitor/cmake/ament_cmake_export_dependencies-extras.cmake
[17.112s] -- Symlinking: /autoware/install/topic_state_monitor/share/topic_state_monitor/cmake/ament_cmake_export_include_directories-extras.cmake
[17.118s] -- Symlinking: /autoware/install/topic_state_monitor/share/topic_state_monitor/cmake/ament_cmake_export_libraries-extras.cmake
[17.125s] -- Symlinking: /autoware/install/topic_state_monitor/share/topic_state_monitor/cmake/topic_state_monitorConfig.cmake
[17.132s] -- Symlinking: /autoware/install/topic_state_monitor/share/topic_state_monitor/cmake/topic_state_monitorConfig-version.cmake
[17.138s] -- Symlinking: /autoware/install/topic_state_monitor/share/topic_state_monitor/package.xml
[17.153s] Invoked command in '/autoware/build/topic_state_monitor' returned '0': AMENT_PREFIX_PATH=/autoware/install/autoware_cmake:/autoware/install/autoware_lint_common:${AMENT_PREFIX_PATH} CMAKE_PREFIX_PATH=/autoware/install/autoware_cmake:/autoware/install/autoware_lint_common:/opt/ros/humble /usr/bin/cmake --install /autoware/build/topic_state_monitor
