[0.047s] Invoking command in '/autoware/build/ground_segmentation': AMENT_PREFIX_PATH=/autoware/install/vehicle_info_util:/autoware/install/pointcloud_preprocessor:/autoware/install/tier4_autoware_utils:/autoware/install/lanelet2_extension:/autoware/install/tier4_pcl_extensions:/autoware/install/autoware_utils:/autoware/install/autoware_point_types:/autoware/install/autoware_auto_vehicle_msgs:/autoware/install/autoware_planning_msgs:/autoware/install/autoware_cmake:/autoware/install/autoware_auto_planning_msgs:/autoware/install/autoware_auto_perception_msgs:/autoware/install/tier4_debug_msgs:/autoware/install/autoware_lint_common:/autoware/install/autoware_common_msgs:/autoware/install/autoware_auto_mapping_msgs:/autoware/install/autoware_auto_geometry_msgs:${AMENT_PREFIX_PATH} CMAKE_PREFIX_PATH=/autoware/install/vehicle_info_util:/autoware/install/pointcloud_preprocessor:/autoware/install/tier4_autoware_utils:/autoware/install/lanelet2_extension:/autoware/install/tier4_pcl_extensions:/autoware/install/autoware_utils:/autoware/install/autoware_point_types:/autoware/install/autoware_auto_vehicle_msgs:/autoware/install/autoware_planning_msgs:/autoware/install/autoware_cmake:/autoware/install/autoware_auto_planning_msgs:/autoware/install/autoware_auto_perception_msgs:/autoware/install/tier4_debug_msgs:/autoware/install/autoware_lint_common:/autoware/install/autoware_common_msgs:/autoware/install/autoware_auto_mapping_msgs:/autoware/install/autoware_auto_geometry_msgs:/opt/ros/humble LD_LIBRARY_PATH=/autoware/install/vehicle_info_util/lib:/autoware/install/pointcloud_preprocessor/lib:/autoware/install/tier4_autoware_utils/lib:/autoware/install/lanelet2_extension/lib:/autoware/install/tier4_pcl_extensions/lib:/autoware/install/autoware_utils/lib:/autoware/install/autoware_auto_vehicle_msgs/lib:/autoware/install/autoware_planning_msgs/lib:/autoware/install/autoware_auto_planning_msgs/lib:/autoware/install/autoware_auto_perception_msgs/lib:/autoware/install/tier4_debug_msgs/lib:/autoware/install/autoware_common_msgs/lib:/autoware/install/autoware_auto_mapping_msgs/lib:/autoware/install/autoware_auto_geometry_msgs/lib:${LD_LIBRARY_PATH} PYTHONPATH=/autoware/install/autoware_auto_vehicle_msgs/local/lib/python3.10/dist-packages:/autoware/install/autoware_planning_msgs/local/lib/python3.10/dist-packages:/autoware/install/autoware_auto_planning_msgs/local/lib/python3.10/dist-packages:/autoware/install/autoware_auto_perception_msgs/local/lib/python3.10/dist-packages:/autoware/install/tier4_debug_msgs/local/lib/python3.10/dist-packages:/autoware/install/autoware_common_msgs/local/lib/python3.10/dist-packages:/autoware/install/autoware_auto_mapping_msgs/local/lib/python3.10/dist-packages:/autoware/install/autoware_auto_geometry_msgs/local/lib/python3.10/dist-packages:${PYTHONPATH} /usr/bin/cmake /autoware/src/universe/autoware.universe/perception/ground_segmentation -DCMAKE_BUILD_TYPE=Release -DAMENT_CMAKE_SYMLINK_INSTALL=1 -DCMAKE_INSTALL_PREFIX=/autoware/install/ground_segmentation
[0.097s] -- The C compiler identification is GNU 11.3.0
[0.149s] -- The CXX compiler identification is GNU 11.3.0
[0.159s] -- Detecting C compiler ABI info
[0.224s] -- Detecting C compiler ABI info - done
[0.235s] -- Check for working C compiler: /usr/bin/cc - skipped
[0.235s] -- Detecting C compile features
[0.236s] -- Detecting C compile features - done
[0.240s] -- Detecting CXX compiler ABI info
[0.311s] -- Detecting CXX compiler ABI info - done
[0.318s] -- Check for working CXX compiler: /usr/bin/c++ - skipped
[0.318s] -- Detecting CXX compile features
[0.319s] -- Detecting CXX compile features - done
[0.320s] -- Found autoware_cmake: 0.1.0 (/autoware/install/autoware_cmake/share/autoware_cmake/cmake)
[0.518s] -- Found Python3: /usr/bin/python3.10 (found version "3.10.6") found components: Interpreter 
[0.578s] -- Override CMake install command with custom implementation using symlinks instead of copying resources
[0.804s] -- Found rosidl_generator_c: 3.1.3 (/opt/ros/humble/share/rosidl_generator_c/cmake)
[0.812s] -- Found rosidl_adapter: 3.1.3 (/opt/ros/humble/share/rosidl_adapter/cmake)
[0.823s] -- Found rosidl_generator_cpp: 3.1.3 (/opt/ros/humble/share/rosidl_generator_cpp/cmake)
[0.839s] -- Using all available rosidl_typesupport_c: rosidl_typesupport_fastrtps_c;rosidl_typesupport_introspection_c
[0.862s] -- Using all available rosidl_typesupport_cpp: rosidl_typesupport_fastrtps_cpp;rosidl_typesupport_introspection_cpp
[0.939s] -- Found rmw_implementation_cmake: 6.1.0 (/opt/ros/humble/share/rmw_implementation_cmake/cmake)
[0.943s] -- Found rmw_fastrtps_cpp: 6.2.1 (/opt/ros/humble/share/rmw_fastrtps_cpp/cmake)
[1.038s] -- Found OpenSSL: /usr/lib/x86_64-linux-gnu/libcrypto.so (found version "3.0.2")  
[1.066s] -- Found FastRTPS: /opt/ros/humble/include  
[1.116s] -- Using RMW implementation 'rmw_fastrtps_cpp' as default
[1.738s] -- Found eigen3_cmake_module: 0.1.1 (/opt/ros/humble/share/eigen3_cmake_module/cmake)
[1.739s] -- Found Eigen3: TRUE (found version "3.4.0") 
[1.739s] -- Ensuring Eigen3 include directory is part of orocos-kdl CMake target
[2.132s] -- Checking for module 'eigen3'
[2.142s] --   Found eigen3, version 3.4.0
[2.167s] -- Found Eigen: /usr/include/eigen3 (Required is at least version "3.1") 
[2.167s] -- Eigen found (include: /usr/include/eigen3, version: 3.4.0)
[2.216s] -- Checking for module 'flann'
[2.226s] --   Found flann, version 1.9.1
[2.264s] -- Found FLANN: /usr/lib/x86_64-linux-gnu/libflann_cpp.so  
[2.264s] -- FLANN found (include: /usr/include, lib: /usr/lib/x86_64-linux-gnu/libflann_cpp.so)
[3.315s] -- Checking for module 'libusb-1.0'
[3.328s] --   Found libusb-1.0, version 1.0.25
[3.357s] -- Found libusb: /usr/lib/x86_64-linux-gnu/libusb-1.0.so  
[3.359s] -- OpenNI found (version: 1.5.4.0, include: /usr/include/ni, lib: /usr/lib/libOpenNI.so;libusb::libusb)
[3.404s] -- OpenNI2 found (version: 2.2.0.33, include: /usr/include/openni2, lib: /usr/lib/x86_64-linux-gnu/libOpenNI2.so;libusb::libusb)
[3.560s] -- Eigen found (include: /usr/include/eigen3, version: 3.4.0)
[3.609s] -- OpenNI found (version: 1.5.4.0, include: /usr/include/ni, lib: /usr/lib/libOpenNI.so;libusb::libusb)
[3.610s] -- OpenNI2 found (version: 2.2.0.33, include: /usr/include/openni2, lib: /usr/lib/x86_64-linux-gnu/libOpenNI2.so;libusb::libusb)
[3.718s] -- Found Qhull version 8.0.2
[3.868s] -- OpenNI found (version: 1.5.4.0, include: /usr/include/ni, lib: /usr/lib/libOpenNI.so;libusb::libusb)
[4.016s] -- Found PCL_COMMON: /usr/lib/x86_64-linux-gnu/libpcl_common.so  
[4.017s] -- Found PCL_KDTREE: /usr/lib/x86_64-linux-gnu/libpcl_kdtree.so  
[4.017s] -- Found PCL_OCTREE: /usr/lib/x86_64-linux-gnu/libpcl_octree.so  
[4.018s] -- Found PCL_SEARCH: /usr/lib/x86_64-linux-gnu/libpcl_search.so  
[4.018s] -- Found PCL_SAMPLE_CONSENSUS: /usr/lib/x86_64-linux-gnu/libpcl_sample_consensus.so  
[4.019s] -- Found PCL_FILTERS: /usr/lib/x86_64-linux-gnu/libpcl_filters.so  
[4.019s] -- Found PCL_2D: /usr/include/pcl-1.12  
[4.020s] -- Found PCL_GEOMETRY: /usr/include/pcl-1.12  
[4.020s] -- Found PCL_IO: /usr/lib/x86_64-linux-gnu/libpcl_io.so  
[4.021s] -- Found PCL_FEATURES: /usr/lib/x86_64-linux-gnu/libpcl_features.so  
[4.022s] -- Found PCL_ML: /usr/lib/x86_64-linux-gnu/libpcl_ml.so  
[4.023s] -- Found PCL_SEGMENTATION: /usr/lib/x86_64-linux-gnu/libpcl_segmentation.so  
[4.023s] -- Found PCL_VISUALIZATION: /usr/lib/x86_64-linux-gnu/libpcl_visualization.so  
[4.024s] -- Found PCL_SURFACE: /usr/lib/x86_64-linux-gnu/libpcl_surface.so  
[4.025s] -- Found PCL_REGISTRATION: /usr/lib/x86_64-linux-gnu/libpcl_registration.so  
[4.026s] -- Found PCL_KEYPOINTS: /usr/lib/x86_64-linux-gnu/libpcl_keypoints.so  
[4.026s] -- Found PCL_TRACKING: /usr/lib/x86_64-linux-gnu/libpcl_tracking.so  
[4.027s] -- Found PCL_RECOGNITION: /usr/lib/x86_64-linux-gnu/libpcl_recognition.so  
[4.028s] -- Found PCL_STEREO: /usr/lib/x86_64-linux-gnu/libpcl_stereo.so  
[4.029s] -- Found PCL_APPS: /usr/lib/x86_64-linux-gnu/libpcl_apps.so  
[4.029s] -- Found PCL_IN_HAND_SCANNER: /usr/include/pcl-1.12  
[4.030s] -- Found PCL_MODELER: /usr/include/pcl-1.12  
[4.030s] -- Found PCL_POINT_CLOUD_EDITOR: /usr/include/pcl-1.12  
[4.031s] -- Found PCL_OUTOFCORE: /usr/lib/x86_64-linux-gnu/libpcl_outofcore.so  
[4.031s] -- Found PCL_PEOPLE: /usr/lib/x86_64-linux-gnu/libpcl_people.so  
[5.475s] -- Found mrt_cmake_modules: 1.0.9 (/opt/ros/humble/share/mrt_cmake_modules/cmake)
[5.552s] -- Found Boost: /usr/lib/x86_64-linux-gnu/cmake/Boost-1.74.0/BoostConfig.cmake (found version "1.74.0") found components: wserialization thread random serialization log_setup prg_exec_monitor wave system chrono filesystem locale timer date_time regex graph program_options unit_test_framework log atomic iostreams 
[5.777s] -- Found OpenMP_C: -fopenmp (found version "4.5") 
[5.857s] -- Found OpenMP_CXX: -fopenmp (found version "4.5") 
[5.858s] -- Found OpenMP: TRUE (found version "4.5")  
[5.868s] -- Found pugixml: /usr/lib/x86_64-linux-gnu/libpugixml.so  
[5.890s] -- Found PkgConfig: /usr/bin/pkg-config (found version "0.29.2") 
[5.894s] -- Found GeographicLib: /usr/lib/x86_64-linux-gnu/libGeographic.so  
[9.482s] -- Found ament_lint_auto: 0.12.4 (/opt/ros/humble/share/ament_lint_auto/cmake)
[9.488s] -- Found OpenCV: /usr (found version "4.5.4") 
[9.493s] -- Found Boost: /usr/lib/x86_64-linux-gnu/cmake/Boost-1.74.0/BoostConfig.cmake (found version "1.74.0")  
[9.503s] -- Found OpenMP_C: -fopenmp (found version "4.5") 
[9.504s] -- Found OpenMP_CXX: -fopenmp (found version "4.5") 
[9.703s] -- Added test 'copyright' to check source files copyright and LICENSE
[9.705s] -- Added test 'cppcheck' to perform static code analysis on C / C++ code
[9.706s] -- Configured cppcheck include dirs: /autoware/src/universe/autoware.universe/perception/ground_segmentation/include
[9.706s] -- Configured cppcheck exclude dirs and/or files: 
[9.707s] -- Added test 'lint_cmake' to check CMake code style
[9.707s] -- Added test 'xmllint' to check XML markup files
[9.711s] -- Configuring done
[9.798s] -- Generating done
[9.801s] -- Build files have been written to: /autoware/build/ground_segmentation
[9.823s] Invoked command in '/autoware/build/ground_segmentation' returned '0': AMENT_PREFIX_PATH=/autoware/install/vehicle_info_util:/autoware/install/pointcloud_preprocessor:/autoware/install/tier4_autoware_utils:/autoware/install/lanelet2_extension:/autoware/install/tier4_pcl_extensions:/autoware/install/autoware_utils:/autoware/install/autoware_point_types:/autoware/install/autoware_auto_vehicle_msgs:/autoware/install/autoware_planning_msgs:/autoware/install/autoware_cmake:/autoware/install/autoware_auto_planning_msgs:/autoware/install/autoware_auto_perception_msgs:/autoware/install/tier4_debug_msgs:/autoware/install/autoware_lint_common:/autoware/install/autoware_common_msgs:/autoware/install/autoware_auto_mapping_msgs:/autoware/install/autoware_auto_geometry_msgs:${AMENT_PREFIX_PATH} CMAKE_PREFIX_PATH=/autoware/install/vehicle_info_util:/autoware/install/pointcloud_preprocessor:/autoware/install/tier4_autoware_utils:/autoware/install/lanelet2_extension:/autoware/install/tier4_pcl_extensions:/autoware/install/autoware_utils:/autoware/install/autoware_point_types:/autoware/install/autoware_auto_vehicle_msgs:/autoware/install/autoware_planning_msgs:/autoware/install/autoware_cmake:/autoware/install/autoware_auto_planning_msgs:/autoware/install/autoware_auto_perception_msgs:/autoware/install/tier4_debug_msgs:/autoware/install/autoware_lint_common:/autoware/install/autoware_common_msgs:/autoware/install/autoware_auto_mapping_msgs:/autoware/install/autoware_auto_geometry_msgs:/opt/ros/humble LD_LIBRARY_PATH=/autoware/install/vehicle_info_util/lib:/autoware/install/pointcloud_preprocessor/lib:/autoware/install/tier4_autoware_utils/lib:/autoware/install/lanelet2_extension/lib:/autoware/install/tier4_pcl_extensions/lib:/autoware/install/autoware_utils/lib:/autoware/install/autoware_auto_vehicle_msgs/lib:/autoware/install/autoware_planning_msgs/lib:/autoware/install/autoware_auto_planning_msgs/lib:/autoware/install/autoware_auto_perception_msgs/lib:/autoware/install/tier4_debug_msgs/lib:/autoware/install/autoware_common_msgs/lib:/autoware/install/autoware_auto_mapping_msgs/lib:/autoware/install/autoware_auto_geometry_msgs/lib:${LD_LIBRARY_PATH} PYTHONPATH=/autoware/install/autoware_auto_vehicle_msgs/local/lib/python3.10/dist-packages:/autoware/install/autoware_planning_msgs/local/lib/python3.10/dist-packages:/autoware/install/autoware_auto_planning_msgs/local/lib/python3.10/dist-packages:/autoware/install/autoware_auto_perception_msgs/local/lib/python3.10/dist-packages:/autoware/install/tier4_debug_msgs/local/lib/python3.10/dist-packages:/autoware/install/autoware_common_msgs/local/lib/python3.10/dist-packages:/autoware/install/autoware_auto_mapping_msgs/local/lib/python3.10/dist-packages:/autoware/install/autoware_auto_geometry_msgs/local/lib/python3.10/dist-packages:${PYTHONPATH} /usr/bin/cmake /autoware/src/universe/autoware.universe/perception/ground_segmentation -DCMAKE_BUILD_TYPE=Release -DAMENT_CMAKE_SYMLINK_INSTALL=1 -DCMAKE_INSTALL_PREFIX=/autoware/install/ground_segmentation
[9.825s] Invoking command in '/autoware/build/ground_segmentation': AMENT_PREFIX_PATH=/autoware/install/vehicle_info_util:/autoware/install/pointcloud_preprocessor:/autoware/install/tier4_autoware_utils:/autoware/install/lanelet2_extension:/autoware/install/tier4_pcl_extensions:/autoware/install/autoware_utils:/autoware/install/autoware_point_types:/autoware/install/autoware_auto_vehicle_msgs:/autoware/install/autoware_planning_msgs:/autoware/install/autoware_cmake:/autoware/install/autoware_auto_planning_msgs:/autoware/install/autoware_auto_perception_msgs:/autoware/install/tier4_debug_msgs:/autoware/install/autoware_lint_common:/autoware/install/autoware_common_msgs:/autoware/install/autoware_auto_mapping_msgs:/autoware/install/autoware_auto_geometry_msgs:${AMENT_PREFIX_PATH} CMAKE_PREFIX_PATH=/autoware/install/vehicle_info_util:/autoware/install/pointcloud_preprocessor:/autoware/install/tier4_autoware_utils:/autoware/install/lanelet2_extension:/autoware/install/tier4_pcl_extensions:/autoware/install/autoware_utils:/autoware/install/autoware_point_types:/autoware/install/autoware_auto_vehicle_msgs:/autoware/install/autoware_planning_msgs:/autoware/install/autoware_cmake:/autoware/install/autoware_auto_planning_msgs:/autoware/install/autoware_auto_perception_msgs:/autoware/install/tier4_debug_msgs:/autoware/install/autoware_lint_common:/autoware/install/autoware_common_msgs:/autoware/install/autoware_auto_mapping_msgs:/autoware/install/autoware_auto_geometry_msgs:/opt/ros/humble LD_LIBRARY_PATH=/autoware/install/vehicle_info_util/lib:/autoware/install/pointcloud_preprocessor/lib:/autoware/install/tier4_autoware_utils/lib:/autoware/install/lanelet2_extension/lib:/autoware/install/tier4_pcl_extensions/lib:/autoware/install/autoware_utils/lib:/autoware/install/autoware_auto_vehicle_msgs/lib:/autoware/install/autoware_planning_msgs/lib:/autoware/install/autoware_auto_planning_msgs/lib:/autoware/install/autoware_auto_perception_msgs/lib:/autoware/install/tier4_debug_msgs/lib:/autoware/install/autoware_common_msgs/lib:/autoware/install/autoware_auto_mapping_msgs/lib:/autoware/install/autoware_auto_geometry_msgs/lib:${LD_LIBRARY_PATH} PYTHONPATH=/autoware/install/autoware_auto_vehicle_msgs/local/lib/python3.10/dist-packages:/autoware/install/autoware_planning_msgs/local/lib/python3.10/dist-packages:/autoware/install/autoware_auto_planning_msgs/local/lib/python3.10/dist-packages:/autoware/install/autoware_auto_perception_msgs/local/lib/python3.10/dist-packages:/autoware/install/tier4_debug_msgs/local/lib/python3.10/dist-packages:/autoware/install/autoware_common_msgs/local/lib/python3.10/dist-packages:/autoware/install/autoware_auto_mapping_msgs/local/lib/python3.10/dist-packages:/autoware/install/autoware_auto_geometry_msgs/local/lib/python3.10/dist-packages:${PYTHONPATH} /usr/bin/cmake --build /autoware/build/ground_segmentation -- -j64 -l64
[9.880s] [ 10%] Building CXX object CMakeFiles/ray_ground_filter_node.dir/rclcpp_components/node_main_ray_ground_filter_node.cpp.o
[9.882s] [ 20%] Building CXX object CMakeFiles/scan_ground_filter_node.dir/rclcpp_components/node_main_scan_ground_filter_node.cpp.o
[9.882s] [ 30%] Building CXX object CMakeFiles/ransac_ground_filter_node.dir/rclcpp_components/node_main_ransac_ground_filter_node.cpp.o
[9.884s] [ 40%] Building CXX object CMakeFiles/ground_segmentation.dir/src/ray_ground_filter_nodelet.cpp.o
[9.884s] [ 50%] Building CXX object CMakeFiles/ground_segmentation.dir/src/ransac_ground_filter_nodelet.cpp.o
[9.886s] [ 60%] Building CXX object CMakeFiles/ground_segmentation.dir/src/scan_ground_filter_nodelet.cpp.o
[12.843s] [ 70%] Linking CXX executable scan_ground_filter_node
[12.877s] [ 80%] Linking CXX executable ransac_ground_filter_node
[12.914s] [ 90%] Linking CXX executable ray_ground_filter_node
[12.931s] [ 90%] Built target scan_ground_filter_node
[12.965s] [ 90%] Built target ransac_ground_filter_node
[13.002s] [ 90%] Built target ray_ground_filter_node
[36.876s] [100%] Linking CXX shared library libground_segmentation.so
[38.398s] [100%] Built target ground_segmentation
[38.416s] Invoked command in '/autoware/build/ground_segmentation' returned '0': AMENT_PREFIX_PATH=/autoware/install/vehicle_info_util:/autoware/install/pointcloud_preprocessor:/autoware/install/tier4_autoware_utils:/autoware/install/lanelet2_extension:/autoware/install/tier4_pcl_extensions:/autoware/install/autoware_utils:/autoware/install/autoware_point_types:/autoware/install/autoware_auto_vehicle_msgs:/autoware/install/autoware_planning_msgs:/autoware/install/autoware_cmake:/autoware/install/autoware_auto_planning_msgs:/autoware/install/autoware_auto_perception_msgs:/autoware/install/tier4_debug_msgs:/autoware/install/autoware_lint_common:/autoware/install/autoware_common_msgs:/autoware/install/autoware_auto_mapping_msgs:/autoware/install/autoware_auto_geometry_msgs:${AMENT_PREFIX_PATH} CMAKE_PREFIX_PATH=/autoware/install/vehicle_info_util:/autoware/install/pointcloud_preprocessor:/autoware/install/tier4_autoware_utils:/autoware/install/lanelet2_extension:/autoware/install/tier4_pcl_extensions:/autoware/install/autoware_utils:/autoware/install/autoware_point_types:/autoware/install/autoware_auto_vehicle_msgs:/autoware/install/autoware_planning_msgs:/autoware/install/autoware_cmake:/autoware/install/autoware_auto_planning_msgs:/autoware/install/autoware_auto_perception_msgs:/autoware/install/tier4_debug_msgs:/autoware/install/autoware_lint_common:/autoware/install/autoware_common_msgs:/autoware/install/autoware_auto_mapping_msgs:/autoware/install/autoware_auto_geometry_msgs:/opt/ros/humble LD_LIBRARY_PATH=/autoware/install/vehicle_info_util/lib:/autoware/install/pointcloud_preprocessor/lib:/autoware/install/tier4_autoware_utils/lib:/autoware/install/lanelet2_extension/lib:/autoware/install/tier4_pcl_extensions/lib:/autoware/install/autoware_utils/lib:/autoware/install/autoware_auto_vehicle_msgs/lib:/autoware/install/autoware_planning_msgs/lib:/autoware/install/autoware_auto_planning_msgs/lib:/autoware/install/autoware_auto_perception_msgs/lib:/autoware/install/tier4_debug_msgs/lib:/autoware/install/autoware_common_msgs/lib:/autoware/install/autoware_auto_mapping_msgs/lib:/autoware/install/autoware_auto_geometry_msgs/lib:${LD_LIBRARY_PATH} PYTHONPATH=/autoware/install/autoware_auto_vehicle_msgs/local/lib/python3.10/dist-packages:/autoware/install/autoware_planning_msgs/local/lib/python3.10/dist-packages:/autoware/install/autoware_auto_planning_msgs/local/lib/python3.10/dist-packages:/autoware/install/autoware_auto_perception_msgs/local/lib/python3.10/dist-packages:/autoware/install/tier4_debug_msgs/local/lib/python3.10/dist-packages:/autoware/install/autoware_common_msgs/local/lib/python3.10/dist-packages:/autoware/install/autoware_auto_mapping_msgs/local/lib/python3.10/dist-packages:/autoware/install/autoware_auto_geometry_msgs/local/lib/python3.10/dist-packages:${PYTHONPATH} /usr/bin/cmake --build /autoware/build/ground_segmentation -- -j64 -l64
[38.461s] Invoking command in '/autoware/build/ground_segmentation': AMENT_PREFIX_PATH=/autoware/install/vehicle_info_util:/autoware/install/pointcloud_preprocessor:/autoware/install/tier4_autoware_utils:/autoware/install/lanelet2_extension:/autoware/install/tier4_pcl_extensions:/autoware/install/autoware_utils:/autoware/install/autoware_point_types:/autoware/install/autoware_auto_vehicle_msgs:/autoware/install/autoware_planning_msgs:/autoware/install/autoware_cmake:/autoware/install/autoware_auto_planning_msgs:/autoware/install/autoware_auto_perception_msgs:/autoware/install/tier4_debug_msgs:/autoware/install/autoware_lint_common:/autoware/install/autoware_common_msgs:/autoware/install/autoware_auto_mapping_msgs:/autoware/install/autoware_auto_geometry_msgs:${AMENT_PREFIX_PATH} CMAKE_PREFIX_PATH=/autoware/install/vehicle_info_util:/autoware/install/pointcloud_preprocessor:/autoware/install/tier4_autoware_utils:/autoware/install/lanelet2_extension:/autoware/install/tier4_pcl_extensions:/autoware/install/autoware_utils:/autoware/install/autoware_point_types:/autoware/install/autoware_auto_vehicle_msgs:/autoware/install/autoware_planning_msgs:/autoware/install/autoware_cmake:/autoware/install/autoware_auto_planning_msgs:/autoware/install/autoware_auto_perception_msgs:/autoware/install/tier4_debug_msgs:/autoware/install/autoware_lint_common:/autoware/install/autoware_common_msgs:/autoware/install/autoware_auto_mapping_msgs:/autoware/install/autoware_auto_geometry_msgs:/opt/ros/humble LD_LIBRARY_PATH=/autoware/install/vehicle_info_util/lib:/autoware/install/pointcloud_preprocessor/lib:/autoware/install/tier4_autoware_utils/lib:/autoware/install/lanelet2_extension/lib:/autoware/install/tier4_pcl_extensions/lib:/autoware/install/autoware_utils/lib:/autoware/install/autoware_auto_vehicle_msgs/lib:/autoware/install/autoware_planning_msgs/lib:/autoware/install/autoware_auto_planning_msgs/lib:/autoware/install/autoware_auto_perception_msgs/lib:/autoware/install/tier4_debug_msgs/lib:/autoware/install/autoware_common_msgs/lib:/autoware/install/autoware_auto_mapping_msgs/lib:/autoware/install/autoware_auto_geometry_msgs/lib:${LD_LIBRARY_PATH} PYTHONPATH=/autoware/install/autoware_auto_vehicle_msgs/local/lib/python3.10/dist-packages:/autoware/install/autoware_planning_msgs/local/lib/python3.10/dist-packages:/autoware/install/autoware_auto_planning_msgs/local/lib/python3.10/dist-packages:/autoware/install/autoware_auto_perception_msgs/local/lib/python3.10/dist-packages:/autoware/install/tier4_debug_msgs/local/lib/python3.10/dist-packages:/autoware/install/autoware_common_msgs/local/lib/python3.10/dist-packages:/autoware/install/autoware_auto_mapping_msgs/local/lib/python3.10/dist-packages:/autoware/install/autoware_auto_geometry_msgs/local/lib/python3.10/dist-packages:${PYTHONPATH} /usr/bin/cmake --install /autoware/build/ground_segmentation
[38.473s] -- Install configuration: "Release"
[38.473s] -- Execute custom install script
[38.474s] -- Symlinking: /autoware/install/ground_segmentation/lib/ground_segmentation/ray_ground_filter_node
[38.487s] -- Symlinking: /autoware/install/ground_segmentation/lib/ground_segmentation/ransac_ground_filter_node
[38.500s] -- Symlinking: /autoware/install/ground_segmentation/lib/ground_segmentation/scan_ground_filter_node
[38.513s] -- Symlinking: /autoware/install/ground_segmentation/include/ground_segmentation/gencolors.hpp
[38.527s] -- Symlinking: /autoware/install/ground_segmentation/include/ground_segmentation/ransac_ground_filter_nodelet.hpp
[38.540s] -- Symlinking: /autoware/install/ground_segmentation/include/ground_segmentation/ray_ground_filter_nodelet.hpp
[38.553s] -- Symlinking: /autoware/install/ground_segmentation/include/ground_segmentation/scan_ground_filter_nodelet.hpp
[38.567s] -- Symlinking: /autoware/install/ground_segmentation/share/ground_segmentation/environment/library_path.sh
[38.579s] -- Symlinking: /autoware/install/ground_segmentation/share/ground_segmentation/environment/library_path.dsv
[38.592s] -- Symlinking: /autoware/install/ground_segmentation/lib/libground_segmentation.so
[38.603s] -- Symlinking: /autoware/install/ground_segmentation/share/ground_segmentation/launch/scan_ground_filter.launch.py
[38.615s] -- Symlinking: /autoware/install/ground_segmentation/share/ament_index/resource_index/package_run_dependencies/ground_segmentation
[38.626s] -- Symlinking: /autoware/install/ground_segmentation/share/ament_index/resource_index/parent_prefix_path/ground_segmentation
[38.637s] -- Symlinking: /autoware/install/ground_segmentation/share/ground_segmentation/environment/ament_prefix_path.sh
[38.653s] -- Symlinking: /autoware/install/ground_segmentation/share/ground_segmentation/environment/ament_prefix_path.dsv
[38.665s] -- Symlinking: /autoware/install/ground_segmentation/share/ground_segmentation/environment/path.sh
[38.676s] -- Symlinking: /autoware/install/ground_segmentation/share/ground_segmentation/environment/path.dsv
[38.689s] -- Symlinking: /autoware/install/ground_segmentation/share/ground_segmentation/local_setup.bash
[38.704s] -- Symlinking: /autoware/install/ground_segmentation/share/ground_segmentation/local_setup.sh
[38.717s] -- Symlinking: /autoware/install/ground_segmentation/share/ground_segmentation/local_setup.zsh
[38.732s] -- Symlinking: /autoware/install/ground_segmentation/share/ground_segmentation/local_setup.dsv
[38.774s] -- Symlinking: /autoware/install/ground_segmentation/share/ground_segmentation/package.dsv
[38.775s] -- Symlinking: /autoware/install/ground_segmentation/share/ament_index/resource_index/packages/ground_segmentation
[38.775s] -- Symlinking: /autoware/install/ground_segmentation/share/ament_index/resource_index/rclcpp_components/ground_segmentation
[38.787s] -- Symlinking: /autoware/install/ground_segmentation/share/ground_segmentation/cmake/ament_cmake_export_dependencies-extras.cmake
[38.799s] -- Symlinking: /autoware/install/ground_segmentation/share/ground_segmentation/cmake/ament_cmake_export_include_directories-extras.cmake
[38.813s] -- Symlinking: /autoware/install/ground_segmentation/share/ground_segmentation/cmake/ament_cmake_export_libraries-extras.cmake
[38.877s] -- Symlinking: /autoware/install/ground_segmentation/share/ground_segmentation/cmake/ground_segmentationConfig.cmake
[38.877s] -- Symlinking: /autoware/install/ground_segmentation/share/ground_segmentation/cmake/ground_segmentationConfig-version.cmake
[38.878s] -- Symlinking: /autoware/install/ground_segmentation/share/ground_segmentation/package.xml
[38.878s] Invoked command in '/autoware/build/ground_segmentation' returned '0': AMENT_PREFIX_PATH=/autoware/install/vehicle_info_util:/autoware/install/pointcloud_preprocessor:/autoware/install/tier4_autoware_utils:/autoware/install/lanelet2_extension:/autoware/install/tier4_pcl_extensions:/autoware/install/autoware_utils:/autoware/install/autoware_point_types:/autoware/install/autoware_auto_vehicle_msgs:/autoware/install/autoware_planning_msgs:/autoware/install/autoware_cmake:/autoware/install/autoware_auto_planning_msgs:/autoware/install/autoware_auto_perception_msgs:/autoware/install/tier4_debug_msgs:/autoware/install/autoware_lint_common:/autoware/install/autoware_common_msgs:/autoware/install/autoware_auto_mapping_msgs:/autoware/install/autoware_auto_geometry_msgs:${AMENT_PREFIX_PATH} CMAKE_PREFIX_PATH=/autoware/install/vehicle_info_util:/autoware/install/pointcloud_preprocessor:/autoware/install/tier4_autoware_utils:/autoware/install/lanelet2_extension:/autoware/install/tier4_pcl_extensions:/autoware/install/autoware_utils:/autoware/install/autoware_point_types:/autoware/install/autoware_auto_vehicle_msgs:/autoware/install/autoware_planning_msgs:/autoware/install/autoware_cmake:/autoware/install/autoware_auto_planning_msgs:/autoware/install/autoware_auto_perception_msgs:/autoware/install/tier4_debug_msgs:/autoware/install/autoware_lint_common:/autoware/install/autoware_common_msgs:/autoware/install/autoware_auto_mapping_msgs:/autoware/install/autoware_auto_geometry_msgs:/opt/ros/humble LD_LIBRARY_PATH=/autoware/install/vehicle_info_util/lib:/autoware/install/pointcloud_preprocessor/lib:/autoware/install/tier4_autoware_utils/lib:/autoware/install/lanelet2_extension/lib:/autoware/install/tier4_pcl_extensions/lib:/autoware/install/autoware_utils/lib:/autoware/install/autoware_auto_vehicle_msgs/lib:/autoware/install/autoware_planning_msgs/lib:/autoware/install/autoware_auto_planning_msgs/lib:/autoware/install/autoware_auto_perception_msgs/lib:/autoware/install/tier4_debug_msgs/lib:/autoware/install/autoware_common_msgs/lib:/autoware/install/autoware_auto_mapping_msgs/lib:/autoware/install/autoware_auto_geometry_msgs/lib:${LD_LIBRARY_PATH} PYTHONPATH=/autoware/install/autoware_auto_vehicle_msgs/local/lib/python3.10/dist-packages:/autoware/install/autoware_planning_msgs/local/lib/python3.10/dist-packages:/autoware/install/autoware_auto_planning_msgs/local/lib/python3.10/dist-packages:/autoware/install/autoware_auto_perception_msgs/local/lib/python3.10/dist-packages:/autoware/install/tier4_debug_msgs/local/lib/python3.10/dist-packages:/autoware/install/autoware_common_msgs/local/lib/python3.10/dist-packages:/autoware/install/autoware_auto_mapping_msgs/local/lib/python3.10/dist-packages:/autoware/install/autoware_auto_geometry_msgs/local/lib/python3.10/dist-packages:${PYTHONPATH} /usr/bin/cmake --install /autoware/build/ground_segmentation
