[0.027s] Invoking command in '/autoware/build/ad_api_adaptors': AMENT_PREFIX_PATH=/autoware/install/component_interface_utils:/autoware/install/tier4_system_msgs:/autoware/install/autoware_ad_api_specs:/autoware/install/tier4_localization_msgs:/autoware/install/autoware_common_msgs:/autoware/install/autoware_cmake:/autoware/install/autoware_adapi_v1_msgs:/autoware/install/autoware_lint_common:/autoware/install/ament_cmake_auto:${AMENT_PREFIX_PATH} CMAKE_PREFIX_PATH=/autoware/install/component_interface_utils:/autoware/install/tier4_system_msgs:/autoware/install/autoware_ad_api_specs:/autoware/install/tier4_localization_msgs:/autoware/install/autoware_common_msgs:/autoware/install/autoware_cmake:/autoware/install/autoware_adapi_v1_msgs:/autoware/install/autoware_lint_common:/autoware/install/ament_cmake_auto:/opt/ros/humble LD_LIBRARY_PATH=/autoware/install/tier4_system_msgs/lib:/autoware/install/tier4_localization_msgs/lib:/autoware/install/autoware_common_msgs/lib:/autoware/install/autoware_adapi_v1_msgs/lib:${LD_LIBRARY_PATH} PYTHONPATH=/autoware/install/tier4_system_msgs/local/lib/python3.10/dist-packages:/autoware/install/tier4_localization_msgs/local/lib/python3.10/dist-packages:/autoware/install/autoware_common_msgs/local/lib/python3.10/dist-packages:/autoware/install/autoware_adapi_v1_msgs/local/lib/python3.10/dist-packages:${PYTHONPATH} /usr/bin/cmake --build /autoware/build/ad_api_adaptors -- -j64 -l64
[0.050s] -- Found autoware_cmake: 0.1.0 (/autoware/install/autoware_cmake/share/autoware_cmake/cmake)
[0.050s] -- Found ament_cmake_auto: 1.3.2 (/opt/ros/humble/share/ament_cmake_auto/cmake)
[0.205s] -- Override CMake install command with custom implementation using symlinks instead of copying resources
[0.282s] -- Found rosidl_generator_c: 3.1.3 (/opt/ros/humble/share/rosidl_generator_c/cmake)
[0.284s] -- Found rosidl_adapter: 3.1.3 (/opt/ros/humble/share/rosidl_adapter/cmake)
[0.314s] -- Found rosidl_generator_cpp: 3.1.3 (/opt/ros/humble/share/rosidl_generator_cpp/cmake)
[0.314s] -- Using all available rosidl_typesupport_c: rosidl_typesupport_fastrtps_c;rosidl_typesupport_introspection_c
[0.314s] -- Using all available rosidl_typesupport_cpp: rosidl_typesupport_fastrtps_cpp;rosidl_typesupport_introspection_cpp
[0.706s] -- Found rmw_implementation_cmake: 6.1.0 (/opt/ros/humble/share/rmw_implementation_cmake/cmake)
[0.708s] -- Found rmw_fastrtps_cpp: 6.2.1 (/opt/ros/humble/share/rmw_fastrtps_cpp/cmake)
[0.836s] -- Using RMW implementation 'rmw_fastrtps_cpp' as default
[1.081s] -- Found ament_lint_auto: 0.12.4 (/opt/ros/humble/share/ament_lint_auto/cmake)
[1.189s] -- Added test 'copyright' to check source files copyright and LICENSE
[1.189s] -- Added test 'cppcheck' to perform static code analysis on C / C++ code
[1.189s] -- Configured cppcheck include dirs: 
[1.189s] -- Configured cppcheck exclude dirs and/or files: 
[1.189s] -- Added test 'lint_cmake' to check CMake code style
[1.189s] -- Added test 'xmllint' to check XML markup files
[1.192s] -- Configuring done
[1.234s] -- Generating done
[1.236s] -- Build files have been written to: /autoware/build/ad_api_adaptors
[1.265s] Consolidate compiler generated dependencies of target initial_pose_adaptor
[1.266s] Consolidate compiler generated dependencies of target routing_adaptor
[1.278s] [ 50%] Built target initial_pose_adaptor
[1.278s] [100%] Built target routing_adaptor
[1.287s] Invoked command in '/autoware/build/ad_api_adaptors' returned '0': AMENT_PREFIX_PATH=/autoware/install/component_interface_utils:/autoware/install/tier4_system_msgs:/autoware/install/autoware_ad_api_specs:/autoware/install/tier4_localization_msgs:/autoware/install/autoware_common_msgs:/autoware/install/autoware_cmake:/autoware/install/autoware_adapi_v1_msgs:/autoware/install/autoware_lint_common:/autoware/install/ament_cmake_auto:${AMENT_PREFIX_PATH} CMAKE_PREFIX_PATH=/autoware/install/component_interface_utils:/autoware/install/tier4_system_msgs:/autoware/install/autoware_ad_api_specs:/autoware/install/tier4_localization_msgs:/autoware/install/autoware_common_msgs:/autoware/install/autoware_cmake:/autoware/install/autoware_adapi_v1_msgs:/autoware/install/autoware_lint_common:/autoware/install/ament_cmake_auto:/opt/ros/humble LD_LIBRARY_PATH=/autoware/install/tier4_system_msgs/lib:/autoware/install/tier4_localization_msgs/lib:/autoware/install/autoware_common_msgs/lib:/autoware/install/autoware_adapi_v1_msgs/lib:${LD_LIBRARY_PATH} PYTHONPATH=/autoware/install/tier4_system_msgs/local/lib/python3.10/dist-packages:/autoware/install/tier4_localization_msgs/local/lib/python3.10/dist-packages:/autoware/install/autoware_common_msgs/local/lib/python3.10/dist-packages:/autoware/install/autoware_adapi_v1_msgs/local/lib/python3.10/dist-packages:${PYTHONPATH} /usr/bin/cmake --build /autoware/build/ad_api_adaptors -- -j64 -l64
[1.306s] Invoking command in '/autoware/build/ad_api_adaptors': AMENT_PREFIX_PATH=/autoware/install/component_interface_utils:/autoware/install/tier4_system_msgs:/autoware/install/autoware_ad_api_specs:/autoware/install/tier4_localization_msgs:/autoware/install/autoware_common_msgs:/autoware/install/autoware_cmake:/autoware/install/autoware_adapi_v1_msgs:/autoware/install/autoware_lint_common:/autoware/install/ament_cmake_auto:${AMENT_PREFIX_PATH} CMAKE_PREFIX_PATH=/autoware/install/component_interface_utils:/autoware/install/tier4_system_msgs:/autoware/install/autoware_ad_api_specs:/autoware/install/tier4_localization_msgs:/autoware/install/autoware_common_msgs:/autoware/install/autoware_cmake:/autoware/install/autoware_adapi_v1_msgs:/autoware/install/autoware_lint_common:/autoware/install/ament_cmake_auto:/opt/ros/humble LD_LIBRARY_PATH=/autoware/install/tier4_system_msgs/lib:/autoware/install/tier4_localization_msgs/lib:/autoware/install/autoware_common_msgs/lib:/autoware/install/autoware_adapi_v1_msgs/lib:${LD_LIBRARY_PATH} PYTHONPATH=/autoware/install/tier4_system_msgs/local/lib/python3.10/dist-packages:/autoware/install/tier4_localization_msgs/local/lib/python3.10/dist-packages:/autoware/install/autoware_common_msgs/local/lib/python3.10/dist-packages:/autoware/install/autoware_adapi_v1_msgs/local/lib/python3.10/dist-packages:${PYTHONPATH} /usr/bin/cmake --install /autoware/build/ad_api_adaptors
[1.359s] -- Install configuration: "Release"
[1.365s] -- Execute custom install script
[1.365s] -- Up-to-date symlink: /autoware/install/ad_api_adaptors/lib/ad_api_adaptors/initial_pose_adaptor
[1.365s] -- Up-to-date symlink: /autoware/install/ad_api_adaptors/lib/ad_api_adaptors/routing_adaptor
[1.365s] -- Up-to-date symlink: /autoware/install/ad_api_adaptors/share/ad_api_adaptors/config/initial_pose.param.yaml
[1.365s] -- Up-to-date symlink: /autoware/install/ad_api_adaptors/share/ad_api_adaptors/launch/rviz_adaptors.launch.xml
[1.365s] -- Up-to-date symlink: /autoware/install/ad_api_adaptors/share/ament_index/resource_index/package_run_dependencies/ad_api_adaptors
[1.365s] -- Up-to-date symlink: /autoware/install/ad_api_adaptors/share/ament_index/resource_index/parent_prefix_path/ad_api_adaptors
[1.365s] -- Up-to-date symlink: /autoware/install/ad_api_adaptors/share/ad_api_adaptors/environment/ament_prefix_path.sh
[1.365s] -- Up-to-date symlink: /autoware/install/ad_api_adaptors/share/ad_api_adaptors/environment/ament_prefix_path.dsv
[1.366s] -- Up-to-date symlink: /autoware/install/ad_api_adaptors/share/ad_api_adaptors/environment/path.sh
[1.366s] -- Up-to-date symlink: /autoware/install/ad_api_adaptors/share/ad_api_adaptors/environment/path.dsv
[1.366s] -- Up-to-date symlink: /autoware/install/ad_api_adaptors/share/ad_api_adaptors/local_setup.bash
[1.366s] -- Up-to-date symlink: /autoware/install/ad_api_adaptors/share/ad_api_adaptors/local_setup.sh
[1.366s] -- Up-to-date symlink: /autoware/install/ad_api_adaptors/share/ad_api_adaptors/local_setup.zsh
[1.366s] -- Up-to-date symlink: /autoware/install/ad_api_adaptors/share/ad_api_adaptors/local_setup.dsv
[1.366s] -- Symlinking: /autoware/install/ad_api_adaptors/share/ad_api_adaptors/package.dsv
[1.366s] -- Up-to-date symlink: /autoware/install/ad_api_adaptors/share/ament_index/resource_index/packages/ad_api_adaptors
[1.366s] -- Up-to-date symlink: /autoware/install/ad_api_adaptors/share/ad_api_adaptors/cmake/ament_cmake_export_dependencies-extras.cmake
[1.367s] -- Up-to-date symlink: /autoware/install/ad_api_adaptors/share/ad_api_adaptors/cmake/ad_api_adaptorsConfig.cmake
[1.367s] -- Up-to-date symlink: /autoware/install/ad_api_adaptors/share/ad_api_adaptors/cmake/ad_api_adaptorsConfig-version.cmake
[1.367s] -- Up-to-date symlink: /autoware/install/ad_api_adaptors/share/ad_api_adaptors/package.xml
[1.372s] Invoked command in '/autoware/build/ad_api_adaptors' returned '0': AMENT_PREFIX_PATH=/autoware/install/component_interface_utils:/autoware/install/tier4_system_msgs:/autoware/install/autoware_ad_api_specs:/autoware/install/tier4_localization_msgs:/autoware/install/autoware_common_msgs:/autoware/install/autoware_cmake:/autoware/install/autoware_adapi_v1_msgs:/autoware/install/autoware_lint_common:/autoware/install/ament_cmake_auto:${AMENT_PREFIX_PATH} CMAKE_PREFIX_PATH=/autoware/install/component_interface_utils:/autoware/install/tier4_system_msgs:/autoware/install/autoware_ad_api_specs:/autoware/install/tier4_localization_msgs:/autoware/install/autoware_common_msgs:/autoware/install/autoware_cmake:/autoware/install/autoware_adapi_v1_msgs:/autoware/install/autoware_lint_common:/autoware/install/ament_cmake_auto:/opt/ros/humble LD_LIBRARY_PATH=/autoware/install/tier4_system_msgs/lib:/autoware/install/tier4_localization_msgs/lib:/autoware/install/autoware_common_msgs/lib:/autoware/install/autoware_adapi_v1_msgs/lib:${LD_LIBRARY_PATH} PYTHONPATH=/autoware/install/tier4_system_msgs/local/lib/python3.10/dist-packages:/autoware/install/tier4_localization_msgs/local/lib/python3.10/dist-packages:/autoware/install/autoware_common_msgs/local/lib/python3.10/dist-packages:/autoware/install/autoware_adapi_v1_msgs/local/lib/python3.10/dist-packages:${PYTHONPATH} /usr/bin/cmake --install /autoware/build/ad_api_adaptors
