[0.084s] Invoking command in '/autoware/build/gyro_odometer': AMENT_PREFIX_PATH=/autoware/install/tier4_autoware_utils:/autoware/install/autoware_auto_vehicle_msgs:/autoware/install/autoware_auto_planning_msgs:/autoware/install/autoware_auto_perception_msgs:/autoware/install/tier4_debug_msgs:/autoware/install/autoware_cmake:/autoware/install/autoware_auto_mapping_msgs:/autoware/install/autoware_auto_geometry_msgs:/autoware/install/autoware_lint_common:/autoware/install/ament_cmake_auto:${AMENT_PREFIX_PATH} CMAKE_PREFIX_PATH=/autoware/install/tier4_autoware_utils:/autoware/install/autoware_auto_vehicle_msgs:/autoware/install/autoware_auto_planning_msgs:/autoware/install/autoware_auto_perception_msgs:/autoware/install/tier4_debug_msgs:/autoware/install/autoware_cmake:/autoware/install/autoware_auto_mapping_msgs:/autoware/install/autoware_auto_geometry_msgs:/autoware/install/autoware_lint_common:/autoware/install/ament_cmake_auto:/opt/ros/humble LD_LIBRARY_PATH=/autoware/install/tier4_autoware_utils/lib:/autoware/install/autoware_auto_vehicle_msgs/lib:/autoware/install/autoware_auto_planning_msgs/lib:/autoware/install/autoware_auto_perception_msgs/lib:/autoware/install/tier4_debug_msgs/lib:/autoware/install/autoware_auto_mapping_msgs/lib:/autoware/install/autoware_auto_geometry_msgs/lib:${LD_LIBRARY_PATH} PYTHONPATH=/autoware/install/autoware_auto_vehicle_msgs/local/lib/python3.10/dist-packages:/autoware/install/autoware_auto_planning_msgs/local/lib/python3.10/dist-packages:/autoware/install/autoware_auto_perception_msgs/local/lib/python3.10/dist-packages:/autoware/install/tier4_debug_msgs/local/lib/python3.10/dist-packages:/autoware/install/autoware_auto_mapping_msgs/local/lib/python3.10/dist-packages:/autoware/install/autoware_auto_geometry_msgs/local/lib/python3.10/dist-packages:${PYTHONPATH} /usr/bin/cmake --build /autoware/build/gyro_odometer -- -j64 -l64
[0.111s] -- Found autoware_cmake: 0.1.0 (/autoware/install/autoware_cmake/share/autoware_cmake/cmake)
[0.112s] -- Found ament_cmake_auto: 1.3.2 (/opt/ros/humble/share/ament_cmake_auto/cmake)
[0.257s] -- Override CMake install command with custom implementation using symlinks instead of copying resources
[0.369s] -- Found rosidl_generator_c: 3.1.3 (/opt/ros/humble/share/rosidl_generator_c/cmake)
[0.373s] -- Found rosidl_adapter: 3.1.3 (/opt/ros/humble/share/rosidl_adapter/cmake)
[0.382s] -- Found rosidl_generator_cpp: 3.1.3 (/opt/ros/humble/share/rosidl_generator_cpp/cmake)
[0.399s] -- Using all available rosidl_typesupport_c: rosidl_typesupport_fastrtps_c;rosidl_typesupport_introspection_c
[0.417s] -- Using all available rosidl_typesupport_cpp: rosidl_typesupport_fastrtps_cpp;rosidl_typesupport_introspection_cpp
[0.610s] -- Found eigen3_cmake_module: 0.1.1 (/opt/ros/humble/share/eigen3_cmake_module/cmake)
[0.611s] -- Ensuring Eigen3 include directory is part of orocos-kdl CMake target
[0.709s] -- Found rmw_implementation_cmake: 6.1.0 (/opt/ros/humble/share/rmw_implementation_cmake/cmake)
[0.711s] -- Found rmw_fastrtps_cpp: 6.2.1 (/opt/ros/humble/share/rmw_fastrtps_cpp/cmake)
[0.835s] -- Using RMW implementation 'rmw_fastrtps_cpp' as default
[2.336s] -- Found ament_lint_auto: 0.12.4 (/opt/ros/humble/share/ament_lint_auto/cmake)
[2.677s] -- Added test 'copyright' to check source files copyright and LICENSE
[2.679s] -- Added test 'cppcheck' to perform static code analysis on C / C++ code
[2.680s] -- Configured cppcheck include dirs: /autoware/src/universe/autoware.universe/localization/gyro_odometer/include
[2.680s] -- Configured cppcheck exclude dirs and/or files: 
[2.680s] -- Added test 'lint_cmake' to check CMake code style
[2.681s] -- Added test 'xmllint' to check XML markup files
[2.685s] -- Configuring done
[2.750s] -- Generating done
[2.752s] -- Build files have been written to: /autoware/build/gyro_odometer
[2.809s] Consolidate compiler generated dependencies of target gyro_odometer
[2.851s] [ 33%] Building CXX object CMakeFiles/gyro_odometer.dir/src/gyro_odometer_core.cpp.o
[24.540s] [ 66%] Linking CXX executable gyro_odometer
[24.855s] [100%] Built target gyro_odometer
[24.865s] Invoked command in '/autoware/build/gyro_odometer' returned '0': AMENT_PREFIX_PATH=/autoware/install/tier4_autoware_utils:/autoware/install/autoware_auto_vehicle_msgs:/autoware/install/autoware_auto_planning_msgs:/autoware/install/autoware_auto_perception_msgs:/autoware/install/tier4_debug_msgs:/autoware/install/autoware_cmake:/autoware/install/autoware_auto_mapping_msgs:/autoware/install/autoware_auto_geometry_msgs:/autoware/install/autoware_lint_common:/autoware/install/ament_cmake_auto:${AMENT_PREFIX_PATH} CMAKE_PREFIX_PATH=/autoware/install/tier4_autoware_utils:/autoware/install/autoware_auto_vehicle_msgs:/autoware/install/autoware_auto_planning_msgs:/autoware/install/autoware_auto_perception_msgs:/autoware/install/tier4_debug_msgs:/autoware/install/autoware_cmake:/autoware/install/autoware_auto_mapping_msgs:/autoware/install/autoware_auto_geometry_msgs:/autoware/install/autoware_lint_common:/autoware/install/ament_cmake_auto:/opt/ros/humble LD_LIBRARY_PATH=/autoware/install/tier4_autoware_utils/lib:/autoware/install/autoware_auto_vehicle_msgs/lib:/autoware/install/autoware_auto_planning_msgs/lib:/autoware/install/autoware_auto_perception_msgs/lib:/autoware/install/tier4_debug_msgs/lib:/autoware/install/autoware_auto_mapping_msgs/lib:/autoware/install/autoware_auto_geometry_msgs/lib:${LD_LIBRARY_PATH} PYTHONPATH=/autoware/install/autoware_auto_vehicle_msgs/local/lib/python3.10/dist-packages:/autoware/install/autoware_auto_planning_msgs/local/lib/python3.10/dist-packages:/autoware/install/autoware_auto_perception_msgs/local/lib/python3.10/dist-packages:/autoware/install/tier4_debug_msgs/local/lib/python3.10/dist-packages:/autoware/install/autoware_auto_mapping_msgs/local/lib/python3.10/dist-packages:/autoware/install/autoware_auto_geometry_msgs/local/lib/python3.10/dist-packages:${PYTHONPATH} /usr/bin/cmake --build /autoware/build/gyro_odometer -- -j64 -l64
[24.886s] Invoking command in '/autoware/build/gyro_odometer': AMENT_PREFIX_PATH=/autoware/install/tier4_autoware_utils:/autoware/install/autoware_auto_vehicle_msgs:/autoware/install/autoware_auto_planning_msgs:/autoware/install/autoware_auto_perception_msgs:/autoware/install/tier4_debug_msgs:/autoware/install/autoware_cmake:/autoware/install/autoware_auto_mapping_msgs:/autoware/install/autoware_auto_geometry_msgs:/autoware/install/autoware_lint_common:/autoware/install/ament_cmake_auto:${AMENT_PREFIX_PATH} CMAKE_PREFIX_PATH=/autoware/install/tier4_autoware_utils:/autoware/install/autoware_auto_vehicle_msgs:/autoware/install/autoware_auto_planning_msgs:/autoware/install/autoware_auto_perception_msgs:/autoware/install/tier4_debug_msgs:/autoware/install/autoware_cmake:/autoware/install/autoware_auto_mapping_msgs:/autoware/install/autoware_auto_geometry_msgs:/autoware/install/autoware_lint_common:/autoware/install/ament_cmake_auto:/opt/ros/humble LD_LIBRARY_PATH=/autoware/install/tier4_autoware_utils/lib:/autoware/install/autoware_auto_vehicle_msgs/lib:/autoware/install/autoware_auto_planning_msgs/lib:/autoware/install/autoware_auto_perception_msgs/lib:/autoware/install/tier4_debug_msgs/lib:/autoware/install/autoware_auto_mapping_msgs/lib:/autoware/install/autoware_auto_geometry_msgs/lib:${LD_LIBRARY_PATH} PYTHONPATH=/autoware/install/autoware_auto_vehicle_msgs/local/lib/python3.10/dist-packages:/autoware/install/autoware_auto_planning_msgs/local/lib/python3.10/dist-packages:/autoware/install/autoware_auto_perception_msgs/local/lib/python3.10/dist-packages:/autoware/install/tier4_debug_msgs/local/lib/python3.10/dist-packages:/autoware/install/autoware_auto_mapping_msgs/local/lib/python3.10/dist-packages:/autoware/install/autoware_auto_geometry_msgs/local/lib/python3.10/dist-packages:${PYTHONPATH} /usr/bin/cmake --install /autoware/build/gyro_odometer
[24.893s] -- Install configuration: "Release"
[24.894s] -- Execute custom install script
[24.894s] -- Up-to-date symlink: /autoware/install/gyro_odometer/include/gyro_odometer/gyro_odometer_core.hpp
[24.895s] -- Up-to-date symlink: /autoware/install/gyro_odometer/lib/gyro_odometer/gyro_odometer
[24.895s] -- Up-to-date symlink: /autoware/install/gyro_odometer/share/gyro_odometer/launch/gyro_odometer.launch.xml
[24.895s] -- Up-to-date symlink: /autoware/install/gyro_odometer/share/ament_index/resource_index/package_run_dependencies/gyro_odometer
[24.896s] -- Up-to-date symlink: /autoware/install/gyro_odometer/share/ament_index/resource_index/parent_prefix_path/gyro_odometer
[24.896s] -- Up-to-date symlink: /autoware/install/gyro_odometer/share/gyro_odometer/environment/ament_prefix_path.sh
[24.896s] -- Up-to-date symlink: /autoware/install/gyro_odometer/share/gyro_odometer/environment/ament_prefix_path.dsv
[24.897s] -- Up-to-date symlink: /autoware/install/gyro_odometer/share/gyro_odometer/environment/path.sh
[24.897s] -- Up-to-date symlink: /autoware/install/gyro_odometer/share/gyro_odometer/environment/path.dsv
[24.897s] -- Up-to-date symlink: /autoware/install/gyro_odometer/share/gyro_odometer/local_setup.bash
[24.897s] -- Up-to-date symlink: /autoware/install/gyro_odometer/share/gyro_odometer/local_setup.sh
[24.897s] -- Up-to-date symlink: /autoware/install/gyro_odometer/share/gyro_odometer/local_setup.zsh
[24.897s] -- Up-to-date symlink: /autoware/install/gyro_odometer/share/gyro_odometer/local_setup.dsv
[24.897s] -- Symlinking: /autoware/install/gyro_odometer/share/gyro_odometer/package.dsv
[24.904s] -- Up-to-date symlink: /autoware/install/gyro_odometer/share/ament_index/resource_index/packages/gyro_odometer
[24.905s] -- Up-to-date symlink: /autoware/install/gyro_odometer/share/gyro_odometer/cmake/ament_cmake_export_dependencies-extras.cmake
[24.905s] -- Up-to-date symlink: /autoware/install/gyro_odometer/share/gyro_odometer/cmake/ament_cmake_export_include_directories-extras.cmake
[24.905s] -- Up-to-date symlink: /autoware/install/gyro_odometer/share/gyro_odometer/cmake/gyro_odometerConfig.cmake
[24.905s] -- Up-to-date symlink: /autoware/install/gyro_odometer/share/gyro_odometer/cmake/gyro_odometerConfig-version.cmake
[24.905s] -- Up-to-date symlink: /autoware/install/gyro_odometer/share/gyro_odometer/package.xml
[24.906s] Invoked command in '/autoware/build/gyro_odometer' returned '0': AMENT_PREFIX_PATH=/autoware/install/tier4_autoware_utils:/autoware/install/autoware_auto_vehicle_msgs:/autoware/install/autoware_auto_planning_msgs:/autoware/install/autoware_auto_perception_msgs:/autoware/install/tier4_debug_msgs:/autoware/install/autoware_cmake:/autoware/install/autoware_auto_mapping_msgs:/autoware/install/autoware_auto_geometry_msgs:/autoware/install/autoware_lint_common:/autoware/install/ament_cmake_auto:${AMENT_PREFIX_PATH} CMAKE_PREFIX_PATH=/autoware/install/tier4_autoware_utils:/autoware/install/autoware_auto_vehicle_msgs:/autoware/install/autoware_auto_planning_msgs:/autoware/install/autoware_auto_perception_msgs:/autoware/install/tier4_debug_msgs:/autoware/install/autoware_cmake:/autoware/install/autoware_auto_mapping_msgs:/autoware/install/autoware_auto_geometry_msgs:/autoware/install/autoware_lint_common:/autoware/install/ament_cmake_auto:/opt/ros/humble LD_LIBRARY_PATH=/autoware/install/tier4_autoware_utils/lib:/autoware/install/autoware_auto_vehicle_msgs/lib:/autoware/install/autoware_auto_planning_msgs/lib:/autoware/install/autoware_auto_perception_msgs/lib:/autoware/install/tier4_debug_msgs/lib:/autoware/install/autoware_auto_mapping_msgs/lib:/autoware/install/autoware_auto_geometry_msgs/lib:${LD_LIBRARY_PATH} PYTHONPATH=/autoware/install/autoware_auto_vehicle_msgs/local/lib/python3.10/dist-packages:/autoware/install/autoware_auto_planning_msgs/local/lib/python3.10/dist-packages:/autoware/install/autoware_auto_perception_msgs/local/lib/python3.10/dist-packages:/autoware/install/tier4_debug_msgs/local/lib/python3.10/dist-packages:/autoware/install/autoware_auto_mapping_msgs/local/lib/python3.10/dist-packages:/autoware/install/autoware_auto_geometry_msgs/local/lib/python3.10/dist-packages:${PYTHONPATH} /usr/bin/cmake --install /autoware/build/gyro_odometer
