-- Found autoware_cmake: 0.1.0 (/autoware/install/autoware_cmake/share/autoware_cmake/cmake)
-- Found ament_cmake_auto: 1.3.2 (/opt/ros/humble/share/ament_cmake_auto/cmake)
-- Override CMake install command with custom implementation using symlinks instead of copying resources
-- Found rosidl_generator_c: 3.1.3 (/opt/ros/humble/share/rosidl_generator_c/cmake)
-- Found rosidl_adapter: 3.1.3 (/opt/ros/humble/share/rosidl_adapter/cmake)
-- Found rosidl_generator_cpp: 3.1.3 (/opt/ros/humble/share/rosidl_generator_cpp/cmake)
-- Using all available rosidl_typesupport_c: rosidl_typesupport_fastrtps_c;rosidl_typesupport_introspection_c
-- Using all available rosidl_typesupport_cpp: rosidl_typesupport_fastrtps_cpp;rosidl_typesupport_introspection_cpp
-- Found eigen3_cmake_module: 0.1.1 (/opt/ros/humble/share/eigen3_cmake_module/cmake)
-- Ensuring Eigen3 include directory is part of orocos-kdl CMake target
-- Found rmw_implementation_cmake: 6.1.0 (/opt/ros/humble/share/rmw_implementation_cmake/cmake)
-- Found rmw_fastrtps_cpp: 6.2.1 (/opt/ros/humble/share/rmw_fastrtps_cpp/cmake)
-- Using RMW implementation 'rmw_fastrtps_cpp' as default
-- Found ament_lint_auto: 0.12.4 (/opt/ros/humble/share/ament_lint_auto/cmake)
-- Found gtest sources under '/opt/ros/humble/src/gtest_vendor': C++ tests using 'Google Test' will be built
-- Added test 'copyright' to check source files copyright and LICENSE
-- Added test 'cppcheck' to perform static code analysis on C / C++ code
-- Configured cppcheck include dirs: /autoware/src/universe/autoware.universe/common/autoware_auto_tf2/include
-- Configured cppcheck exclude dirs and/or files: 
-- Added test 'lint_cmake' to check CMake code style
-- Added test 'xmllint' to check XML markup files
-- Configuring done
-- Generating done
-- Build files have been written to: /autoware/build/autoware_auto_tf2
Consolidate compiler generated dependencies of target gtest_main
Consolidate compiler generated dependencies of target gtest
[ 33%] Built target gtest_main
[ 66%] Built target gtest
Consolidate compiler generated dependencies of target test_tf2_autoware_auto_msgs
[100%] Built target test_tf2_autoware_auto_msgs
-- Install configuration: "Release"
-- Execute custom install script
-- Up-to-date symlink: /autoware/install/autoware_auto_tf2/include/autoware_auto_tf2/tf2_autoware_auto_msgs.hpp
-- Up-to-date symlink: /autoware/install/autoware_auto_tf2/share/ament_index/resource_index/package_run_dependencies/autoware_auto_tf2
-- Up-to-date symlink: /autoware/install/autoware_auto_tf2/share/ament_index/resource_index/parent_prefix_path/autoware_auto_tf2
-- Up-to-date symlink: /autoware/install/autoware_auto_tf2/share/autoware_auto_tf2/environment/ament_prefix_path.sh
-- Up-to-date symlink: /autoware/install/autoware_auto_tf2/share/autoware_auto_tf2/environment/ament_prefix_path.dsv
-- Up-to-date symlink: /autoware/install/autoware_auto_tf2/share/autoware_auto_tf2/environment/path.sh
-- Up-to-date symlink: /autoware/install/autoware_auto_tf2/share/autoware_auto_tf2/environment/path.dsv
-- Up-to-date symlink: /autoware/install/autoware_auto_tf2/share/autoware_auto_tf2/local_setup.bash
-- Up-to-date symlink: /autoware/install/autoware_auto_tf2/share/autoware_auto_tf2/local_setup.sh
-- Up-to-date symlink: /autoware/install/autoware_auto_tf2/share/autoware_auto_tf2/local_setup.zsh
-- Up-to-date symlink: /autoware/install/autoware_auto_tf2/share/autoware_auto_tf2/local_setup.dsv
-- Symlinking: /autoware/install/autoware_auto_tf2/share/autoware_auto_tf2/package.dsv
-- Up-to-date symlink: /autoware/install/autoware_auto_tf2/share/ament_index/resource_index/packages/autoware_auto_tf2
-- Up-to-date symlink: /autoware/install/autoware_auto_tf2/share/autoware_auto_tf2/cmake/ament_cmake_export_dependencies-extras.cmake
-- Up-to-date symlink: /autoware/install/autoware_auto_tf2/share/autoware_auto_tf2/cmake/ament_cmake_export_include_directories-extras.cmake
-- Up-to-date symlink: /autoware/install/autoware_auto_tf2/share/autoware_auto_tf2/cmake/autoware_auto_tf2Config.cmake
-- Up-to-date symlink: /autoware/install/autoware_auto_tf2/share/autoware_auto_tf2/cmake/autoware_auto_tf2Config-version.cmake
-- Up-to-date symlink: /autoware/install/autoware_auto_tf2/share/autoware_auto_tf2/package.xml
