[0.019s] Invoking command in '/autoware/build/freespace_planning_algorithms': AMENT_PREFIX_PATH=/autoware/install/tier4_autoware_utils:/autoware/install/autoware_auto_vehicle_msgs:/autoware/install/autoware_cmake:/autoware/install/autoware_auto_planning_msgs:/autoware/install/autoware_auto_perception_msgs:/autoware/install/tier4_debug_msgs:/autoware/install/autoware_lint_common:/autoware/install/autoware_auto_mapping_msgs:/autoware/install/autoware_auto_geometry_msgs:${AMENT_PREFIX_PATH} CMAKE_PREFIX_PATH=/autoware/install/tier4_autoware_utils:/autoware/install/autoware_auto_vehicle_msgs:/autoware/install/autoware_cmake:/autoware/install/autoware_auto_planning_msgs:/autoware/install/autoware_auto_perception_msgs:/autoware/install/tier4_debug_msgs:/autoware/install/autoware_lint_common:/autoware/install/autoware_auto_mapping_msgs:/autoware/install/autoware_auto_geometry_msgs:/opt/ros/humble LD_LIBRARY_PATH=/autoware/install/tier4_autoware_utils/lib:/autoware/install/autoware_auto_vehicle_msgs/lib:/autoware/install/autoware_auto_planning_msgs/lib:/autoware/install/autoware_auto_perception_msgs/lib:/autoware/install/tier4_debug_msgs/lib:/autoware/install/autoware_auto_mapping_msgs/lib:/autoware/install/autoware_auto_geometry_msgs/lib:${LD_LIBRARY_PATH} PYTHONPATH=/autoware/install/autoware_auto_vehicle_msgs/local/lib/python3.10/dist-packages:/autoware/install/autoware_auto_planning_msgs/local/lib/python3.10/dist-packages:/autoware/install/autoware_auto_perception_msgs/local/lib/python3.10/dist-packages:/autoware/install/tier4_debug_msgs/local/lib/python3.10/dist-packages:/autoware/install/autoware_auto_mapping_msgs/local/lib/python3.10/dist-packages:/autoware/install/autoware_auto_geometry_msgs/local/lib/python3.10/dist-packages:${PYTHONPATH} /usr/bin/cmake /autoware/src/universe/autoware.universe/planning/freespace_planning_algorithms -DCMAKE_BUILD_TYPE=Release -DAMENT_CMAKE_SYMLINK_INSTALL=1 -DCMAKE_INSTALL_PREFIX=/autoware/install/freespace_planning_algorithms
[0.062s] -- The C compiler identification is GNU 11.3.0
[0.107s] -- The CXX compiler identification is GNU 11.3.0
[0.113s] -- Detecting C compiler ABI info
[0.166s] -- Detecting C compiler ABI info - done
[0.173s] -- Check for working C compiler: /usr/bin/cc - skipped
[0.173s] -- Detecting C compile features
[0.174s] -- Detecting C compile features - done
[0.177s] -- Detecting CXX compiler ABI info
[0.240s] -- Detecting CXX compiler ABI info - done
[0.247s] -- Check for working CXX compiler: /usr/bin/c++ - skipped
[0.247s] -- Detecting CXX compile features
[0.248s] -- Detecting CXX compile features - done
[0.249s] -- Found autoware_cmake: 0.1.0 (/autoware/install/autoware_cmake/share/autoware_cmake/cmake)
[0.429s] -- Found Python3: /usr/bin/python3.10 (found version "3.10.6") found components: Interpreter 
[0.493s] -- Override CMake install command with custom implementation using symlinks instead of copying resources
[0.652s] -- Found rosidl_generator_c: 3.1.3 (/opt/ros/humble/share/rosidl_generator_c/cmake)
[0.652s] -- Found rosidl_adapter: 3.1.3 (/opt/ros/humble/share/rosidl_adapter/cmake)
[0.656s] -- Found rosidl_generator_cpp: 3.1.3 (/opt/ros/humble/share/rosidl_generator_cpp/cmake)
[0.671s] -- Using all available rosidl_typesupport_c: rosidl_typesupport_fastrtps_c;rosidl_typesupport_introspection_c
[0.692s] -- Using all available rosidl_typesupport_cpp: rosidl_typesupport_fastrtps_cpp;rosidl_typesupport_introspection_cpp
[0.987s] -- Found rmw_implementation_cmake: 6.1.0 (/opt/ros/humble/share/rmw_implementation_cmake/cmake)
[0.991s] -- Found rmw_fastrtps_cpp: 6.2.1 (/opt/ros/humble/share/rmw_fastrtps_cpp/cmake)
[1.089s] -- Found OpenSSL: /usr/lib/x86_64-linux-gnu/libcrypto.so (found version "3.0.2")  
[1.118s] -- Found FastRTPS: /opt/ros/humble/include  
[1.171s] -- Using RMW implementation 'rmw_fastrtps_cpp' as default
[1.351s] -- Found eigen3_cmake_module: 0.1.1 (/opt/ros/humble/share/eigen3_cmake_module/cmake)
[1.372s] -- Found Eigen3: TRUE (found version "3.4.0") 
[1.372s] -- Ensuring Eigen3 include directory is part of orocos-kdl CMake target
[2.938s] -- Found ament_lint_auto: 0.12.4 (/opt/ros/humble/share/ament_lint_auto/cmake)
[4.076s] -- Found gtest sources under '/opt/ros/humble/src/gtest_vendor': C++ tests using 'Google Test' will be built
[4.076s] -- Looking for pthread.h
[4.134s] -- Looking for pthread.h - found
[4.134s] -- Performing Test CMAKE_HAVE_LIBC_PTHREAD
[4.214s] -- Performing Test CMAKE_HAVE_LIBC_PTHREAD - Success
[4.216s] -- Found Threads: TRUE  
[4.217s] -- Found gtest sources under '/opt/ros/humble/src/gtest_vendor': C++ tests using 'Google Test' will be built
[4.230s] -- Added test 'copyright' to check source files copyright and LICENSE
[4.233s] -- Added test 'cppcheck' to perform static code analysis on C / C++ code
[4.233s] -- Configured cppcheck include dirs: /autoware/src/universe/autoware.universe/planning/freespace_planning_algorithms/include
[4.234s] -- Configured cppcheck exclude dirs and/or files: 
[4.234s] -- Added test 'lint_cmake' to check CMake code style
[4.235s] -- Added test 'xmllint' to check XML markup files
[4.240s] -- Configuring done
[4.452s] -- Generating done
[4.461s] -- Build files have been written to: /autoware/build/freespace_planning_algorithms
[4.475s] Invoked command in '/autoware/build/freespace_planning_algorithms' returned '0': AMENT_PREFIX_PATH=/autoware/install/tier4_autoware_utils:/autoware/install/autoware_auto_vehicle_msgs:/autoware/install/autoware_cmake:/autoware/install/autoware_auto_planning_msgs:/autoware/install/autoware_auto_perception_msgs:/autoware/install/tier4_debug_msgs:/autoware/install/autoware_lint_common:/autoware/install/autoware_auto_mapping_msgs:/autoware/install/autoware_auto_geometry_msgs:${AMENT_PREFIX_PATH} CMAKE_PREFIX_PATH=/autoware/install/tier4_autoware_utils:/autoware/install/autoware_auto_vehicle_msgs:/autoware/install/autoware_cmake:/autoware/install/autoware_auto_planning_msgs:/autoware/install/autoware_auto_perception_msgs:/autoware/install/tier4_debug_msgs:/autoware/install/autoware_lint_common:/autoware/install/autoware_auto_mapping_msgs:/autoware/install/autoware_auto_geometry_msgs:/opt/ros/humble LD_LIBRARY_PATH=/autoware/install/tier4_autoware_utils/lib:/autoware/install/autoware_auto_vehicle_msgs/lib:/autoware/install/autoware_auto_planning_msgs/lib:/autoware/install/autoware_auto_perception_msgs/lib:/autoware/install/tier4_debug_msgs/lib:/autoware/install/autoware_auto_mapping_msgs/lib:/autoware/install/autoware_auto_geometry_msgs/lib:${LD_LIBRARY_PATH} PYTHONPATH=/autoware/install/autoware_auto_vehicle_msgs/local/lib/python3.10/dist-packages:/autoware/install/autoware_auto_planning_msgs/local/lib/python3.10/dist-packages:/autoware/install/autoware_auto_perception_msgs/local/lib/python3.10/dist-packages:/autoware/install/tier4_debug_msgs/local/lib/python3.10/dist-packages:/autoware/install/autoware_auto_mapping_msgs/local/lib/python3.10/dist-packages:/autoware/install/autoware_auto_geometry_msgs/local/lib/python3.10/dist-packages:${PYTHONPATH} /usr/bin/cmake /autoware/src/universe/autoware.universe/planning/freespace_planning_algorithms -DCMAKE_BUILD_TYPE=Release -DAMENT_CMAKE_SYMLINK_INSTALL=1 -DCMAKE_INSTALL_PREFIX=/autoware/install/freespace_planning_algorithms
[4.476s] Invoking command in '/autoware/build/freespace_planning_algorithms': AMENT_PREFIX_PATH=/autoware/install/tier4_autoware_utils:/autoware/install/autoware_auto_vehicle_msgs:/autoware/install/autoware_cmake:/autoware/install/autoware_auto_planning_msgs:/autoware/install/autoware_auto_perception_msgs:/autoware/install/tier4_debug_msgs:/autoware/install/autoware_lint_common:/autoware/install/autoware_auto_mapping_msgs:/autoware/install/autoware_auto_geometry_msgs:${AMENT_PREFIX_PATH} CMAKE_PREFIX_PATH=/autoware/install/tier4_autoware_utils:/autoware/install/autoware_auto_vehicle_msgs:/autoware/install/autoware_cmake:/autoware/install/autoware_auto_planning_msgs:/autoware/install/autoware_auto_perception_msgs:/autoware/install/tier4_debug_msgs:/autoware/install/autoware_lint_common:/autoware/install/autoware_auto_mapping_msgs:/autoware/install/autoware_auto_geometry_msgs:/opt/ros/humble LD_LIBRARY_PATH=/autoware/install/tier4_autoware_utils/lib:/autoware/install/autoware_auto_vehicle_msgs/lib:/autoware/install/autoware_auto_planning_msgs/lib:/autoware/install/autoware_auto_perception_msgs/lib:/autoware/install/tier4_debug_msgs/lib:/autoware/install/autoware_auto_mapping_msgs/lib:/autoware/install/autoware_auto_geometry_msgs/lib:${LD_LIBRARY_PATH} PYTHONPATH=/autoware/install/autoware_auto_vehicle_msgs/local/lib/python3.10/dist-packages:/autoware/install/autoware_auto_planning_msgs/local/lib/python3.10/dist-packages:/autoware/install/autoware_auto_perception_msgs/local/lib/python3.10/dist-packages:/autoware/install/tier4_debug_msgs/local/lib/python3.10/dist-packages:/autoware/install/autoware_auto_mapping_msgs/local/lib/python3.10/dist-packages:/autoware/install/autoware_auto_geometry_msgs/local/lib/python3.10/dist-packages:${PYTHONPATH} /usr/bin/cmake --build /autoware/build/freespace_planning_algorithms -- -j64 -l64
[4.525s] [  6%] Building CXX object gtest/CMakeFiles/gtest_main.dir/src/gtest_main.cc.o
[4.526s] [ 12%] Building CXX object gtest/CMakeFiles/gtest.dir/src/gtest-all.cc.o
[4.534s] [ 18%] Building CXX object CMakeFiles/reeds_shepp.dir/src/reeds_shepp.cpp.o
[5.235s] [ 25%] Linking CXX shared library libreeds_shepp.so
[5.411s] [ 31%] Linking CXX static library libgtest_main.a
[5.438s] [ 31%] Built target gtest_main
[6.868s] [ 31%] Built target reeds_shepp
[6.899s] [ 37%] Building CXX object CMakeFiles/rrtstar_core.dir/src/rrtstar_core.cpp.o
[12.094s] [ 43%] Linking CXX shared library librrtstar_core.so
[12.158s] [ 50%] Linking CXX static library libgtest.a
[12.206s] [ 50%] Built target gtest
[15.105s] [ 50%] Built target rrtstar_core
[15.125s] [ 68%] Building CXX object CMakeFiles/freespace_planning_algorithms.dir/src/rrtstar.cpp.o
[15.126s] [ 68%] Building CXX object CMakeFiles/freespace_planning_algorithms.dir/src/astar_search.cpp.o
[15.126s] [ 68%] Building CXX object CMakeFiles/freespace_planning_algorithms.dir/src/abstract_algorithm.cpp.o
[25.337s] [ 75%] Linking CXX shared library libfreespace_planning_algorithms.so
[25.541s] [ 75%] Built target freespace_planning_algorithms
[25.564s] [ 81%] Building CXX object CMakeFiles/rrtstar_core_informed-test.dir/test/src/test_rrtstar_core_informed.cpp.o
[25.570s] [ 87%] Building CXX object CMakeFiles/freespace_planning_algorithms-test.dir/test/src/test_freespace_planning_algorithms.cpp.o
[27.411s] [ 93%] Linking CXX executable rrtstar_core_informed-test
[28.361s] [ 93%] Built target rrtstar_core_informed-test
[32.588s] [100%] Linking CXX executable freespace_planning_algorithms-test
[32.768s] [100%] Built target freespace_planning_algorithms-test
[32.778s] Invoked command in '/autoware/build/freespace_planning_algorithms' returned '0': AMENT_PREFIX_PATH=/autoware/install/tier4_autoware_utils:/autoware/install/autoware_auto_vehicle_msgs:/autoware/install/autoware_cmake:/autoware/install/autoware_auto_planning_msgs:/autoware/install/autoware_auto_perception_msgs:/autoware/install/tier4_debug_msgs:/autoware/install/autoware_lint_common:/autoware/install/autoware_auto_mapping_msgs:/autoware/install/autoware_auto_geometry_msgs:${AMENT_PREFIX_PATH} CMAKE_PREFIX_PATH=/autoware/install/tier4_autoware_utils:/autoware/install/autoware_auto_vehicle_msgs:/autoware/install/autoware_cmake:/autoware/install/autoware_auto_planning_msgs:/autoware/install/autoware_auto_perception_msgs:/autoware/install/tier4_debug_msgs:/autoware/install/autoware_lint_common:/autoware/install/autoware_auto_mapping_msgs:/autoware/install/autoware_auto_geometry_msgs:/opt/ros/humble LD_LIBRARY_PATH=/autoware/install/tier4_autoware_utils/lib:/autoware/install/autoware_auto_vehicle_msgs/lib:/autoware/install/autoware_auto_planning_msgs/lib:/autoware/install/autoware_auto_perception_msgs/lib:/autoware/install/tier4_debug_msgs/lib:/autoware/install/autoware_auto_mapping_msgs/lib:/autoware/install/autoware_auto_geometry_msgs/lib:${LD_LIBRARY_PATH} PYTHONPATH=/autoware/install/autoware_auto_vehicle_msgs/local/lib/python3.10/dist-packages:/autoware/install/autoware_auto_planning_msgs/local/lib/python3.10/dist-packages:/autoware/install/autoware_auto_perception_msgs/local/lib/python3.10/dist-packages:/autoware/install/tier4_debug_msgs/local/lib/python3.10/dist-packages:/autoware/install/autoware_auto_mapping_msgs/local/lib/python3.10/dist-packages:/autoware/install/autoware_auto_geometry_msgs/local/lib/python3.10/dist-packages:${PYTHONPATH} /usr/bin/cmake --build /autoware/build/freespace_planning_algorithms -- -j64 -l64
[32.806s] Invoking command in '/autoware/build/freespace_planning_algorithms': AMENT_PREFIX_PATH=/autoware/install/tier4_autoware_utils:/autoware/install/autoware_auto_vehicle_msgs:/autoware/install/autoware_cmake:/autoware/install/autoware_auto_planning_msgs:/autoware/install/autoware_auto_perception_msgs:/autoware/install/tier4_debug_msgs:/autoware/install/autoware_lint_common:/autoware/install/autoware_auto_mapping_msgs:/autoware/install/autoware_auto_geometry_msgs:${AMENT_PREFIX_PATH} CMAKE_PREFIX_PATH=/autoware/install/tier4_autoware_utils:/autoware/install/autoware_auto_vehicle_msgs:/autoware/install/autoware_cmake:/autoware/install/autoware_auto_planning_msgs:/autoware/install/autoware_auto_perception_msgs:/autoware/install/tier4_debug_msgs:/autoware/install/autoware_lint_common:/autoware/install/autoware_auto_mapping_msgs:/autoware/install/autoware_auto_geometry_msgs:/opt/ros/humble LD_LIBRARY_PATH=/autoware/install/tier4_autoware_utils/lib:/autoware/install/autoware_auto_vehicle_msgs/lib:/autoware/install/autoware_auto_planning_msgs/lib:/autoware/install/autoware_auto_perception_msgs/lib:/autoware/install/tier4_debug_msgs/lib:/autoware/install/autoware_auto_mapping_msgs/lib:/autoware/install/autoware_auto_geometry_msgs/lib:${LD_LIBRARY_PATH} PYTHONPATH=/autoware/install/autoware_auto_vehicle_msgs/local/lib/python3.10/dist-packages:/autoware/install/autoware_auto_planning_msgs/local/lib/python3.10/dist-packages:/autoware/install/autoware_auto_perception_msgs/local/lib/python3.10/dist-packages:/autoware/install/tier4_debug_msgs/local/lib/python3.10/dist-packages:/autoware/install/autoware_auto_mapping_msgs/local/lib/python3.10/dist-packages:/autoware/install/autoware_auto_geometry_msgs/local/lib/python3.10/dist-packages:${PYTHONPATH} /usr/bin/cmake --install /autoware/build/freespace_planning_algorithms
[32.812s] -- Install configuration: "Release"
[32.813s] -- Execute custom install script
[32.814s] -- Symlinking: /autoware/install/freespace_planning_algorithms/include/freespace_planning_algorithms/abstract_algorithm.hpp
[32.821s] -- Symlinking: /autoware/install/freespace_planning_algorithms/include/freespace_planning_algorithms/astar_search.hpp
[32.829s] -- Symlinking: /autoware/install/freespace_planning_algorithms/include/freespace_planning_algorithms/reeds_shepp.hpp
[32.836s] -- Symlinking: /autoware/install/freespace_planning_algorithms/include/freespace_planning_algorithms/rrtstar.hpp
[32.843s] -- Symlinking: /autoware/install/freespace_planning_algorithms/include/freespace_planning_algorithms/rrtstar_core.hpp
[32.850s] -- Symlinking: /autoware/install/freespace_planning_algorithms/share/freespace_planning_algorithms/environment/library_path.sh
[32.857s] -- Symlinking: /autoware/install/freespace_planning_algorithms/share/freespace_planning_algorithms/environment/library_path.dsv
[32.864s] -- Symlinking: /autoware/install/freespace_planning_algorithms/lib/libreeds_shepp.so
[32.870s] -- Symlinking: /autoware/install/freespace_planning_algorithms/lib/librrtstar_core.so
[32.878s] -- Symlinking: /autoware/install/freespace_planning_algorithms/lib/libfreespace_planning_algorithms.so
[32.884s] -- Symlinking: /autoware/install/freespace_planning_algorithms/share/ament_index/resource_index/package_run_dependencies/freespace_planning_algorithms
[32.892s] -- Symlinking: /autoware/install/freespace_planning_algorithms/share/ament_index/resource_index/parent_prefix_path/freespace_planning_algorithms
[32.898s] -- Symlinking: /autoware/install/freespace_planning_algorithms/share/freespace_planning_algorithms/environment/ament_prefix_path.sh
[32.905s] -- Symlinking: /autoware/install/freespace_planning_algorithms/share/freespace_planning_algorithms/environment/ament_prefix_path.dsv
[32.912s] -- Symlinking: /autoware/install/freespace_planning_algorithms/share/freespace_planning_algorithms/environment/path.sh
[32.918s] -- Symlinking: /autoware/install/freespace_planning_algorithms/share/freespace_planning_algorithms/environment/path.dsv
[32.924s] -- Symlinking: /autoware/install/freespace_planning_algorithms/share/freespace_planning_algorithms/local_setup.bash
[32.931s] -- Symlinking: /autoware/install/freespace_planning_algorithms/share/freespace_planning_algorithms/local_setup.sh
[32.937s] -- Symlinking: /autoware/install/freespace_planning_algorithms/share/freespace_planning_algorithms/local_setup.zsh
[32.944s] -- Symlinking: /autoware/install/freespace_planning_algorithms/share/freespace_planning_algorithms/local_setup.dsv
[32.950s] -- Symlinking: /autoware/install/freespace_planning_algorithms/share/freespace_planning_algorithms/package.dsv
[32.957s] -- Symlinking: /autoware/install/freespace_planning_algorithms/share/ament_index/resource_index/packages/freespace_planning_algorithms
[32.964s] -- Symlinking: /autoware/install/freespace_planning_algorithms/share/freespace_planning_algorithms/cmake/ament_cmake_export_dependencies-extras.cmake
[32.970s] -- Symlinking: /autoware/install/freespace_planning_algorithms/share/freespace_planning_algorithms/cmake/ament_cmake_export_include_directories-extras.cmake
[32.977s] -- Symlinking: /autoware/install/freespace_planning_algorithms/share/freespace_planning_algorithms/cmake/ament_cmake_export_libraries-extras.cmake
[32.983s] -- Symlinking: /autoware/install/freespace_planning_algorithms/share/freespace_planning_algorithms/cmake/freespace_planning_algorithmsConfig.cmake
[32.990s] -- Symlinking: /autoware/install/freespace_planning_algorithms/share/freespace_planning_algorithms/cmake/freespace_planning_algorithmsConfig-version.cmake
[32.997s] -- Symlinking: /autoware/install/freespace_planning_algorithms/share/freespace_planning_algorithms/package.xml
[33.004s] -- Symlinking: /autoware/install/freespace_planning_algorithms/lib/freespace_planning_algorithms/debug_plot.py
[33.019s] Invoked command in '/autoware/build/freespace_planning_algorithms' returned '0': AMENT_PREFIX_PATH=/autoware/install/tier4_autoware_utils:/autoware/install/autoware_auto_vehicle_msgs:/autoware/install/autoware_cmake:/autoware/install/autoware_auto_planning_msgs:/autoware/install/autoware_auto_perception_msgs:/autoware/install/tier4_debug_msgs:/autoware/install/autoware_lint_common:/autoware/install/autoware_auto_mapping_msgs:/autoware/install/autoware_auto_geometry_msgs:${AMENT_PREFIX_PATH} CMAKE_PREFIX_PATH=/autoware/install/tier4_autoware_utils:/autoware/install/autoware_auto_vehicle_msgs:/autoware/install/autoware_cmake:/autoware/install/autoware_auto_planning_msgs:/autoware/install/autoware_auto_perception_msgs:/autoware/install/tier4_debug_msgs:/autoware/install/autoware_lint_common:/autoware/install/autoware_auto_mapping_msgs:/autoware/install/autoware_auto_geometry_msgs:/opt/ros/humble LD_LIBRARY_PATH=/autoware/install/tier4_autoware_utils/lib:/autoware/install/autoware_auto_vehicle_msgs/lib:/autoware/install/autoware_auto_planning_msgs/lib:/autoware/install/autoware_auto_perception_msgs/lib:/autoware/install/tier4_debug_msgs/lib:/autoware/install/autoware_auto_mapping_msgs/lib:/autoware/install/autoware_auto_geometry_msgs/lib:${LD_LIBRARY_PATH} PYTHONPATH=/autoware/install/autoware_auto_vehicle_msgs/local/lib/python3.10/dist-packages:/autoware/install/autoware_auto_planning_msgs/local/lib/python3.10/dist-packages:/autoware/install/autoware_auto_perception_msgs/local/lib/python3.10/dist-packages:/autoware/install/tier4_debug_msgs/local/lib/python3.10/dist-packages:/autoware/install/autoware_auto_mapping_msgs/local/lib/python3.10/dist-packages:/autoware/install/autoware_auto_geometry_msgs/local/lib/python3.10/dist-packages:${PYTHONPATH} /usr/bin/cmake --install /autoware/build/freespace_planning_algorithms
