-- The C compiler identification is GNU 11.3.0
-- The CXX compiler identification is GNU 11.3.0
-- Detecting C compiler ABI info
-- Detecting C compiler ABI info - done
-- Check for working C compiler: /usr/bin/cc - skipped
-- Detecting C compile features
-- Detecting C compile features - done
-- Detecting CXX compiler ABI info
-- Detecting CXX compiler ABI info - done
-- Check for working CXX compiler: /usr/bin/c++ - skipped
-- Detecting CXX compile features
-- Detecting CXX compile features - done
-- Found autoware_cmake: 0.1.0 (/autoware/install/autoware_cmake/share/autoware_cmake/cmake)
-- Found Python3: /usr/bin/python3.10 (found version "3.10.6") found components: Interpreter 
-- Override CMake install command with custom implementation using symlinks instead of copying resources
-- Found rosidl_generator_c: 3.1.3 (/opt/ros/humble/share/rosidl_generator_c/cmake)
-- Found rosidl_adapter: 3.1.3 (/opt/ros/humble/share/rosidl_adapter/cmake)
-- Found rosidl_generator_cpp: 3.1.3 (/opt/ros/humble/share/rosidl_generator_cpp/cmake)
-- Using all available rosidl_typesupport_c: rosidl_typesupport_fastrtps_c;rosidl_typesupport_introspection_c
-- Using all available rosidl_typesupport_cpp: rosidl_typesupport_fastrtps_cpp;rosidl_typesupport_introspection_cpp
-- Found rmw_implementation_cmake: 6.1.0 (/opt/ros/humble/share/rmw_implementation_cmake/cmake)
-- Found rmw_fastrtps_cpp: 6.2.1 (/opt/ros/humble/share/rmw_fastrtps_cpp/cmake)
-- Found OpenSSL: /usr/lib/x86_64-linux-gnu/libcrypto.so (found version "3.0.2")  
-- Found FastRTPS: /opt/ros/humble/include  
-- Using RMW implementation 'rmw_fastrtps_cpp' as default
-- Found eigen3_cmake_module: 0.1.1 (/opt/ros/humble/share/eigen3_cmake_module/cmake)
-- Found Eigen3: TRUE (found version "3.4.0") 
-- Ensuring Eigen3 include directory is part of orocos-kdl CMake target
-- Found ament_lint_auto: 0.12.4 (/opt/ros/humble/share/ament_lint_auto/cmake)
-- Found OpenCV: /usr (found version "4.5.4") 
-- Added test 'copyright' to check source files copyright and LICENSE
-- Added test 'cppcheck' to perform static code analysis on C / C++ code
-- Configured cppcheck include dirs: /autoware/src/universe/autoware.universe/planning/obstacle_avoidance_planner/include
-- Configured cppcheck exclude dirs and/or files: 
-- Added test 'lint_cmake' to check CMake code style
-- Added test 'xmllint' to check XML markup files
-- Configuring done
-- Generating done
-- Build files have been written to: /autoware/build/obstacle_avoidance_planner
[ 10%] Building CXX object CMakeFiles/obstacle_avoidance_planner_node.dir/rclcpp_components/node_main_obstacle_avoidance_planner_node.cpp.o
[ 20%] Building CXX object CMakeFiles/obstacle_avoidance_planner.dir/src/vehicle_model/vehicle_model_bicycle_kinematics.cpp.o
[ 30%] Building CXX object CMakeFiles/obstacle_avoidance_planner.dir/src/eb_path_optimizer.cpp.o
[ 50%] Building CXX object CMakeFiles/obstacle_avoidance_planner.dir/src/utils/debug_utils.cpp.o
[ 50%] Building CXX object CMakeFiles/obstacle_avoidance_planner.dir/src/vehicle_model/vehicle_model_interface.cpp.o
[ 60%] Building CXX object CMakeFiles/obstacle_avoidance_planner.dir/src/node.cpp.o
[ 70%] Building CXX object CMakeFiles/obstacle_avoidance_planner.dir/src/mpt_optimizer.cpp.o
[ 80%] Building CXX object CMakeFiles/obstacle_avoidance_planner.dir/src/utils/utils.cpp.o
[ 90%] Linking CXX executable obstacle_avoidance_planner_node
[ 90%] Built target obstacle_avoidance_planner_node
[100%] Linking CXX shared library libobstacle_avoidance_planner.so
[100%] Built target obstacle_avoidance_planner
-- Install configuration: "Release"
-- Execute custom install script
-- Symlinking: /autoware/install/obstacle_avoidance_planner/lib/obstacle_avoidance_planner/obstacle_avoidance_planner_node
-- Symlinking: /autoware/install/obstacle_avoidance_planner/include/obstacle_avoidance_planner/common_structs.hpp
-- Symlinking: /autoware/install/obstacle_avoidance_planner/include/obstacle_avoidance_planner/eb_path_optimizer.hpp
-- Symlinking: /autoware/install/obstacle_avoidance_planner/include/obstacle_avoidance_planner/mpt_optimizer.hpp
-- Symlinking: /autoware/install/obstacle_avoidance_planner/include/obstacle_avoidance_planner/node.hpp
-- Symlinking: /autoware/install/obstacle_avoidance_planner/include/obstacle_avoidance_planner/utils/debug_utils.hpp
-- Symlinking: /autoware/install/obstacle_avoidance_planner/include/obstacle_avoidance_planner/utils/utils.hpp
-- Symlinking: /autoware/install/obstacle_avoidance_planner/include/obstacle_avoidance_planner/vehicle_model/vehicle_model_bicycle_kinematics.hpp
-- Symlinking: /autoware/install/obstacle_avoidance_planner/include/obstacle_avoidance_planner/vehicle_model/vehicle_model_bicycle_kinematics_no_delay.hpp
-- Symlinking: /autoware/install/obstacle_avoidance_planner/include/obstacle_avoidance_planner/vehicle_model/vehicle_model_interface.hpp
-- Symlinking: /autoware/install/obstacle_avoidance_planner/share/obstacle_avoidance_planner/environment/library_path.sh
-- Symlinking: /autoware/install/obstacle_avoidance_planner/share/obstacle_avoidance_planner/environment/library_path.dsv
-- Symlinking: /autoware/install/obstacle_avoidance_planner/lib/libobstacle_avoidance_planner.so
-- Symlinking: /autoware/install/obstacle_avoidance_planner/share/obstacle_avoidance_planner/launch/obstacle_avoidance_planner.launch.xml
-- Symlinking: /autoware/install/obstacle_avoidance_planner/share/obstacle_avoidance_planner/config/obstacle_avoidance_planner.param.yaml
-- Symlinking: /autoware/install/obstacle_avoidance_planner/share/obstacle_avoidance_planner/scripts/calclation_time_analyzer.py
-- Symlinking: /autoware/install/obstacle_avoidance_planner/share/obstacle_avoidance_planner/scripts/trajectory_visualizer.py
-- Symlinking: /autoware/install/obstacle_avoidance_planner/share/ament_index/resource_index/package_run_dependencies/obstacle_avoidance_planner
-- Symlinking: /autoware/install/obstacle_avoidance_planner/share/ament_index/resource_index/parent_prefix_path/obstacle_avoidance_planner
-- Symlinking: /autoware/install/obstacle_avoidance_planner/share/obstacle_avoidance_planner/environment/ament_prefix_path.sh
-- Symlinking: /autoware/install/obstacle_avoidance_planner/share/obstacle_avoidance_planner/environment/ament_prefix_path.dsv
-- Symlinking: /autoware/install/obstacle_avoidance_planner/share/obstacle_avoidance_planner/environment/path.sh
-- Symlinking: /autoware/install/obstacle_avoidance_planner/share/obstacle_avoidance_planner/environment/path.dsv
-- Symlinking: /autoware/install/obstacle_avoidance_planner/share/obstacle_avoidance_planner/local_setup.bash
-- Symlinking: /autoware/install/obstacle_avoidance_planner/share/obstacle_avoidance_planner/local_setup.sh
-- Symlinking: /autoware/install/obstacle_avoidance_planner/share/obstacle_avoidance_planner/local_setup.zsh
-- Symlinking: /autoware/install/obstacle_avoidance_planner/share/obstacle_avoidance_planner/local_setup.dsv
-- Symlinking: /autoware/install/obstacle_avoidance_planner/share/obstacle_avoidance_planner/package.dsv
-- Symlinking: /autoware/install/obstacle_avoidance_planner/share/ament_index/resource_index/packages/obstacle_avoidance_planner
-- Symlinking: /autoware/install/obstacle_avoidance_planner/share/ament_index/resource_index/rclcpp_components/obstacle_avoidance_planner
-- Symlinking: /autoware/install/obstacle_avoidance_planner/share/obstacle_avoidance_planner/cmake/ament_cmake_export_dependencies-extras.cmake
-- Symlinking: /autoware/install/obstacle_avoidance_planner/share/obstacle_avoidance_planner/cmake/ament_cmake_export_include_directories-extras.cmake
-- Symlinking: /autoware/install/obstacle_avoidance_planner/share/obstacle_avoidance_planner/cmake/ament_cmake_export_libraries-extras.cmake
-- Symlinking: /autoware/install/obstacle_avoidance_planner/share/obstacle_avoidance_planner/cmake/obstacle_avoidance_plannerConfig.cmake
-- Symlinking: /autoware/install/obstacle_avoidance_planner/share/obstacle_avoidance_planner/cmake/obstacle_avoidance_plannerConfig-version.cmake
-- Symlinking: /autoware/install/obstacle_avoidance_planner/share/obstacle_avoidance_planner/package.xml
