[0.035s] Invoking command in '/autoware/build/obstacle_avoidance_planner': AMENT_PREFIX_PATH=/autoware/install/motion_utils:/autoware/install/vehicle_info_util:/autoware/install/interpolation:/autoware/install/tier4_autoware_utils:/autoware/install/osqp_interface:/autoware/install/autoware_auto_vehicle_msgs:/autoware/install/autoware_cmake:/autoware/install/autoware_auto_planning_msgs:/autoware/install/autoware_auto_perception_msgs:/autoware/install/tier4_planning_msgs:/autoware/install/tier4_debug_msgs:/autoware/install/autoware_lint_common:/autoware/install/autoware_auto_mapping_msgs:/autoware/install/autoware_auto_geometry_msgs:${AMENT_PREFIX_PATH} CMAKE_PREFIX_PATH=/autoware/install/motion_utils:/autoware/install/vehicle_info_util:/autoware/install/interpolation:/autoware/install/tier4_autoware_utils:/autoware/install/osqp_interface:/autoware/install/autoware_auto_vehicle_msgs:/autoware/install/autoware_cmake:/autoware/install/autoware_auto_planning_msgs:/autoware/install/autoware_auto_perception_msgs:/autoware/install/tier4_planning_msgs:/autoware/install/tier4_debug_msgs:/autoware/install/autoware_lint_common:/autoware/install/autoware_auto_mapping_msgs:/autoware/install/autoware_auto_geometry_msgs:/opt/ros/humble LD_LIBRARY_PATH=/autoware/install/motion_utils/lib:/autoware/install/vehicle_info_util/lib:/autoware/install/interpolation/lib:/autoware/install/tier4_autoware_utils/lib:/autoware/install/osqp_interface/lib:/autoware/install/autoware_auto_vehicle_msgs/lib:/autoware/install/autoware_auto_planning_msgs/lib:/autoware/install/autoware_auto_perception_msgs/lib:/autoware/install/tier4_planning_msgs/lib:/autoware/install/tier4_debug_msgs/lib:/autoware/install/autoware_auto_mapping_msgs/lib:/autoware/install/autoware_auto_geometry_msgs/lib:${LD_LIBRARY_PATH} PYTHONPATH=/autoware/install/autoware_auto_vehicle_msgs/local/lib/python3.10/dist-packages:/autoware/install/autoware_auto_planning_msgs/local/lib/python3.10/dist-packages:/autoware/install/autoware_auto_perception_msgs/local/lib/python3.10/dist-packages:/autoware/install/tier4_planning_msgs/local/lib/python3.10/dist-packages:/autoware/install/tier4_debug_msgs/local/lib/python3.10/dist-packages:/autoware/install/autoware_auto_mapping_msgs/local/lib/python3.10/dist-packages:/autoware/install/autoware_auto_geometry_msgs/local/lib/python3.10/dist-packages:${PYTHONPATH} /usr/bin/cmake /autoware/src/universe/autoware.universe/planning/obstacle_avoidance_planner -DCMAKE_BUILD_TYPE=Release -DAMENT_CMAKE_SYMLINK_INSTALL=1 -DCMAKE_INSTALL_PREFIX=/autoware/install/obstacle_avoidance_planner
[0.081s] -- The C compiler identification is GNU 11.3.0
[0.125s] -- The CXX compiler identification is GNU 11.3.0
[0.131s] -- Detecting C compiler ABI info
[0.187s] -- Detecting C compiler ABI info - done
[0.194s] -- Check for working C compiler: /usr/bin/cc - skipped
[0.194s] -- Detecting C compile features
[0.194s] -- Detecting C compile features - done
[0.197s] -- Detecting CXX compiler ABI info
[0.259s] -- Detecting CXX compiler ABI info - done
[0.266s] -- Check for working CXX compiler: /usr/bin/c++ - skipped
[0.266s] -- Detecting CXX compile features
[0.266s] -- Detecting CXX compile features - done
[0.268s] -- Found autoware_cmake: 0.1.0 (/autoware/install/autoware_cmake/share/autoware_cmake/cmake)
[0.450s] -- Found Python3: /usr/bin/python3.10 (found version "3.10.6") found components: Interpreter 
[0.519s] -- Override CMake install command with custom implementation using symlinks instead of copying resources
[0.718s] -- Found rosidl_generator_c: 3.1.3 (/opt/ros/humble/share/rosidl_generator_c/cmake)
[0.727s] -- Found rosidl_adapter: 3.1.3 (/opt/ros/humble/share/rosidl_adapter/cmake)
[0.738s] -- Found rosidl_generator_cpp: 3.1.3 (/opt/ros/humble/share/rosidl_generator_cpp/cmake)
[0.756s] -- Using all available rosidl_typesupport_c: rosidl_typesupport_fastrtps_c;rosidl_typesupport_introspection_c
[0.782s] -- Using all available rosidl_typesupport_cpp: rosidl_typesupport_fastrtps_cpp;rosidl_typesupport_introspection_cpp
[2.058s] -- Found rmw_implementation_cmake: 6.1.0 (/opt/ros/humble/share/rmw_implementation_cmake/cmake)
[2.062s] -- Found rmw_fastrtps_cpp: 6.2.1 (/opt/ros/humble/share/rmw_fastrtps_cpp/cmake)
[2.180s] -- Found OpenSSL: /usr/lib/x86_64-linux-gnu/libcrypto.so (found version "3.0.2")  
[2.218s] -- Found FastRTPS: /opt/ros/humble/include  
[2.290s] -- Using RMW implementation 'rmw_fastrtps_cpp' as default
[2.469s] -- Found eigen3_cmake_module: 0.1.1 (/opt/ros/humble/share/eigen3_cmake_module/cmake)
[2.471s] -- Found Eigen3: TRUE (found version "3.4.0") 
[2.471s] -- Ensuring Eigen3 include directory is part of orocos-kdl CMake target
[4.349s] -- Found ament_lint_auto: 0.12.4 (/opt/ros/humble/share/ament_lint_auto/cmake)
[4.372s] -- Found OpenCV: /usr (found version "4.5.4") 
[7.605s] -- Added test 'copyright' to check source files copyright and LICENSE
[7.606s] -- Added test 'cppcheck' to perform static code analysis on C / C++ code
[7.606s] -- Configured cppcheck include dirs: /autoware/src/universe/autoware.universe/planning/obstacle_avoidance_planner/include
[7.606s] -- Configured cppcheck exclude dirs and/or files: 
[7.607s] -- Added test 'lint_cmake' to check CMake code style
[7.607s] -- Added test 'xmllint' to check XML markup files
[7.607s] -- Configuring done
[7.660s] -- Generating done
[7.660s] -- Build files have been written to: /autoware/build/obstacle_avoidance_planner
[7.663s] Invoked command in '/autoware/build/obstacle_avoidance_planner' returned '0': AMENT_PREFIX_PATH=/autoware/install/motion_utils:/autoware/install/vehicle_info_util:/autoware/install/interpolation:/autoware/install/tier4_autoware_utils:/autoware/install/osqp_interface:/autoware/install/autoware_auto_vehicle_msgs:/autoware/install/autoware_cmake:/autoware/install/autoware_auto_planning_msgs:/autoware/install/autoware_auto_perception_msgs:/autoware/install/tier4_planning_msgs:/autoware/install/tier4_debug_msgs:/autoware/install/autoware_lint_common:/autoware/install/autoware_auto_mapping_msgs:/autoware/install/autoware_auto_geometry_msgs:${AMENT_PREFIX_PATH} CMAKE_PREFIX_PATH=/autoware/install/motion_utils:/autoware/install/vehicle_info_util:/autoware/install/interpolation:/autoware/install/tier4_autoware_utils:/autoware/install/osqp_interface:/autoware/install/autoware_auto_vehicle_msgs:/autoware/install/autoware_cmake:/autoware/install/autoware_auto_planning_msgs:/autoware/install/autoware_auto_perception_msgs:/autoware/install/tier4_planning_msgs:/autoware/install/tier4_debug_msgs:/autoware/install/autoware_lint_common:/autoware/install/autoware_auto_mapping_msgs:/autoware/install/autoware_auto_geometry_msgs:/opt/ros/humble LD_LIBRARY_PATH=/autoware/install/motion_utils/lib:/autoware/install/vehicle_info_util/lib:/autoware/install/interpolation/lib:/autoware/install/tier4_autoware_utils/lib:/autoware/install/osqp_interface/lib:/autoware/install/autoware_auto_vehicle_msgs/lib:/autoware/install/autoware_auto_planning_msgs/lib:/autoware/install/autoware_auto_perception_msgs/lib:/autoware/install/tier4_planning_msgs/lib:/autoware/install/tier4_debug_msgs/lib:/autoware/install/autoware_auto_mapping_msgs/lib:/autoware/install/autoware_auto_geometry_msgs/lib:${LD_LIBRARY_PATH} PYTHONPATH=/autoware/install/autoware_auto_vehicle_msgs/local/lib/python3.10/dist-packages:/autoware/install/autoware_auto_planning_msgs/local/lib/python3.10/dist-packages:/autoware/install/autoware_auto_perception_msgs/local/lib/python3.10/dist-packages:/autoware/install/tier4_planning_msgs/local/lib/python3.10/dist-packages:/autoware/install/tier4_debug_msgs/local/lib/python3.10/dist-packages:/autoware/install/autoware_auto_mapping_msgs/local/lib/python3.10/dist-packages:/autoware/install/autoware_auto_geometry_msgs/local/lib/python3.10/dist-packages:${PYTHONPATH} /usr/bin/cmake /autoware/src/universe/autoware.universe/planning/obstacle_avoidance_planner -DCMAKE_BUILD_TYPE=Release -DAMENT_CMAKE_SYMLINK_INSTALL=1 -DCMAKE_INSTALL_PREFIX=/autoware/install/obstacle_avoidance_planner
[7.663s] Invoking command in '/autoware/build/obstacle_avoidance_planner': AMENT_PREFIX_PATH=/autoware/install/motion_utils:/autoware/install/vehicle_info_util:/autoware/install/interpolation:/autoware/install/tier4_autoware_utils:/autoware/install/osqp_interface:/autoware/install/autoware_auto_vehicle_msgs:/autoware/install/autoware_cmake:/autoware/install/autoware_auto_planning_msgs:/autoware/install/autoware_auto_perception_msgs:/autoware/install/tier4_planning_msgs:/autoware/install/tier4_debug_msgs:/autoware/install/autoware_lint_common:/autoware/install/autoware_auto_mapping_msgs:/autoware/install/autoware_auto_geometry_msgs:${AMENT_PREFIX_PATH} CMAKE_PREFIX_PATH=/autoware/install/motion_utils:/autoware/install/vehicle_info_util:/autoware/install/interpolation:/autoware/install/tier4_autoware_utils:/autoware/install/osqp_interface:/autoware/install/autoware_auto_vehicle_msgs:/autoware/install/autoware_cmake:/autoware/install/autoware_auto_planning_msgs:/autoware/install/autoware_auto_perception_msgs:/autoware/install/tier4_planning_msgs:/autoware/install/tier4_debug_msgs:/autoware/install/autoware_lint_common:/autoware/install/autoware_auto_mapping_msgs:/autoware/install/autoware_auto_geometry_msgs:/opt/ros/humble LD_LIBRARY_PATH=/autoware/install/motion_utils/lib:/autoware/install/vehicle_info_util/lib:/autoware/install/interpolation/lib:/autoware/install/tier4_autoware_utils/lib:/autoware/install/osqp_interface/lib:/autoware/install/autoware_auto_vehicle_msgs/lib:/autoware/install/autoware_auto_planning_msgs/lib:/autoware/install/autoware_auto_perception_msgs/lib:/autoware/install/tier4_planning_msgs/lib:/autoware/install/tier4_debug_msgs/lib:/autoware/install/autoware_auto_mapping_msgs/lib:/autoware/install/autoware_auto_geometry_msgs/lib:${LD_LIBRARY_PATH} PYTHONPATH=/autoware/install/autoware_auto_vehicle_msgs/local/lib/python3.10/dist-packages:/autoware/install/autoware_auto_planning_msgs/local/lib/python3.10/dist-packages:/autoware/install/autoware_auto_perception_msgs/local/lib/python3.10/dist-packages:/autoware/install/tier4_planning_msgs/local/lib/python3.10/dist-packages:/autoware/install/tier4_debug_msgs/local/lib/python3.10/dist-packages:/autoware/install/autoware_auto_mapping_msgs/local/lib/python3.10/dist-packages:/autoware/install/autoware_auto_geometry_msgs/local/lib/python3.10/dist-packages:${PYTHONPATH} /usr/bin/cmake --build /autoware/build/obstacle_avoidance_planner -- -j64 -l64
[7.713s] [ 10%] Building CXX object CMakeFiles/obstacle_avoidance_planner_node.dir/rclcpp_components/node_main_obstacle_avoidance_planner_node.cpp.o
[7.717s] [ 20%] Building CXX object CMakeFiles/obstacle_avoidance_planner.dir/src/vehicle_model/vehicle_model_bicycle_kinematics.cpp.o
[7.719s] [ 30%] Building CXX object CMakeFiles/obstacle_avoidance_planner.dir/src/eb_path_optimizer.cpp.o
[7.719s] [ 50%] Building CXX object CMakeFiles/obstacle_avoidance_planner.dir/src/utils/debug_utils.cpp.o
[7.719s] [ 50%] Building CXX object CMakeFiles/obstacle_avoidance_planner.dir/src/vehicle_model/vehicle_model_interface.cpp.o
[7.719s] [ 60%] Building CXX object CMakeFiles/obstacle_avoidance_planner.dir/src/node.cpp.o
[7.721s] [ 70%] Building CXX object CMakeFiles/obstacle_avoidance_planner.dir/src/mpt_optimizer.cpp.o
[7.722s] [ 80%] Building CXX object CMakeFiles/obstacle_avoidance_planner.dir/src/utils/utils.cpp.o
[11.392s] [ 90%] Linking CXX executable obstacle_avoidance_planner_node
[11.526s] [ 90%] Built target obstacle_avoidance_planner_node
[46.345s] [100%] Linking CXX shared library libobstacle_avoidance_planner.so
[46.727s] [100%] Built target obstacle_avoidance_planner
[46.737s] Invoked command in '/autoware/build/obstacle_avoidance_planner' returned '0': AMENT_PREFIX_PATH=/autoware/install/motion_utils:/autoware/install/vehicle_info_util:/autoware/install/interpolation:/autoware/install/tier4_autoware_utils:/autoware/install/osqp_interface:/autoware/install/autoware_auto_vehicle_msgs:/autoware/install/autoware_cmake:/autoware/install/autoware_auto_planning_msgs:/autoware/install/autoware_auto_perception_msgs:/autoware/install/tier4_planning_msgs:/autoware/install/tier4_debug_msgs:/autoware/install/autoware_lint_common:/autoware/install/autoware_auto_mapping_msgs:/autoware/install/autoware_auto_geometry_msgs:${AMENT_PREFIX_PATH} CMAKE_PREFIX_PATH=/autoware/install/motion_utils:/autoware/install/vehicle_info_util:/autoware/install/interpolation:/autoware/install/tier4_autoware_utils:/autoware/install/osqp_interface:/autoware/install/autoware_auto_vehicle_msgs:/autoware/install/autoware_cmake:/autoware/install/autoware_auto_planning_msgs:/autoware/install/autoware_auto_perception_msgs:/autoware/install/tier4_planning_msgs:/autoware/install/tier4_debug_msgs:/autoware/install/autoware_lint_common:/autoware/install/autoware_auto_mapping_msgs:/autoware/install/autoware_auto_geometry_msgs:/opt/ros/humble LD_LIBRARY_PATH=/autoware/install/motion_utils/lib:/autoware/install/vehicle_info_util/lib:/autoware/install/interpolation/lib:/autoware/install/tier4_autoware_utils/lib:/autoware/install/osqp_interface/lib:/autoware/install/autoware_auto_vehicle_msgs/lib:/autoware/install/autoware_auto_planning_msgs/lib:/autoware/install/autoware_auto_perception_msgs/lib:/autoware/install/tier4_planning_msgs/lib:/autoware/install/tier4_debug_msgs/lib:/autoware/install/autoware_auto_mapping_msgs/lib:/autoware/install/autoware_auto_geometry_msgs/lib:${LD_LIBRARY_PATH} PYTHONPATH=/autoware/install/autoware_auto_vehicle_msgs/local/lib/python3.10/dist-packages:/autoware/install/autoware_auto_planning_msgs/local/lib/python3.10/dist-packages:/autoware/install/autoware_auto_perception_msgs/local/lib/python3.10/dist-packages:/autoware/install/tier4_planning_msgs/local/lib/python3.10/dist-packages:/autoware/install/tier4_debug_msgs/local/lib/python3.10/dist-packages:/autoware/install/autoware_auto_mapping_msgs/local/lib/python3.10/dist-packages:/autoware/install/autoware_auto_geometry_msgs/local/lib/python3.10/dist-packages:${PYTHONPATH} /usr/bin/cmake --build /autoware/build/obstacle_avoidance_planner -- -j64 -l64
[46.767s] Invoking command in '/autoware/build/obstacle_avoidance_planner': AMENT_PREFIX_PATH=/autoware/install/motion_utils:/autoware/install/vehicle_info_util:/autoware/install/interpolation:/autoware/install/tier4_autoware_utils:/autoware/install/osqp_interface:/autoware/install/autoware_auto_vehicle_msgs:/autoware/install/autoware_cmake:/autoware/install/autoware_auto_planning_msgs:/autoware/install/autoware_auto_perception_msgs:/autoware/install/tier4_planning_msgs:/autoware/install/tier4_debug_msgs:/autoware/install/autoware_lint_common:/autoware/install/autoware_auto_mapping_msgs:/autoware/install/autoware_auto_geometry_msgs:${AMENT_PREFIX_PATH} CMAKE_PREFIX_PATH=/autoware/install/motion_utils:/autoware/install/vehicle_info_util:/autoware/install/interpolation:/autoware/install/tier4_autoware_utils:/autoware/install/osqp_interface:/autoware/install/autoware_auto_vehicle_msgs:/autoware/install/autoware_cmake:/autoware/install/autoware_auto_planning_msgs:/autoware/install/autoware_auto_perception_msgs:/autoware/install/tier4_planning_msgs:/autoware/install/tier4_debug_msgs:/autoware/install/autoware_lint_common:/autoware/install/autoware_auto_mapping_msgs:/autoware/install/autoware_auto_geometry_msgs:/opt/ros/humble LD_LIBRARY_PATH=/autoware/install/motion_utils/lib:/autoware/install/vehicle_info_util/lib:/autoware/install/interpolation/lib:/autoware/install/tier4_autoware_utils/lib:/autoware/install/osqp_interface/lib:/autoware/install/autoware_auto_vehicle_msgs/lib:/autoware/install/autoware_auto_planning_msgs/lib:/autoware/install/autoware_auto_perception_msgs/lib:/autoware/install/tier4_planning_msgs/lib:/autoware/install/tier4_debug_msgs/lib:/autoware/install/autoware_auto_mapping_msgs/lib:/autoware/install/autoware_auto_geometry_msgs/lib:${LD_LIBRARY_PATH} PYTHONPATH=/autoware/install/autoware_auto_vehicle_msgs/local/lib/python3.10/dist-packages:/autoware/install/autoware_auto_planning_msgs/local/lib/python3.10/dist-packages:/autoware/install/autoware_auto_perception_msgs/local/lib/python3.10/dist-packages:/autoware/install/tier4_planning_msgs/local/lib/python3.10/dist-packages:/autoware/install/tier4_debug_msgs/local/lib/python3.10/dist-packages:/autoware/install/autoware_auto_mapping_msgs/local/lib/python3.10/dist-packages:/autoware/install/autoware_auto_geometry_msgs/local/lib/python3.10/dist-packages:${PYTHONPATH} /usr/bin/cmake --install /autoware/build/obstacle_avoidance_planner
[46.774s] -- Install configuration: "Release"
[46.774s] -- Execute custom install script
[46.775s] -- Symlinking: /autoware/install/obstacle_avoidance_planner/lib/obstacle_avoidance_planner/obstacle_avoidance_planner_node
[46.783s] -- Symlinking: /autoware/install/obstacle_avoidance_planner/include/obstacle_avoidance_planner/common_structs.hpp
[46.790s] -- Symlinking: /autoware/install/obstacle_avoidance_planner/include/obstacle_avoidance_planner/eb_path_optimizer.hpp
[46.797s] -- Symlinking: /autoware/install/obstacle_avoidance_planner/include/obstacle_avoidance_planner/mpt_optimizer.hpp
[46.804s] -- Symlinking: /autoware/install/obstacle_avoidance_planner/include/obstacle_avoidance_planner/node.hpp
[46.812s] -- Symlinking: /autoware/install/obstacle_avoidance_planner/include/obstacle_avoidance_planner/utils/debug_utils.hpp
[46.819s] -- Symlinking: /autoware/install/obstacle_avoidance_planner/include/obstacle_avoidance_planner/utils/utils.hpp
[46.826s] -- Symlinking: /autoware/install/obstacle_avoidance_planner/include/obstacle_avoidance_planner/vehicle_model/vehicle_model_bicycle_kinematics.hpp
[46.833s] -- Symlinking: /autoware/install/obstacle_avoidance_planner/include/obstacle_avoidance_planner/vehicle_model/vehicle_model_bicycle_kinematics_no_delay.hpp
[46.839s] -- Symlinking: /autoware/install/obstacle_avoidance_planner/include/obstacle_avoidance_planner/vehicle_model/vehicle_model_interface.hpp
[46.846s] -- Symlinking: /autoware/install/obstacle_avoidance_planner/share/obstacle_avoidance_planner/environment/library_path.sh
[46.853s] -- Symlinking: /autoware/install/obstacle_avoidance_planner/share/obstacle_avoidance_planner/environment/library_path.dsv
[46.859s] -- Symlinking: /autoware/install/obstacle_avoidance_planner/lib/libobstacle_avoidance_planner.so
[46.868s] -- Symlinking: /autoware/install/obstacle_avoidance_planner/share/obstacle_avoidance_planner/launch/obstacle_avoidance_planner.launch.xml
[46.876s] -- Symlinking: /autoware/install/obstacle_avoidance_planner/share/obstacle_avoidance_planner/config/obstacle_avoidance_planner.param.yaml
[46.883s] -- Symlinking: /autoware/install/obstacle_avoidance_planner/share/obstacle_avoidance_planner/scripts/calclation_time_analyzer.py
[46.891s] -- Symlinking: /autoware/install/obstacle_avoidance_planner/share/obstacle_avoidance_planner/scripts/trajectory_visualizer.py
[46.899s] -- Symlinking: /autoware/install/obstacle_avoidance_planner/share/ament_index/resource_index/package_run_dependencies/obstacle_avoidance_planner
[46.906s] -- Symlinking: /autoware/install/obstacle_avoidance_planner/share/ament_index/resource_index/parent_prefix_path/obstacle_avoidance_planner
[46.914s] -- Symlinking: /autoware/install/obstacle_avoidance_planner/share/obstacle_avoidance_planner/environment/ament_prefix_path.sh
[46.921s] -- Symlinking: /autoware/install/obstacle_avoidance_planner/share/obstacle_avoidance_planner/environment/ament_prefix_path.dsv
[46.929s] -- Symlinking: /autoware/install/obstacle_avoidance_planner/share/obstacle_avoidance_planner/environment/path.sh
[46.936s] -- Symlinking: /autoware/install/obstacle_avoidance_planner/share/obstacle_avoidance_planner/environment/path.dsv
[46.945s] -- Symlinking: /autoware/install/obstacle_avoidance_planner/share/obstacle_avoidance_planner/local_setup.bash
[46.952s] -- Symlinking: /autoware/install/obstacle_avoidance_planner/share/obstacle_avoidance_planner/local_setup.sh
[46.959s] -- Symlinking: /autoware/install/obstacle_avoidance_planner/share/obstacle_avoidance_planner/local_setup.zsh
[46.967s] -- Symlinking: /autoware/install/obstacle_avoidance_planner/share/obstacle_avoidance_planner/local_setup.dsv
[46.973s] -- Symlinking: /autoware/install/obstacle_avoidance_planner/share/obstacle_avoidance_planner/package.dsv
[46.982s] -- Symlinking: /autoware/install/obstacle_avoidance_planner/share/ament_index/resource_index/packages/obstacle_avoidance_planner
[46.989s] -- Symlinking: /autoware/install/obstacle_avoidance_planner/share/ament_index/resource_index/rclcpp_components/obstacle_avoidance_planner
[46.998s] -- Symlinking: /autoware/install/obstacle_avoidance_planner/share/obstacle_avoidance_planner/cmake/ament_cmake_export_dependencies-extras.cmake
[47.005s] -- Symlinking: /autoware/install/obstacle_avoidance_planner/share/obstacle_avoidance_planner/cmake/ament_cmake_export_include_directories-extras.cmake
[47.013s] -- Symlinking: /autoware/install/obstacle_avoidance_planner/share/obstacle_avoidance_planner/cmake/ament_cmake_export_libraries-extras.cmake
[47.020s] -- Symlinking: /autoware/install/obstacle_avoidance_planner/share/obstacle_avoidance_planner/cmake/obstacle_avoidance_plannerConfig.cmake
[47.028s] -- Symlinking: /autoware/install/obstacle_avoidance_planner/share/obstacle_avoidance_planner/cmake/obstacle_avoidance_plannerConfig-version.cmake
[47.036s] -- Symlinking: /autoware/install/obstacle_avoidance_planner/share/obstacle_avoidance_planner/package.xml
[47.044s] Invoked command in '/autoware/build/obstacle_avoidance_planner' returned '0': AMENT_PREFIX_PATH=/autoware/install/motion_utils:/autoware/install/vehicle_info_util:/autoware/install/interpolation:/autoware/install/tier4_autoware_utils:/autoware/install/osqp_interface:/autoware/install/autoware_auto_vehicle_msgs:/autoware/install/autoware_cmake:/autoware/install/autoware_auto_planning_msgs:/autoware/install/autoware_auto_perception_msgs:/autoware/install/tier4_planning_msgs:/autoware/install/tier4_debug_msgs:/autoware/install/autoware_lint_common:/autoware/install/autoware_auto_mapping_msgs:/autoware/install/autoware_auto_geometry_msgs:${AMENT_PREFIX_PATH} CMAKE_PREFIX_PATH=/autoware/install/motion_utils:/autoware/install/vehicle_info_util:/autoware/install/interpolation:/autoware/install/tier4_autoware_utils:/autoware/install/osqp_interface:/autoware/install/autoware_auto_vehicle_msgs:/autoware/install/autoware_cmake:/autoware/install/autoware_auto_planning_msgs:/autoware/install/autoware_auto_perception_msgs:/autoware/install/tier4_planning_msgs:/autoware/install/tier4_debug_msgs:/autoware/install/autoware_lint_common:/autoware/install/autoware_auto_mapping_msgs:/autoware/install/autoware_auto_geometry_msgs:/opt/ros/humble LD_LIBRARY_PATH=/autoware/install/motion_utils/lib:/autoware/install/vehicle_info_util/lib:/autoware/install/interpolation/lib:/autoware/install/tier4_autoware_utils/lib:/autoware/install/osqp_interface/lib:/autoware/install/autoware_auto_vehicle_msgs/lib:/autoware/install/autoware_auto_planning_msgs/lib:/autoware/install/autoware_auto_perception_msgs/lib:/autoware/install/tier4_planning_msgs/lib:/autoware/install/tier4_debug_msgs/lib:/autoware/install/autoware_auto_mapping_msgs/lib:/autoware/install/autoware_auto_geometry_msgs/lib:${LD_LIBRARY_PATH} PYTHONPATH=/autoware/install/autoware_auto_vehicle_msgs/local/lib/python3.10/dist-packages:/autoware/install/autoware_auto_planning_msgs/local/lib/python3.10/dist-packages:/autoware/install/autoware_auto_perception_msgs/local/lib/python3.10/dist-packages:/autoware/install/tier4_planning_msgs/local/lib/python3.10/dist-packages:/autoware/install/tier4_debug_msgs/local/lib/python3.10/dist-packages:/autoware/install/autoware_auto_mapping_msgs/local/lib/python3.10/dist-packages:/autoware/install/autoware_auto_geometry_msgs/local/lib/python3.10/dist-packages:${PYTHONPATH} /usr/bin/cmake --install /autoware/build/obstacle_avoidance_planner
