-- The C compiler identification is GNU 11.3.0
-- The CXX compiler identification is GNU 11.3.0
-- Detecting C compiler ABI info
-- Detecting C compiler ABI info - done
-- Check for working C compiler: /usr/bin/cc - skipped
-- Detecting C compile features
-- Detecting C compile features - done
-- Detecting CXX compiler ABI info
-- Detecting CXX compiler ABI info - done
-- Check for working CXX compiler: /usr/bin/c++ - skipped
-- Detecting CXX compile features
-- Detecting CXX compile features - done
-- Found autoware_cmake: 0.1.0 (/autoware/install/autoware_cmake/share/autoware_cmake/cmake)
-- Found Python3: /usr/bin/python3.10 (found version "3.10.6") found components: Interpreter 
-- Override CMake install command with custom implementation using symlinks instead of copying resources
-- Found rosidl_generator_c: 3.1.3 (/opt/ros/humble/share/rosidl_generator_c/cmake)
-- Found rosidl_adapter: 3.1.3 (/opt/ros/humble/share/rosidl_adapter/cmake)
-- Found rosidl_generator_cpp: 3.1.3 (/opt/ros/humble/share/rosidl_generator_cpp/cmake)
-- Using all available rosidl_typesupport_c: rosidl_typesupport_fastrtps_c;rosidl_typesupport_introspection_c
-- Using all available rosidl_typesupport_cpp: rosidl_typesupport_fastrtps_cpp;rosidl_typesupport_introspection_cpp
-- Found rmw_implementation_cmake: 6.1.0 (/opt/ros/humble/share/rmw_implementation_cmake/cmake)
-- Found rmw_fastrtps_cpp: 6.2.1 (/opt/ros/humble/share/rmw_fastrtps_cpp/cmake)
-- Found OpenSSL: /usr/lib/x86_64-linux-gnu/libcrypto.so (found version "3.0.2")  
-- Found FastRTPS: /opt/ros/humble/include  
-- Using RMW implementation 'rmw_fastrtps_cpp' as default
-- Found eigen3_cmake_module: 0.1.1 (/opt/ros/humble/share/eigen3_cmake_module/cmake)
-- Found Eigen3: TRUE (found version "3.4.0") 
-- Ensuring Eigen3 include directory is part of orocos-kdl CMake target
-- Found ament_lint_auto: 0.12.4 (/opt/ros/humble/share/ament_lint_auto/cmake)
-- Checking for module 'eigen3'
--   Found eigen3, version 3.4.0
-- Found Eigen: /usr/include/eigen3 (Required is at least version "3.1") 
-- Eigen found (include: /usr/include/eigen3, version: 3.4.0)
-- Found Boost: /usr/lib/x86_64-linux-gnu/cmake/Boost-1.74.0/BoostConfig.cmake (found suitable version "1.74.0", minimum required is "1.65.0") found components: system filesystem date_time iostreams serialization 
-- looking for PCL_COMMON
-- Found PCL_COMMON: /usr/lib/x86_64-linux-gnu/libpcl_common.so  
-- Found PCL: pcl_common;Boost::system;Boost::filesystem;Boost::date_time;Boost::iostreams;Boost::serialization  
-- Found gmock sources under '/opt/ros/humble/src/gmock_vendor': C++ tests using 'Google Mock' will be built
-- Found ament_cmake_gtest: 1.3.2 (/opt/ros/humble/share/ament_cmake_gtest/cmake)
-- Found gtest sources under '/opt/ros/humble/src/gtest_vendor': C++ tests using 'Google Test' will be built
-- Added test 'cppcheck' to perform static code analysis on C / C++ code
-- Configured cppcheck include dirs: /autoware/src/universe/autoware.universe/localization/pose_initializer/include
-- Configured cppcheck exclude dirs and/or files: 
-- Added test 'copyright' to check source files copyright and LICENSE
-- Added test 'lint_cmake' to check CMake code style
-- Added test 'xmllint' to check XML markup files
-- Configuring done
-- Generating done
-- Build files have been written to: /autoware/build/pose_initializer
[  5%] Building CXX object gmock/CMakeFiles/gmock.dir/src/gmock-all.cc.o
[ 11%] Building CXX object gmock/CMakeFiles/gmock.dir/opt/ros/humble/src/gtest_vendor/src/gtest-all.cc.o
[ 17%] Building CXX object gmock/CMakeFiles/gmock_main.dir/src/gmock_main.cc.o
[ 23%] Building CXX object CMakeFiles/map_height_fitter.dir/src/map_height_fitter/map_height_fitter_core.cpp.o
[ 29%] Building CXX object CMakeFiles/pose_initializer_node.dir/src/pose_initializer/pose_initializer_node.cpp.o
[ 41%] Building CXX object CMakeFiles/pose_initializer_node.dir/src/pose_initializer/pose_initializer_core.cpp.o
[ 41%] Building CXX object CMakeFiles/map_height_fitter.dir/src/map_height_fitter/map_height_fitter_node.cpp.o
[ 52%] Building CXX object CMakeFiles/pose_initializer_node.dir/src/pose_initializer/ndt_module.cpp.o
[ 52%] Building CXX object CMakeFiles/pose_initializer_node.dir/src/pose_initializer/localization_trigger_module.cpp.o
[ 58%] Building CXX object CMakeFiles/pose_initializer_node.dir/src/pose_initializer/gnss_module.cpp.o
[ 64%] Building CXX object CMakeFiles/pose_initializer_node.dir/src/pose_initializer/stop_check_module.cpp.o
[ 70%] Linking CXX static library libgmock_main.a
[ 70%] Built target gmock_main
[ 76%] Linking CXX static library libgmock.a
[ 76%] Built target gmock
[ 82%] Building CXX object CMakeFiles/test_copy_vector_to_array.dir/test/test_copy_vector_to_array.cpp.o
[ 88%] Linking CXX executable test_copy_vector_to_array
[ 94%] Linking CXX executable pose_initializer_node
[ 94%] Built target pose_initializer_node
[ 94%] Built target test_copy_vector_to_array
[100%] Linking CXX executable map_height_fitter
[100%] Built target map_height_fitter
-- Install configuration: "Release"
-- Execute custom install script
-- Symlinking: /autoware/install/pose_initializer/lib/pose_initializer/pose_initializer_node
-- Symlinking: /autoware/install/pose_initializer/lib/pose_initializer/map_height_fitter
-- Symlinking: /autoware/install/pose_initializer/share/pose_initializer/launch/pose_initializer.launch.xml
-- Symlinking: /autoware/install/pose_initializer/share/pose_initializer/config/pose_initializer.param.yaml
-- Symlinking: /autoware/install/pose_initializer/share/ament_index/resource_index/package_run_dependencies/pose_initializer
-- Symlinking: /autoware/install/pose_initializer/share/ament_index/resource_index/parent_prefix_path/pose_initializer
-- Symlinking: /autoware/install/pose_initializer/share/pose_initializer/environment/ament_prefix_path.sh
-- Symlinking: /autoware/install/pose_initializer/share/pose_initializer/environment/ament_prefix_path.dsv
-- Symlinking: /autoware/install/pose_initializer/share/pose_initializer/environment/path.sh
-- Symlinking: /autoware/install/pose_initializer/share/pose_initializer/environment/path.dsv
-- Symlinking: /autoware/install/pose_initializer/share/pose_initializer/local_setup.bash
-- Symlinking: /autoware/install/pose_initializer/share/pose_initializer/local_setup.sh
-- Symlinking: /autoware/install/pose_initializer/share/pose_initializer/local_setup.zsh
-- Symlinking: /autoware/install/pose_initializer/share/pose_initializer/local_setup.dsv
-- Symlinking: /autoware/install/pose_initializer/share/pose_initializer/package.dsv
-- Symlinking: /autoware/install/pose_initializer/share/ament_index/resource_index/packages/pose_initializer
-- Symlinking: /autoware/install/pose_initializer/share/pose_initializer/cmake/ament_cmake_export_dependencies-extras.cmake
-- Symlinking: /autoware/install/pose_initializer/share/pose_initializer/cmake/pose_initializerConfig.cmake
-- Symlinking: /autoware/install/pose_initializer/share/pose_initializer/cmake/pose_initializerConfig-version.cmake
-- Symlinking: /autoware/install/pose_initializer/share/pose_initializer/package.xml
