[0.049s] Invoking command in '/autoware/build/pose_initializer': AMENT_PREFIX_PATH=/autoware/install/motion_utils:/autoware/install/interpolation:/autoware/install/tier4_autoware_utils:/autoware/install/component_interface_utils:/autoware/install/component_interface_specs:/autoware/install/autoware_auto_vehicle_msgs:/autoware/install/tier4_system_msgs:/autoware/install/autoware_cmake:/autoware/install/autoware_auto_planning_msgs:/autoware/install/autoware_auto_perception_msgs:/autoware/install/tier4_localization_msgs:/autoware/install/tier4_debug_msgs:/autoware/install/autoware_map_msgs:/autoware/install/autoware_lint_common:/autoware/install/autoware_common_msgs:/autoware/install/autoware_auto_mapping_msgs:/autoware/install/autoware_auto_geometry_msgs:/autoware/install/autoware_adapi_v1_msgs:${AMENT_PREFIX_PATH} CMAKE_PREFIX_PATH=/autoware/install/motion_utils:/autoware/install/interpolation:/autoware/install/tier4_autoware_utils:/autoware/install/component_interface_utils:/autoware/install/component_interface_specs:/autoware/install/autoware_auto_vehicle_msgs:/autoware/install/tier4_system_msgs:/autoware/install/autoware_cmake:/autoware/install/autoware_auto_planning_msgs:/autoware/install/autoware_auto_perception_msgs:/autoware/install/tier4_localization_msgs:/autoware/install/tier4_debug_msgs:/autoware/install/autoware_map_msgs:/autoware/install/autoware_lint_common:/autoware/install/autoware_common_msgs:/autoware/install/autoware_auto_mapping_msgs:/autoware/install/autoware_auto_geometry_msgs:/autoware/install/autoware_adapi_v1_msgs:/opt/ros/humble LD_LIBRARY_PATH=/autoware/install/motion_utils/lib:/autoware/install/interpolation/lib:/autoware/install/tier4_autoware_utils/lib:/autoware/install/autoware_auto_vehicle_msgs/lib:/autoware/install/tier4_system_msgs/lib:/autoware/install/autoware_auto_planning_msgs/lib:/autoware/install/autoware_auto_perception_msgs/lib:/autoware/install/tier4_localization_msgs/lib:/autoware/install/tier4_debug_msgs/lib:/autoware/install/autoware_map_msgs/lib:/autoware/install/autoware_common_msgs/lib:/autoware/install/autoware_auto_mapping_msgs/lib:/autoware/install/autoware_auto_geometry_msgs/lib:/autoware/install/autoware_adapi_v1_msgs/lib:${LD_LIBRARY_PATH} PYTHONPATH=/autoware/install/autoware_auto_vehicle_msgs/local/lib/python3.10/dist-packages:/autoware/install/tier4_system_msgs/local/lib/python3.10/dist-packages:/autoware/install/autoware_auto_planning_msgs/local/lib/python3.10/dist-packages:/autoware/install/autoware_auto_perception_msgs/local/lib/python3.10/dist-packages:/autoware/install/tier4_localization_msgs/local/lib/python3.10/dist-packages:/autoware/install/tier4_debug_msgs/local/lib/python3.10/dist-packages:/autoware/install/autoware_map_msgs/local/lib/python3.10/dist-packages:/autoware/install/autoware_common_msgs/local/lib/python3.10/dist-packages:/autoware/install/autoware_auto_mapping_msgs/local/lib/python3.10/dist-packages:/autoware/install/autoware_auto_geometry_msgs/local/lib/python3.10/dist-packages:/autoware/install/autoware_adapi_v1_msgs/local/lib/python3.10/dist-packages:${PYTHONPATH} /usr/bin/cmake /autoware/src/universe/autoware.universe/localization/pose_initializer -DCMAKE_BUILD_TYPE=Release -DAMENT_CMAKE_SYMLINK_INSTALL=1 -DCMAKE_INSTALL_PREFIX=/autoware/install/pose_initializer
[0.102s] -- The C compiler identification is GNU 11.3.0
[0.140s] -- The CXX compiler identification is GNU 11.3.0
[0.147s] -- Detecting C compiler ABI info
[0.213s] -- Detecting C compiler ABI info - done
[0.219s] -- Check for working C compiler: /usr/bin/cc - skipped
[0.220s] -- Detecting C compile features
[0.220s] -- Detecting C compile features - done
[0.223s] -- Detecting CXX compiler ABI info
[0.299s] -- Detecting CXX compiler ABI info - done
[0.312s] -- Check for working CXX compiler: /usr/bin/c++ - skipped
[0.312s] -- Detecting CXX compile features
[0.313s] -- Detecting CXX compile features - done
[0.316s] -- Found autoware_cmake: 0.1.0 (/autoware/install/autoware_cmake/share/autoware_cmake/cmake)
[0.526s] -- Found Python3: /usr/bin/python3.10 (found version "3.10.6") found components: Interpreter 
[0.597s] -- Override CMake install command with custom implementation using symlinks instead of copying resources
[0.813s] -- Found rosidl_generator_c: 3.1.3 (/opt/ros/humble/share/rosidl_generator_c/cmake)
[0.823s] -- Found rosidl_adapter: 3.1.3 (/opt/ros/humble/share/rosidl_adapter/cmake)
[0.836s] -- Found rosidl_generator_cpp: 3.1.3 (/opt/ros/humble/share/rosidl_generator_cpp/cmake)
[0.854s] -- Using all available rosidl_typesupport_c: rosidl_typesupport_fastrtps_c;rosidl_typesupport_introspection_c
[0.881s] -- Using all available rosidl_typesupport_cpp: rosidl_typesupport_fastrtps_cpp;rosidl_typesupport_introspection_cpp
[1.932s] -- Found rmw_implementation_cmake: 6.1.0 (/opt/ros/humble/share/rmw_implementation_cmake/cmake)
[1.940s] -- Found rmw_fastrtps_cpp: 6.2.1 (/opt/ros/humble/share/rmw_fastrtps_cpp/cmake)
[2.107s] -- Found OpenSSL: /usr/lib/x86_64-linux-gnu/libcrypto.so (found version "3.0.2")  
[2.152s] -- Found FastRTPS: /opt/ros/humble/include  
[2.236s] -- Using RMW implementation 'rmw_fastrtps_cpp' as default
[4.557s] -- Found eigen3_cmake_module: 0.1.1 (/opt/ros/humble/share/eigen3_cmake_module/cmake)
[4.559s] -- Found Eigen3: TRUE (found version "3.4.0") 
[4.559s] -- Ensuring Eigen3 include directory is part of orocos-kdl CMake target
[7.114s] -- Found ament_lint_auto: 0.12.4 (/opt/ros/humble/share/ament_lint_auto/cmake)
[7.157s] -- Checking for module 'eigen3'
[7.178s] --   Found eigen3, version 3.4.0
[7.235s] -- Found Eigen: /usr/include/eigen3 (Required is at least version "3.1") 
[7.235s] -- Eigen found (include: /usr/include/eigen3, version: 3.4.0)
[7.289s] -- Found Boost: /usr/lib/x86_64-linux-gnu/cmake/Boost-1.74.0/BoostConfig.cmake (found suitable version "1.74.0", minimum required is "1.65.0") found components: system filesystem date_time iostreams serialization 
[7.291s] -- looking for PCL_COMMON
[7.292s] -- Found PCL_COMMON: /usr/lib/x86_64-linux-gnu/libpcl_common.so  
[7.292s] -- Found PCL: pcl_common;Boost::system;Boost::filesystem;Boost::date_time;Boost::iostreams;Boost::serialization  
[12.165s] -- Found gmock sources under '/opt/ros/humble/src/gmock_vendor': C++ tests using 'Google Mock' will be built
[12.175s] -- Found ament_cmake_gtest: 1.3.2 (/opt/ros/humble/share/ament_cmake_gtest/cmake)
[12.175s] -- Found gtest sources under '/opt/ros/humble/src/gtest_vendor': C++ tests using 'Google Test' will be built
[14.458s] -- Added test 'cppcheck' to perform static code analysis on C / C++ code
[14.458s] -- Configured cppcheck include dirs: /autoware/src/universe/autoware.universe/localization/pose_initializer/include
[14.458s] -- Configured cppcheck exclude dirs and/or files: 
[14.458s] -- Added test 'copyright' to check source files copyright and LICENSE
[14.458s] -- Added test 'lint_cmake' to check CMake code style
[14.459s] -- Added test 'xmllint' to check XML markup files
[14.459s] -- Configuring done
[14.660s] -- Generating done
[14.663s] -- Build files have been written to: /autoware/build/pose_initializer
[14.679s] Invoked command in '/autoware/build/pose_initializer' returned '0': AMENT_PREFIX_PATH=/autoware/install/motion_utils:/autoware/install/interpolation:/autoware/install/tier4_autoware_utils:/autoware/install/component_interface_utils:/autoware/install/component_interface_specs:/autoware/install/autoware_auto_vehicle_msgs:/autoware/install/tier4_system_msgs:/autoware/install/autoware_cmake:/autoware/install/autoware_auto_planning_msgs:/autoware/install/autoware_auto_perception_msgs:/autoware/install/tier4_localization_msgs:/autoware/install/tier4_debug_msgs:/autoware/install/autoware_map_msgs:/autoware/install/autoware_lint_common:/autoware/install/autoware_common_msgs:/autoware/install/autoware_auto_mapping_msgs:/autoware/install/autoware_auto_geometry_msgs:/autoware/install/autoware_adapi_v1_msgs:${AMENT_PREFIX_PATH} CMAKE_PREFIX_PATH=/autoware/install/motion_utils:/autoware/install/interpolation:/autoware/install/tier4_autoware_utils:/autoware/install/component_interface_utils:/autoware/install/component_interface_specs:/autoware/install/autoware_auto_vehicle_msgs:/autoware/install/tier4_system_msgs:/autoware/install/autoware_cmake:/autoware/install/autoware_auto_planning_msgs:/autoware/install/autoware_auto_perception_msgs:/autoware/install/tier4_localization_msgs:/autoware/install/tier4_debug_msgs:/autoware/install/autoware_map_msgs:/autoware/install/autoware_lint_common:/autoware/install/autoware_common_msgs:/autoware/install/autoware_auto_mapping_msgs:/autoware/install/autoware_auto_geometry_msgs:/autoware/install/autoware_adapi_v1_msgs:/opt/ros/humble LD_LIBRARY_PATH=/autoware/install/motion_utils/lib:/autoware/install/interpolation/lib:/autoware/install/tier4_autoware_utils/lib:/autoware/install/autoware_auto_vehicle_msgs/lib:/autoware/install/tier4_system_msgs/lib:/autoware/install/autoware_auto_planning_msgs/lib:/autoware/install/autoware_auto_perception_msgs/lib:/autoware/install/tier4_localization_msgs/lib:/autoware/install/tier4_debug_msgs/lib:/autoware/install/autoware_map_msgs/lib:/autoware/install/autoware_common_msgs/lib:/autoware/install/autoware_auto_mapping_msgs/lib:/autoware/install/autoware_auto_geometry_msgs/lib:/autoware/install/autoware_adapi_v1_msgs/lib:${LD_LIBRARY_PATH} PYTHONPATH=/autoware/install/autoware_auto_vehicle_msgs/local/lib/python3.10/dist-packages:/autoware/install/tier4_system_msgs/local/lib/python3.10/dist-packages:/autoware/install/autoware_auto_planning_msgs/local/lib/python3.10/dist-packages:/autoware/install/autoware_auto_perception_msgs/local/lib/python3.10/dist-packages:/autoware/install/tier4_localization_msgs/local/lib/python3.10/dist-packages:/autoware/install/tier4_debug_msgs/local/lib/python3.10/dist-packages:/autoware/install/autoware_map_msgs/local/lib/python3.10/dist-packages:/autoware/install/autoware_common_msgs/local/lib/python3.10/dist-packages:/autoware/install/autoware_auto_mapping_msgs/local/lib/python3.10/dist-packages:/autoware/install/autoware_auto_geometry_msgs/local/lib/python3.10/dist-packages:/autoware/install/autoware_adapi_v1_msgs/local/lib/python3.10/dist-packages:${PYTHONPATH} /usr/bin/cmake /autoware/src/universe/autoware.universe/localization/pose_initializer -DCMAKE_BUILD_TYPE=Release -DAMENT_CMAKE_SYMLINK_INSTALL=1 -DCMAKE_INSTALL_PREFIX=/autoware/install/pose_initializer
[14.681s] Invoking command in '/autoware/build/pose_initializer': AMENT_PREFIX_PATH=/autoware/install/motion_utils:/autoware/install/interpolation:/autoware/install/tier4_autoware_utils:/autoware/install/component_interface_utils:/autoware/install/component_interface_specs:/autoware/install/autoware_auto_vehicle_msgs:/autoware/install/tier4_system_msgs:/autoware/install/autoware_cmake:/autoware/install/autoware_auto_planning_msgs:/autoware/install/autoware_auto_perception_msgs:/autoware/install/tier4_localization_msgs:/autoware/install/tier4_debug_msgs:/autoware/install/autoware_map_msgs:/autoware/install/autoware_lint_common:/autoware/install/autoware_common_msgs:/autoware/install/autoware_auto_mapping_msgs:/autoware/install/autoware_auto_geometry_msgs:/autoware/install/autoware_adapi_v1_msgs:${AMENT_PREFIX_PATH} CMAKE_PREFIX_PATH=/autoware/install/motion_utils:/autoware/install/interpolation:/autoware/install/tier4_autoware_utils:/autoware/install/component_interface_utils:/autoware/install/component_interface_specs:/autoware/install/autoware_auto_vehicle_msgs:/autoware/install/tier4_system_msgs:/autoware/install/autoware_cmake:/autoware/install/autoware_auto_planning_msgs:/autoware/install/autoware_auto_perception_msgs:/autoware/install/tier4_localization_msgs:/autoware/install/tier4_debug_msgs:/autoware/install/autoware_map_msgs:/autoware/install/autoware_lint_common:/autoware/install/autoware_common_msgs:/autoware/install/autoware_auto_mapping_msgs:/autoware/install/autoware_auto_geometry_msgs:/autoware/install/autoware_adapi_v1_msgs:/opt/ros/humble LD_LIBRARY_PATH=/autoware/install/motion_utils/lib:/autoware/install/interpolation/lib:/autoware/install/tier4_autoware_utils/lib:/autoware/install/autoware_auto_vehicle_msgs/lib:/autoware/install/tier4_system_msgs/lib:/autoware/install/autoware_auto_planning_msgs/lib:/autoware/install/autoware_auto_perception_msgs/lib:/autoware/install/tier4_localization_msgs/lib:/autoware/install/tier4_debug_msgs/lib:/autoware/install/autoware_map_msgs/lib:/autoware/install/autoware_common_msgs/lib:/autoware/install/autoware_auto_mapping_msgs/lib:/autoware/install/autoware_auto_geometry_msgs/lib:/autoware/install/autoware_adapi_v1_msgs/lib:${LD_LIBRARY_PATH} PYTHONPATH=/autoware/install/autoware_auto_vehicle_msgs/local/lib/python3.10/dist-packages:/autoware/install/tier4_system_msgs/local/lib/python3.10/dist-packages:/autoware/install/autoware_auto_planning_msgs/local/lib/python3.10/dist-packages:/autoware/install/autoware_auto_perception_msgs/local/lib/python3.10/dist-packages:/autoware/install/tier4_localization_msgs/local/lib/python3.10/dist-packages:/autoware/install/tier4_debug_msgs/local/lib/python3.10/dist-packages:/autoware/install/autoware_map_msgs/local/lib/python3.10/dist-packages:/autoware/install/autoware_common_msgs/local/lib/python3.10/dist-packages:/autoware/install/autoware_auto_mapping_msgs/local/lib/python3.10/dist-packages:/autoware/install/autoware_auto_geometry_msgs/local/lib/python3.10/dist-packages:/autoware/install/autoware_adapi_v1_msgs/local/lib/python3.10/dist-packages:${PYTHONPATH} /usr/bin/cmake --build /autoware/build/pose_initializer -- -j64 -l64
[14.758s] [  5%] Building CXX object gmock/CMakeFiles/gmock.dir/src/gmock-all.cc.o
[14.759s] [ 11%] Building CXX object gmock/CMakeFiles/gmock.dir/opt/ros/humble/src/gtest_vendor/src/gtest-all.cc.o
[14.764s] [ 17%] Building CXX object gmock/CMakeFiles/gmock_main.dir/src/gmock_main.cc.o
[14.769s] [ 23%] Building CXX object CMakeFiles/map_height_fitter.dir/src/map_height_fitter/map_height_fitter_core.cpp.o
[14.771s] [ 29%] Building CXX object CMakeFiles/pose_initializer_node.dir/src/pose_initializer/pose_initializer_node.cpp.o
[14.771s] [ 41%] Building CXX object CMakeFiles/pose_initializer_node.dir/src/pose_initializer/pose_initializer_core.cpp.o
[14.771s] [ 41%] Building CXX object CMakeFiles/map_height_fitter.dir/src/map_height_fitter/map_height_fitter_node.cpp.o
[14.772s] [ 52%] Building CXX object CMakeFiles/pose_initializer_node.dir/src/pose_initializer/ndt_module.cpp.o
[14.772s] [ 52%] Building CXX object CMakeFiles/pose_initializer_node.dir/src/pose_initializer/localization_trigger_module.cpp.o
[14.772s] [ 58%] Building CXX object CMakeFiles/pose_initializer_node.dir/src/pose_initializer/gnss_module.cpp.o
[14.773s] [ 64%] Building CXX object CMakeFiles/pose_initializer_node.dir/src/pose_initializer/stop_check_module.cpp.o
[16.386s] [ 70%] Linking CXX static library libgmock_main.a
[16.419s] [ 70%] Built target gmock_main
[22.122s] [ 76%] Linking CXX static library libgmock.a
[22.177s] [ 76%] Built target gmock
[22.211s] [ 82%] Building CXX object CMakeFiles/test_copy_vector_to_array.dir/test/test_copy_vector_to_array.cpp.o
[24.339s] [ 88%] Linking CXX executable test_copy_vector_to_array
[26.099s] [ 94%] Linking CXX executable pose_initializer_node
[26.438s] [ 94%] Built target pose_initializer_node
[26.522s] [ 94%] Built target test_copy_vector_to_array
[30.593s] [100%] Linking CXX executable map_height_fitter
[30.872s] [100%] Built target map_height_fitter
[30.876s] Invoked command in '/autoware/build/pose_initializer' returned '0': AMENT_PREFIX_PATH=/autoware/install/motion_utils:/autoware/install/interpolation:/autoware/install/tier4_autoware_utils:/autoware/install/component_interface_utils:/autoware/install/component_interface_specs:/autoware/install/autoware_auto_vehicle_msgs:/autoware/install/tier4_system_msgs:/autoware/install/autoware_cmake:/autoware/install/autoware_auto_planning_msgs:/autoware/install/autoware_auto_perception_msgs:/autoware/install/tier4_localization_msgs:/autoware/install/tier4_debug_msgs:/autoware/install/autoware_map_msgs:/autoware/install/autoware_lint_common:/autoware/install/autoware_common_msgs:/autoware/install/autoware_auto_mapping_msgs:/autoware/install/autoware_auto_geometry_msgs:/autoware/install/autoware_adapi_v1_msgs:${AMENT_PREFIX_PATH} CMAKE_PREFIX_PATH=/autoware/install/motion_utils:/autoware/install/interpolation:/autoware/install/tier4_autoware_utils:/autoware/install/component_interface_utils:/autoware/install/component_interface_specs:/autoware/install/autoware_auto_vehicle_msgs:/autoware/install/tier4_system_msgs:/autoware/install/autoware_cmake:/autoware/install/autoware_auto_planning_msgs:/autoware/install/autoware_auto_perception_msgs:/autoware/install/tier4_localization_msgs:/autoware/install/tier4_debug_msgs:/autoware/install/autoware_map_msgs:/autoware/install/autoware_lint_common:/autoware/install/autoware_common_msgs:/autoware/install/autoware_auto_mapping_msgs:/autoware/install/autoware_auto_geometry_msgs:/autoware/install/autoware_adapi_v1_msgs:/opt/ros/humble LD_LIBRARY_PATH=/autoware/install/motion_utils/lib:/autoware/install/interpolation/lib:/autoware/install/tier4_autoware_utils/lib:/autoware/install/autoware_auto_vehicle_msgs/lib:/autoware/install/tier4_system_msgs/lib:/autoware/install/autoware_auto_planning_msgs/lib:/autoware/install/autoware_auto_perception_msgs/lib:/autoware/install/tier4_localization_msgs/lib:/autoware/install/tier4_debug_msgs/lib:/autoware/install/autoware_map_msgs/lib:/autoware/install/autoware_common_msgs/lib:/autoware/install/autoware_auto_mapping_msgs/lib:/autoware/install/autoware_auto_geometry_msgs/lib:/autoware/install/autoware_adapi_v1_msgs/lib:${LD_LIBRARY_PATH} PYTHONPATH=/autoware/install/autoware_auto_vehicle_msgs/local/lib/python3.10/dist-packages:/autoware/install/tier4_system_msgs/local/lib/python3.10/dist-packages:/autoware/install/autoware_auto_planning_msgs/local/lib/python3.10/dist-packages:/autoware/install/autoware_auto_perception_msgs/local/lib/python3.10/dist-packages:/autoware/install/tier4_localization_msgs/local/lib/python3.10/dist-packages:/autoware/install/tier4_debug_msgs/local/lib/python3.10/dist-packages:/autoware/install/autoware_map_msgs/local/lib/python3.10/dist-packages:/autoware/install/autoware_common_msgs/local/lib/python3.10/dist-packages:/autoware/install/autoware_auto_mapping_msgs/local/lib/python3.10/dist-packages:/autoware/install/autoware_auto_geometry_msgs/local/lib/python3.10/dist-packages:/autoware/install/autoware_adapi_v1_msgs/local/lib/python3.10/dist-packages:${PYTHONPATH} /usr/bin/cmake --build /autoware/build/pose_initializer -- -j64 -l64
[30.937s] Invoking command in '/autoware/build/pose_initializer': AMENT_PREFIX_PATH=/autoware/install/motion_utils:/autoware/install/interpolation:/autoware/install/tier4_autoware_utils:/autoware/install/component_interface_utils:/autoware/install/component_interface_specs:/autoware/install/autoware_auto_vehicle_msgs:/autoware/install/tier4_system_msgs:/autoware/install/autoware_cmake:/autoware/install/autoware_auto_planning_msgs:/autoware/install/autoware_auto_perception_msgs:/autoware/install/tier4_localization_msgs:/autoware/install/tier4_debug_msgs:/autoware/install/autoware_map_msgs:/autoware/install/autoware_lint_common:/autoware/install/autoware_common_msgs:/autoware/install/autoware_auto_mapping_msgs:/autoware/install/autoware_auto_geometry_msgs:/autoware/install/autoware_adapi_v1_msgs:${AMENT_PREFIX_PATH} CMAKE_PREFIX_PATH=/autoware/install/motion_utils:/autoware/install/interpolation:/autoware/install/tier4_autoware_utils:/autoware/install/component_interface_utils:/autoware/install/component_interface_specs:/autoware/install/autoware_auto_vehicle_msgs:/autoware/install/tier4_system_msgs:/autoware/install/autoware_cmake:/autoware/install/autoware_auto_planning_msgs:/autoware/install/autoware_auto_perception_msgs:/autoware/install/tier4_localization_msgs:/autoware/install/tier4_debug_msgs:/autoware/install/autoware_map_msgs:/autoware/install/autoware_lint_common:/autoware/install/autoware_common_msgs:/autoware/install/autoware_auto_mapping_msgs:/autoware/install/autoware_auto_geometry_msgs:/autoware/install/autoware_adapi_v1_msgs:/opt/ros/humble LD_LIBRARY_PATH=/autoware/install/motion_utils/lib:/autoware/install/interpolation/lib:/autoware/install/tier4_autoware_utils/lib:/autoware/install/autoware_auto_vehicle_msgs/lib:/autoware/install/tier4_system_msgs/lib:/autoware/install/autoware_auto_planning_msgs/lib:/autoware/install/autoware_auto_perception_msgs/lib:/autoware/install/tier4_localization_msgs/lib:/autoware/install/tier4_debug_msgs/lib:/autoware/install/autoware_map_msgs/lib:/autoware/install/autoware_common_msgs/lib:/autoware/install/autoware_auto_mapping_msgs/lib:/autoware/install/autoware_auto_geometry_msgs/lib:/autoware/install/autoware_adapi_v1_msgs/lib:${LD_LIBRARY_PATH} PYTHONPATH=/autoware/install/autoware_auto_vehicle_msgs/local/lib/python3.10/dist-packages:/autoware/install/tier4_system_msgs/local/lib/python3.10/dist-packages:/autoware/install/autoware_auto_planning_msgs/local/lib/python3.10/dist-packages:/autoware/install/autoware_auto_perception_msgs/local/lib/python3.10/dist-packages:/autoware/install/tier4_localization_msgs/local/lib/python3.10/dist-packages:/autoware/install/tier4_debug_msgs/local/lib/python3.10/dist-packages:/autoware/install/autoware_map_msgs/local/lib/python3.10/dist-packages:/autoware/install/autoware_common_msgs/local/lib/python3.10/dist-packages:/autoware/install/autoware_auto_mapping_msgs/local/lib/python3.10/dist-packages:/autoware/install/autoware_auto_geometry_msgs/local/lib/python3.10/dist-packages:/autoware/install/autoware_adapi_v1_msgs/local/lib/python3.10/dist-packages:${PYTHONPATH} /usr/bin/cmake --install /autoware/build/pose_initializer
[30.944s] -- Install configuration: "Release"
[30.945s] -- Execute custom install script
[30.945s] -- Symlinking: /autoware/install/pose_initializer/lib/pose_initializer/pose_initializer_node
[30.954s] -- Symlinking: /autoware/install/pose_initializer/lib/pose_initializer/map_height_fitter
[30.961s] -- Symlinking: /autoware/install/pose_initializer/share/pose_initializer/launch/pose_initializer.launch.xml
[30.968s] -- Symlinking: /autoware/install/pose_initializer/share/pose_initializer/config/pose_initializer.param.yaml
[30.975s] -- Symlinking: /autoware/install/pose_initializer/share/ament_index/resource_index/package_run_dependencies/pose_initializer
[30.984s] -- Symlinking: /autoware/install/pose_initializer/share/ament_index/resource_index/parent_prefix_path/pose_initializer
[30.991s] -- Symlinking: /autoware/install/pose_initializer/share/pose_initializer/environment/ament_prefix_path.sh
[30.998s] -- Symlinking: /autoware/install/pose_initializer/share/pose_initializer/environment/ament_prefix_path.dsv
[31.005s] -- Symlinking: /autoware/install/pose_initializer/share/pose_initializer/environment/path.sh
[31.011s] -- Symlinking: /autoware/install/pose_initializer/share/pose_initializer/environment/path.dsv
[31.018s] -- Symlinking: /autoware/install/pose_initializer/share/pose_initializer/local_setup.bash
[31.024s] -- Symlinking: /autoware/install/pose_initializer/share/pose_initializer/local_setup.sh
[31.031s] -- Symlinking: /autoware/install/pose_initializer/share/pose_initializer/local_setup.zsh
[31.038s] -- Symlinking: /autoware/install/pose_initializer/share/pose_initializer/local_setup.dsv
[31.044s] -- Symlinking: /autoware/install/pose_initializer/share/pose_initializer/package.dsv
[31.051s] -- Symlinking: /autoware/install/pose_initializer/share/ament_index/resource_index/packages/pose_initializer
[31.057s] -- Symlinking: /autoware/install/pose_initializer/share/pose_initializer/cmake/ament_cmake_export_dependencies-extras.cmake
[31.064s] -- Symlinking: /autoware/install/pose_initializer/share/pose_initializer/cmake/pose_initializerConfig.cmake
[31.070s] -- Symlinking: /autoware/install/pose_initializer/share/pose_initializer/cmake/pose_initializerConfig-version.cmake
[31.077s] -- Symlinking: /autoware/install/pose_initializer/share/pose_initializer/package.xml
[31.096s] Invoked command in '/autoware/build/pose_initializer' returned '0': AMENT_PREFIX_PATH=/autoware/install/motion_utils:/autoware/install/interpolation:/autoware/install/tier4_autoware_utils:/autoware/install/component_interface_utils:/autoware/install/component_interface_specs:/autoware/install/autoware_auto_vehicle_msgs:/autoware/install/tier4_system_msgs:/autoware/install/autoware_cmake:/autoware/install/autoware_auto_planning_msgs:/autoware/install/autoware_auto_perception_msgs:/autoware/install/tier4_localization_msgs:/autoware/install/tier4_debug_msgs:/autoware/install/autoware_map_msgs:/autoware/install/autoware_lint_common:/autoware/install/autoware_common_msgs:/autoware/install/autoware_auto_mapping_msgs:/autoware/install/autoware_auto_geometry_msgs:/autoware/install/autoware_adapi_v1_msgs:${AMENT_PREFIX_PATH} CMAKE_PREFIX_PATH=/autoware/install/motion_utils:/autoware/install/interpolation:/autoware/install/tier4_autoware_utils:/autoware/install/component_interface_utils:/autoware/install/component_interface_specs:/autoware/install/autoware_auto_vehicle_msgs:/autoware/install/tier4_system_msgs:/autoware/install/autoware_cmake:/autoware/install/autoware_auto_planning_msgs:/autoware/install/autoware_auto_perception_msgs:/autoware/install/tier4_localization_msgs:/autoware/install/tier4_debug_msgs:/autoware/install/autoware_map_msgs:/autoware/install/autoware_lint_common:/autoware/install/autoware_common_msgs:/autoware/install/autoware_auto_mapping_msgs:/autoware/install/autoware_auto_geometry_msgs:/autoware/install/autoware_adapi_v1_msgs:/opt/ros/humble LD_LIBRARY_PATH=/autoware/install/motion_utils/lib:/autoware/install/interpolation/lib:/autoware/install/tier4_autoware_utils/lib:/autoware/install/autoware_auto_vehicle_msgs/lib:/autoware/install/tier4_system_msgs/lib:/autoware/install/autoware_auto_planning_msgs/lib:/autoware/install/autoware_auto_perception_msgs/lib:/autoware/install/tier4_localization_msgs/lib:/autoware/install/tier4_debug_msgs/lib:/autoware/install/autoware_map_msgs/lib:/autoware/install/autoware_common_msgs/lib:/autoware/install/autoware_auto_mapping_msgs/lib:/autoware/install/autoware_auto_geometry_msgs/lib:/autoware/install/autoware_adapi_v1_msgs/lib:${LD_LIBRARY_PATH} PYTHONPATH=/autoware/install/autoware_auto_vehicle_msgs/local/lib/python3.10/dist-packages:/autoware/install/tier4_system_msgs/local/lib/python3.10/dist-packages:/autoware/install/autoware_auto_planning_msgs/local/lib/python3.10/dist-packages:/autoware/install/autoware_auto_perception_msgs/local/lib/python3.10/dist-packages:/autoware/install/tier4_localization_msgs/local/lib/python3.10/dist-packages:/autoware/install/tier4_debug_msgs/local/lib/python3.10/dist-packages:/autoware/install/autoware_map_msgs/local/lib/python3.10/dist-packages:/autoware/install/autoware_common_msgs/local/lib/python3.10/dist-packages:/autoware/install/autoware_auto_mapping_msgs/local/lib/python3.10/dist-packages:/autoware/install/autoware_auto_geometry_msgs/local/lib/python3.10/dist-packages:/autoware/install/autoware_adapi_v1_msgs/local/lib/python3.10/dist-packages:${PYTHONPATH} /usr/bin/cmake --install /autoware/build/pose_initializer
