[0.030s] Invoking command in '/autoware/build/tier4_autoware_utils': AMENT_PREFIX_PATH=/autoware/install/autoware_auto_vehicle_msgs:/autoware/install/autoware_cmake:/autoware/install/autoware_auto_planning_msgs:/autoware/install/autoware_auto_perception_msgs:/autoware/install/tier4_debug_msgs:/autoware/install/autoware_lint_common:/autoware/install/autoware_auto_mapping_msgs:/autoware/install/autoware_auto_geometry_msgs:${AMENT_PREFIX_PATH} CMAKE_PREFIX_PATH=/autoware/install/autoware_auto_vehicle_msgs:/autoware/install/autoware_cmake:/autoware/install/autoware_auto_planning_msgs:/autoware/install/autoware_auto_perception_msgs:/autoware/install/tier4_debug_msgs:/autoware/install/autoware_lint_common:/autoware/install/autoware_auto_mapping_msgs:/autoware/install/autoware_auto_geometry_msgs:/opt/ros/humble LD_LIBRARY_PATH=/autoware/install/autoware_auto_vehicle_msgs/lib:/autoware/install/autoware_auto_planning_msgs/lib:/autoware/install/autoware_auto_perception_msgs/lib:/autoware/install/tier4_debug_msgs/lib:/autoware/install/autoware_auto_mapping_msgs/lib:/autoware/install/autoware_auto_geometry_msgs/lib:${LD_LIBRARY_PATH} PYTHONPATH=/autoware/install/autoware_auto_vehicle_msgs/local/lib/python3.10/dist-packages:/autoware/install/autoware_auto_planning_msgs/local/lib/python3.10/dist-packages:/autoware/install/autoware_auto_perception_msgs/local/lib/python3.10/dist-packages:/autoware/install/tier4_debug_msgs/local/lib/python3.10/dist-packages:/autoware/install/autoware_auto_mapping_msgs/local/lib/python3.10/dist-packages:/autoware/install/autoware_auto_geometry_msgs/local/lib/python3.10/dist-packages:${PYTHONPATH} /usr/bin/cmake /autoware/src/universe/autoware.universe/common/tier4_autoware_utils -DCMAKE_BUILD_TYPE=Release -DAMENT_CMAKE_SYMLINK_INSTALL=1 -DCMAKE_INSTALL_PREFIX=/autoware/install/tier4_autoware_utils
[0.082s] -- The C compiler identification is GNU 11.3.0
[0.130s] -- The CXX compiler identification is GNU 11.3.0
[0.140s] -- Detecting C compiler ABI info
[0.201s] -- Detecting C compiler ABI info - done
[0.208s] -- Check for working C compiler: /usr/bin/cc - skipped
[0.209s] -- Detecting C compile features
[0.209s] -- Detecting C compile features - done
[0.212s] -- Detecting CXX compiler ABI info
[0.281s] -- Detecting CXX compiler ABI info - done
[0.294s] -- Check for working CXX compiler: /usr/bin/c++ - skipped
[0.294s] -- Detecting CXX compile features
[0.295s] -- Detecting CXX compile features - done
[0.296s] -- Found autoware_cmake: 0.1.0 (/autoware/install/autoware_cmake/share/autoware_cmake/cmake)
[0.521s] -- Found Python3: /usr/bin/python3.10 (found version "3.10.6") found components: Interpreter 
[0.589s] -- Override CMake install command with custom implementation using symlinks instead of copying resources
[0.764s] -- Found rosidl_generator_c: 3.1.3 (/opt/ros/humble/share/rosidl_generator_c/cmake)
[0.772s] -- Found rosidl_adapter: 3.1.3 (/opt/ros/humble/share/rosidl_adapter/cmake)
[0.785s] -- Found rosidl_generator_cpp: 3.1.3 (/opt/ros/humble/share/rosidl_generator_cpp/cmake)
[0.806s] -- Using all available rosidl_typesupport_c: rosidl_typesupport_fastrtps_c;rosidl_typesupport_introspection_c
[0.835s] -- Using all available rosidl_typesupport_cpp: rosidl_typesupport_fastrtps_cpp;rosidl_typesupport_introspection_cpp
[2.142s] -- Found rmw_implementation_cmake: 6.1.0 (/opt/ros/humble/share/rmw_implementation_cmake/cmake)
[2.144s] -- Found rmw_fastrtps_cpp: 6.2.1 (/opt/ros/humble/share/rmw_fastrtps_cpp/cmake)
[2.249s] -- Found OpenSSL: /usr/lib/x86_64-linux-gnu/libcrypto.so (found version "3.0.2")  
[2.290s] -- Found FastRTPS: /opt/ros/humble/include  
[2.363s] -- Using RMW implementation 'rmw_fastrtps_cpp' as default
[2.539s] -- Found eigen3_cmake_module: 0.1.1 (/opt/ros/humble/share/eigen3_cmake_module/cmake)
[2.540s] -- Found Eigen3: TRUE (found version "3.4.0") 
[2.540s] -- Ensuring Eigen3 include directory is part of orocos-kdl CMake target
[2.983s] -- Found ament_lint_auto: 0.12.4 (/opt/ros/humble/share/ament_lint_auto/cmake)
[3.014s] -- Found Boost: /usr/lib/x86_64-linux-gnu/cmake/Boost-1.74.0/BoostConfig.cmake (found version "1.74.0")  
[3.023s] -- Found gtest sources under '/opt/ros/humble/src/gtest_vendor': C++ tests using 'Google Test' will be built
[3.026s] -- Looking for pthread.h
[3.087s] -- Looking for pthread.h - found
[3.088s] -- Performing Test CMAKE_HAVE_LIBC_PTHREAD
[3.149s] -- Performing Test CMAKE_HAVE_LIBC_PTHREAD - Success
[3.150s] -- Found Threads: TRUE  
[3.157s] -- Added test 'copyright' to check source files copyright and LICENSE
[3.160s] -- Added test 'cppcheck' to perform static code analysis on C / C++ code
[3.161s] -- Configured cppcheck include dirs: /autoware/src/universe/autoware.universe/common/tier4_autoware_utils/include
[3.161s] -- Configured cppcheck exclude dirs and/or files: 
[3.162s] -- Added test 'lint_cmake' to check CMake code style
[3.162s] -- Added test 'xmllint' to check XML markup files
[3.166s] -- Configuring done
[3.198s] -- Generating done
[3.200s] -- Build files have been written to: /autoware/build/tier4_autoware_utils
[3.213s] Invoked command in '/autoware/build/tier4_autoware_utils' returned '0': AMENT_PREFIX_PATH=/autoware/install/autoware_auto_vehicle_msgs:/autoware/install/autoware_cmake:/autoware/install/autoware_auto_planning_msgs:/autoware/install/autoware_auto_perception_msgs:/autoware/install/tier4_debug_msgs:/autoware/install/autoware_lint_common:/autoware/install/autoware_auto_mapping_msgs:/autoware/install/autoware_auto_geometry_msgs:${AMENT_PREFIX_PATH} CMAKE_PREFIX_PATH=/autoware/install/autoware_auto_vehicle_msgs:/autoware/install/autoware_cmake:/autoware/install/autoware_auto_planning_msgs:/autoware/install/autoware_auto_perception_msgs:/autoware/install/tier4_debug_msgs:/autoware/install/autoware_lint_common:/autoware/install/autoware_auto_mapping_msgs:/autoware/install/autoware_auto_geometry_msgs:/opt/ros/humble LD_LIBRARY_PATH=/autoware/install/autoware_auto_vehicle_msgs/lib:/autoware/install/autoware_auto_planning_msgs/lib:/autoware/install/autoware_auto_perception_msgs/lib:/autoware/install/tier4_debug_msgs/lib:/autoware/install/autoware_auto_mapping_msgs/lib:/autoware/install/autoware_auto_geometry_msgs/lib:${LD_LIBRARY_PATH} PYTHONPATH=/autoware/install/autoware_auto_vehicle_msgs/local/lib/python3.10/dist-packages:/autoware/install/autoware_auto_planning_msgs/local/lib/python3.10/dist-packages:/autoware/install/autoware_auto_perception_msgs/local/lib/python3.10/dist-packages:/autoware/install/tier4_debug_msgs/local/lib/python3.10/dist-packages:/autoware/install/autoware_auto_mapping_msgs/local/lib/python3.10/dist-packages:/autoware/install/autoware_auto_geometry_msgs/local/lib/python3.10/dist-packages:${PYTHONPATH} /usr/bin/cmake /autoware/src/universe/autoware.universe/common/tier4_autoware_utils -DCMAKE_BUILD_TYPE=Release -DAMENT_CMAKE_SYMLINK_INSTALL=1 -DCMAKE_INSTALL_PREFIX=/autoware/install/tier4_autoware_utils
[3.214s] Invoking command in '/autoware/build/tier4_autoware_utils': AMENT_PREFIX_PATH=/autoware/install/autoware_auto_vehicle_msgs:/autoware/install/autoware_cmake:/autoware/install/autoware_auto_planning_msgs:/autoware/install/autoware_auto_perception_msgs:/autoware/install/tier4_debug_msgs:/autoware/install/autoware_lint_common:/autoware/install/autoware_auto_mapping_msgs:/autoware/install/autoware_auto_geometry_msgs:${AMENT_PREFIX_PATH} CMAKE_PREFIX_PATH=/autoware/install/autoware_auto_vehicle_msgs:/autoware/install/autoware_cmake:/autoware/install/autoware_auto_planning_msgs:/autoware/install/autoware_auto_perception_msgs:/autoware/install/tier4_debug_msgs:/autoware/install/autoware_lint_common:/autoware/install/autoware_auto_mapping_msgs:/autoware/install/autoware_auto_geometry_msgs:/opt/ros/humble LD_LIBRARY_PATH=/autoware/install/autoware_auto_vehicle_msgs/lib:/autoware/install/autoware_auto_planning_msgs/lib:/autoware/install/autoware_auto_perception_msgs/lib:/autoware/install/tier4_debug_msgs/lib:/autoware/install/autoware_auto_mapping_msgs/lib:/autoware/install/autoware_auto_geometry_msgs/lib:${LD_LIBRARY_PATH} PYTHONPATH=/autoware/install/autoware_auto_vehicle_msgs/local/lib/python3.10/dist-packages:/autoware/install/autoware_auto_planning_msgs/local/lib/python3.10/dist-packages:/autoware/install/autoware_auto_perception_msgs/local/lib/python3.10/dist-packages:/autoware/install/tier4_debug_msgs/local/lib/python3.10/dist-packages:/autoware/install/autoware_auto_mapping_msgs/local/lib/python3.10/dist-packages:/autoware/install/autoware_auto_geometry_msgs/local/lib/python3.10/dist-packages:${PYTHONPATH} /usr/bin/cmake --build /autoware/build/tier4_autoware_utils -- -j64 -l64
[3.262s] [  5%] Building CXX object gtest/CMakeFiles/gtest_main.dir/src/gtest_main.cc.o
[3.263s] [ 10%] Building CXX object gtest/CMakeFiles/gtest.dir/src/gtest-all.cc.o
[3.270s] [ 15%] Building CXX object CMakeFiles/tier4_autoware_utils.dir/src/ros/msg_operation.cpp.o
[3.272s] [ 20%] Building CXX object CMakeFiles/tier4_autoware_utils.dir/src/tier4_autoware_utils.cpp.o
[3.274s] [ 25%] Building CXX object CMakeFiles/tier4_autoware_utils.dir/src/geometry/boost_polygon_utils.cpp.o
[4.145s] [ 30%] Linking CXX static library libgtest_main.a
[4.157s] [ 30%] Built target gtest_main
[10.129s] [ 35%] Linking CXX static library libgtest.a
[10.163s] [ 35%] Built target gtest
[10.930s] [ 40%] Linking CXX shared library libtier4_autoware_utils.so
[11.864s] [ 40%] Built target tier4_autoware_utils
[11.906s] [ 45%] Building CXX object CMakeFiles/test_tier4_autoware_utils.dir/test/src/test_autoware_utils.cpp.o
[11.906s] [ 50%] Building CXX object CMakeFiles/test_tier4_autoware_utils.dir/test/src/geometry/test_geometry.cpp.o
[11.906s] [ 55%] Building CXX object CMakeFiles/test_tier4_autoware_utils.dir/test/src/math/test_unit_conversion.cpp.o
[11.906s] [ 60%] Building CXX object CMakeFiles/test_tier4_autoware_utils.dir/test/src/math/test_constants.cpp.o
[11.906s] [ 65%] Building CXX object CMakeFiles/test_tier4_autoware_utils.dir/test/src/math/test_range.cpp.o
[11.907s] [ 70%] Building CXX object CMakeFiles/test_tier4_autoware_utils.dir/test/src/geometry/test_boost_geometry.cpp.o
[11.907s] [ 80%] Building CXX object CMakeFiles/test_tier4_autoware_utils.dir/test/src/geometry/test_pose_deviation.cpp.o
[11.907s] [ 95%] Building CXX object CMakeFiles/test_tier4_autoware_utils.dir/test/src/geometry/test_path_with_lane_id_geometry.cpp.o
[11.907s] [ 95%] Building CXX object CMakeFiles/test_tier4_autoware_utils.dir/test/src/math/test_normalization.cpp.o
[11.908s] [ 95%] Building CXX object CMakeFiles/test_tier4_autoware_utils.dir/test/src/system/test_stop_watch.cpp.o
[11.908s] [ 95%] Building CXX object CMakeFiles/test_tier4_autoware_utils.dir/test/src/geometry/test_boost_polygon_utils.cpp.o
[24.596s] [100%] Linking CXX executable test_tier4_autoware_utils
[24.778s] [100%] Built target test_tier4_autoware_utils
[24.793s] Invoked command in '/autoware/build/tier4_autoware_utils' returned '0': AMENT_PREFIX_PATH=/autoware/install/autoware_auto_vehicle_msgs:/autoware/install/autoware_cmake:/autoware/install/autoware_auto_planning_msgs:/autoware/install/autoware_auto_perception_msgs:/autoware/install/tier4_debug_msgs:/autoware/install/autoware_lint_common:/autoware/install/autoware_auto_mapping_msgs:/autoware/install/autoware_auto_geometry_msgs:${AMENT_PREFIX_PATH} CMAKE_PREFIX_PATH=/autoware/install/autoware_auto_vehicle_msgs:/autoware/install/autoware_cmake:/autoware/install/autoware_auto_planning_msgs:/autoware/install/autoware_auto_perception_msgs:/autoware/install/tier4_debug_msgs:/autoware/install/autoware_lint_common:/autoware/install/autoware_auto_mapping_msgs:/autoware/install/autoware_auto_geometry_msgs:/opt/ros/humble LD_LIBRARY_PATH=/autoware/install/autoware_auto_vehicle_msgs/lib:/autoware/install/autoware_auto_planning_msgs/lib:/autoware/install/autoware_auto_perception_msgs/lib:/autoware/install/tier4_debug_msgs/lib:/autoware/install/autoware_auto_mapping_msgs/lib:/autoware/install/autoware_auto_geometry_msgs/lib:${LD_LIBRARY_PATH} PYTHONPATH=/autoware/install/autoware_auto_vehicle_msgs/local/lib/python3.10/dist-packages:/autoware/install/autoware_auto_planning_msgs/local/lib/python3.10/dist-packages:/autoware/install/autoware_auto_perception_msgs/local/lib/python3.10/dist-packages:/autoware/install/tier4_debug_msgs/local/lib/python3.10/dist-packages:/autoware/install/autoware_auto_mapping_msgs/local/lib/python3.10/dist-packages:/autoware/install/autoware_auto_geometry_msgs/local/lib/python3.10/dist-packages:${PYTHONPATH} /usr/bin/cmake --build /autoware/build/tier4_autoware_utils -- -j64 -l64
[24.840s] Invoking command in '/autoware/build/tier4_autoware_utils': AMENT_PREFIX_PATH=/autoware/install/autoware_auto_vehicle_msgs:/autoware/install/autoware_cmake:/autoware/install/autoware_auto_planning_msgs:/autoware/install/autoware_auto_perception_msgs:/autoware/install/tier4_debug_msgs:/autoware/install/autoware_lint_common:/autoware/install/autoware_auto_mapping_msgs:/autoware/install/autoware_auto_geometry_msgs:${AMENT_PREFIX_PATH} CMAKE_PREFIX_PATH=/autoware/install/autoware_auto_vehicle_msgs:/autoware/install/autoware_cmake:/autoware/install/autoware_auto_planning_msgs:/autoware/install/autoware_auto_perception_msgs:/autoware/install/tier4_debug_msgs:/autoware/install/autoware_lint_common:/autoware/install/autoware_auto_mapping_msgs:/autoware/install/autoware_auto_geometry_msgs:/opt/ros/humble LD_LIBRARY_PATH=/autoware/install/autoware_auto_vehicle_msgs/lib:/autoware/install/autoware_auto_planning_msgs/lib:/autoware/install/autoware_auto_perception_msgs/lib:/autoware/install/tier4_debug_msgs/lib:/autoware/install/autoware_auto_mapping_msgs/lib:/autoware/install/autoware_auto_geometry_msgs/lib:${LD_LIBRARY_PATH} PYTHONPATH=/autoware/install/autoware_auto_vehicle_msgs/local/lib/python3.10/dist-packages:/autoware/install/autoware_auto_planning_msgs/local/lib/python3.10/dist-packages:/autoware/install/autoware_auto_perception_msgs/local/lib/python3.10/dist-packages:/autoware/install/tier4_debug_msgs/local/lib/python3.10/dist-packages:/autoware/install/autoware_auto_mapping_msgs/local/lib/python3.10/dist-packages:/autoware/install/autoware_auto_geometry_msgs/local/lib/python3.10/dist-packages:${PYTHONPATH} /usr/bin/cmake --install /autoware/build/tier4_autoware_utils
[24.851s] -- Install configuration: "Release"
[24.852s] -- Execute custom install script
[24.853s] -- Symlinking: /autoware/install/tier4_autoware_utils/include/tier4_autoware_utils/geometry/boost_geometry.hpp
[24.866s] -- Symlinking: /autoware/install/tier4_autoware_utils/include/tier4_autoware_utils/geometry/boost_polygon_utils.hpp
[24.876s] -- Symlinking: /autoware/install/tier4_autoware_utils/include/tier4_autoware_utils/geometry/geometry.hpp
[24.888s] -- Symlinking: /autoware/install/tier4_autoware_utils/include/tier4_autoware_utils/geometry/path_with_lane_id_geometry.hpp
[24.900s] -- Symlinking: /autoware/install/tier4_autoware_utils/include/tier4_autoware_utils/geometry/pose_deviation.hpp
[24.913s] -- Symlinking: /autoware/install/tier4_autoware_utils/include/tier4_autoware_utils/math/constants.hpp
[24.924s] -- Symlinking: /autoware/install/tier4_autoware_utils/include/tier4_autoware_utils/math/normalization.hpp
[24.936s] -- Symlinking: /autoware/install/tier4_autoware_utils/include/tier4_autoware_utils/math/range.hpp
[24.949s] -- Symlinking: /autoware/install/tier4_autoware_utils/include/tier4_autoware_utils/math/unit_conversion.hpp
[24.960s] -- Symlinking: /autoware/install/tier4_autoware_utils/include/tier4_autoware_utils/ros/debug_publisher.hpp
[24.968s] -- Symlinking: /autoware/install/tier4_autoware_utils/include/tier4_autoware_utils/ros/debug_traits.hpp
[24.974s] -- Symlinking: /autoware/install/tier4_autoware_utils/include/tier4_autoware_utils/ros/marker_helper.hpp
[24.981s] -- Symlinking: /autoware/install/tier4_autoware_utils/include/tier4_autoware_utils/ros/msg_covariance.hpp
[24.988s] -- Symlinking: /autoware/install/tier4_autoware_utils/include/tier4_autoware_utils/ros/msg_operation.hpp
[24.994s] -- Symlinking: /autoware/install/tier4_autoware_utils/include/tier4_autoware_utils/ros/processing_time_publisher.hpp
[25.001s] -- Symlinking: /autoware/install/tier4_autoware_utils/include/tier4_autoware_utils/ros/self_pose_listener.hpp
[25.007s] -- Symlinking: /autoware/install/tier4_autoware_utils/include/tier4_autoware_utils/ros/transform_listener.hpp
[25.014s] -- Symlinking: /autoware/install/tier4_autoware_utils/include/tier4_autoware_utils/ros/update_param.hpp
[25.021s] -- Symlinking: /autoware/install/tier4_autoware_utils/include/tier4_autoware_utils/ros/uuid_helper.hpp
[25.028s] -- Symlinking: /autoware/install/tier4_autoware_utils/include/tier4_autoware_utils/ros/wait_for_param.hpp
[25.034s] -- Symlinking: /autoware/install/tier4_autoware_utils/include/tier4_autoware_utils/system/stop_watch.hpp
[25.042s] -- Symlinking: /autoware/install/tier4_autoware_utils/include/tier4_autoware_utils/tier4_autoware_utils.hpp
[25.054s] -- Symlinking: /autoware/install/tier4_autoware_utils/share/tier4_autoware_utils/environment/library_path.sh
[25.066s] -- Symlinking: /autoware/install/tier4_autoware_utils/share/tier4_autoware_utils/environment/library_path.dsv
[25.077s] -- Symlinking: /autoware/install/tier4_autoware_utils/lib/libtier4_autoware_utils.so
[25.089s] -- Symlinking: /autoware/install/tier4_autoware_utils/share/ament_index/resource_index/package_run_dependencies/tier4_autoware_utils
[25.097s] -- Symlinking: /autoware/install/tier4_autoware_utils/share/ament_index/resource_index/parent_prefix_path/tier4_autoware_utils
[25.107s] -- Symlinking: /autoware/install/tier4_autoware_utils/share/tier4_autoware_utils/environment/ament_prefix_path.sh
[25.148s] -- Symlinking: /autoware/install/tier4_autoware_utils/share/tier4_autoware_utils/environment/ament_prefix_path.dsv
[25.149s] -- Symlinking: /autoware/install/tier4_autoware_utils/share/tier4_autoware_utils/environment/path.sh
[25.150s] -- Symlinking: /autoware/install/tier4_autoware_utils/share/tier4_autoware_utils/environment/path.dsv
[25.150s] -- Symlinking: /autoware/install/tier4_autoware_utils/share/tier4_autoware_utils/local_setup.bash
[25.150s] -- Symlinking: /autoware/install/tier4_autoware_utils/share/tier4_autoware_utils/local_setup.sh
[25.158s] -- Symlinking: /autoware/install/tier4_autoware_utils/share/tier4_autoware_utils/local_setup.zsh
[25.169s] -- Symlinking: /autoware/install/tier4_autoware_utils/share/tier4_autoware_utils/local_setup.dsv
[25.198s] -- Symlinking: /autoware/install/tier4_autoware_utils/share/tier4_autoware_utils/package.dsv
[25.249s] -- Symlinking: /autoware/install/tier4_autoware_utils/share/ament_index/resource_index/packages/tier4_autoware_utils
[25.250s] -- Symlinking: /autoware/install/tier4_autoware_utils/share/tier4_autoware_utils/cmake/ament_cmake_export_dependencies-extras.cmake
[25.250s] -- Symlinking: /autoware/install/tier4_autoware_utils/share/tier4_autoware_utils/cmake/ament_cmake_export_include_directories-extras.cmake
[25.250s] -- Symlinking: /autoware/install/tier4_autoware_utils/share/tier4_autoware_utils/cmake/ament_cmake_export_libraries-extras.cmake
[25.250s] -- Symlinking: /autoware/install/tier4_autoware_utils/share/tier4_autoware_utils/cmake/tier4_autoware_utilsConfig.cmake
[25.250s] -- Symlinking: /autoware/install/tier4_autoware_utils/share/tier4_autoware_utils/cmake/tier4_autoware_utilsConfig-version.cmake
[25.255s] -- Symlinking: /autoware/install/tier4_autoware_utils/share/tier4_autoware_utils/package.xml
[25.277s] Invoked command in '/autoware/build/tier4_autoware_utils' returned '0': AMENT_PREFIX_PATH=/autoware/install/autoware_auto_vehicle_msgs:/autoware/install/autoware_cmake:/autoware/install/autoware_auto_planning_msgs:/autoware/install/autoware_auto_perception_msgs:/autoware/install/tier4_debug_msgs:/autoware/install/autoware_lint_common:/autoware/install/autoware_auto_mapping_msgs:/autoware/install/autoware_auto_geometry_msgs:${AMENT_PREFIX_PATH} CMAKE_PREFIX_PATH=/autoware/install/autoware_auto_vehicle_msgs:/autoware/install/autoware_cmake:/autoware/install/autoware_auto_planning_msgs:/autoware/install/autoware_auto_perception_msgs:/autoware/install/tier4_debug_msgs:/autoware/install/autoware_lint_common:/autoware/install/autoware_auto_mapping_msgs:/autoware/install/autoware_auto_geometry_msgs:/opt/ros/humble LD_LIBRARY_PATH=/autoware/install/autoware_auto_vehicle_msgs/lib:/autoware/install/autoware_auto_planning_msgs/lib:/autoware/install/autoware_auto_perception_msgs/lib:/autoware/install/tier4_debug_msgs/lib:/autoware/install/autoware_auto_mapping_msgs/lib:/autoware/install/autoware_auto_geometry_msgs/lib:${LD_LIBRARY_PATH} PYTHONPATH=/autoware/install/autoware_auto_vehicle_msgs/local/lib/python3.10/dist-packages:/autoware/install/autoware_auto_planning_msgs/local/lib/python3.10/dist-packages:/autoware/install/autoware_auto_perception_msgs/local/lib/python3.10/dist-packages:/autoware/install/tier4_debug_msgs/local/lib/python3.10/dist-packages:/autoware/install/autoware_auto_mapping_msgs/local/lib/python3.10/dist-packages:/autoware/install/autoware_auto_geometry_msgs/local/lib/python3.10/dist-packages:${PYTHONPATH} /usr/bin/cmake --install /autoware/build/tier4_autoware_utils
