[0.028s] Invoking command in '/autoware/build/motion_utils': AMENT_PREFIX_PATH=/autoware/install/interpolation:/autoware/install/tier4_autoware_utils:/autoware/install/autoware_auto_vehicle_msgs:/autoware/install/autoware_cmake:/autoware/install/autoware_auto_planning_msgs:/autoware/install/autoware_auto_perception_msgs:/autoware/install/tier4_debug_msgs:/autoware/install/autoware_lint_common:/autoware/install/autoware_auto_mapping_msgs:/autoware/install/autoware_auto_geometry_msgs:${AMENT_PREFIX_PATH} CMAKE_PREFIX_PATH=/autoware/install/interpolation:/autoware/install/tier4_autoware_utils:/autoware/install/autoware_auto_vehicle_msgs:/autoware/install/autoware_cmake:/autoware/install/autoware_auto_planning_msgs:/autoware/install/autoware_auto_perception_msgs:/autoware/install/tier4_debug_msgs:/autoware/install/autoware_lint_common:/autoware/install/autoware_auto_mapping_msgs:/autoware/install/autoware_auto_geometry_msgs:/opt/ros/humble LD_LIBRARY_PATH=/autoware/install/interpolation/lib:/autoware/install/tier4_autoware_utils/lib:/autoware/install/autoware_auto_vehicle_msgs/lib:/autoware/install/autoware_auto_planning_msgs/lib:/autoware/install/autoware_auto_perception_msgs/lib:/autoware/install/tier4_debug_msgs/lib:/autoware/install/autoware_auto_mapping_msgs/lib:/autoware/install/autoware_auto_geometry_msgs/lib:${LD_LIBRARY_PATH} PYTHONPATH=/autoware/install/autoware_auto_vehicle_msgs/local/lib/python3.10/dist-packages:/autoware/install/autoware_auto_planning_msgs/local/lib/python3.10/dist-packages:/autoware/install/autoware_auto_perception_msgs/local/lib/python3.10/dist-packages:/autoware/install/tier4_debug_msgs/local/lib/python3.10/dist-packages:/autoware/install/autoware_auto_mapping_msgs/local/lib/python3.10/dist-packages:/autoware/install/autoware_auto_geometry_msgs/local/lib/python3.10/dist-packages:${PYTHONPATH} /usr/bin/cmake /autoware/src/universe/autoware.universe/common/motion_utils -DCMAKE_BUILD_TYPE=Release -DAMENT_CMAKE_SYMLINK_INSTALL=1 -DCMAKE_INSTALL_PREFIX=/autoware/install/motion_utils
[0.092s] -- The C compiler identification is GNU 11.3.0
[0.151s] -- The CXX compiler identification is GNU 11.3.0
[0.161s] -- Detecting C compiler ABI info
[0.221s] -- Detecting C compiler ABI info - done
[0.228s] -- Check for working C compiler: /usr/bin/cc - skipped
[0.228s] -- Detecting C compile features
[0.228s] -- Detecting C compile features - done
[0.231s] -- Detecting CXX compiler ABI info
[0.332s] -- Detecting CXX compiler ABI info - done
[0.345s] -- Check for working CXX compiler: /usr/bin/c++ - skipped
[0.345s] -- Detecting CXX compile features
[0.346s] -- Detecting CXX compile features - done
[0.348s] -- Found autoware_cmake: 0.1.0 (/autoware/install/autoware_cmake/share/autoware_cmake/cmake)
[0.587s] -- Found Python3: /usr/bin/python3.10 (found version "3.10.6") found components: Interpreter 
[0.629s] -- Override CMake install command with custom implementation using symlinks instead of copying resources
[0.828s] -- Found rosidl_generator_c: 3.1.3 (/opt/ros/humble/share/rosidl_generator_c/cmake)
[0.835s] -- Found rosidl_adapter: 3.1.3 (/opt/ros/humble/share/rosidl_adapter/cmake)
[0.846s] -- Found rosidl_generator_cpp: 3.1.3 (/opt/ros/humble/share/rosidl_generator_cpp/cmake)
[0.863s] -- Using all available rosidl_typesupport_c: rosidl_typesupport_fastrtps_c;rosidl_typesupport_introspection_c
[0.887s] -- Using all available rosidl_typesupport_cpp: rosidl_typesupport_fastrtps_cpp;rosidl_typesupport_introspection_cpp
[2.300s] -- Found rmw_implementation_cmake: 6.1.0 (/opt/ros/humble/share/rmw_implementation_cmake/cmake)
[2.304s] -- Found rmw_fastrtps_cpp: 6.2.1 (/opt/ros/humble/share/rmw_fastrtps_cpp/cmake)
[2.401s] -- Found OpenSSL: /usr/lib/x86_64-linux-gnu/libcrypto.so (found version "3.0.2")  
[2.433s] -- Found FastRTPS: /opt/ros/humble/include  
[2.483s] -- Using RMW implementation 'rmw_fastrtps_cpp' as default
[2.653s] -- Found eigen3_cmake_module: 0.1.1 (/opt/ros/humble/share/eigen3_cmake_module/cmake)
[2.655s] -- Found Eigen3: TRUE (found version "3.4.0") 
[2.655s] -- Ensuring Eigen3 include directory is part of orocos-kdl CMake target
[3.550s] -- Found ament_lint_auto: 0.12.4 (/opt/ros/humble/share/ament_lint_auto/cmake)
[3.586s] -- Found Boost: /usr/lib/x86_64-linux-gnu/cmake/Boost-1.74.0/BoostConfig.cmake (found version "1.74.0")  
[4.170s] -- Found gtest sources under '/opt/ros/humble/src/gtest_vendor': C++ tests using 'Google Test' will be built
[4.173s] -- Looking for pthread.h
[4.236s] -- Looking for pthread.h - found
[4.237s] -- Performing Test CMAKE_HAVE_LIBC_PTHREAD
[4.303s] -- Performing Test CMAKE_HAVE_LIBC_PTHREAD - Success
[4.304s] -- Found Threads: TRUE  
[4.314s] -- Added test 'copyright' to check source files copyright and LICENSE
[4.320s] -- Added test 'cppcheck' to perform static code analysis on C / C++ code
[4.321s] -- Configured cppcheck include dirs: /autoware/src/universe/autoware.universe/common/motion_utils/include
[4.321s] -- Configured cppcheck exclude dirs and/or files: 
[4.323s] -- Added test 'lint_cmake' to check CMake code style
[4.324s] -- Added test 'xmllint' to check XML markup files
[4.330s] -- Configuring done
[4.421s] -- Generating done
[4.423s] -- Build files have been written to: /autoware/build/motion_utils
[4.436s] Invoked command in '/autoware/build/motion_utils' returned '0': AMENT_PREFIX_PATH=/autoware/install/interpolation:/autoware/install/tier4_autoware_utils:/autoware/install/autoware_auto_vehicle_msgs:/autoware/install/autoware_cmake:/autoware/install/autoware_auto_planning_msgs:/autoware/install/autoware_auto_perception_msgs:/autoware/install/tier4_debug_msgs:/autoware/install/autoware_lint_common:/autoware/install/autoware_auto_mapping_msgs:/autoware/install/autoware_auto_geometry_msgs:${AMENT_PREFIX_PATH} CMAKE_PREFIX_PATH=/autoware/install/interpolation:/autoware/install/tier4_autoware_utils:/autoware/install/autoware_auto_vehicle_msgs:/autoware/install/autoware_cmake:/autoware/install/autoware_auto_planning_msgs:/autoware/install/autoware_auto_perception_msgs:/autoware/install/tier4_debug_msgs:/autoware/install/autoware_lint_common:/autoware/install/autoware_auto_mapping_msgs:/autoware/install/autoware_auto_geometry_msgs:/opt/ros/humble LD_LIBRARY_PATH=/autoware/install/interpolation/lib:/autoware/install/tier4_autoware_utils/lib:/autoware/install/autoware_auto_vehicle_msgs/lib:/autoware/install/autoware_auto_planning_msgs/lib:/autoware/install/autoware_auto_perception_msgs/lib:/autoware/install/tier4_debug_msgs/lib:/autoware/install/autoware_auto_mapping_msgs/lib:/autoware/install/autoware_auto_geometry_msgs/lib:${LD_LIBRARY_PATH} PYTHONPATH=/autoware/install/autoware_auto_vehicle_msgs/local/lib/python3.10/dist-packages:/autoware/install/autoware_auto_planning_msgs/local/lib/python3.10/dist-packages:/autoware/install/autoware_auto_perception_msgs/local/lib/python3.10/dist-packages:/autoware/install/tier4_debug_msgs/local/lib/python3.10/dist-packages:/autoware/install/autoware_auto_mapping_msgs/local/lib/python3.10/dist-packages:/autoware/install/autoware_auto_geometry_msgs/local/lib/python3.10/dist-packages:${PYTHONPATH} /usr/bin/cmake /autoware/src/universe/autoware.universe/common/motion_utils -DCMAKE_BUILD_TYPE=Release -DAMENT_CMAKE_SYMLINK_INSTALL=1 -DCMAKE_INSTALL_PREFIX=/autoware/install/motion_utils
[4.438s] Invoking command in '/autoware/build/motion_utils': AMENT_PREFIX_PATH=/autoware/install/interpolation:/autoware/install/tier4_autoware_utils:/autoware/install/autoware_auto_vehicle_msgs:/autoware/install/autoware_cmake:/autoware/install/autoware_auto_planning_msgs:/autoware/install/autoware_auto_perception_msgs:/autoware/install/tier4_debug_msgs:/autoware/install/autoware_lint_common:/autoware/install/autoware_auto_mapping_msgs:/autoware/install/autoware_auto_geometry_msgs:${AMENT_PREFIX_PATH} CMAKE_PREFIX_PATH=/autoware/install/interpolation:/autoware/install/tier4_autoware_utils:/autoware/install/autoware_auto_vehicle_msgs:/autoware/install/autoware_cmake:/autoware/install/autoware_auto_planning_msgs:/autoware/install/autoware_auto_perception_msgs:/autoware/install/tier4_debug_msgs:/autoware/install/autoware_lint_common:/autoware/install/autoware_auto_mapping_msgs:/autoware/install/autoware_auto_geometry_msgs:/opt/ros/humble LD_LIBRARY_PATH=/autoware/install/interpolation/lib:/autoware/install/tier4_autoware_utils/lib:/autoware/install/autoware_auto_vehicle_msgs/lib:/autoware/install/autoware_auto_planning_msgs/lib:/autoware/install/autoware_auto_perception_msgs/lib:/autoware/install/tier4_debug_msgs/lib:/autoware/install/autoware_auto_mapping_msgs/lib:/autoware/install/autoware_auto_geometry_msgs/lib:${LD_LIBRARY_PATH} PYTHONPATH=/autoware/install/autoware_auto_vehicle_msgs/local/lib/python3.10/dist-packages:/autoware/install/autoware_auto_planning_msgs/local/lib/python3.10/dist-packages:/autoware/install/autoware_auto_perception_msgs/local/lib/python3.10/dist-packages:/autoware/install/tier4_debug_msgs/local/lib/python3.10/dist-packages:/autoware/install/autoware_auto_mapping_msgs/local/lib/python3.10/dist-packages:/autoware/install/autoware_auto_geometry_msgs/local/lib/python3.10/dist-packages:${PYTHONPATH} /usr/bin/cmake --build /autoware/build/motion_utils -- -j64 -l64
[4.484s] [  5%] Building CXX object gtest/CMakeFiles/gtest.dir/src/gtest-all.cc.o
[4.485s] [ 11%] Building CXX object CMakeFiles/motion_utils.dir/src/motion_utils.cpp.o
[4.486s] [ 17%] Building CXX object CMakeFiles/motion_utils.dir/src/marker/marker_helper.cpp.o
[4.487s] [ 23%] Building CXX object CMakeFiles/motion_utils.dir/src/trajectory/interpolation.cpp.o
[4.489s] [ 29%] Building CXX object gtest/CMakeFiles/gtest_main.dir/src/gtest_main.cc.o
[4.490s] [ 35%] Building CXX object CMakeFiles/motion_utils.dir/src/vehicle/vehicle_state_checker.cpp.o
[4.490s] [ 41%] Building CXX object CMakeFiles/motion_utils.dir/src/resample/resample.cpp.o
[5.793s] [ 47%] Linking CXX static library libgtest_main.a
[5.838s] [ 47%] Built target gtest_main
[13.312s] [ 52%] Linking CXX static library libgtest.a
[13.361s] [ 52%] Built target gtest
[23.544s] [ 58%] Linking CXX shared library libmotion_utils.so
[23.899s] [ 58%] Built target motion_utils
[23.932s] [ 70%] Building CXX object CMakeFiles/test_motion_utils.dir/test/src/resample/test_resample.cpp.o
[23.932s] [ 70%] Building CXX object CMakeFiles/test_motion_utils.dir/test/src/test_motion_utils.cpp.o
[23.933s] [ 82%] Building CXX object CMakeFiles/test_motion_utils.dir/test/src/vehicle/test_vehicle_state_checker.cpp.o
[23.933s] [ 88%] Building CXX object CMakeFiles/test_motion_utils.dir/test/src/trajectory/test_trajectory.cpp.o
[23.933s] [ 94%] Building CXX object CMakeFiles/test_motion_utils.dir/test/src/trajectory/test_path_with_lane_id.cpp.o
[23.933s] [ 94%] Building CXX object CMakeFiles/test_motion_utils.dir/test/src/trajectory/test_interpolation.cpp.o
[57.418s] [100%] Linking CXX executable test_motion_utils
[57.652s] [100%] Built target test_motion_utils
[57.662s] Invoked command in '/autoware/build/motion_utils' returned '0': AMENT_PREFIX_PATH=/autoware/install/interpolation:/autoware/install/tier4_autoware_utils:/autoware/install/autoware_auto_vehicle_msgs:/autoware/install/autoware_cmake:/autoware/install/autoware_auto_planning_msgs:/autoware/install/autoware_auto_perception_msgs:/autoware/install/tier4_debug_msgs:/autoware/install/autoware_lint_common:/autoware/install/autoware_auto_mapping_msgs:/autoware/install/autoware_auto_geometry_msgs:${AMENT_PREFIX_PATH} CMAKE_PREFIX_PATH=/autoware/install/interpolation:/autoware/install/tier4_autoware_utils:/autoware/install/autoware_auto_vehicle_msgs:/autoware/install/autoware_cmake:/autoware/install/autoware_auto_planning_msgs:/autoware/install/autoware_auto_perception_msgs:/autoware/install/tier4_debug_msgs:/autoware/install/autoware_lint_common:/autoware/install/autoware_auto_mapping_msgs:/autoware/install/autoware_auto_geometry_msgs:/opt/ros/humble LD_LIBRARY_PATH=/autoware/install/interpolation/lib:/autoware/install/tier4_autoware_utils/lib:/autoware/install/autoware_auto_vehicle_msgs/lib:/autoware/install/autoware_auto_planning_msgs/lib:/autoware/install/autoware_auto_perception_msgs/lib:/autoware/install/tier4_debug_msgs/lib:/autoware/install/autoware_auto_mapping_msgs/lib:/autoware/install/autoware_auto_geometry_msgs/lib:${LD_LIBRARY_PATH} PYTHONPATH=/autoware/install/autoware_auto_vehicle_msgs/local/lib/python3.10/dist-packages:/autoware/install/autoware_auto_planning_msgs/local/lib/python3.10/dist-packages:/autoware/install/autoware_auto_perception_msgs/local/lib/python3.10/dist-packages:/autoware/install/tier4_debug_msgs/local/lib/python3.10/dist-packages:/autoware/install/autoware_auto_mapping_msgs/local/lib/python3.10/dist-packages:/autoware/install/autoware_auto_geometry_msgs/local/lib/python3.10/dist-packages:${PYTHONPATH} /usr/bin/cmake --build /autoware/build/motion_utils -- -j64 -l64
[57.694s] Invoking command in '/autoware/build/motion_utils': AMENT_PREFIX_PATH=/autoware/install/interpolation:/autoware/install/tier4_autoware_utils:/autoware/install/autoware_auto_vehicle_msgs:/autoware/install/autoware_cmake:/autoware/install/autoware_auto_planning_msgs:/autoware/install/autoware_auto_perception_msgs:/autoware/install/tier4_debug_msgs:/autoware/install/autoware_lint_common:/autoware/install/autoware_auto_mapping_msgs:/autoware/install/autoware_auto_geometry_msgs:${AMENT_PREFIX_PATH} CMAKE_PREFIX_PATH=/autoware/install/interpolation:/autoware/install/tier4_autoware_utils:/autoware/install/autoware_auto_vehicle_msgs:/autoware/install/autoware_cmake:/autoware/install/autoware_auto_planning_msgs:/autoware/install/autoware_auto_perception_msgs:/autoware/install/tier4_debug_msgs:/autoware/install/autoware_lint_common:/autoware/install/autoware_auto_mapping_msgs:/autoware/install/autoware_auto_geometry_msgs:/opt/ros/humble LD_LIBRARY_PATH=/autoware/install/interpolation/lib:/autoware/install/tier4_autoware_utils/lib:/autoware/install/autoware_auto_vehicle_msgs/lib:/autoware/install/autoware_auto_planning_msgs/lib:/autoware/install/autoware_auto_perception_msgs/lib:/autoware/install/tier4_debug_msgs/lib:/autoware/install/autoware_auto_mapping_msgs/lib:/autoware/install/autoware_auto_geometry_msgs/lib:${LD_LIBRARY_PATH} PYTHONPATH=/autoware/install/autoware_auto_vehicle_msgs/local/lib/python3.10/dist-packages:/autoware/install/autoware_auto_planning_msgs/local/lib/python3.10/dist-packages:/autoware/install/autoware_auto_perception_msgs/local/lib/python3.10/dist-packages:/autoware/install/tier4_debug_msgs/local/lib/python3.10/dist-packages:/autoware/install/autoware_auto_mapping_msgs/local/lib/python3.10/dist-packages:/autoware/install/autoware_auto_geometry_msgs/local/lib/python3.10/dist-packages:${PYTHONPATH} /usr/bin/cmake --install /autoware/build/motion_utils
[57.701s] -- Install configuration: "Release"
[57.702s] -- Execute custom install script
[57.702s] -- Symlinking: /autoware/install/motion_utils/include/motion_utils/constants.hpp
[57.709s] -- Symlinking: /autoware/install/motion_utils/include/motion_utils/marker/marker_helper.hpp
[57.716s] -- Symlinking: /autoware/install/motion_utils/include/motion_utils/motion_utils.hpp
[57.723s] -- Symlinking: /autoware/install/motion_utils/include/motion_utils/resample/resample.hpp
[57.730s] -- Symlinking: /autoware/install/motion_utils/include/motion_utils/resample/resample_utils.hpp
[57.738s] -- Symlinking: /autoware/install/motion_utils/include/motion_utils/trajectory/interpolation.hpp
[57.744s] -- Symlinking: /autoware/install/motion_utils/include/motion_utils/trajectory/path_with_lane_id.hpp
[57.751s] -- Symlinking: /autoware/install/motion_utils/include/motion_utils/trajectory/tmp_conversion.hpp
[57.759s] -- Symlinking: /autoware/install/motion_utils/include/motion_utils/trajectory/trajectory.hpp
[57.766s] -- Symlinking: /autoware/install/motion_utils/include/motion_utils/vehicle/vehicle_state_checker.hpp
[57.774s] -- Symlinking: /autoware/install/motion_utils/share/motion_utils/environment/library_path.sh
[57.781s] -- Symlinking: /autoware/install/motion_utils/share/motion_utils/environment/library_path.dsv
[57.788s] -- Symlinking: /autoware/install/motion_utils/lib/libmotion_utils.so
[57.796s] -- Symlinking: /autoware/install/motion_utils/share/ament_index/resource_index/package_run_dependencies/motion_utils
[57.803s] -- Symlinking: /autoware/install/motion_utils/share/ament_index/resource_index/parent_prefix_path/motion_utils
[57.811s] -- Symlinking: /autoware/install/motion_utils/share/motion_utils/environment/ament_prefix_path.sh
[57.817s] -- Symlinking: /autoware/install/motion_utils/share/motion_utils/environment/ament_prefix_path.dsv
[57.824s] -- Symlinking: /autoware/install/motion_utils/share/motion_utils/environment/path.sh
[57.831s] -- Symlinking: /autoware/install/motion_utils/share/motion_utils/environment/path.dsv
[57.838s] -- Symlinking: /autoware/install/motion_utils/share/motion_utils/local_setup.bash
[57.846s] -- Symlinking: /autoware/install/motion_utils/share/motion_utils/local_setup.sh
[57.853s] -- Symlinking: /autoware/install/motion_utils/share/motion_utils/local_setup.zsh
[57.859s] -- Symlinking: /autoware/install/motion_utils/share/motion_utils/local_setup.dsv
[57.866s] -- Symlinking: /autoware/install/motion_utils/share/motion_utils/package.dsv
[57.873s] -- Symlinking: /autoware/install/motion_utils/share/ament_index/resource_index/packages/motion_utils
[57.879s] -- Symlinking: /autoware/install/motion_utils/share/motion_utils/cmake/ament_cmake_export_dependencies-extras.cmake
[57.885s] -- Symlinking: /autoware/install/motion_utils/share/motion_utils/cmake/ament_cmake_export_include_directories-extras.cmake
[57.892s] -- Symlinking: /autoware/install/motion_utils/share/motion_utils/cmake/ament_cmake_export_libraries-extras.cmake
[57.900s] -- Symlinking: /autoware/install/motion_utils/share/motion_utils/cmake/motion_utilsConfig.cmake
[57.907s] -- Symlinking: /autoware/install/motion_utils/share/motion_utils/cmake/motion_utilsConfig-version.cmake
[57.914s] -- Symlinking: /autoware/install/motion_utils/share/motion_utils/package.xml
[57.932s] Invoked command in '/autoware/build/motion_utils' returned '0': AMENT_PREFIX_PATH=/autoware/install/interpolation:/autoware/install/tier4_autoware_utils:/autoware/install/autoware_auto_vehicle_msgs:/autoware/install/autoware_cmake:/autoware/install/autoware_auto_planning_msgs:/autoware/install/autoware_auto_perception_msgs:/autoware/install/tier4_debug_msgs:/autoware/install/autoware_lint_common:/autoware/install/autoware_auto_mapping_msgs:/autoware/install/autoware_auto_geometry_msgs:${AMENT_PREFIX_PATH} CMAKE_PREFIX_PATH=/autoware/install/interpolation:/autoware/install/tier4_autoware_utils:/autoware/install/autoware_auto_vehicle_msgs:/autoware/install/autoware_cmake:/autoware/install/autoware_auto_planning_msgs:/autoware/install/autoware_auto_perception_msgs:/autoware/install/tier4_debug_msgs:/autoware/install/autoware_lint_common:/autoware/install/autoware_auto_mapping_msgs:/autoware/install/autoware_auto_geometry_msgs:/opt/ros/humble LD_LIBRARY_PATH=/autoware/install/interpolation/lib:/autoware/install/tier4_autoware_utils/lib:/autoware/install/autoware_auto_vehicle_msgs/lib:/autoware/install/autoware_auto_planning_msgs/lib:/autoware/install/autoware_auto_perception_msgs/lib:/autoware/install/tier4_debug_msgs/lib:/autoware/install/autoware_auto_mapping_msgs/lib:/autoware/install/autoware_auto_geometry_msgs/lib:${LD_LIBRARY_PATH} PYTHONPATH=/autoware/install/autoware_auto_vehicle_msgs/local/lib/python3.10/dist-packages:/autoware/install/autoware_auto_planning_msgs/local/lib/python3.10/dist-packages:/autoware/install/autoware_auto_perception_msgs/local/lib/python3.10/dist-packages:/autoware/install/tier4_debug_msgs/local/lib/python3.10/dist-packages:/autoware/install/autoware_auto_mapping_msgs/local/lib/python3.10/dist-packages:/autoware/install/autoware_auto_geometry_msgs/local/lib/python3.10/dist-packages:${PYTHONPATH} /usr/bin/cmake --install /autoware/build/motion_utils
