-- The C compiler identification is GNU 11.3.0
-- The CXX compiler identification is GNU 11.3.0
-- Detecting C compiler ABI info
-- Detecting C compiler ABI info - done
-- Check for working C compiler: /usr/bin/cc - skipped
-- Detecting C compile features
-- Detecting C compile features - done
-- Detecting CXX compiler ABI info
-- Detecting CXX compiler ABI info - done
-- Check for working CXX compiler: /usr/bin/c++ - skipped
-- Detecting CXX compile features
-- Detecting CXX compile features - done
-- Found ament_cmake_auto: 1.3.2 (/opt/ros/humble/share/ament_cmake_auto/cmake)
-- Found Python3: /usr/bin/python3.10 (found version "3.10.6") found components: Interpreter 
-- Override CMake install command with custom implementation using symlinks instead of copying resources
-- Found rosidl_generator_c: 3.1.3 (/opt/ros/humble/share/rosidl_generator_c/cmake)
-- Found rosidl_adapter: 3.1.3 (/opt/ros/humble/share/rosidl_adapter/cmake)
-- Found rosidl_generator_cpp: 3.1.3 (/opt/ros/humble/share/rosidl_generator_cpp/cmake)
-- Using all available rosidl_typesupport_c: rosidl_typesupport_fastrtps_c;rosidl_typesupport_introspection_c
-- Using all available rosidl_typesupport_cpp: rosidl_typesupport_fastrtps_cpp;rosidl_typesupport_introspection_cpp
-- Found ament_cmake_cppcheck: 0.12.4 (/opt/ros/humble/share/ament_cmake_cppcheck/cmake)
-- Found ament_cmake_cpplint: 0.12.4 (/opt/ros/humble/share/ament_cmake_cpplint/cmake)
-- Found ament_cmake_uncrustify: 0.12.4 (/opt/ros/humble/share/ament_cmake_uncrustify/cmake)
-- Found ament_cmake_ros: 0.10.0 (/opt/ros/humble/share/ament_cmake_ros/cmake)
-- Using all available rosidl_typesupport_c: rosidl_typesupport_fastrtps_c;rosidl_typesupport_introspection_c
-- Using all available rosidl_typesupport_cpp: rosidl_typesupport_fastrtps_cpp;rosidl_typesupport_introspection_cpp
-- Found PythonInterp: /usr/bin/python3 (found suitable version "3.10.6", minimum required is "3.6") 
-- Found python_cmake_module: 0.10.0 (/opt/ros/humble/share/python_cmake_module/cmake)
-- Found PythonLibs: /usr/lib/x86_64-linux-gnu/libpython3.10.so (found suitable version "3.10.6", minimum required is "3.5") 
-- Using PYTHON_EXECUTABLE: /usr/bin/python3
-- Using PYTHON_INCLUDE_DIRS: /usr/include/python3.10
-- Using PYTHON_LIBRARIES: /usr/lib/x86_64-linux-gnu/libpython3.10.so
-- Found PythonExtra: .so  
-- Found ament_cmake_flake8: 0.12.4 (/opt/ros/humble/share/ament_cmake_flake8/cmake)
-- Found ament_cmake_pep257: 0.12.4 (/opt/ros/humble/share/ament_cmake_pep257/cmake)
-- Found ament_lint_auto: 0.12.4 (/opt/ros/humble/share/ament_lint_auto/cmake)
-- Added test 'copyright' to check source files copyright and LICENSE
-- Added test 'lint_cmake' to check CMake code style
-- Added test 'xmllint' to check XML markup files
-- Configuring done
-- Generating done
-- Build files have been written to: /autoware/build/autoware_map_msgs
[  1%] Generating C code for ROS interfaces
[  3%] Generating C++ code for ROS interfaces
[  3%] Built target ament_cmake_python_symlink_autoware_map_msgs
running egg_info
creating autoware_map_msgs.egg-info
writing autoware_map_msgs.egg-info/PKG-INFO
writing dependency_links to autoware_map_msgs.egg-info/dependency_links.txt
writing top-level names to autoware_map_msgs.egg-info/top_level.txt
writing manifest file 'autoware_map_msgs.egg-info/SOURCES.txt'
reading manifest file 'autoware_map_msgs.egg-info/SOURCES.txt'
writing manifest file 'autoware_map_msgs.egg-info/SOURCES.txt'
[  3%] Built target ament_cmake_python_build_autoware_map_msgs_egg
[  3%] Built target autoware_map_msgs__cpp
[  4%] Generating C++ introspection for ROS interfaces
[  6%] Generating C++ type support for eProsima Fast-RTPS
[  7%] Generating C++ type support dispatch for ROS interfaces
[  9%] Building C object CMakeFiles/autoware_map_msgs__rosidl_generator_c.dir/rosidl_generator_c/autoware_map_msgs/msg/detail/area_info__functions.c.o
[ 11%] Building C object CMakeFiles/autoware_map_msgs__rosidl_generator_c.dir/rosidl_generator_c/autoware_map_msgs/msg/detail/lanelet_map_bin__functions.c.o
[ 12%] Building C object CMakeFiles/autoware_map_msgs__rosidl_generator_c.dir/rosidl_generator_c/autoware_map_msgs/msg/detail/point_cloud_map_cell_with_id__functions.c.o
[ 14%] Building C object CMakeFiles/autoware_map_msgs__rosidl_generator_c.dir/rosidl_generator_c/autoware_map_msgs/srv/detail/get_partial_point_cloud_map__functions.c.o
[ 15%] Building C object CMakeFiles/autoware_map_msgs__rosidl_generator_c.dir/rosidl_generator_c/autoware_map_msgs/srv/detail/get_differential_point_cloud_map__functions.c.o
[ 17%] Linking C shared library libautoware_map_msgs__rosidl_generator_c.so
[ 17%] Built target autoware_map_msgs__rosidl_generator_c
[ 19%] Generating C introspection for ROS interfaces
[ 20%] Generating C type support for eProsima Fast-RTPS
[ 22%] Generating C type support dispatch for ROS interfaces
[ 23%] Building CXX object CMakeFiles/autoware_map_msgs__rosidl_typesupport_cpp.dir/rosidl_typesupport_cpp/autoware_map_msgs/msg/area_info__type_support.cpp.o
[ 25%] Building CXX object CMakeFiles/autoware_map_msgs__rosidl_typesupport_cpp.dir/rosidl_typesupport_cpp/autoware_map_msgs/msg/lanelet_map_bin__type_support.cpp.o
[ 26%] Building CXX object CMakeFiles/autoware_map_msgs__rosidl_typesupport_cpp.dir/rosidl_typesupport_cpp/autoware_map_msgs/msg/point_cloud_map_cell_with_id__type_support.cpp.o
[ 28%] Building CXX object CMakeFiles/autoware_map_msgs__rosidl_typesupport_cpp.dir/rosidl_typesupport_cpp/autoware_map_msgs/srv/get_differential_point_cloud_map__type_support.cpp.o
[ 30%] Building CXX object CMakeFiles/autoware_map_msgs__rosidl_typesupport_cpp.dir/rosidl_typesupport_cpp/autoware_map_msgs/srv/get_partial_point_cloud_map__type_support.cpp.o
[ 31%] Building CXX object CMakeFiles/autoware_map_msgs__rosidl_typesupport_introspection_cpp.dir/rosidl_typesupport_introspection_cpp/autoware_map_msgs/msg/detail/area_info__type_support.cpp.o
[ 33%] Building CXX object CMakeFiles/autoware_map_msgs__rosidl_typesupport_introspection_cpp.dir/rosidl_typesupport_introspection_cpp/autoware_map_msgs/msg/detail/lanelet_map_bin__type_support.cpp.o
[ 34%] Building CXX object CMakeFiles/autoware_map_msgs__rosidl_typesupport_introspection_cpp.dir/rosidl_typesupport_introspection_cpp/autoware_map_msgs/msg/detail/point_cloud_map_cell_with_id__type_support.cpp.o
[ 36%] Building CXX object CMakeFiles/autoware_map_msgs__rosidl_typesupport_introspection_cpp.dir/rosidl_typesupport_introspection_cpp/autoware_map_msgs/srv/detail/get_partial_point_cloud_map__type_support.cpp.o
[ 38%] Building CXX object CMakeFiles/autoware_map_msgs__rosidl_typesupport_introspection_cpp.dir/rosidl_typesupport_introspection_cpp/autoware_map_msgs/srv/detail/get_differential_point_cloud_map__type_support.cpp.o
[ 39%] Building CXX object CMakeFiles/autoware_map_msgs__rosidl_typesupport_fastrtps_cpp.dir/rosidl_typesupport_fastrtps_cpp/autoware_map_msgs/msg/detail/dds_fastrtps/area_info__type_support.cpp.o
[ 41%] Building CXX object CMakeFiles/autoware_map_msgs__rosidl_typesupport_fastrtps_cpp.dir/rosidl_typesupport_fastrtps_cpp/autoware_map_msgs/msg/detail/dds_fastrtps/lanelet_map_bin__type_support.cpp.o
[ 42%] Building CXX object CMakeFiles/autoware_map_msgs__rosidl_typesupport_fastrtps_cpp.dir/rosidl_typesupport_fastrtps_cpp/autoware_map_msgs/msg/detail/dds_fastrtps/point_cloud_map_cell_with_id__type_support.cpp.o
[ 44%] Building CXX object CMakeFiles/autoware_map_msgs__rosidl_typesupport_fastrtps_cpp.dir/rosidl_typesupport_fastrtps_cpp/autoware_map_msgs/srv/detail/dds_fastrtps/get_partial_point_cloud_map__type_support.cpp.o
[ 46%] Linking CXX shared library libautoware_map_msgs__rosidl_typesupport_cpp.so
[ 47%] Building CXX object CMakeFiles/autoware_map_msgs__rosidl_typesupport_fastrtps_cpp.dir/rosidl_typesupport_fastrtps_cpp/autoware_map_msgs/srv/detail/dds_fastrtps/get_differential_point_cloud_map__type_support.cpp.o
[ 47%] Built target autoware_map_msgs__rosidl_typesupport_cpp
[ 49%] Building CXX object CMakeFiles/autoware_map_msgs__rosidl_typesupport_c.dir/rosidl_typesupport_c/autoware_map_msgs/msg/area_info__type_support.cpp.o
[ 50%] Building CXX object CMakeFiles/autoware_map_msgs__rosidl_typesupport_c.dir/rosidl_typesupport_c/autoware_map_msgs/msg/point_cloud_map_cell_with_id__type_support.cpp.o
[ 52%] Building CXX object CMakeFiles/autoware_map_msgs__rosidl_typesupport_c.dir/rosidl_typesupport_c/autoware_map_msgs/msg/lanelet_map_bin__type_support.cpp.o
[ 53%] Building CXX object CMakeFiles/autoware_map_msgs__rosidl_typesupport_c.dir/rosidl_typesupport_c/autoware_map_msgs/srv/get_partial_point_cloud_map__type_support.cpp.o
[ 55%] Building CXX object CMakeFiles/autoware_map_msgs__rosidl_typesupport_c.dir/rosidl_typesupport_c/autoware_map_msgs/srv/get_differential_point_cloud_map__type_support.cpp.o
[ 57%] Building C object CMakeFiles/autoware_map_msgs__rosidl_typesupport_introspection_c.dir/rosidl_typesupport_introspection_c/autoware_map_msgs/msg/detail/area_info__type_support.c.o
[ 58%] Building C object CMakeFiles/autoware_map_msgs__rosidl_typesupport_introspection_c.dir/rosidl_typesupport_introspection_c/autoware_map_msgs/msg/detail/lanelet_map_bin__type_support.c.o
[ 60%] Building C object CMakeFiles/autoware_map_msgs__rosidl_typesupport_introspection_c.dir/rosidl_typesupport_introspection_c/autoware_map_msgs/msg/detail/point_cloud_map_cell_with_id__type_support.c.o
[ 61%] Linking CXX shared library libautoware_map_msgs__rosidl_typesupport_c.so
[ 63%] Building C object CMakeFiles/autoware_map_msgs__rosidl_typesupport_introspection_c.dir/rosidl_typesupport_introspection_c/autoware_map_msgs/srv/detail/get_partial_point_cloud_map__type_support.c.o
[ 65%] Building C object CMakeFiles/autoware_map_msgs__rosidl_typesupport_introspection_c.dir/rosidl_typesupport_introspection_c/autoware_map_msgs/srv/detail/get_differential_point_cloud_map__type_support.c.o
[ 66%] Building CXX object CMakeFiles/autoware_map_msgs__rosidl_typesupport_fastrtps_c.dir/rosidl_typesupport_fastrtps_c/autoware_map_msgs/msg/detail/area_info__type_support_c.cpp.o
[ 68%] Building CXX object CMakeFiles/autoware_map_msgs__rosidl_typesupport_fastrtps_c.dir/rosidl_typesupport_fastrtps_c/autoware_map_msgs/msg/detail/point_cloud_map_cell_with_id__type_support_c.cpp.o
[ 69%] Building CXX object CMakeFiles/autoware_map_msgs__rosidl_typesupport_fastrtps_c.dir/rosidl_typesupport_fastrtps_c/autoware_map_msgs/msg/detail/lanelet_map_bin__type_support_c.cpp.o
[ 69%] Built target autoware_map_msgs__rosidl_typesupport_c
[ 71%] Building CXX object CMakeFiles/autoware_map_msgs__rosidl_typesupport_fastrtps_c.dir/rosidl_typesupport_fastrtps_c/autoware_map_msgs/srv/detail/get_partial_point_cloud_map__type_support_c.cpp.o
[ 73%] Building CXX object CMakeFiles/autoware_map_msgs__rosidl_typesupport_fastrtps_c.dir/rosidl_typesupport_fastrtps_c/autoware_map_msgs/srv/detail/get_differential_point_cloud_map__type_support_c.cpp.o
[ 74%] Linking C shared library libautoware_map_msgs__rosidl_typesupport_introspection_c.so
[ 74%] Built target autoware_map_msgs__rosidl_typesupport_introspection_c
[ 76%] Linking CXX shared library libautoware_map_msgs__rosidl_typesupport_introspection_cpp.so
[ 76%] Built target autoware_map_msgs__rosidl_typesupport_introspection_cpp
[ 77%] Linking CXX shared library libautoware_map_msgs__rosidl_typesupport_fastrtps_cpp.so
[ 77%] Built target autoware_map_msgs__rosidl_typesupport_fastrtps_cpp
[ 79%] Linking CXX shared library libautoware_map_msgs__rosidl_typesupport_fastrtps_c.so
[ 79%] Built target autoware_map_msgs__rosidl_typesupport_fastrtps_c
[ 79%] Built target autoware_map_msgs
[ 80%] Generating Python code for ROS interfaces
[ 80%] Built target autoware_map_msgs__py
[ 82%] Building C object CMakeFiles/autoware_map_msgs__rosidl_generator_py.dir/rosidl_generator_py/autoware_map_msgs/msg/_area_info_s.c.o
[ 84%] Building C object CMakeFiles/autoware_map_msgs__rosidl_generator_py.dir/rosidl_generator_py/autoware_map_msgs/msg/_lanelet_map_bin_s.c.o
[ 85%] Building C object CMakeFiles/autoware_map_msgs__rosidl_generator_py.dir/rosidl_generator_py/autoware_map_msgs/srv/_get_partial_point_cloud_map_s.c.o
[ 87%] Building C object CMakeFiles/autoware_map_msgs__rosidl_generator_py.dir/rosidl_generator_py/autoware_map_msgs/msg/_point_cloud_map_cell_with_id_s.c.o
[ 88%] Building C object CMakeFiles/autoware_map_msgs__rosidl_generator_py.dir/rosidl_generator_py/autoware_map_msgs/srv/_get_differential_point_cloud_map_s.c.o
[ 90%] Linking C shared library rosidl_generator_py/autoware_map_msgs/libautoware_map_msgs__rosidl_generator_py.so
[ 90%] Built target autoware_map_msgs__rosidl_generator_py
[ 92%] Building C object CMakeFiles/autoware_map_msgs__rosidl_typesupport_introspection_c__pyext.dir/rosidl_generator_py/autoware_map_msgs/_autoware_map_msgs_s.ep.rosidl_typesupport_introspection_c.c.o
[ 93%] Building C object CMakeFiles/autoware_map_msgs__rosidl_typesupport_fastrtps_c__pyext.dir/rosidl_generator_py/autoware_map_msgs/_autoware_map_msgs_s.ep.rosidl_typesupport_fastrtps_c.c.o
[ 95%] Building C object CMakeFiles/autoware_map_msgs__rosidl_typesupport_c__pyext.dir/rosidl_generator_py/autoware_map_msgs/_autoware_map_msgs_s.ep.rosidl_typesupport_c.c.o
[ 96%] Linking C shared library rosidl_generator_py/autoware_map_msgs/autoware_map_msgs_s__rosidl_typesupport_c.cpython-310-x86_64-linux-gnu.so
[ 98%] Linking C shared library rosidl_generator_py/autoware_map_msgs/autoware_map_msgs_s__rosidl_typesupport_introspection_c.cpython-310-x86_64-linux-gnu.so
[100%] Linking C shared library rosidl_generator_py/autoware_map_msgs/autoware_map_msgs_s__rosidl_typesupport_fastrtps_c.cpython-310-x86_64-linux-gnu.so
[100%] Built target autoware_map_msgs__rosidl_typesupport_c__pyext
[100%] Built target autoware_map_msgs__rosidl_typesupport_introspection_c__pyext
[100%] Built target autoware_map_msgs__rosidl_typesupport_fastrtps_c__pyext
-- Install configuration: "Release"
-- Execute custom install script
-- Symlinking: /autoware/install/autoware_map_msgs/share/ament_index/resource_index/rosidl_interfaces/autoware_map_msgs
-- Symlinking: /autoware/install/autoware_map_msgs/include/autoware_map_msgs/autoware_map_msgs/msg/area_info.h
-- Symlinking: /autoware/install/autoware_map_msgs/include/autoware_map_msgs/autoware_map_msgs/msg/detail/area_info__functions.h
-- Symlinking: /autoware/install/autoware_map_msgs/include/autoware_map_msgs/autoware_map_msgs/msg/detail/area_info__struct.h
-- Symlinking: /autoware/install/autoware_map_msgs/include/autoware_map_msgs/autoware_map_msgs/msg/detail/area_info__type_support.h
-- Symlinking: /autoware/install/autoware_map_msgs/include/autoware_map_msgs/autoware_map_msgs/msg/detail/lanelet_map_bin__functions.h
-- Symlinking: /autoware/install/autoware_map_msgs/include/autoware_map_msgs/autoware_map_msgs/msg/detail/lanelet_map_bin__struct.h
-- Symlinking: /autoware/install/autoware_map_msgs/include/autoware_map_msgs/autoware_map_msgs/msg/detail/lanelet_map_bin__type_support.h
-- Symlinking: /autoware/install/autoware_map_msgs/include/autoware_map_msgs/autoware_map_msgs/msg/detail/point_cloud_map_cell_with_id__functions.h
-- Symlinking: /autoware/install/autoware_map_msgs/include/autoware_map_msgs/autoware_map_msgs/msg/detail/point_cloud_map_cell_with_id__struct.h
-- Symlinking: /autoware/install/autoware_map_msgs/include/autoware_map_msgs/autoware_map_msgs/msg/detail/point_cloud_map_cell_with_id__type_support.h
-- Symlinking: /autoware/install/autoware_map_msgs/include/autoware_map_msgs/autoware_map_msgs/msg/lanelet_map_bin.h
-- Symlinking: /autoware/install/autoware_map_msgs/include/autoware_map_msgs/autoware_map_msgs/msg/point_cloud_map_cell_with_id.h
-- Symlinking: /autoware/install/autoware_map_msgs/include/autoware_map_msgs/autoware_map_msgs/msg/rosidl_generator_c__visibility_control.h
-- Symlinking: /autoware/install/autoware_map_msgs/include/autoware_map_msgs/autoware_map_msgs/srv/detail/get_differential_point_cloud_map__functions.h
-- Symlinking: /autoware/install/autoware_map_msgs/include/autoware_map_msgs/autoware_map_msgs/srv/detail/get_differential_point_cloud_map__struct.h
-- Symlinking: /autoware/install/autoware_map_msgs/include/autoware_map_msgs/autoware_map_msgs/srv/detail/get_differential_point_cloud_map__type_support.h
-- Symlinking: /autoware/install/autoware_map_msgs/include/autoware_map_msgs/autoware_map_msgs/srv/detail/get_partial_point_cloud_map__functions.h
-- Symlinking: /autoware/install/autoware_map_msgs/include/autoware_map_msgs/autoware_map_msgs/srv/detail/get_partial_point_cloud_map__struct.h
-- Symlinking: /autoware/install/autoware_map_msgs/include/autoware_map_msgs/autoware_map_msgs/srv/detail/get_partial_point_cloud_map__type_support.h
-- Symlinking: /autoware/install/autoware_map_msgs/include/autoware_map_msgs/autoware_map_msgs/srv/get_differential_point_cloud_map.h
-- Symlinking: /autoware/install/autoware_map_msgs/include/autoware_map_msgs/autoware_map_msgs/srv/get_partial_point_cloud_map.h
-- Symlinking: /autoware/install/autoware_map_msgs/share/autoware_map_msgs/environment/library_path.sh
-- Symlinking: /autoware/install/autoware_map_msgs/share/autoware_map_msgs/environment/library_path.dsv
-- Symlinking: /autoware/install/autoware_map_msgs/include/autoware_map_msgs/autoware_map_msgs/msg/detail/area_info__rosidl_typesupport_fastrtps_c.h
-- Symlinking: /autoware/install/autoware_map_msgs/include/autoware_map_msgs/autoware_map_msgs/msg/detail/lanelet_map_bin__rosidl_typesupport_fastrtps_c.h
-- Symlinking: /autoware/install/autoware_map_msgs/include/autoware_map_msgs/autoware_map_msgs/msg/detail/point_cloud_map_cell_with_id__rosidl_typesupport_fastrtps_c.h
-- Symlinking: /autoware/install/autoware_map_msgs/include/autoware_map_msgs/autoware_map_msgs/msg/rosidl_typesupport_fastrtps_c__visibility_control.h
-- Symlinking: /autoware/install/autoware_map_msgs/include/autoware_map_msgs/autoware_map_msgs/srv/detail/get_differential_point_cloud_map__rosidl_typesupport_fastrtps_c.h
-- Symlinking: /autoware/install/autoware_map_msgs/include/autoware_map_msgs/autoware_map_msgs/srv/detail/get_partial_point_cloud_map__rosidl_typesupport_fastrtps_c.h
-- Symlinking: /autoware/install/autoware_map_msgs/include/autoware_map_msgs/autoware_map_msgs/msg/area_info.hpp
-- Symlinking: /autoware/install/autoware_map_msgs/include/autoware_map_msgs/autoware_map_msgs/msg/detail/area_info__builder.hpp
-- Symlinking: /autoware/install/autoware_map_msgs/include/autoware_map_msgs/autoware_map_msgs/msg/detail/area_info__struct.hpp
-- Symlinking: /autoware/install/autoware_map_msgs/include/autoware_map_msgs/autoware_map_msgs/msg/detail/area_info__traits.hpp
-- Symlinking: /autoware/install/autoware_map_msgs/include/autoware_map_msgs/autoware_map_msgs/msg/detail/lanelet_map_bin__builder.hpp
-- Symlinking: /autoware/install/autoware_map_msgs/include/autoware_map_msgs/autoware_map_msgs/msg/detail/lanelet_map_bin__struct.hpp
-- Symlinking: /autoware/install/autoware_map_msgs/include/autoware_map_msgs/autoware_map_msgs/msg/detail/lanelet_map_bin__traits.hpp
-- Symlinking: /autoware/install/autoware_map_msgs/include/autoware_map_msgs/autoware_map_msgs/msg/detail/point_cloud_map_cell_with_id__builder.hpp
-- Symlinking: /autoware/install/autoware_map_msgs/include/autoware_map_msgs/autoware_map_msgs/msg/detail/point_cloud_map_cell_with_id__struct.hpp
-- Symlinking: /autoware/install/autoware_map_msgs/include/autoware_map_msgs/autoware_map_msgs/msg/detail/point_cloud_map_cell_with_id__traits.hpp
-- Symlinking: /autoware/install/autoware_map_msgs/include/autoware_map_msgs/autoware_map_msgs/msg/lanelet_map_bin.hpp
-- Symlinking: /autoware/install/autoware_map_msgs/include/autoware_map_msgs/autoware_map_msgs/msg/point_cloud_map_cell_with_id.hpp
-- Symlinking: /autoware/install/autoware_map_msgs/include/autoware_map_msgs/autoware_map_msgs/srv/detail/get_differential_point_cloud_map__builder.hpp
-- Symlinking: /autoware/install/autoware_map_msgs/include/autoware_map_msgs/autoware_map_msgs/srv/detail/get_differential_point_cloud_map__struct.hpp
-- Symlinking: /autoware/install/autoware_map_msgs/include/autoware_map_msgs/autoware_map_msgs/srv/detail/get_differential_point_cloud_map__traits.hpp
-- Symlinking: /autoware/install/autoware_map_msgs/include/autoware_map_msgs/autoware_map_msgs/srv/detail/get_partial_point_cloud_map__builder.hpp
-- Symlinking: /autoware/install/autoware_map_msgs/include/autoware_map_msgs/autoware_map_msgs/srv/detail/get_partial_point_cloud_map__struct.hpp
-- Symlinking: /autoware/install/autoware_map_msgs/include/autoware_map_msgs/autoware_map_msgs/srv/detail/get_partial_point_cloud_map__traits.hpp
-- Symlinking: /autoware/install/autoware_map_msgs/include/autoware_map_msgs/autoware_map_msgs/srv/get_differential_point_cloud_map.hpp
-- Symlinking: /autoware/install/autoware_map_msgs/include/autoware_map_msgs/autoware_map_msgs/srv/get_partial_point_cloud_map.hpp
-- Symlinking: /autoware/install/autoware_map_msgs/include/autoware_map_msgs/autoware_map_msgs/msg/detail/area_info__rosidl_typesupport_fastrtps_cpp.hpp
-- Symlinking: /autoware/install/autoware_map_msgs/include/autoware_map_msgs/autoware_map_msgs/msg/detail/lanelet_map_bin__rosidl_typesupport_fastrtps_cpp.hpp
-- Symlinking: /autoware/install/autoware_map_msgs/include/autoware_map_msgs/autoware_map_msgs/msg/detail/point_cloud_map_cell_with_id__rosidl_typesupport_fastrtps_cpp.hpp
-- Symlinking: /autoware/install/autoware_map_msgs/include/autoware_map_msgs/autoware_map_msgs/msg/rosidl_typesupport_fastrtps_cpp__visibility_control.h
-- Symlinking: /autoware/install/autoware_map_msgs/include/autoware_map_msgs/autoware_map_msgs/srv/detail/get_differential_point_cloud_map__rosidl_typesupport_fastrtps_cpp.hpp
-- Symlinking: /autoware/install/autoware_map_msgs/include/autoware_map_msgs/autoware_map_msgs/srv/detail/get_partial_point_cloud_map__rosidl_typesupport_fastrtps_cpp.hpp
-- Symlinking: /autoware/install/autoware_map_msgs/include/autoware_map_msgs/autoware_map_msgs/msg/detail/area_info__rosidl_typesupport_introspection_c.h
-- Symlinking: /autoware/install/autoware_map_msgs/include/autoware_map_msgs/autoware_map_msgs/msg/detail/lanelet_map_bin__rosidl_typesupport_introspection_c.h
-- Symlinking: /autoware/install/autoware_map_msgs/include/autoware_map_msgs/autoware_map_msgs/msg/detail/point_cloud_map_cell_with_id__rosidl_typesupport_introspection_c.h
-- Symlinking: /autoware/install/autoware_map_msgs/include/autoware_map_msgs/autoware_map_msgs/msg/rosidl_typesupport_introspection_c__visibility_control.h
-- Symlinking: /autoware/install/autoware_map_msgs/include/autoware_map_msgs/autoware_map_msgs/srv/detail/get_differential_point_cloud_map__rosidl_typesupport_introspection_c.h
-- Symlinking: /autoware/install/autoware_map_msgs/include/autoware_map_msgs/autoware_map_msgs/srv/detail/get_partial_point_cloud_map__rosidl_typesupport_introspection_c.h
-- Symlinking: /autoware/install/autoware_map_msgs/include/autoware_map_msgs/autoware_map_msgs/msg/detail/area_info__rosidl_typesupport_introspection_cpp.hpp
-- Symlinking: /autoware/install/autoware_map_msgs/include/autoware_map_msgs/autoware_map_msgs/msg/detail/lanelet_map_bin__rosidl_typesupport_introspection_cpp.hpp
-- Symlinking: /autoware/install/autoware_map_msgs/include/autoware_map_msgs/autoware_map_msgs/msg/detail/point_cloud_map_cell_with_id__rosidl_typesupport_introspection_cpp.hpp
-- Symlinking: /autoware/install/autoware_map_msgs/include/autoware_map_msgs/autoware_map_msgs/srv/detail/get_differential_point_cloud_map__rosidl_typesupport_introspection_cpp.hpp
-- Symlinking: /autoware/install/autoware_map_msgs/include/autoware_map_msgs/autoware_map_msgs/srv/detail/get_partial_point_cloud_map__rosidl_typesupport_introspection_cpp.hpp
-- Symlinking: /autoware/install/autoware_map_msgs/share/autoware_map_msgs/environment/pythonpath.sh
-- Symlinking: /autoware/install/autoware_map_msgs/share/autoware_map_msgs/environment/pythonpath.dsv
-- Symlinking: /autoware/install/autoware_map_msgs/local/lib/python3.10/dist-packages/autoware_map_msgs-1.0.0-py3.10.egg-info/PKG-INFO
-- Symlinking: /autoware/install/autoware_map_msgs/local/lib/python3.10/dist-packages/autoware_map_msgs-1.0.0-py3.10.egg-info/SOURCES.txt
-- Symlinking: /autoware/install/autoware_map_msgs/local/lib/python3.10/dist-packages/autoware_map_msgs-1.0.0-py3.10.egg-info/dependency_links.txt
-- Symlinking: /autoware/install/autoware_map_msgs/local/lib/python3.10/dist-packages/autoware_map_msgs-1.0.0-py3.10.egg-info/top_level.txt
-- Symlinking: /autoware/install/autoware_map_msgs/local/lib/python3.10/dist-packages/autoware_map_msgs/__init__.py
-- Symlinking: /autoware/install/autoware_map_msgs/local/lib/python3.10/dist-packages/autoware_map_msgs/_autoware_map_msgs_s.ep.rosidl_typesupport_c.c
-- Symlinking: /autoware/install/autoware_map_msgs/local/lib/python3.10/dist-packages/autoware_map_msgs/_autoware_map_msgs_s.ep.rosidl_typesupport_fastrtps_c.c
-- Symlinking: /autoware/install/autoware_map_msgs/local/lib/python3.10/dist-packages/autoware_map_msgs/_autoware_map_msgs_s.ep.rosidl_typesupport_introspection_c.c
-- Symlinking: /autoware/install/autoware_map_msgs/local/lib/python3.10/dist-packages/autoware_map_msgs/autoware_map_msgs_s__rosidl_typesupport_c.cpython-310-x86_64-linux-gnu.so
-- Symlinking: /autoware/install/autoware_map_msgs/local/lib/python3.10/dist-packages/autoware_map_msgs/autoware_map_msgs_s__rosidl_typesupport_fastrtps_c.cpython-310-x86_64-linux-gnu.so
-- Symlinking: /autoware/install/autoware_map_msgs/local/lib/python3.10/dist-packages/autoware_map_msgs/autoware_map_msgs_s__rosidl_typesupport_introspection_c.cpython-310-x86_64-linux-gnu.so
-- Symlinking: /autoware/install/autoware_map_msgs/local/lib/python3.10/dist-packages/autoware_map_msgs/libautoware_map_msgs__rosidl_generator_py.so
-- Symlinking: /autoware/install/autoware_map_msgs/local/lib/python3.10/dist-packages/autoware_map_msgs/msg/__init__.py
-- Symlinking: /autoware/install/autoware_map_msgs/local/lib/python3.10/dist-packages/autoware_map_msgs/msg/_area_info.py
-- Symlinking: /autoware/install/autoware_map_msgs/local/lib/python3.10/dist-packages/autoware_map_msgs/msg/_area_info_s.c
-- Symlinking: /autoware/install/autoware_map_msgs/local/lib/python3.10/dist-packages/autoware_map_msgs/msg/_lanelet_map_bin.py
-- Symlinking: /autoware/install/autoware_map_msgs/local/lib/python3.10/dist-packages/autoware_map_msgs/msg/_lanelet_map_bin_s.c
-- Symlinking: /autoware/install/autoware_map_msgs/local/lib/python3.10/dist-packages/autoware_map_msgs/msg/_point_cloud_map_cell_with_id.py
-- Symlinking: /autoware/install/autoware_map_msgs/local/lib/python3.10/dist-packages/autoware_map_msgs/msg/_point_cloud_map_cell_with_id_s.c
-- Symlinking: /autoware/install/autoware_map_msgs/local/lib/python3.10/dist-packages/autoware_map_msgs/srv/__init__.py
-- Symlinking: /autoware/install/autoware_map_msgs/local/lib/python3.10/dist-packages/autoware_map_msgs/srv/_get_differential_point_cloud_map.py
-- Symlinking: /autoware/install/autoware_map_msgs/local/lib/python3.10/dist-packages/autoware_map_msgs/srv/_get_differential_point_cloud_map_s.c
-- Symlinking: /autoware/install/autoware_map_msgs/local/lib/python3.10/dist-packages/autoware_map_msgs/srv/_get_partial_point_cloud_map.py
-- Symlinking: /autoware/install/autoware_map_msgs/local/lib/python3.10/dist-packages/autoware_map_msgs/srv/_get_partial_point_cloud_map_s.c
-- Up-to-date symlink: /autoware/install/autoware_map_msgs/local/lib/python3.10/dist-packages/autoware_map_msgs/autoware_map_msgs_s__rosidl_typesupport_fastrtps_c.cpython-310-x86_64-linux-gnu.so
-- Up-to-date symlink: /autoware/install/autoware_map_msgs/local/lib/python3.10/dist-packages/autoware_map_msgs/autoware_map_msgs_s__rosidl_typesupport_introspection_c.cpython-310-x86_64-linux-gnu.so
-- Up-to-date symlink: /autoware/install/autoware_map_msgs/local/lib/python3.10/dist-packages/autoware_map_msgs/autoware_map_msgs_s__rosidl_typesupport_c.cpython-310-x86_64-linux-gnu.so
-- Symlinking: /autoware/install/autoware_map_msgs/share/autoware_map_msgs/msg/AreaInfo.idl
-- Symlinking: /autoware/install/autoware_map_msgs/share/autoware_map_msgs/msg/LaneletMapBin.idl
-- Symlinking: /autoware/install/autoware_map_msgs/share/autoware_map_msgs/msg/PointCloudMapCellWithID.idl
-- Symlinking: /autoware/install/autoware_map_msgs/share/autoware_map_msgs/srv/GetPartialPointCloudMap.idl
-- Symlinking: /autoware/install/autoware_map_msgs/share/autoware_map_msgs/srv/GetDifferentialPointCloudMap.idl
-- Symlinking: /autoware/install/autoware_map_msgs/share/autoware_map_msgs/msg/AreaInfo.msg
-- Symlinking: /autoware/install/autoware_map_msgs/share/autoware_map_msgs/msg/LaneletMapBin.msg
-- Symlinking: /autoware/install/autoware_map_msgs/share/autoware_map_msgs/msg/PointCloudMapCellWithID.msg
-- Symlinking: /autoware/install/autoware_map_msgs/share/autoware_map_msgs/srv/GetPartialPointCloudMap.srv
-- Symlinking: /autoware/install/autoware_map_msgs/share/autoware_map_msgs/srv/GetPartialPointCloudMap_Request.msg
-- Symlinking: /autoware/install/autoware_map_msgs/share/autoware_map_msgs/srv/GetPartialPointCloudMap_Response.msg
-- Symlinking: /autoware/install/autoware_map_msgs/share/autoware_map_msgs/srv/GetDifferentialPointCloudMap.srv
-- Symlinking: /autoware/install/autoware_map_msgs/share/autoware_map_msgs/srv/GetDifferentialPointCloudMap_Request.msg
-- Symlinking: /autoware/install/autoware_map_msgs/share/autoware_map_msgs/srv/GetDifferentialPointCloudMap_Response.msg
-- Symlinking: /autoware/install/autoware_map_msgs/share/ament_index/resource_index/package_run_dependencies/autoware_map_msgs
-- Symlinking: /autoware/install/autoware_map_msgs/share/ament_index/resource_index/parent_prefix_path/autoware_map_msgs
-- Symlinking: /autoware/install/autoware_map_msgs/share/autoware_map_msgs/environment/ament_prefix_path.sh
-- Symlinking: /autoware/install/autoware_map_msgs/share/autoware_map_msgs/environment/ament_prefix_path.dsv
-- Symlinking: /autoware/install/autoware_map_msgs/share/autoware_map_msgs/environment/path.sh
-- Symlinking: /autoware/install/autoware_map_msgs/share/autoware_map_msgs/environment/path.dsv
-- Symlinking: /autoware/install/autoware_map_msgs/share/autoware_map_msgs/local_setup.bash
-- Symlinking: /autoware/install/autoware_map_msgs/share/autoware_map_msgs/local_setup.sh
-- Symlinking: /autoware/install/autoware_map_msgs/share/autoware_map_msgs/local_setup.zsh
-- Symlinking: /autoware/install/autoware_map_msgs/share/autoware_map_msgs/local_setup.dsv
-- Symlinking: /autoware/install/autoware_map_msgs/share/autoware_map_msgs/package.dsv
-- Symlinking: /autoware/install/autoware_map_msgs/share/ament_index/resource_index/packages/autoware_map_msgs
-- Symlinking: /autoware/install/autoware_map_msgs/share/autoware_map_msgs/cmake/rosidl_cmake-extras.cmake
-- Symlinking: /autoware/install/autoware_map_msgs/share/autoware_map_msgs/cmake/ament_cmake_export_dependencies-extras.cmake
-- Symlinking: /autoware/install/autoware_map_msgs/share/autoware_map_msgs/cmake/ament_cmake_export_include_directories-extras.cmake
-- Symlinking: /autoware/install/autoware_map_msgs/share/autoware_map_msgs/cmake/ament_cmake_export_libraries-extras.cmake
-- Symlinking: /autoware/install/autoware_map_msgs/share/autoware_map_msgs/cmake/ament_cmake_export_targets-extras.cmake
-- Symlinking: /autoware/install/autoware_map_msgs/share/autoware_map_msgs/cmake/rosidl_cmake_export_typesupport_targets-extras.cmake
-- Symlinking: /autoware/install/autoware_map_msgs/share/autoware_map_msgs/cmake/rosidl_cmake_export_typesupport_libraries-extras.cmake
-- Symlinking: /autoware/install/autoware_map_msgs/share/autoware_map_msgs/cmake/autoware_map_msgsConfig.cmake
-- Symlinking: /autoware/install/autoware_map_msgs/share/autoware_map_msgs/cmake/autoware_map_msgsConfig-version.cmake
-- Symlinking: /autoware/install/autoware_map_msgs/share/autoware_map_msgs/package.xml
-- Installing: /autoware/install/autoware_map_msgs/lib/libautoware_map_msgs__rosidl_generator_c.so
-- Set runtime path of "/autoware/install/autoware_map_msgs/lib/libautoware_map_msgs__rosidl_generator_c.so" to ""
-- Installing: /autoware/install/autoware_map_msgs/lib/libautoware_map_msgs__rosidl_typesupport_fastrtps_c.so
-- Set runtime path of "/autoware/install/autoware_map_msgs/lib/libautoware_map_msgs__rosidl_typesupport_fastrtps_c.so" to ""
-- Installing: /autoware/install/autoware_map_msgs/lib/libautoware_map_msgs__rosidl_typesupport_fastrtps_cpp.so
-- Set runtime path of "/autoware/install/autoware_map_msgs/lib/libautoware_map_msgs__rosidl_typesupport_fastrtps_cpp.so" to ""
-- Installing: /autoware/install/autoware_map_msgs/lib/libautoware_map_msgs__rosidl_typesupport_introspection_c.so
-- Set runtime path of "/autoware/install/autoware_map_msgs/lib/libautoware_map_msgs__rosidl_typesupport_introspection_c.so" to ""
-- Installing: /autoware/install/autoware_map_msgs/lib/libautoware_map_msgs__rosidl_typesupport_c.so
-- Set runtime path of "/autoware/install/autoware_map_msgs/lib/libautoware_map_msgs__rosidl_typesupport_c.so" to ""
-- Installing: /autoware/install/autoware_map_msgs/lib/libautoware_map_msgs__rosidl_typesupport_introspection_cpp.so
-- Set runtime path of "/autoware/install/autoware_map_msgs/lib/libautoware_map_msgs__rosidl_typesupport_introspection_cpp.so" to ""
-- Installing: /autoware/install/autoware_map_msgs/lib/libautoware_map_msgs__rosidl_typesupport_cpp.so
-- Set runtime path of "/autoware/install/autoware_map_msgs/lib/libautoware_map_msgs__rosidl_typesupport_cpp.so" to ""
Listing '/autoware/install/autoware_map_msgs/local/lib/python3.10/dist-packages/autoware_map_msgs'...
Compiling '/autoware/install/autoware_map_msgs/local/lib/python3.10/dist-packages/autoware_map_msgs/__init__.py'...
Listing '/autoware/install/autoware_map_msgs/local/lib/python3.10/dist-packages/autoware_map_msgs/msg'...
Compiling '/autoware/install/autoware_map_msgs/local/lib/python3.10/dist-packages/autoware_map_msgs/msg/__init__.py'...
Compiling '/autoware/install/autoware_map_msgs/local/lib/python3.10/dist-packages/autoware_map_msgs/msg/_area_info.py'...
Compiling '/autoware/install/autoware_map_msgs/local/lib/python3.10/dist-packages/autoware_map_msgs/msg/_lanelet_map_bin.py'...
Compiling '/autoware/install/autoware_map_msgs/local/lib/python3.10/dist-packages/autoware_map_msgs/msg/_point_cloud_map_cell_with_id.py'...
Listing '/autoware/install/autoware_map_msgs/local/lib/python3.10/dist-packages/autoware_map_msgs/srv'...
Compiling '/autoware/install/autoware_map_msgs/local/lib/python3.10/dist-packages/autoware_map_msgs/srv/__init__.py'...
Compiling '/autoware/install/autoware_map_msgs/local/lib/python3.10/dist-packages/autoware_map_msgs/srv/_get_differential_point_cloud_map.py'...
Compiling '/autoware/install/autoware_map_msgs/local/lib/python3.10/dist-packages/autoware_map_msgs/srv/_get_partial_point_cloud_map.py'...
-- Installing: /autoware/install/autoware_map_msgs/lib/libautoware_map_msgs__rosidl_generator_py.so
-- Set runtime path of "/autoware/install/autoware_map_msgs/lib/libautoware_map_msgs__rosidl_generator_py.so" to ""
-- Installing: /autoware/install/autoware_map_msgs/share/autoware_map_msgs/cmake/export_autoware_map_msgs__rosidl_generator_cExport.cmake
-- Installing: /autoware/install/autoware_map_msgs/share/autoware_map_msgs/cmake/export_autoware_map_msgs__rosidl_generator_cExport-release.cmake
-- Installing: /autoware/install/autoware_map_msgs/share/autoware_map_msgs/cmake/export_autoware_map_msgs__rosidl_typesupport_fastrtps_cExport.cmake
-- Installing: /autoware/install/autoware_map_msgs/share/autoware_map_msgs/cmake/export_autoware_map_msgs__rosidl_typesupport_fastrtps_cExport-release.cmake
-- Installing: /autoware/install/autoware_map_msgs/share/autoware_map_msgs/cmake/export_autoware_map_msgs__rosidl_generator_cppExport.cmake
-- Installing: /autoware/install/autoware_map_msgs/share/autoware_map_msgs/cmake/export_autoware_map_msgs__rosidl_typesupport_fastrtps_cppExport.cmake
-- Installing: /autoware/install/autoware_map_msgs/share/autoware_map_msgs/cmake/export_autoware_map_msgs__rosidl_typesupport_fastrtps_cppExport-release.cmake
-- Installing: /autoware/install/autoware_map_msgs/share/autoware_map_msgs/cmake/autoware_map_msgs__rosidl_typesupport_introspection_cExport.cmake
-- Installing: /autoware/install/autoware_map_msgs/share/autoware_map_msgs/cmake/autoware_map_msgs__rosidl_typesupport_introspection_cExport-release.cmake
-- Installing: /autoware/install/autoware_map_msgs/share/autoware_map_msgs/cmake/autoware_map_msgs__rosidl_typesupport_cExport.cmake
-- Installing: /autoware/install/autoware_map_msgs/share/autoware_map_msgs/cmake/autoware_map_msgs__rosidl_typesupport_cExport-release.cmake
-- Installing: /autoware/install/autoware_map_msgs/share/autoware_map_msgs/cmake/autoware_map_msgs__rosidl_typesupport_introspection_cppExport.cmake
-- Installing: /autoware/install/autoware_map_msgs/share/autoware_map_msgs/cmake/autoware_map_msgs__rosidl_typesupport_introspection_cppExport-release.cmake
-- Installing: /autoware/install/autoware_map_msgs/share/autoware_map_msgs/cmake/autoware_map_msgs__rosidl_typesupport_cppExport.cmake
-- Installing: /autoware/install/autoware_map_msgs/share/autoware_map_msgs/cmake/autoware_map_msgs__rosidl_typesupport_cppExport-release.cmake
-- Installing: /autoware/install/autoware_map_msgs/share/autoware_map_msgs/cmake/export_autoware_map_msgs__rosidl_generator_pyExport.cmake
-- Installing: /autoware/install/autoware_map_msgs/share/autoware_map_msgs/cmake/export_autoware_map_msgs__rosidl_generator_pyExport-release.cmake
