[0.141s] Invoking command in '/autoware/build/autoware_map_msgs': CMAKE_PREFIX_PATH=/opt/ros/humble /usr/bin/cmake /autoware/src/core/autoware_msgs/autoware_map_msgs -DCMAKE_BUILD_TYPE=Release -DAMENT_CMAKE_SYMLINK_INSTALL=1 -DCMAKE_INSTALL_PREFIX=/autoware/install/autoware_map_msgs
[0.197s] -- The C compiler identification is GNU 11.3.0
[0.222s] -- The CXX compiler identification is GNU 11.3.0
[0.230s] -- Detecting C compiler ABI info
[0.283s] -- Detecting C compiler ABI info - done
[0.290s] -- Check for working C compiler: /usr/bin/cc - skipped
[0.290s] -- Detecting C compile features
[0.290s] -- Detecting C compile features - done
[0.293s] -- Detecting CXX compiler ABI info
[0.356s] -- Detecting CXX compiler ABI info - done
[0.363s] -- Check for working CXX compiler: /usr/bin/c++ - skipped
[0.363s] -- Detecting CXX compile features
[0.364s] -- Detecting CXX compile features - done
[0.366s] -- Found ament_cmake_auto: 1.3.2 (/opt/ros/humble/share/ament_cmake_auto/cmake)
[0.525s] -- Found Python3: /usr/bin/python3.10 (found version "3.10.6") found components: Interpreter 
[0.621s] -- Override CMake install command with custom implementation using symlinks instead of copying resources
[0.719s] -- Found rosidl_generator_c: 3.1.3 (/opt/ros/humble/share/rosidl_generator_c/cmake)
[0.724s] -- Found rosidl_adapter: 3.1.3 (/opt/ros/humble/share/rosidl_adapter/cmake)
[0.733s] -- Found rosidl_generator_cpp: 3.1.3 (/opt/ros/humble/share/rosidl_generator_cpp/cmake)
[0.747s] -- Using all available rosidl_typesupport_c: rosidl_typesupport_fastrtps_c;rosidl_typesupport_introspection_c
[0.765s] -- Using all available rosidl_typesupport_cpp: rosidl_typesupport_fastrtps_cpp;rosidl_typesupport_introspection_cpp
[1.241s] -- Found ament_cmake_cppcheck: 0.12.4 (/opt/ros/humble/share/ament_cmake_cppcheck/cmake)
[1.243s] -- Found ament_cmake_cpplint: 0.12.4 (/opt/ros/humble/share/ament_cmake_cpplint/cmake)
[1.245s] -- Found ament_cmake_uncrustify: 0.12.4 (/opt/ros/humble/share/ament_cmake_uncrustify/cmake)
[1.247s] -- Found ament_cmake_ros: 0.10.0 (/opt/ros/humble/share/ament_cmake_ros/cmake)
[1.696s] -- Using all available rosidl_typesupport_c: rosidl_typesupport_fastrtps_c;rosidl_typesupport_introspection_c
[1.930s] -- Using all available rosidl_typesupport_cpp: rosidl_typesupport_fastrtps_cpp;rosidl_typesupport_introspection_cpp
[1.959s] -- Found PythonInterp: /usr/bin/python3 (found suitable version "3.10.6", minimum required is "3.6") 
[1.961s] -- Found python_cmake_module: 0.10.0 (/opt/ros/humble/share/python_cmake_module/cmake)
[1.997s] -- Found PythonLibs: /usr/lib/x86_64-linux-gnu/libpython3.10.so (found suitable version "3.10.6", minimum required is "3.5") 
[1.997s] -- Using PYTHON_EXECUTABLE: /usr/bin/python3
[1.997s] -- Using PYTHON_INCLUDE_DIRS: /usr/include/python3.10
[1.997s] -- Using PYTHON_LIBRARIES: /usr/lib/x86_64-linux-gnu/libpython3.10.so
[2.026s] -- Found PythonExtra: .so  
[2.152s] -- Found ament_cmake_flake8: 0.12.4 (/opt/ros/humble/share/ament_cmake_flake8/cmake)
[2.155s] -- Found ament_cmake_pep257: 0.12.4 (/opt/ros/humble/share/ament_cmake_pep257/cmake)
[2.162s] -- Found ament_lint_auto: 0.12.4 (/opt/ros/humble/share/ament_lint_auto/cmake)
[2.192s] -- Added test 'copyright' to check source files copyright and LICENSE
[2.192s] -- Added test 'lint_cmake' to check CMake code style
[2.193s] -- Added test 'xmllint' to check XML markup files
[2.200s] -- Configuring done
[2.278s] -- Generating done
[2.283s] -- Build files have been written to: /autoware/build/autoware_map_msgs
[2.296s] Invoked command in '/autoware/build/autoware_map_msgs' returned '0': CMAKE_PREFIX_PATH=/opt/ros/humble /usr/bin/cmake /autoware/src/core/autoware_msgs/autoware_map_msgs -DCMAKE_BUILD_TYPE=Release -DAMENT_CMAKE_SYMLINK_INSTALL=1 -DCMAKE_INSTALL_PREFIX=/autoware/install/autoware_map_msgs
[2.296s] Invoking command in '/autoware/build/autoware_map_msgs': CMAKE_PREFIX_PATH=/opt/ros/humble /usr/bin/cmake --build /autoware/build/autoware_map_msgs -- -j64 -l64
[2.349s] [  1%] Generating C code for ROS interfaces
[2.363s] [  3%] Generating C++ code for ROS interfaces
[2.373s] [  3%] Built target ament_cmake_python_symlink_autoware_map_msgs
[2.805s] running egg_info
[2.806s] creating autoware_map_msgs.egg-info
[2.806s] writing autoware_map_msgs.egg-info/PKG-INFO
[2.806s] writing dependency_links to autoware_map_msgs.egg-info/dependency_links.txt
[2.806s] writing top-level names to autoware_map_msgs.egg-info/top_level.txt
[2.807s] writing manifest file 'autoware_map_msgs.egg-info/SOURCES.txt'
[2.810s] reading manifest file 'autoware_map_msgs.egg-info/SOURCES.txt'
[2.811s] writing manifest file 'autoware_map_msgs.egg-info/SOURCES.txt'
[2.846s] [  3%] Built target ament_cmake_python_build_autoware_map_msgs_egg
[3.897s] [  3%] Built target autoware_map_msgs__cpp
[3.929s] [  4%] Generating C++ introspection for ROS interfaces
[3.936s] [  6%] Generating C++ type support for eProsima Fast-RTPS
[3.961s] [  7%] Generating C++ type support dispatch for ROS interfaces
[4.068s] [  9%] Building C object CMakeFiles/autoware_map_msgs__rosidl_generator_c.dir/rosidl_generator_c/autoware_map_msgs/msg/detail/area_info__functions.c.o
[4.106s] [ 11%] Building C object CMakeFiles/autoware_map_msgs__rosidl_generator_c.dir/rosidl_generator_c/autoware_map_msgs/msg/detail/lanelet_map_bin__functions.c.o
[4.113s] [ 12%] Building C object CMakeFiles/autoware_map_msgs__rosidl_generator_c.dir/rosidl_generator_c/autoware_map_msgs/msg/detail/point_cloud_map_cell_with_id__functions.c.o
[4.152s] [ 14%] Building C object CMakeFiles/autoware_map_msgs__rosidl_generator_c.dir/rosidl_generator_c/autoware_map_msgs/srv/detail/get_partial_point_cloud_map__functions.c.o
[4.208s] [ 15%] Building C object CMakeFiles/autoware_map_msgs__rosidl_generator_c.dir/rosidl_generator_c/autoware_map_msgs/srv/detail/get_differential_point_cloud_map__functions.c.o
[4.519s] [ 17%] Linking C shared library libautoware_map_msgs__rosidl_generator_c.so
[4.573s] [ 17%] Built target autoware_map_msgs__rosidl_generator_c
[4.590s] [ 19%] Generating C introspection for ROS interfaces
[4.595s] [ 20%] Generating C type support for eProsima Fast-RTPS
[4.603s] [ 22%] Generating C type support dispatch for ROS interfaces
[5.133s] [ 23%] Building CXX object CMakeFiles/autoware_map_msgs__rosidl_typesupport_cpp.dir/rosidl_typesupport_cpp/autoware_map_msgs/msg/area_info__type_support.cpp.o
[5.134s] [ 25%] Building CXX object CMakeFiles/autoware_map_msgs__rosidl_typesupport_cpp.dir/rosidl_typesupport_cpp/autoware_map_msgs/msg/lanelet_map_bin__type_support.cpp.o
[5.139s] [ 26%] Building CXX object CMakeFiles/autoware_map_msgs__rosidl_typesupport_cpp.dir/rosidl_typesupport_cpp/autoware_map_msgs/msg/point_cloud_map_cell_with_id__type_support.cpp.o
[5.142s] [ 28%] Building CXX object CMakeFiles/autoware_map_msgs__rosidl_typesupport_cpp.dir/rosidl_typesupport_cpp/autoware_map_msgs/srv/get_differential_point_cloud_map__type_support.cpp.o
[5.161s] [ 30%] Building CXX object CMakeFiles/autoware_map_msgs__rosidl_typesupport_cpp.dir/rosidl_typesupport_cpp/autoware_map_msgs/srv/get_partial_point_cloud_map__type_support.cpp.o
[5.494s] [ 31%] Building CXX object CMakeFiles/autoware_map_msgs__rosidl_typesupport_introspection_cpp.dir/rosidl_typesupport_introspection_cpp/autoware_map_msgs/msg/detail/area_info__type_support.cpp.o
[5.516s] [ 33%] Building CXX object CMakeFiles/autoware_map_msgs__rosidl_typesupport_introspection_cpp.dir/rosidl_typesupport_introspection_cpp/autoware_map_msgs/msg/detail/lanelet_map_bin__type_support.cpp.o
[5.519s] [ 34%] Building CXX object CMakeFiles/autoware_map_msgs__rosidl_typesupport_introspection_cpp.dir/rosidl_typesupport_introspection_cpp/autoware_map_msgs/msg/detail/point_cloud_map_cell_with_id__type_support.cpp.o
[5.570s] [ 36%] Building CXX object CMakeFiles/autoware_map_msgs__rosidl_typesupport_introspection_cpp.dir/rosidl_typesupport_introspection_cpp/autoware_map_msgs/srv/detail/get_partial_point_cloud_map__type_support.cpp.o
[5.593s] [ 38%] Building CXX object CMakeFiles/autoware_map_msgs__rosidl_typesupport_introspection_cpp.dir/rosidl_typesupport_introspection_cpp/autoware_map_msgs/srv/detail/get_differential_point_cloud_map__type_support.cpp.o
[5.599s] [ 39%] Building CXX object CMakeFiles/autoware_map_msgs__rosidl_typesupport_fastrtps_cpp.dir/rosidl_typesupport_fastrtps_cpp/autoware_map_msgs/msg/detail/dds_fastrtps/area_info__type_support.cpp.o
[5.639s] [ 41%] Building CXX object CMakeFiles/autoware_map_msgs__rosidl_typesupport_fastrtps_cpp.dir/rosidl_typesupport_fastrtps_cpp/autoware_map_msgs/msg/detail/dds_fastrtps/lanelet_map_bin__type_support.cpp.o
[5.639s] [ 42%] Building CXX object CMakeFiles/autoware_map_msgs__rosidl_typesupport_fastrtps_cpp.dir/rosidl_typesupport_fastrtps_cpp/autoware_map_msgs/msg/detail/dds_fastrtps/point_cloud_map_cell_with_id__type_support.cpp.o
[5.703s] [ 44%] Building CXX object CMakeFiles/autoware_map_msgs__rosidl_typesupport_fastrtps_cpp.dir/rosidl_typesupport_fastrtps_cpp/autoware_map_msgs/srv/detail/dds_fastrtps/get_partial_point_cloud_map__type_support.cpp.o
[5.745s] [ 46%] Linking CXX shared library libautoware_map_msgs__rosidl_typesupport_cpp.so
[5.763s] [ 47%] Building CXX object CMakeFiles/autoware_map_msgs__rosidl_typesupport_fastrtps_cpp.dir/rosidl_typesupport_fastrtps_cpp/autoware_map_msgs/srv/detail/dds_fastrtps/get_differential_point_cloud_map__type_support.cpp.o
[5.877s] [ 47%] Built target autoware_map_msgs__rosidl_typesupport_cpp
[5.992s] [ 49%] Building CXX object CMakeFiles/autoware_map_msgs__rosidl_typesupport_c.dir/rosidl_typesupport_c/autoware_map_msgs/msg/area_info__type_support.cpp.o
[6.006s] [ 50%] Building CXX object CMakeFiles/autoware_map_msgs__rosidl_typesupport_c.dir/rosidl_typesupport_c/autoware_map_msgs/msg/point_cloud_map_cell_with_id__type_support.cpp.o
[6.013s] [ 52%] Building CXX object CMakeFiles/autoware_map_msgs__rosidl_typesupport_c.dir/rosidl_typesupport_c/autoware_map_msgs/msg/lanelet_map_bin__type_support.cpp.o
[6.097s] [ 53%] Building CXX object CMakeFiles/autoware_map_msgs__rosidl_typesupport_c.dir/rosidl_typesupport_c/autoware_map_msgs/srv/get_partial_point_cloud_map__type_support.cpp.o
[6.109s] [ 55%] Building CXX object CMakeFiles/autoware_map_msgs__rosidl_typesupport_c.dir/rosidl_typesupport_c/autoware_map_msgs/srv/get_differential_point_cloud_map__type_support.cpp.o
[6.254s] [ 57%] Building C object CMakeFiles/autoware_map_msgs__rosidl_typesupport_introspection_c.dir/rosidl_typesupport_introspection_c/autoware_map_msgs/msg/detail/area_info__type_support.c.o
[6.270s] [ 58%] Building C object CMakeFiles/autoware_map_msgs__rosidl_typesupport_introspection_c.dir/rosidl_typesupport_introspection_c/autoware_map_msgs/msg/detail/lanelet_map_bin__type_support.c.o
[6.278s] [ 60%] Building C object CMakeFiles/autoware_map_msgs__rosidl_typesupport_introspection_c.dir/rosidl_typesupport_introspection_c/autoware_map_msgs/msg/detail/point_cloud_map_cell_with_id__type_support.c.o
[6.289s] [ 61%] Linking CXX shared library libautoware_map_msgs__rosidl_typesupport_c.so
[6.306s] [ 63%] Building C object CMakeFiles/autoware_map_msgs__rosidl_typesupport_introspection_c.dir/rosidl_typesupport_introspection_c/autoware_map_msgs/srv/detail/get_partial_point_cloud_map__type_support.c.o
[6.401s] [ 65%] Building C object CMakeFiles/autoware_map_msgs__rosidl_typesupport_introspection_c.dir/rosidl_typesupport_introspection_c/autoware_map_msgs/srv/detail/get_differential_point_cloud_map__type_support.c.o
[6.462s] [ 66%] Building CXX object CMakeFiles/autoware_map_msgs__rosidl_typesupport_fastrtps_c.dir/rosidl_typesupport_fastrtps_c/autoware_map_msgs/msg/detail/area_info__type_support_c.cpp.o
[6.490s] [ 68%] Building CXX object CMakeFiles/autoware_map_msgs__rosidl_typesupport_fastrtps_c.dir/rosidl_typesupport_fastrtps_c/autoware_map_msgs/msg/detail/point_cloud_map_cell_with_id__type_support_c.cpp.o
[6.494s] [ 69%] Building CXX object CMakeFiles/autoware_map_msgs__rosidl_typesupport_fastrtps_c.dir/rosidl_typesupport_fastrtps_c/autoware_map_msgs/msg/detail/lanelet_map_bin__type_support_c.cpp.o
[6.498s] [ 69%] Built target autoware_map_msgs__rosidl_typesupport_c
[6.514s] [ 71%] Building CXX object CMakeFiles/autoware_map_msgs__rosidl_typesupport_fastrtps_c.dir/rosidl_typesupport_fastrtps_c/autoware_map_msgs/srv/detail/get_partial_point_cloud_map__type_support_c.cpp.o
[6.528s] [ 73%] Building CXX object CMakeFiles/autoware_map_msgs__rosidl_typesupport_fastrtps_c.dir/rosidl_typesupport_fastrtps_c/autoware_map_msgs/srv/detail/get_differential_point_cloud_map__type_support_c.cpp.o
[6.602s] [ 74%] Linking C shared library libautoware_map_msgs__rosidl_typesupport_introspection_c.so
[6.700s] [ 74%] Built target autoware_map_msgs__rosidl_typesupport_introspection_c
[6.823s] [ 76%] Linking CXX shared library libautoware_map_msgs__rosidl_typesupport_introspection_cpp.so
[6.972s] [ 76%] Built target autoware_map_msgs__rosidl_typesupport_introspection_cpp
[7.015s] [ 77%] Linking CXX shared library libautoware_map_msgs__rosidl_typesupport_fastrtps_cpp.so
[7.157s] [ 77%] Built target autoware_map_msgs__rosidl_typesupport_fastrtps_cpp
[7.288s] [ 79%] Linking CXX shared library libautoware_map_msgs__rosidl_typesupport_fastrtps_c.so
[7.407s] [ 79%] Built target autoware_map_msgs__rosidl_typesupport_fastrtps_c
[7.450s] [ 79%] Built target autoware_map_msgs
[7.485s] [ 80%] Generating Python code for ROS interfaces
[9.326s] [ 80%] Built target autoware_map_msgs__py
[9.355s] [ 82%] Building C object CMakeFiles/autoware_map_msgs__rosidl_generator_py.dir/rosidl_generator_py/autoware_map_msgs/msg/_area_info_s.c.o
[9.355s] [ 84%] Building C object CMakeFiles/autoware_map_msgs__rosidl_generator_py.dir/rosidl_generator_py/autoware_map_msgs/msg/_lanelet_map_bin_s.c.o
[9.356s] [ 85%] Building C object CMakeFiles/autoware_map_msgs__rosidl_generator_py.dir/rosidl_generator_py/autoware_map_msgs/srv/_get_partial_point_cloud_map_s.c.o
[9.358s] [ 87%] Building C object CMakeFiles/autoware_map_msgs__rosidl_generator_py.dir/rosidl_generator_py/autoware_map_msgs/msg/_point_cloud_map_cell_with_id_s.c.o
[9.358s] [ 88%] Building C object CMakeFiles/autoware_map_msgs__rosidl_generator_py.dir/rosidl_generator_py/autoware_map_msgs/srv/_get_differential_point_cloud_map_s.c.o
[9.722s] [ 90%] Linking C shared library rosidl_generator_py/autoware_map_msgs/libautoware_map_msgs__rosidl_generator_py.so
[9.871s] [ 90%] Built target autoware_map_msgs__rosidl_generator_py
[9.987s] [ 92%] Building C object CMakeFiles/autoware_map_msgs__rosidl_typesupport_introspection_c__pyext.dir/rosidl_generator_py/autoware_map_msgs/_autoware_map_msgs_s.ep.rosidl_typesupport_introspection_c.c.o
[10.011s] [ 93%] Building C object CMakeFiles/autoware_map_msgs__rosidl_typesupport_fastrtps_c__pyext.dir/rosidl_generator_py/autoware_map_msgs/_autoware_map_msgs_s.ep.rosidl_typesupport_fastrtps_c.c.o
[10.027s] [ 95%] Building C object CMakeFiles/autoware_map_msgs__rosidl_typesupport_c__pyext.dir/rosidl_generator_py/autoware_map_msgs/_autoware_map_msgs_s.ep.rosidl_typesupport_c.c.o
[10.427s] [ 96%] Linking C shared library rosidl_generator_py/autoware_map_msgs/autoware_map_msgs_s__rosidl_typesupport_c.cpython-310-x86_64-linux-gnu.so
[10.428s] [ 98%] Linking C shared library rosidl_generator_py/autoware_map_msgs/autoware_map_msgs_s__rosidl_typesupport_introspection_c.cpython-310-x86_64-linux-gnu.so
[10.496s] [100%] Linking C shared library rosidl_generator_py/autoware_map_msgs/autoware_map_msgs_s__rosidl_typesupport_fastrtps_c.cpython-310-x86_64-linux-gnu.so
[10.565s] [100%] Built target autoware_map_msgs__rosidl_typesupport_c__pyext
[10.572s] [100%] Built target autoware_map_msgs__rosidl_typesupport_introspection_c__pyext
[10.616s] [100%] Built target autoware_map_msgs__rosidl_typesupport_fastrtps_c__pyext
[10.654s] Invoked command in '/autoware/build/autoware_map_msgs' returned '0': CMAKE_PREFIX_PATH=/opt/ros/humble /usr/bin/cmake --build /autoware/build/autoware_map_msgs -- -j64 -l64
[11.632s] Invoking command in '/autoware/build/autoware_map_msgs': CMAKE_PREFIX_PATH=/opt/ros/humble /usr/bin/cmake --install /autoware/build/autoware_map_msgs
[11.642s] -- Install configuration: "Release"
[11.643s] -- Execute custom install script
[11.644s] -- Symlinking: /autoware/install/autoware_map_msgs/share/ament_index/resource_index/rosidl_interfaces/autoware_map_msgs
[11.661s] -- Symlinking: /autoware/install/autoware_map_msgs/include/autoware_map_msgs/autoware_map_msgs/msg/area_info.h
[11.674s] -- Symlinking: /autoware/install/autoware_map_msgs/include/autoware_map_msgs/autoware_map_msgs/msg/detail/area_info__functions.h
[11.691s] -- Symlinking: /autoware/install/autoware_map_msgs/include/autoware_map_msgs/autoware_map_msgs/msg/detail/area_info__struct.h
[11.704s] -- Symlinking: /autoware/install/autoware_map_msgs/include/autoware_map_msgs/autoware_map_msgs/msg/detail/area_info__type_support.h
[11.714s] -- Symlinking: /autoware/install/autoware_map_msgs/include/autoware_map_msgs/autoware_map_msgs/msg/detail/lanelet_map_bin__functions.h
[11.726s] -- Symlinking: /autoware/install/autoware_map_msgs/include/autoware_map_msgs/autoware_map_msgs/msg/detail/lanelet_map_bin__struct.h
[11.738s] -- Symlinking: /autoware/install/autoware_map_msgs/include/autoware_map_msgs/autoware_map_msgs/msg/detail/lanelet_map_bin__type_support.h
[11.748s] -- Symlinking: /autoware/install/autoware_map_msgs/include/autoware_map_msgs/autoware_map_msgs/msg/detail/point_cloud_map_cell_with_id__functions.h
[11.759s] -- Symlinking: /autoware/install/autoware_map_msgs/include/autoware_map_msgs/autoware_map_msgs/msg/detail/point_cloud_map_cell_with_id__struct.h
[11.771s] -- Symlinking: /autoware/install/autoware_map_msgs/include/autoware_map_msgs/autoware_map_msgs/msg/detail/point_cloud_map_cell_with_id__type_support.h
[11.783s] -- Symlinking: /autoware/install/autoware_map_msgs/include/autoware_map_msgs/autoware_map_msgs/msg/lanelet_map_bin.h
[11.794s] -- Symlinking: /autoware/install/autoware_map_msgs/include/autoware_map_msgs/autoware_map_msgs/msg/point_cloud_map_cell_with_id.h
[11.805s] -- Symlinking: /autoware/install/autoware_map_msgs/include/autoware_map_msgs/autoware_map_msgs/msg/rosidl_generator_c__visibility_control.h
[11.815s] -- Symlinking: /autoware/install/autoware_map_msgs/include/autoware_map_msgs/autoware_map_msgs/srv/detail/get_differential_point_cloud_map__functions.h
[11.825s] -- Symlinking: /autoware/install/autoware_map_msgs/include/autoware_map_msgs/autoware_map_msgs/srv/detail/get_differential_point_cloud_map__struct.h
[11.837s] -- Symlinking: /autoware/install/autoware_map_msgs/include/autoware_map_msgs/autoware_map_msgs/srv/detail/get_differential_point_cloud_map__type_support.h
[11.850s] -- Symlinking: /autoware/install/autoware_map_msgs/include/autoware_map_msgs/autoware_map_msgs/srv/detail/get_partial_point_cloud_map__functions.h
[11.880s] -- Symlinking: /autoware/install/autoware_map_msgs/include/autoware_map_msgs/autoware_map_msgs/srv/detail/get_partial_point_cloud_map__struct.h
[11.896s] -- Symlinking: /autoware/install/autoware_map_msgs/include/autoware_map_msgs/autoware_map_msgs/srv/detail/get_partial_point_cloud_map__type_support.h
[11.916s] -- Symlinking: /autoware/install/autoware_map_msgs/include/autoware_map_msgs/autoware_map_msgs/srv/get_differential_point_cloud_map.h
[11.944s] -- Symlinking: /autoware/install/autoware_map_msgs/include/autoware_map_msgs/autoware_map_msgs/srv/get_partial_point_cloud_map.h
[11.967s] -- Symlinking: /autoware/install/autoware_map_msgs/share/autoware_map_msgs/environment/library_path.sh
[11.980s] -- Symlinking: /autoware/install/autoware_map_msgs/share/autoware_map_msgs/environment/library_path.dsv
[11.992s] -- Symlinking: /autoware/install/autoware_map_msgs/include/autoware_map_msgs/autoware_map_msgs/msg/detail/area_info__rosidl_typesupport_fastrtps_c.h
[12.004s] -- Symlinking: /autoware/install/autoware_map_msgs/include/autoware_map_msgs/autoware_map_msgs/msg/detail/lanelet_map_bin__rosidl_typesupport_fastrtps_c.h
[12.018s] -- Symlinking: /autoware/install/autoware_map_msgs/include/autoware_map_msgs/autoware_map_msgs/msg/detail/point_cloud_map_cell_with_id__rosidl_typesupport_fastrtps_c.h
[12.031s] -- Symlinking: /autoware/install/autoware_map_msgs/include/autoware_map_msgs/autoware_map_msgs/msg/rosidl_typesupport_fastrtps_c__visibility_control.h
[12.053s] -- Symlinking: /autoware/install/autoware_map_msgs/include/autoware_map_msgs/autoware_map_msgs/srv/detail/get_differential_point_cloud_map__rosidl_typesupport_fastrtps_c.h
[12.066s] -- Symlinking: /autoware/install/autoware_map_msgs/include/autoware_map_msgs/autoware_map_msgs/srv/detail/get_partial_point_cloud_map__rosidl_typesupport_fastrtps_c.h
[12.078s] -- Symlinking: /autoware/install/autoware_map_msgs/include/autoware_map_msgs/autoware_map_msgs/msg/area_info.hpp
[12.091s] -- Symlinking: /autoware/install/autoware_map_msgs/include/autoware_map_msgs/autoware_map_msgs/msg/detail/area_info__builder.hpp
[12.102s] -- Symlinking: /autoware/install/autoware_map_msgs/include/autoware_map_msgs/autoware_map_msgs/msg/detail/area_info__struct.hpp
[12.111s] -- Symlinking: /autoware/install/autoware_map_msgs/include/autoware_map_msgs/autoware_map_msgs/msg/detail/area_info__traits.hpp
[12.122s] -- Symlinking: /autoware/install/autoware_map_msgs/include/autoware_map_msgs/autoware_map_msgs/msg/detail/lanelet_map_bin__builder.hpp
[12.133s] -- Symlinking: /autoware/install/autoware_map_msgs/include/autoware_map_msgs/autoware_map_msgs/msg/detail/lanelet_map_bin__struct.hpp
[12.143s] -- Symlinking: /autoware/install/autoware_map_msgs/include/autoware_map_msgs/autoware_map_msgs/msg/detail/lanelet_map_bin__traits.hpp
[12.151s] -- Symlinking: /autoware/install/autoware_map_msgs/include/autoware_map_msgs/autoware_map_msgs/msg/detail/point_cloud_map_cell_with_id__builder.hpp
[12.159s] -- Symlinking: /autoware/install/autoware_map_msgs/include/autoware_map_msgs/autoware_map_msgs/msg/detail/point_cloud_map_cell_with_id__struct.hpp
[12.171s] -- Symlinking: /autoware/install/autoware_map_msgs/include/autoware_map_msgs/autoware_map_msgs/msg/detail/point_cloud_map_cell_with_id__traits.hpp
[12.178s] -- Symlinking: /autoware/install/autoware_map_msgs/include/autoware_map_msgs/autoware_map_msgs/msg/lanelet_map_bin.hpp
[12.185s] -- Symlinking: /autoware/install/autoware_map_msgs/include/autoware_map_msgs/autoware_map_msgs/msg/point_cloud_map_cell_with_id.hpp
[12.196s] -- Symlinking: /autoware/install/autoware_map_msgs/include/autoware_map_msgs/autoware_map_msgs/srv/detail/get_differential_point_cloud_map__builder.hpp
[12.204s] -- Symlinking: /autoware/install/autoware_map_msgs/include/autoware_map_msgs/autoware_map_msgs/srv/detail/get_differential_point_cloud_map__struct.hpp
[12.213s] -- Symlinking: /autoware/install/autoware_map_msgs/include/autoware_map_msgs/autoware_map_msgs/srv/detail/get_differential_point_cloud_map__traits.hpp
[12.219s] -- Symlinking: /autoware/install/autoware_map_msgs/include/autoware_map_msgs/autoware_map_msgs/srv/detail/get_partial_point_cloud_map__builder.hpp
[12.225s] -- Symlinking: /autoware/install/autoware_map_msgs/include/autoware_map_msgs/autoware_map_msgs/srv/detail/get_partial_point_cloud_map__struct.hpp
[12.231s] -- Symlinking: /autoware/install/autoware_map_msgs/include/autoware_map_msgs/autoware_map_msgs/srv/detail/get_partial_point_cloud_map__traits.hpp
[12.237s] -- Symlinking: /autoware/install/autoware_map_msgs/include/autoware_map_msgs/autoware_map_msgs/srv/get_differential_point_cloud_map.hpp
[12.244s] -- Symlinking: /autoware/install/autoware_map_msgs/include/autoware_map_msgs/autoware_map_msgs/srv/get_partial_point_cloud_map.hpp
[12.251s] -- Symlinking: /autoware/install/autoware_map_msgs/include/autoware_map_msgs/autoware_map_msgs/msg/detail/area_info__rosidl_typesupport_fastrtps_cpp.hpp
[12.257s] -- Symlinking: /autoware/install/autoware_map_msgs/include/autoware_map_msgs/autoware_map_msgs/msg/detail/lanelet_map_bin__rosidl_typesupport_fastrtps_cpp.hpp
[12.263s] -- Symlinking: /autoware/install/autoware_map_msgs/include/autoware_map_msgs/autoware_map_msgs/msg/detail/point_cloud_map_cell_with_id__rosidl_typesupport_fastrtps_cpp.hpp
[12.271s] -- Symlinking: /autoware/install/autoware_map_msgs/include/autoware_map_msgs/autoware_map_msgs/msg/rosidl_typesupport_fastrtps_cpp__visibility_control.h
[12.280s] -- Symlinking: /autoware/install/autoware_map_msgs/include/autoware_map_msgs/autoware_map_msgs/srv/detail/get_differential_point_cloud_map__rosidl_typesupport_fastrtps_cpp.hpp
[12.287s] -- Symlinking: /autoware/install/autoware_map_msgs/include/autoware_map_msgs/autoware_map_msgs/srv/detail/get_partial_point_cloud_map__rosidl_typesupport_fastrtps_cpp.hpp
[12.294s] -- Symlinking: /autoware/install/autoware_map_msgs/include/autoware_map_msgs/autoware_map_msgs/msg/detail/area_info__rosidl_typesupport_introspection_c.h
[12.302s] -- Symlinking: /autoware/install/autoware_map_msgs/include/autoware_map_msgs/autoware_map_msgs/msg/detail/lanelet_map_bin__rosidl_typesupport_introspection_c.h
[12.309s] -- Symlinking: /autoware/install/autoware_map_msgs/include/autoware_map_msgs/autoware_map_msgs/msg/detail/point_cloud_map_cell_with_id__rosidl_typesupport_introspection_c.h
[12.318s] -- Symlinking: /autoware/install/autoware_map_msgs/include/autoware_map_msgs/autoware_map_msgs/msg/rosidl_typesupport_introspection_c__visibility_control.h
[12.337s] -- Symlinking: /autoware/install/autoware_map_msgs/include/autoware_map_msgs/autoware_map_msgs/srv/detail/get_differential_point_cloud_map__rosidl_typesupport_introspection_c.h
[12.348s] -- Symlinking: /autoware/install/autoware_map_msgs/include/autoware_map_msgs/autoware_map_msgs/srv/detail/get_partial_point_cloud_map__rosidl_typesupport_introspection_c.h
[12.369s] -- Symlinking: /autoware/install/autoware_map_msgs/include/autoware_map_msgs/autoware_map_msgs/msg/detail/area_info__rosidl_typesupport_introspection_cpp.hpp
[12.387s] -- Symlinking: /autoware/install/autoware_map_msgs/include/autoware_map_msgs/autoware_map_msgs/msg/detail/lanelet_map_bin__rosidl_typesupport_introspection_cpp.hpp
[12.399s] -- Symlinking: /autoware/install/autoware_map_msgs/include/autoware_map_msgs/autoware_map_msgs/msg/detail/point_cloud_map_cell_with_id__rosidl_typesupport_introspection_cpp.hpp
[12.411s] -- Symlinking: /autoware/install/autoware_map_msgs/include/autoware_map_msgs/autoware_map_msgs/srv/detail/get_differential_point_cloud_map__rosidl_typesupport_introspection_cpp.hpp
[12.423s] -- Symlinking: /autoware/install/autoware_map_msgs/include/autoware_map_msgs/autoware_map_msgs/srv/detail/get_partial_point_cloud_map__rosidl_typesupport_introspection_cpp.hpp
[12.433s] -- Symlinking: /autoware/install/autoware_map_msgs/share/autoware_map_msgs/environment/pythonpath.sh
[12.440s] -- Symlinking: /autoware/install/autoware_map_msgs/share/autoware_map_msgs/environment/pythonpath.dsv
[12.447s] -- Symlinking: /autoware/install/autoware_map_msgs/local/lib/python3.10/dist-packages/autoware_map_msgs-1.0.0-py3.10.egg-info/PKG-INFO
[12.457s] -- Symlinking: /autoware/install/autoware_map_msgs/local/lib/python3.10/dist-packages/autoware_map_msgs-1.0.0-py3.10.egg-info/SOURCES.txt
[12.464s] -- Symlinking: /autoware/install/autoware_map_msgs/local/lib/python3.10/dist-packages/autoware_map_msgs-1.0.0-py3.10.egg-info/dependency_links.txt
[12.471s] -- Symlinking: /autoware/install/autoware_map_msgs/local/lib/python3.10/dist-packages/autoware_map_msgs-1.0.0-py3.10.egg-info/top_level.txt
[12.482s] -- Symlinking: /autoware/install/autoware_map_msgs/local/lib/python3.10/dist-packages/autoware_map_msgs/__init__.py
[12.489s] -- Symlinking: /autoware/install/autoware_map_msgs/local/lib/python3.10/dist-packages/autoware_map_msgs/_autoware_map_msgs_s.ep.rosidl_typesupport_c.c
[12.499s] -- Symlinking: /autoware/install/autoware_map_msgs/local/lib/python3.10/dist-packages/autoware_map_msgs/_autoware_map_msgs_s.ep.rosidl_typesupport_fastrtps_c.c
[12.509s] -- Symlinking: /autoware/install/autoware_map_msgs/local/lib/python3.10/dist-packages/autoware_map_msgs/_autoware_map_msgs_s.ep.rosidl_typesupport_introspection_c.c
[12.516s] -- Symlinking: /autoware/install/autoware_map_msgs/local/lib/python3.10/dist-packages/autoware_map_msgs/autoware_map_msgs_s__rosidl_typesupport_c.cpython-310-x86_64-linux-gnu.so
[12.525s] -- Symlinking: /autoware/install/autoware_map_msgs/local/lib/python3.10/dist-packages/autoware_map_msgs/autoware_map_msgs_s__rosidl_typesupport_fastrtps_c.cpython-310-x86_64-linux-gnu.so
[12.535s] -- Symlinking: /autoware/install/autoware_map_msgs/local/lib/python3.10/dist-packages/autoware_map_msgs/autoware_map_msgs_s__rosidl_typesupport_introspection_c.cpython-310-x86_64-linux-gnu.so
[12.546s] -- Symlinking: /autoware/install/autoware_map_msgs/local/lib/python3.10/dist-packages/autoware_map_msgs/libautoware_map_msgs__rosidl_generator_py.so
[12.597s] -- Symlinking: /autoware/install/autoware_map_msgs/local/lib/python3.10/dist-packages/autoware_map_msgs/msg/__init__.py
[12.597s] -- Symlinking: /autoware/install/autoware_map_msgs/local/lib/python3.10/dist-packages/autoware_map_msgs/msg/_area_info.py
[12.616s] -- Symlinking: /autoware/install/autoware_map_msgs/local/lib/python3.10/dist-packages/autoware_map_msgs/msg/_area_info_s.c
[12.623s] -- Symlinking: /autoware/install/autoware_map_msgs/local/lib/python3.10/dist-packages/autoware_map_msgs/msg/_lanelet_map_bin.py
[12.632s] -- Symlinking: /autoware/install/autoware_map_msgs/local/lib/python3.10/dist-packages/autoware_map_msgs/msg/_lanelet_map_bin_s.c
[12.693s] -- Symlinking: /autoware/install/autoware_map_msgs/local/lib/python3.10/dist-packages/autoware_map_msgs/msg/_point_cloud_map_cell_with_id.py
[12.693s] -- Symlinking: /autoware/install/autoware_map_msgs/local/lib/python3.10/dist-packages/autoware_map_msgs/msg/_point_cloud_map_cell_with_id_s.c
[12.694s] -- Symlinking: /autoware/install/autoware_map_msgs/local/lib/python3.10/dist-packages/autoware_map_msgs/srv/__init__.py
[12.695s] -- Symlinking: /autoware/install/autoware_map_msgs/local/lib/python3.10/dist-packages/autoware_map_msgs/srv/_get_differential_point_cloud_map.py
[12.695s] -- Symlinking: /autoware/install/autoware_map_msgs/local/lib/python3.10/dist-packages/autoware_map_msgs/srv/_get_differential_point_cloud_map_s.c
[12.698s] -- Symlinking: /autoware/install/autoware_map_msgs/local/lib/python3.10/dist-packages/autoware_map_msgs/srv/_get_partial_point_cloud_map.py
[12.703s] -- Symlinking: /autoware/install/autoware_map_msgs/local/lib/python3.10/dist-packages/autoware_map_msgs/srv/_get_partial_point_cloud_map_s.c
[12.712s] -- Up-to-date symlink: /autoware/install/autoware_map_msgs/local/lib/python3.10/dist-packages/autoware_map_msgs/autoware_map_msgs_s__rosidl_typesupport_fastrtps_c.cpython-310-x86_64-linux-gnu.so
[12.712s] -- Up-to-date symlink: /autoware/install/autoware_map_msgs/local/lib/python3.10/dist-packages/autoware_map_msgs/autoware_map_msgs_s__rosidl_typesupport_introspection_c.cpython-310-x86_64-linux-gnu.so
[12.713s] -- Up-to-date symlink: /autoware/install/autoware_map_msgs/local/lib/python3.10/dist-packages/autoware_map_msgs/autoware_map_msgs_s__rosidl_typesupport_c.cpython-310-x86_64-linux-gnu.so
[12.713s] -- Symlinking: /autoware/install/autoware_map_msgs/share/autoware_map_msgs/msg/AreaInfo.idl
[12.720s] -- Symlinking: /autoware/install/autoware_map_msgs/share/autoware_map_msgs/msg/LaneletMapBin.idl
[12.729s] -- Symlinking: /autoware/install/autoware_map_msgs/share/autoware_map_msgs/msg/PointCloudMapCellWithID.idl
[12.738s] -- Symlinking: /autoware/install/autoware_map_msgs/share/autoware_map_msgs/srv/GetPartialPointCloudMap.idl
[12.749s] -- Symlinking: /autoware/install/autoware_map_msgs/share/autoware_map_msgs/srv/GetDifferentialPointCloudMap.idl
[12.759s] -- Symlinking: /autoware/install/autoware_map_msgs/share/autoware_map_msgs/msg/AreaInfo.msg
[12.766s] -- Symlinking: /autoware/install/autoware_map_msgs/share/autoware_map_msgs/msg/LaneletMapBin.msg
[12.773s] -- Symlinking: /autoware/install/autoware_map_msgs/share/autoware_map_msgs/msg/PointCloudMapCellWithID.msg
[12.784s] -- Symlinking: /autoware/install/autoware_map_msgs/share/autoware_map_msgs/srv/GetPartialPointCloudMap.srv
[12.795s] -- Symlinking: /autoware/install/autoware_map_msgs/share/autoware_map_msgs/srv/GetPartialPointCloudMap_Request.msg
[12.805s] -- Symlinking: /autoware/install/autoware_map_msgs/share/autoware_map_msgs/srv/GetPartialPointCloudMap_Response.msg
[12.813s] -- Symlinking: /autoware/install/autoware_map_msgs/share/autoware_map_msgs/srv/GetDifferentialPointCloudMap.srv
[12.823s] -- Symlinking: /autoware/install/autoware_map_msgs/share/autoware_map_msgs/srv/GetDifferentialPointCloudMap_Request.msg
[12.830s] -- Symlinking: /autoware/install/autoware_map_msgs/share/autoware_map_msgs/srv/GetDifferentialPointCloudMap_Response.msg
[12.837s] -- Symlinking: /autoware/install/autoware_map_msgs/share/ament_index/resource_index/package_run_dependencies/autoware_map_msgs
[12.846s] -- Symlinking: /autoware/install/autoware_map_msgs/share/ament_index/resource_index/parent_prefix_path/autoware_map_msgs
[12.856s] -- Symlinking: /autoware/install/autoware_map_msgs/share/autoware_map_msgs/environment/ament_prefix_path.sh
[12.864s] -- Symlinking: /autoware/install/autoware_map_msgs/share/autoware_map_msgs/environment/ament_prefix_path.dsv
[12.871s] -- Symlinking: /autoware/install/autoware_map_msgs/share/autoware_map_msgs/environment/path.sh
[12.881s] -- Symlinking: /autoware/install/autoware_map_msgs/share/autoware_map_msgs/environment/path.dsv
[12.889s] -- Symlinking: /autoware/install/autoware_map_msgs/share/autoware_map_msgs/local_setup.bash
[12.896s] -- Symlinking: /autoware/install/autoware_map_msgs/share/autoware_map_msgs/local_setup.sh
[12.903s] -- Symlinking: /autoware/install/autoware_map_msgs/share/autoware_map_msgs/local_setup.zsh
[12.911s] -- Symlinking: /autoware/install/autoware_map_msgs/share/autoware_map_msgs/local_setup.dsv
[12.919s] -- Symlinking: /autoware/install/autoware_map_msgs/share/autoware_map_msgs/package.dsv
[12.928s] -- Symlinking: /autoware/install/autoware_map_msgs/share/ament_index/resource_index/packages/autoware_map_msgs
[12.937s] -- Symlinking: /autoware/install/autoware_map_msgs/share/autoware_map_msgs/cmake/rosidl_cmake-extras.cmake
[12.947s] -- Symlinking: /autoware/install/autoware_map_msgs/share/autoware_map_msgs/cmake/ament_cmake_export_dependencies-extras.cmake
[12.955s] -- Symlinking: /autoware/install/autoware_map_msgs/share/autoware_map_msgs/cmake/ament_cmake_export_include_directories-extras.cmake
[12.967s] -- Symlinking: /autoware/install/autoware_map_msgs/share/autoware_map_msgs/cmake/ament_cmake_export_libraries-extras.cmake
[12.978s] -- Symlinking: /autoware/install/autoware_map_msgs/share/autoware_map_msgs/cmake/ament_cmake_export_targets-extras.cmake
[12.989s] -- Symlinking: /autoware/install/autoware_map_msgs/share/autoware_map_msgs/cmake/rosidl_cmake_export_typesupport_targets-extras.cmake
[13.000s] -- Symlinking: /autoware/install/autoware_map_msgs/share/autoware_map_msgs/cmake/rosidl_cmake_export_typesupport_libraries-extras.cmake
[13.010s] -- Symlinking: /autoware/install/autoware_map_msgs/share/autoware_map_msgs/cmake/autoware_map_msgsConfig.cmake
[13.022s] -- Symlinking: /autoware/install/autoware_map_msgs/share/autoware_map_msgs/cmake/autoware_map_msgsConfig-version.cmake
[13.032s] -- Symlinking: /autoware/install/autoware_map_msgs/share/autoware_map_msgs/package.xml
[13.043s] -- Installing: /autoware/install/autoware_map_msgs/lib/libautoware_map_msgs__rosidl_generator_c.so
[13.044s] -- Set runtime path of "/autoware/install/autoware_map_msgs/lib/libautoware_map_msgs__rosidl_generator_c.so" to ""
[13.044s] -- Installing: /autoware/install/autoware_map_msgs/lib/libautoware_map_msgs__rosidl_typesupport_fastrtps_c.so
[13.045s] -- Set runtime path of "/autoware/install/autoware_map_msgs/lib/libautoware_map_msgs__rosidl_typesupport_fastrtps_c.so" to ""
[13.045s] -- Installing: /autoware/install/autoware_map_msgs/lib/libautoware_map_msgs__rosidl_typesupport_fastrtps_cpp.so
[13.046s] -- Set runtime path of "/autoware/install/autoware_map_msgs/lib/libautoware_map_msgs__rosidl_typesupport_fastrtps_cpp.so" to ""
[13.046s] -- Installing: /autoware/install/autoware_map_msgs/lib/libautoware_map_msgs__rosidl_typesupport_introspection_c.so
[13.046s] -- Set runtime path of "/autoware/install/autoware_map_msgs/lib/libautoware_map_msgs__rosidl_typesupport_introspection_c.so" to ""
[13.047s] -- Installing: /autoware/install/autoware_map_msgs/lib/libautoware_map_msgs__rosidl_typesupport_c.so
[13.047s] -- Set runtime path of "/autoware/install/autoware_map_msgs/lib/libautoware_map_msgs__rosidl_typesupport_c.so" to ""
[13.047s] -- Installing: /autoware/install/autoware_map_msgs/lib/libautoware_map_msgs__rosidl_typesupport_introspection_cpp.so
[13.048s] -- Set runtime path of "/autoware/install/autoware_map_msgs/lib/libautoware_map_msgs__rosidl_typesupport_introspection_cpp.so" to ""
[13.048s] -- Installing: /autoware/install/autoware_map_msgs/lib/libautoware_map_msgs__rosidl_typesupport_cpp.so
[13.048s] -- Set runtime path of "/autoware/install/autoware_map_msgs/lib/libautoware_map_msgs__rosidl_typesupport_cpp.so" to ""
[13.100s] Listing '/autoware/install/autoware_map_msgs/local/lib/python3.10/dist-packages/autoware_map_msgs'...
[13.100s] Compiling '/autoware/install/autoware_map_msgs/local/lib/python3.10/dist-packages/autoware_map_msgs/__init__.py'...
[13.100s] Listing '/autoware/install/autoware_map_msgs/local/lib/python3.10/dist-packages/autoware_map_msgs/msg'...
[13.100s] Compiling '/autoware/install/autoware_map_msgs/local/lib/python3.10/dist-packages/autoware_map_msgs/msg/__init__.py'...
[13.100s] Compiling '/autoware/install/autoware_map_msgs/local/lib/python3.10/dist-packages/autoware_map_msgs/msg/_area_info.py'...
[13.100s] Compiling '/autoware/install/autoware_map_msgs/local/lib/python3.10/dist-packages/autoware_map_msgs/msg/_lanelet_map_bin.py'...
[13.100s] Compiling '/autoware/install/autoware_map_msgs/local/lib/python3.10/dist-packages/autoware_map_msgs/msg/_point_cloud_map_cell_with_id.py'...
[13.100s] Listing '/autoware/install/autoware_map_msgs/local/lib/python3.10/dist-packages/autoware_map_msgs/srv'...
[13.100s] Compiling '/autoware/install/autoware_map_msgs/local/lib/python3.10/dist-packages/autoware_map_msgs/srv/__init__.py'...
[13.101s] Compiling '/autoware/install/autoware_map_msgs/local/lib/python3.10/dist-packages/autoware_map_msgs/srv/_get_differential_point_cloud_map.py'...
[13.101s] Compiling '/autoware/install/autoware_map_msgs/local/lib/python3.10/dist-packages/autoware_map_msgs/srv/_get_partial_point_cloud_map.py'...
[13.105s] -- Installing: /autoware/install/autoware_map_msgs/lib/libautoware_map_msgs__rosidl_generator_py.so
[13.106s] -- Set runtime path of "/autoware/install/autoware_map_msgs/lib/libautoware_map_msgs__rosidl_generator_py.so" to ""
[13.106s] -- Installing: /autoware/install/autoware_map_msgs/share/autoware_map_msgs/cmake/export_autoware_map_msgs__rosidl_generator_cExport.cmake
[13.107s] -- Installing: /autoware/install/autoware_map_msgs/share/autoware_map_msgs/cmake/export_autoware_map_msgs__rosidl_generator_cExport-release.cmake
[13.107s] -- Installing: /autoware/install/autoware_map_msgs/share/autoware_map_msgs/cmake/export_autoware_map_msgs__rosidl_typesupport_fastrtps_cExport.cmake
[13.109s] -- Installing: /autoware/install/autoware_map_msgs/share/autoware_map_msgs/cmake/export_autoware_map_msgs__rosidl_typesupport_fastrtps_cExport-release.cmake
[13.109s] -- Installing: /autoware/install/autoware_map_msgs/share/autoware_map_msgs/cmake/export_autoware_map_msgs__rosidl_generator_cppExport.cmake
[13.110s] -- Installing: /autoware/install/autoware_map_msgs/share/autoware_map_msgs/cmake/export_autoware_map_msgs__rosidl_typesupport_fastrtps_cppExport.cmake
[13.110s] -- Installing: /autoware/install/autoware_map_msgs/share/autoware_map_msgs/cmake/export_autoware_map_msgs__rosidl_typesupport_fastrtps_cppExport-release.cmake
[13.110s] -- Installing: /autoware/install/autoware_map_msgs/share/autoware_map_msgs/cmake/autoware_map_msgs__rosidl_typesupport_introspection_cExport.cmake
[13.110s] -- Installing: /autoware/install/autoware_map_msgs/share/autoware_map_msgs/cmake/autoware_map_msgs__rosidl_typesupport_introspection_cExport-release.cmake
[13.110s] -- Installing: /autoware/install/autoware_map_msgs/share/autoware_map_msgs/cmake/autoware_map_msgs__rosidl_typesupport_cExport.cmake
[13.111s] -- Installing: /autoware/install/autoware_map_msgs/share/autoware_map_msgs/cmake/autoware_map_msgs__rosidl_typesupport_cExport-release.cmake
[13.111s] -- Installing: /autoware/install/autoware_map_msgs/share/autoware_map_msgs/cmake/autoware_map_msgs__rosidl_typesupport_introspection_cppExport.cmake
[13.111s] -- Installing: /autoware/install/autoware_map_msgs/share/autoware_map_msgs/cmake/autoware_map_msgs__rosidl_typesupport_introspection_cppExport-release.cmake
[13.111s] -- Installing: /autoware/install/autoware_map_msgs/share/autoware_map_msgs/cmake/autoware_map_msgs__rosidl_typesupport_cppExport.cmake
[13.112s] -- Installing: /autoware/install/autoware_map_msgs/share/autoware_map_msgs/cmake/autoware_map_msgs__rosidl_typesupport_cppExport-release.cmake
[13.112s] -- Installing: /autoware/install/autoware_map_msgs/share/autoware_map_msgs/cmake/export_autoware_map_msgs__rosidl_generator_pyExport.cmake
[13.112s] -- Installing: /autoware/install/autoware_map_msgs/share/autoware_map_msgs/cmake/export_autoware_map_msgs__rosidl_generator_pyExport-release.cmake
[13.119s] Invoked command in '/autoware/build/autoware_map_msgs' returned '0': CMAKE_PREFIX_PATH=/opt/ros/humble /usr/bin/cmake --install /autoware/build/autoware_map_msgs
