[0.044s] Invoking command in '/autoware/build/euclidean_cluster': AMENT_PREFIX_PATH=/autoware/install/compare_map_segmentation:/autoware/install/pointcloud_preprocessor:/autoware/install/tier4_autoware_utils:/autoware/install/tier4_perception_msgs:/autoware/install/lanelet2_extension:/autoware/install/autoware_auto_vehicle_msgs:/autoware/install/tier4_pcl_extensions:/autoware/install/autoware_utils:/autoware/install/autoware_point_types:/autoware/install/autoware_planning_msgs:/autoware/install/autoware_auto_planning_msgs:/autoware/install/autoware_auto_perception_msgs:/autoware/install/tier4_debug_msgs:/autoware/install/autoware_common_msgs:/autoware/install/autoware_cmake:/autoware/install/autoware_auto_mapping_msgs:/autoware/install/autoware_auto_geometry_msgs:/autoware/install/autoware_lint_common:/autoware/install/ament_cmake_auto:${AMENT_PREFIX_PATH} CMAKE_PREFIX_PATH=/autoware/install/compare_map_segmentation:/autoware/install/pointcloud_preprocessor:/autoware/install/tier4_autoware_utils:/autoware/install/tier4_perception_msgs:/autoware/install/lanelet2_extension:/autoware/install/autoware_auto_vehicle_msgs:/autoware/install/tier4_pcl_extensions:/autoware/install/autoware_utils:/autoware/install/autoware_point_types:/autoware/install/autoware_planning_msgs:/autoware/install/autoware_auto_planning_msgs:/autoware/install/autoware_auto_perception_msgs:/autoware/install/tier4_debug_msgs:/autoware/install/autoware_common_msgs:/autoware/install/autoware_cmake:/autoware/install/autoware_auto_mapping_msgs:/autoware/install/autoware_auto_geometry_msgs:/autoware/install/autoware_lint_common:/autoware/install/ament_cmake_auto:/opt/ros/humble LD_LIBRARY_PATH=/autoware/install/compare_map_segmentation/lib:/autoware/install/pointcloud_preprocessor/lib:/autoware/install/tier4_autoware_utils/lib:/autoware/install/tier4_perception_msgs/lib:/autoware/install/lanelet2_extension/lib:/autoware/install/autoware_auto_vehicle_msgs/lib:/autoware/install/tier4_pcl_extensions/lib:/autoware/install/autoware_utils/lib:/autoware/install/autoware_planning_msgs/lib:/autoware/install/autoware_auto_planning_msgs/lib:/autoware/install/autoware_auto_perception_msgs/lib:/autoware/install/tier4_debug_msgs/lib:/autoware/install/autoware_common_msgs/lib:/autoware/install/autoware_auto_mapping_msgs/lib:/autoware/install/autoware_auto_geometry_msgs/lib:${LD_LIBRARY_PATH} PYTHONPATH=/autoware/install/tier4_perception_msgs/local/lib/python3.10/dist-packages:/autoware/install/autoware_auto_vehicle_msgs/local/lib/python3.10/dist-packages:/autoware/install/autoware_planning_msgs/local/lib/python3.10/dist-packages:/autoware/install/autoware_auto_planning_msgs/local/lib/python3.10/dist-packages:/autoware/install/autoware_auto_perception_msgs/local/lib/python3.10/dist-packages:/autoware/install/tier4_debug_msgs/local/lib/python3.10/dist-packages:/autoware/install/autoware_common_msgs/local/lib/python3.10/dist-packages:/autoware/install/autoware_auto_mapping_msgs/local/lib/python3.10/dist-packages:/autoware/install/autoware_auto_geometry_msgs/local/lib/python3.10/dist-packages:${PYTHONPATH} /usr/bin/cmake --build /autoware/build/euclidean_cluster -- -j64 -l64
[0.075s] -- Found autoware_cmake: 0.1.0 (/autoware/install/autoware_cmake/share/autoware_cmake/cmake)
[0.076s] -- Found ament_cmake_auto: 1.3.2 (/opt/ros/humble/share/ament_cmake_auto/cmake)
[0.227s] -- Override CMake install command with custom implementation using symlinks instead of copying resources
[0.326s] -- Found rosidl_generator_c: 3.1.3 (/opt/ros/humble/share/rosidl_generator_c/cmake)
[0.328s] -- Found rosidl_adapter: 3.1.3 (/opt/ros/humble/share/rosidl_adapter/cmake)
[0.334s] -- Found rosidl_generator_cpp: 3.1.3 (/opt/ros/humble/share/rosidl_generator_cpp/cmake)
[0.344s] -- Using all available rosidl_typesupport_c: rosidl_typesupport_fastrtps_c;rosidl_typesupport_introspection_c
[0.359s] -- Using all available rosidl_typesupport_cpp: rosidl_typesupport_fastrtps_cpp;rosidl_typesupport_introspection_cpp
[0.861s] -- Found rmw_implementation_cmake: 6.1.0 (/opt/ros/humble/share/rmw_implementation_cmake/cmake)
[0.863s] -- Found rmw_fastrtps_cpp: 6.2.1 (/opt/ros/humble/share/rmw_fastrtps_cpp/cmake)
[0.997s] -- Using RMW implementation 'rmw_fastrtps_cpp' as default
[3.193s] -- Found eigen3_cmake_module: 0.1.1 (/opt/ros/humble/share/eigen3_cmake_module/cmake)
[3.194s] -- Ensuring Eigen3 include directory is part of orocos-kdl CMake target
[3.493s] -- Eigen found (include: /usr/include/eigen3, version: 3.4.0)
[3.527s] -- FLANN found (include: /usr/include, lib: /usr/lib/x86_64-linux-gnu/libflann_cpp.so)
[3.890s] -- OpenNI found (version: 1.5.4.0, include: /usr/include/ni, lib: /usr/lib/libOpenNI.so;libusb::libusb)
[3.890s] -- OpenNI2 found (version: 2.2.0.33, include: /usr/include/openni2, lib: /usr/lib/x86_64-linux-gnu/libOpenNI2.so;libusb::libusb)
[4.057s] -- Eigen found (include: /usr/include/eigen3, version: 3.4.0)
[4.063s] -- OpenNI found (version: 1.5.4.0, include: /usr/include/ni, lib: /usr/lib/libOpenNI.so;libusb::libusb)
[4.068s] -- OpenNI2 found (version: 2.2.0.33, include: /usr/include/openni2, lib: /usr/lib/x86_64-linux-gnu/libOpenNI2.so;libusb::libusb)
[4.225s] -- Found Qhull version 8.0.2
[4.384s] -- OpenNI found (version: 1.5.4.0, include: /usr/include/ni, lib: /usr/lib/libOpenNI.so;libusb::libusb)
[5.033s] -- Found mrt_cmake_modules: 1.0.9 (/opt/ros/humble/share/mrt_cmake_modules/cmake)
[8.358s] -- Found ament_lint_auto: 0.12.4 (/opt/ros/humble/share/ament_lint_auto/cmake)
[12.069s] -- Added test 'copyright' to check source files copyright and LICENSE
[12.071s] -- Added test 'cppcheck' to perform static code analysis on C / C++ code
[12.073s] -- Configured cppcheck include dirs: /autoware/src/universe/autoware.universe/perception/euclidean_cluster/include;$<BUILD_INTERFACE:/autoware/src/universe/autoware.universe/perception/euclidean_cluster/include>
[12.073s] -- Configured cppcheck exclude dirs and/or files: 
[12.073s] -- Added test 'lint_cmake' to check CMake code style
[12.074s] -- Added test 'xmllint' to check XML markup files
[12.079s] -- Configuring done
[12.398s] -- Generating done
[12.401s] -- Build files have been written to: /autoware/build/euclidean_cluster
[12.458s] Consolidate compiler generated dependencies of target euclidean_cluster_node
[12.462s] Consolidate compiler generated dependencies of target voxel_grid_based_euclidean_cluster_node
[12.477s] Consolidate compiler generated dependencies of target cluster_lib
[12.484s] [ 16%] Built target euclidean_cluster_node
[12.485s] [ 33%] Built target voxel_grid_based_euclidean_cluster_node
[12.514s] [ 41%] Linking CXX shared library libcluster_lib.so
[13.295s] [ 66%] Built target cluster_lib
[13.324s] Consolidate compiler generated dependencies of target euclidean_cluster_node_core
[13.355s] [ 75%] Linking CXX shared library libeuclidean_cluster_node_core.so
[13.967s] [ 83%] Built target euclidean_cluster_node_core
[13.995s] Consolidate compiler generated dependencies of target voxel_grid_based_euclidean_cluster_node_core
[14.026s] [ 91%] Linking CXX shared library libvoxel_grid_based_euclidean_cluster_node_core.so
[14.629s] [100%] Built target voxel_grid_based_euclidean_cluster_node_core
[14.641s] Invoked command in '/autoware/build/euclidean_cluster' returned '0': AMENT_PREFIX_PATH=/autoware/install/compare_map_segmentation:/autoware/install/pointcloud_preprocessor:/autoware/install/tier4_autoware_utils:/autoware/install/tier4_perception_msgs:/autoware/install/lanelet2_extension:/autoware/install/autoware_auto_vehicle_msgs:/autoware/install/tier4_pcl_extensions:/autoware/install/autoware_utils:/autoware/install/autoware_point_types:/autoware/install/autoware_planning_msgs:/autoware/install/autoware_auto_planning_msgs:/autoware/install/autoware_auto_perception_msgs:/autoware/install/tier4_debug_msgs:/autoware/install/autoware_common_msgs:/autoware/install/autoware_cmake:/autoware/install/autoware_auto_mapping_msgs:/autoware/install/autoware_auto_geometry_msgs:/autoware/install/autoware_lint_common:/autoware/install/ament_cmake_auto:${AMENT_PREFIX_PATH} CMAKE_PREFIX_PATH=/autoware/install/compare_map_segmentation:/autoware/install/pointcloud_preprocessor:/autoware/install/tier4_autoware_utils:/autoware/install/tier4_perception_msgs:/autoware/install/lanelet2_extension:/autoware/install/autoware_auto_vehicle_msgs:/autoware/install/tier4_pcl_extensions:/autoware/install/autoware_utils:/autoware/install/autoware_point_types:/autoware/install/autoware_planning_msgs:/autoware/install/autoware_auto_planning_msgs:/autoware/install/autoware_auto_perception_msgs:/autoware/install/tier4_debug_msgs:/autoware/install/autoware_common_msgs:/autoware/install/autoware_cmake:/autoware/install/autoware_auto_mapping_msgs:/autoware/install/autoware_auto_geometry_msgs:/autoware/install/autoware_lint_common:/autoware/install/ament_cmake_auto:/opt/ros/humble LD_LIBRARY_PATH=/autoware/install/compare_map_segmentation/lib:/autoware/install/pointcloud_preprocessor/lib:/autoware/install/tier4_autoware_utils/lib:/autoware/install/tier4_perception_msgs/lib:/autoware/install/lanelet2_extension/lib:/autoware/install/autoware_auto_vehicle_msgs/lib:/autoware/install/tier4_pcl_extensions/lib:/autoware/install/autoware_utils/lib:/autoware/install/autoware_planning_msgs/lib:/autoware/install/autoware_auto_planning_msgs/lib:/autoware/install/autoware_auto_perception_msgs/lib:/autoware/install/tier4_debug_msgs/lib:/autoware/install/autoware_common_msgs/lib:/autoware/install/autoware_auto_mapping_msgs/lib:/autoware/install/autoware_auto_geometry_msgs/lib:${LD_LIBRARY_PATH} PYTHONPATH=/autoware/install/tier4_perception_msgs/local/lib/python3.10/dist-packages:/autoware/install/autoware_auto_vehicle_msgs/local/lib/python3.10/dist-packages:/autoware/install/autoware_planning_msgs/local/lib/python3.10/dist-packages:/autoware/install/autoware_auto_planning_msgs/local/lib/python3.10/dist-packages:/autoware/install/autoware_auto_perception_msgs/local/lib/python3.10/dist-packages:/autoware/install/tier4_debug_msgs/local/lib/python3.10/dist-packages:/autoware/install/autoware_common_msgs/local/lib/python3.10/dist-packages:/autoware/install/autoware_auto_mapping_msgs/local/lib/python3.10/dist-packages:/autoware/install/autoware_auto_geometry_msgs/local/lib/python3.10/dist-packages:${PYTHONPATH} /usr/bin/cmake --build /autoware/build/euclidean_cluster -- -j64 -l64
[14.677s] Invoking command in '/autoware/build/euclidean_cluster': AMENT_PREFIX_PATH=/autoware/install/compare_map_segmentation:/autoware/install/pointcloud_preprocessor:/autoware/install/tier4_autoware_utils:/autoware/install/tier4_perception_msgs:/autoware/install/lanelet2_extension:/autoware/install/autoware_auto_vehicle_msgs:/autoware/install/tier4_pcl_extensions:/autoware/install/autoware_utils:/autoware/install/autoware_point_types:/autoware/install/autoware_planning_msgs:/autoware/install/autoware_auto_planning_msgs:/autoware/install/autoware_auto_perception_msgs:/autoware/install/tier4_debug_msgs:/autoware/install/autoware_common_msgs:/autoware/install/autoware_cmake:/autoware/install/autoware_auto_mapping_msgs:/autoware/install/autoware_auto_geometry_msgs:/autoware/install/autoware_lint_common:/autoware/install/ament_cmake_auto:${AMENT_PREFIX_PATH} CMAKE_PREFIX_PATH=/autoware/install/compare_map_segmentation:/autoware/install/pointcloud_preprocessor:/autoware/install/tier4_autoware_utils:/autoware/install/tier4_perception_msgs:/autoware/install/lanelet2_extension:/autoware/install/autoware_auto_vehicle_msgs:/autoware/install/tier4_pcl_extensions:/autoware/install/autoware_utils:/autoware/install/autoware_point_types:/autoware/install/autoware_planning_msgs:/autoware/install/autoware_auto_planning_msgs:/autoware/install/autoware_auto_perception_msgs:/autoware/install/tier4_debug_msgs:/autoware/install/autoware_common_msgs:/autoware/install/autoware_cmake:/autoware/install/autoware_auto_mapping_msgs:/autoware/install/autoware_auto_geometry_msgs:/autoware/install/autoware_lint_common:/autoware/install/ament_cmake_auto:/opt/ros/humble LD_LIBRARY_PATH=/autoware/install/compare_map_segmentation/lib:/autoware/install/pointcloud_preprocessor/lib:/autoware/install/tier4_autoware_utils/lib:/autoware/install/tier4_perception_msgs/lib:/autoware/install/lanelet2_extension/lib:/autoware/install/autoware_auto_vehicle_msgs/lib:/autoware/install/tier4_pcl_extensions/lib:/autoware/install/autoware_utils/lib:/autoware/install/autoware_planning_msgs/lib:/autoware/install/autoware_auto_planning_msgs/lib:/autoware/install/autoware_auto_perception_msgs/lib:/autoware/install/tier4_debug_msgs/lib:/autoware/install/autoware_common_msgs/lib:/autoware/install/autoware_auto_mapping_msgs/lib:/autoware/install/autoware_auto_geometry_msgs/lib:${LD_LIBRARY_PATH} PYTHONPATH=/autoware/install/tier4_perception_msgs/local/lib/python3.10/dist-packages:/autoware/install/autoware_auto_vehicle_msgs/local/lib/python3.10/dist-packages:/autoware/install/autoware_planning_msgs/local/lib/python3.10/dist-packages:/autoware/install/autoware_auto_planning_msgs/local/lib/python3.10/dist-packages:/autoware/install/autoware_auto_perception_msgs/local/lib/python3.10/dist-packages:/autoware/install/tier4_debug_msgs/local/lib/python3.10/dist-packages:/autoware/install/autoware_common_msgs/local/lib/python3.10/dist-packages:/autoware/install/autoware_auto_mapping_msgs/local/lib/python3.10/dist-packages:/autoware/install/autoware_auto_geometry_msgs/local/lib/python3.10/dist-packages:${PYTHONPATH} /usr/bin/cmake --install /autoware/build/euclidean_cluster
[14.689s] -- Install configuration: "Release"
[14.690s] -- Execute custom install script
[14.691s] -- Up-to-date symlink: /autoware/install/euclidean_cluster/lib/euclidean_cluster/euclidean_cluster_node
[14.691s] -- Up-to-date symlink: /autoware/install/euclidean_cluster/lib/euclidean_cluster/voxel_grid_based_euclidean_cluster_node
[14.692s] -- Up-to-date symlink: /autoware/install/euclidean_cluster/include/euclidean_cluster/euclidean_cluster.hpp
[14.692s] -- Up-to-date symlink: /autoware/install/euclidean_cluster/include/euclidean_cluster/euclidean_cluster_interface.hpp
[14.692s] -- Up-to-date symlink: /autoware/install/euclidean_cluster/include/euclidean_cluster/utils.hpp
[14.692s] -- Up-to-date symlink: /autoware/install/euclidean_cluster/include/euclidean_cluster/voxel_grid_based_euclidean_cluster.hpp
[14.693s] -- Up-to-date symlink: /autoware/install/euclidean_cluster/share/euclidean_cluster/environment/library_path.sh
[14.693s] -- Up-to-date symlink: /autoware/install/euclidean_cluster/share/euclidean_cluster/environment/library_path.dsv
[14.693s] -- Up-to-date symlink: /autoware/install/euclidean_cluster/lib/libcluster_lib.so
[14.694s] -- Up-to-date symlink: /autoware/install/euclidean_cluster/lib/libeuclidean_cluster_node_core.so
[14.694s] -- Up-to-date symlink: /autoware/install/euclidean_cluster/lib/libvoxel_grid_based_euclidean_cluster_node_core.so
[14.695s] -- Up-to-date symlink: /autoware/install/euclidean_cluster/share/euclidean_cluster/launch/euclidean_cluster.launch.py
[14.695s] -- Up-to-date symlink: /autoware/install/euclidean_cluster/share/euclidean_cluster/launch/euclidean_cluster.launch.xml
[14.695s] -- Up-to-date symlink: /autoware/install/euclidean_cluster/share/euclidean_cluster/launch/voxel_grid_based_euclidean_cluster.launch.py
[14.695s] -- Up-to-date symlink: /autoware/install/euclidean_cluster/share/euclidean_cluster/launch/voxel_grid_based_euclidean_cluster.launch.xml
[14.696s] -- Up-to-date symlink: /autoware/install/euclidean_cluster/share/euclidean_cluster/config/compare_map.param.yaml
[14.696s] -- Up-to-date symlink: /autoware/install/euclidean_cluster/share/euclidean_cluster/config/euclidean_cluster.param.yaml
[14.696s] -- Up-to-date symlink: /autoware/install/euclidean_cluster/share/euclidean_cluster/config/outlier.param.yaml
[14.697s] -- Up-to-date symlink: /autoware/install/euclidean_cluster/share/euclidean_cluster/config/voxel_grid.param.yaml
[14.697s] -- Up-to-date symlink: /autoware/install/euclidean_cluster/share/euclidean_cluster/config/voxel_grid_based_euclidean_cluster.param.yaml
[14.697s] -- Up-to-date symlink: /autoware/install/euclidean_cluster/share/ament_index/resource_index/package_run_dependencies/euclidean_cluster
[14.697s] -- Up-to-date symlink: /autoware/install/euclidean_cluster/share/ament_index/resource_index/parent_prefix_path/euclidean_cluster
[14.698s] -- Up-to-date symlink: /autoware/install/euclidean_cluster/share/euclidean_cluster/environment/ament_prefix_path.sh
[14.698s] -- Up-to-date symlink: /autoware/install/euclidean_cluster/share/euclidean_cluster/environment/ament_prefix_path.dsv
[14.698s] -- Up-to-date symlink: /autoware/install/euclidean_cluster/share/euclidean_cluster/environment/path.sh
[14.699s] -- Up-to-date symlink: /autoware/install/euclidean_cluster/share/euclidean_cluster/environment/path.dsv
[14.699s] -- Up-to-date symlink: /autoware/install/euclidean_cluster/share/euclidean_cluster/local_setup.bash
[14.699s] -- Up-to-date symlink: /autoware/install/euclidean_cluster/share/euclidean_cluster/local_setup.sh
[14.699s] -- Up-to-date symlink: /autoware/install/euclidean_cluster/share/euclidean_cluster/local_setup.zsh
[14.700s] -- Up-to-date symlink: /autoware/install/euclidean_cluster/share/euclidean_cluster/local_setup.dsv
[14.700s] -- Symlinking: /autoware/install/euclidean_cluster/share/euclidean_cluster/package.dsv
[14.710s] -- Up-to-date symlink: /autoware/install/euclidean_cluster/share/ament_index/resource_index/packages/euclidean_cluster
[14.711s] -- Up-to-date symlink: /autoware/install/euclidean_cluster/share/ament_index/resource_index/rclcpp_components/euclidean_cluster
[14.711s] -- Up-to-date symlink: /autoware/install/euclidean_cluster/share/euclidean_cluster/cmake/ament_cmake_export_dependencies-extras.cmake
[14.711s] -- Up-to-date symlink: /autoware/install/euclidean_cluster/share/euclidean_cluster/cmake/ament_cmake_export_include_directories-extras.cmake
[14.712s] -- Up-to-date symlink: /autoware/install/euclidean_cluster/share/euclidean_cluster/cmake/ament_cmake_export_libraries-extras.cmake
[14.712s] -- Up-to-date symlink: /autoware/install/euclidean_cluster/share/euclidean_cluster/cmake/euclidean_clusterConfig.cmake
[14.712s] -- Up-to-date symlink: /autoware/install/euclidean_cluster/share/euclidean_cluster/cmake/euclidean_clusterConfig-version.cmake
[14.712s] -- Up-to-date symlink: /autoware/install/euclidean_cluster/share/euclidean_cluster/package.xml
[14.714s] Invoked command in '/autoware/build/euclidean_cluster' returned '0': AMENT_PREFIX_PATH=/autoware/install/compare_map_segmentation:/autoware/install/pointcloud_preprocessor:/autoware/install/tier4_autoware_utils:/autoware/install/tier4_perception_msgs:/autoware/install/lanelet2_extension:/autoware/install/autoware_auto_vehicle_msgs:/autoware/install/tier4_pcl_extensions:/autoware/install/autoware_utils:/autoware/install/autoware_point_types:/autoware/install/autoware_planning_msgs:/autoware/install/autoware_auto_planning_msgs:/autoware/install/autoware_auto_perception_msgs:/autoware/install/tier4_debug_msgs:/autoware/install/autoware_common_msgs:/autoware/install/autoware_cmake:/autoware/install/autoware_auto_mapping_msgs:/autoware/install/autoware_auto_geometry_msgs:/autoware/install/autoware_lint_common:/autoware/install/ament_cmake_auto:${AMENT_PREFIX_PATH} CMAKE_PREFIX_PATH=/autoware/install/compare_map_segmentation:/autoware/install/pointcloud_preprocessor:/autoware/install/tier4_autoware_utils:/autoware/install/tier4_perception_msgs:/autoware/install/lanelet2_extension:/autoware/install/autoware_auto_vehicle_msgs:/autoware/install/tier4_pcl_extensions:/autoware/install/autoware_utils:/autoware/install/autoware_point_types:/autoware/install/autoware_planning_msgs:/autoware/install/autoware_auto_planning_msgs:/autoware/install/autoware_auto_perception_msgs:/autoware/install/tier4_debug_msgs:/autoware/install/autoware_common_msgs:/autoware/install/autoware_cmake:/autoware/install/autoware_auto_mapping_msgs:/autoware/install/autoware_auto_geometry_msgs:/autoware/install/autoware_lint_common:/autoware/install/ament_cmake_auto:/opt/ros/humble LD_LIBRARY_PATH=/autoware/install/compare_map_segmentation/lib:/autoware/install/pointcloud_preprocessor/lib:/autoware/install/tier4_autoware_utils/lib:/autoware/install/tier4_perception_msgs/lib:/autoware/install/lanelet2_extension/lib:/autoware/install/autoware_auto_vehicle_msgs/lib:/autoware/install/tier4_pcl_extensions/lib:/autoware/install/autoware_utils/lib:/autoware/install/autoware_planning_msgs/lib:/autoware/install/autoware_auto_planning_msgs/lib:/autoware/install/autoware_auto_perception_msgs/lib:/autoware/install/tier4_debug_msgs/lib:/autoware/install/autoware_common_msgs/lib:/autoware/install/autoware_auto_mapping_msgs/lib:/autoware/install/autoware_auto_geometry_msgs/lib:${LD_LIBRARY_PATH} PYTHONPATH=/autoware/install/tier4_perception_msgs/local/lib/python3.10/dist-packages:/autoware/install/autoware_auto_vehicle_msgs/local/lib/python3.10/dist-packages:/autoware/install/autoware_planning_msgs/local/lib/python3.10/dist-packages:/autoware/install/autoware_auto_planning_msgs/local/lib/python3.10/dist-packages:/autoware/install/autoware_auto_perception_msgs/local/lib/python3.10/dist-packages:/autoware/install/tier4_debug_msgs/local/lib/python3.10/dist-packages:/autoware/install/autoware_common_msgs/local/lib/python3.10/dist-packages:/autoware/install/autoware_auto_mapping_msgs/local/lib/python3.10/dist-packages:/autoware/install/autoware_auto_geometry_msgs/local/lib/python3.10/dist-packages:${PYTHONPATH} /usr/bin/cmake --install /autoware/build/euclidean_cluster
