[0.135s] Invoking command in '/autoware/build/autoware_auto_system_msgs': AMENT_PREFIX_PATH=/autoware/install/ament_cmake_auto:${AMENT_PREFIX_PATH} CMAKE_PREFIX_PATH=/autoware/install/ament_cmake_auto:/opt/ros/humble /usr/bin/cmake --build /autoware/build/autoware_auto_system_msgs -- -j64 -l64
[0.296s] Consolidate compiler generated dependencies of target autoware_auto_system_msgs__rosidl_generator_c
[0.296s] [  1%] Built target autoware_auto_system_msgs__cpp
[0.296s] [  1%] Built target ament_cmake_python_symlink_autoware_auto_system_msgs
[0.296s] [ 12%] Built target autoware_auto_system_msgs__rosidl_generator_c
[0.296s] Consolidate compiler generated dependencies of target autoware_auto_system_msgs__rosidl_typesupport_cpp
[0.297s] Consolidate compiler generated dependencies of target autoware_auto_system_msgs__rosidl_typesupport_c
[0.297s] Consolidate compiler generated dependencies of target autoware_auto_system_msgs__rosidl_typesupport_introspection_cpp
[0.297s] Consolidate compiler generated dependencies of target autoware_auto_system_msgs__rosidl_typesupport_fastrtps_cpp
[0.297s] Consolidate compiler generated dependencies of target autoware_auto_system_msgs__rosidl_typesupport_introspection_c
[0.297s] Consolidate compiler generated dependencies of target autoware_auto_system_msgs__rosidl_typesupport_fastrtps_c
[0.297s] [ 24%] Built target autoware_auto_system_msgs__rosidl_typesupport_c
[0.297s] [ 35%] Built target autoware_auto_system_msgs__rosidl_typesupport_cpp
[0.297s] [ 46%] Built target autoware_auto_system_msgs__rosidl_typesupport_introspection_cpp
[0.297s] [ 69%] Built target autoware_auto_system_msgs__rosidl_typesupport_fastrtps_cpp
[0.298s] [ 69%] Built target autoware_auto_system_msgs__rosidl_typesupport_introspection_c
[0.298s] [ 81%] Built target autoware_auto_system_msgs__rosidl_typesupport_fastrtps_c
[0.298s] [ 81%] Built target autoware_auto_system_msgs
[0.298s] [ 82%] Built target autoware_auto_system_msgs__py
[0.311s] Consolidate compiler generated dependencies of target autoware_auto_system_msgs__rosidl_generator_py
[0.314s] [ 92%] Built target autoware_auto_system_msgs__rosidl_generator_py
[0.330s] Consolidate compiler generated dependencies of target autoware_auto_system_msgs__rosidl_typesupport_introspection_c__pyext
[0.330s] Consolidate compiler generated dependencies of target autoware_auto_system_msgs__rosidl_typesupport_fastrtps_c__pyext
[0.332s] Consolidate compiler generated dependencies of target autoware_auto_system_msgs__rosidl_typesupport_c__pyext
[0.342s] [ 94%] Built target autoware_auto_system_msgs__rosidl_typesupport_introspection_c__pyext
[0.344s] [ 97%] Built target autoware_auto_system_msgs__rosidl_typesupport_fastrtps_c__pyext
[0.348s] [100%] Built target autoware_auto_system_msgs__rosidl_typesupport_c__pyext
[0.546s] running egg_info
[0.546s] writing autoware_auto_system_msgs.egg-info/PKG-INFO
[0.546s] writing dependency_links to autoware_auto_system_msgs.egg-info/dependency_links.txt
[0.547s] writing top-level names to autoware_auto_system_msgs.egg-info/top_level.txt
[0.547s] reading manifest file 'autoware_auto_system_msgs.egg-info/SOURCES.txt'
[0.547s] writing manifest file 'autoware_auto_system_msgs.egg-info/SOURCES.txt'
[0.569s] [100%] Built target ament_cmake_python_build_autoware_auto_system_msgs_egg
[0.571s] Invoked command in '/autoware/build/autoware_auto_system_msgs' returned '0': AMENT_PREFIX_PATH=/autoware/install/ament_cmake_auto:${AMENT_PREFIX_PATH} CMAKE_PREFIX_PATH=/autoware/install/ament_cmake_auto:/opt/ros/humble /usr/bin/cmake --build /autoware/build/autoware_auto_system_msgs -- -j64 -l64
[0.715s] Invoking command in '/autoware/build/autoware_auto_system_msgs': AMENT_PREFIX_PATH=/autoware/install/ament_cmake_auto:${AMENT_PREFIX_PATH} CMAKE_PREFIX_PATH=/autoware/install/ament_cmake_auto:/opt/ros/humble /usr/bin/cmake --install /autoware/build/autoware_auto_system_msgs
[0.743s] -- Install configuration: "Release"
[0.744s] -- Execute custom install script
[0.744s] -- Up-to-date symlink: /autoware/install/autoware_auto_system_msgs/share/ament_index/resource_index/rosidl_interfaces/autoware_auto_system_msgs
[0.745s] -- Up-to-date symlink: /autoware/install/autoware_auto_system_msgs/include/autoware_auto_system_msgs/autoware_auto_system_msgs/msg/autoware_state.h
[0.745s] -- Up-to-date symlink: /autoware/install/autoware_auto_system_msgs/include/autoware_auto_system_msgs/autoware_auto_system_msgs/msg/control_diagnostic.h
[0.745s] -- Up-to-date symlink: /autoware/install/autoware_auto_system_msgs/include/autoware_auto_system_msgs/autoware_auto_system_msgs/msg/detail/autoware_state__functions.h
[0.745s] -- Up-to-date symlink: /autoware/install/autoware_auto_system_msgs/include/autoware_auto_system_msgs/autoware_auto_system_msgs/msg/detail/autoware_state__struct.h
[0.745s] -- Up-to-date symlink: /autoware/install/autoware_auto_system_msgs/include/autoware_auto_system_msgs/autoware_auto_system_msgs/msg/detail/autoware_state__type_support.h
[0.746s] -- Up-to-date symlink: /autoware/install/autoware_auto_system_msgs/include/autoware_auto_system_msgs/autoware_auto_system_msgs/msg/detail/control_diagnostic__functions.h
[0.746s] -- Up-to-date symlink: /autoware/install/autoware_auto_system_msgs/include/autoware_auto_system_msgs/autoware_auto_system_msgs/msg/detail/control_diagnostic__struct.h
[0.746s] -- Up-to-date symlink: /autoware/install/autoware_auto_system_msgs/include/autoware_auto_system_msgs/autoware_auto_system_msgs/msg/detail/control_diagnostic__type_support.h
[0.746s] -- Up-to-date symlink: /autoware/install/autoware_auto_system_msgs/include/autoware_auto_system_msgs/autoware_auto_system_msgs/msg/detail/diagnostic_header__functions.h
[0.747s] -- Up-to-date symlink: /autoware/install/autoware_auto_system_msgs/include/autoware_auto_system_msgs/autoware_auto_system_msgs/msg/detail/diagnostic_header__struct.h
[0.747s] -- Up-to-date symlink: /autoware/install/autoware_auto_system_msgs/include/autoware_auto_system_msgs/autoware_auto_system_msgs/msg/detail/diagnostic_header__type_support.h
[0.747s] -- Up-to-date symlink: /autoware/install/autoware_auto_system_msgs/include/autoware_auto_system_msgs/autoware_auto_system_msgs/msg/detail/driving_capability__functions.h
[0.747s] -- Up-to-date symlink: /autoware/install/autoware_auto_system_msgs/include/autoware_auto_system_msgs/autoware_auto_system_msgs/msg/detail/driving_capability__struct.h
[0.747s] -- Up-to-date symlink: /autoware/install/autoware_auto_system_msgs/include/autoware_auto_system_msgs/autoware_auto_system_msgs/msg/detail/driving_capability__type_support.h
[0.747s] -- Up-to-date symlink: /autoware/install/autoware_auto_system_msgs/include/autoware_auto_system_msgs/autoware_auto_system_msgs/msg/detail/emergency_state__functions.h
[0.747s] -- Up-to-date symlink: /autoware/install/autoware_auto_system_msgs/include/autoware_auto_system_msgs/autoware_auto_system_msgs/msg/detail/emergency_state__struct.h
[0.747s] -- Up-to-date symlink: /autoware/install/autoware_auto_system_msgs/include/autoware_auto_system_msgs/autoware_auto_system_msgs/msg/detail/emergency_state__type_support.h
[0.747s] -- Up-to-date symlink: /autoware/install/autoware_auto_system_msgs/include/autoware_auto_system_msgs/autoware_auto_system_msgs/msg/detail/hazard_status__functions.h
[0.747s] -- Up-to-date symlink: /autoware/install/autoware_auto_system_msgs/include/autoware_auto_system_msgs/autoware_auto_system_msgs/msg/detail/hazard_status__struct.h
[0.748s] -- Up-to-date symlink: /autoware/install/autoware_auto_system_msgs/include/autoware_auto_system_msgs/autoware_auto_system_msgs/msg/detail/hazard_status__type_support.h
[0.748s] -- Up-to-date symlink: /autoware/install/autoware_auto_system_msgs/include/autoware_auto_system_msgs/autoware_auto_system_msgs/msg/detail/hazard_status_stamped__functions.h
[0.748s] -- Up-to-date symlink: /autoware/install/autoware_auto_system_msgs/include/autoware_auto_system_msgs/autoware_auto_system_msgs/msg/detail/hazard_status_stamped__struct.h
[0.748s] -- Up-to-date symlink: /autoware/install/autoware_auto_system_msgs/include/autoware_auto_system_msgs/autoware_auto_system_msgs/msg/detail/hazard_status_stamped__type_support.h
[0.748s] -- Up-to-date symlink: /autoware/install/autoware_auto_system_msgs/include/autoware_auto_system_msgs/autoware_auto_system_msgs/msg/diagnostic_header.h
[0.748s] -- Up-to-date symlink: /autoware/install/autoware_auto_system_msgs/include/autoware_auto_system_msgs/autoware_auto_system_msgs/msg/driving_capability.h
[0.748s] -- Up-to-date symlink: /autoware/install/autoware_auto_system_msgs/include/autoware_auto_system_msgs/autoware_auto_system_msgs/msg/emergency_state.h
[0.748s] -- Up-to-date symlink: /autoware/install/autoware_auto_system_msgs/include/autoware_auto_system_msgs/autoware_auto_system_msgs/msg/hazard_status.h
[0.748s] -- Up-to-date symlink: /autoware/install/autoware_auto_system_msgs/include/autoware_auto_system_msgs/autoware_auto_system_msgs/msg/hazard_status_stamped.h
[0.749s] -- Up-to-date symlink: /autoware/install/autoware_auto_system_msgs/include/autoware_auto_system_msgs/autoware_auto_system_msgs/msg/rosidl_generator_c__visibility_control.h
[0.754s] -- Up-to-date symlink: /autoware/install/autoware_auto_system_msgs/share/autoware_auto_system_msgs/environment/library_path.sh
[0.754s] -- Up-to-date symlink: /autoware/install/autoware_auto_system_msgs/share/autoware_auto_system_msgs/environment/library_path.dsv
[0.755s] -- Up-to-date symlink: /autoware/install/autoware_auto_system_msgs/include/autoware_auto_system_msgs/autoware_auto_system_msgs/msg/detail/autoware_state__rosidl_typesupport_fastrtps_c.h
[0.755s] -- Up-to-date symlink: /autoware/install/autoware_auto_system_msgs/include/autoware_auto_system_msgs/autoware_auto_system_msgs/msg/detail/control_diagnostic__rosidl_typesupport_fastrtps_c.h
[0.755s] -- Up-to-date symlink: /autoware/install/autoware_auto_system_msgs/include/autoware_auto_system_msgs/autoware_auto_system_msgs/msg/detail/diagnostic_header__rosidl_typesupport_fastrtps_c.h
[0.755s] -- Up-to-date symlink: /autoware/install/autoware_auto_system_msgs/include/autoware_auto_system_msgs/autoware_auto_system_msgs/msg/detail/driving_capability__rosidl_typesupport_fastrtps_c.h
[0.755s] -- Up-to-date symlink: /autoware/install/autoware_auto_system_msgs/include/autoware_auto_system_msgs/autoware_auto_system_msgs/msg/detail/emergency_state__rosidl_typesupport_fastrtps_c.h
[0.755s] -- Up-to-date symlink: /autoware/install/autoware_auto_system_msgs/include/autoware_auto_system_msgs/autoware_auto_system_msgs/msg/detail/hazard_status__rosidl_typesupport_fastrtps_c.h
[0.755s] -- Up-to-date symlink: /autoware/install/autoware_auto_system_msgs/include/autoware_auto_system_msgs/autoware_auto_system_msgs/msg/detail/hazard_status_stamped__rosidl_typesupport_fastrtps_c.h
[0.755s] -- Up-to-date symlink: /autoware/install/autoware_auto_system_msgs/include/autoware_auto_system_msgs/autoware_auto_system_msgs/msg/rosidl_typesupport_fastrtps_c__visibility_control.h
[0.760s] -- Up-to-date symlink: /autoware/install/autoware_auto_system_msgs/include/autoware_auto_system_msgs/autoware_auto_system_msgs/msg/detail/autoware_state__rosidl_typesupport_introspection_c.h
[0.760s] -- Up-to-date symlink: /autoware/install/autoware_auto_system_msgs/include/autoware_auto_system_msgs/autoware_auto_system_msgs/msg/detail/control_diagnostic__rosidl_typesupport_introspection_c.h
[0.760s] -- Up-to-date symlink: /autoware/install/autoware_auto_system_msgs/include/autoware_auto_system_msgs/autoware_auto_system_msgs/msg/detail/diagnostic_header__rosidl_typesupport_introspection_c.h
[0.761s] -- Up-to-date symlink: /autoware/install/autoware_auto_system_msgs/include/autoware_auto_system_msgs/autoware_auto_system_msgs/msg/detail/driving_capability__rosidl_typesupport_introspection_c.h
[0.761s] -- Up-to-date symlink: /autoware/install/autoware_auto_system_msgs/include/autoware_auto_system_msgs/autoware_auto_system_msgs/msg/detail/emergency_state__rosidl_typesupport_introspection_c.h
[0.761s] -- Up-to-date symlink: /autoware/install/autoware_auto_system_msgs/include/autoware_auto_system_msgs/autoware_auto_system_msgs/msg/detail/hazard_status__rosidl_typesupport_introspection_c.h
[0.761s] -- Up-to-date symlink: /autoware/install/autoware_auto_system_msgs/include/autoware_auto_system_msgs/autoware_auto_system_msgs/msg/detail/hazard_status_stamped__rosidl_typesupport_introspection_c.h
[0.762s] -- Up-to-date symlink: /autoware/install/autoware_auto_system_msgs/include/autoware_auto_system_msgs/autoware_auto_system_msgs/msg/rosidl_typesupport_introspection_c__visibility_control.h
[0.763s] -- Up-to-date symlink: /autoware/install/autoware_auto_system_msgs/include/autoware_auto_system_msgs/autoware_auto_system_msgs/msg/autoware_state.hpp
[0.767s] -- Up-to-date symlink: /autoware/install/autoware_auto_system_msgs/include/autoware_auto_system_msgs/autoware_auto_system_msgs/msg/control_diagnostic.hpp
[0.767s] -- Up-to-date symlink: /autoware/install/autoware_auto_system_msgs/include/autoware_auto_system_msgs/autoware_auto_system_msgs/msg/detail/autoware_state__builder.hpp
[0.768s] -- Up-to-date symlink: /autoware/install/autoware_auto_system_msgs/include/autoware_auto_system_msgs/autoware_auto_system_msgs/msg/detail/autoware_state__struct.hpp
[0.768s] -- Up-to-date symlink: /autoware/install/autoware_auto_system_msgs/include/autoware_auto_system_msgs/autoware_auto_system_msgs/msg/detail/autoware_state__traits.hpp
[0.769s] -- Up-to-date symlink: /autoware/install/autoware_auto_system_msgs/include/autoware_auto_system_msgs/autoware_auto_system_msgs/msg/detail/control_diagnostic__builder.hpp
[0.769s] -- Up-to-date symlink: /autoware/install/autoware_auto_system_msgs/include/autoware_auto_system_msgs/autoware_auto_system_msgs/msg/detail/control_diagnostic__struct.hpp
[0.769s] -- Up-to-date symlink: /autoware/install/autoware_auto_system_msgs/include/autoware_auto_system_msgs/autoware_auto_system_msgs/msg/detail/control_diagnostic__traits.hpp
[0.769s] -- Up-to-date symlink: /autoware/install/autoware_auto_system_msgs/include/autoware_auto_system_msgs/autoware_auto_system_msgs/msg/detail/diagnostic_header__builder.hpp
[0.770s] -- Up-to-date symlink: /autoware/install/autoware_auto_system_msgs/include/autoware_auto_system_msgs/autoware_auto_system_msgs/msg/detail/diagnostic_header__struct.hpp
[0.770s] -- Up-to-date symlink: /autoware/install/autoware_auto_system_msgs/include/autoware_auto_system_msgs/autoware_auto_system_msgs/msg/detail/diagnostic_header__traits.hpp
[0.770s] -- Up-to-date symlink: /autoware/install/autoware_auto_system_msgs/include/autoware_auto_system_msgs/autoware_auto_system_msgs/msg/detail/driving_capability__builder.hpp
[0.771s] -- Up-to-date symlink: /autoware/install/autoware_auto_system_msgs/include/autoware_auto_system_msgs/autoware_auto_system_msgs/msg/detail/driving_capability__struct.hpp
[0.771s] -- Up-to-date symlink: /autoware/install/autoware_auto_system_msgs/include/autoware_auto_system_msgs/autoware_auto_system_msgs/msg/detail/driving_capability__traits.hpp
[0.771s] -- Up-to-date symlink: /autoware/install/autoware_auto_system_msgs/include/autoware_auto_system_msgs/autoware_auto_system_msgs/msg/detail/emergency_state__builder.hpp
[0.772s] -- Up-to-date symlink: /autoware/install/autoware_auto_system_msgs/include/autoware_auto_system_msgs/autoware_auto_system_msgs/msg/detail/emergency_state__struct.hpp
[0.772s] -- Up-to-date symlink: /autoware/install/autoware_auto_system_msgs/include/autoware_auto_system_msgs/autoware_auto_system_msgs/msg/detail/emergency_state__traits.hpp
[0.773s] -- Up-to-date symlink: /autoware/install/autoware_auto_system_msgs/include/autoware_auto_system_msgs/autoware_auto_system_msgs/msg/detail/hazard_status__builder.hpp
[0.773s] -- Up-to-date symlink: /autoware/install/autoware_auto_system_msgs/include/autoware_auto_system_msgs/autoware_auto_system_msgs/msg/detail/hazard_status__struct.hpp
[0.776s] -- Up-to-date symlink: /autoware/install/autoware_auto_system_msgs/include/autoware_auto_system_msgs/autoware_auto_system_msgs/msg/detail/hazard_status__traits.hpp
[0.776s] -- Up-to-date symlink: /autoware/install/autoware_auto_system_msgs/include/autoware_auto_system_msgs/autoware_auto_system_msgs/msg/detail/hazard_status_stamped__builder.hpp
[0.776s] -- Up-to-date symlink: /autoware/install/autoware_auto_system_msgs/include/autoware_auto_system_msgs/autoware_auto_system_msgs/msg/detail/hazard_status_stamped__struct.hpp
[0.782s] -- Up-to-date symlink: /autoware/install/autoware_auto_system_msgs/include/autoware_auto_system_msgs/autoware_auto_system_msgs/msg/detail/hazard_status_stamped__traits.hpp
[0.782s] -- Up-to-date symlink: /autoware/install/autoware_auto_system_msgs/include/autoware_auto_system_msgs/autoware_auto_system_msgs/msg/diagnostic_header.hpp
[0.783s] -- Up-to-date symlink: /autoware/install/autoware_auto_system_msgs/include/autoware_auto_system_msgs/autoware_auto_system_msgs/msg/driving_capability.hpp
[0.783s] -- Up-to-date symlink: /autoware/install/autoware_auto_system_msgs/include/autoware_auto_system_msgs/autoware_auto_system_msgs/msg/emergency_state.hpp
[0.783s] -- Up-to-date symlink: /autoware/install/autoware_auto_system_msgs/include/autoware_auto_system_msgs/autoware_auto_system_msgs/msg/hazard_status.hpp
[0.784s] -- Up-to-date symlink: /autoware/install/autoware_auto_system_msgs/include/autoware_auto_system_msgs/autoware_auto_system_msgs/msg/hazard_status_stamped.hpp
[0.786s] -- Up-to-date symlink: /autoware/install/autoware_auto_system_msgs/include/autoware_auto_system_msgs/autoware_auto_system_msgs/msg/detail/autoware_state__rosidl_typesupport_fastrtps_cpp.hpp
[0.786s] -- Up-to-date symlink: /autoware/install/autoware_auto_system_msgs/include/autoware_auto_system_msgs/autoware_auto_system_msgs/msg/detail/control_diagnostic__rosidl_typesupport_fastrtps_cpp.hpp
[0.786s] -- Up-to-date symlink: /autoware/install/autoware_auto_system_msgs/include/autoware_auto_system_msgs/autoware_auto_system_msgs/msg/detail/diagnostic_header__rosidl_typesupport_fastrtps_cpp.hpp
[0.786s] -- Up-to-date symlink: /autoware/install/autoware_auto_system_msgs/include/autoware_auto_system_msgs/autoware_auto_system_msgs/msg/detail/driving_capability__rosidl_typesupport_fastrtps_cpp.hpp
[0.791s] -- Up-to-date symlink: /autoware/install/autoware_auto_system_msgs/include/autoware_auto_system_msgs/autoware_auto_system_msgs/msg/detail/emergency_state__rosidl_typesupport_fastrtps_cpp.hpp
[0.791s] -- Up-to-date symlink: /autoware/install/autoware_auto_system_msgs/include/autoware_auto_system_msgs/autoware_auto_system_msgs/msg/detail/hazard_status__rosidl_typesupport_fastrtps_cpp.hpp
[0.791s] -- Up-to-date symlink: /autoware/install/autoware_auto_system_msgs/include/autoware_auto_system_msgs/autoware_auto_system_msgs/msg/detail/hazard_status_stamped__rosidl_typesupport_fastrtps_cpp.hpp
[0.792s] -- Up-to-date symlink: /autoware/install/autoware_auto_system_msgs/include/autoware_auto_system_msgs/autoware_auto_system_msgs/msg/rosidl_typesupport_fastrtps_cpp__visibility_control.h
[0.792s] -- Up-to-date symlink: /autoware/install/autoware_auto_system_msgs/include/autoware_auto_system_msgs/autoware_auto_system_msgs/msg/detail/autoware_state__rosidl_typesupport_introspection_cpp.hpp
[0.793s] -- Up-to-date symlink: /autoware/install/autoware_auto_system_msgs/include/autoware_auto_system_msgs/autoware_auto_system_msgs/msg/detail/control_diagnostic__rosidl_typesupport_introspection_cpp.hpp
[0.793s] -- Up-to-date symlink: /autoware/install/autoware_auto_system_msgs/include/autoware_auto_system_msgs/autoware_auto_system_msgs/msg/detail/diagnostic_header__rosidl_typesupport_introspection_cpp.hpp
[0.793s] -- Up-to-date symlink: /autoware/install/autoware_auto_system_msgs/include/autoware_auto_system_msgs/autoware_auto_system_msgs/msg/detail/driving_capability__rosidl_typesupport_introspection_cpp.hpp
[0.794s] -- Up-to-date symlink: /autoware/install/autoware_auto_system_msgs/include/autoware_auto_system_msgs/autoware_auto_system_msgs/msg/detail/emergency_state__rosidl_typesupport_introspection_cpp.hpp
[0.798s] -- Up-to-date symlink: /autoware/install/autoware_auto_system_msgs/include/autoware_auto_system_msgs/autoware_auto_system_msgs/msg/detail/hazard_status__rosidl_typesupport_introspection_cpp.hpp
[0.798s] -- Up-to-date symlink: /autoware/install/autoware_auto_system_msgs/include/autoware_auto_system_msgs/autoware_auto_system_msgs/msg/detail/hazard_status_stamped__rosidl_typesupport_introspection_cpp.hpp
[0.798s] -- Up-to-date symlink: /autoware/install/autoware_auto_system_msgs/share/autoware_auto_system_msgs/environment/pythonpath.sh
[0.799s] -- Up-to-date symlink: /autoware/install/autoware_auto_system_msgs/share/autoware_auto_system_msgs/environment/pythonpath.dsv
[0.799s] -- Up-to-date symlink: /autoware/install/autoware_auto_system_msgs/local/lib/python3.10/dist-packages/autoware_auto_system_msgs-1.0.0-py3.10.egg-info/PKG-INFO
[0.799s] -- Up-to-date symlink: /autoware/install/autoware_auto_system_msgs/local/lib/python3.10/dist-packages/autoware_auto_system_msgs-1.0.0-py3.10.egg-info/SOURCES.txt
[0.800s] -- Up-to-date symlink: /autoware/install/autoware_auto_system_msgs/local/lib/python3.10/dist-packages/autoware_auto_system_msgs-1.0.0-py3.10.egg-info/dependency_links.txt
[0.800s] -- Up-to-date symlink: /autoware/install/autoware_auto_system_msgs/local/lib/python3.10/dist-packages/autoware_auto_system_msgs-1.0.0-py3.10.egg-info/top_level.txt
[0.806s] -- Up-to-date symlink: /autoware/install/autoware_auto_system_msgs/local/lib/python3.10/dist-packages/autoware_auto_system_msgs/__init__.py
[0.806s] -- Up-to-date symlink: /autoware/install/autoware_auto_system_msgs/local/lib/python3.10/dist-packages/autoware_auto_system_msgs/_autoware_auto_system_msgs_s.ep.rosidl_typesupport_c.c
[0.806s] -- Up-to-date symlink: /autoware/install/autoware_auto_system_msgs/local/lib/python3.10/dist-packages/autoware_auto_system_msgs/_autoware_auto_system_msgs_s.ep.rosidl_typesupport_fastrtps_c.c
[0.806s] -- Up-to-date symlink: /autoware/install/autoware_auto_system_msgs/local/lib/python3.10/dist-packages/autoware_auto_system_msgs/_autoware_auto_system_msgs_s.ep.rosidl_typesupport_introspection_c.c
[0.806s] -- Up-to-date symlink: /autoware/install/autoware_auto_system_msgs/local/lib/python3.10/dist-packages/autoware_auto_system_msgs/autoware_auto_system_msgs_s__rosidl_typesupport_c.cpython-310-x86_64-linux-gnu.so
[0.807s] -- Up-to-date symlink: /autoware/install/autoware_auto_system_msgs/local/lib/python3.10/dist-packages/autoware_auto_system_msgs/autoware_auto_system_msgs_s__rosidl_typesupport_fastrtps_c.cpython-310-x86_64-linux-gnu.so
[0.807s] -- Up-to-date symlink: /autoware/install/autoware_auto_system_msgs/local/lib/python3.10/dist-packages/autoware_auto_system_msgs/autoware_auto_system_msgs_s__rosidl_typesupport_introspection_c.cpython-310-x86_64-linux-gnu.so
[0.807s] -- Up-to-date symlink: /autoware/install/autoware_auto_system_msgs/local/lib/python3.10/dist-packages/autoware_auto_system_msgs/libautoware_auto_system_msgs__rosidl_generator_py.so
[0.807s] -- Up-to-date symlink: /autoware/install/autoware_auto_system_msgs/local/lib/python3.10/dist-packages/autoware_auto_system_msgs/msg/__init__.py
[0.808s] -- Up-to-date symlink: /autoware/install/autoware_auto_system_msgs/local/lib/python3.10/dist-packages/autoware_auto_system_msgs/msg/_autoware_state.py
[0.808s] -- Up-to-date symlink: /autoware/install/autoware_auto_system_msgs/local/lib/python3.10/dist-packages/autoware_auto_system_msgs/msg/_autoware_state_s.c
[0.808s] -- Up-to-date symlink: /autoware/install/autoware_auto_system_msgs/local/lib/python3.10/dist-packages/autoware_auto_system_msgs/msg/_control_diagnostic.py
[0.808s] -- Up-to-date symlink: /autoware/install/autoware_auto_system_msgs/local/lib/python3.10/dist-packages/autoware_auto_system_msgs/msg/_control_diagnostic_s.c
[0.808s] -- Up-to-date symlink: /autoware/install/autoware_auto_system_msgs/local/lib/python3.10/dist-packages/autoware_auto_system_msgs/msg/_diagnostic_header.py
[0.809s] -- Up-to-date symlink: /autoware/install/autoware_auto_system_msgs/local/lib/python3.10/dist-packages/autoware_auto_system_msgs/msg/_diagnostic_header_s.c
[0.809s] -- Up-to-date symlink: /autoware/install/autoware_auto_system_msgs/local/lib/python3.10/dist-packages/autoware_auto_system_msgs/msg/_driving_capability.py
[0.809s] -- Up-to-date symlink: /autoware/install/autoware_auto_system_msgs/local/lib/python3.10/dist-packages/autoware_auto_system_msgs/msg/_driving_capability_s.c
[0.810s] -- Up-to-date symlink: /autoware/install/autoware_auto_system_msgs/local/lib/python3.10/dist-packages/autoware_auto_system_msgs/msg/_emergency_state.py
[0.811s] -- Up-to-date symlink: /autoware/install/autoware_auto_system_msgs/local/lib/python3.10/dist-packages/autoware_auto_system_msgs/msg/_emergency_state_s.c
[0.811s] -- Up-to-date symlink: /autoware/install/autoware_auto_system_msgs/local/lib/python3.10/dist-packages/autoware_auto_system_msgs/msg/_hazard_status.py
[0.811s] -- Up-to-date symlink: /autoware/install/autoware_auto_system_msgs/local/lib/python3.10/dist-packages/autoware_auto_system_msgs/msg/_hazard_status_s.c
[0.812s] -- Up-to-date symlink: /autoware/install/autoware_auto_system_msgs/local/lib/python3.10/dist-packages/autoware_auto_system_msgs/msg/_hazard_status_stamped.py
[0.813s] -- Up-to-date symlink: /autoware/install/autoware_auto_system_msgs/local/lib/python3.10/dist-packages/autoware_auto_system_msgs/msg/_hazard_status_stamped_s.c
[0.813s] -- Up-to-date symlink: /autoware/install/autoware_auto_system_msgs/local/lib/python3.10/dist-packages/autoware_auto_system_msgs/autoware_auto_system_msgs_s__rosidl_typesupport_fastrtps_c.cpython-310-x86_64-linux-gnu.so
[0.814s] -- Up-to-date symlink: /autoware/install/autoware_auto_system_msgs/local/lib/python3.10/dist-packages/autoware_auto_system_msgs/autoware_auto_system_msgs_s__rosidl_typesupport_introspection_c.cpython-310-x86_64-linux-gnu.so
[0.814s] -- Up-to-date symlink: /autoware/install/autoware_auto_system_msgs/local/lib/python3.10/dist-packages/autoware_auto_system_msgs/autoware_auto_system_msgs_s__rosidl_typesupport_c.cpython-310-x86_64-linux-gnu.so
[0.814s] -- Up-to-date symlink: /autoware/install/autoware_auto_system_msgs/share/autoware_auto_system_msgs/msg/AutowareState.idl
[0.814s] -- Up-to-date symlink: /autoware/install/autoware_auto_system_msgs/share/autoware_auto_system_msgs/msg/ControlDiagnostic.idl
[0.815s] -- Up-to-date symlink: /autoware/install/autoware_auto_system_msgs/share/autoware_auto_system_msgs/msg/DiagnosticHeader.idl
[0.815s] -- Up-to-date symlink: /autoware/install/autoware_auto_system_msgs/share/autoware_auto_system_msgs/msg/DrivingCapability.idl
[0.815s] -- Up-to-date symlink: /autoware/install/autoware_auto_system_msgs/share/autoware_auto_system_msgs/msg/EmergencyState.idl
[0.816s] -- Up-to-date symlink: /autoware/install/autoware_auto_system_msgs/share/autoware_auto_system_msgs/msg/HazardStatus.idl
[0.816s] -- Up-to-date symlink: /autoware/install/autoware_auto_system_msgs/share/autoware_auto_system_msgs/msg/HazardStatusStamped.idl
[0.816s] -- Up-to-date symlink: /autoware/install/autoware_auto_system_msgs/share/ament_index/resource_index/package_run_dependencies/autoware_auto_system_msgs
[0.817s] -- Up-to-date symlink: /autoware/install/autoware_auto_system_msgs/share/ament_index/resource_index/parent_prefix_path/autoware_auto_system_msgs
[0.818s] -- Up-to-date symlink: /autoware/install/autoware_auto_system_msgs/share/autoware_auto_system_msgs/environment/ament_prefix_path.sh
[0.818s] -- Up-to-date symlink: /autoware/install/autoware_auto_system_msgs/share/autoware_auto_system_msgs/environment/ament_prefix_path.dsv
[0.819s] -- Up-to-date symlink: /autoware/install/autoware_auto_system_msgs/share/autoware_auto_system_msgs/environment/path.sh
[0.819s] -- Up-to-date symlink: /autoware/install/autoware_auto_system_msgs/share/autoware_auto_system_msgs/environment/path.dsv
[0.820s] -- Up-to-date symlink: /autoware/install/autoware_auto_system_msgs/share/autoware_auto_system_msgs/local_setup.bash
[0.820s] -- Up-to-date symlink: /autoware/install/autoware_auto_system_msgs/share/autoware_auto_system_msgs/local_setup.sh
[0.827s] -- Up-to-date symlink: /autoware/install/autoware_auto_system_msgs/share/autoware_auto_system_msgs/local_setup.zsh
[0.827s] -- Up-to-date symlink: /autoware/install/autoware_auto_system_msgs/share/autoware_auto_system_msgs/local_setup.dsv
[0.827s] -- Symlinking: /autoware/install/autoware_auto_system_msgs/share/autoware_auto_system_msgs/package.dsv
[0.836s] -- Up-to-date symlink: /autoware/install/autoware_auto_system_msgs/share/ament_index/resource_index/packages/autoware_auto_system_msgs
[0.836s] -- Up-to-date symlink: /autoware/install/autoware_auto_system_msgs/share/autoware_auto_system_msgs/cmake/rosidl_cmake-extras.cmake
[0.836s] -- Up-to-date symlink: /autoware/install/autoware_auto_system_msgs/share/autoware_auto_system_msgs/cmake/ament_cmake_export_dependencies-extras.cmake
[0.836s] -- Up-to-date symlink: /autoware/install/autoware_auto_system_msgs/share/autoware_auto_system_msgs/cmake/ament_cmake_export_include_directories-extras.cmake
[0.836s] -- Up-to-date symlink: /autoware/install/autoware_auto_system_msgs/share/autoware_auto_system_msgs/cmake/ament_cmake_export_libraries-extras.cmake
[0.837s] -- Up-to-date symlink: /autoware/install/autoware_auto_system_msgs/share/autoware_auto_system_msgs/cmake/ament_cmake_export_targets-extras.cmake
[0.837s] -- Up-to-date symlink: /autoware/install/autoware_auto_system_msgs/share/autoware_auto_system_msgs/cmake/rosidl_cmake_export_typesupport_targets-extras.cmake
[0.837s] -- Up-to-date symlink: /autoware/install/autoware_auto_system_msgs/share/autoware_auto_system_msgs/cmake/rosidl_cmake_export_typesupport_libraries-extras.cmake
[0.837s] -- Up-to-date symlink: /autoware/install/autoware_auto_system_msgs/share/autoware_auto_system_msgs/cmake/autoware_auto_system_msgsConfig.cmake
[0.837s] -- Up-to-date symlink: /autoware/install/autoware_auto_system_msgs/share/autoware_auto_system_msgs/cmake/autoware_auto_system_msgsConfig-version.cmake
[0.837s] -- Up-to-date symlink: /autoware/install/autoware_auto_system_msgs/share/autoware_auto_system_msgs/package.xml
[0.837s] -- Up-to-date: /autoware/install/autoware_auto_system_msgs/lib/libautoware_auto_system_msgs__rosidl_generator_c.so
[0.838s] -- Up-to-date: /autoware/install/autoware_auto_system_msgs/lib/libautoware_auto_system_msgs__rosidl_typesupport_fastrtps_c.so
[0.838s] -- Up-to-date: /autoware/install/autoware_auto_system_msgs/lib/libautoware_auto_system_msgs__rosidl_typesupport_introspection_c.so
[0.842s] -- Up-to-date: /autoware/install/autoware_auto_system_msgs/lib/libautoware_auto_system_msgs__rosidl_typesupport_c.so
[0.842s] -- Up-to-date: /autoware/install/autoware_auto_system_msgs/lib/libautoware_auto_system_msgs__rosidl_typesupport_fastrtps_cpp.so
[0.842s] -- Up-to-date: /autoware/install/autoware_auto_system_msgs/lib/libautoware_auto_system_msgs__rosidl_typesupport_introspection_cpp.so
[0.842s] -- Up-to-date: /autoware/install/autoware_auto_system_msgs/lib/libautoware_auto_system_msgs__rosidl_typesupport_cpp.so
[0.861s] Listing '/autoware/install/autoware_auto_system_msgs/local/lib/python3.10/dist-packages/autoware_auto_system_msgs'...
[0.861s] Listing '/autoware/install/autoware_auto_system_msgs/local/lib/python3.10/dist-packages/autoware_auto_system_msgs/msg'...
[0.861s] -- Up-to-date: /autoware/install/autoware_auto_system_msgs/lib/libautoware_auto_system_msgs__rosidl_generator_py.so
[0.861s] -- Up-to-date: /autoware/install/autoware_auto_system_msgs/share/autoware_auto_system_msgs/cmake/export_autoware_auto_system_msgs__rosidl_generator_cExport.cmake
[0.861s] -- Up-to-date: /autoware/install/autoware_auto_system_msgs/share/autoware_auto_system_msgs/cmake/export_autoware_auto_system_msgs__rosidl_generator_cExport-release.cmake
[0.861s] -- Up-to-date: /autoware/install/autoware_auto_system_msgs/share/autoware_auto_system_msgs/cmake/export_autoware_auto_system_msgs__rosidl_typesupport_fastrtps_cExport.cmake
[0.861s] -- Up-to-date: /autoware/install/autoware_auto_system_msgs/share/autoware_auto_system_msgs/cmake/export_autoware_auto_system_msgs__rosidl_typesupport_fastrtps_cExport-release.cmake
[0.861s] -- Up-to-date: /autoware/install/autoware_auto_system_msgs/share/autoware_auto_system_msgs/cmake/autoware_auto_system_msgs__rosidl_typesupport_introspection_cExport.cmake
[0.861s] -- Up-to-date: /autoware/install/autoware_auto_system_msgs/share/autoware_auto_system_msgs/cmake/autoware_auto_system_msgs__rosidl_typesupport_introspection_cExport-release.cmake
[0.861s] -- Up-to-date: /autoware/install/autoware_auto_system_msgs/share/autoware_auto_system_msgs/cmake/autoware_auto_system_msgs__rosidl_typesupport_cExport.cmake
[0.862s] -- Up-to-date: /autoware/install/autoware_auto_system_msgs/share/autoware_auto_system_msgs/cmake/autoware_auto_system_msgs__rosidl_typesupport_cExport-release.cmake
[0.862s] -- Up-to-date: /autoware/install/autoware_auto_system_msgs/share/autoware_auto_system_msgs/cmake/export_autoware_auto_system_msgs__rosidl_generator_cppExport.cmake
[0.862s] -- Up-to-date: /autoware/install/autoware_auto_system_msgs/share/autoware_auto_system_msgs/cmake/export_autoware_auto_system_msgs__rosidl_typesupport_fastrtps_cppExport.cmake
[0.862s] -- Up-to-date: /autoware/install/autoware_auto_system_msgs/share/autoware_auto_system_msgs/cmake/export_autoware_auto_system_msgs__rosidl_typesupport_fastrtps_cppExport-release.cmake
[0.862s] -- Up-to-date: /autoware/install/autoware_auto_system_msgs/share/autoware_auto_system_msgs/cmake/autoware_auto_system_msgs__rosidl_typesupport_introspection_cppExport.cmake
[0.862s] -- Up-to-date: /autoware/install/autoware_auto_system_msgs/share/autoware_auto_system_msgs/cmake/autoware_auto_system_msgs__rosidl_typesupport_introspection_cppExport-release.cmake
[0.862s] -- Up-to-date: /autoware/install/autoware_auto_system_msgs/share/autoware_auto_system_msgs/cmake/autoware_auto_system_msgs__rosidl_typesupport_cppExport.cmake
[0.862s] -- Up-to-date: /autoware/install/autoware_auto_system_msgs/share/autoware_auto_system_msgs/cmake/autoware_auto_system_msgs__rosidl_typesupport_cppExport-release.cmake
[0.862s] -- Up-to-date: /autoware/install/autoware_auto_system_msgs/share/autoware_auto_system_msgs/cmake/export_autoware_auto_system_msgs__rosidl_generator_pyExport.cmake
[0.862s] -- Up-to-date: /autoware/install/autoware_auto_system_msgs/share/autoware_auto_system_msgs/cmake/export_autoware_auto_system_msgs__rosidl_generator_pyExport-release.cmake
[0.865s] Invoked command in '/autoware/build/autoware_auto_system_msgs' returned '0': AMENT_PREFIX_PATH=/autoware/install/ament_cmake_auto:${AMENT_PREFIX_PATH} CMAKE_PREFIX_PATH=/autoware/install/ament_cmake_auto:/opt/ros/humble /usr/bin/cmake --install /autoware/build/autoware_auto_system_msgs
